
Getting suggestion for LL, Dmin...


Suggestion:     
                NAME          TYPE       VALUE
                ----          ----       -----
                LEU           float      0.334766    
                U1            float      0.435547    
                U2            float      0.185059    
                TEU           float      0.155078    
                LED           float      -0.209766   
                D1            float      0.378516    
                D2            float      0.440234    
                TED           float      0.287891    
Current time: 2017-04-29 23:21:55
Status: 1 pending, 0 complete.
ID(s) of pending job(s) for LL, Dmin: 1


Fitting GP to 1 data for LL task...
Fitting GP to 1 data for Dmin task...

Solving Multi-objective global optimization of posterior means!

Global Optimization finished. Size of the pareto set: 1 opt. 1 observed.


Getting suggestion for LL, Dmin...

Computing PESM for LL, Dmin
Optimizing PESM with L-BFGS (numerically estimating gradients)

Suggestion: task(s) LL,Dmin at location
                NAME          TYPE       VALUE
                ----          ----       -----
                LEU           float      0.493507    
                U1            float      0.175436    
                U2            float      0.231723    
                TEU           float      0.401121    
                LED           float      -0.117059   
                D1            float      0.368152    
                D2            float      0.400300    
                TED           float      0.116330    
Current time: 2017-04-29 23:22:26
Status: 1 pending, 1 complete.
ID(s) of pending job(s) for LL, Dmin: 2


Fitting GP to 2 data for LL task...
Fitting GP to 2 data for Dmin task...

Solving Multi-objective global optimization of posterior means!

Global Optimization finished. Size of the pareto set: 37 opt. 2 observed.


Getting suggestion for LL, Dmin...

Computing PESM for LL, Dmin
Optimizing PESM with L-BFGS (numerically estimating gradients)

Suggestion: task(s) LL,Dmin at location
                NAME          TYPE       VALUE
                ----          ----       -----
                LEU           float      0.164318    
                U1            float      0.257560    
                U2            float      0.354813    
                TEU           float      0.339693    
                LED           float      -0.268877   
                D1            float      0.206238    
                D2            float      0.267979    
                TED           float      0.266296    
Current time: 2017-04-29 23:22:58
Status: 1 pending, 2 complete.
ID(s) of pending job(s) for LL, Dmin: 3


Fitting GP to 3 data for LL task...
Fitting GP to 3 data for Dmin task...

Solving Multi-objective global optimization of posterior means!

Global Optimization finished. Size of the pareto set: 2 opt. 2 observed.


Getting suggestion for LL, Dmin...

Computing PESM for LL, Dmin
Optimizing PESM with L-BFGS (numerically estimating gradients)

Suggestion: task(s) LL,Dmin at location
                NAME          TYPE       VALUE
                ----          ----       -----
                LEU           float      0.204588    
                U1            float      0.306253    
                U2            float      0.092965    
                TEU           float      0.222886    
                LED           float      -0.419282   
                D1            float      0.427200    
                D2            float      0.250011    
                TED           float      0.363744    
Current time: 2017-04-29 23:23:35
Status: 1 pending, 3 complete.
ID(s) of pending job(s) for LL, Dmin: 4


Fitting GP to 4 data for LL task...
Fitting GP to 4 data for Dmin task...

Solving Multi-objective global optimization of posterior means!

Global Optimization finished. Size of the pareto set: 2 opt. 2 observed.


Getting suggestion for LL, Dmin...

Computing PESM for LL, Dmin
Optimizing PESM with L-BFGS (numerically estimating gradients)

Suggestion: task(s) LL,Dmin at location
                NAME          TYPE       VALUE
                ----          ----       -----
                LEU           float      0.125180    
                U1            float      0.277960    
                U2            float      0.280066    
                TEU           float      0.424326    
                LED           float      -0.362631   
                D1            float      0.352131    
                D2            float      0.164868    
                TED           float      0.108561    
Current time: 2017-04-29 23:24:07
Status: 1 pending, 4 complete.
ID(s) of pending job(s) for LL, Dmin: 5


Fitting GP to 5 data for LL task...
Fitting GP to 5 data for Dmin task...

Solving Multi-objective global optimization of posterior means!

Global Optimization finished. Size of the pareto set: 1 opt. 2 observed.


Getting suggestion for LL, Dmin...

Computing PESM for LL, Dmin
Optimizing PESM with L-BFGS (numerically estimating gradients)

Suggestion: task(s) LL,Dmin at location
                NAME          TYPE       VALUE
                ----          ----       -----
                LEU           float      0.164158    
                U1            float      0.168400    
                U2            float      0.071443    
                TEU           float      0.197714    
                LED           float      -0.342958   
                D1            float      0.159748    
                D2            float      0.482429    
                TED           float      0.142998    
Current time: 2017-04-29 23:24:40
Status: 1 pending, 5 complete.
ID(s) of pending job(s) for LL, Dmin: 6


Fitting GP to 6 data for LL task...
Fitting GP to 6 data for Dmin task...

Solving Multi-objective global optimization of posterior means!

Global Optimization finished. Size of the pareto set: 1 opt. 2 observed.


Getting suggestion for LL, Dmin...

Computing PESM for LL, Dmin
Optimizing PESM with L-BFGS (numerically estimating gradients)

Suggestion: task(s) LL,Dmin at location
                NAME          TYPE       VALUE
                ----          ----       -----
                LEU           float      0.218154    
                U1            float      0.358558    
                U2            float      0.492597    
                TEU           float      0.424941    
                LED           float      -0.475009   
                D1            float      0.318553    
                D2            float      0.237548    
                TED           float      0.230750    
Current time: 2017-04-29 23:25:13
Status: 1 pending, 6 complete.
ID(s) of pending job(s) for LL, Dmin: 7


Fitting GP to 7 data for LL task...
Fitting GP to 7 data for Dmin task...

Solving Multi-objective global optimization of posterior means!

Global Optimization finished. Size of the pareto set: 6 opt. 3 observed.


Getting suggestion for LL, Dmin...

Computing PESM for LL, Dmin
Optimizing PESM with L-BFGS (numerically estimating gradients)

Suggestion: task(s) LL,Dmin at location
                NAME          TYPE       VALUE
                ----          ----       -----
                LEU           float      0.453376    
                U1            float      0.391831    
                U2            float      0.336022    
                TEU           float      0.100790    
                LED           float      -0.115742   
                D1            float      0.237513    
                D2            float      0.317506    
                TED           float      0.455489    
Current time: 2017-04-29 23:25:47
Status: 1 pending, 7 complete.
ID(s) of pending job(s) for LL, Dmin: 8


Fitting GP to 8 data for LL task...
Fitting GP to 8 data for Dmin task...

Solving Multi-objective global optimization of posterior means!

Global Optimization finished. Size of the pareto set: 10 opt. 3 observed.


Getting suggestion for LL, Dmin...

Computing PESM for LL, Dmin
Optimizing PESM with L-BFGS (numerically estimating gradients)

Suggestion: task(s) LL,Dmin at location
                NAME          TYPE       VALUE
                ----          ----       -----
                LEU           float      0.283116    
                U1            float      0.131059    
                U2            float      0.383729    
                TEU           float      0.489886    
                LED           float      -0.359386   
                D1            float      0.287105    
                D2            float      0.316965    
                TED           float      0.103853    
Current time: 2017-04-29 23:26:18
Status: 1 pending, 8 complete.
ID(s) of pending job(s) for LL, Dmin: 9


Fitting GP to 9 data for LL task...
Fitting GP to 9 data for Dmin task...

Solving Multi-objective global optimization of posterior means!

Global Optimization finished. Size of the pareto set: 7 opt. 3 observed.


Getting suggestion for LL, Dmin...

Computing PESM for LL, Dmin
Optimizing PESM with L-BFGS (numerically estimating gradients)

Suggestion: task(s) LL,Dmin at location
                NAME          TYPE       VALUE
                ----          ----       -----
                LEU           float      0.203717    
                U1            float      0.217490    
                U2            float      0.340495    
                TEU           float      0.172926    
                LED           float      -0.371873   
                D1            float      0.254917    
                D2            float      0.145694    
                TED           float      0.492517    
Current time: 2017-04-29 23:27:02
Status: 1 pending, 9 complete.
ID(s) of pending job(s) for LL, Dmin: 10


Fitting GP to 10 data for LL task...
Fitting GP to 10 data for Dmin task...

Solving Multi-objective global optimization of posterior means!

Global Optimization finished. Size of the pareto set: 6 opt. 3 observed.


Getting suggestion for LL, Dmin...

Computing PESM for LL, Dmin
Optimizing PESM with L-BFGS (numerically estimating gradients)

Suggestion: task(s) LL,Dmin at location
                NAME          TYPE       VALUE
                ----          ----       -----
                LEU           float      0.199928    
                U1            float      0.282529    
                U2            float      0.454437    
                TEU           float      0.230479    
                LED           float      -0.219328   
                D1            float      0.414090    
                D2            float      0.200723    
                TED           float      0.170960    
Current time: 2017-04-29 23:27:46
Status: 1 pending, 10 complete.
ID(s) of pending job(s) for LL, Dmin: 11


Fitting GP to 11 data for LL task...
Fitting GP to 11 data for Dmin task...

Solving Multi-objective global optimization of posterior means!

Global Optimization finished. Size of the pareto set: 7 opt. 3 observed.


Getting suggestion for LL, Dmin...

Computing PESM for LL, Dmin
Optimizing PESM with L-BFGS (numerically estimating gradients)

Suggestion: task(s) LL,Dmin at location
                NAME          TYPE       VALUE
                ----          ----       -----
                LEU           float      0.302912    
                U1            float      0.372300    
                U2            float      0.404278    
                TEU           float      0.147907    
                LED           float      -0.381303   
                D1            float      0.119554    
                D2            float      0.167817    
                TED           float      0.149962    
Current time: 2017-04-29 23:28:19
Status: 1 pending, 11 complete.
ID(s) of pending job(s) for LL, Dmin: 12


Fitting GP to 12 data for LL task...
Fitting GP to 12 data for Dmin task...

Solving Multi-objective global optimization of posterior means!

Global Optimization finished. Size of the pareto set: 13 opt. 3 observed.


Getting suggestion for LL, Dmin...

Computing PESM for LL, Dmin
Optimizing PESM with L-BFGS (numerically estimating gradients)

Suggestion: task(s) LL,Dmin at location
                NAME          TYPE       VALUE
                ----          ----       -----
                LEU           float      0.271725    
                U1            float      0.472367    
                U2            float      0.453920    
                TEU           float      0.382257    
                LED           float      -0.183159   
                D1            float      0.206305    
                D2            float      0.368801    
                TED           float      0.399199    
Current time: 2017-04-29 23:28:59
Status: 1 pending, 12 complete.
ID(s) of pending job(s) for LL, Dmin: 13


Fitting GP to 13 data for LL task...
Fitting GP to 13 data for Dmin task...

Solving Multi-objective global optimization of posterior means!

Global Optimization finished. Size of the pareto set: 12 opt. 4 observed.


Getting suggestion for LL, Dmin...

Computing PESM for LL, Dmin
Optimizing PESM with L-BFGS (numerically estimating gradients)

Suggestion: task(s) LL,Dmin at location
                NAME          TYPE       VALUE
                ----          ----       -----
                LEU           float      0.414820    
                U1            float      0.310163    
                U2            float      0.474877    
                TEU           float      0.400295    
                LED           float      -0.449281   
                D1            float      0.393025    
                D2            float      0.443302    
                TED           float      0.355356    
Current time: 2017-04-29 23:29:40
Status: 1 pending, 13 complete.
ID(s) of pending job(s) for LL, Dmin: 14


Fitting GP to 14 data for LL task...
Fitting GP to 14 data for Dmin task...

Solving Multi-objective global optimization of posterior means!

Global Optimization finished. Size of the pareto set: 7 opt. 4 observed.


Getting suggestion for LL, Dmin...

Computing PESM for LL, Dmin
Optimizing PESM with L-BFGS (numerically estimating gradients)

Suggestion: task(s) LL,Dmin at location
                NAME          TYPE       VALUE
                ----          ----       -----
                LEU           float      0.464100    
                U1            float      0.436280    
                U2            float      0.487407    
                TEU           float      0.485531    
                LED           float      -0.128441   
                D1            float      0.106115    
                D2            float      0.409685    
                TED           float      0.171924    
Current time: 2017-04-29 23:30:15
Status: 1 pending, 14 complete.
ID(s) of pending job(s) for LL, Dmin: 15


Fitting GP to 15 data for LL task...
Fitting GP to 15 data for Dmin task...

Solving Multi-objective global optimization of posterior means!

Global Optimization finished. Size of the pareto set: 8 opt. 4 observed.


Getting suggestion for LL, Dmin...

Computing PESM for LL, Dmin
Optimizing PESM with L-BFGS (numerically estimating gradients)

Suggestion: task(s) LL,Dmin at location
                NAME          TYPE       VALUE
                ----          ----       -----
                LEU           float      0.418505    
                U1            float      0.475810    
                U2            float      0.400040    
                TEU           float      0.489974    
                LED           float      -0.115196   
                D1            float      0.382207    
                D2            float      0.269018    
                TED           float      0.421837    
Current time: 2017-04-29 23:30:54
Status: 1 pending, 15 complete.
ID(s) of pending job(s) for LL, Dmin: 16


Fitting GP to 16 data for LL task...
Fitting GP to 16 data for Dmin task...

Solving Multi-objective global optimization of posterior means!

Global Optimization finished. Size of the pareto set: 8 opt. 4 observed.


Getting suggestion for LL, Dmin...

Computing PESM for LL, Dmin
Optimizing PESM with L-BFGS (numerically estimating gradients)

Suggestion: task(s) LL,Dmin at location
                NAME          TYPE       VALUE
                ----          ----       -----
                LEU           float      0.416364    
                U1            float      0.477662    
                U2            float      0.278343    
                TEU           float      0.355945    
                LED           float      -0.145221   
                D1            float      0.467740    
                D2            float      0.173655    
                TED           float      0.327816    
Current time: 2017-04-29 23:31:28
Status: 1 pending, 16 complete.
ID(s) of pending job(s) for LL, Dmin: 17


Fitting GP to 17 data for LL task...
Fitting GP to 17 data for Dmin task...

Solving Multi-objective global optimization of posterior means!

Global Optimization finished. Size of the pareto set: 6 opt. 4 observed.


Getting suggestion for LL, Dmin...

Computing PESM for LL, Dmin
Optimizing PESM with L-BFGS (numerically estimating gradients)

Suggestion: task(s) LL,Dmin at location
                NAME          TYPE       VALUE
                ----          ----       -----
                LEU           float      0.407379    
                U1            float      0.478563    
                U2            float      0.436627    
                TEU           float      0.416118    
                LED           float      -0.385310   
                D1            float      0.272250    
                D2            float      0.240778    
                TED           float      0.167024    
Current time: 2017-04-29 23:32:05
Status: 1 pending, 17 complete.
ID(s) of pending job(s) for LL, Dmin: 18


Fitting GP to 18 data for LL task...
Fitting GP to 18 data for Dmin task...

Solving Multi-objective global optimization of posterior means!

Global Optimization finished. Size of the pareto set: 10 opt. 4 observed.


Getting suggestion for LL, Dmin...

Computing PESM for LL, Dmin
Optimizing PESM with L-BFGS (numerically estimating gradients)

Suggestion: task(s) LL,Dmin at location
                NAME          TYPE       VALUE
                ----          ----       -----
                LEU           float      0.463471    
                U1            float      0.218225    
                U2            float      0.354081    
                TEU           float      0.357176    
                LED           float      -0.447642   
                D1            float      0.253185    
                D2            float      0.112963    
                TED           float      0.112714    
Current time: 2017-04-29 23:32:40
Status: 1 pending, 18 complete.
ID(s) of pending job(s) for LL, Dmin: 19


Fitting GP to 19 data for LL task...
Fitting GP to 19 data for Dmin task...

Solving Multi-objective global optimization of posterior means!

Global Optimization finished. Size of the pareto set: 2 opt. 4 observed.


Getting suggestion for LL, Dmin...

Computing PESM for LL, Dmin
Optimizing PESM with L-BFGS (numerically estimating gradients)

Suggestion: task(s) LL,Dmin at location
                NAME          TYPE       VALUE
                ----          ----       -----
                LEU           float      0.340472    
                U1            float      0.452075    
                U2            float      0.382558    
                TEU           float      0.470434    
                LED           float      -0.245800   
                D1            float      0.219915    
                D2            float      0.101860    
                TED           float      0.323390    
Current time: 2017-04-29 23:33:11
Status: 1 pending, 19 complete.
ID(s) of pending job(s) for LL, Dmin: 20


Fitting GP to 20 data for LL task...
Fitting GP to 20 data for Dmin task...

Solving Multi-objective global optimization of posterior means!

Global Optimization finished. Size of the pareto set: 9 opt. 5 observed.


Getting suggestion for LL, Dmin...

Computing PESM for LL, Dmin
Optimizing PESM with L-BFGS (numerically estimating gradients)

Suggestion: task(s) LL,Dmin at location
                NAME          TYPE       VALUE
                ----          ----       -----
                LEU           float      0.489448    
                U1            float      0.448006    
                U2            float      0.414501    
                TEU           float      0.456124    
                LED           float      -0.430551   
                D1            float      0.201284    
                D2            float      0.147150    
                TED           float      0.442481    
Current time: 2017-04-29 23:33:45
Status: 1 pending, 20 complete.
ID(s) of pending job(s) for LL, Dmin: 21


Fitting GP to 21 data for LL task...
Fitting GP to 21 data for Dmin task...

Solving Multi-objective global optimization of posterior means!

Global Optimization finished. Size of the pareto set: 9 opt. 5 observed.


Getting suggestion for LL, Dmin...

Computing PESM for LL, Dmin
Optimizing PESM with L-BFGS (numerically estimating gradients)

Suggestion: task(s) LL,Dmin at location
                NAME          TYPE       VALUE
                ----          ----       -----
                LEU           float      0.236626    
                U1            float      0.433779    
                U2            float      0.460523    
                TEU           float      0.347849    
                LED           float      -0.478282   
                D1            float      0.452059    
                D2            float      0.107551    
                TED           float      0.226894    
Current time: 2017-04-29 23:34:20
Status: 1 pending, 21 complete.
ID(s) of pending job(s) for LL, Dmin: 22


Fitting GP to 22 data for LL task...
Fitting GP to 22 data for Dmin task...

Solving Multi-objective global optimization of posterior means!

Global Optimization finished. Size of the pareto set: 6 opt. 5 observed.


Getting suggestion for LL, Dmin...

Computing PESM for LL, Dmin
Optimizing PESM with L-BFGS (numerically estimating gradients)

Suggestion: task(s) LL,Dmin at location
                NAME          TYPE       VALUE
                ----          ----       -----
                LEU           float      0.246426    
                U1            float      0.364021    
                U2            float      0.403994    
                TEU           float      0.482042    
                LED           float      -0.159631   
                D1            float      0.270632    
                D2            float      0.105428    
                TED           float      0.139254    
Current time: 2017-04-29 23:34:53
Status: 1 pending, 22 complete.
ID(s) of pending job(s) for LL, Dmin: 23


Fitting GP to 23 data for LL task...
Fitting GP to 23 data for Dmin task...

Solving Multi-objective global optimization of posterior means!

Global Optimization finished. Size of the pareto set: 7 opt. 4 observed.


Getting suggestion for LL, Dmin...

Computing PESM for LL, Dmin
Optimizing PESM with L-BFGS (numerically estimating gradients)

Suggestion: task(s) LL,Dmin at location
                NAME          TYPE       VALUE
                ----          ----       -----
                LEU           float      0.399596    
                U1            float      0.112062    
                U2            float      0.417952    
                TEU           float      0.411621    
                LED           float      -0.174778   
                D1            float      0.215929    
                D2            float      0.228121    
                TED           float      0.423153    
Current time: 2017-04-29 23:35:29
Status: 1 pending, 23 complete.
ID(s) of pending job(s) for LL, Dmin: 24


Fitting GP to 24 data for LL task...
Fitting GP to 24 data for Dmin task...

Solving Multi-objective global optimization of posterior means!

Global Optimization finished. Size of the pareto set: 10 opt. 4 observed.


Getting suggestion for LL, Dmin...

Computing PESM for LL, Dmin
Optimizing PESM with L-BFGS (numerically estimating gradients)

Suggestion: task(s) LL,Dmin at location
                NAME          TYPE       VALUE
                ----          ----       -----
                LEU           float      0.475177    
                U1            float      0.452627    
                U2            float      0.024019    
                TEU           float      0.445714    
                LED           float      -0.196263   
                D1            float      0.171445    
                D2            float      0.158872    
                TED           float      0.139394    
Current time: 2017-04-29 23:36:09
Status: 1 pending, 24 complete.
ID(s) of pending job(s) for LL, Dmin: 25


Fitting GP to 25 data for LL task...
Fitting GP to 25 data for Dmin task...

Solving Multi-objective global optimization of posterior means!

Global Optimization finished. Size of the pareto set: 13 opt. 4 observed.


Getting suggestion for LL, Dmin...

Computing PESM for LL, Dmin
Optimizing PESM with L-BFGS (numerically estimating gradients)

Suggestion: task(s) LL,Dmin at location
                NAME          TYPE       VALUE
                ----          ----       -----
                LEU           float      0.423351    
                U1            float      0.425174    
                U2            float      0.110524    
                TEU           float      0.472656    
                LED           float      -0.499254   
                D1            float      0.246267    
                D2            float      0.122039    
                TED           float      0.294632    
Current time: 2017-04-29 23:36:46
Status: 1 pending, 25 complete.
ID(s) of pending job(s) for LL, Dmin: 26


Fitting GP to 26 data for LL task...
Fitting GP to 26 data for Dmin task...

Solving Multi-objective global optimization of posterior means!

Global Optimization finished. Size of the pareto set: 29 opt. 4 observed.


Getting suggestion for LL, Dmin...

Computing PESM for LL, Dmin
Optimizing PESM with L-BFGS (numerically estimating gradients)

Suggestion: task(s) LL,Dmin at location
                NAME          TYPE       VALUE
                ----          ----       -----
                LEU           float      0.414438    
                U1            float      0.438646    
                U2            float      0.180477    
                TEU           float      0.464255    
                LED           float      -0.153329   
                D1            float      0.456592    
                D2            float      0.472680    
                TED           float      0.187634    
Current time: 2017-04-29 23:37:19
Status: 1 pending, 26 complete.
ID(s) of pending job(s) for LL, Dmin: 27


Fitting GP to 27 data for LL task...
Fitting GP to 27 data for Dmin task...

Solving Multi-objective global optimization of posterior means!

Global Optimization finished. Size of the pareto set: 20 opt. 4 observed.


Getting suggestion for LL, Dmin...

Computing PESM for LL, Dmin
Optimizing PESM with L-BFGS (numerically estimating gradients)

Suggestion: task(s) LL,Dmin at location
                NAME          TYPE       VALUE
                ----          ----       -----
                LEU           float      0.125721    
                U1            float      0.446919    
                U2            float      0.411653    
                TEU           float      0.300455    
                LED           float      -0.207988   
                D1            float      0.169700    
                D2            float      0.410764    
                TED           float      0.325646    
Current time: 2017-04-29 23:37:52
Status: 1 pending, 27 complete.
ID(s) of pending job(s) for LL, Dmin: 28


Fitting GP to 28 data for LL task...
Fitting GP to 28 data for Dmin task...

Solving Multi-objective global optimization of posterior means!

Global Optimization finished. Size of the pareto set: 10 opt. 4 observed.


Getting suggestion for LL, Dmin...

Computing PESM for LL, Dmin
Optimizing PESM with L-BFGS (numerically estimating gradients)

Suggestion: task(s) LL,Dmin at location
                NAME          TYPE       VALUE
                ----          ----       -----
                LEU           float      0.396980    
                U1            float      0.301371    
                U2            float      0.492730    
                TEU           float      0.491220    
                LED           float      -0.261865   
                D1            float      0.123161    
                D2            float      0.132295    
                TED           float      0.110574    
Current time: 2017-04-29 23:38:29
Status: 1 pending, 28 complete.
ID(s) of pending job(s) for LL, Dmin: 29


Fitting GP to 29 data for LL task...
Fitting GP to 29 data for Dmin task...

Solving Multi-objective global optimization of posterior means!

Global Optimization finished. Size of the pareto set: 16 opt. 4 observed.


Getting suggestion for LL, Dmin...

Computing PESM for LL, Dmin
Optimizing PESM with L-BFGS (numerically estimating gradients)

Suggestion: task(s) LL,Dmin at location
                NAME          TYPE       VALUE
                ----          ----       -----
                LEU           float      0.146817    
                U1            float      0.459990    
                U2            float      0.500000    
                TEU           float      0.500000    
                LED           float      -0.329911   
                D1            float      0.132766    
                D2            float      0.253342    
                TED           float      0.207151    
Current time: 2017-04-29 23:39:11
Status: 1 pending, 29 complete.
ID(s) of pending job(s) for LL, Dmin: 30


Fitting GP to 30 data for LL task...
Fitting GP to 30 data for Dmin task...

Solving Multi-objective global optimization of posterior means!

Global Optimization finished. Size of the pareto set: 4 opt. 4 observed.


Getting suggestion for LL, Dmin...

Computing PESM for LL, Dmin
Optimizing PESM with L-BFGS (numerically estimating gradients)

Suggestion: task(s) LL,Dmin at location
                NAME          TYPE       VALUE
                ----          ----       -----
                LEU           float      0.154076    
                U1            float      0.266190    
                U2            float      0.305836    
                TEU           float      0.499597    
                LED           float      -0.166493   
                D1            float      0.472856    
                D2            float      0.359299    
                TED           float      0.160401    
Current time: 2017-04-29 23:39:56
Status: 1 pending, 30 complete.
ID(s) of pending job(s) for LL, Dmin: 31


Fitting GP to 31 data for LL task...
Fitting GP to 31 data for Dmin task...

Solving Multi-objective global optimization of posterior means!

Global Optimization finished. Size of the pareto set: 8 opt. 5 observed.


Getting suggestion for LL, Dmin...

Computing PESM for LL, Dmin
Optimizing PESM with L-BFGS (numerically estimating gradients)

Suggestion: task(s) LL,Dmin at location
                NAME          TYPE       VALUE
                ----          ----       -----
                LEU           float      0.103913    
                U1            float      0.435554    
                U2            float      0.493187    
                TEU           float      0.444411    
                LED           float      -0.122108   
                D1            float      0.320622    
                D2            float      0.107530    
                TED           float      0.303924    
Current time: 2017-04-29 23:40:33
Status: 1 pending, 31 complete.
ID(s) of pending job(s) for LL, Dmin: 32


Fitting GP to 32 data for LL task...
Fitting GP to 32 data for Dmin task...

Solving Multi-objective global optimization of posterior means!

Global Optimization finished. Size of the pareto set: 5 opt. 5 observed.


Getting suggestion for LL, Dmin...

Computing PESM for LL, Dmin
Optimizing PESM with L-BFGS (numerically estimating gradients)

Suggestion: task(s) LL,Dmin at location
                NAME          TYPE       VALUE
                ----          ----       -----
                LEU           float      0.431467    
                U1            float      0.424927    
                U2            float      0.318989    
                TEU           float      0.270725    
                LED           float      -0.103336   
                D1            float      0.161791    
                D2            float      0.376536    
                TED           float      0.119225    
Current time: 2017-04-29 23:41:13
Status: 1 pending, 32 complete.
ID(s) of pending job(s) for LL, Dmin: 33


Fitting GP to 33 data for LL task...
Fitting GP to 33 data for Dmin task...

Solving Multi-objective global optimization of posterior means!

Global Optimization finished. Size of the pareto set: 2 opt. 5 observed.


Getting suggestion for LL, Dmin...

Computing PESM for LL, Dmin
Optimizing PESM with L-BFGS (numerically estimating gradients)

Suggestion: task(s) LL,Dmin at location
                NAME          TYPE       VALUE
                ----          ----       -----
                LEU           float      0.379297    
                U1            float      0.194612    
                U2            float      0.020184    
                TEU           float      0.365078    
                LED           float      -0.451163   
                D1            float      0.135485    
                D2            float      0.229809    
                TED           float      0.308018    
Current time: 2017-04-29 23:41:51
Status: 1 pending, 33 complete.
ID(s) of pending job(s) for LL, Dmin: 34


Fitting GP to 34 data for LL task...
Fitting GP to 34 data for Dmin task...

Solving Multi-objective global optimization of posterior means!

Global Optimization finished. Size of the pareto set: 8 opt. 5 observed.


Getting suggestion for LL, Dmin...

Computing PESM for LL, Dmin
Optimizing PESM with L-BFGS (numerically estimating gradients)

Suggestion: task(s) LL,Dmin at location
                NAME          TYPE       VALUE
                ----          ----       -----
                LEU           float      0.428658    
                U1            float      0.178077    
                U2            float      0.204205    
                TEU           float      0.496046    
                LED           float      -0.345127   
                D1            float      0.429539    
                D2            float      0.223377    
                TED           float      0.166541    
Current time: 2017-04-29 23:42:26
Status: 1 pending, 34 complete.
ID(s) of pending job(s) for LL, Dmin: 35


Fitting GP to 35 data for LL task...
Fitting GP to 35 data for Dmin task...

Solving Multi-objective global optimization of posterior means!

Global Optimization finished. Size of the pareto set: 5 opt. 5 observed.


Getting suggestion for LL, Dmin...

Computing PESM for LL, Dmin
Optimizing PESM with L-BFGS (numerically estimating gradients)

Suggestion: task(s) LL,Dmin at location
                NAME          TYPE       VALUE
                ----          ----       -----
                LEU           float      0.369557    
                U1            float      0.457197    
                U2            float      0.117129    
                TEU           float      0.483311    
                LED           float      -0.148942   
                D1            float      0.470586    
                D2            float      0.227384    
                TED           float      0.493058    
Current time: 2017-04-29 23:43:01
Status: 1 pending, 35 complete.
ID(s) of pending job(s) for LL, Dmin: 36


Fitting GP to 36 data for LL task...
Fitting GP to 36 data for Dmin task...

Solving Multi-objective global optimization of posterior means!

Global Optimization finished. Size of the pareto set: 6 opt. 5 observed.


Getting suggestion for LL, Dmin...

Computing PESM for LL, Dmin
Optimizing PESM with L-BFGS (numerically estimating gradients)

Suggestion: task(s) LL,Dmin at location
                NAME          TYPE       VALUE
                ----          ----       -----
                LEU           float      0.259209    
                U1            float      0.495236    
                U2            float      0.235213    
                TEU           float      0.478435    
                LED           float      -0.235778   
                D1            float      0.496047    
                D2            float      0.335808    
                TED           float      0.156229    
Current time: 2017-04-29 23:43:36
Status: 1 pending, 36 complete.
ID(s) of pending job(s) for LL, Dmin: 37


Fitting GP to 37 data for LL task...
Fitting GP to 37 data for Dmin task...

Solving Multi-objective global optimization of posterior means!

Global Optimization finished. Size of the pareto set: 10 opt. 5 observed.


Getting suggestion for LL, Dmin...

Computing PESM for LL, Dmin
Optimizing PESM with L-BFGS (numerically estimating gradients)

Suggestion: task(s) LL,Dmin at location
                NAME          TYPE       VALUE
                ----          ----       -----
                LEU           float      0.400503    
                U1            float      0.459735    
                U2            float      0.486084    
                TEU           float      0.381214    
                LED           float      -0.200602   
                D1            float      0.467653    
                D2            float      0.369351    
                TED           float      0.299447    
Current time: 2017-04-29 23:44:09
Status: 1 pending, 37 complete.
ID(s) of pending job(s) for LL, Dmin: 38


Fitting GP to 38 data for LL task...
Fitting GP to 38 data for Dmin task...

Solving Multi-objective global optimization of posterior means!

Global Optimization finished. Size of the pareto set: 11 opt. 5 observed.


Getting suggestion for LL, Dmin...

Computing PESM for LL, Dmin
Optimizing PESM with L-BFGS (numerically estimating gradients)

Suggestion: task(s) LL,Dmin at location
                NAME          TYPE       VALUE
                ----          ----       -----
                LEU           float      0.498278    
                U1            float      0.487067    
                U2            float      0.470700    
                TEU           float      0.419176    
                LED           float      -0.142074   
                D1            float      0.396557    
                D2            float      0.170802    
                TED           float      0.110252    
Current time: 2017-04-29 23:44:45
Status: 1 pending, 38 complete.
ID(s) of pending job(s) for LL, Dmin: 39


Fitting GP to 39 data for LL task...
Fitting GP to 39 data for Dmin task...

Solving Multi-objective global optimization of posterior means!

Global Optimization finished. Size of the pareto set: 6 opt. 5 observed.


Getting suggestion for LL, Dmin...

Computing PESM for LL, Dmin
Optimizing PESM with L-BFGS (numerically estimating gradients)

Suggestion: task(s) LL,Dmin at location
                NAME          TYPE       VALUE
                ----          ----       -----
                LEU           float      0.265973    
                U1            float      0.388428    
                U2            float      0.065106    
                TEU           float      0.363623    
                LED           float      -0.117274   
                D1            float      0.393430    
                D2            float      0.312984    
                TED           float      0.135341    
Current time: 2017-04-29 23:45:24
Status: 1 pending, 39 complete.
ID(s) of pending job(s) for LL, Dmin: 40


Fitting GP to 40 data for LL task...
Fitting GP to 40 data for Dmin task...

Solving Multi-objective global optimization of posterior means!

Global Optimization finished. Size of the pareto set: 10 opt. 5 observed.


Getting suggestion for LL, Dmin...

Computing PESM for LL, Dmin
Optimizing PESM with L-BFGS (numerically estimating gradients)

Suggestion: task(s) LL,Dmin at location
                NAME          TYPE       VALUE
                ----          ----       -----
                LEU           float      0.467950    
                U1            float      0.246630    
                U2            float      0.471119    
                TEU           float      0.434576    
                LED           float      -0.316624   
                D1            float      0.145057    
                D2            float      0.241280    
                TED           float      0.202296    
Current time: 2017-04-29 23:46:00
Status: 1 pending, 40 complete.
ID(s) of pending job(s) for LL, Dmin: 41


Fitting GP to 41 data for LL task...
Fitting GP to 41 data for Dmin task...

Solving Multi-objective global optimization of posterior means!

Global Optimization finished. Size of the pareto set: 7 opt. 5 observed.


Getting suggestion for LL, Dmin...

Computing PESM for LL, Dmin
Optimizing PESM with L-BFGS (numerically estimating gradients)

Suggestion: task(s) LL,Dmin at location
                NAME          TYPE       VALUE
                ----          ----       -----
                LEU           float      0.128928    
                U1            float      0.407904    
                U2            float      0.317157    
                TEU           float      0.496169    
                LED           float      -0.413754   
                D1            float      0.479904    
                D2            float      0.488489    
                TED           float      0.104466    
Current time: 2017-04-29 23:46:34
Status: 1 pending, 41 complete.
ID(s) of pending job(s) for LL, Dmin: 42


Fitting GP to 42 data for LL task...
Fitting GP to 42 data for Dmin task...

Solving Multi-objective global optimization of posterior means!

Global Optimization finished. Size of the pareto set: 9 opt. 5 observed.


Getting suggestion for LL, Dmin...

Computing PESM for LL, Dmin
Optimizing PESM with L-BFGS (numerically estimating gradients)

Suggestion: task(s) LL,Dmin at location
                NAME          TYPE       VALUE
                ----          ----       -----
                LEU           float      0.291333    
                U1            float      0.447100    
                U2            float      0.492851    
                TEU           float      0.492622    
                LED           float      -0.499685   
                D1            float      0.167594    
                D2            float      0.410699    
                TED           float      0.129468    
Current time: 2017-04-29 23:47:07
Status: 1 pending, 42 complete.
ID(s) of pending job(s) for LL, Dmin: 43


Fitting GP to 43 data for LL task...
Fitting GP to 43 data for Dmin task...

Solving Multi-objective global optimization of posterior means!

Global Optimization finished. Size of the pareto set: 7 opt. 5 observed.


Getting suggestion for LL, Dmin...

Computing PESM for LL, Dmin
Optimizing PESM with L-BFGS (numerically estimating gradients)

Suggestion: task(s) LL,Dmin at location
                NAME          TYPE       VALUE
                ----          ----       -----
                LEU           float      0.487906    
                U1            float      0.242929    
                U2            float      0.109362    
                TEU           float      0.236654    
                LED           float      -0.233835   
                D1            float      0.295084    
                D2            float      0.474234    
                TED           float      0.362397    
Current time: 2017-04-29 23:47:49
Status: 1 pending, 43 complete.
ID(s) of pending job(s) for LL, Dmin: 44


Fitting GP to 44 data for LL task...
Fitting GP to 44 data for Dmin task...

Solving Multi-objective global optimization of posterior means!

Global Optimization finished. Size of the pareto set: 6 opt. 5 observed.


Getting suggestion for LL, Dmin...

Computing PESM for LL, Dmin
Optimizing PESM with L-BFGS (numerically estimating gradients)

Suggestion: task(s) LL,Dmin at location
                NAME          TYPE       VALUE
                ----          ----       -----
                LEU           float      0.468451    
                U1            float      0.413058    
                U2            float      0.443954    
                TEU           float      0.316020    
                LED           float      -0.380691   
                D1            float      0.331759    
                D2            float      0.121233    
                TED           float      0.226067    
Current time: 2017-04-29 23:48:27
Status: 1 pending, 44 complete.
ID(s) of pending job(s) for LL, Dmin: 45


Fitting GP to 45 data for LL task...
Fitting GP to 45 data for Dmin task...

Solving Multi-objective global optimization of posterior means!

Global Optimization finished. Size of the pareto set: 11 opt. 5 observed.


Getting suggestion for LL, Dmin...

Computing PESM for LL, Dmin
Optimizing PESM with L-BFGS (numerically estimating gradients)

Suggestion: task(s) LL,Dmin at location
                NAME          TYPE       VALUE
                ----          ----       -----
                LEU           float      0.129261    
                U1            float      0.137281    
                U2            float      0.445046    
                TEU           float      0.294210    
                LED           float      -0.478397   
                D1            float      0.372281    
                D2            float      0.165943    
                TED           float      0.223044    
Current time: 2017-04-29 23:49:01
Status: 1 pending, 45 complete.
ID(s) of pending job(s) for LL, Dmin: 46


Fitting GP to 46 data for LL task...
Fitting GP to 46 data for Dmin task...

Solving Multi-objective global optimization of posterior means!

Global Optimization finished. Size of the pareto set: 6 opt. 5 observed.


Getting suggestion for LL, Dmin...

Computing PESM for LL, Dmin
Optimizing PESM with L-BFGS (numerically estimating gradients)

Suggestion: task(s) LL,Dmin at location
                NAME          TYPE       VALUE
                ----          ----       -----
                LEU           float      0.183246    
                U1            float      0.211456    
                U2            float      0.343679    
                TEU           float      0.264388    
                LED           float      -0.313486   
                D1            float      0.404046    
                D2            float      0.500000    
                TED           float      0.420852    
Current time: 2017-04-29 23:49:42
Status: 1 pending, 46 complete.
ID(s) of pending job(s) for LL, Dmin: 47


Fitting GP to 47 data for LL task...
Fitting GP to 47 data for Dmin task...

Solving Multi-objective global optimization of posterior means!

Global Optimization finished. Size of the pareto set: 4 opt. 6 observed.


Getting suggestion for LL, Dmin...

Computing PESM for LL, Dmin
Optimizing PESM with L-BFGS (numerically estimating gradients)

Suggestion: task(s) LL,Dmin at location
                NAME          TYPE       VALUE
                ----          ----       -----
                LEU           float      0.340020    
                U1            float      0.253185    
                U2            float      0.453286    
                TEU           float      0.499237    
                LED           float      -0.161699   
                D1            float      0.392697    
                D2            float      0.162704    
                TED           float      0.102535    
Current time: 2017-04-29 23:50:31
Status: 1 pending, 47 complete.
ID(s) of pending job(s) for LL, Dmin: 48


Fitting GP to 48 data for LL task...
Fitting GP to 48 data for Dmin task...

Solving Multi-objective global optimization of posterior means!

Global Optimization finished. Size of the pareto set: 10 opt. 6 observed.


Getting suggestion for LL, Dmin...

Computing PESM for LL, Dmin
Optimizing PESM with L-BFGS (numerically estimating gradients)

Suggestion: task(s) LL,Dmin at location
                NAME          TYPE       VALUE
                ----          ----       -----
                LEU           float      0.312793    
                U1            float      0.351851    
                U2            float      0.146954    
                TEU           float      0.365120    
                LED           float      -0.130537   
                D1            float      0.137236    
                D2            float      0.106647    
                TED           float      0.252933    
Current time: 2017-04-29 23:51:06
Status: 1 pending, 48 complete.
ID(s) of pending job(s) for LL, Dmin: 49


Fitting GP to 49 data for LL task...
Fitting GP to 49 data for Dmin task...

Solving Multi-objective global optimization of posterior means!

Global Optimization finished. Size of the pareto set: 5 opt. 6 observed.


Getting suggestion for LL, Dmin...

Computing PESM for LL, Dmin
Optimizing PESM with L-BFGS (numerically estimating gradients)

Suggestion: task(s) LL,Dmin at location
                NAME          TYPE       VALUE
                ----          ----       -----
                LEU           float      0.466438    
                U1            float      0.142346    
                U2            float      0.188799    
                TEU           float      0.350179    
                LED           float      -0.213542   
                D1            float      0.109370    
                D2            float      0.106039    
                TED           float      0.138198    
Current time: 2017-04-29 23:51:41
Status: 1 pending, 49 complete.
ID(s) of pending job(s) for LL, Dmin: 50


Fitting GP to 50 data for LL task...
Fitting GP to 50 data for Dmin task...

Solving Multi-objective global optimization of posterior means!

Global Optimization finished. Size of the pareto set: 8 opt. 6 observed.


Getting suggestion for LL, Dmin...

Computing PESM for LL, Dmin
Optimizing PESM with L-BFGS (numerically estimating gradients)

Suggestion: task(s) LL,Dmin at location
                NAME          TYPE       VALUE
                ----          ----       -----
                LEU           float      0.372874    
                U1            float      0.206002    
                U2            float      0.439537    
                TEU           float      0.204334    
                LED           float      -0.279519   
                D1            float      0.486850    
                D2            float      0.319672    
                TED           float      0.103011    
Current time: 2017-04-29 23:52:17
Status: 1 pending, 50 complete.
ID(s) of pending job(s) for LL, Dmin: 51


Fitting GP to 51 data for LL task...
Fitting GP to 51 data for Dmin task...

Solving Multi-objective global optimization of posterior means!

Global Optimization finished. Size of the pareto set: 5 opt. 6 observed.


Getting suggestion for LL, Dmin...

Computing PESM for LL, Dmin
Optimizing PESM with L-BFGS (numerically estimating gradients)

Suggestion: task(s) LL,Dmin at location
                NAME          TYPE       VALUE
                ----          ----       -----
                LEU           float      0.451940    
                U1            float      0.314875    
                U2            float      0.465703    
                TEU           float      0.428379    
                LED           float      -0.103665   
                D1            float      0.215573    
                D2            float      0.309114    
                TED           float      0.146774    
Current time: 2017-04-29 23:52:54
Status: 1 pending, 51 complete.
ID(s) of pending job(s) for LL, Dmin: 52


Fitting GP to 52 data for LL task...
Fitting GP to 52 data for Dmin task...

Solving Multi-objective global optimization of posterior means!

Global Optimization finished. Size of the pareto set: 12 opt. 6 observed.


Getting suggestion for LL, Dmin...

Computing PESM for LL, Dmin
Optimizing PESM with L-BFGS (numerically estimating gradients)

Suggestion: task(s) LL,Dmin at location
                NAME          TYPE       VALUE
                ----          ----       -----
                LEU           float      0.408014    
                U1            float      0.481695    
                U2            float      0.489596    
                TEU           float      0.500000    
                LED           float      -0.104906   
                D1            float      0.155749    
                D2            float      0.126124    
                TED           float      0.119536    
Current time: 2017-04-29 23:53:31
Status: 1 pending, 52 complete.
ID(s) of pending job(s) for LL, Dmin: 53


Fitting GP to 53 data for LL task...
Fitting GP to 53 data for Dmin task...

Solving Multi-objective global optimization of posterior means!

Global Optimization finished. Size of the pareto set: 8 opt. 7 observed.


Getting suggestion for LL, Dmin...

Computing PESM for LL, Dmin
Optimizing PESM with L-BFGS (numerically estimating gradients)

Suggestion: task(s) LL,Dmin at location
                NAME          TYPE       VALUE
                ----          ----       -----
                LEU           float      0.268383    
                U1            float      0.429052    
                U2            float      0.105428    
                TEU           float      0.449315    
                LED           float      -0.464293   
                D1            float      0.335568    
                D2            float      0.137319    
                TED           float      0.119260    
Current time: 2017-04-29 23:54:06
Status: 1 pending, 53 complete.
ID(s) of pending job(s) for LL, Dmin: 54


Fitting GP to 54 data for LL task...
Fitting GP to 54 data for Dmin task...

Solving Multi-objective global optimization of posterior means!

Global Optimization finished. Size of the pareto set: 3 opt. 7 observed.


Getting suggestion for LL, Dmin...

Computing PESM for LL, Dmin
Optimizing PESM with L-BFGS (numerically estimating gradients)

Suggestion: task(s) LL,Dmin at location
                NAME          TYPE       VALUE
                ----          ----       -----
                LEU           float      0.167384    
                U1            float      0.176912    
                U2            float      0.081214    
                TEU           float      0.278760    
                LED           float      -0.120165   
                D1            float      0.103977    
                D2            float      0.258425    
                TED           float      0.309962    
Current time: 2017-04-29 23:54:43
Status: 1 pending, 54 complete.
ID(s) of pending job(s) for LL, Dmin: 55


Fitting GP to 55 data for LL task...
Fitting GP to 55 data for Dmin task...

Solving Multi-objective global optimization of posterior means!

Global Optimization finished. Size of the pareto set: 3 opt. 7 observed.


Getting suggestion for LL, Dmin...

Computing PESM for LL, Dmin
Optimizing PESM with L-BFGS (numerically estimating gradients)

Suggestion: task(s) LL,Dmin at location
                NAME          TYPE       VALUE
                ----          ----       -----
                LEU           float      0.214502    
                U1            float      0.114209    
                U2            float      0.406823    
                TEU           float      0.408869    
                LED           float      -0.179756   
                D1            float      0.139998    
                D2            float      0.118305    
                TED           float      0.144607    
Current time: 2017-04-29 23:55:23
Status: 1 pending, 55 complete.
ID(s) of pending job(s) for LL, Dmin: 56


Fitting GP to 56 data for LL task...
Fitting GP to 56 data for Dmin task...

Solving Multi-objective global optimization of posterior means!

Global Optimization finished. Size of the pareto set: 10 opt. 7 observed.


Getting suggestion for LL, Dmin...

Computing PESM for LL, Dmin
Optimizing PESM with L-BFGS (numerically estimating gradients)

Suggestion: task(s) LL,Dmin at location
                NAME          TYPE       VALUE
                ----          ----       -----
                LEU           float      0.299422    
                U1            float      0.111719    
                U2            float      0.326926    
                TEU           float      0.436671    
                LED           float      -0.389874   
                D1            float      0.372287    
                D2            float      0.137061    
                TED           float      0.238527    
Current time: 2017-04-29 23:56:05
Status: 1 pending, 56 complete.
ID(s) of pending job(s) for LL, Dmin: 57


Fitting GP to 57 data for LL task...
Fitting GP to 57 data for Dmin task...

Solving Multi-objective global optimization of posterior means!

Global Optimization finished. Size of the pareto set: 6 opt. 7 observed.


Getting suggestion for LL, Dmin...

Computing PESM for LL, Dmin
Optimizing PESM with L-BFGS (numerically estimating gradients)

Suggestion: task(s) LL,Dmin at location
                NAME          TYPE       VALUE
                ----          ----       -----
                LEU           float      0.146100    
                U1            float      0.500000    
                U2            float      0.333726    
                TEU           float      0.443997    
                LED           float      -0.407569   
                D1            float      0.379322    
                D2            float      0.350798    
                TED           float      0.121086    
Current time: 2017-04-29 23:56:39
Status: 1 pending, 57 complete.
ID(s) of pending job(s) for LL, Dmin: 58


Fitting GP to 58 data for LL task...
Fitting GP to 58 data for Dmin task...

Solving Multi-objective global optimization of posterior means!

Global Optimization finished. Size of the pareto set: 11 opt. 7 observed.


Getting suggestion for LL, Dmin...

Computing PESM for LL, Dmin
Optimizing PESM with L-BFGS (numerically estimating gradients)

Suggestion: task(s) LL,Dmin at location
                NAME          TYPE       VALUE
                ----          ----       -----
                LEU           float      0.499336    
                U1            float      0.114602    
                U2            float      0.096680    
                TEU           float      0.282477    
                LED           float      -0.385082   
                D1            float      0.175981    
                D2            float      0.100000    
                TED           float      0.395820    
Current time: 2017-04-29 23:57:12
Status: 1 pending, 58 complete.
ID(s) of pending job(s) for LL, Dmin: 59


Fitting GP to 59 data for LL task...
Fitting GP to 59 data for Dmin task...

Solving Multi-objective global optimization of posterior means!

Global Optimization finished. Size of the pareto set: 11 opt. 7 observed.


Getting suggestion for LL, Dmin...

Computing PESM for LL, Dmin
Optimizing PESM with L-BFGS (numerically estimating gradients)

Suggestion: task(s) LL,Dmin at location
                NAME          TYPE       VALUE
                ----          ----       -----
                LEU           float      0.290019    
                U1            float      0.500000    
                U2            float      0.476653    
                TEU           float      0.458320    
                LED           float      -0.463785   
                D1            float      0.424517    
                D2            float      0.284408    
                TED           float      0.406607    
Current time: 2017-04-29 23:57:49
Status: 1 pending, 59 complete.
ID(s) of pending job(s) for LL, Dmin: 60


Fitting GP to 60 data for LL task...
Fitting GP to 60 data for Dmin task...

Solving Multi-objective global optimization of posterior means!

Global Optimization finished. Size of the pareto set: 5 opt. 7 observed.


Getting suggestion for LL, Dmin...

Computing PESM for LL, Dmin
Optimizing PESM with L-BFGS (numerically estimating gradients)

Suggestion: task(s) LL,Dmin at location
                NAME          TYPE       VALUE
                ----          ----       -----
                LEU           float      0.376785    
                U1            float      0.473419    
                U2            float      0.478158    
                TEU           float      0.289492    
                LED           float      -0.136540   
                D1            float      0.336653    
                D2            float      0.223575    
                TED           float      0.121635    
Current time: 2017-04-29 23:58:31
Status: 1 pending, 60 complete.
ID(s) of pending job(s) for LL, Dmin: 61


Fitting GP to 61 data for LL task...
Fitting GP to 61 data for Dmin task...

Solving Multi-objective global optimization of posterior means!

Global Optimization finished. Size of the pareto set: 4 opt. 7 observed.


Getting suggestion for LL, Dmin...

Computing PESM for LL, Dmin
Optimizing PESM with L-BFGS (numerically estimating gradients)

Suggestion: task(s) LL,Dmin at location
                NAME          TYPE       VALUE
                ----          ----       -----
                LEU           float      0.410010    
                U1            float      0.393757    
                U2            float      0.411706    
                TEU           float      0.491295    
                LED           float      -0.199219   
                D1            float      0.300561    
                D2            float      0.100196    
                TED           float      0.143594    
Current time: 2017-04-29 23:59:08
Status: 1 pending, 61 complete.
ID(s) of pending job(s) for LL, Dmin: 62


Fitting GP to 62 data for LL task...
Fitting GP to 62 data for Dmin task...

Solving Multi-objective global optimization of posterior means!

Global Optimization finished. Size of the pareto set: 11 opt. 7 observed.


Getting suggestion for LL, Dmin...

Computing PESM for LL, Dmin
Optimizing PESM with L-BFGS (numerically estimating gradients)

Suggestion: task(s) LL,Dmin at location
                NAME          TYPE       VALUE
                ----          ----       -----
                LEU           float      0.489828    
                U1            float      0.112122    
                U2            float      0.473609    
                TEU           float      0.165550    
                LED           float      -0.195312   
                D1            float      0.289833    
                D2            float      0.381752    
                TED           float      0.105678    
Current time: 2017-04-29 23:59:41
Status: 1 pending, 62 complete.
ID(s) of pending job(s) for LL, Dmin: 63


Fitting GP to 63 data for LL task...
Fitting GP to 63 data for Dmin task...

Solving Multi-objective global optimization of posterior means!

Global Optimization finished. Size of the pareto set: 11 opt. 7 observed.


Getting suggestion for LL, Dmin...

Computing PESM for LL, Dmin
Optimizing PESM with L-BFGS (numerically estimating gradients)

Suggestion: task(s) LL,Dmin at location
                NAME          TYPE       VALUE
                ----          ----       -----
                LEU           float      0.474796    
                U1            float      0.493249    
                U2            float      0.225505    
                TEU           float      0.468417    
                LED           float      -0.384288   
                D1            float      0.307588    
                D2            float      0.426775    
                TED           float      0.488974    
Current time: 2017-04-30 00:00:18
Status: 1 pending, 63 complete.
ID(s) of pending job(s) for LL, Dmin: 64


Fitting GP to 64 data for LL task...
Fitting GP to 64 data for Dmin task...

Solving Multi-objective global optimization of posterior means!

Global Optimization finished. Size of the pareto set: 12 opt. 7 observed.


Getting suggestion for LL, Dmin...

Computing PESM for LL, Dmin
Optimizing PESM with L-BFGS (numerically estimating gradients)

Suggestion: task(s) LL,Dmin at location
                NAME          TYPE       VALUE
                ----          ----       -----
                LEU           float      0.360123    
                U1            float      0.354199    
                U2            float      0.439219    
                TEU           float      0.498413    
                LED           float      -0.162648   
                D1            float      0.236537    
                D2            float      0.295615    
                TED           float      0.263530    
Current time: 2017-04-30 00:01:08
Status: 1 pending, 64 complete.
ID(s) of pending job(s) for LL, Dmin: 65


Fitting GP to 65 data for LL task...
Fitting GP to 65 data for Dmin task...

Solving Multi-objective global optimization of posterior means!

Global Optimization finished. Size of the pareto set: 8 opt. 8 observed.


Getting suggestion for LL, Dmin...

Computing PESM for LL, Dmin
Optimizing PESM with L-BFGS (numerically estimating gradients)

Suggestion: task(s) LL,Dmin at location
                NAME          TYPE       VALUE
                ----          ----       -----
                LEU           float      0.447178    
                U1            float      0.486513    
                U2            float      0.368520    
                TEU           float      0.458212    
                LED           float      -0.270709   
                D1            float      0.163145    
                D2            float      0.156682    
                TED           float      0.128403    
Current time: 2017-04-30 00:01:49
Status: 1 pending, 65 complete.
ID(s) of pending job(s) for LL, Dmin: 66


Fitting GP to 66 data for LL task...
Fitting GP to 66 data for Dmin task...

Solving Multi-objective global optimization of posterior means!

Global Optimization finished. Size of the pareto set: 14 opt. 8 observed.


Getting suggestion for LL, Dmin...

Computing PESM for LL, Dmin
Optimizing PESM with L-BFGS (numerically estimating gradients)

Suggestion: task(s) LL,Dmin at location
                NAME          TYPE       VALUE
                ----          ----       -----
                LEU           float      0.214591    
                U1            float      0.205859    
                U2            float      0.476166    
                TEU           float      0.129689    
                LED           float      -0.121145   
                D1            float      0.218945    
                D2            float      0.477398    
                TED           float      0.105559    
Current time: 2017-04-30 00:02:23
Status: 1 pending, 66 complete.
ID(s) of pending job(s) for LL, Dmin: 67


Fitting GP to 67 data for LL task...
Fitting GP to 67 data for Dmin task...

Solving Multi-objective global optimization of posterior means!

Global Optimization finished. Size of the pareto set: 12 opt. 9 observed.


Getting suggestion for LL, Dmin...

Computing PESM for LL, Dmin
Optimizing PESM with L-BFGS (numerically estimating gradients)

Suggestion: task(s) LL,Dmin at location
                NAME          TYPE       VALUE
                ----          ----       -----
                LEU           float      0.462456    
                U1            float      0.499481    
                U2            float      0.187870    
                TEU           float      0.491565    
                LED           float      -0.295002   
                D1            float      0.414267    
                D2            float      0.129942    
                TED           float      0.119848    
Current time: 2017-04-30 00:02:57
Status: 1 pending, 67 complete.
ID(s) of pending job(s) for LL, Dmin: 68


Fitting GP to 68 data for LL task...
Fitting GP to 68 data for Dmin task...

Solving Multi-objective global optimization of posterior means!

Global Optimization finished. Size of the pareto set: 15 opt. 9 observed.


Getting suggestion for LL, Dmin...

Computing PESM for LL, Dmin
Optimizing PESM with L-BFGS (numerically estimating gradients)

Suggestion: task(s) LL,Dmin at location
                NAME          TYPE       VALUE
                ----          ----       -----
                LEU           float      0.445506    
                U1            float      0.467303    
                U2            float      0.500000    
                TEU           float      0.500000    
                LED           float      -0.410381   
                D1            float      0.479225    
                D2            float      0.193645    
                TED           float      0.290859    
Current time: 2017-04-30 00:03:33
Status: 1 pending, 68 complete.
ID(s) of pending job(s) for LL, Dmin: 69


Fitting GP to 69 data for LL task...
Fitting GP to 69 data for Dmin task...

Solving Multi-objective global optimization of posterior means!

Global Optimization finished. Size of the pareto set: 15 opt. 9 observed.


Getting suggestion for LL, Dmin...

Computing PESM for LL, Dmin
Optimizing PESM with L-BFGS (numerically estimating gradients)

Suggestion: task(s) LL,Dmin at location
                NAME          TYPE       VALUE
                ----          ----       -----
                LEU           float      0.414034    
                U1            float      0.229155    
                U2            float      0.500000    
                TEU           float      0.322246    
                LED           float      -0.375632   
                D1            float      0.496756    
                D2            float      0.100000    
                TED           float      0.134023    
Current time: 2017-04-30 00:04:07
Status: 1 pending, 69 complete.
ID(s) of pending job(s) for LL, Dmin: 70


Fitting GP to 70 data for LL task...
Fitting GP to 70 data for Dmin task...

Solving Multi-objective global optimization of posterior means!

Global Optimization finished. Size of the pareto set: 21 opt. 9 observed.


Getting suggestion for LL, Dmin...

Computing PESM for LL, Dmin
Optimizing PESM with L-BFGS (numerically estimating gradients)

Suggestion: task(s) LL,Dmin at location
                NAME          TYPE       VALUE
                ----          ----       -----
                LEU           float      0.157516    
                U1            float      0.427942    
                U2            float      0.268392    
                TEU           float      0.464764    
                LED           float      -0.133906   
                D1            float      0.223178    
                D2            float      0.328328    
                TED           float      0.418662    
Current time: 2017-04-30 00:04:50
Status: 1 pending, 70 complete.
ID(s) of pending job(s) for LL, Dmin: 71


Fitting GP to 71 data for LL task...
Fitting GP to 71 data for Dmin task...

Solving Multi-objective global optimization of posterior means!

Global Optimization finished. Size of the pareto set: 18 opt. 9 observed.


Getting suggestion for LL, Dmin...

Computing PESM for LL, Dmin
Optimizing PESM with L-BFGS (numerically estimating gradients)

Suggestion: task(s) LL,Dmin at location
                NAME          TYPE       VALUE
                ----          ----       -----
                LEU           float      0.382137    
                U1            float      0.498500    
                U2            float      0.157522    
                TEU           float      0.492330    
                LED           float      -0.111585   
                D1            float      0.247380    
                D2            float      0.125255    
                TED           float      0.180390    
Current time: 2017-04-30 00:05:24
Status: 1 pending, 71 complete.
ID(s) of pending job(s) for LL, Dmin: 72


Fitting GP to 72 data for LL task...
Fitting GP to 72 data for Dmin task...

Solving Multi-objective global optimization of posterior means!

Global Optimization finished. Size of the pareto set: 17 opt. 9 observed.


Getting suggestion for LL, Dmin...

Computing PESM for LL, Dmin
Optimizing PESM with L-BFGS (numerically estimating gradients)

Suggestion: task(s) LL,Dmin at location
                NAME          TYPE       VALUE
                ----          ----       -----
                LEU           float      0.471271    
                U1            float      0.335209    
                U2            float      0.244578    
                TEU           float      0.104100    
                LED           float      -0.475576   
                D1            float      0.437006    
                D2            float      0.294031    
                TED           float      0.375684    
Current time: 2017-04-30 00:06:04
Status: 1 pending, 72 complete.
ID(s) of pending job(s) for LL, Dmin: 73


Fitting GP to 73 data for LL task...
Fitting GP to 73 data for Dmin task...

Solving Multi-objective global optimization of posterior means!

Global Optimization finished. Size of the pareto set: 18 opt. 9 observed.


Getting suggestion for LL, Dmin...

Computing PESM for LL, Dmin
Optimizing PESM with L-BFGS (numerically estimating gradients)

Suggestion: task(s) LL,Dmin at location
                NAME          TYPE       VALUE
                ----          ----       -----
                LEU           float      0.390841    
                U1            float      0.376472    
                U2            float      0.434641    
                TEU           float      0.239715    
                LED           float      -0.132823   
                D1            float      0.449055    
                D2            float      0.115484    
                TED           float      0.101706    
Current time: 2017-04-30 00:06:40
Status: 1 pending, 73 complete.
ID(s) of pending job(s) for LL, Dmin: 74


Fitting GP to 74 data for LL task...
Fitting GP to 74 data for Dmin task...

Solving Multi-objective global optimization of posterior means!

Global Optimization finished. Size of the pareto set: 21 opt. 9 observed.


Getting suggestion for LL, Dmin...

Computing PESM for LL, Dmin
Optimizing PESM with L-BFGS (numerically estimating gradients)

Suggestion: task(s) LL,Dmin at location
                NAME          TYPE       VALUE
                ----          ----       -----
                LEU           float      0.334024    
                U1            float      0.398900    
                U2            float      0.382477    
                TEU           float      0.500000    
                LED           float      -0.212045   
                D1            float      0.131388    
                D2            float      0.146592    
                TED           float      0.166435    
Current time: 2017-04-30 00:07:35
Status: 1 pending, 74 complete.
ID(s) of pending job(s) for LL, Dmin: 75


Fitting GP to 75 data for LL task...
Fitting GP to 75 data for Dmin task...

Solving Multi-objective global optimization of posterior means!

Global Optimization finished. Size of the pareto set: 24 opt. 10 observed.


Getting suggestion for LL, Dmin...

Computing PESM for LL, Dmin
Optimizing PESM with L-BFGS (numerically estimating gradients)

Suggestion: task(s) LL,Dmin at location
                NAME          TYPE       VALUE
                ----          ----       -----
                LEU           float      0.467735    
                U1            float      0.442929    
                U2            float      0.142523    
                TEU           float      0.476977    
                LED           float      -0.244745   
                D1            float      0.145778    
                D2            float      0.179942    
                TED           float      0.383766    
Current time: 2017-04-30 00:08:10
Status: 1 pending, 75 complete.
ID(s) of pending job(s) for LL, Dmin: 76


Fitting GP to 76 data for LL task...
Fitting GP to 76 data for Dmin task...

Solving Multi-objective global optimization of posterior means!

Global Optimization finished. Size of the pareto set: 17 opt. 10 observed.


Getting suggestion for LL, Dmin...

Computing PESM for LL, Dmin
Optimizing PESM with L-BFGS (numerically estimating gradients)

Suggestion: task(s) LL,Dmin at location
                NAME          TYPE       VALUE
                ----          ----       -----
                LEU           float      0.496975    
                U1            float      0.346150    
                U2            float      0.290673    
                TEU           float      0.356491    
                LED           float      -0.360153   
                D1            float      0.118802    
                D2            float      0.457408    
                TED           float      0.101863    
Current time: 2017-04-30 00:08:46
Status: 1 pending, 76 complete.
ID(s) of pending job(s) for LL, Dmin: 77


Fitting GP to 77 data for LL task...
Fitting GP to 77 data for Dmin task...

Solving Multi-objective global optimization of posterior means!

Global Optimization finished. Size of the pareto set: 12 opt. 10 observed.


Getting suggestion for LL, Dmin...

Computing PESM for LL, Dmin
Optimizing PESM with L-BFGS (numerically estimating gradients)

Suggestion: task(s) LL,Dmin at location
                NAME          TYPE       VALUE
                ----          ----       -----
                LEU           float      0.141155    
                U1            float      0.184561    
                U2            float      0.181098    
                TEU           float      0.497087    
                LED           float      -0.211687   
                D1            float      0.148247    
                D2            float      0.474206    
                TED           float      0.481622    
Current time: 2017-04-30 00:09:25
Status: 1 pending, 77 complete.
ID(s) of pending job(s) for LL, Dmin: 78


Fitting GP to 78 data for LL task...
Fitting GP to 78 data for Dmin task...

Solving Multi-objective global optimization of posterior means!

Global Optimization finished. Size of the pareto set: 10 opt. 10 observed.


Getting suggestion for LL, Dmin...

Computing PESM for LL, Dmin
Optimizing PESM with L-BFGS (numerically estimating gradients)

Suggestion: task(s) LL,Dmin at location
                NAME          TYPE       VALUE
                ----          ----       -----
                LEU           float      0.468216    
                U1            float      0.130879    
                U2            float      0.500000    
                TEU           float      0.313064    
                LED           float      -0.182082   
                D1            float      0.418212    
                D2            float      0.455495    
                TED           float      0.188926    
Current time: 2017-04-30 00:10:01
Status: 1 pending, 78 complete.
ID(s) of pending job(s) for LL, Dmin: 79


Fitting GP to 79 data for LL task...
Fitting GP to 79 data for Dmin task...

Solving Multi-objective global optimization of posterior means!

Global Optimization finished. Size of the pareto set: 13 opt. 10 observed.


Getting suggestion for LL, Dmin...

Computing PESM for LL, Dmin
Optimizing PESM with L-BFGS (numerically estimating gradients)

Suggestion: task(s) LL,Dmin at location
                NAME          TYPE       VALUE
                ----          ----       -----
                LEU           float      0.191503    
                U1            float      0.326355    
                U2            float      0.002881    
                TEU           float      0.500000    
                LED           float      -0.244669   
                D1            float      0.262547    
                D2            float      0.224938    
                TED           float      0.100000    
Current time: 2017-04-30 00:10:37
Status: 1 pending, 79 complete.
ID(s) of pending job(s) for LL, Dmin: 80


Fitting GP to 80 data for LL task...
Fitting GP to 80 data for Dmin task...

Solving Multi-objective global optimization of posterior means!

Global Optimization finished. Size of the pareto set: 13 opt. 10 observed.


Getting suggestion for LL, Dmin...

Computing PESM for LL, Dmin
Optimizing PESM with L-BFGS (numerically estimating gradients)

Suggestion: task(s) LL,Dmin at location
                NAME          TYPE       VALUE
                ----          ----       -----
                LEU           float      0.101398    
                U1            float      0.494875    
                U2            float      0.386173    
                TEU           float      0.312544    
                LED           float      -0.252081   
                D1            float      0.491798    
                D2            float      0.436324    
                TED           float      0.162452    
Current time: 2017-04-30 00:11:13
Status: 1 pending, 80 complete.
ID(s) of pending job(s) for LL, Dmin: 81


Fitting GP to 81 data for LL task...
Fitting GP to 81 data for Dmin task...

Solving Multi-objective global optimization of posterior means!

Global Optimization finished. Size of the pareto set: 15 opt. 10 observed.


Getting suggestion for LL, Dmin...

Computing PESM for LL, Dmin
Optimizing PESM with L-BFGS (numerically estimating gradients)

Suggestion: task(s) LL,Dmin at location
                NAME          TYPE       VALUE
                ----          ----       -----
                LEU           float      0.375141    
                U1            float      0.392029    
                U2            float      0.371704    
                TEU           float      0.336953    
                LED           float      -0.181356   
                D1            float      0.134147    
                D2            float      0.186264    
                TED           float      0.293119    
Current time: 2017-04-30 00:11:49
Status: 1 pending, 81 complete.
ID(s) of pending job(s) for LL, Dmin: 82


Fitting GP to 82 data for LL task...
Fitting GP to 82 data for Dmin task...

Solving Multi-objective global optimization of posterior means!

Global Optimization finished. Size of the pareto set: 12 opt. 10 observed.


Getting suggestion for LL, Dmin...

Computing PESM for LL, Dmin
Optimizing PESM with L-BFGS (numerically estimating gradients)

Suggestion: task(s) LL,Dmin at location
                NAME          TYPE       VALUE
                ----          ----       -----
                LEU           float      0.226406    
                U1            float      0.457776    
                U2            float      0.269675    
                TEU           float      0.490531    
                LED           float      -0.108273   
                D1            float      0.170480    
                D2            float      0.208714    
                TED           float      0.113296    
Current time: 2017-04-30 00:12:31
Status: 1 pending, 82 complete.
ID(s) of pending job(s) for LL, Dmin: 83


Fitting GP to 83 data for LL task...
Fitting GP to 83 data for Dmin task...

Solving Multi-objective global optimization of posterior means!

Global Optimization finished. Size of the pareto set: 11 opt. 10 observed.


Getting suggestion for LL, Dmin...

Computing PESM for LL, Dmin
Optimizing PESM with L-BFGS (numerically estimating gradients)

Suggestion: task(s) LL,Dmin at location
                NAME          TYPE       VALUE
                ----          ----       -----
                LEU           float      0.219660    
                U1            float      0.466167    
                U2            float      0.459603    
                TEU           float      0.455332    
                LED           float      -0.139524   
                D1            float      0.478710    
                D2            float      0.431623    
                TED           float      0.246690    
Current time: 2017-04-30 00:13:18
Status: 1 pending, 83 complete.
ID(s) of pending job(s) for LL, Dmin: 84


Fitting GP to 84 data for LL task...
Fitting GP to 84 data for Dmin task...

Solving Multi-objective global optimization of posterior means!

Global Optimization finished. Size of the pareto set: 12 opt. 10 observed.


Getting suggestion for LL, Dmin...

Computing PESM for LL, Dmin
Optimizing PESM with L-BFGS (numerically estimating gradients)

Suggestion: task(s) LL,Dmin at location
                NAME          TYPE       VALUE
                ----          ----       -----
                LEU           float      0.279053    
                U1            float      0.472756    
                U2            float      0.407263    
                TEU           float      0.469415    
                LED           float      -0.290647   
                D1            float      0.375419    
                D2            float      0.212963    
                TED           float      0.132862    
Current time: 2017-04-30 00:13:55
Status: 1 pending, 84 complete.
ID(s) of pending job(s) for LL, Dmin: 85


Fitting GP to 85 data for LL task...
Fitting GP to 85 data for Dmin task...

Solving Multi-objective global optimization of posterior means!

Global Optimization finished. Size of the pareto set: 13 opt. 10 observed.


Getting suggestion for LL, Dmin...

Computing PESM for LL, Dmin
Optimizing PESM with L-BFGS (numerically estimating gradients)

Suggestion: task(s) LL,Dmin at location
                NAME          TYPE       VALUE
                ----          ----       -----
                LEU           float      0.234707    
                U1            float      0.476581    
                U2            float      0.408668    
                TEU           float      0.391026    
                LED           float      -0.142914   
                D1            float      0.100141    
                D2            float      0.183636    
                TED           float      0.307994    
Current time: 2017-04-30 00:14:36
Status: 1 pending, 85 complete.
ID(s) of pending job(s) for LL, Dmin: 86


Fitting GP to 86 data for LL task...
Fitting GP to 86 data for Dmin task...

Solving Multi-objective global optimization of posterior means!

Global Optimization finished. Size of the pareto set: 12 opt. 10 observed.


Getting suggestion for LL, Dmin...

Computing PESM for LL, Dmin
Optimizing PESM with L-BFGS (numerically estimating gradients)

Suggestion: task(s) LL,Dmin at location
                NAME          TYPE       VALUE
                ----          ----       -----
                LEU           float      0.460734    
                U1            float      0.424114    
                U2            float      0.469403    
                TEU           float      0.471302    
                LED           float      -0.219627   
                D1            float      0.194603    
                D2            float      0.172092    
                TED           float      0.290059    
Current time: 2017-04-30 00:15:17
Status: 1 pending, 86 complete.
ID(s) of pending job(s) for LL, Dmin: 87


Fitting GP to 87 data for LL task...
Fitting GP to 87 data for Dmin task...

Solving Multi-objective global optimization of posterior means!

Global Optimization finished. Size of the pareto set: 12 opt. 10 observed.


Getting suggestion for LL, Dmin...

Computing PESM for LL, Dmin
Optimizing PESM with L-BFGS (numerically estimating gradients)

Suggestion: task(s) LL,Dmin at location
                NAME          TYPE       VALUE
                ----          ----       -----
                LEU           float      0.313957    
                U1            float      0.488985    
                U2            float      0.335892    
                TEU           float      0.472478    
                LED           float      -0.141906   
                D1            float      0.380071    
                D2            float      0.191462    
                TED           float      0.154860    
Current time: 2017-04-30 00:15:55
Status: 1 pending, 87 complete.
ID(s) of pending job(s) for LL, Dmin: 88


Fitting GP to 88 data for LL task...
Fitting GP to 88 data for Dmin task...

Solving Multi-objective global optimization of posterior means!

Global Optimization finished. Size of the pareto set: 12 opt. 10 observed.


Getting suggestion for LL, Dmin...

Computing PESM for LL, Dmin
Optimizing PESM with L-BFGS (numerically estimating gradients)

Suggestion: task(s) LL,Dmin at location
                NAME          TYPE       VALUE
                ----          ----       -----
                LEU           float      0.491701    
                U1            float      0.412553    
                U2            float      0.022882    
                TEU           float      0.453628    
                LED           float      -0.314818   
                D1            float      0.340463    
                D2            float      0.297398    
                TED           float      0.106641    
Current time: 2017-04-30 00:16:42
Status: 1 pending, 88 complete.
ID(s) of pending job(s) for LL, Dmin: 89


Fitting GP to 89 data for LL task...
Fitting GP to 89 data for Dmin task...

Solving Multi-objective global optimization of posterior means!

Global Optimization finished. Size of the pareto set: 14 opt. 10 observed.


Getting suggestion for LL, Dmin...

Computing PESM for LL, Dmin
Optimizing PESM with L-BFGS (numerically estimating gradients)

Suggestion: task(s) LL,Dmin at location
                NAME          TYPE       VALUE
                ----          ----       -----
                LEU           float      0.487757    
                U1            float      0.489112    
                U2            float      0.011879    
                TEU           float      0.184154    
                LED           float      -0.229758   
                D1            float      0.101749    
                D2            float      0.155483    
                TED           float      0.273138    
Current time: 2017-04-30 00:17:19
Status: 1 pending, 89 complete.
ID(s) of pending job(s) for LL, Dmin: 90


Fitting GP to 90 data for LL task...
Fitting GP to 90 data for Dmin task...

Solving Multi-objective global optimization of posterior means!

Global Optimization finished. Size of the pareto set: 15 opt. 10 observed.


Getting suggestion for LL, Dmin...

Computing PESM for LL, Dmin
Optimizing PESM with L-BFGS (numerically estimating gradients)

Suggestion: task(s) LL,Dmin at location
                NAME          TYPE       VALUE
                ----          ----       -----
                LEU           float      0.132794    
                U1            float      0.413795    
                U2            float      0.014675    
                TEU           float      0.384925    
                LED           float      -0.123263   
                D1            float      0.474154    
                D2            float      0.366471    
                TED           float      0.234675    
Current time: 2017-04-30 00:17:58
Status: 1 pending, 90 complete.
ID(s) of pending job(s) for LL, Dmin: 91
** Failed jobs(s) for LL, Dmin: 91

Fitting GP to 90 data for LL task...
Fitting GP to 90 data for Dmin task...

Solving Multi-objective global optimization of posterior means!
