Job launching after 0.32 seconds in submission.
Running python job.
Changed into dir /home/simonx/Documents/Udacity/Projects/capstone/PESM_NSGA2_CST_XFoil
Importing evaluationFunctionXFoil.py
Running evaluationFunctionXFoil.main()
0
1
2
0.04
resp: 
 ===================================================
  XFOIL Version 6.97
  Copyright (C) 2000   Mark Drela, Harold Youngren

  This software comes with ABSOLUTELY NO WARRANTY,
    subject to the GNU General Public License.

  Caveat computor
 ===================================================

 File  xfoil.def  not found

   QUIT    Exit program

  .OPER    Direct operating point(s)
  .MDES    Complex mapping design routine
  .QDES    Surface speed design routine
  .GDES    Geometry design routine

   SAVE f  Write airfoil to labeled coordinate file
   PSAV f  Write airfoil to plain coordinate file
   ISAV f  Write airfoil to ISES coordinate file
   MSAV f  Write airfoil to MSES coordinate file
   REVE    Reverse written-airfoil node ordering
   DELI i  Change written-airfoil file delimiters

   LOAD f  Read buffer airfoil from coordinate file
   NACA i  Set NACA 4,5-digit airfoil and buffer airfoil
   INTE    Set buffer airfoil by interpolating two airfoils
   NORM    Buffer airfoil normalization toggle
   HALF    Halve the number of points in buffer airfoil
   XYCM rr Change CM reference location, currently  0.25000 0.00000

   BEND    Display structural properties of current airfoil

   PCOP    Set current-airfoil panel nodes directly from buffer airfoil points
   PANE    Set current-airfoil panel nodes ( 160 ) based on curvature
  .PPAR    Show/change paneling

  .PLOP    Plotting options

   WDEF f  Write  current-settings file
   RDEF f  Reread current-settings file
   NAME s  Specify new airfoil name
   NINC    Increment name version number

   Z       Zoom    | (available in all menus)
   U       Unzoom  | 

 XFOIL   c>   ...............................................

  G raphics-enable flag:        T
  S ize of plot object          10.00"
  A spect ratio of plot object   0.5500
  P age dimensions              11.00 x  8.50"
  M argins from page edges       0.00",  0.00"
  F ont size (relative)          0.0150
  W indow/screen size fraction   0.8000
  B lowup input method:        Cursor    
  O rientation of plot:        Landscape 
  C olor PostScript output?     F

      Option, Value   (or <Return>)    c>   ...............................................

  G raphics-enable flag:        F
  S ize of plot object          10.00"
  A spect ratio of plot object   0.5500
  P age dimensions              11.00 x  8.50"
  M argins from page edges       0.00",  0.00"
  F ont size (relative)          0.0150
  W indow/screen size fraction   0.8000
  B lowup input method:        Cursor    
  O rientation of plot:        Landscape 
  C olor PostScript output?     F

      Option, Value   (or <Return>)    c>  
 XFOIL   c>  
 Labeled airfoil file.  Name:  000146                                          

 Number of input coordinate points: 200
 Clockwise ordering
 Max thickness =     0.179441  at x =   0.206
 Max camber    =     0.090036  at x =   0.594

  LE  x,y  =  -0.00000   0.00003  |   Chord =   0.99988
  TE  x,y  =   0.99988   0.00006  |

 Current airfoil nodes set from buffer airfoil nodes ( 200 )

 XFOIL   c>  
 You are working with the buffer airfoil

.GDES   c>  
  i       x        y      angle
   2   0.9990   0.0005    0.063
   3   0.9978   0.0011    0.026
   4   0.9961   0.0020    0.109
   5   0.9938   0.0030    0.104
   6   0.9911   0.0044    0.123
   7   0.9880   0.0059    0.143
   8   0.9843   0.0077    0.171
   9   0.9801   0.0097    0.183
  10   0.9755   0.0119    0.210
  11   0.9704   0.0143    0.231
  12   0.9649   0.0169    0.241
  13   0.9589   0.0197    0.273
  14   0.9524   0.0226    0.280
  15   0.9455   0.0258    0.312
  16   0.9382   0.0290    0.321
  17   0.9304   0.0324    0.335
  18   0.9222   0.0360    0.364
  19   0.9135   0.0396    0.382
  20   0.9045   0.0434    0.387
  21   0.8951   0.0472    0.414
  22   0.8853   0.0511    0.426
  23   0.8751   0.0551    0.448
  24   0.8645   0.0592    0.455
  25   0.8536   0.0632    0.477
  26   0.8423   0.0673    0.490
  27   0.8307   0.0715    0.502
  28   0.8187   0.0756    0.524
  29   0.8065   0.0796    0.527
  30   0.7939   0.0837    0.550
  31   0.7810   0.0877    0.562
  32   0.7679   0.0917    0.568
  33   0.7545   0.0956    0.588
  34   0.7409   0.0994    0.597
  35   0.7270   0.1032    0.612
  36   0.7129   0.1068    0.619
  37   0.6986   0.1103    0.635
  38   0.6841   0.1137    0.646
  39   0.6694   0.1170    0.653
  40   0.6545   0.1201    0.666
  41   0.6395   0.1231    0.680
  42   0.6243   0.1259    0.682
  43   0.6091   0.1286    0.699
  44   0.5937   0.1310    0.709
  45   0.5782   0.1333    0.716
  46   0.5627   0.1355    0.724
  47   0.5471   0.1374    0.735
  48   0.5314   0.1391    0.742
  49   0.5157   0.1406    0.754
  50   0.5000   0.1419    0.758
  51   0.4843   0.1430    0.767
  52   0.4686   0.1439    0.775
  53   0.4529   0.1446    0.788
  54   0.4373   0.1451    0.789
  55   0.4218   0.1453    0.803
  56   0.4063   0.1453    0.804
  57   0.3909   0.1452    0.811
  58   0.3757   0.1448    0.824
  59   0.3605   0.1441    0.825
  60   0.3455   0.1433    0.838
  61   0.3306   0.1423    0.840
  62   0.3159   0.1410    0.855
  63   0.3014   0.1396    0.861
  64   0.2871   0.1379    0.869
  65   0.2730   0.1361    0.879
  66   0.2591   0.1341    0.889
  67   0.2455   0.1319    0.906
  68   0.2321   0.1295    0.914
  69   0.2190   0.1269    0.930
  70   0.2061   0.1242    0.950
  71   0.1935   0.1213    0.970
  72   0.1813   0.1183    0.993
  73   0.1693   0.1151    1.016
  74   0.1577   0.1118    1.044
  75   0.1464   0.1084    1.087
  76   0.1355   0.1049    1.114
  77   0.1249   0.1012    1.168
  78   0.1147   0.0974    1.219
  79   0.1049   0.0935    1.277
  80   0.0955   0.0896    1.341
  81   0.0865   0.0855    1.426
  82   0.0778   0.0814    1.516
  83   0.0696   0.0772    1.629
  84   0.0618   0.0730    1.736
  85   0.0545   0.0687    1.878
  86   0.0476   0.0643    2.050
  87   0.0411   0.0599    2.225
  88   0.0351   0.0554    2.432
  89   0.0296   0.0509    2.679
  90   0.0245   0.0464    2.952
  91   0.0199   0.0418    3.247
  92   0.0157   0.0372    3.610
  93   0.0120   0.0326    3.949
  94   0.0089   0.0280    4.366
  95   0.0062   0.0233    4.758
  96   0.0039   0.0187    5.144
  97   0.0022   0.0140    5.510
  98   0.0010   0.0094    5.780
  99   0.0002   0.0047    5.971
 100   0.0000   0.0000    6.110
 101   0.0002  -0.0046    6.135
 102   0.0010  -0.0091    6.036
 103   0.0022  -0.0137    5.905
 104   0.0039  -0.0181    5.694
 105   0.0062  -0.0225    5.472
 106   0.0089  -0.0267    5.244
 107   0.0120  -0.0309    4.946
 108   0.0157  -0.0349    4.713
 109   0.0199  -0.0387    4.436
 110   0.0245  -0.0424    4.199
 111   0.0296  -0.0458    3.950
 112   0.0351  -0.0490    3.720
 113   0.0411  -0.0520    3.502
 114   0.0476  -0.0548    3.307
 115   0.0545  -0.0572    3.110
 116   0.0618  -0.0594    2.926
 117   0.0696  -0.0613    2.766
 118   0.0778  -0.0629    2.590
 119   0.0865  -0.0641    2.444
 120   0.0955  -0.0651    2.290
 121   0.1049  -0.0656    2.149
 122   0.1147  -0.0659    2.017
 123   0.1249  -0.0658    1.889
 124   0.1355  -0.0653    1.750
 125   0.1464  -0.0645    1.643
 126   0.1577  -0.0633    1.507
 127   0.1693  -0.0618    1.403
 128   0.1813  -0.0599    1.288
 129   0.1935  -0.0577    1.171
 130   0.2061  -0.0552    1.068
 131   0.2190  -0.0524    0.963
 132   0.2321  -0.0493    0.859
 133   0.2455  -0.0459    0.753
 134   0.2591  -0.0423    0.663
 135   0.2730  -0.0384    0.559
 136   0.2871  -0.0343    0.460
 137   0.3014  -0.0301    0.371
 138   0.3159  -0.0256    0.277
 139   0.3306  -0.0211    0.185
 140   0.3455  -0.0164    0.092
 141   0.3605  -0.0116    0.011
 142   0.3757  -0.0068   -0.084
 143   0.3909  -0.0020   -0.163
 144   0.4063   0.0028   -0.250
 145   0.4218   0.0075   -0.332
 146   0.4373   0.0122   -0.411
 147   0.4529   0.0167   -0.488
 148   0.4686   0.0212   -0.565
 149   0.4843   0.0255   -0.637
 150   0.5000   0.0296   -0.706
 151   0.5157   0.0334   -0.774
 152   0.5314   0.0371   -0.835
 153   0.5471   0.0405   -0.896
 154   0.5627   0.0437   -0.949
 155   0.5782   0.0465   -0.998
 156   0.5937   0.0491   -1.045
 157   0.6091   0.0514   -1.082
 158   0.6243   0.0534   -1.112
 159   0.6395   0.0550   -1.145
 160   0.6545   0.0564   -1.163
 161   0.6694   0.0574   -1.179
 162   0.6841   0.0581   -1.180
 163   0.6986   0.0585   -1.191
 164   0.7129   0.0586   -1.181
 165   0.7270   0.0584   -1.172
 166   0.7409   0.0579   -1.158
 167   0.7545   0.0571   -1.137
 168   0.7679   0.0561   -1.108
 169   0.7810   0.0549   -1.077
 170   0.7939   0.0534   -1.051
 171   0.8065   0.0518   -1.004
 172   0.8187   0.0499   -0.964
 173   0.8307   0.0479   -0.930
 174   0.8423   0.0458   -0.879
 175   0.8536   0.0435   -0.842
 176   0.8645   0.0412   -0.786
 177   0.8751   0.0388   -0.740
 178   0.8853   0.0363   -0.705
 179   0.8951   0.0338   -0.649
 180   0.9045   0.0312   -0.606
 181   0.9135   0.0287   -0.566
 182   0.9222   0.0262   -0.514
 183   0.9304   0.0237   -0.482
 184   0.9382   0.0213   -0.438
 185   0.9455   0.0190   -0.394
 186   0.9524   0.0168   -0.374
 187   0.9589   0.0146   -0.320
 188   0.9649   0.0126   -0.300
 189   0.9704   0.0107   -0.250
 190   0.9755   0.0089   -0.242
 191   0.9801   0.0072   -0.195
 192   0.9843   0.0058   -0.200
 193   0.9880   0.0044   -0.123
 194   0.9911   0.0033   -0.152
 195   0.9938   0.0023   -0.089
 196   0.9961   0.0015   -0.074
 197   0.9978   0.0008   -0.096
 198   0.9990   0.0004   -0.021
 199   0.9998   0.0001    0.026

 Maximum panel corner angle =  6.135   at  i,x,y  = 101   0.0002  -0.0046

 Enter corner angle criterion for refinement (deg):   3.068
 Enter type of spline parameter (1=uniform, 2=arclength):   1
 Enter refinement x limits:  -0.10000   1.10000
 Number of points added:           50
 Max thickness =     0.179440  at x =   0.206
 Max camber    =     0.090048  at x =   0.594

 Maximum panel corner angle =  2.766   at  i,x,y  = 167   0.0696  -0.0613

.GDES   c>  
 Buffer airfoil is not identical to current airfoil

 XFOIL   c>  
 Blunt trailing edge.  Gap =  0.00028

 Paneling parameters used...
   Number of panel nodes       160
   Panel bunching parameter    1.000
   TE/LE panel density ratio   0.150
   Refined-area/LE panel density ratio    0.200
   Top    side refined area x/c limits  1.000 1.000
   Bottom side refined area x/c limits  1.000 1.000

 XFOIL   c>  
Enter output filename   s>  
 XFOIL   c>  
.OPERi   c>   Current iteration limit:          20

Enter new iteration limit   i>  
Enter new iteration limit   i>  
Enter new iteration limit   i>  
.OPERi   c>  
 M  =    0.0000
 Re =  0.3000E+06

.OPERv   c>  
 Sonic Cp =   -420.65      Sonic Q/Qinf =    22.825


.OPERv   c>  
 Polar  1 newly created for accumulation
 Airfoil archived with polar: 000146                                          

Enter  polar save filename  OR  <return> for no file   s>  
 New polar save file available

Enter  polar dump filename  OR  <return> for no file   s>  
 Polar dump file will NOT be written

 Polar accumulation enabled

.OPERva   c>   Calculating unit vorticity distributions ...
 Calculating wake trajectory ...
 Calculating source influence matrix ...

 Solving BL system ...

 Initializing BL ...
    side            1  ...
 MRCHUE: Inverse mode at  62     Hk =   4.244
 MRCHUE: Inverse mode at  63     Hk =   4.981
 MRCHUE: Inverse mode at  64     Hk =   5.704
 MRCHUE: Inverse mode at  65     Hk =   6.416
 MRCHUE: Inverse mode at  66     Hk =   7.119
 MRCHUE: Inverse mode at  67     Hk =   7.815
 MRCHUE: Inverse mode at  68     Hk =   8.507
 MRCHUE: Inverse mode at  69     Hk =   6.837
 MRCHUE: Inverse mode at  70     Hk =   4.369
 MRCHUE: Inverse mode at  71     Hk =   2.816
 MRCHUE: Inverse mode at  86     Hk =   2.500
    side            2  ...
 MRCHUE: Inverse mode at  33     Hk =   4.298
 MRCHUE: Inverse mode at  34     Hk =   5.161
 MRCHUE: Inverse mode at  35     Hk =   6.029
 MRCHUE: Inverse mode at  36     Hk =   6.910
 MRCHUE: Inverse mode at  37     Hk =   7.809
 MRCHUE: Inverse mode at  38     Hk =   8.728
 MRCHUE: Inverse mode at  39     Hk =   9.666
 MRCHUE: Inverse mode at  40     Hk =   5.296
 MRCHUE: Inverse mode at  41     Hk =   3.153
 MRCHUE: Inverse mode at  42     Hk =   2.500

 Side 1  free  transition at x/c =  0.6797   69
 Side 2  free  transition at x/c =  0.3178   40

   1   rms: 0.2870E+00   max: -.1177E+01   D at   54  2   RLX: 0.425
       a =  2.000      CL =  1.4771
      Cm = -0.3217     CD =  0.01563   =>   CDf =  0.00620    CDp =  0.00943

 Side 1  free  transition at x/c =  0.6891   69
 Side 2  free  transition at x/c =  0.3157   39

   2   rms: 0.1091E+00   max: 0.1071E+01   T at   39  2   RLX: 0.606
       a =  2.000      CL =  1.4229
      Cm = -0.3081     CD =  0.01619   =>   CDf =  0.00647    CDp =  0.00972

 MRCHDU: Convergence failed at  69  side 1    Res =  0.1461E+02
 MRCHDU: Convergence failed at  70  side 1    Res =  0.6045E+01
 MRCHDU: Convergence failed at  71  side 1    Res =  0.2583E+01
 MRCHDU: Convergence failed at  72  side 1    Res =  0.5149E+01
 MRCHDU: Convergence failed at  73  side 1    Res =  0.9634E+01
 MRCHDU: Convergence failed at  74  side 1    Res =  0.1598E+02
 MRCHDU: Convergence failed at  75  side 1    Res =  0.2111E+02
 MRCHDU: Convergence failed at  76  side 1    Res =  0.2108E+02
 MRCHDU: Convergence failed at  77  side 1    Res =  0.1799E+02
 MRCHDU: Convergence failed at  78  side 1    Res =  0.1460E+02
 MRCHDU: Convergence failed at  79  side 1    Res =  0.1193E+02
 MRCHDU: Convergence failed at  80  side 1    Res =  0.8710E+01
 MRCHDU: Convergence failed at  81  side 1    Res =  0.1284E+02
 MRCHDU: Convergence failed at  82  side 1    Res =  0.2167E+02
 MRCHDU: Convergence failed at  83  side 1    Res =  0.5862E+02
 MRCHDU: Convergence failed at  84  side 1    Res =  0.7018E+02
 MRCHDU: Convergence failed at  85  side 1    Res =  0.2129E+02
 Side 1  free  transition at x/c =  0.7046   69
 Side 2  free  transition at x/c =  0.3003   40

   3   rms: 0.4815E+00   max: 0.2311E+01   D at   85  1   RLX: 0.649
       a =  2.000      CL =  1.4003
      Cm = -0.3398     CD =  0.00879   =>   CDf =  0.00498    CDp =  0.00382

 Side 1  free  transition at x/c =  0.6850   68
 Side 2  free  transition at x/c =  0.2965   40

   4   rms: 0.1309E+00   max: -.4962E+00   D at   78  2   RLX: 0.671
       a =  2.000      CL =  1.3693
      Cm = -0.3049     CD =  0.01612   =>   CDf =  0.00645    CDp =  0.00966

 Side 1  free  transition at x/c =  0.7063   69
 Side 2  free  transition at x/c =  0.2955   39

   5   rms: 0.7183E-01   max: 0.4400E+00   D at   85  1
       a =  2.000      CL =  1.3892
      Cm = -0.3006     CD =  0.01513   =>   CDf =  0.00631    CDp =  0.00882

 Side 1  free  transition at x/c =  0.7090   69
 Side 2  free  transition at x/c =  0.2955   39

   6   rms: 0.1256E-01   max: -.8698E-01   D at   85  1
       a =  2.000      CL =  1.3754
      Cm = -0.2980     CD =  0.01568   =>   CDf =  0.00622    CDp =  0.00945

 Side 1  free  transition at x/c =  0.7077   69
 Side 2  free  transition at x/c =  0.2949   39

   7   rms: 0.6780E-03   max: -.6375E-02   D at   85  1
       a =  2.000      CL =  1.3747
      Cm = -0.2979     CD =  0.01568   =>   CDf =  0.00621    CDp =  0.00947

 Side 1  free  transition at x/c =  0.7077   69
 Side 2  free  transition at x/c =  0.2948   39

   8   rms: 0.7762E-05   max: -.3839E-04   D at   60  2
       a =  2.000      CL =  1.3747
      Cm = -0.2979     CD =  0.01568   =>   CDf =  0.00621    CDp =  0.00947

 Point added to stored polar  1
 Point written to save file  000146M0.04.log                                 
 Dump file unspecified or not available
 Calculating wake trajectory ...
 Calculating source influence matrix ...

 Solving BL system ...

 Side 1  free  transition at x/c =  0.7077   69
 Side 2  free  transition at x/c =  0.2948   39

   1   rms: 0.1461E+00   max: -.8473E+00   T at   39  2   RLX: 0.590
       a =  3.000      CL =  1.4355
      Cm = -0.2966     CD =  0.01604   =>   CDf =  0.00603    CDp =  0.01000

 MRCHDU: Convergence failed at  39  side 2    Res =  0.5596E+01
 MRCHDU: Convergence failed at  40  side 2    Res =  0.1457E+03
 MRCHDU: Convergence failed at  41  side 2    Res =  0.9420E+01
 MRCHDU: Convergence failed at  42  side 2    Res =  0.7228E+01
 MRCHDU: Convergence failed at  43  side 2    Res =  0.1354E+02
 MRCHDU: Convergence failed at  44  side 2    Res =  0.1468E+02
 MRCHDU: Convergence failed at  45  side 2    Res =  0.1474E+02
 MRCHDU: Convergence failed at  46  side 2    Res =  0.1225E+02
 MRCHDU: Convergence failed at  47  side 2    Res =  0.1562E+02
 MRCHDU: Convergence failed at  48  side 2    Res =  0.2131E+02
 MRCHDU: Convergence failed at  49  side 2    Res =  0.2690E+02
 MRCHDU: Convergence failed at  50  side 2    Res =  0.3129E+02
 MRCHDU: Convergence failed at  51  side 2    Res =  0.3546E+02
 MRCHDU: Convergence failed at  52  side 2    Res =  0.3952E+02
 MRCHDU: Convergence failed at  53  side 2    Res =  0.4289E+02
 MRCHDU: Convergence failed at  54  side 2    Res =  0.4659E+02
 MRCHDU: Convergence failed at  55  side 2    Res =  0.4919E+02
 MRCHDU: Convergence failed at  56  side 2    Res =  0.4942E+02
 MRCHDU: Convergence failed at  57  side 2    Res =  0.4935E+02
 MRCHDU: Convergence failed at  58  side 2    Res =  0.4584E+02
 MRCHDU: Convergence failed at  59  side 2    Res =  0.4301E+02
 MRCHDU: Convergence failed at  60  side 2    Res =  0.4116E+02
 MRCHDU: Convergence failed at  61  side 2    Res =  0.3728E+02
 MRCHDU: Convergence failed at  62  side 2    Res =  0.3340E+02
 MRCHDU: Convergence failed at  63  side 2    Res =  0.2980E+02
 MRCHDU: Convergence failed at  64  side 2    Res =  0.2620E+02
 MRCHDU: Convergence failed at  65  side 2    Res =  0.2314E+02
 MRCHDU: Convergence failed at  66  side 2    Res =  0.2781E+02
 MRCHDU: Convergence failed at  67  side 2    Res =  0.1982E+02
 MRCHDU: Convergence failed at  68  side 2    Res =  0.2271E+02
 MRCHDU: Convergence failed at  69  side 2    Res =  0.2718E+02
 MRCHDU: Convergence failed at  70  side 2    Res =  0.3479E+02
 MRCHDU: Convergence failed at  71  side 2    Res =  0.5037E+02
 MRCHDU: Convergence failed at  72  side 2    Res =  0.1064E+03
 MRCHDU: Convergence failed at  73  side 2    Res =  0.4140E+03
 MRCHDU: Convergence failed at  74  side 2    Res =  0.6643E+02
 MRCHDU: Convergence failed at  75  side 2    Res =  0.3998E+02
 Side 1  free  transition at x/c =  0.6886   69
 Side 2  free  transition at x/c =  0.3088   39

   2   rms: 0.7722E+00   max: 0.2779E+01   D at   53  2   RLX: 0.540
       a =  3.000      CL =  1.2115
      Cm = -0.2102     CD =  0.01508   =>   CDf =  0.00505    CDp =  0.01003

 MRCHDU: Convergence failed at  63  side 2    Res =  0.7504E-01
 MRCHDU: Convergence failed at  64  side 2    Res =  0.2160E-03
 Side 1  free  transition at x/c =  0.6858   69
 Side 2  free  transition at x/c =  0.2898   38

   3   rms: 0.2988E+00   max: -.2163E+01   T at   38  2   RLX: 0.231
       a =  3.000      CL =  1.3357
      Cm = -0.2522     CD =  0.02184   =>   CDf =  0.00557    CDp =  0.01627

 MRCHDU: Convergence failed at  63  side 2    Res =  0.2897E+00
 MRCHDU: Convergence failed at  64  side 2    Res =  0.6511E+00
 MRCHDU: Convergence failed at  68  side 2    Res =  0.1966E+00
 MRCHDU: Convergence failed at  69  side 2    Res =  0.4606E+00
 MRCHDU: Convergence failed at  70  side 2    Res =  0.4794E+00
 MRCHDU: Convergence failed at  71  side 2    Res =  0.5066E+00
 MRCHDU: Convergence failed at  72  side 2    Res =  0.5390E+00
 MRCHDU: Convergence failed at  73  side 2    Res =  0.5755E+00
 MRCHDU: Convergence failed at  74  side 2    Res =  0.6160E+00
 MRCHDU: Convergence failed at  75  side 2    Res =  0.6592E+00
 MRCHDU: Convergence failed at  76  side 2    Res =  0.9431E+00
 Side 1  free  transition at x/c =  0.6847   69
 Side 2  free  transition at x/c =  0.3020   39

   4   rms: 0.9369E+00   max: -.3031E+01   D at   78  2   RLX: 0.165
       a =  3.000      CL =  1.2458
      Cm = -0.2643     CD =  0.03026   =>   CDf =  0.00510    CDp =  0.02516

 Side 1  free  transition at x/c =  0.6818   68
 Side 2  free  transition at x/c =  0.3054   40

   5   rms: 0.7130E+00   max: -.3946E+01   D at   77  2   RLX: 0.127
       a =  3.000      CL =  1.2513
      Cm = -0.2704     CD =  0.02493   =>   CDf =  0.00497    CDp =  0.01997

 Side 1  free  transition at x/c =  0.6811   68
 Side 2  free  transition at x/c =  0.3102   40

   6   rms: 0.1779E+01   max: -.8624E+01   D at   73  2   RLX: 0.058
       a =  3.000      CL =  1.2833
      Cm = -0.2808     CD =  0.02110   =>   CDf =  0.00502    CDp =  0.01608

 Side 1  free  transition at x/c =  0.6809   68
 Side 2  free  transition at x/c =  0.3250   41

   7   rms: 0.9772E+00   max: -.4453E+01   D at   73  2   RLX: 0.112
       a =  3.000      CL =  1.3217
      Cm = -0.2891     CD =  0.01789   =>   CDf =  0.00517    CDp =  0.01272

 Side 1  free  transition at x/c =  0.6809   68
 Side 2  free  transition at x/c =  0.3312   41

   8   rms: 0.5148E+00   max: -.2465E+01   D at   66  2   RLX: 0.203
       a =  3.000      CL =  1.3664
      Cm = -0.2939     CD =  0.01664   =>   CDf =  0.00523    CDp =  0.01141

 Side 1  free  transition at x/c =  0.6810   69
 Side 2  free  transition at x/c =  0.3325   40

   9   rms: 0.9483E+00   max: 0.1631E+02   D at    2  1   RLX: 0.077
       a =  3.000      CL =  1.3757
      Cm = -0.2939     CD =  0.01706   =>   CDf =  0.00557    CDp =  0.01149

 Side 1  free  transition at x/c =  0.6810   69
 Side 2  free  transition at x/c =  0.3312   40

  10   rms: 0.2279E+00   max: -.1160E+01   D at   69  2   RLX: 0.431
       a =  3.000      CL =  1.4329
      Cm = -0.2978     CD =  0.01589   =>   CDf =  0.00562    CDp =  0.01027

 Side 1  free  transition at x/c =  0.6808   69
 Side 2  free  transition at x/c =  0.3242   40

  11   rms: 0.1278E+00   max: -.8992E+00   D at   70  2   RLX: 0.556
       a =  3.000      CL =  1.4681
      Cm = -0.2987     CD =  0.01583   =>   CDf =  0.00586    CDp =  0.00998

 Side 1  free  transition at x/c =  0.6806   69
 Side 2  free  transition at x/c =  0.3187   40

  12   rms: 0.6486E-01   max: -.6092E+00   D at   70  2   RLX: 0.821
       a =  3.000      CL =  1.4865
      Cm = -0.2981     CD =  0.01592   =>   CDf =  0.00604    CDp =  0.00988

 Side 1  free  transition at x/c =  0.6804   69
 Side 2  free  transition at x/c =  0.3154   39

  13   rms: 0.2023E-01   max: -.2208E+00   D at   70  2
       a =  3.000      CL =  1.4864
      Cm = -0.2969     CD =  0.01597   =>   CDf =  0.00613    CDp =  0.00984

 Side 1  free  transition at x/c =  0.6804   69
 Side 2  free  transition at x/c =  0.3125   39

  14   rms: 0.1932E-02   max: -.1264E-01   D at   70  2
       a =  3.000      CL =  1.4861
      Cm = -0.2968     CD =  0.01598   =>   CDf =  0.00612    CDp =  0.00985

 Side 1  free  transition at x/c =  0.6804   69
 Side 2  free  transition at x/c =  0.3123   39

  15   rms: 0.4762E-05   max: -.4825E-04   D at   70  2
       a =  3.000      CL =  1.4861
      Cm = -0.2968     CD =  0.01598   =>   CDf =  0.00612    CDp =  0.00986

 Point added to stored polar  1
 Point written to save file  000146M0.04.log                                 
 Dump file unspecified or not available
 Calculating wake trajectory ...
 Calculating source influence matrix ...

 Solving BL system ...

 Side 1  free  transition at x/c =  0.6804   69
 Side 2  free  transition at x/c =  0.3123   39

   1   rms: 0.1463E+00   max: -.7255E+00   T at   39  2   RLX: 0.689
       a =  4.000      CL =  1.5635
      Cm = -0.2963     CD =  0.01616   =>   CDf =  0.00593    CDp =  0.01023

 Side 1  free  transition at x/c =  0.6595   69
 Side 2  free  transition at x/c =  0.3307   39

   2   rms: 0.7513E-01   max: 0.8299E+00   D at   39  2
       a =  4.000      CL =  1.5960
      Cm = -0.2956     CD =  0.01627   =>   CDf =  0.00599    CDp =  0.01028

 Side 1  free  transition at x/c =  0.6488   69
 Side 2  free  transition at x/c =  0.3326   38

   3   rms: 0.1620E-01   max: 0.1221E+00   D at   39  2
       a =  4.000      CL =  1.5991
      Cm = -0.2959     CD =  0.01637   =>   CDf =  0.00622    CDp =  0.01015

 Side 1  free  transition at x/c =  0.6506   70
 Side 2  free  transition at x/c =  0.3305   38

   4   rms: 0.2886E-02   max: -.4062E-01   D at   69  1
       a =  4.000      CL =  1.5972
      Cm = -0.2956     CD =  0.01638   =>   CDf =  0.00620    CDp =  0.01018

 Side 1  free  transition at x/c =  0.6506   70
 Side 2  free  transition at x/c =  0.3303   38

   5   rms: 0.1943E-03   max: 0.1903E-02   T at   70  1
       a =  4.000      CL =  1.5973
      Cm = -0.2956     CD =  0.01638   =>   CDf =  0.00617    CDp =  0.01022

 Side 1  free  transition at x/c =  0.6505   70
 Side 2  free  transition at x/c =  0.3303   38

   6   rms: 0.2747E-05   max: 0.1320E-04   D at   80  2
       a =  4.000      CL =  1.5973
      Cm = -0.2956     CD =  0.01638   =>   CDf =  0.00617    CDp =  0.01022

 Point added to stored polar  1
 Point written to save file  000146M0.04.log                                 
 Dump file unspecified or not available
 Calculating wake trajectory ...
 Calculating source influence matrix ...

 Solving BL system ...

 Side 1  free  transition at x/c =  0.6505   70
 Side 2  free  transition at x/c =  0.3303   38

   1   rms: 0.1586E+00   max: -.6865E+00   T at   38  2   RLX: 0.728
       a =  5.000      CL =  1.6943
      Cm = -0.2978     CD =  0.01675   =>   CDf =  0.00597    CDp =  0.01078

 Side 1  free  transition at x/c =  0.6254   69
 Side 2  free  transition at x/c =  0.3493   38

   2   rms: 0.6228E-01   max: 0.4944E+00   D at   38  2
       a =  5.000      CL =  1.6941
      Cm = -0.2916     CD =  0.01660   =>   CDf =  0.00613    CDp =  0.01046

 Side 1  free  transition at x/c =  0.6157   69
 Side 2  free  transition at x/c =  0.3491   38

   3   rms: 0.8128E-02   max: -.7244E-01   D at   71  1
       a =  5.000      CL =  1.6929
      Cm = -0.2915     CD =  0.01711   =>   CDf =  0.00607    CDp =  0.01104

 Side 1  free  transition at x/c =  0.6137   69
 Side 2  free  transition at x/c =  0.3485   38

   4   rms: 0.4660E-03   max: -.3297E-02   D at   71  1
       a =  5.000      CL =  1.6931
      Cm = -0.2916     CD =  0.01712   =>   CDf =  0.00611    CDp =  0.01101

 Side 1  free  transition at x/c =  0.6137   69
 Side 2  free  transition at x/c =  0.3485   38

   5   rms: 0.8253E-05   max: -.3641E-04   D at   85  1
       a =  5.000      CL =  1.6931
      Cm = -0.2916     CD =  0.01712   =>   CDf =  0.00611    CDp =  0.01101

 Point added to stored polar  1
 Point written to save file  000146M0.04.log                                 
 Dump file unspecified or not available
 Calculating wake trajectory ...
 Calculating source influence matrix ...

 Solving BL system ...

 Side 1  free  transition at x/c =  0.6137   69
 Side 2  free  transition at x/c =  0.3485   38

   1   rms: 0.1415E+00   max: -.5860E+00   T at   38  2   RLX: 0.853
       a =  6.000      CL =  1.7797
      Cm = -0.2889     CD =  0.01782   =>   CDf =  0.00590    CDp =  0.01192

 Side 1  free  transition at x/c =  0.5803   68
 Side 2  free  transition at x/c =  0.3656   38

   2   rms: 0.3812E-01   max: 0.3814E+00   D at   69  1
       a =  6.000      CL =  1.7755
      Cm = -0.2852     CD =  0.01839   =>   CDf =  0.00619    CDp =  0.01220

 Side 1  free  transition at x/c =  0.5720   68
 Side 2  free  transition at x/c =  0.3671   38

   3   rms: 0.4182E-02   max: -.2420E-01   C at   68  1
       a =  6.000      CL =  1.7772
      Cm = -0.2854     CD =  0.01827   =>   CDf =  0.00616    CDp =  0.01211

 Side 1  free  transition at x/c =  0.5728   68
 Side 2  free  transition at x/c =  0.3673   38

   4   rms: 0.1523E-03   max: -.9695E-03   D at   80  2
       a =  6.000      CL =  1.7773
      Cm = -0.2854     CD =  0.01827   =>   CDf =  0.00613    CDp =  0.01213

 Side 1  free  transition at x/c =  0.5727   68
 Side 2  free  transition at x/c =  0.3673   38

   5   rms: 0.1355E-05   max: -.7601E-05   D at   86  1
       a =  6.000      CL =  1.7773
      Cm = -0.2854     CD =  0.01827   =>   CDf =  0.00614    CDp =  0.01213

 Point added to stored polar  1
 Point written to save file  000146M0.04.log                                 
 Dump file unspecified or not available
 Calculating wake trajectory ...
 Calculating source influence matrix ...

 Solving BL system ...

 Side 1  free  transition at x/c =  0.5727   68
 Side 2  free  transition at x/c =  0.3673   38

   1   rms: 0.1350E+00   max: -.5887E+00   D at   69  1   RLX: 0.849
       a =  7.000      CL =  1.8439
      Cm = -0.2792     CD =  0.01951   =>   CDf =  0.00591    CDp =  0.01360

 Side 1  free  transition at x/c =  0.5351   67
 Side 2  free  transition at x/c =  0.3811   37

   2   rms: 0.7960E-01   max: -.3661E+00   D at   38  2
       a =  7.000      CL =  1.8202
      Cm = -0.2717     CD =  0.02045   =>   CDf =  0.00617    CDp =  0.01428

 Side 1  free  transition at x/c =  0.5293   67
 Side 2  free  transition at x/c =  0.3863   38

   3   rms: 0.3402E-01   max: 0.3530E+00   D at   38  2
       a =  7.000      CL =  1.8360
      Cm = -0.2749     CD =  0.02020   =>   CDf =  0.00621    CDp =  0.01399

 Side 1  free  transition at x/c =  0.5286   67
 Side 2  free  transition at x/c =  0.3858   38

   4   rms: 0.5072E-02   max: 0.4568E-01   D at   38  2
       a =  7.000      CL =  1.8363
      Cm = -0.2749     CD =  0.02020   =>   CDf =  0.00621    CDp =  0.01400

 Side 1  free  transition at x/c =  0.5285   67
 Side 2  free  transition at x/c =  0.3856   38

   5   rms: 0.1813E-04   max: 0.1954E-03   T at   38  2
       a =  7.000      CL =  1.8363
      Cm = -0.2749     CD =  0.02020   =>   CDf =  0.00620    CDp =  0.01400

 Point added to stored polar  1
 Point written to save file  000146M0.04.log                                 
 Dump file unspecified or not available
 Calculating wake trajectory ...
 Calculating source influence matrix ...

 Solving BL system ...

 Side 1  free  transition at x/c =  0.5285   67
 Side 2  free  transition at x/c =  0.3856   38

   1   rms: 0.1405E+00   max: -.7516E+00   T at   38  2   RLX: 0.665
       a =  8.000      CL =  1.8814
      Cm = -0.2692     CD =  0.02175   =>   CDf =  0.00596    CDp =  0.01579

 Side 1  free  transition at x/c =  0.4950   66
 Side 2  free  transition at x/c =  0.3961   37

   2   rms: 0.8084E-01   max: -.3677E+00   D at   37  2
       a =  8.000      CL =  1.8858
      Cm = -0.2638     CD =  0.02322   =>   CDf =  0.00613    CDp =  0.01709

 Side 1  free  transition at x/c =  0.4770   65
 Side 2  free  transition at x/c =  0.4043   37

   3   rms: 0.7152E-02   max: -.8435E-01   C at   65  1
       a =  8.000      CL =  1.8853
      Cm = -0.2637     CD =  0.02323   =>   CDf =  0.00625    CDp =  0.01698

 Side 1  free  transition at x/c =  0.4786   65
 Side 2  free  transition at x/c =  0.4035   37

   4   rms: 0.7426E-03   max: -.5838E-02   D at   67  1
       a =  8.000      CL =  1.8859
      Cm = -0.2638     CD =  0.02322   =>   CDf =  0.00620    CDp =  0.01702

 Side 1  free  transition at x/c =  0.4783   65
 Side 2  free  transition at x/c =  0.4035   37

   5   rms: 0.9516E-05   max: 0.6443E-04   D at   38  2
       a =  8.000      CL =  1.8859
      Cm = -0.2638     CD =  0.02322   =>   CDf =  0.00620    CDp =  0.01702

 Point added to stored polar  1
 Point written to save file  000146M0.04.log                                 
 Dump file unspecified or not available
 Calculating wake trajectory ...
 Calculating source influence matrix ...

 Solving BL system ...

 Side 1  free  transition at x/c =  0.4783   65
 Side 2  free  transition at x/c =  0.4035   37

   1   rms: 0.1340E+00   max: -.7326E+00   T at   37  2   RLX: 0.682
       a =  9.000      CL =  1.9176
      Cm = -0.2564     CD =  0.02568   =>   CDf =  0.00595    CDp =  0.01973

 MRCHDU: Convergence failed at  38  side 2    Res =  0.1418E+01
 MRCHDU: Convergence failed at  39  side 2    Res =  0.9154E+01
 MRCHDU: Convergence failed at  40  side 2    Res =  0.2435E+01
 MRCHDU: Convergence failed at  41  side 2    Res =  0.2233E+01
 MRCHDU: Convergence failed at  42  side 2    Res =  0.2511E+01
 MRCHDU: Convergence failed at  43  side 2    Res =  0.3147E+01
 MRCHDU: Convergence failed at  44  side 2    Res =  0.3873E+01
 MRCHDU: Convergence failed at  45  side 2    Res =  0.4609E+01
 MRCHDU: Convergence failed at  46  side 2    Res =  0.5458E+01
 MRCHDU: Convergence failed at  47  side 2    Res =  0.6380E+01
 MRCHDU: Convergence failed at  48  side 2    Res =  0.7335E+01
 MRCHDU: Convergence failed at  49  side 2    Res =  0.8313E+01
 MRCHDU: Convergence failed at  50  side 2    Res =  0.9278E+01
 MRCHDU: Convergence failed at  51  side 2    Res =  0.1024E+02
 MRCHDU: Convergence failed at  52  side 2    Res =  0.1117E+02
 MRCHDU: Convergence failed at  53  side 2    Res =  0.1165E+02
 MRCHDU: Convergence failed at  54  side 2    Res =  0.1153E+02
 MRCHDU: Convergence failed at  55  side 2    Res =  0.1170E+02
 MRCHDU: Convergence failed at  56  side 2    Res =  0.1137E+02
 MRCHDU: Convergence failed at  57  side 2    Res =  0.1049E+02
 MRCHDU: Convergence failed at  58  side 2    Res =  0.9050E+01
 MRCHDU: Convergence failed at  59  side 2    Res =  0.7308E+01
 MRCHDU: Convergence failed at  60  side 2    Res =  0.5585E+01
 MRCHDU: Convergence failed at  61  side 2    Res =  0.4008E+01
 MRCHDU: Convergence failed at  62  side 2    Res =  0.2694E+01
 MRCHDU: Convergence failed at  63  side 2    Res =  0.1890E+01
 MRCHDU: Convergence failed at  64  side 2    Res =  0.1265E+01
 Side 1  free  transition at x/c =  0.4356   64
 Side 2  free  transition at x/c =  0.4231   37

   2   rms: 0.2369E+00   max: 0.1003E+01   T at   39  2   RLX: 0.743
       a =  9.000      CL =  1.9096
      Cm = -0.2459     CD =  0.02629   =>   CDf =  0.00546    CDp =  0.02082

 Side 1  free  transition at x/c =  0.4227   63
 Side 2  free  transition at x/c =  0.4236   37

   3   rms: 0.8773E-01   max: 0.4621E+00   D at   43  2
       a =  9.000      CL =  1.9235
      Cm = -0.2523     CD =  0.02772   =>   CDf =  0.00654    CDp =  0.02118

 Side 1  free  transition at x/c =  0.4210   63
 Side 2  free  transition at x/c =  0.4229   37

   4   rms: 0.6925E-02   max: 0.6492E-01   D at   38  2
       a =  9.000      CL =  1.9215
      Cm = -0.2518     CD =  0.02769   =>   CDf =  0.00627    CDp =  0.02143

 Side 1  free  transition at x/c =  0.4212   63
 Side 2  free  transition at x/c =  0.4209   37

   5   rms: 0.2040E-03   max: -.1998E-02   D at   38  2
       a =  9.000      CL =  1.9216
      Cm = -0.2518     CD =  0.02769   =>   CDf =  0.00626    CDp =  0.02143

 Side 1  free  transition at x/c =  0.4212   63
 Side 2  free  transition at x/c =  0.4209   37

   6   rms: 0.1369E-05   max: 0.5702E-05   T at   69  2
       a =  9.000      CL =  1.9216
      Cm = -0.2518     CD =  0.02769   =>   CDf =  0.00626    CDp =  0.02143

 Point added to stored polar  1
 Point written to save file  000146M0.04.log                                 
 Dump file unspecified or not available
 Calculating wake trajectory ...
 Calculating source influence matrix ...

 Solving BL system ...

 Side 1  free  transition at x/c =  0.4212   63
 Side 2  free  transition at x/c =  0.4209   37

   1   rms: 0.1307E+00   max: 0.5609E+00   C at   63  1   RLX: 0.897
       a = 10.000      CL =  1.9600
      Cm = -0.2429     CD =  0.03190   =>   CDf =  0.00601    CDp =  0.02589

 Side 1  free  transition at x/c =  0.3571   61
 Side 2  free  transition at x/c =  0.4446   37

   2   rms: 0.5701E-01   max: 0.5427E+00   D at   37  2
       a = 10.000      CL =  1.9429
      Cm = -0.2397     CD =  0.03412   =>   CDf =  0.00655    CDp =  0.02757

 Side 1  free  transition at x/c =  0.3597   61
 Side 2  free  transition at x/c =  0.4414   37

   3   rms: 0.1223E-01   max: 0.1310E+00   D at   38  2
       a = 10.000      CL =  1.9424
      Cm = -0.2395     CD =  0.03407   =>   CDf =  0.00635    CDp =  0.02771

 Side 1  free  transition at x/c =  0.3576   61
 Side 2  free  transition at x/c =  0.4380   37

   4   rms: 0.8430E-03   max: -.8093E-02   D at   37  2
       a = 10.000      CL =  1.9424
      Cm = -0.2395     CD =  0.03406   =>   CDf =  0.00638    CDp =  0.02769

 Side 1  free  transition at x/c =  0.3576   61
 Side 2  free  transition at x/c =  0.4381   37

   5   rms: 0.2845E-05   max: 0.1809E-04   C at   61  1
       a = 10.000      CL =  1.9424
      Cm = -0.2395     CD =  0.03407   =>   CDf =  0.00638    CDp =  0.02769

 Point added to stored polar  1
 Point written to save file  000146M0.04.log                                 
 Dump file unspecified or not available
 Calculating wake trajectory ...
 Calculating source influence matrix ...

 Solving BL system ...

 Side 1  free  transition at x/c =  0.3576   61
 Side 2  free  transition at x/c =  0.4381   37

   1   rms: 0.1393E+00   max: 0.1146E+01   C at   61  1   RLX: 0.762
       a = 11.000      CL =  1.9571
      Cm = -0.2307     CD =  0.03964   =>   CDf =  0.00612    CDp =  0.03352

 Side 1  free  transition at x/c =  0.3038   59
 Side 2  free  transition at x/c =  0.4494   37

   2   rms: 0.7286E-01   max: -.4514E+00   T at   37  2
       a = 11.000      CL =  1.9585
      Cm = -0.2287     CD =  0.04212   =>   CDf =  0.00668    CDp =  0.03544

 Side 1  free  transition at x/c =  0.2887   58
 Side 2  free  transition at x/c =  0.4571   37

   3   rms: 0.2733E-01   max: -.1899E+00   D at   37  2
       a = 11.000      CL =  1.9458
      Cm = -0.2272     CD =  0.04307   =>   CDf =  0.00663    CDp =  0.03644

 Side 1  free  transition at x/c =  0.2914   59
 Side 2  free  transition at x/c =  0.4544   37

   4   rms: 0.4684E-02   max: -.4120E-01   C at   59  1
       a = 11.000      CL =  1.9490
      Cm = -0.2275     CD =  0.04273   =>   CDf =  0.00661    CDp =  0.03613

 Side 1  free  transition at x/c =  0.2917   59
 Side 2  free  transition at x/c =  0.4548   37

   5   rms: 0.2014E-03   max: 0.3035E-02   C at   59  1
       a = 11.000      CL =  1.9490
      Cm = -0.2275     CD =  0.04275   =>   CDf =  0.00658    CDp =  0.03616

 Side 1  free  transition at x/c =  0.2916   59
 Side 2  free  transition at x/c =  0.4548   37

   6   rms: 0.5496E-05   max: 0.3028E-04   D at   81  2
       a = 11.000      CL =  1.9490
      Cm = -0.2275     CD =  0.04275   =>   CDf =  0.00659    CDp =  0.03616

 Point added to stored polar  1
 Point written to save file  000146M0.04.log                                 
 Dump file unspecified or not available
 Calculating wake trajectory ...
 Calculating source influence matrix ...

 Solving BL system ...

 Side 1  free  transition at x/c =  0.2916   59
 Side 2  free  transition at x/c =  0.4548   37

   1   rms: 0.1546E+00   max: 0.1318E+01   C at   59  1   RLX: 0.629
       a = 12.000      CL =  1.9429
      Cm = -0.2198     CD =  0.04988   =>   CDf =  0.00660    CDp =  0.04328

 Side 1  free  transition at x/c =  0.2551   57
 Side 2  free  transition at x/c =  0.4645   37

   2   rms: 0.6269E-01   max: -.3689E+00   D at   57  1
       a = 12.000      CL =  1.9450
      Cm = -0.2167     CD =  0.05406   =>   CDf =  0.00639    CDp =  0.04768

 Side 1  free  transition at x/c =  0.2339   56
 Side 2  free  transition at x/c =  0.4731   37

   3   rms: 0.1265E-01   max: 0.1226E+00   D at   57  1
       a = 12.000      CL =  1.9492
      Cm = -0.2172     CD =  0.05340   =>   CDf =  0.00677    CDp =  0.04664

 Side 1  free  transition at x/c =  0.2329   56
 Side 2  free  transition at x/c =  0.4730   37

   4   rms: 0.8514E-03   max: 0.1263E-01   C at   56  1
       a = 12.000      CL =  1.9496
      Cm = -0.2173     CD =  0.05336   =>   CDf =  0.00675    CDp =  0.04661

 Side 1  free  transition at x/c =  0.2325   56
 Side 2  free  transition at x/c =  0.4730   37

   5   rms: 0.1475E-04   max: 0.7346E-04   D at   82  1
       a = 12.000      CL =  1.9496
      Cm = -0.2173     CD =  0.05336   =>   CDf =  0.00675    CDp =  0.04661

 Point added to stored polar  1
 Point written to save file  000146M0.04.log                                 
 Dump file unspecified or not available
 Calculating wake trajectory ...
 Calculating source influence matrix ...

 Solving BL system ...

 Side 1  free  transition at x/c =  0.2325   56
 Side 2  free  transition at x/c =  0.4730   37

   1   rms: 0.1287E+00   max: 0.8411E+00   C at   56  1   RLX: 0.573
       a = 13.000      CL =  1.9659
      Cm = -0.2133     CD =  0.05849   =>   CDf =  0.00677    CDp =  0.05173

 Side 1  free  transition at x/c =  0.2000   54
 Side 2  free  transition at x/c =  0.4826   37

   2   rms: 0.6283E-01   max: -.2793E+00   T at   37  2
       a = 13.000      CL =  1.9640
      Cm = -0.2098     CD =  0.06393   =>   CDf =  0.00694    CDp =  0.05700

 Side 1  free  transition at x/c =  0.1826   53
 Side 2  free  transition at x/c =  0.4934   38

   3   rms: 0.1950E-01   max: 0.1232E+00   D at   80  1
       a = 13.000      CL =  1.9469
      Cm = -0.2089     CD =  0.06565   =>   CDf =  0.00694    CDp =  0.05871

 Side 1  free  transition at x/c =  0.1848   53
 Side 2  free  transition at x/c =  0.4909   38

   4   rms: 0.6415E-02   max: -.1278E+00   C at   53  1
       a = 13.000      CL =  1.9460
      Cm = -0.2088     CD =  0.06553   =>   CDf =  0.00691    CDp =  0.05862

 Side 1  free  transition at x/c =  0.1850   53
 Side 2  free  transition at x/c =  0.4908   38

   5   rms: 0.6189E-02   max: -.1262E+00   C at   53  1
       a = 13.000      CL =  1.9461
      Cm = -0.2088     CD =  0.06552   =>   CDf =  0.00691    CDp =  0.05861

 Side 1  free  transition at x/c =  0.1850   53
 Side 2  free  transition at x/c =  0.4908   38

   6   rms: 0.6211E-02   max: -.1267E+00   C at   53  1
       a = 13.000      CL =  1.9461
      Cm = -0.2088     CD =  0.06552   =>   CDf =  0.00691    CDp =  0.05861

 Side 1  free  transition at x/c =  0.1850   53
 Side 2  free  transition at x/c =  0.4908   38

   7   rms: 0.6207E-02   max: -.1266E+00   C at   53  1
       a = 13.000      CL =  1.9461
      Cm = -0.2088     CD =  0.06552   =>   CDf =  0.00691    CDp =  0.05861

 Side 1  free  transition at x/c =  0.1850   53
 Side 2  free  transition at x/c =  0.4908   38

   8   rms: 0.6208E-02   max: -.1266E+00   C at   53  1
       a = 13.000      CL =  1.9461
      Cm = -0.2088     CD =  0.06552   =>   CDf =  0.00691    CDp =  0.05861

 Side 1  free  transition at x/c =  0.1850   53
 Side 2  free  transition at x/c =  0.4908   38

   9   rms: 0.6208E-02   max: -.1266E+00   C at   53  1
       a = 13.000      CL =  1.9461
      Cm = -0.2088     CD =  0.06552   =>   CDf =  0.00691    CDp =  0.05861

 Side 1  free  transition at x/c =  0.1850   53
 Side 2  free  transition at x/c =  0.4908   38

  10   rms: 0.6208E-02   max: -.1266E+00   C at   53  1
       a = 13.000      CL =  1.9461
      Cm = -0.2088     CD =  0.06552   =>   CDf =  0.00691    CDp =  0.05861

 Side 1  free  transition at x/c =  0.1850   53
 Side 2  free  transition at x/c =  0.4908   38

  11   rms: 0.6208E-02   max: -.1266E+00   C at   53  1
       a = 13.000      CL =  1.9461
      Cm = -0.2088     CD =  0.06552   =>   CDf =  0.00691    CDp =  0.05861

 Side 1  free  transition at x/c =  0.1850   53
 Side 2  free  transition at x/c =  0.4908   38

  12   rms: 0.6208E-02   max: -.1266E+00   C at   53  1
       a = 13.000      CL =  1.9461
      Cm = -0.2088     CD =  0.06552   =>   CDf =  0.00691    CDp =  0.05861

 Side 1  free  transition at x/c =  0.1850   53
 Side 2  free  transition at x/c =  0.4908   38

  13   rms: 0.6208E-02   max: -.1266E+00   C at   53  1
       a = 13.000      CL =  1.9461
      Cm = -0.2088     CD =  0.06552   =>   CDf =  0.00691    CDp =  0.05861

 Side 1  free  transition at x/c =  0.1850   53
 Side 2  free  transition at x/c =  0.4908   38

  14   rms: 0.6208E-02   max: -.1266E+00   C at   53  1
       a = 13.000      CL =  1.9461
      Cm = -0.2088     CD =  0.06552   =>   CDf =  0.00691    CDp =  0.05861

 Side 1  free  transition at x/c =  0.1850   53
 Side 2  free  transition at x/c =  0.4908   38

  15   rms: 0.6208E-02   max: -.1266E+00   C at   53  1
       a = 13.000      CL =  1.9461
      Cm = -0.2088     CD =  0.06552   =>   CDf =  0.00691    CDp =  0.05861

 Side 1  free  transition at x/c =  0.1850   53
 Side 2  free  transition at x/c =  0.4908   38

  16   rms: 0.6208E-02   max: -.1266E+00   C at   53  1
       a = 13.000      CL =  1.9461
      Cm = -0.2088     CD =  0.06552   =>   CDf =  0.00691    CDp =  0.05861

 Side 1  free  transition at x/c =  0.1850   53
 Side 2  free  transition at x/c =  0.4908   38

  17   rms: 0.6208E-02   max: -.1266E+00   C at   53  1
       a = 13.000      CL =  1.9461
      Cm = -0.2088     CD =  0.06552   =>   CDf =  0.00691    CDp =  0.05861

 Side 1  free  transition at x/c =  0.1850   53
 Side 2  free  transition at x/c =  0.4908   38

  18   rms: 0.6208E-02   max: -.1266E+00   C at   53  1
       a = 13.000      CL =  1.9461
      Cm = -0.2088     CD =  0.06552   =>   CDf =  0.00691    CDp =  0.05861

 Side 1  free  transition at x/c =  0.1850   53
 Side 2  free  transition at x/c =  0.4908   38

  19   rms: 0.6208E-02   max: -.1266E+00   C at   53  1
       a = 13.000      CL =  1.9461
      Cm = -0.2088     CD =  0.06552   =>   CDf =  0.00691    CDp =  0.05861

 Side 1  free  transition at x/c =  0.1850   53
 Side 2  free  transition at x/c =  0.4908   38

  20   rms: 0.6208E-02   max: -.1266E+00   C at   53  1
       a = 13.000      CL =  1.9461
      Cm = -0.2088     CD =  0.06552   =>   CDf =  0.00691    CDp =  0.05861

 Side 1  free  transition at x/c =  0.1850   53
 Side 2  free  transition at x/c =  0.4908   38

  21   rms: 0.6208E-02   max: -.1266E+00   C at   53  1
       a = 13.000      CL =  1.9461
      Cm = -0.2088     CD =  0.06552   =>   CDf =  0.00691    CDp =  0.05861

 Side 1  free  transition at x/c =  0.1850   53
 Side 2  free  transition at x/c =  0.4908   38

  22   rms: 0.6208E-02   max: -.1266E+00   C at   53  1
       a = 13.000      CL =  1.9461
      Cm = -0.2088     CD =  0.06552   =>   CDf =  0.00691    CDp =  0.05861

 Side 1  free  transition at x/c =  0.1850   53
 Side 2  free  transition at x/c =  0.4908   38

  23   rms: 0.6208E-02   max: -.1266E+00   C at   53  1
       a = 13.000      CL =  1.9461
      Cm = -0.2088     CD =  0.06552   =>   CDf =  0.00691    CDp =  0.05861

 Side 1  free  transition at x/c =  0.1850   53
 Side 2  free  transition at x/c =  0.4908   38

  24   rms: 0.6208E-02   max: -.1266E+00   C at   53  1
       a = 13.000      CL =  1.9461
      Cm = -0.2088     CD =  0.06552   =>   CDf =  0.00691    CDp =  0.05861

 Side 1  free  transition at x/c =  0.1850   53
 Side 2  free  transition at x/c =  0.4908   38

  25   rms: 0.6208E-02   max: -.1266E+00   C at   53  1
       a = 13.000      CL =  1.9461
      Cm = -0.2088     CD =  0.06552   =>   CDf =  0.00691    CDp =  0.05861
 VISCAL:  Convergence failed
 Calculating wake trajectory ...
 Calculating source influence matrix ...

 Solving BL system ...

 Side 1  free  transition at x/c =  0.1850   53
 Side 2  free  transition at x/c =  0.4908   38

   1   rms: 0.1421E+00   max: -.9286E+00   T at   38  2   RLX: 0.520
       a = 14.000      CL =  1.9761
      Cm = -0.2073     CD =  0.06899   =>   CDf =  0.00661    CDp =  0.06238

 Side 1  free  transition at x/c =  0.1618   53
 Side 2  free  transition at x/c =  0.5050   37

   2   rms: 0.6736E-01   max: -.3693E+00   D at   53  1
       a = 14.000      CL =  1.9567
      Cm = -0.2029     CD =  0.07764   =>   CDf =  0.00694    CDp =  0.07070

 Side 1  free  transition at x/c =  0.1520   52
 Side 2  free  transition at x/c =  0.5122   38

   3   rms: 0.1113E-01   max: 0.9630E-01   D at   79  1
       a = 14.000      CL =  1.9481
      Cm = -0.2025     CD =  0.07799   =>   CDf =  0.00683    CDp =  0.07115

 Side 1  free  transition at x/c =  0.1520   52
 Side 2  free  transition at x/c =  0.5110   37

   4   rms: 0.8393E-03   max: 0.9879E-02   D at   80  2
       a = 14.000      CL =  1.9485
      Cm = -0.2024     CD =  0.07779   =>   CDf =  0.00679    CDp =  0.07100

 Side 1  free  transition at x/c =  0.1519   52
 Side 2  free  transition at x/c =  0.5110   37

   5   rms: 0.4770E-04   max: -.2943E-03   D at   79  2
       a = 14.000      CL =  1.9485
      Cm = -0.2024     CD =  0.07780   =>   CDf =  0.00679    CDp =  0.07100

 Point added to stored polar  1
 Point written to save file  000146M0.04.log                                 
 Dump file unspecified or not available
 Calculating wake trajectory ...
 Calculating source influence matrix ...

 Solving BL system ...

 Side 1  free  transition at x/c =  0.1519   52
 Side 2  free  transition at x/c =  0.5110   37

   1   rms: 0.1219E+00   max: -.7013E+00   T at   37  2   RLX: 0.449
       a = 15.000      CL =  1.9563
      Cm = -0.2003     CD =  0.08320   =>   CDf =  0.00682    CDp =  0.07638

 MRCHDU: Convergence failed at  39  side 2    Res =  0.2094E+01
 MRCHDU: Convergence failed at  40  side 2    Res =  0.2534E+01
 MRCHDU: Convergence failed at  41  side 2    Res =  0.1767E+01
 MRCHDU: Convergence failed at  42  side 2    Res =  0.2802E+01
 MRCHDU: Convergence failed at  43  side 2    Res =  0.3910E+01
 MRCHDU: Convergence failed at  44  side 2    Res =  0.5225E+01
 MRCHDU: Convergence failed at  45  side 2    Res =  0.6679E+01
 MRCHDU: Convergence failed at  46  side 2    Res =  0.7762E+01
 MRCHDU: Convergence failed at  47  side 2    Res =  0.8250E+01
 MRCHDU: Convergence failed at  48  side 2    Res =  0.7966E+01
 MRCHDU: Convergence failed at  49  side 2    Res =  0.7079E+01
 MRCHDU: Convergence failed at  50  side 2    Res =  0.5815E+01
 MRCHDU: Convergence failed at  51  side 2    Res =  0.4523E+01
 MRCHDU: Convergence failed at  52  side 2    Res =  0.3393E+01
 MRCHDU: Convergence failed at  53  side 2    Res =  0.2352E+01
 MRCHDU: Convergence failed at  54  side 2    Res =  0.1694E+01
 Side 1  free  transition at x/c =  0.1394   51
 Side 2  free  transition at x/c =  0.5265   38

   2   rms: 0.1275E+00   max: 0.6940E+00   T at   41  2   RLX: 0.754
       a = 15.000      CL =  1.9626
      Cm = -0.1977     CD =  0.08789   =>   CDf =  0.00598    CDp =  0.08190

 Side 1  free  transition at x/c =  0.1291   51
 Side 2  free  transition at x/c =  0.5338   38

   3   rms: 0.3681E-01   max: 0.2234E+00   D at   43  2
       a = 15.000      CL =  1.9478
      Cm = -0.1978     CD =  0.09165   =>   CDf =  0.00688    CDp =  0.08477

 Side 1  free  transition at x/c =  0.1286   51
 Side 2  free  transition at x/c =  0.5314   38

   4   rms: 0.1597E-02   max: 0.1352E-01   D at   80  2
       a = 15.000      CL =  1.9473
      Cm = -0.1976     CD =  0.09108   =>   CDf =  0.00669    CDp =  0.08438

 Side 1  free  transition at x/c =  0.1286   51
 Side 2  free  transition at x/c =  0.5312   38

   5   rms: 0.4474E-04   max: 0.6187E-03   D at   80  2
       a = 15.000      CL =  1.9473
      Cm = -0.1976     CD =  0.09108   =>   CDf =  0.00670    CDp =  0.08438

 Point added to stored polar  1
 Point written to save file  000146M0.04.log                                 
 Dump file unspecified or not available

.OPERva   c>  
 XFOIL   c>  
0.1
resp: 
 ===================================================
  XFOIL Version 6.97
  Copyright (C) 2000   Mark Drela, Harold Youngren

  This software comes with ABSOLUTELY NO WARRANTY,
    subject to the GNU General Public License.

  Caveat computor
 ===================================================

 File  xfoil.def  not found

   QUIT    Exit program

  .OPER    Direct operating point(s)
  .MDES    Complex mapping design routine
  .QDES    Surface speed design routine
  .GDES    Geometry design routine

   SAVE f  Write airfoil to labeled coordinate file
   PSAV f  Write airfoil to plain coordinate file
   ISAV f  Write airfoil to ISES coordinate file
   MSAV f  Write airfoil to MSES coordinate file
   REVE    Reverse written-airfoil node ordering
   DELI i  Change written-airfoil file delimiters

   LOAD f  Read buffer airfoil from coordinate file
   NACA i  Set NACA 4,5-digit airfoil and buffer airfoil
   INTE    Set buffer airfoil by interpolating two airfoils
   NORM    Buffer airfoil normalization toggle
   HALF    Halve the number of points in buffer airfoil
   XYCM rr Change CM reference location, currently  0.25000 0.00000

   BEND    Display structural properties of current airfoil

   PCOP    Set current-airfoil panel nodes directly from buffer airfoil points
   PANE    Set current-airfoil panel nodes ( 160 ) based on curvature
  .PPAR    Show/change paneling

  .PLOP    Plotting options

   WDEF f  Write  current-settings file
   RDEF f  Reread current-settings file
   NAME s  Specify new airfoil name
   NINC    Increment name version number

   Z       Zoom    | (available in all menus)
   U       Unzoom  | 

 XFOIL   c>   ...............................................

  G raphics-enable flag:        T
  S ize of plot object          10.00"
  A spect ratio of plot object   0.5500
  P age dimensions              11.00 x  8.50"
  M argins from page edges       0.00",  0.00"
  F ont size (relative)          0.0150
  W indow/screen size fraction   0.8000
  B lowup input method:        Cursor    
  O rientation of plot:        Landscape 
  C olor PostScript output?     F

      Option, Value   (or <Return>)    c>   ...............................................

  G raphics-enable flag:        F
  S ize of plot object          10.00"
  A spect ratio of plot object   0.5500
  P age dimensions              11.00 x  8.50"
  M argins from page edges       0.00",  0.00"
  F ont size (relative)          0.0150
  W indow/screen size fraction   0.8000
  B lowup input method:        Cursor    
  O rientation of plot:        Landscape 
  C olor PostScript output?     F

      Option, Value   (or <Return>)    c>  
 XFOIL   c>  
 Labeled airfoil file.  Name:  000146                                          

 Number of input coordinate points: 200
 Clockwise ordering
 Max thickness =     0.179441  at x =   0.206
 Max camber    =     0.090036  at x =   0.594

  LE  x,y  =  -0.00000   0.00003  |   Chord =   0.99988
  TE  x,y  =   0.99988   0.00006  |

 Current airfoil nodes set from buffer airfoil nodes ( 200 )

 XFOIL   c>  
 You are working with the buffer airfoil

.GDES   c>  
  i       x        y      angle
   2   0.9990   0.0005    0.063
   3   0.9978   0.0011    0.026
   4   0.9961   0.0020    0.109
   5   0.9938   0.0030    0.104
   6   0.9911   0.0044    0.123
   7   0.9880   0.0059    0.143
   8   0.9843   0.0077    0.171
   9   0.9801   0.0097    0.183
  10   0.9755   0.0119    0.210
  11   0.9704   0.0143    0.231
  12   0.9649   0.0169    0.241
  13   0.9589   0.0197    0.273
  14   0.9524   0.0226    0.280
  15   0.9455   0.0258    0.312
  16   0.9382   0.0290    0.321
  17   0.9304   0.0324    0.335
  18   0.9222   0.0360    0.364
  19   0.9135   0.0396    0.382
  20   0.9045   0.0434    0.387
  21   0.8951   0.0472    0.414
  22   0.8853   0.0511    0.426
  23   0.8751   0.0551    0.448
  24   0.8645   0.0592    0.455
  25   0.8536   0.0632    0.477
  26   0.8423   0.0673    0.490
  27   0.8307   0.0715    0.502
  28   0.8187   0.0756    0.524
  29   0.8065   0.0796    0.527
  30   0.7939   0.0837    0.550
  31   0.7810   0.0877    0.562
  32   0.7679   0.0917    0.568
  33   0.7545   0.0956    0.588
  34   0.7409   0.0994    0.597
  35   0.7270   0.1032    0.612
  36   0.7129   0.1068    0.619
  37   0.6986   0.1103    0.635
  38   0.6841   0.1137    0.646
  39   0.6694   0.1170    0.653
  40   0.6545   0.1201    0.666
  41   0.6395   0.1231    0.680
  42   0.6243   0.1259    0.682
  43   0.6091   0.1286    0.699
  44   0.5937   0.1310    0.709
  45   0.5782   0.1333    0.716
  46   0.5627   0.1355    0.724
  47   0.5471   0.1374    0.735
  48   0.5314   0.1391    0.742
  49   0.5157   0.1406    0.754
  50   0.5000   0.1419    0.758
  51   0.4843   0.1430    0.767
  52   0.4686   0.1439    0.775
  53   0.4529   0.1446    0.788
  54   0.4373   0.1451    0.789
  55   0.4218   0.1453    0.803
  56   0.4063   0.1453    0.804
  57   0.3909   0.1452    0.811
  58   0.3757   0.1448    0.824
  59   0.3605   0.1441    0.825
  60   0.3455   0.1433    0.838
  61   0.3306   0.1423    0.840
  62   0.3159   0.1410    0.855
  63   0.3014   0.1396    0.861
  64   0.2871   0.1379    0.869
  65   0.2730   0.1361    0.879
  66   0.2591   0.1341    0.889
  67   0.2455   0.1319    0.906
  68   0.2321   0.1295    0.914
  69   0.2190   0.1269    0.930
  70   0.2061   0.1242    0.950
  71   0.1935   0.1213    0.970
  72   0.1813   0.1183    0.993
  73   0.1693   0.1151    1.016
  74   0.1577   0.1118    1.044
  75   0.1464   0.1084    1.087
  76   0.1355   0.1049    1.114
  77   0.1249   0.1012    1.168
  78   0.1147   0.0974    1.219
  79   0.1049   0.0935    1.277
  80   0.0955   0.0896    1.341
  81   0.0865   0.0855    1.426
  82   0.0778   0.0814    1.516
  83   0.0696   0.0772    1.629
  84   0.0618   0.0730    1.736
  85   0.0545   0.0687    1.878
  86   0.0476   0.0643    2.050
  87   0.0411   0.0599    2.225
  88   0.0351   0.0554    2.432
  89   0.0296   0.0509    2.679
  90   0.0245   0.0464    2.952
  91   0.0199   0.0418    3.247
  92   0.0157   0.0372    3.610
  93   0.0120   0.0326    3.949
  94   0.0089   0.0280    4.366
  95   0.0062   0.0233    4.758
  96   0.0039   0.0187    5.144
  97   0.0022   0.0140    5.510
  98   0.0010   0.0094    5.780
  99   0.0002   0.0047    5.971
 100   0.0000   0.0000    6.110
 101   0.0002  -0.0046    6.135
 102   0.0010  -0.0091    6.036
 103   0.0022  -0.0137    5.905
 104   0.0039  -0.0181    5.694
 105   0.0062  -0.0225    5.472
 106   0.0089  -0.0267    5.244
 107   0.0120  -0.0309    4.946
 108   0.0157  -0.0349    4.713
 109   0.0199  -0.0387    4.436
 110   0.0245  -0.0424    4.199
 111   0.0296  -0.0458    3.950
 112   0.0351  -0.0490    3.720
 113   0.0411  -0.0520    3.502
 114   0.0476  -0.0548    3.307
 115   0.0545  -0.0572    3.110
 116   0.0618  -0.0594    2.926
 117   0.0696  -0.0613    2.766
 118   0.0778  -0.0629    2.590
 119   0.0865  -0.0641    2.444
 120   0.0955  -0.0651    2.290
 121   0.1049  -0.0656    2.149
 122   0.1147  -0.0659    2.017
 123   0.1249  -0.0658    1.889
 124   0.1355  -0.0653    1.750
 125   0.1464  -0.0645    1.643
 126   0.1577  -0.0633    1.507
 127   0.1693  -0.0618    1.403
 128   0.1813  -0.0599    1.288
 129   0.1935  -0.0577    1.171
 130   0.2061  -0.0552    1.068
 131   0.2190  -0.0524    0.963
 132   0.2321  -0.0493    0.859
 133   0.2455  -0.0459    0.753
 134   0.2591  -0.0423    0.663
 135   0.2730  -0.0384    0.559
 136   0.2871  -0.0343    0.460
 137   0.3014  -0.0301    0.371
 138   0.3159  -0.0256    0.277
 139   0.3306  -0.0211    0.185
 140   0.3455  -0.0164    0.092
 141   0.3605  -0.0116    0.011
 142   0.3757  -0.0068   -0.084
 143   0.3909  -0.0020   -0.163
 144   0.4063   0.0028   -0.250
 145   0.4218   0.0075   -0.332
 146   0.4373   0.0122   -0.411
 147   0.4529   0.0167   -0.488
 148   0.4686   0.0212   -0.565
 149   0.4843   0.0255   -0.637
 150   0.5000   0.0296   -0.706
 151   0.5157   0.0334   -0.774
 152   0.5314   0.0371   -0.835
 153   0.5471   0.0405   -0.896
 154   0.5627   0.0437   -0.949
 155   0.5782   0.0465   -0.998
 156   0.5937   0.0491   -1.045
 157   0.6091   0.0514   -1.082
 158   0.6243   0.0534   -1.112
 159   0.6395   0.0550   -1.145
 160   0.6545   0.0564   -1.163
 161   0.6694   0.0574   -1.179
 162   0.6841   0.0581   -1.180
 163   0.6986   0.0585   -1.191
 164   0.7129   0.0586   -1.181
 165   0.7270   0.0584   -1.172
 166   0.7409   0.0579   -1.158
 167   0.7545   0.0571   -1.137
 168   0.7679   0.0561   -1.108
 169   0.7810   0.0549   -1.077
 170   0.7939   0.0534   -1.051
 171   0.8065   0.0518   -1.004
 172   0.8187   0.0499   -0.964
 173   0.8307   0.0479   -0.930
 174   0.8423   0.0458   -0.879
 175   0.8536   0.0435   -0.842
 176   0.8645   0.0412   -0.786
 177   0.8751   0.0388   -0.740
 178   0.8853   0.0363   -0.705
 179   0.8951   0.0338   -0.649
 180   0.9045   0.0312   -0.606
 181   0.9135   0.0287   -0.566
 182   0.9222   0.0262   -0.514
 183   0.9304   0.0237   -0.482
 184   0.9382   0.0213   -0.438
 185   0.9455   0.0190   -0.394
 186   0.9524   0.0168   -0.374
 187   0.9589   0.0146   -0.320
 188   0.9649   0.0126   -0.300
 189   0.9704   0.0107   -0.250
 190   0.9755   0.0089   -0.242
 191   0.9801   0.0072   -0.195
 192   0.9843   0.0058   -0.200
 193   0.9880   0.0044   -0.123
 194   0.9911   0.0033   -0.152
 195   0.9938   0.0023   -0.089
 196   0.9961   0.0015   -0.074
 197   0.9978   0.0008   -0.096
 198   0.9990   0.0004   -0.021
 199   0.9998   0.0001    0.026

 Maximum panel corner angle =  6.135   at  i,x,y  = 101   0.0002  -0.0046

 Enter corner angle criterion for refinement (deg):   3.068
 Enter type of spline parameter (1=uniform, 2=arclength):   1
 Enter refinement x limits:  -0.10000   1.10000
 Number of points added:           50
 Max thickness =     0.179440  at x =   0.206
 Max camber    =     0.090048  at x =   0.594

 Maximum panel corner angle =  2.766   at  i,x,y  = 167   0.0696  -0.0613

.GDES   c>  
 Buffer airfoil is not identical to current airfoil

 XFOIL   c>  
 Blunt trailing edge.  Gap =  0.00028

 Paneling parameters used...
   Number of panel nodes       160
   Panel bunching parameter    1.000
   TE/LE panel density ratio   0.150
   Refined-area/LE panel density ratio    0.200
   Top    side refined area x/c limits  1.000 1.000
   Bottom side refined area x/c limits  1.000 1.000

 XFOIL   c>  
.OPERi   c>   Current iteration limit:          20

Enter new iteration limit   i>  
Enter new iteration limit   i>  
Enter new iteration limit   i>  
.OPERi   c>  
 M  =    0.0000
 Re =  0.3000E+06

.OPERv   c>  
 Sonic Cp =    -66.86      Sonic Q/Qinf =     9.138


.OPERv   c>  
 Polar  1 newly created for accumulation
 Airfoil archived with polar: 000146                                          

Enter  polar save filename  OR  <return> for no file   s>  
 New polar save file available

Enter  polar dump filename  OR  <return> for no file   s>  
 Polar dump file will NOT be written

 Polar accumulation enabled

.OPERva   c>   Calculating unit vorticity distributions ...
 Calculating wake trajectory ...
 Calculating source influence matrix ...

 Solving BL system ...

 Initializing BL ...
    side            1  ...
 MRCHUE: Inverse mode at  62     Hk =   4.300
 MRCHUE: Inverse mode at  63     Hk =   5.037
 MRCHUE: Inverse mode at  64     Hk =   5.759
 MRCHUE: Inverse mode at  65     Hk =   6.471
 MRCHUE: Inverse mode at  66     Hk =   7.174
 MRCHUE: Inverse mode at  67     Hk =   7.871
 MRCHUE: Inverse mode at  68     Hk =   8.563
 MRCHUE: Inverse mode at  69     Hk =   6.518
 MRCHUE: Inverse mode at  70     Hk =   4.181
 MRCHUE: Inverse mode at  71     Hk =   2.684
 MRCHUE: Inverse mode at  86     Hk =   2.500
    side            2  ...
 MRCHUE: Inverse mode at  33     Hk =   4.317
 MRCHUE: Inverse mode at  34     Hk =   5.180
 MRCHUE: Inverse mode at  35     Hk =   6.049
 MRCHUE: Inverse mode at  36     Hk =   6.931
 MRCHUE: Inverse mode at  37     Hk =   7.830
 MRCHUE: Inverse mode at  38     Hk =   8.750
 MRCHUE: Inverse mode at  39     Hk =   9.689
 MRCHUE: Inverse mode at  40     Hk =   5.177
 MRCHUE: Inverse mode at  41     Hk =   3.117
 MRCHUE: Inverse mode at  42     Hk =   2.500

 Side 1  free  transition at x/c =  0.6777   69
 Side 2  free  transition at x/c =  0.3172   40

   1   rms: 0.2922E+00   max: -.1195E+01   D at   53  2   RLX: 0.418
       a =  2.000      CL =  1.4844
      Cm = -0.3229     CD =  0.01567   =>   CDf =  0.00619    CDp =  0.00948

 Side 1  free  transition at x/c =  0.6868   69
 Side 2  free  transition at x/c =  0.3154   39

   2   rms: 0.1130E+00   max: 0.1103E+01   T at   39  2   RLX: 0.595
       a =  2.000      CL =  1.4259
      Cm = -0.3085     CD =  0.01623   =>   CDf =  0.00642    CDp =  0.00981

 Side 1  free  transition at x/c =  0.7021   69
 Side 2  free  transition at x/c =  0.2994   40

   3   rms: 0.1029E+00   max: -.4687E+00   D at   41  2
       a =  2.000      CL =  1.3887
      Cm = -0.3011     CD =  0.01545   =>   CDf =  0.00600    CDp =  0.00945

 Side 1  free  transition at x/c =  0.7054   69
 Side 2  free  transition at x/c =  0.2976   40

   4   rms: 0.1335E-01   max: 0.1710E+00   T at   40  2
       a =  2.000      CL =  1.3808
      Cm = -0.2990     CD =  0.01576   =>   CDf =  0.00616    CDp =  0.00960

 Side 1  free  transition at x/c =  0.7056   69
 Side 2  free  transition at x/c =  0.2950   39

   5   rms: 0.4003E-02   max: 0.5034E-01   T at   39  2
       a =  2.000      CL =  1.3792
      Cm = -0.2986     CD =  0.01581   =>   CDf =  0.00618    CDp =  0.00963

 Side 1  free  transition at x/c =  0.7056   69
 Side 2  free  transition at x/c =  0.2943   39

   6   rms: 0.6227E-03   max: 0.3663E-02   D at   40  2
       a =  2.000      CL =  1.3792
      Cm = -0.2986     CD =  0.01581   =>   CDf =  0.00617    CDp =  0.00964

 Side 1  free  transition at x/c =  0.7056   69
 Side 2  free  transition at x/c =  0.2942   39

   7   rms: 0.4078E-05   max: 0.2163E-04   D at   55  2
       a =  2.000      CL =  1.3792
      Cm = -0.2986     CD =  0.01581   =>   CDf =  0.00617    CDp =  0.00964

 Point added to stored polar  1
 Point written to save file  000146M0.1.log                                  
 Dump file unspecified or not available
 Calculating wake trajectory ...
 Calculating source influence matrix ...

 Solving BL system ...

 Side 1  free  transition at x/c =  0.7056   69
 Side 2  free  transition at x/c =  0.2942   39

   1   rms: 0.1480E+00   max: -.8322E+00   T at   39  2   RLX: 0.601
       a =  3.000      CL =  1.4451
      Cm = -0.2980     CD =  0.01607   =>   CDf =  0.00600    CDp =  0.01008

 MRCHDU: Convergence failed at  39  side 2    Res =  0.3367E+01
 MRCHDU: Convergence failed at  40  side 2    Res =  0.7682E+02
 MRCHDU: Convergence failed at  41  side 2    Res =  0.9923E+01
 MRCHDU: Convergence failed at  42  side 2    Res =  0.7487E+01
 MRCHDU: Convergence failed at  43  side 2    Res =  0.1319E+02
 MRCHDU: Convergence failed at  44  side 2    Res =  0.1444E+02
 MRCHDU: Convergence failed at  45  side 2    Res =  0.1445E+02
 MRCHDU: Convergence failed at  46  side 2    Res =  0.1265E+02
 MRCHDU: Convergence failed at  47  side 2    Res =  0.1629E+02
 MRCHDU: Convergence failed at  48  side 2    Res =  0.2196E+02
 MRCHDU: Convergence failed at  49  side 2    Res =  0.2783E+02
 MRCHDU: Convergence failed at  50  side 2    Res =  0.3219E+02
 MRCHDU: Convergence failed at  51  side 2    Res =  0.3649E+02
 MRCHDU: Convergence failed at  52  side 2    Res =  0.4156E+02
 MRCHDU: Convergence failed at  53  side 2    Res =  0.4526E+02
 MRCHDU: Convergence failed at  54  side 2    Res =  0.4940E+02
 MRCHDU: Convergence failed at  55  side 2    Res =  0.5090E+02
 MRCHDU: Convergence failed at  56  side 2    Res =  0.5249E+02
 MRCHDU: Convergence failed at  57  side 2    Res =  0.5237E+02
 MRCHDU: Convergence failed at  58  side 2    Res =  0.5064E+02
 MRCHDU: Convergence failed at  59  side 2    Res =  0.4585E+02
 MRCHDU: Convergence failed at  60  side 2    Res =  0.4196E+02
 MRCHDU: Convergence failed at  61  side 2    Res =  0.3789E+02
 MRCHDU: Convergence failed at  62  side 2    Res =  0.3389E+02
 MRCHDU: Convergence failed at  63  side 2    Res =  0.3074E+02
 MRCHDU: Convergence failed at  64  side 2    Res =  0.2683E+02
 MRCHDU: Convergence failed at  65  side 2    Res =  0.2363E+02
 MRCHDU: Convergence failed at  66  side 2    Res =  0.2679E+02
 MRCHDU: Convergence failed at  67  side 2    Res =  0.1780E+02
 MRCHDU: Convergence failed at  68  side 2    Res =  0.2232E+02
 MRCHDU: Convergence failed at  69  side 2    Res =  0.2669E+02
 MRCHDU: Convergence failed at  70  side 2    Res =  0.3413E+02
 MRCHDU: Convergence failed at  71  side 2    Res =  0.4932E+02
 MRCHDU: Convergence failed at  72  side 2    Res =  0.1037E+03
 MRCHDU: Convergence failed at  73  side 2    Res =  0.4179E+03
 MRCHDU: Convergence failed at  74  side 2    Res =  0.6484E+02
 MRCHDU: Convergence failed at  75  side 2    Res =  0.3821E+02
 Side 1  free  transition at x/c =  0.6873   69
 Side 2  free  transition at x/c =  0.3088   39

   2   rms: 0.7766E+00   max: 0.2801E+01   D at   53  2   RLX: 0.535
       a =  3.000      CL =  1.2156
      Cm = -0.2103     CD =  0.01514   =>   CDf =  0.00503    CDp =  0.01011

 MRCHDU: Convergence failed at  63  side 2    Res =  0.8099E-01
 MRCHDU: Convergence failed at  64  side 2    Res =  0.1138E-03
 Side 1  free  transition at x/c =  0.6839   69
 Side 2  free  transition at x/c =  0.2895   38

   3   rms: 0.2699E+00   max: -.1768E+01   T at   38  2   RLX: 0.283
       a =  3.000      CL =  1.3501
      Cm = -0.2553     CD =  0.02135   =>   CDf =  0.00568    CDp =  0.01567

 MRCHDU: Convergence failed at  63  side 2    Res =  0.2643E+00
 MRCHDU: Convergence failed at  64  side 2    Res =  0.5991E+00
 MRCHDU: Convergence failed at  68  side 2    Res =  0.2309E+00
 MRCHDU: Convergence failed at  69  side 2    Res =  0.3877E+00
 MRCHDU: Convergence failed at  70  side 2    Res =  0.4073E+00
 MRCHDU: Convergence failed at  71  side 2    Res =  0.4366E+00
 MRCHDU: Convergence failed at  72  side 2    Res =  0.4718E+00
 MRCHDU: Convergence failed at  73  side 2    Res =  0.5108E+00
 MRCHDU: Convergence failed at  74  side 2    Res =  0.5547E+00
 MRCHDU: Convergence failed at  75  side 2    Res =  0.6009E+00
 MRCHDU: Convergence failed at  76  side 2    Res =  0.8610E+00
 Side 1  free  transition at x/c =  0.6824   69
 Side 2  free  transition at x/c =  0.3018   39

   4   rms: 0.9847E+00   max: -.3108E+01   D at   78  2   RLX: 0.161
       a =  3.000      CL =  1.2559
      Cm = -0.2668     CD =  0.03034   =>   CDf =  0.00510    CDp =  0.02524

 Side 1  free  transition at x/c =  0.6798   68
 Side 2  free  transition at x/c =  0.3056   40

   5   rms: 0.7501E+00   max: -.3960E+01   D at   77  2   RLX: 0.126
       a =  3.000      CL =  1.2589
      Cm = -0.2718     CD =  0.02434   =>   CDf =  0.00499    CDp =  0.01935

 Side 1  free  transition at x/c =  0.6792   68
 Side 2  free  transition at x/c =  0.3105   40

   6   rms: 0.2257E+01   max: -.1021E+02   D at   71  2   RLX: 0.049
       a =  3.000      CL =  1.2841
      Cm = -0.2808     CD =  0.02057   =>   CDf =  0.00507    CDp =  0.01550

 Side 1  free  transition at x/c =  0.6790   68
 Side 2  free  transition at x/c =  0.3258   41

   7   rms: 0.8834E+00   max: -.4523E+01   D at   66  2   RLX: 0.111
       a =  3.000      CL =  1.3109
      Cm = -0.2857     CD =  0.01805   =>   CDf =  0.00524    CDp =  0.01281

 Side 1  free  transition at x/c =  0.6790   68
 Side 2  free  transition at x/c =  0.3301   41

   8   rms: 0.4696E+00   max: -.2424E+01   D at   66  2   RLX: 0.206
       a =  3.000      CL =  1.3509
      Cm = -0.2893     CD =  0.01672   =>   CDf =  0.00543    CDp =  0.01129

 Side 1  free  transition at x/c =  0.6791   68
 Side 2  free  transition at x/c =  0.3302   41

   9   rms: 0.2545E+00   max: -.1109E+01   D at   68  2   RLX: 0.451
       a =  3.000      CL =  1.4194
      Cm = -0.2946     CD =  0.01567   =>   CDf =  0.00547    CDp =  0.01020

 Side 1  free  transition at x/c =  0.6790   69
 Side 2  free  transition at x/c =  0.3240   40

  10   rms: 0.1284E+00   max: -.7396E+00   D at   64  2   RLX: 0.676
       a =  3.000      CL =  1.4717
      Cm = -0.2976     CD =  0.01577   =>   CDf =  0.00590    CDp =  0.00987

 Side 1  free  transition at x/c =  0.6787   69
 Side 2  free  transition at x/c =  0.3172   40

  11   rms: 0.5119E-01   max: -.4667E+00   D at   64  2
       a =  3.000      CL =  1.4925
      Cm = -0.2977     CD =  0.01623   =>   CDf =  0.00609    CDp =  0.01015

 Side 1  free  transition at x/c =  0.6783   69
 Side 2  free  transition at x/c =  0.3129   39

  12   rms: 0.1330E-01   max: -.1513E+00   D at   39  2
       a =  3.000      CL =  1.4919
      Cm = -0.2976     CD =  0.01611   =>   CDf =  0.00611    CDp =  0.01000

 Side 1  free  transition at x/c =  0.6783   69
 Side 2  free  transition at x/c =  0.3117   39

  13   rms: 0.3867E-02   max: 0.2626E-01   D at   40  2
       a =  3.000      CL =  1.4921
      Cm = -0.2976     CD =  0.01610   =>   CDf =  0.00612    CDp =  0.00998

 Side 1  free  transition at x/c =  0.6783   69
 Side 2  free  transition at x/c =  0.3116   39

  14   rms: 0.5938E-04   max: 0.5338E-03   D at   40  2
       a =  3.000      CL =  1.4921
      Cm = -0.2976     CD =  0.01610   =>   CDf =  0.00611    CDp =  0.00999

 Point added to stored polar  1
 Point written to save file  000146M0.1.log                                  
 Dump file unspecified or not available
 Calculating wake trajectory ...
 Calculating source influence matrix ...

 Solving BL system ...

 Side 1  free  transition at x/c =  0.6783   69
 Side 2  free  transition at x/c =  0.3116   39

   1   rms: 0.1494E+00   max: -.7194E+00   T at   39  2   RLX: 0.695
       a =  4.000      CL =  1.5733
      Cm = -0.2976     CD =  0.01623   =>   CDf =  0.00592    CDp =  0.01030

 Side 1  free  transition at x/c =  0.6583   69
 Side 2  free  transition at x/c =  0.3305   39

   2   rms: 0.7279E-01   max: 0.7982E+00   D at   39  2
       a =  4.000      CL =  1.6025
      Cm = -0.2963     CD =  0.01639   =>   CDf =  0.00596    CDp =  0.01043

 Side 1  free  transition at x/c =  0.6471   69
 Side 2  free  transition at x/c =  0.3318   38

   3   rms: 0.1533E-01   max: 0.1205E+00   D at   39  2
       a =  4.000      CL =  1.6039
      Cm = -0.2964     CD =  0.01653   =>   CDf =  0.00620    CDp =  0.01033

 Side 1  free  transition at x/c =  0.6485   69
 Side 2  free  transition at x/c =  0.3296   38

   4   rms: 0.4416E-03   max: 0.2326E-02   D at   39  2
       a =  4.000      CL =  1.6037
      Cm = -0.2963     CD =  0.01654   =>   CDf =  0.00616    CDp =  0.01039

 Side 1  free  transition at x/c =  0.6484   69
 Side 2  free  transition at x/c =  0.3296   38

   5   rms: 0.2663E-05   max: 0.1281E-04   D at   85  1
       a =  4.000      CL =  1.6037
      Cm = -0.2963     CD =  0.01654   =>   CDf =  0.00615    CDp =  0.01039

 Point added to stored polar  1
 Point written to save file  000146M0.1.log                                  
 Dump file unspecified or not available
 Calculating wake trajectory ...
 Calculating source influence matrix ...

 Solving BL system ...

 Side 1  free  transition at x/c =  0.6484   69
 Side 2  free  transition at x/c =  0.3296   38

   1   rms: 0.1359E+00   max: 0.5641E+00   T at   69  1   RLX: 0.901
       a =  5.000      CL =  1.6739
      Cm = -0.2899     CD =  0.01742   =>   CDf =  0.00595    CDp =  0.01147

 Side 1  free  transition at x/c =  0.6082   68
 Side 2  free  transition at x/c =  0.3484   38

   2   rms: 0.6871E-01   max: -.5434E+00   D at   69  1   RLX: 0.920
       a =  5.000      CL =  1.7129
      Cm = -0.2946     CD =  0.01715   =>   CDf =  0.00630    CDp =  0.01085

 Side 1  free  transition at x/c =  0.6150   69
 Side 2  free  transition at x/c =  0.3491   38

   3   rms: 0.1990E-01   max: 0.8821E-01   C at   69  1
       a =  5.000      CL =  1.7004
      Cm = -0.2922     CD =  0.01725   =>   CDf =  0.00607    CDp =  0.01118

 Side 1  free  transition at x/c =  0.6116   69
 Side 2  free  transition at x/c =  0.3478   38

   4   rms: 0.1046E-02   max: -.1391E-01   D at   70  1
       a =  5.000      CL =  1.7004
      Cm = -0.2923     CD =  0.01729   =>   CDf =  0.00613    CDp =  0.01116

 Side 1  free  transition at x/c =  0.6114   69
 Side 2  free  transition at x/c =  0.3478   38

   5   rms: 0.2333E-04   max: -.1913E-03   D at   70  1
       a =  5.000      CL =  1.7004
      Cm = -0.2923     CD =  0.01729   =>   CDf =  0.00614    CDp =  0.01115

 Point added to stored polar  1
 Point written to save file  000146M0.1.log                                  
 Dump file unspecified or not available
 Calculating wake trajectory ...
 Calculating source influence matrix ...

 Solving BL system ...

 Side 1  free  transition at x/c =  0.6114   69
 Side 2  free  transition at x/c =  0.3478   38

   1   rms: 0.1464E+00   max: -.6299E+00   D at   70  1   RLX: 0.794
       a =  6.000      CL =  1.7878
      Cm = -0.2908     CD =  0.01796   =>   CDf =  0.00592    CDp =  0.01204

 Side 1  free  transition at x/c =  0.5806   68
 Side 2  free  transition at x/c =  0.3633   38

   2   rms: 0.4937E-01   max: 0.3685E+00   D at   69  1
       a =  6.000      CL =  1.7823
      Cm = -0.2857     CD =  0.01856   =>   CDf =  0.00617    CDp =  0.01238

 Side 1  free  transition at x/c =  0.5684   68
 Side 2  free  transition at x/c =  0.3664   38

   3   rms: 0.9527E-02   max: -.5622E-01   C at   68  1
       a =  6.000      CL =  1.7822
      Cm = -0.2855     CD =  0.01849   =>   CDf =  0.00622    CDp =  0.01227

 Side 1  free  transition at x/c =  0.5702   68
 Side 2  free  transition at x/c =  0.3665   38

   4   rms: 0.1170E-02   max: -.7163E-02   D at   69  1
       a =  6.000      CL =  1.7830
      Cm = -0.2856     CD =  0.01850   =>   CDf =  0.00616    CDp =  0.01234

 Side 1  free  transition at x/c =  0.5701   68
 Side 2  free  transition at x/c =  0.3665   38

   5   rms: 0.8155E-05   max: -.4431E-04   D at   80  2
       a =  6.000      CL =  1.7830
      Cm = -0.2856     CD =  0.01850   =>   CDf =  0.00616    CDp =  0.01234

 Point added to stored polar  1
 Point written to save file  000146M0.1.log                                  
 Dump file unspecified or not available
 Calculating wake trajectory ...
 Calculating source influence matrix ...

 Solving BL system ...

 Side 1  free  transition at x/c =  0.5701   68
 Side 2  free  transition at x/c =  0.3665   38

   1   rms: 0.1400E+00   max: -.6436E+00   D at   69  1   RLX: 0.777
       a =  7.000      CL =  1.8506
      Cm = -0.2810     CD =  0.01968   =>   CDf =  0.00593    CDp =  0.01375

 Side 1  free  transition at x/c =  0.5357   67
 Side 2  free  transition at x/c =  0.3794   37

   2   rms: 0.8524E-01   max: 0.3393E+00   D at   68  1
       a =  7.000      CL =  1.8218
      Cm = -0.2709     CD =  0.02070   =>   CDf =  0.00613    CDp =  0.01457

 Side 1  free  transition at x/c =  0.5260   66
 Side 2  free  transition at x/c =  0.3843   38

   3   rms: 0.2270E-01   max: 0.1814E+00   D at   38  2
       a =  7.000      CL =  1.8396
      Cm = -0.2745     CD =  0.02056   =>   CDf =  0.00625    CDp =  0.01432

 Side 1  free  transition at x/c =  0.5257   66
 Side 2  free  transition at x/c =  0.3847   38

   4   rms: 0.3133E-02   max: 0.2839E-01   D at   38  2
       a =  7.000      CL =  1.8402
      Cm = -0.2747     CD =  0.02056   =>   CDf =  0.00621    CDp =  0.01434

 Side 1  free  transition at x/c =  0.5256   66
 Side 2  free  transition at x/c =  0.3846   38

   5   rms: 0.1332E-04   max: 0.1312E-03   T at   38  2
       a =  7.000      CL =  1.8402
      Cm = -0.2747     CD =  0.02056   =>   CDf =  0.00621    CDp =  0.01435

 Point added to stored polar  1
 Point written to save file  000146M0.1.log                                  
 Dump file unspecified or not available
 Calculating wake trajectory ...
 Calculating source influence matrix ...

 Solving BL system ...

 Side 1  free  transition at x/c =  0.5256   66
 Side 2  free  transition at x/c =  0.3846   38

   1   rms: 0.1334E+00   max: -.7787E+00   T at   38  2   RLX: 0.642
       a =  8.000      CL =  1.8732
      Cm = -0.2677     CD =  0.02206   =>   CDf =  0.00597    CDp =  0.01609

 Side 1  free  transition at x/c =  0.4872   66
 Side 2  free  transition at x/c =  0.3953   37

   2   rms: 0.7077E-01   max: -.4962E+00   D at   66  1
       a =  8.000      CL =  1.8857
      Cm = -0.2627     CD =  0.02363   =>   CDf =  0.00625    CDp =  0.01738

 Side 1  free  transition at x/c =  0.4771   65
 Side 2  free  transition at x/c =  0.4028   37

   3   rms: 0.6422E-02   max: -.7934E-01   D at   66  1
       a =  8.000      CL =  1.8881
      Cm = -0.2632     CD =  0.02372   =>   CDf =  0.00615    CDp =  0.01757

 Side 1  free  transition at x/c =  0.4743   65
 Side 2  free  transition at x/c =  0.4023   37

   4   rms: 0.2547E-03   max: -.2269E-02   C at   65  1
       a =  8.000      CL =  1.8881
      Cm = -0.2632     CD =  0.02373   =>   CDf =  0.00618    CDp =  0.01755

 Side 1  free  transition at x/c =  0.4744   65
 Side 2  free  transition at x/c =  0.4023   37

   5   rms: 0.5483E-05   max: -.2406E-04   D at   85  1
       a =  8.000      CL =  1.8881
      Cm = -0.2632     CD =  0.02373   =>   CDf =  0.00618    CDp =  0.01755

 Point added to stored polar  1
 Point written to save file  000146M0.1.log                                  
 Dump file unspecified or not available
 Calculating wake trajectory ...
 Calculating source influence matrix ...

 Solving BL system ...

 Side 1  free  transition at x/c =  0.4744   65
 Side 2  free  transition at x/c =  0.4023   37

   1   rms: 0.1367E+00   max: 0.6870E+00   C at   65  1   RLX: 0.762
       a =  9.000      CL =  1.9184
      Cm = -0.2541     CD =  0.02685   =>   CDf =  0.00593    CDp =  0.02092

 MRCHDU: Convergence failed at  38  side 2    Res =  0.1369E+01
 MRCHDU: Convergence failed at  39  side 2    Res =  0.3473E+01
 MRCHDU: Convergence failed at  40  side 2    Res =  0.2017E+01
 MRCHDU: Convergence failed at  41  side 2    Res =  0.2593E+01
 MRCHDU: Convergence failed at  42  side 2    Res =  0.3801E+01
 MRCHDU: Convergence failed at  43  side 2    Res =  0.5671E+01
 MRCHDU: Convergence failed at  44  side 2    Res =  0.8702E+01
 MRCHDU: Convergence failed at  45  side 2    Res =  0.1261E+02
 MRCHDU: Convergence failed at  46  side 2    Res =  0.1927E+02
 MRCHDU: Convergence failed at  47  side 2    Res =  0.3056E+02
 MRCHDU: Convergence failed at  48  side 2    Res =  0.5212E+02
 MRCHDU: Convergence failed at  49  side 2    Res =  0.1086E+03
 MRCHDU: Convergence failed at  50  side 2    Res =  0.6900E+03
 MRCHDU: Convergence failed at  51  side 2    Res =  0.1843E+03
 MRCHDU: Convergence failed at  52  side 2    Res =  0.8254E+02
 MRCHDU: Convergence failed at  53  side 2    Res =  0.5318E+02
 MRCHDU: Convergence failed at  54  side 2    Res =  0.4098E+02
 MRCHDU: Convergence failed at  55  side 2    Res =  0.3219E+02
 MRCHDU: Convergence failed at  56  side 2    Res =  0.2815E+02
 MRCHDU: Convergence failed at  57  side 2    Res =  0.2672E+02
 MRCHDU: Convergence failed at  58  side 2    Res =  0.2862E+02
 MRCHDU: Convergence failed at  59  side 2    Res =  0.4474E+02
 MRCHDU: Convergence failed at  60  side 2    Res =  0.1837E+03
 MRCHDU: Convergence failed at  61  side 2    Res =  0.1520E+02
 MRCHDU: Convergence failed at  62  side 2    Res =  0.5872E+01
 MRCHDU: Convergence failed at  63  side 2    Res =  0.2666E+01
 MRCHDU: Convergence failed at  64  side 2    Res =  0.1585E+01
 Side 1  free  transition at x/c =  0.4280   64
 Side 2  free  transition at x/c =  0.4222   37

   2   rms: 0.2496E+00   max: 0.1098E+01   T at   39  2   RLX: 0.758
       a =  9.000      CL =  1.9054
      Cm = -0.2439     CD =  0.02732   =>   CDf =  0.00544    CDp =  0.02188

 Side 1  free  transition at x/c =  0.4200   63
 Side 2  free  transition at x/c =  0.4168   37

   3   rms: 0.7802E-01   max: 0.4527E+00   D at   42  2
       a =  9.000      CL =  1.9253
      Cm = -0.2516     CD =  0.02840   =>   CDf =  0.00647    CDp =  0.02193

 Side 1  free  transition at x/c =  0.4162   63
 Side 2  free  transition at x/c =  0.4206   37

   4   rms: 0.4593E-02   max: 0.4298E-01   D at   40  2
       a =  9.000      CL =  1.9227
      Cm = -0.2511     CD =  0.02842   =>   CDf =  0.00623    CDp =  0.02218

 Side 1  free  transition at x/c =  0.4166   63
 Side 2  free  transition at x/c =  0.4194   37

   5   rms: 0.2087E-03   max: -.1965E-02   D at   38  2
       a =  9.000      CL =  1.9227
      Cm = -0.2511     CD =  0.02842   =>   CDf =  0.00623    CDp =  0.02218

 Side 1  free  transition at x/c =  0.4166   63
 Side 2  free  transition at x/c =  0.4194   37

   6   rms: 0.1792E-05   max: 0.1166E-04   D at   81  2
       a =  9.000      CL =  1.9227
      Cm = -0.2511     CD =  0.02842   =>   CDf =  0.00623    CDp =  0.02218

 Point added to stored polar  1
 Point written to save file  000146M0.1.log                                  
 Dump file unspecified or not available
 Calculating wake trajectory ...
 Calculating source influence matrix ...

 Solving BL system ...

 Side 1  free  transition at x/c =  0.4166   63
 Side 2  free  transition at x/c =  0.4194   37

   1   rms: 0.1361E+00   max: 0.8668E+00   C at   63  1   RLX: 0.882
       a = 10.000      CL =  1.9497
      Cm = -0.2408     CD =  0.03337   =>   CDf =  0.00598    CDp =  0.02739

 Side 1  free  transition at x/c =  0.3563   61
 Side 2  free  transition at x/c =  0.4390   37

   2   rms: 0.4339E-01   max: 0.3652E+00   D at   37  2
       a = 10.000      CL =  1.9427
      Cm = -0.2387     CD =  0.03508   =>   CDf =  0.00650    CDp =  0.02858

 Side 1  free  transition at x/c =  0.3535   61
 Side 2  free  transition at x/c =  0.4369   37

   3   rms: 0.3984E-02   max: 0.3528E-01   C at   61  1
       a = 10.000      CL =  1.9413
      Cm = -0.2385     CD =  0.03513   =>   CDf =  0.00636    CDp =  0.02877

 Side 1  free  transition at x/c =  0.3524   61
 Side 2  free  transition at x/c =  0.4363   37

   4   rms: 0.1081E-03   max: 0.1471E-02   D at   79  2
       a = 10.000      CL =  1.9414
      Cm = -0.2385     CD =  0.03512   =>   CDf =  0.00637    CDp =  0.02875

 Side 1  free  transition at x/c =  0.3524   61
 Side 2  free  transition at x/c =  0.4363   37

   5   rms: 0.3070E-05   max: -.1327E-04   D at   79  2
       a = 10.000      CL =  1.9414
      Cm = -0.2385     CD =  0.03512   =>   CDf =  0.00637    CDp =  0.02875

 Point added to stored polar  1
 Point written to save file  000146M0.1.log                                  
 Dump file unspecified or not available
 Calculating wake trajectory ...
 Calculating source influence matrix ...

 Solving BL system ...

 Side 1  free  transition at x/c =  0.3524   61
 Side 2  free  transition at x/c =  0.4363   37

   1   rms: 0.1478E+00   max: 0.1269E+01   C at   61  1   RLX: 0.720
       a = 11.000      CL =  1.9452
      Cm = -0.2291     CD =  0.04125   =>   CDf =  0.00612    CDp =  0.03513

 Side 1  free  transition at x/c =  0.3046   59
 Side 2  free  transition at x/c =  0.4465   36

   2   rms: 0.5694E-01   max: -.3138E+00   T at   36  2
       a = 11.000      CL =  1.9576
      Cm = -0.2275     CD =  0.04335   =>   CDf =  0.00659    CDp =  0.03676

 Side 1  free  transition at x/c =  0.2829   58
 Side 2  free  transition at x/c =  0.4583   37

   3   rms: 0.4374E-01   max: 0.5383E+00   D at   37  2
       a = 11.000      CL =  1.9472
      Cm = -0.2267     CD =  0.04421   =>   CDf =  0.00665    CDp =  0.03755

 Side 1  free  transition at x/c =  0.2866   58
 Side 2  free  transition at x/c =  0.4541   37

   4   rms: 0.4306E-02   max: 0.3936E-01   D at   37  2
       a = 11.000      CL =  1.9464
      Cm = -0.2266     CD =  0.04422   =>   CDf =  0.00658    CDp =  0.03764

 Side 1  free  transition at x/c =  0.2868   58
 Side 2  free  transition at x/c =  0.4531   37

   5   rms: 0.1931E-03   max: -.1762E-02   D at   39  2
       a = 11.000      CL =  1.9464
      Cm = -0.2266     CD =  0.04421   =>   CDf =  0.00658    CDp =  0.03763

 Side 1  free  transition at x/c =  0.2868   58
 Side 2  free  transition at x/c =  0.4531   37

   6   rms: 0.1828E-05   max: 0.9544E-05   D at   81  2
       a = 11.000      CL =  1.9464
      Cm = -0.2266     CD =  0.04421   =>   CDf =  0.00658    CDp =  0.03763

 Point added to stored polar  1
 Point written to save file  000146M0.1.log                                  
 Dump file unspecified or not available
 Calculating wake trajectory ...
 Calculating source influence matrix ...

 Solving BL system ...

 Side 1  free  transition at x/c =  0.2868   58
 Side 2  free  transition at x/c =  0.4531   37

   1   rms: 0.1306E+00   max: 0.8963E+00   C at   58  1   RLX: 0.640
       a = 12.000      CL =  1.9659
      Cm = -0.2214     CD =  0.04932   =>   CDf =  0.00660    CDp =  0.04272

 Side 1  free  transition at x/c =  0.2424   56
 Side 2  free  transition at x/c =  0.4649   37

   2   rms: 0.5907E-01   max: 0.3122E+00   D at   82  1
       a = 12.000      CL =  1.9517
      Cm = -0.2168     CD =  0.05484   =>   CDf =  0.00679    CDp =  0.04805

 Side 1  free  transition at x/c =  0.2271   55
 Side 2  free  transition at x/c =  0.4720   38

   3   rms: 0.9416E-02   max: 0.8414E-01   D at   81  1
       a = 12.000      CL =  1.9472
      Cm = -0.2166     CD =  0.05510   =>   CDf =  0.00676    CDp =  0.04834

 Side 1  free  transition at x/c =  0.2277   55
 Side 2  free  transition at x/c =  0.4712   38

   4   rms: 0.4774E-03   max: -.4840E-02   D at   81  1
       a = 12.000      CL =  1.9475
      Cm = -0.2166     CD =  0.05501   =>   CDf =  0.00672    CDp =  0.04829

 Side 1  free  transition at x/c =  0.2276   55
 Side 2  free  transition at x/c =  0.4713   38

   5   rms: 0.1681E-04   max: -.1519E-03   D at   80  2
       a = 12.000      CL =  1.9475
      Cm = -0.2166     CD =  0.05502   =>   CDf =  0.00673    CDp =  0.04829

 Point added to stored polar  1
 Point written to save file  000146M0.1.log                                  
 Dump file unspecified or not available
 Calculating wake trajectory ...
 Calculating source influence matrix ...

 Solving BL system ...

 Side 1  free  transition at x/c =  0.2276   55
 Side 2  free  transition at x/c =  0.4713   38

   1   rms: 0.1421E+00   max: 0.1222E+01   C at   55  1   RLX: 0.546
       a = 13.000      CL =  1.9543
      Cm = -0.2124     CD =  0.06109   =>   CDf =  0.00645    CDp =  0.05464

 Side 1  free  transition at x/c =  0.1993   54
 Side 2  free  transition at x/c =  0.4804   37

   2   rms: 0.6185E-01   max: -.2592E+00   T at   37  2
       a = 13.000      CL =  1.9614
      Cm = -0.2091     CD =  0.06583   =>   CDf =  0.00684    CDp =  0.05899

 Side 1  free  transition at x/c =  0.1786   53
 Side 2  free  transition at x/c =  0.4901   37

   3   rms: 0.2079E-01   max: -.1459E+00   C at   53  1
       a = 13.000      CL =  1.9445
      Cm = -0.2084     CD =  0.06750   =>   CDf =  0.00690    CDp =  0.06061

 Side 1  free  transition at x/c =  0.1821   53
 Side 2  free  transition at x/c =  0.4886   37

   4   rms: 0.9702E-03   max: -.1006E-01   D at   80  1
       a = 13.000      CL =  1.9447
      Cm = -0.2083     CD =  0.06730   =>   CDf =  0.00678    CDp =  0.06052

 Side 1  free  transition at x/c =  0.1819   53
 Side 2  free  transition at x/c =  0.4886   37

   5   rms: 0.4220E-04   max: -.2938E-03   D at   80  2
       a = 13.000      CL =  1.9447
      Cm = -0.2083     CD =  0.06730   =>   CDf =  0.00678    CDp =  0.06052

 Point added to stored polar  1
 Point written to save file  000146M0.1.log                                  
 Dump file unspecified or not available
 Calculating wake trajectory ...
 Calculating source influence matrix ...

 Solving BL system ...

 Side 1  free  transition at x/c =  0.1819   53
 Side 2  free  transition at x/c =  0.4886   37

   1   rms: 0.1244E+00   max: 0.6685E+00   C at   53  1   RLX: 0.485
       a = 14.000      CL =  1.9539
      Cm = -0.2055     CD =  0.07287   =>   CDf =  0.00649    CDp =  0.06638

 Side 1  free  transition at x/c =  0.1625   53
 Side 2  free  transition at x/c =  0.5037   37

   2   rms: 0.7015E-01   max: 0.6096E+00   D at   37  2
       a = 14.000      CL =  1.9552
      Cm = -0.2024     CD =  0.07951   =>   CDf =  0.00683    CDp =  0.07268

 Side 1  free  transition at x/c =  0.1485   52
 Side 2  free  transition at x/c =  0.5090   37

   3   rms: 0.1556E-01   max: -.1420E+00   D at   52  1
       a = 14.000      CL =  1.9445
      Cm = -0.2021     CD =  0.08023   =>   CDf =  0.00679    CDp =  0.07344

 Side 1  free  transition at x/c =  0.1493   52
 Side 2  free  transition at x/c =  0.5083   37

   4   rms: 0.1094E-02   max: 0.1171E-01   D at   78  1
       a = 14.000      CL =  1.9439
      Cm = -0.2020     CD =  0.08017   =>   CDf =  0.00672    CDp =  0.07345

 Side 1  free  transition at x/c =  0.1491   52
 Side 2  free  transition at x/c =  0.5082   37

   5   rms: 0.3651E-04   max: 0.1632E-03   D at   81  2
       a = 14.000      CL =  1.9438
      Cm = -0.2020     CD =  0.08017   =>   CDf =  0.00672    CDp =  0.07344

 Point added to stored polar  1
 Point written to save file  000146M0.1.log                                  
 Dump file unspecified or not available
 Calculating wake trajectory ...
 Calculating source influence matrix ...

 Solving BL system ...

 Side 1  free  transition at x/c =  0.1491   52
 Side 2  free  transition at x/c =  0.5082   37

   1   rms: 0.1235E+00   max: 0.6237E+00   C at   52  1   RLX: 0.430
       a = 15.000      CL =  1.9453
      Cm = -0.2000     CD =  0.08642   =>   CDf =  0.00675    CDp =  0.07967

 Side 1  free  transition at x/c =  0.1386   51
 Side 2  free  transition at x/c =  0.5188   38

   2   rms: 0.6716E-01   max: 0.4110E+00   D at   38  2
       a = 15.000      CL =  1.9594
      Cm = -0.1979     CD =  0.09255   =>   CDf =  0.00637    CDp =  0.08618

 Side 1  free  transition at x/c =  0.1252   51
 Side 2  free  transition at x/c =  0.5281   37

   3   rms: 0.2413E-01   max: -.1856E+00   D at   51  1
       a = 15.000      CL =  1.9429
      Cm = -0.1975     CD =  0.09382   =>   CDf =  0.00672    CDp =  0.08710

 Side 1  free  transition at x/c =  0.1269   51
 Side 2  free  transition at x/c =  0.5282   37

   4   rms: 0.1906E-02   max: 0.1689E-01   C at   51  1
       a = 15.000      CL =  1.9436
      Cm = -0.1974     CD =  0.09349   =>   CDf =  0.00659    CDp =  0.08689

 Side 1  free  transition at x/c =  0.1265   51
 Side 2  free  transition at x/c =  0.5282   37

   5   rms: 0.6353E-04   max: -.4444E-03   D at   79  2
       a = 15.000      CL =  1.9436
      Cm = -0.1974     CD =  0.09351   =>   CDf =  0.00660    CDp =  0.08691

 Point added to stored polar  1
 Point written to sGot result {'DD': 0.01568, 'Dmin': 0.01581, 'LL': -1.3747}
Completed successfully in 2.25 seconds. [{'DD': 0.01568, 'Dmin': 0.01581, 'LL': -1.3747}]
ave file  000146M0.1.log                                  
 Dump file unspecified or not available

.OPERva   c>  
 XFOIL   c>  
