Job launching after 0.33 seconds in submission.
Running python job.
Changed into dir /home/simonx/Documents/Udacity/Projects/capstone/PESM_NSGA2_CST_XFoil
Importing evaluationFunctionXFoil.py
Running evaluationFunctionXFoil.main()
0
1
2
0.04
resp: 
 ===================================================
  XFOIL Version 6.97
  Copyright (C) 2000   Mark Drela, Harold Youngren

  This software comes with ABSOLUTELY NO WARRANTY,
    subject to the GNU General Public License.

  Caveat computor
 ===================================================

 File  xfoil.def  not found

   QUIT    Exit program

  .OPER    Direct operating point(s)
  .MDES    Complex mapping design routine
  .QDES    Surface speed design routine
  .GDES    Geometry design routine

   SAVE f  Write airfoil to labeled coordinate file
   PSAV f  Write airfoil to plain coordinate file
   ISAV f  Write airfoil to ISES coordinate file
   MSAV f  Write airfoil to MSES coordinate file
   REVE    Reverse written-airfoil node ordering
   DELI i  Change written-airfoil file delimiters

   LOAD f  Read buffer airfoil from coordinate file
   NACA i  Set NACA 4,5-digit airfoil and buffer airfoil
   INTE    Set buffer airfoil by interpolating two airfoils
   NORM    Buffer airfoil normalization toggle
   HALF    Halve the number of points in buffer airfoil
   XYCM rr Change CM reference location, currently  0.25000 0.00000

   BEND    Display structural properties of current airfoil

   PCOP    Set current-airfoil panel nodes directly from buffer airfoil points
   PANE    Set current-airfoil panel nodes ( 160 ) based on curvature
  .PPAR    Show/change paneling

  .PLOP    Plotting options

   WDEF f  Write  current-settings file
   RDEF f  Reread current-settings file
   NAME s  Specify new airfoil name
   NINC    Increment name version number

   Z       Zoom    | (available in all menus)
   U       Unzoom  | 

 XFOIL   c>   ...............................................

  G raphics-enable flag:        T
  S ize of plot object          10.00"
  A spect ratio of plot object   0.5500
  P age dimensions              11.00 x  8.50"
  M argins from page edges       0.00",  0.00"
  F ont size (relative)          0.0150
  W indow/screen size fraction   0.8000
  B lowup input method:        Cursor    
  O rientation of plot:        Landscape 
  C olor PostScript output?     F

      Option, Value   (or <Return>)    c>   ...............................................

  G raphics-enable flag:        F
  S ize of plot object          10.00"
  A spect ratio of plot object   0.5500
  P age dimensions              11.00 x  8.50"
  M argins from page edges       0.00",  0.00"
  F ont size (relative)          0.0150
  W indow/screen size fraction   0.8000
  B lowup input method:        Cursor    
  O rientation of plot:        Landscape 
  C olor PostScript output?     F

      Option, Value   (or <Return>)    c>  
 XFOIL   c>  
 Labeled airfoil file.  Name:  000219                                          

 Number of input coordinate points: 200
 Clockwise ordering
 Max thickness =     0.155502  at x =   0.193
 Max camber    =     0.075017  at x =   0.531

  LE  x,y  =  -0.00006   0.00191  |   Chord =   0.99994
  TE  x,y  =   0.99988   0.00003  |

 Current airfoil nodes set from buffer airfoil nodes ( 200 )

 XFOIL   c>  
 You are working with the buffer airfoil

.GDES   c>  
  i       x        y      angle
   2   0.9990   0.0002   -0.072
   3   0.9978   0.0006   -0.094
   4   0.9961   0.0010   -0.071
   5   0.9938   0.0015   -0.155
   6   0.9911   0.0022   -0.128
   7   0.9880   0.0031   -0.176
   8   0.9843   0.0040   -0.177
   9   0.9801   0.0051   -0.202
  10   0.9755   0.0064   -0.210
  11   0.9704   0.0077   -0.207
  12   0.9649   0.0093   -0.213
  13   0.9589   0.0110   -0.215
  14   0.9524   0.0128   -0.211
  15   0.9455   0.0148   -0.204
  16   0.9382   0.0169   -0.187
  17   0.9304   0.0193   -0.175
  18   0.9222   0.0217   -0.153
  19   0.9135   0.0243   -0.132
  20   0.9045   0.0271   -0.110
  21   0.8951   0.0300   -0.086
  22   0.8853   0.0330   -0.045
  23   0.8751   0.0361   -0.021
  24   0.8645   0.0394    0.010
  25   0.8536   0.0428    0.054
  26   0.8423   0.0463    0.088
  27   0.8307   0.0498    0.127
  28   0.8187   0.0535    0.157
  29   0.8065   0.0572    0.206
  30   0.7939   0.0609    0.239
  31   0.7810   0.0647    0.279
  32   0.7679   0.0684    0.311
  33   0.7545   0.0722    0.355
  34   0.7409   0.0760    0.378
  35   0.7270   0.0797    0.421
  36   0.7129   0.0834    0.443
  37   0.6986   0.0870    0.474
  38   0.6841   0.0905    0.494
  39   0.6694   0.0939    0.521
  40   0.6545   0.0973    0.538
  41   0.6395   0.1005    0.550
  42   0.6243   0.1036    0.563
  43   0.6091   0.1066    0.575
  44   0.5937   0.1094    0.578
  45   0.5782   0.1121    0.578
  46   0.5627   0.1146    0.577
  47   0.5471   0.1170    0.577
  48   0.5314   0.1192    0.564
  49   0.5157   0.1213    0.564
  50   0.5000   0.1232    0.543
  51   0.4843   0.1250    0.542
  52   0.4686   0.1266    0.521
  53   0.4529   0.1281    0.512
  54   0.4373   0.1294    0.497
  55   0.4218   0.1306    0.491
  56   0.4063   0.1317    0.474
  57   0.3909   0.1326    0.473
  58   0.3757   0.1334    0.463
  59   0.3605   0.1340    0.465
  60   0.3455   0.1345    0.465
  61   0.3306   0.1349    0.477
  62   0.3159   0.1352    0.488
  63   0.3014   0.1354    0.504
  64   0.2871   0.1354    0.539
  65   0.2730   0.1353    0.565
  66   0.2591   0.1350    0.610
  67   0.2455   0.1346    0.663
  68   0.2321   0.1341    0.721
  69   0.2190   0.1334    0.794
  70   0.2061   0.1325    0.864
  71   0.1935   0.1315    0.964
  72   0.1813   0.1303    1.062
  73   0.1693   0.1289    1.176
  74   0.1577   0.1273    1.296
  75   0.1464   0.1254    1.431
  76   0.1355   0.1234    1.585
  77   0.1249   0.1211    1.733
  78   0.1147   0.1186    1.903
  79   0.1049   0.1158    2.080
  80   0.0955   0.1127    2.259
  81   0.0865   0.1094    2.452
  82   0.0778   0.1058    2.634
  83   0.0696   0.1019    2.830
  84   0.0618   0.0978    3.014
  85   0.0545   0.0934    3.191
  86   0.0476   0.0886    3.362
  87   0.0411   0.0837    3.495
  88   0.0351   0.0784    3.643
  89   0.0296   0.0729    3.742
  90   0.0245   0.0671    3.833
  91   0.0199   0.0611    3.901
  92   0.0157   0.0549    3.949
  93   0.0120   0.0485    3.962
  94   0.0089   0.0419    3.991
  95   0.0062   0.0352    3.984
  96   0.0039   0.0283    3.974
  97   0.0022   0.0213    3.974
  98   0.0010   0.0143    3.959
  99   0.0002   0.0071    3.954
 100   0.0000   0.0000   10.564
 101   0.0002  -0.0016   15.792
 102   0.0010  -0.0033   12.722
 103   0.0022  -0.0049    9.646
 104   0.0039  -0.0065    7.183
 105   0.0062  -0.0081    5.451
 106   0.0089  -0.0097    4.242
 107   0.0120  -0.0113    3.366
 108   0.0157  -0.0129    2.776
 109   0.0199  -0.0144    2.323
 110   0.0245  -0.0159    2.016
 111   0.0296  -0.0173    1.782
 112   0.0351  -0.0187    1.583
 113   0.0411  -0.0201    1.465
 114   0.0476  -0.0213    1.368
 115   0.0545  -0.0225    1.285
 116   0.0618  -0.0236    1.228
 117   0.0696  -0.0246    1.182
 118   0.0778  -0.0254    1.151
 119   0.0865  -0.0262    1.120
 120   0.0955  -0.0268    1.096
 121   0.1049  -0.0272    1.066
 122   0.1147  -0.0275    1.047
 123   0.1249  -0.0276    1.026
 124   0.1355  -0.0275    1.005
 125   0.1464  -0.0272    0.963
 126   0.1577  -0.0267    0.946
 127   0.1693  -0.0260    0.905
 128   0.1813  -0.0251    0.865
 129   0.1935  -0.0240    0.820
 130   0.2061  -0.0227    0.781
 131   0.2190  -0.0211    0.717
 132   0.2321  -0.0194    0.669
 133   0.2455  -0.0175    0.607
 134   0.2591  -0.0154    0.540
 135   0.2730  -0.0131    0.479
 136   0.2871  -0.0107    0.406
 137   0.3014  -0.0081    0.335
 138   0.3159  -0.0054    0.261
 139   0.3306  -0.0026    0.182
 140   0.3455   0.0003    0.109
 141   0.3605   0.0033    0.032
 142   0.3757   0.0062   -0.051
 143   0.3909   0.0092   -0.130
 144   0.4063   0.0122   -0.196
 145   0.4218   0.0151   -0.283
 146   0.4373   0.0180   -0.350
 147   0.4529   0.0208   -0.423
 148   0.4686   0.0235   -0.491
 149   0.4843   0.0260   -0.557
 150   0.5000   0.0284   -0.614
 151   0.5157   0.0306   -0.670
 152   0.5314   0.0326   -0.724
 153   0.5471   0.0345   -0.767
 154   0.5627   0.0361   -0.809
 155   0.5782   0.0375   -0.832
 156   0.5937   0.0386   -0.868
 157   0.6091   0.0395   -0.874
 158   0.6243   0.0402   -0.894
 159   0.6395   0.0406   -0.897
 160   0.6545   0.0408   -0.884
 161   0.6694   0.0407   -0.883
 162   0.6841   0.0404   -0.858
 163   0.6986   0.0400   -0.833
 164   0.7129   0.0393   -0.807
 165   0.7270   0.0384   -0.768
 166   0.7409   0.0373   -0.726
 167   0.7545   0.0361   -0.680
 168   0.7679   0.0348   -0.628
 169   0.7810   0.0333   -0.581
 170   0.7939   0.0317   -0.522
 171   0.8065   0.0301   -0.467
 172   0.8187   0.0284   -0.408
 173   0.8307   0.0266   -0.347
 174   0.8423   0.0249   -0.297
 175   0.8536   0.0231   -0.235
 176   0.8645   0.0213   -0.176
 177   0.8751   0.0195   -0.128
 178   0.8853   0.0178   -0.078
 179   0.8951   0.0162   -0.025
 180   0.9045   0.0146    0.015
 181   0.9135   0.0130    0.057
 182   0.9222   0.0116    0.100
 183   0.9304   0.0102    0.130
 184   0.9382   0.0089    0.152
 185   0.9455   0.0077    0.178
 186   0.9524   0.0066    0.191
 187   0.9589   0.0056    0.213
 188   0.9649   0.0047    0.228
 189   0.9704   0.0039    0.207
 190   0.9755   0.0032    0.227
 191   0.9801   0.0025    0.202
 192   0.9843   0.0020    0.199
 193   0.9880   0.0015    0.185
 194   0.9911   0.0011    0.173
 195   0.9938   0.0007    0.145
 196   0.9961   0.0005    0.120
 197   0.9978   0.0003    0.062
 198   0.9990   0.0001    0.068
 199   0.9998   0.0000    0.085

 Maximum panel corner angle = 15.792   at  i,x,y  = 101   0.0002  -0.0016

 Enter corner angle criterion for refinement (deg):   7.896
 Enter type of spline parameter (1=uniform, 2=arclength):   1
 Enter refinement x limits:  -0.10000   1.10000
 Number of points added:            8
 Max thickness =     0.155470  at x =   0.194
 Max camber    =     0.076035  at x =   0.516

 Maximum panel corner angle = 18.923   at  i,x,y  = 103   0.0001  -0.0014

.GDES   c>  
 Buffer airfoil is not identical to current airfoil

 XFOIL   c>  
 Blunt trailing edge.  Gap =  0.00025

 Paneling parameters used...
   Number of panel nodes       160
   Panel bunching parameter    1.000
   TE/LE panel density ratio   0.150
   Refined-area/LE panel density ratio    0.200
   Top    side refined area x/c limits  1.000 1.000
   Bottom side refined area x/c limits  1.000 1.000

 XFOIL   c>  
Enter output filename   s>  
 XFOIL   c>  
.OPERi   c>   Current iteration limit:          20

Enter new iteration limit   i>  
Enter new iteration limit   i>  
Enter new iteration limit   i>  
.OPERi   c>  
 M  =    0.0000
 Re =  0.3000E+06

.OPERv   c>  
 Sonic Cp =   -420.65      Sonic Q/Qinf =    22.825


.OPERv   c>  
 Polar  1 newly created for accumulation
 Airfoil archived with polar: 000219                                          

Enter  polar save filename  OR  <return> for no file   s>  
 New polar save file available

Enter  polar dump filename  OR  <return> for no file   s>  
 Polar dump file will NOT be written

 Polar accumulation enabled

.OPERva   c>   Calculating unit vorticity distributions ...
 Calculating wake trajectory ...
 Calculating source influence matrix ...

 Solving BL system ...

 Initializing BL ...
    side            1  ...
 MRCHUE: Inverse mode at  41     Hk =   4.431
 MRCHUE: Inverse mode at  42     Hk =   5.439
 MRCHUE: Inverse mode at  43     Hk =   6.441
 MRCHUE: Inverse mode at  44     Hk =   7.446
 MRCHUE: Inverse mode at  45     Hk =   8.453
 MRCHUE: Inverse mode at  46     Hk =   8.704
 MRCHUE: Inverse mode at  47     Hk =   4.106
 MRCHUE: Inverse mode at  48     Hk =   2.500
 MRCHUE: Inverse mode at  81     Hk =   2.500
 MRCHUE: Inverse mode at  82     Hk =   2.500
 MRCHUE: Inverse mode at  83     Hk =   2.500
 MRCHUE: Inverse mode at  84     Hk =   2.500
 MRCHUE: Convergence failed at  85  side 1    Res =  0.8425E+01
    side            2  ...
 MRCHUE: Inverse mode at  38     Hk =   4.287
 MRCHUE: Inverse mode at  39     Hk =   5.114
 MRCHUE: Inverse mode at  40     Hk =   5.923
 MRCHUE: Inverse mode at  41     Hk =   6.719
 MRCHUE: Inverse mode at  42     Hk =   7.503
 MRCHUE: Inverse mode at  43     Hk =   8.275
 MRCHUE: Inverse mode at  44     Hk =   9.031
 MRCHUE: Inverse mode at  45     Hk =   9.088
 MRCHUE: Inverse mode at  46     Hk =   5.851
 MRCHUE: Inverse mode at  47     Hk =   4.214
 MRCHUE: Inverse mode at  48     Hk =   3.098
 MRCHUE: Convergence failed at  77  side 2    Res =  0.7769E+00

 MRCHDU: Convergence failed at  85  side 1    Res =  0.8694E+01
 Side 1  free  transition at x/c =  0.2621   46
 Side 2  free  transition at x/c =  0.4065   45

   1   rms: 0.4641E+00   max: 0.2431E+01   D at   79  2   RLX: 0.409
       a =  2.000      CL =  1.1070
      Cm = -0.1672     CD =  0.00972   =>   CDf =  0.00925    CDp =  0.00048

 MRCHDU: Convergence failed at  47  side 1    Res =  0.1197E+02
 Side 1  free  transition at x/c =  0.2798   46
 Side 2  free  transition at x/c =  0.4001   46

   2   rms: 0.2288E+00   max: 0.9645E+00   D at   82  2   RLX: 0.556
       a =  2.000      CL =  1.0779
      Cm = -0.1612     CD =  0.01271   =>   CDf =  0.00880    CDp =  0.00391

 Side 1  free  transition at x/c =  0.3045   48
 Side 2  free  transition at x/c =  0.3966   46

   3   rms: 0.8468E-01   max: 0.5926E+00   D at   48  1   RLX: 0.899
       a =  2.000      CL =  1.0609
      Cm = -0.1569     CD =  0.01452   =>   CDf =  0.00862    CDp =  0.00590

 Side 1  free  transition at x/c =  0.3383   49
 Side 2  free  transition at x/c =  0.3937   46

   4   rms: 0.1815E-01   max: -.2656E+00   C at   49  1
       a =  2.000      CL =  1.0508
      Cm = -0.1553     CD =  0.01573   =>   CDf =  0.00832    CDp =  0.00742

 Side 1  free  transition at x/c =  0.3384   49
 Side 2  free  transition at x/c =  0.3919   46

   5   rms: 0.2680E-02   max: 0.4889E-01   C at   49  1
       a =  2.000      CL =  1.0510
      Cm = -0.1553     CD =  0.01576   =>   CDf =  0.00821    CDp =  0.00755

 Side 1  free  transition at x/c =  0.3373   49
 Side 2  free  transition at x/c =  0.3918   46

   6   rms: 0.2989E-04   max: -.3327E-03   D at   49  1
       a =  2.000      CL =  1.0510
      Cm = -0.1553     CD =  0.01576   =>   CDf =  0.00822    CDp =  0.00753

 Point added to stored polar  1
 Point written to save file  000219M0.04.log                                 
 Dump file unspecified or not available
 Calculating wake trajectory ...
 Calculating source influence matrix ...

 Solving BL system ...

 Side 1  free  transition at x/c =  0.3373   49
 Side 2  free  transition at x/c =  0.3918   46

   1   rms: 0.1533E+00   max: -.7546E+00   T at   46  2   RLX: 0.663
       a =  3.000      CL =  1.1197
      Cm = -0.1540     CD =  0.01635   =>   CDf =  0.00809    CDp =  0.00827

 Side 1  free  transition at x/c =  0.3040   49
 Side 2  free  transition at x/c =  0.4053   45

   2   rms: 0.9313E-01   max: -.9619E+00   T at    2  1   RLX: 0.520
       a =  3.000      CL =  1.1340
      Cm = -0.1533     CD =  0.01739   =>   CDf =  0.00849    CDp =  0.00890

 Side 1  free  transition at x/c =  0.3001   48
 Side 2  free  transition at x/c =  0.4105   46

   3   rms: 0.2907E-01   max: -.2758E+00   D at   49  1
       a =  3.000      CL =  1.1495
      Cm = -0.1528     CD =  0.01704   =>   CDf =  0.00853    CDp =  0.00851

 Side 1  free  transition at x/c =  0.2933   48
 Side 2  free  transition at x/c =  0.4142   46

   4   rms: 0.2225E-02   max: -.2140E-01   D at   49  1
       a =  3.000      CL =  1.1485
      Cm = -0.1526     CD =  0.01721   =>   CDf =  0.00848    CDp =  0.00873

 Side 1  free  transition at x/c =  0.2930   48
 Side 2  free  transition at x/c =  0.4138   46

   5   rms: 0.4262E-04   max: -.4878E-03   D at   48  2
       a =  3.000      CL =  1.1485
      Cm = -0.1526     CD =  0.01721   =>   CDf =  0.00849    CDp =  0.00872

 Point added to stored polar  1
 Point written to save file  000219M0.04.log                                 
 Dump file unspecified or not available
 Calculating wake trajectory ...
 Calculating source influence matrix ...

 Solving BL system ...

 Side 1  free  transition at x/c =  0.2930   48
 Side 2  free  transition at x/c =  0.4138   46

   1   rms: 0.1515E+00   max: -.6791E+00   T at   46  2   RLX: 0.736
       a =  4.000      CL =  1.2206
      Cm = -0.1508     CD =  0.01820   =>   CDf =  0.00833    CDp =  0.00987

 Side 1  free  transition at x/c =  0.2716   48
 Side 2  free  transition at x/c =  0.4284   45

   2   rms: 0.6814E-01   max: -.3906E+00   D at   48  1
       a =  4.000      CL =  1.2442
      Cm = -0.1497     CD =  0.01874   =>   CDf =  0.00869    CDp =  0.01005

 MRCHDU: Convergence failed at  46  side 2    Res =  0.1233E+02
 MRCHDU: Convergence failed at  47  side 2    Res =  0.2297E+02
 MRCHDU: Convergence failed at  48  side 2    Res =  0.5623E+01
 MRCHDU: Convergence failed at  49  side 2    Res =  0.9840E+01
 MRCHDU: Convergence failed at  50  side 2    Res =  0.1699E+02
 MRCHDU: Convergence failed at  51  side 2    Res =  0.2631E+02
 MRCHDU: Convergence failed at  52  side 2    Res =  0.3687E+02
 MRCHDU: Convergence failed at  53  side 2    Res =  0.4761E+02
 MRCHDU: Convergence failed at  54  side 2    Res =  0.5718E+02
 MRCHDU: Convergence failed at  55  side 2    Res =  0.6480E+02
 MRCHDU: Convergence failed at  56  side 2    Res =  0.7101E+02
 MRCHDU: Convergence failed at  57  side 2    Res =  0.7679E+02
 MRCHDU: Convergence failed at  58  side 2    Res =  0.8389E+02
 MRCHDU: Convergence failed at  59  side 2    Res =  0.8966E+02
 MRCHDU: Convergence failed at  60  side 2    Res =  0.9199E+02
 MRCHDU: Convergence failed at  61  side 2    Res =  0.8803E+02
 MRCHDU: Convergence failed at  62  side 2    Res =  0.7593E+02
 MRCHDU: Convergence failed at  63  side 2    Res =  0.5355E+02
 MRCHDU: Convergence failed at  64  side 2    Res =  0.3249E+02
 MRCHDU: Convergence failed at  65  side 2    Res =  0.1794E+02
 MRCHDU: Convergence failed at  66  side 2    Res =  0.8766E+01
 MRCHDU: Convergence failed at  67  side 2    Res =  0.4775E+01
 MRCHDU: Convergence failed at  68  side 2    Res =  0.2306E+01
 Side 1  free  transition at x/c =  0.2645   48
 Side 2  free  transition at x/c =  0.4403   46

   3   rms: 0.2580E+00   max: 0.1297E+01   T at   53  2   RLX: 0.532
       a =  4.000      CL =  1.2091
      Cm = -0.1360     CD =  0.01783   =>   CDf =  0.00740    CDp =  0.01043

 Side 1  free  transition at x/c =  0.2639   48
 Side 2  free  transition at x/c =  0.4309   46

   4   rms: 0.8169E-01   max: -.6749E+00   D at   48  2   RLX: 0.741
       a =  4.000      CL =  1.2349
      Cm = -0.1464     CD =  0.01913   =>   CDf =  0.00910    CDp =  0.01004

 Side 1  free  transition at x/c =  0.2637   48
 Side 2  free  transition at x/c =  0.4345   46

   5   rms: 0.2828E-01   max: -.3843E+00   D at   48  2
       a =  4.000      CL =  1.2422
      Cm = -0.1496     CD =  0.01888   =>   CDf =  0.00878    CDp =  0.01010

 Side 1  free  transition at x/c =  0.2636   47
 Side 2  free  transition at x/c =  0.4371   46

   6   rms: 0.3941E-02   max: -.6366E-01   D at   48  2
       a =  4.000      CL =  1.2422
      Cm = -0.1496     CD =  0.01889   =>   CDf =  0.00873    CDp =  0.01016

 Side 1  free  transition at x/c =  0.2636   47
 Side 2  free  transition at x/c =  0.4366   46

   7   rms: 0.1466E-03   max: -.3417E-02   D at   48  2
       a =  4.000      CL =  1.2422
      Cm = -0.1496     CD =  0.01889   =>   CDf =  0.00873    CDp =  0.01016

 Side 1  free  transition at x/c =  0.2636   47
 Side 2  free  transition at x/c =  0.4366   46

   8   rms: 0.1202E-05   max: -.8494E-05   D at   48  2
       a =  4.000      CL =  1.2422
      Cm = -0.1496     CD =  0.01889   =>   CDf =  0.00873    CDp =  0.01016

 Point added to stored polar  1
 Point written to save file  000219M0.04.log                                 
 Dump file unspecified or not available
 Calculating wake trajectory ...
 Calculating source influence matrix ...

 Solving BL system ...

 Side 1  free  transition at x/c =  0.2636   47
 Side 2  free  transition at x/c =  0.4366   46

   1   rms: 0.1466E+00   max: -.6456E+00   T at   46  2   RLX: 0.775
       a =  5.000      CL =  1.3209
      Cm = -0.1480     CD =  0.01946   =>   CDf =  0.00854    CDp =  0.01092

 Side 1  free  transition at x/c =  0.2452   47
 Side 2  free  transition at x/c =  0.4545   46

   2   rms: 0.3255E-01   max: -.2077E+00   T at   46  2
       a =  5.000      CL =  1.3346
      Cm = -0.1465     CD =  0.02037   =>   CDf =  0.00885    CDp =  0.01152

 Side 1  free  transition at x/c =  0.2424   47
 Side 2  free  transition at x/c =  0.4604   46

   3   rms: 0.8679E-02   max: -.7877E-01   D at   46  2
       a =  5.000      CL =  1.3341
      Cm = -0.1464     CD =  0.02043   =>   CDf =  0.00873    CDp =  0.01170

 Side 1  free  transition at x/c =  0.2421   47
 Side 2  free  transition at x/c =  0.4612   46

   4   rms: 0.2158E-03   max: 0.2806E-02   D at   47  2
       a =  5.000      CL =  1.3341
      Cm = -0.1464     CD =  0.02043   =>   CDf =  0.00874    CDp =  0.01170

 Side 1  free  transition at x/c =  0.2421   47
 Side 2  free  transition at x/c =  0.4611   46

   5   rms: 0.8177E-06   max: -.3852E-05   D at   79  2
       a =  5.000      CL =  1.3341
      Cm = -0.1464     CD =  0.02043   =>   CDf =  0.00874    CDp =  0.01170

 Point added to stored polar  1
 Point written to save file  000219M0.04.log                                 
 Dump file unspecified or not available
 Calculating wake trajectory ...
 Calculating source influence matrix ...

 Solving BL system ...

 Side 1  free  transition at x/c =  0.2421   47
 Side 2  free  transition at x/c =  0.4611   46

   1   rms: 0.1397E+00   max: -.6328E+00   T at   46  2   RLX: 0.790
       a =  6.000      CL =  1.4068
      Cm = -0.1439     CD =  0.02150   =>   CDf =  0.00853    CDp =  0.01297

 Side 1  free  transition at x/c =  0.2273   47
 Side 2  free  transition at x/c =  0.4839   46

   2   rms: 0.3088E-01   max: 0.2465E+00   D at   46  2
       a =  6.000      CL =  1.4174
      Cm = -0.1422     CD =  0.02226   =>   CDf =  0.00883    CDp =  0.01343

 Side 1  free  transition at x/c =  0.2251   47
 Side 2  free  transition at x/c =  0.4871   46

   3   rms: 0.1845E-02   max: -.1834E-01   D at   47  2
       a =  6.000      CL =  1.4182
      Cm = -0.1423     CD =  0.02230   =>   CDf =  0.00875    CDp =  0.01355

 Side 1  free  transition at x/c =  0.2248   47
 Side 2  free  transition at x/c =  0.4874   46

   4   rms: 0.4024E-04   max: 0.2895E-03   D at   77  2
       a =  6.000      CL =  1.4181
      Cm = -0.1423     CD =  0.02231   =>   CDf =  0.00876    CDp =  0.01355

 Point added to stored polar  1
 Point written to save file  000219M0.04.log                                 
 Dump file unspecified or not available
 Calculating wake trajectory ...
 Calculating source influence matrix ...

 Solving BL system ...

 Side 1  free  transition at x/c =  0.2248   47
 Side 2  free  transition at x/c =  0.4874   46

   1   rms: 0.1419E+00   max: -.8004E+00   T at   46  2   RLX: 0.625
       a =  7.000      CL =  1.4724
      Cm = -0.1402     CD =  0.02340   =>   CDf =  0.00853    CDp =  0.01488

 MRCHDU: Convergence failed at  47  side 2    Res =  0.9968E+01
 MRCHDU: Convergence failed at  48  side 2    Res =  0.4269E+01
 MRCHDU: Convergence failed at  49  side 2    Res =  0.9827E+01
 MRCHDU: Convergence failed at  50  side 2    Res =  0.2681E+02
 MRCHDU: Convergence failed at  51  side 2    Res =  0.1713E+03
 MRCHDU: Convergence failed at  52  side 2    Res =  0.1484E+03
 MRCHDU: Convergence failed at  53  side 2    Res =  0.7081E+02
 MRCHDU: Convergence failed at  54  side 2    Res =  0.7616E+02
 MRCHDU: Convergence failed at  55  side 2    Res =  0.2234E+03
 MRCHDU: Convergence failed at  56  side 2    Res =  0.1474E+03
 MRCHDU: Convergence failed at  57  side 2    Res =  0.3864E+02
 MRCHDU: Convergence failed at  58  side 2    Res =  0.1712E+02
 MRCHDU: Convergence failed at  59  side 2    Res =  0.9106E+01
 MRCHDU: Convergence failed at  60  side 2    Res =  0.4620E+01
 Side 1  free  transition at x/c =  0.2150   48
 Side 2  free  transition at x/c =  0.5107   47

   2   rms: 0.1854E+00   max: -.9778E+00   D at   59  2   RLX: 0.511
       a =  7.000      CL =  1.4739
      Cm = -0.1343     CD =  0.02353   =>   CDf =  0.00798    CDp =  0.01555

 Side 1  free  transition at x/c =  0.2128   48
 Side 2  free  transition at x/c =  0.5145   47

   3   rms: 0.4528E-01   max: -.4848E+00   D at   48  2
       a =  7.000      CL =  1.4990
      Cm = -0.1384     CD =  0.02473   =>   CDf =  0.00886    CDp =  0.01587

 Side 1  free  transition at x/c =  0.2103   47
 Side 2  free  transition at x/c =  0.5156   47

   4   rms: 0.8038E-02   max: 0.8275E-01   D at   49  2
       a =  7.000      CL =  1.4983
      Cm = -0.1383     CD =  0.02455   =>   CDf =  0.00874    CDp =  0.01581

 Side 1  free  transition at x/c =  0.2104   47
 Side 2  free  transition at x/c =  0.5153   47

   5   rms: 0.8260E-03   max: -.4195E-02   D at   85  1
       a =  7.000      CL =  1.4989
      Cm = -0.1384     CD =  0.02454   =>   CDf =  0.00872    CDp =  0.01583

 Side 1  free  transition at x/c =  0.2104   47
 Side 2  free  transition at x/c =  0.5153   47

   6   rms: 0.5376E-05   max: 0.4670E-04   T at   47  2
       a =  7.000      CL =  1.4989
      Cm = -0.1384     CD =  0.02454   =>   CDf =  0.00872    CDp =  0.01583

 Point added to stored polar  1
 Point written to save file  000219M0.04.log                                 
 Dump file unspecified or not available
 Calculating wake trajectory ...
 Calculating source influence matrix ...

 Solving BL system ...

 Side 1  free  transition at x/c =  0.2104   47
 Side 2  free  transition at x/c =  0.5153   47

   1   rms: 0.1374E+00   max: -.7115E+00   T at   47  2   RLX: 0.703
       a =  8.000      CL =  1.5561
      Cm = -0.1357     CD =  0.02586   =>   CDf =  0.00846    CDp =  0.01740

 Side 1  free  transition at x/c =  0.2010   48
 Side 2  free  transition at x/c =  0.5363   47

   2   rms: 0.4203E-01   max: -.2581E+00   T at   47  2
       a =  8.000      CL =  1.5753
      Cm = -0.1343     CD =  0.02686   =>   CDf =  0.00831    CDp =  0.01855

 Side 1  free  transition at x/c =  0.1983   49
 Side 2  free  transition at x/c =  0.5476   47

   3   rms: 0.1120E-01   max: -.8947E-01   D at   46  2
       a =  8.000      CL =  1.5754
      Cm = -0.1344     CD =  0.02692   =>   CDf =  0.00858    CDp =  0.01834

 Side 1  free  transition at x/c =  0.1980   49
 Side 2  free  transition at x/c =  0.5494   47

   4   rms: 0.1237E-02   max: -.1278E-01   D at    4  1
       a =  8.000      CL =  1.5752
      Cm = -0.1343     CD =  0.02694   =>   CDf =  0.00856    CDp =  0.01838

 Side 1  free  transition at x/c =  0.1980   49
 Side 2  free  transition at x/c =  0.5492   47

   5   rms: 0.6252E-05   max: -.1030E-03   D at   49  2
       a =  8.000      CL =  1.5752
      Cm = -0.1343     CD =  0.02694   =>   CDf =  0.00856    CDp =  0.01837

 Point added to stored polar  1
 Point written to save file  000219M0.04.log                                 
 Dump file unspecified or not available
 Calculating wake trajectory ...
 Calculating source influence matrix ...

 Solving BL system ...

 Side 1  free  transition at x/c =  0.1980   49
 Side 2  free  transition at x/c =  0.5492   47

   1   rms: 0.1465E+00   max: -.7679E+00   T at   47  2   RLX: 0.651
       a =  9.000      CL =  1.6247
      Cm = -0.1319     CD =  0.02900   =>   CDf =  0.00858    CDp =  0.02043

 Side 1  free  transition at x/c =  0.1917   48
 Side 2  free  transition at x/c =  0.5696   48

   2   rms: 0.8782E-01   max: -.6962E+00   T at   48  2   RLX: 0.718
       a =  9.000      CL =  1.6362
      Cm = -0.1302     CD =  0.02971   =>   CDf =  0.00822    CDp =  0.02149

 Side 1  free  transition at x/c =  0.1855   49
 Side 2  free  transition at x/c =  0.5832   48

   3   rms: 0.6910E-01   max: -.4219E+00   T at   48  2
       a =  9.000      CL =  1.6404
      Cm = -0.1300     CD =  0.02974   =>   CDf =  0.00846    CDp =  0.02128

 Side 1  free  transition at x/c =  0.1845   49
 Side 2  free  transition at x/c =  0.6007   48

   4   rms: 0.1056E-01   max: -.9659E-01   C at   48  2
       a =  9.000      CL =  1.6435
      Cm = -0.1303     CD =  0.02975   =>   CDf =  0.00832    CDp =  0.02143

 Side 1  free  transition at x/c =  0.1839   49
 Side 2  free  transition at x/c =  0.5922   48

   5   rms: 0.3175E-02   max: -.3462E-01   C at   48  2
       a =  9.000      CL =  1.6435
      Cm = -0.1303     CD =  0.02978   =>   CDf =  0.00835    CDp =  0.02143

 Side 1  free  transition at x/c =  0.1839   49
 Side 2  free  transition at x/c =  0.5934   48

   6   rms: 0.5901E-04   max: -.1230E-02   D at   50  2
       a =  9.000      CL =  1.6435
      Cm = -0.1303     CD =  0.02978   =>   CDf =  0.00834    CDp =  0.02144

 Point added to stored polar  1
 Point written to save file  000219M0.04.log                                 
 Dump file unspecified or not available
 Calculating wake trajectory ...
 Calculating source influence matrix ...

 Solving BL system ...

 Side 1  free  transition at x/c =  0.1839   49
 Side 2  free  transition at x/c =  0.5933   48

   1   rms: 0.1589E+00   max: -.8724E+00   D at   49  1   RLX: 0.573
       a = 10.000      CL =  1.6726
      Cm = -0.1276     CD =  0.03210   =>   CDf =  0.00803    CDp =  0.02407

 MRCHDU: Convergence failed at  50  side 1    Res =  0.1323E+01
 MRCHDU: Convergence failed at  51  side 1    Res =  0.2342E+01
 MRCHDU: Convergence failed at  52  side 1    Res =  0.1335E+01
 MRCHDU: Convergence failed at  53  side 1    Res =  0.1334E+01
 MRCHDU: Convergence failed at  54  side 1    Res =  0.1594E+01
 MRCHDU: Convergence failed at  55  side 1    Res =  0.1840E+01
 MRCHDU: Convergence failed at  56  side 1    Res =  0.2125E+01
 MRCHDU: Convergence failed at  57  side 1    Res =  0.2459E+01
 MRCHDU: Convergence failed at  58  side 1    Res =  0.2852E+01
 MRCHDU: Convergence failed at  59  side 1    Res =  0.3312E+01
 MRCHDU: Convergence failed at  60  side 1    Res =  0.3859E+01
 MRCHDU: Convergence failed at  61  side 1    Res =  0.4514E+01
 MRCHDU: Convergence failed at  62  side 1    Res =  0.5311E+01
 MRCHDU: Convergence failed at  63  side 1    Res =  0.6333E+01
 MRCHDU: Convergence failed at  64  side 1    Res =  0.7630E+01
 MRCHDU: Convergence failed at  65  side 1    Res =  0.9358E+01
 MRCHDU: Convergence failed at  66  side 1    Res =  0.1190E+02
 MRCHDU: Convergence failed at  67  side 1    Res =  0.1593E+02
 MRCHDU: Convergence failed at  68  side 1    Res =  0.2343E+02
 MRCHDU: Convergence failed at  69  side 1    Res =  0.5580E+02
 MRCHDU: Convergence failed at  70  side 1    Res =  0.2272E+02
 MRCHDU: Convergence failed at  71  side 1    Res =  0.2081E+02
 MRCHDU: Convergence failed at  72  side 1    Res =  0.2553E+02
 MRCHDU: Convergence failed at  73  side 1    Res =  0.3191E+02
 MRCHDU: Convergence failed at  74  side 1    Res =  0.1448E+02
 MRCHDU: Convergence failed at  75  side 1    Res =  0.3969E+02
 MRCHDU: Convergence failed at  76  side 1    Res =  0.1839E+02
 MRCHDU: Convergence failed at  77  side 1    Res =  0.1431E+02
 MRCHDU: Convergence failed at  78  side 1    Res =  0.1724E+02
 MRCHDU: Convergence failed at  79  side 1    Res =  0.3715E+02
 MRCHDU: Convergence failed at  80  side 1    Res =  0.1951E+03
 MRCHDU: Convergence failed at  81  side 1    Res =  0.2668E+02
 MRCHDU: Convergence failed at  82  side 1    Res =  0.1647E+02
 MRCHDU: Convergence failed at  83  side 1    Res =  0.1554E+02
 MRCHDU: Convergence failed at  84  side 1    Res =  0.6934E+03
 MRCHDU: Convergence failed at  85  side 1    Res =  0.4684E+02
 MRCHDU: Convergence failed at  86  side 1    Res =  0.3788E+02
 MRCHDU: Convergence failed at  87  side 1    Res =  0.1659E+02
 MRCHDU: Convergence failed at  88  side 1    Res =  0.1526E+02
 MRCHDU: Convergence failed at  89  side 1    Res =  0.1641E+02
 MRCHDU: Convergence failed at  90  side 1    Res =  0.2543E+02
 MRCHDU: Convergence failed at  91  side 1    Res =  0.2989E+02
 MRCHDU: Convergence failed at  92  side 1    Res =  0.3369E+02
 MRCHDU: Convergence failed at  93  side 1    Res =  0.4434E+02
 MRCHDU: Convergence failed at  77  side 2    Res =  0.3439E+01
 Side 1  free  transition at x/c =  0.1781   49
 Side 2  free  transition at x/c =  0.6238   49

   2   rms: 0.1316E+01   max: 0.7173E+01   D at    2  1   RLX: 0.148
       a = 10.000      CL =  2.9203
      Cm = -0.6469     CD =  0.00689   =>   CDf =  0.00395    CDp =  0.00294

 Side 1  free  transition at x/c =  0.1715   49
 Side 2  free  transition at x/c =  0.6338   49

   3   rms: 0.6108E+00   max: -.2423E+01   C at   49  2   RLX: 0.206
       a = 10.000      CL =  2.6576
      Cm = -0.5052     CD =  0.01310   =>   CDf =  0.01403    CDp = -0.00093

 Side 1  free  transition at x/c =  0.1640   48
 Side 2  free  transition at x/c =  0.6536   50

   4   rms: 0.5009E+00   max: -.3130E+01   C at   50  2   RLX: 0.160
       a = 10.000      CL =  2.5480
      Cm = -0.4449     CD =  0.01358   =>   CDf =  0.01261    CDp =  0.00097

 Side 1  free  transition at x/c =  0.1619   49
 Side 2  free  transition at x/c =  0.6681   50

   5   rms: 0.4959E+00   max: -.4964E+01   C at   50  2   RLX: 0.101
       a = 10.000      CL =  2.4960
      Cm = -0.4146     CD =  0.01383   =>   CDf =  0.01226    CDp =  0.00157

 Side 1  free  transition at x/c =  0.1596   49
 Side 2  free  transition at x/c =  0.6761   51

   6   rms: 0.5084E+00   max: -.4062E+01   C at   51  2   RLX: 0.123
       a = 10.000      CL =  2.4510
      Cm = -0.3842     CD =  0.01382   =>   CDf =  0.01196    CDp =  0.00186

 Side 1  free  transition at x/c =  0.1548   49
 Side 2  free  transition at x/c =  0.6960   52

   7   rms: 0.4350E+00   max: -.4742E+01   C at   52  2   RLX: 0.105
       a = 10.000      CL =  2.4049
      Cm = -0.3605     CD =  0.01457   =>   CDf =  0.01167    CDp =  0.00290

 Side 1  free  transition at x/c =  0.1541   49
 Side 2  free  transition at x/c =  0.7112   52

   8   rms: 0.3125E+00   max: -.1041E+01   T at   52  2   RLX: 0.480
       a = 10.000      CL =  2.1822
      Cm = -0.2578     CD =  0.01714   =>   CDf =  0.01100    CDp =  0.00614

 Side 1  free  transition at x/c =  0.1522   50
 Side 2 forced transition at x/c =  1.0001   67

   9   rms: 0.2504E+00   max: 0.8611E+00   D at   72  2   RLX: 0.863
       a = 10.000      CL =  1.8823
      Cm = -0.1555     CD =  0.02331   =>   CDf =  0.01021    CDp =  0.01310

 MRCHDU: Convergence failed at  86  side 1    Res =  0.9488E+00
 MRCHDU: Convergence failed at  87  side 1    Res =  0.1658E+01
 Side 1  free  transition at x/c =  0.1578   49
 Side 2 forced transition at x/c =  1.0001   68

  10   rms: 0.1939E+00   max: 0.8533E+00   D at   93  1
       a = 10.000      CL =  1.7118
      Cm = -0.1233     CD =  0.03036   =>   CDf =  0.00875    CDp =  0.02161

 Side 1  free  transition at x/c =  0.1621   48
 Side 2 forced transition at x/c =  1.0001   69

  11   rms: 0.4990E-01   max: 0.3384E+00   D at   86  1
       a = 10.000      CL =  1.6916
      Cm = -0.1250     CD =  0.03351   =>   CDf =  0.00806    CDp =  0.02545

 Side 1  free  transition at x/c =  0.1682   49
 Side 2 forced transition at x/c =  1.0001   69

  12   rms: 0.7073E-02   max: -.5436E-01   D at   86  1
       a = 10.000      CL =  1.6972
      Cm = -0.1254     CD =  0.03294   =>   CDf =  0.00779    CDp =  0.02515

 Side 1  free  transition at x/c =  0.1672   49
 Side 2 forced transition at x/c =  1.0001   69

  13   rms: 0.1792E-03   max: -.2202E-02   D at   50  1
       a = 10.000      CL =  1.6972
      Cm = -0.1254     CD =  0.03296   =>   CDf =  0.00783    CDp =  0.02513

 Side 1  free  transition at x/c =  0.1672   49
 Side 2 forced transition at x/c =  1.0001   69

  14   rms: 0.5298E-05   max: 0.7985E-04   C at   69  2
       a = 10.000      CL =  1.6972
      Cm = -0.1254     CD =  0.03296   =>   CDf =  0.00783    CDp =  0.02513

 Point added to stored polar  1
 Point written to save file  000219M0.04.log                                 
 Dump file unspecified or not available
 Calculating wake trajectory ...
 Calculating source influence matrix ...

 Solving BL system ...

 Side 1  free  transition at x/c =  0.1672   49
 Side 2 forced transition at x/c =  1.0001   69

   1   rms: 0.1759E+00   max: -.7068E+00   D at   49  1   RLX: 0.707
       a = 11.000      CL =  1.7262
      Cm = -0.1219     CD =  0.03718   =>   CDf =  0.00750    CDp =  0.02968

 MRCHDU: Convergence failed at  50  side 1    Res =  0.1829E+01
 MRCHDU: Convergence failed at  51  side 1    Res =  0.1668E+01
 MRCHDU: Convergence failed at  52  side 1    Res =  0.1115E+01
 MRCHDU: Convergence failed at  53  side 1    Res =  0.1410E+01
 MRCHDU: Convergence failed at  54  side 1    Res =  0.2074E+01
 MRCHDU: Convergence failed at  55  side 1    Res =  0.2432E+01
 MRCHDU: Convergence failed at  56  side 1    Res =  0.2802E+01
 MRCHDU: Convergence failed at  57  side 1    Res =  0.3207E+01
 MRCHDU: Convergence failed at  58  side 1    Res =  0.3664E+01
 MRCHDU: Convergence failed at  59  side 1    Res =  0.4230E+01
 MRCHDU: Convergence failed at  60  side 1    Res =  0.4891E+01
 MRCHDU: Convergence failed at  61  side 1    Res =  0.5771E+01
 MRCHDU: Convergence failed at  62  side 1    Res =  0.6828E+01
 MRCHDU: Convergence failed at  63  side 1    Res =  0.8363E+01
 MRCHDU: Convergence failed at  64  side 1    Res =  0.1036E+02
 MRCHDU: Convergence failed at  65  side 1    Res =  0.1379E+02
 MRCHDU: Convergence failed at  66  side 1    Res =  0.2152E+02
 MRCHDU: Convergence failed at  67  side 1    Res =  0.4265E+02
 MRCHDU: Convergence failed at  68  side 1    Res =  0.7826E+03
 MRCHDU: Convergence failed at  69  side 1    Res =  0.3196E+02
 MRCHDU: Convergence failed at  70  side 1    Res =  0.1739E+02
 MRCHDU: Convergence failed at  71  side 1    Res =  0.2109E+02
 MRCHDU: Convergence failed at  72  side 1    Res =  0.9734E+01
 MRCHDU: Convergence failed at  73  side 1    Res =  0.3430E+02
 MRCHDU: Convergence failed at  74  side 1    Res =  0.1187E+02
 MRCHDU: Convergence failed at  75  side 1    Res =  0.1738E+02
 MRCHDU: Convergence failed at  76  side 1    Res =  0.1301E+02
 MRCHDU: Convergence failed at  77  side 1    Res =  0.1584E+02
 MRCHDU: Convergence failed at  78  side 1    Res =  0.3578E+02
 MRCHDU: Convergence failed at  79  side 1    Res =  0.1579E+03
 MRCHDU: Convergence failed at  80  side 1    Res =  0.2570E+02
 MRCHDU: Convergence failed at  81  side 1    Res =  0.1126E+02
 MRCHDU: Convergence failed at  82  side 1    Res =  0.1771E+02
 MRCHDU: Convergence failed at  83  side 1    Res =  0.6043E+03
 MRCHDU: Convergence failed at  84  side 1    Res =  0.2362E+02
 MRCHDU: Convergence failed at  85  side 1    Res =  0.1647E+02
 MRCHDU: Convergence failed at  86  side 1    Res =  0.1428E+02
 MRCHDU: Convergence failed at  87  side 1    Res =  0.1530E+02
 MRCHDU: Convergence failed at  88  side 1    Res =  0.2732E+02
 MRCHDU: Convergence failed at  89  side 1    Res =  0.3077E+02
 MRCHDU: Convergence failed at  90  side 1    Res =  0.1443E+03
 MRCHDU: Convergence failed at  91  side 1    Res =  0.4047E+05
 MRCHDU: Convergence failed at  92  side 1    Res =  0.2941E+03
 MRCHDU: Convergence failed at  93  side 1    Res =  0.3586E+02
 MRCHDU: Convergence failed at  94  side 1    Res =  0.2251E+02
 MRCHDU: Convergence failed at  77  side 2    Res =  0.7060E+01
 MRCHDU: Convergence failed at  78  side 2    Res =  0.2361E+01
 Side 1  free  transition at x/c =  0.1622   49
 Side 2 forced transition at x/c =  1.0001   68

   2   rms: 0.1158E+01   max: 0.4453E+01   D at   94  1   RLX: 0.337
       a = 11.000      CL =  2.8359
      Cm = -0.5515     CD =  0.00816   =>   CDf =  0.00329    CDp =  0.00487

 Side 1  free  transition at x/c =  0.1454   49
 Side 2 forced transition at x/c =  1.0001   67

   3   rms: 0.4844E+00   max: -.5954E+00   U at   95  1   RLX: 0.594
       a = 11.000      CL =  2.3362
      Cm = -0.2888     CD =  0.01610   =>   CDf =  0.01231    CDp =  0.00379

 Side 1  free  transition at x/c =  0.1349   49
 Side 2 forced transition at x/c =  1.0001   66

   4   rms: 0.2348E+00   max: 0.5504E+00   D at   76  2
       a = 11.000      CL =  1.9739
      Cm = -0.1435     CD =  0.02437   =>   CDf =  0.01036    CDp =  0.01401

 MRCHDU: Convergence failed at  87  side 1    Res =  0.1926E+01
 MRCHDU: Convergence failed at  88  side 1    Res =  0.1294E+01
 MRCHDU: Convergence failed at  89  side 1    Res =  0.1881E+01
 MRCHDU: Convergence failed at  90  side 1    Res =  0.2720E+01
 MRCHDU: Convergence failed at  91  side 1    Res =  0.4671E+01
 MRCHDU: Convergence failed at  92  side 1    Res =  0.1676E+02
 MRCHDU: Convergence failed at  93  side 1    Res =  0.9281E+01
 MRCHDU: Convergence failed at  94  side 1    Res =  0.4162E+01
 MRCHDU: Convergence failed at  95  side 1    Res =  0.2953E+01
 MRCHDU: Convergence failed at  96  side 1    Res =  0.2605E+01
 Side 1  free  transition at x/c =  0.1365   49
 Side 2 forced transition at x/c =  1.0001   66

   5   rms: 0.1891E+00   max: 0.1081E+01   D at   96  1
       a = 11.000      CL =  1.9045
      Cm = -0.1396     CD =  0.02848   =>   CDf =  0.00888    CDp =  0.01960

 Side 1  free  transition at x/c =  0.1392   48
 Side 2 forced transition at x/c =  1.0001   67

   6   rms: 0.3006E+00   max: -.1377E+01   T at    2  2   RLX: 0.363
       a = 11.000      CL =  1.8351
      Cm = -0.1371     CD =  0.02967   =>   CDf =  0.00831    CDp =  0.02136

 Side 1  free  transition at x/c =  0.1490   49
 Side 2 forced transition at x/c =  1.0001   67

   7   rms: 0.9256E-01   max: 0.4820E+00   D at   74  2
       a = 11.000      CL =  1.7555
      Cm = -0.1225     CD =  0.03727   =>   CDf =  0.00839    CDp =  0.02888

 Side 1  free  transition at x/c =  0.1522   49
 Side 2 forced transition at x/c =  1.0001   68

   8   rms: 0.1211E-01   max: 0.1569E+00   D at   77  2
       a = 11.000      CL =  1.7494
      Cm = -0.1216     CD =  0.03775   =>   CDf =  0.00786    CDp =  0.02988

 Side 1  free  transition at x/c =  0.1523   49
 Side 2 forced transition at x/c =  1.0001   68

   9   rms: 0.7629E-03   max: 0.1285E-01   D at   78  2
       a = 11.000      CL =  1.7497
      Cm = -0.1217     CD =  0.03768   =>   CDf =  0.00784    CDp =  0.02984

 Side 1  free  transition at x/c =  0.1523   49
 Side 2 forced transition at x/c =  1.0001   68

  10   rms: 0.1649E-04   max: 0.3466E-03   D at   78  2
       a = 11.000      CL =  1.7497
      Cm = -0.1217     CD =  0.03768   =>   CDf =  0.00784    CDp =  0.02984

 Point added to stored polar  1
 Point written to save file  000219M0.04.log                                 
 Dump file unspecified or not available
 Calculating wake trajectory ...
 Calculating source influence matrix ...

 Solving BL system ...

 Side 1  free  transition at x/c =  0.1523   49
 Side 2 forced transition at x/c =  1.0001   68

   1   rms: 0.1339E+00   max: -.3819E+00   D at   49  1   RLX: 0.867
       a = 12.000      CL =  1.7809
      Cm = -0.1176     CD =  0.04364   =>   CDf =  0.00747    CDp =  0.03617

 Side 1  free  transition at x/c =  0.1391   48
 Side 2 forced transition at x/c =  1.0001   67

   2   rms: 0.3837E-01   max: -.3421E+00   C at   48  1
       a = 12.000      CL =  1.7973
      Cm = -0.1185     CD =  0.04335   =>   CDf =  0.00783    CDp =  0.03551

 Side 1  free  transition at x/c =  0.1391   48
 Side 2 forced transition at x/c =  1.0001   67

   3   rms: 0.3876E-02   max: -.2156E-01   C at   49  1
       a = 12.000      CL =  1.7980
      Cm = -0.1185     CD =  0.04311   =>   CDf =  0.00772    CDp =  0.03538

 Side 1  free  transition at x/c =  0.1375   48
 Side 2 forced transition at x/c =  1.0001   67

   4   rms: 0.4597E-03   max: 0.1923E-02   D at   80  1
       a = 12.000      CL =  1.7976
      Cm = -0.1185     CD =  0.04315   =>   CDf =  0.00771    CDp =  0.03545

 Side 1  free  transition at x/c =  0.1375   48
 Side 2 forced transition at x/c =  1.0001   67

   5   rms: 0.1459E-04   max: -.1623E-03   C at   67  2
       a = 12.000      CL =  1.7975
      Cm = -0.1185     CD =  0.04315   =>   CDf =  0.00771    CDp =  0.03545

 Point added to stored polar  1
 Point written to save file  000219M0.04.log                                 
 Dump file unspecified or not available
 Calculating wake trajectory ...
 Calculating source influence matrix ...

 Solving BL system ...

 Side 1  free  transition at x/c =  0.1375   48
 Side 2 forced transition at x/c =  1.0001   67

   1   rms: 0.1272E+00   max: 0.1872E+00   D at   81  2   RLX: 0.802
       a = 13.000      CL =  1.8436
      Cm = -0.1165     CD =  0.04725   =>   CDf =  0.00697    CDp =  0.04028

 Side 1  free  transition at x/c =  0.1210   49
 Side 2 forced transition at x/c =  1.0001   65

   2   rms: 0.3517E-01   max: 0.3581E+00   T at    2  1
       a = 13.000      CL =  1.8367
      Cm = -0.1157     CD =  0.05004   =>   CDf =  0.00771    CDp =  0.04233

 Side 1  free  transition at x/c =  0.1217   49
 Side 2 forced transition at x/c =  1.0001   65

   3   rms: 0.4307E-02   max: 0.4583E-01   C at   49  1
       a = 13.000      CL =  1.8347
      Cm = -0.1156     CD =  0.05009   =>   CDf =  0.00756    CDp =  0.04253

 Side 1  free  transition at x/c =  0.1210   49
 Side 2 forced transition at x/c =  1.0001   65

   4   rms: 0.2688E-03   max: 0.2363E-02   D at   77  2
       a = 13.000      CL =  1.8345
      Cm = -0.1156     CD =  0.05009   =>   CDf =  0.00757    CDp =  0.04252

 Side 1  free  transition at x/c =  0.1210   49
 Side 2 forced transition at x/c =  1.0001   65

   5   rms: 0.8168E-05   max: 0.8127E-04   D at   77  2
       a = 13.000      CL =  1.8345
      Cm = -0.1156     CD =  0.05009   =>   CDf =  0.00757    CDp =  0.04252

 Point added to stored polar  1
 Point written to save file  000219M0.04.log                                 
 Dump file unspecified or not available
 Calculating wake trajectory ...
 Calculating source influence matrix ...

 Solving BL system ...

 Side 1  free  transition at x/c =  0.1210   49
 Side 2 forced transition at x/c =  1.0001   65

   1   rms: 0.1234E+00   max: 0.3442E+00   D at   78  1   RLX: 0.687
       a = 14.000      CL =  1.8565
      Cm = -0.1142     CD =  0.05605   =>   CDf =  0.00759    CDp =  0.04846

 Side 1  free  transition at x/c =  0.1064   48
 Side 2 forced transition at x/c =  1.0001   65

   2   rms: 0.4047E-01   max: -.2665E+00   D at   48  1
       a = 14.000      CL =  1.8544
      Cm = -0.1138     CD =  0.06015   =>   CDf =  0.00710    CDp =  0.05305

 Side 1  free  transition at x/c =  0.1037   48
 Side 2 forced transition at x/c =  1.0001   64

   3   rms: 0.2967E-02   max: 0.3468E-01   D at   79  1
       a = 14.000      CL =  1.8539
      Cm = -0.1136     CD =  0.05975   =>   CDf =  0.00746    CDp =  0.05230

 Side 1  free  transition at x/c =  0.1030   48
 Side 2 forced transition at x/c =  1.0001   64

   4   rms: 0.5076E-03   max: -.6357E-02   D at    4  1
       a = 14.000      CL =  1.8539
      Cm = -0.1136     CD =  0.05974   =>   CDf =  0.00746    CDp =  0.05227

 Side 1  free  transition at x/c =  0.1030   48
 Side 2 forced transition at x/c =  1.0001   64

   5   rms: 0.4922E-05   max: -.4196E-04   C at   64  2
       a = 14.000      CL =  1.8539
      Cm = -0.1136     CD =  0.05974   =>   CDf =  0.00746    CDp =  0.05227

 Point added to stored polar  1
 Point written to save file  000219M0.04.log                                 
 Dump file unspecified or not available
 Calculating wake trajectory ...
 Calculating source influence matrix ...

 Solving BL system ...

 Side 1  free  transition at x/c =  0.1030   48
 Side 2 forced transition at x/c =  1.0001   64

   1   rms: 0.1185E+00   max: 0.3722E+00   C at   48  1   RLX: 0.603
       a = 15.000      CL =  1.8697
      Cm = -0.1130     CD =  0.06595   =>   CDf =  0.00748    CDp =  0.05847

 Side 1  free  transition at x/c =  0.0854   46
 Side 2 forced transition at x/c =  1.0001   64

   2   rms: 0.5411E-01   max: 0.2967E+00   D at   78  1
       a = 15.000      CL =  1.8562
      Cm = -0.1134     CD =  0.07333   =>   CDf =  0.00754    CDp =  0.06579

 Side 1  free  transition at x/c =  0.0783   45
 Side 2 forced transition at x/c =  1.0001   64

   3   rms: 0.1657E-01   max: -.1393E+00   C at   45  1
       a = 15.000      CL =  1.8447
      Cm = -0.1136     CD =  0.07432   =>   CDf =  0.00742    CDp =  0.06690

 Side 1  free  transition at x/c =  0.0827   46
 Side 2 forced transition at x/c =  1.0001   64

   4   rms: 0.6298E-02   max: 0.1153E+00   C at   46  1
       a = 15.000      CL =  1.8476
      Cm = -0.1134     CD =  0.07356   =>   CDf =  0.00729    CDp =  0.06627

 Side 1  free  transition at x/c =  0.0803   46
 Side 2 forced transition at x/c =  1.0001   64

   5   rms: 0.1190E-02   max: -.1781E-01   C at   46  1
       a = 15.000      CL =  1.8468
      Cm = -0.1134     CD =  0.07373   =>   CDf =  0.00734    CDp =  0.06640

 Side 1  free  transition at x/c =  0.0806   46
 Side 2 forced transition at x/c =  1.0001   64

   6   rms: 0.4223E-04   max: -.4109E-03   C at   46  1
       a = 15.000      CL =  1.8468
      Cm = -0.1134     CD =  0.07372   =>   CDf =  0.00733    CDp =  0.06639

 Point added to stored polar  1
 Point written to save file  000219M0.04.log                                 
 Dump file unspecified or not available

.OPERva   c>  
 XFOIL   c>  
0.1
resp: 
 ===================================================
  XFOIL Version 6.97
  Copyright (C) 2000   Mark Drela, Harold Youngren

  This software comes with ABSOLUTELY NO WARRANTY,
    subject to the GNU General Public License.

  Caveat computor
 ===================================================

 File  xfoil.def  not found

   QUIT    Exit program

  .OPER    Direct operating point(s)
  .MDES    Complex mapping design routine
  .QDES    Surface speed design routine
  .GDES    Geometry design routine

   SAVE f  Write airfoil to labeled coordinate file
   PSAV f  Write airfoil to plain coordinate file
   ISAV f  Write airfoil to ISES coordinate file
   MSAV f  Write airfoil to MSES coordinate file
   REVE    Reverse written-airfoil node ordering
   DELI i  Change written-airfoil file delimiters

   LOAD f  Read buffer airfoil from coordinate file
   NACA i  Set NACA 4,5-digit airfoil and buffer airfoil
   INTE    Set buffer airfoil by interpolating two airfoils
   NORM    Buffer airfoil normalization toggle
   HALF    Halve the number of points in buffer airfoil
   XYCM rr Change CM reference location, currently  0.25000 0.00000

   BEND    Display structural properties of current airfoil

   PCOP    Set current-airfoil panel nodes directly from buffer airfoil points
   PANE    Set current-airfoil panel nodes ( 160 ) based on curvature
  .PPAR    Show/change paneling

  .PLOP    Plotting options

   WDEF f  Write  current-settings file
   RDEF f  Reread current-settings file
   NAME s  Specify new airfoil name
   NINC    Increment name version number

   Z       Zoom    | (available in all menus)
   U       Unzoom  | 

 XFOIL   c>   ...............................................

  G raphics-enable flag:        T
  S ize of plot object          10.00"
  A spect ratio of plot object   0.5500
  P age dimensions              11.00 x  8.50"
  M argins from page edges       0.00",  0.00"
  F ont size (relative)          0.0150
  W indow/screen size fraction   0.8000
  B lowup input method:        Cursor    
  O rientation of plot:        Landscape 
  C olor PostScript output?     F

      Option, Value   (or <Return>)    c>   ...............................................

  G raphics-enable flag:        F
  S ize of plot object          10.00"
  A spect ratio of plot object   0.5500
  P age dimensions              11.00 x  8.50"
  M argins from page edges       0.00",  0.00"
  F ont size (relative)          0.0150
  W indow/screen size fraction   0.8000
  B lowup input method:        Cursor    
  O rientation of plot:        Landscape 
  C olor PostScript output?     F

      Option, Value   (or <Return>)    c>  
 XFOIL   c>  
 Labeled airfoil file.  Name:  000219                                          

 Number of input coordinate points: 200
 Clockwise ordering
 Max thickness =     0.155502  at x =   0.193
 Max camber    =     0.075017  at x =   0.531

  LE  x,y  =  -0.00006   0.00191  |   Chord =   0.99994
  TE  x,y  =   0.99988   0.00003  |

 Current airfoil nodes set from buffer airfoil nodes ( 200 )

 XFOIL   c>  
 You are working with the buffer airfoil

.GDES   c>  
  i       x        y      angle
   2   0.9990   0.0002   -0.072
   3   0.9978   0.0006   -0.094
   4   0.9961   0.0010   -0.071
   5   0.9938   0.0015   -0.155
   6   0.9911   0.0022   -0.128
   7   0.9880   0.0031   -0.176
   8   0.9843   0.0040   -0.177
   9   0.9801   0.0051   -0.202
  10   0.9755   0.0064   -0.210
  11   0.9704   0.0077   -0.207
  12   0.9649   0.0093   -0.213
  13   0.9589   0.0110   -0.215
  14   0.9524   0.0128   -0.211
  15   0.9455   0.0148   -0.204
  16   0.9382   0.0169   -0.187
  17   0.9304   0.0193   -0.175
  18   0.9222   0.0217   -0.153
  19   0.9135   0.0243   -0.132
  20   0.9045   0.0271   -0.110
  21   0.8951   0.0300   -0.086
  22   0.8853   0.0330   -0.045
  23   0.8751   0.0361   -0.021
  24   0.8645   0.0394    0.010
  25   0.8536   0.0428    0.054
  26   0.8423   0.0463    0.088
  27   0.8307   0.0498    0.127
  28   0.8187   0.0535    0.157
  29   0.8065   0.0572    0.206
  30   0.7939   0.0609    0.239
  31   0.7810   0.0647    0.279
  32   0.7679   0.0684    0.311
  33   0.7545   0.0722    0.355
  34   0.7409   0.0760    0.378
  35   0.7270   0.0797    0.421
  36   0.7129   0.0834    0.443
  37   0.6986   0.0870    0.474
  38   0.6841   0.0905    0.494
  39   0.6694   0.0939    0.521
  40   0.6545   0.0973    0.538
  41   0.6395   0.1005    0.550
  42   0.6243   0.1036    0.563
  43   0.6091   0.1066    0.575
  44   0.5937   0.1094    0.578
  45   0.5782   0.1121    0.578
  46   0.5627   0.1146    0.577
  47   0.5471   0.1170    0.577
  48   0.5314   0.1192    0.564
  49   0.5157   0.1213    0.564
  50   0.5000   0.1232    0.543
  51   0.4843   0.1250    0.542
  52   0.4686   0.1266    0.521
  53   0.4529   0.1281    0.512
  54   0.4373   0.1294    0.497
  55   0.4218   0.1306    0.491
  56   0.4063   0.1317    0.474
  57   0.3909   0.1326    0.473
  58   0.3757   0.1334    0.463
  59   0.3605   0.1340    0.465
  60   0.3455   0.1345    0.465
  61   0.3306   0.1349    0.477
  62   0.3159   0.1352    0.488
  63   0.3014   0.1354    0.504
  64   0.2871   0.1354    0.539
  65   0.2730   0.1353    0.565
  66   0.2591   0.1350    0.610
  67   0.2455   0.1346    0.663
  68   0.2321   0.1341    0.721
  69   0.2190   0.1334    0.794
  70   0.2061   0.1325    0.864
  71   0.1935   0.1315    0.964
  72   0.1813   0.1303    1.062
  73   0.1693   0.1289    1.176
  74   0.1577   0.1273    1.296
  75   0.1464   0.1254    1.431
  76   0.1355   0.1234    1.585
  77   0.1249   0.1211    1.733
  78   0.1147   0.1186    1.903
  79   0.1049   0.1158    2.080
  80   0.0955   0.1127    2.259
  81   0.0865   0.1094    2.452
  82   0.0778   0.1058    2.634
  83   0.0696   0.1019    2.830
  84   0.0618   0.0978    3.014
  85   0.0545   0.0934    3.191
  86   0.0476   0.0886    3.362
  87   0.0411   0.0837    3.495
  88   0.0351   0.0784    3.643
  89   0.0296   0.0729    3.742
  90   0.0245   0.0671    3.833
  91   0.0199   0.0611    3.901
  92   0.0157   0.0549    3.949
  93   0.0120   0.0485    3.962
  94   0.0089   0.0419    3.991
  95   0.0062   0.0352    3.984
  96   0.0039   0.0283    3.974
  97   0.0022   0.0213    3.974
  98   0.0010   0.0143    3.959
  99   0.0002   0.0071    3.954
 100   0.0000   0.0000   10.564
 101   0.0002  -0.0016   15.792
 102   0.0010  -0.0033   12.722
 103   0.0022  -0.0049    9.646
 104   0.0039  -0.0065    7.183
 105   0.0062  -0.0081    5.451
 106   0.0089  -0.0097    4.242
 107   0.0120  -0.0113    3.366
 108   0.0157  -0.0129    2.776
 109   0.0199  -0.0144    2.323
 110   0.0245  -0.0159    2.016
 111   0.0296  -0.0173    1.782
 112   0.0351  -0.0187    1.583
 113   0.0411  -0.0201    1.465
 114   0.0476  -0.0213    1.368
 115   0.0545  -0.0225    1.285
 116   0.0618  -0.0236    1.228
 117   0.0696  -0.0246    1.182
 118   0.0778  -0.0254    1.151
 119   0.0865  -0.0262    1.120
 120   0.0955  -0.0268    1.096
 121   0.1049  -0.0272    1.066
 122   0.1147  -0.0275    1.047
 123   0.1249  -0.0276    1.026
 124   0.1355  -0.0275    1.005
 125   0.1464  -0.0272    0.963
 126   0.1577  -0.0267    0.946
 127   0.1693  -0.0260    0.905
 128   0.1813  -0.0251    0.865
 129   0.1935  -0.0240    0.820
 130   0.2061  -0.0227    0.781
 131   0.2190  -0.0211    0.717
 132   0.2321  -0.0194    0.669
 133   0.2455  -0.0175    0.607
 134   0.2591  -0.0154    0.540
 135   0.2730  -0.0131    0.479
 136   0.2871  -0.0107    0.406
 137   0.3014  -0.0081    0.335
 138   0.3159  -0.0054    0.261
 139   0.3306  -0.0026    0.182
 140   0.3455   0.0003    0.109
 141   0.3605   0.0033    0.032
 142   0.3757   0.0062   -0.051
 143   0.3909   0.0092   -0.130
 144   0.4063   0.0122   -0.196
 145   0.4218   0.0151   -0.283
 146   0.4373   0.0180   -0.350
 147   0.4529   0.0208   -0.423
 148   0.4686   0.0235   -0.491
 149   0.4843   0.0260   -0.557
 150   0.5000   0.0284   -0.614
 151   0.5157   0.0306   -0.670
 152   0.5314   0.0326   -0.724
 153   0.5471   0.0345   -0.767
 154   0.5627   0.0361   -0.809
 155   0.5782   0.0375   -0.832
 156   0.5937   0.0386   -0.868
 157   0.6091   0.0395   -0.874
 158   0.6243   0.0402   -0.894
 159   0.6395   0.0406   -0.897
 160   0.6545   0.0408   -0.884
 161   0.6694   0.0407   -0.883
 162   0.6841   0.0404   -0.858
 163   0.6986   0.0400   -0.833
 164   0.7129   0.0393   -0.807
 165   0.7270   0.0384   -0.768
 166   0.7409   0.0373   -0.726
 167   0.7545   0.0361   -0.680
 168   0.7679   0.0348   -0.628
 169   0.7810   0.0333   -0.581
 170   0.7939   0.0317   -0.522
 171   0.8065   0.0301   -0.467
 172   0.8187   0.0284   -0.408
 173   0.8307   0.0266   -0.347
 174   0.8423   0.0249   -0.297
 175   0.8536   0.0231   -0.235
 176   0.8645   0.0213   -0.176
 177   0.8751   0.0195   -0.128
 178   0.8853   0.0178   -0.078
 179   0.8951   0.0162   -0.025
 180   0.9045   0.0146    0.015
 181   0.9135   0.0130    0.057
 182   0.9222   0.0116    0.100
 183   0.9304   0.0102    0.130
 184   0.9382   0.0089    0.152
 185   0.9455   0.0077    0.178
 186   0.9524   0.0066    0.191
 187   0.9589   0.0056    0.213
 188   0.9649   0.0047    0.228
 189   0.9704   0.0039    0.207
 190   0.9755   0.0032    0.227
 191   0.9801   0.0025    0.202
 192   0.9843   0.0020    0.199
 193   0.9880   0.0015    0.185
 194   0.9911   0.0011    0.173
 195   0.9938   0.0007    0.145
 196   0.9961   0.0005    0.120
 197   0.9978   0.0003    0.062
 198   0.9990   0.0001    0.068
 199   0.9998   0.0000    0.085

 Maximum panel corner angle = 15.792   at  i,x,y  = 101   0.0002  -0.0016

 Enter corner angle criterion for refinement (deg):   7.896
 Enter type of spline parameter (1=uniform, 2=arclength):   1
 Enter refinement x limits:  -0.10000   1.10000
 Number of points added:            8
 Max thickness =     0.155470  at x =   0.194
 Max camber    =     0.076035  at x =   0.516

 Maximum panel corner angle = 18.923   at  i,x,y  = 103   0.0001  -0.0014

.GDES   c>  
 Buffer airfoil is not identical to current airfoil

 XFOIL   c>  
 Blunt trailing edge.  Gap =  0.00025

 Paneling parameters used...
   Number of panel nodes       160
   Panel bunching parameter    1.000
   TE/LE panel density ratio   0.150
   Refined-area/LE panel density ratio    0.200
   Top    side refined area x/c limits  1.000 1.000
   Bottom side refined area x/c limits  1.000 1.000

 XFOIL   c>  
.OPERi   c>   Current iteration limit:          20

Enter new iteration limit   i>  
Enter new iteration limit   i>  
Enter new iteration limit   i>  
.OPERi   c>  
 M  =    0.0000
 Re =  0.3000E+06

.OPERv   c>  
 Sonic Cp =    -66.86      Sonic Q/Qinf =     9.138


.OPERv   c>  
 Polar  1 newly created for accumulation
 Airfoil archived with polar: 000219                                          

Enter  polar save filename  OR  <return> for no file   s>  
 New polar save file available

Enter  polar dump filename  OR  <return> for no file   s>  
 Polar dump file will NOT be written

 Polar accumulation enabled

.OPERva   c>   Calculating unit vorticity distributions ...
 Calculating wake trajectory ...
 Calculating source influence matrix ...

 Solving BL system ...

 Initializing BL ...
    side            1  ...
 MRCHUE: Inverse mode at  41     Hk =   4.477
 MRCHUE: Inverse mode at  42     Hk =   5.484
 MRCHUE: Inverse mode at  43     Hk =   6.487
 MRCHUE: Inverse mode at  44     Hk =   7.492
 MRCHUE: Inverse mode at  45     Hk =   8.500
 MRCHUE: Inverse mode at  46     Hk =   8.410
 MRCHUE: Inverse mode at  47     Hk =   3.996
 MRCHUE: Inverse mode at  48     Hk =   2.500
 MRCHUE: Inverse mode at  81     Hk =   2.500
 MRCHUE: Inverse mode at  82     Hk =   2.500
 MRCHUE: Inverse mode at  83     Hk =   2.500
 MRCHUE: Inverse mode at  84     Hk =   2.500
 MRCHUE: Convergence failed at  85  side 1    Res =  0.9985E+01
    side            2  ...
 MRCHUE: Inverse mode at  38     Hk =   4.303
 MRCHUE: Inverse mode at  39     Hk =   5.131
 MRCHUE: Inverse mode at  40     Hk =   5.940
 MRCHUE: Inverse mode at  41     Hk =   6.737
 MRCHUE: Inverse mode at  42     Hk =   7.522
 MRCHUE: Inverse mode at  43     Hk =   8.294
 MRCHUE: Inverse mode at  44     Hk =   9.051
 MRCHUE: Inverse mode at  45     Hk =   8.988
 MRCHUE: Inverse mode at  46     Hk =   5.804
 MRCHUE: Inverse mode at  47     Hk =   4.167
 MRCHUE: Inverse mode at  48     Hk =   3.048
 MRCHUE: Convergence failed at  77  side 2    Res =  0.7924E+00

 MRCHDU: Convergence failed at  85  side 1    Res =  0.1036E+02
 Side 1  free  transition at x/c =  0.2614   46
 Side 2  free  transition at x/c =  0.4060   45

   1   rms: 0.4649E+00   max: 0.2442E+01   D at   79  2   RLX: 0.418
       a =  2.000      CL =  1.1122
      Cm = -0.1677     CD =  0.00965   =>   CDf =  0.00920    CDp =  0.00045

 MRCHDU: Convergence failed at  47  side 1    Res =  0.3249E+01
 Side 1  free  transition at x/c =  0.2810   46
 Side 2  free  transition at x/c =  0.3994   46

   2   rms: 0.1988E+00   max: -.9146E+00   C at   46  1   RLX: 0.547
       a =  2.000      CL =  1.0901
      Cm = -0.1622     CD =  0.01184   =>   CDf =  0.00849    CDp =  0.00335

 Side 1  free  transition at x/c =  0.2979   47
 Side 2  free  transition at x/c =  0.3964   46

   3   rms: 0.8752E-01   max: -.4249E+00   T at   47  1
       a =  2.000      CL =  1.0536
      Cm = -0.1557     CD =  0.01572   =>   CDf =  0.00861    CDp =  0.00711

 MRCHDU: Convergence failed at  49  side 1    Res =  0.9327E+01
 Side 1  free  transition at x/c =  0.3321   49
 Side 2  free  transition at x/c =  0.3921   46

   4   rms: 0.1536E-01   max: -.1918E+00   D at   49  1
       a =  2.000      CL =  1.0549
      Cm = -0.1556     CD =  0.01593   =>   CDf =  0.00817    CDp =  0.00776

 Side 1  free  transition at x/c =  0.3342   49
 Side 2  free  transition at x/c =  0.3912   46

   5   rms: 0.1566E-02   max: 0.2409E-01   C at   49  1
       a =  2.000      CL =  1.0551
      Cm = -0.1556     CD =  0.01589   =>   CDf =  0.00822    CDp =  0.00767

 Side 1  free  transition at x/c =  0.3334   49
 Side 2  free  transition at x/c =  0.3912   46

   6   rms: 0.1660E-04   max: -.2030E-03   C at   49  1
       a =  2.000      CL =  1.0551
      Cm = -0.1556     CD =  0.01589   =>   CDf =  0.00823    CDp =  0.00766

 Point added to stored polar  1
 Point written to save file  000219M0.1.log                                  
 Dump file unspecified or not available
 Calculating wake trajectory ...
 Calculating source influence matrix ...

 Solving BL system ...

 Side 1  free  transition at x/c =  0.3334   49
 Side 2  free  transition at x/c =  0.3912   46

   1   rms: 0.1578E+00   max: -.7809E+00   T at   46  2   RLX: 0.640
       a =  3.000      CL =  1.1196
      Cm = -0.1541     CD =  0.01663   =>   CDf =  0.00809    CDp =  0.00854

 Side 1  free  transition at x/c =  0.3029   49
 Side 2  free  transition at x/c =  0.4042   45

   2   rms: 0.1145E+00   max: -.1428E+01   T at    2  1   RLX: 0.350
       a =  3.000      CL =  1.1297
      Cm = -0.1536     CD =  0.01763   =>   CDf =  0.00846    CDp =  0.00917

 Side 1  free  transition at x/c =  0.3001   48
 Side 2  free  transition at x/c =  0.4076   45

   3   rms: 0.5126E-01   max: -.3820E+00   D at   49  1
       a =  3.000      CL =  1.1546
      Cm = -0.1530     CD =  0.01726   =>   CDf =  0.00851    CDp =  0.00874

 Side 1  free  transition at x/c =  0.2910   48
 Side 2  free  transition at x/c =  0.4157   46

   4   rms: 0.2880E-01   max: 0.3968E+00   D at   46  2
       a =  3.000      CL =  1.1527
      Cm = -0.1528     CD =  0.01738   =>   CDf =  0.00849    CDp =  0.00889

 Side 1  free  transition at x/c =  0.2904   48
 Side 2  free  transition at x/c =  0.4135   46

   5   rms: 0.2970E-02   max: 0.3345E-01   D at   46  2
       a =  3.000      CL =  1.1526
      Cm = -0.1528     CD =  0.01738   =>   CDf =  0.00850    CDp =  0.00888

 Side 1  free  transition at x/c =  0.2904   48
 Side 2  free  transition at x/c =  0.4131   46

   6   rms: 0.1577E-04   max: -.1934E-03   D at   48  2
       a =  3.000      CL =  1.1526
      Cm = -0.1528     CD =  0.01738   =>   CDf =  0.00850    CDp =  0.00888

 Point added to stored polar  1
 Point written to save file  000219M0.1.log                                  
 Dump file unspecified or not available
 Calculating wake trajectory ...
 Calculating source influence matrix ...

 Solving BL system ...

 Side 1  free  transition at x/c =  0.2904   48
 Side 2  free  transition at x/c =  0.4131   46

   1   rms: 0.1534E+00   max: -.7011E+00   T at   46  2   RLX: 0.713
       a =  4.000      CL =  1.2211
      Cm = -0.1507     CD =  0.01847   =>   CDf =  0.00834    CDp =  0.01014

 Side 1  free  transition at x/c =  0.2709   48
 Side 2  free  transition at x/c =  0.4272   45

   2   rms: 0.7327E-01   max: -.4133E+00   D at   48  1
       a =  4.000      CL =  1.2483
      Cm = -0.1497     CD =  0.01882   =>   CDf =  0.00865    CDp =  0.01017

 Side 1  free  transition at x/c =  0.2631   47
 Side 2  free  transition at x/c =  0.4406   46

   3   rms: 0.4292E-01   max: 0.6091E+00   D at   46  2
       a =  4.000      CL =  1.2471
      Cm = -0.1497     CD =  0.01899   =>   CDf =  0.00867    CDp =  0.01032

 Side 1  free  transition at x/c =  0.2620   47
 Side 2  free  transition at x/c =  0.4377   46

   4   rms: 0.7913E-02   max: 0.7991E-01   D at   46  2
       a =  4.000      CL =  1.2468
      Cm = -0.1497     CD =  0.01903   =>   CDf =  0.00868    CDp =  0.01035

 Side 1  free  transition at x/c =  0.2620   47
 Side 2  free  transition at x/c =  0.4359   46

   5   rms: 0.3179E-03   max: -.4197E-02   D at   48  2
       a =  4.000      CL =  1.2468
      Cm = -0.1497     CD =  0.01903   =>   CDf =  0.00869    CDp =  0.01034

 Side 1  free  transition at x/c =  0.2620   47
 Side 2  free  transition at x/c =  0.4358   46

   6   rms: 0.1156E-05   max: -.1293E-04   D at   48  2
       a =  4.000      CL =  1.2468
      Cm = -0.1497     CD =  0.01903   =>   CDf =  0.00869    CDp =  0.01034

 Point added to stored polar  1
 Point written to save file  000219M0.1.log                                  
 Dump file unspecified or not available
 Calculating wake trajectory ...
 Calculating source influence matrix ...

 Solving BL system ...

 Side 1  free  transition at x/c =  0.2620   47
 Side 2  free  transition at x/c =  0.4358   46

   1   rms: 0.1448E+00   max: -.6569E+00   T at   46  2   RLX: 0.761
       a =  5.000      CL =  1.3229
      Cm = -0.1478     CD =  0.01977   =>   CDf =  0.00851    CDp =  0.01127

 Side 1  free  transition at x/c =  0.2440   47
 Side 2  free  transition at x/c =  0.4516   46

   2   rms: 0.7261E-01   max: -.4929E+00   T at   46  2
       a =  5.000      CL =  1.3390
      Cm = -0.1465     CD =  0.02039   =>   CDf =  0.00887    CDp =  0.01153

 Side 1  free  transition at x/c =  0.2409   47
 Side 2  free  transition at x/c =  0.4617   46

   3   rms: 0.2771E-01   max: -.2363E+00   D at   46  2
       a =  5.000      CL =  1.3377
      Cm = -0.1462     CD =  0.02062   =>   CDf =  0.00870    CDp =  0.01192

 Side 1  free  transition at x/c =  0.2406   47
 Side 2  free  transition at x/c =  0.4602   46

   4   rms: 0.5043E-03   max: 0.5753E-02   D at   47  2
       a =  5.000      CL =  1.3377
      Cm = -0.1462     CD =  0.02064   =>   CDf =  0.00871    CDp =  0.01193

 Side 1  free  transition at x/c =  0.2406   47
 Side 2  free  transition at x/c =  0.4601   46

   5   rms: 0.1260E-05   max: 0.1113E-04   D at   47  2
       a =  5.000      CL =  1.3377
      Cm = -0.1462     CD =  0.02064   =>   CDf =  0.00871    CDp =  0.01193

 Point added to stored polar  1
 Point written to save file  000219M0.1.log                                  
 Dump file unspecified or not available
 Calculating wake trajectory ...
 Calculating source influence matrix ...

 Solving BL system ...

 Side 1  free  transition at x/c =  0.2406   47
 Side 2  free  transition at x/c =  0.4601   46

   1   rms: 0.1385E+00   max: -.6270E+00   T at   46  2   RLX: 0.797
       a =  6.000      CL =  1.4088
      Cm = -0.1432     CD =  0.02181   =>   CDf =  0.00850    CDp =  0.01331

 Side 1  free  transition at x/c =  0.2263   47
 Side 2  free  transition at x/c =  0.4814   46

   2   rms: 0.2831E-01   max: -.1752E+00   C at   47  1
       a =  6.000      CL =  1.4205
      Cm = -0.1419     CD =  0.02255   =>   CDf =  0.00880    CDp =  0.01375

 Side 1  free  transition at x/c =  0.2238   47
 Side 2  free  transition at x/c =  0.4855   46

   3   rms: 0.3618E-02   max: -.3647E-01   D at   47  2
       a =  6.000      CL =  1.4219
      Cm = -0.1421     CD =  0.02258   =>   CDf =  0.00871    CDp =  0.01386

 Side 1  free  transition at x/c =  0.2235   47
 Side 2  free  transition at x/c =  0.4863   46

   4   rms: 0.4094E-04   max: 0.3624E-03   D at   47  2
       a =  6.000      CL =  1.4218
      Cm = -0.1421     CD =  0.02258   =>   CDf =  0.00872    CDp =  0.01386

 Point added to stored polar  1
 Point written to save file  000219M0.1.log                                  
 Dump file unspecified or not available
 Calculating wake trajectory ...
 Calculating source influence matrix ...

 Solving BL system ...

 Side 1  free  transition at x/c =  0.2235   47
 Side 2  free  transition at x/c =  0.4863   46

   1   rms: 0.1398E+00   max: -.7472E+00   T at   46  2   RLX: 0.669
       a =  7.000      CL =  1.4795
      Cm = -0.1396     CD =  0.02384   =>   CDf =  0.00849    CDp =  0.01535

 MRCHDU: Convergence failed at  47  side 2    Res =  0.1690E+02
 MRCHDU: Convergence failed at  48  side 2    Res =  0.4942E+01
 MRCHDU: Convergence failed at  49  side 2    Res =  0.7486E+01
 MRCHDU: Convergence failed at  50  side 2    Res =  0.1719E+02
 MRCHDU: Convergence failed at  51  side 2    Res =  0.4858E+02
 MRCHDU: Convergence failed at  52  side 2    Res =  0.2707E+03
 MRCHDU: Convergence failed at  53  side 2    Res =  0.1645E+03
 MRCHDU: Convergence failed at  54  side 2    Res =  0.2349E+03
 MRCHDU: Convergence failed at  55  side 2    Res =  0.4505E+04
 MRCHDU: Convergence failed at  56  side 2    Res =  0.1045E+03
 MRCHDU: Convergence failed at  57  side 2    Res =  0.3672E+02
 MRCHDU: Convergence failed at  58  side 2    Res =  0.1719E+02
 MRCHDU: Convergence failed at  59  side 2    Res =  0.9273E+01
 MRCHDU: Convergence failed at  60  side 2    Res =  0.4689E+01
 Side 1  free  transition at x/c =  0.2132   48
 Side 2  free  transition at x/c =  0.5098   47

   2   rms: 0.1846E+00   max: 0.9782E+00   T at   54  2   RLX: 0.516
       a =  7.000      CL =  1.4798
      Cm = -0.1339     CD =  0.02410   =>   CDf =  0.00800    CDp =  0.01610

 Side 1  free  transition at x/c =  0.2110   47
 Side 2  free  transition at x/c =  0.5130   47

   3   rms: 0.4424E-01   max: -.5010E+00   D at   48  2   RLX: 0.998
       a =  7.000      CL =  1.5019
      Cm = -0.1379     CD =  0.02488   =>   CDf =  0.00887    CDp =  0.01601

 Side 1  free  transition at x/c =  0.2094   47
 Side 2  free  transition at x/c =  0.5142   47

   4   rms: 0.4511E-02   max: 0.8981E-01   D at   49  2
       a =  7.000      CL =  1.5026
      Cm = -0.1380     CD =  0.02489   =>   CDf =  0.00867    CDp =  0.01622

 Side 1  free  transition at x/c =  0.2093   47
 Side 2  free  transition at x/c =  0.5140   47

   5   rms: 0.2044E-03   max: -.4753E-02   D at   49  2
       a =  7.000      CL =  1.5026
      Cm = -0.1380     CD =  0.02489   =>   CDf =  0.00867    CDp =  0.01622

 Side 1  free  transition at x/c =  0.2093   47
 Side 2  free  transition at x/c =  0.5140   47

   6   rms: 0.1315E-05   max: -.1934E-04   D at   49  2
       a =  7.000      CL =  1.5026
      Cm = -0.1380     CD =  0.02489   =>   CDf =  0.00867    CDp =  0.01622

 Point added to stored polar  1
 Point written to save file  000219M0.1.log                                  
 Dump file unspecified or not available
 Calculating wake trajectory ...
 Calculating source influence matrix ...

 Solving BL system ...

 Side 1  free  transition at x/c =  0.2093   47
 Side 2  free  transition at x/c =  0.5140   47

   1   rms: 0.1378E+00   max: -.7388E+00   T at   47  2   RLX: 0.677
       a =  8.000      CL =  1.5578
      Cm = -0.1354     CD =  0.02626   =>   CDf =  0.00841    CDp =  0.01785

 Side 1  free  transition at x/c =  0.1999   48
 Side 2  free  transition at x/c =  0.5316   47

   2   rms: 0.7760E-01   max: -.6000E+00   T at   47  2   RLX: 0.833
       a =  8.000      CL =  1.5751
      Cm = -0.1342     CD =  0.02717   =>   CDf =  0.00865    CDp =  0.01852

 Side 1  free  transition at x/c =  0.1977   48
 Side 2  free  transition at x/c =  0.5444   47

   3   rms: 0.3404E-01   max: -.3171E+00   D at   47  2
       a =  8.000      CL =  1.5790
      Cm = -0.1339     CD =  0.02750   =>   CDf =  0.00832    CDp =  0.01918

 Side 1  free  transition at x/c =  0.1967   49
 Side 2  free  transition at x/c =  0.5500   47

   4   rms: 0.8943E-02   max: 0.1583E+00   D at   47  2
       a =  8.000      CL =  1.5790
      Cm = -0.1339     CD =  0.02750   =>   CDf =  0.00858    CDp =  0.01892

 Side 1  free  transition at x/c =  0.1967   49
 Side 2  free  transition at x/c =  0.5478   47

   5   rms: 0.1270E-02   max: -.1275E-01   D at    4  1
       a =  8.000      CL =  1.5790
      Cm = -0.1339     CD =  0.02749   =>   CDf =  0.00858    CDp =  0.01891

 Side 1  free  transition at x/c =  0.1967   49
 Side 2  free  transition at x/c =  0.5477   47

   6   rms: 0.4229E-05   max: -.6082E-04   D at   49  2
       a =  8.000      CL =  1.5790
      Cm = -0.1339     CD =  0.02749   =>   CDf =  0.00859    CDp =  0.01891

 Point added to stored polar  1
 Point written to save file  000219M0.1.log                                  
 Dump file unspecified or not available
 Calculating wake trajectory ...
 Calculating source influence matrix ...

 Solving BL system ...

 Side 1  free  transition at x/c =  0.1967   49
 Side 2  free  transition at x/c =  0.5477   47

   1   rms: 0.1574E+00   max: -.8049E+00   T at   47  2   RLX: 0.621
       a =  9.000      CL =  1.6322
      Cm = -0.1320     CD =  0.02967   =>   CDf =  0.00860    CDp =  0.02107

 Side 1  free  transition at x/c =  0.1897   48
 Side 2  free  transition at x/c =  0.5677   48

   2   rms: 0.9663E-01   max: -.7677E+00   T at   48  2   RLX: 0.651
       a =  9.000      CL =  1.6397
      Cm = -0.1301     CD =  0.03025   =>   CDf =  0.00822    CDp =  0.02203

 Side 1  free  transition at x/c =  0.1852   49
 Side 2  free  transition at x/c =  0.5805   47

   3   rms: 0.4848E-01   max: -.4045E+00   D at   47  2
       a =  9.000      CL =  1.6423
      Cm = -0.1291     CD =  0.03059   =>   CDf =  0.00843    CDp =  0.02216

 Side 1  free  transition at x/c =  0.1841   49
 Side 2  free  transition at x/c =  0.5967   48

   4   rms: 0.2648E-01   max: 0.4163E+00   C at   48  2
       a =  9.000      CL =  1.6471
      Cm = -0.1297     CD =  0.03041   =>   CDf =  0.00826    CDp =  0.02215

 Side 1  free  transition at x/c =  0.1834   49
 Side 2  free  transition at x/c =  0.5926   48

   5   rms: 0.3843E-02   max: -.5706E-01   D at   50  2
       a =  9.000      CL =  1.6471
      Cm = -0.1297     CD =  0.03040   =>   CDf =  0.00831    CDp =  0.02209

 Side 1  free  transition at x/c =  0.1834   49
 Side 2  free  transition at x/c =  0.5908   48

   6   rms: 0.1531E-03   max: -.2941E-02   D at   50  2
       a =  9.000      CL =  1.6471
      Cm = -0.1297     CD =  0.03040   =>   CDf =  0.00832    CDp =  0.02208

 Side 1  free  transition at x/c =  0.1834   49
 Side 2  free  transition at x/c =  0.5908   48

   7   rms: 0.1496E-05   max: 0.1052E-04   D at    2  1
       a =  9.000      CL =  1.6471
      Cm = -0.1297     CD =  0.03040   =>   CDf =  0.00832    CDp =  0.02208

 Point added to stored polar  1
 Point written to save file  000219M0.1.log                                  
 Dump file unspecified or not available
 Calculating wake trajectory ...
 Calculating source influence matrix ...

 Solving BL system ...

 Side 1  free  transition at x/c =  0.1834   49
 Side 2  free  transition at x/c =  0.5908   48

   1   rms: 0.1601E+00   max: -.8482E+00   D at   49  1   RLX: 0.590
       a = 10.000      CL =  1.6767
      Cm = -0.1269     CD =  0.03296   =>   CDf =  0.00834    CDp =  0.02463

 MRCHDU: Convergence failed at  49  side 1    Res =  0.1643E+01
 MRCHDU: Convergence failed at  50  side 1    Res =  0.3367E+01
 MRCHDU: Convergence failed at  51  side 1    Res =  0.1485E+01
 MRCHDU: Convergence failed at  52  side 1    Res =  0.1362E+01
 MRCHDU: Convergence failed at  53  side 1    Res =  0.1556E+01
 MRCHDU: Convergence failed at  54  side 1    Res =  0.1840E+01
 MRCHDU: Convergence failed at  55  side 1    Res =  0.2130E+01
 MRCHDU: Convergence failed at  56  side 1    Res =  0.2472E+01
 MRCHDU: Convergence failed at  57  side 1    Res =  0.2881E+01
 MRCHDU: Convergence failed at  58  side 1    Res =  0.3370E+01
 MRCHDU: Convergence failed at  59  side 1    Res =  0.3952E+01
 MRCHDU: Convergence failed at  60  side 1    Res =  0.4665E+01
 MRCHDU: Convergence failed at  61  side 1    Res =  0.5525E+01
 MRCHDU: Convergence failed at  62  side 1    Res =  0.6609E+01
 MRCHDU: Convergence failed at  63  side 1    Res =  0.7978E+01
 MRCHDU: Convergence failed at  64  side 1    Res =  0.9818E+01
 MRCHDU: Convergence failed at  65  side 1    Res =  0.1250E+02
 MRCHDU: Convergence failed at  66  side 1    Res =  0.1667E+02
 MRCHDU: Convergence failed at  67  side 1    Res =  0.2498E+02
 MRCHDU: Convergence failed at  68  side 1    Res =  0.6131E+02
 MRCHDU: Convergence failed at  69  side 1    Res =  0.1659E+02
 MRCHDU: Convergence failed at  70  side 1    Res =  0.1879E+02
 MRCHDU: Convergence failed at  71  side 1    Res =  0.2763E+02
 MRCHDU: Convergence failed at  72  side 1    Res =  0.2958E+02
 MRCHDU: Convergence failed at  73  side 1    Res =  0.3784E+02
 MRCHDU: Convergence failed at  74  side 1    Res =  0.4962E+02
 MRCHDU: Convergence failed at  75  side 1    Res =  0.1856E+02
 MRCHDU: Convergence failed at  76  side 1    Res =  0.1248E+02
 MRCHDU: Convergence failed at  77  side 1    Res =  0.1864E+02
 MRCHDU: Convergence failed at  78  side 1    Res =  0.4223E+02
 MRCHDU: Convergence failed at  79  side 1    Res =  0.1836E+03
 MRCHDU: Convergence failed at  80  side 1    Res =  0.2746E+02
 MRCHDU: Convergence failed at  81  side 1    Res =  0.1716E+02
 MRCHDU: Convergence failed at  82  side 1    Res =  0.1528E+02
 MRCHDU: Convergence failed at  83  side 1    Res =  0.8605E+02
 MRCHDU: Convergence failed at  84  side 1    Res =  0.4937E+02
 MRCHDU: Convergence failed at  85  side 1    Res =  0.2535E+02
 MRCHDU: Convergence failed at  86  side 1    Res =  0.1743E+02
 MRCHDU: Convergence failed at  87  side 1    Res =  0.1491E+02
 MRCHDU: Convergence failed at  88  side 1    Res =  0.1602E+02
 MRCHDU: Convergence failed at  89  side 1    Res =  0.2462E+02
 MRCHDU: Convergence failed at  90  side 1    Res =  0.2820E+02
 MRCHDU: Convergence failed at  91  side 1    Res =  0.3359E+02
 MRCHDU: Convergence failed at  92  side 1    Res =  0.3857E+02
 MRCHDU: Convergence failed at  78  side 2    Res =  0.4125E+01
 MRCHDU: Convergence failed at  79  side 2    Res =  0.4589E+02
 Side 1  free  transition at x/c =  0.1763   48
 Side 2  free  transition at x/c =  0.6192   49

   2   rms: 0.1253E+01   max: 0.5306E+01   D at   92  1   RLX: 0.283
       a = 10.000      CL =  2.7190
      Cm = -0.5546     CD =  0.00903   =>   CDf =  0.00370    CDp =  0.00533

 MRCHDU: Convergence failed at  74  side 2    Res =  0.1476E+01
 Side 1  free  transition at x/c =  0.1641   48
 Side 2  free  transition at x/c =  0.6437   50

   3   rms: 0.5257E+00   max: -.3302E+01   C at   50  2   RLX: 0.151
       a = 10.000      CL =  2.4804
      Cm = -0.4217     CD =  0.02205   =>   CDf =  0.01104    CDp =  0.01102

 Side 1  free  transition at x/c =  0.1612   48
 Side 2  free  transition at x/c =  0.6575   51

   4   rms: 0.4410E+00   max: -.2821E+01   C at   51  2   RLX: 0.177
       a = 10.000      CL =  2.3990
      Cm = -0.3727     CD =  0.02160   =>   CDf =  0.01012    CDp =  0.01148

 Side 1  free  transition at x/c =  0.1592   49
 Side 2  free  transition at x/c =  0.6785   51

   5   rms: 0.3995E+00   max: -.3546E+01   C at   51  2   RLX: 0.141
       a = 10.000      CL =  2.3362
      Cm = -0.3390     CD =  0.02120   =>   CDf =  0.01001    CDp =  0.01119

 Side 1  free  transition at x/c =  0.1570   49
 Side 2  free  transition at x/c =  0.6928   51

   6   rms: 0.3747E+00   max: -.8101E+00   T at   51  2   RLX: 0.303
       a = 10.000      CL =  2.1972
      Cm = -0.2717     CD =  0.01907   =>   CDf =  0.00978    CDp =  0.00929

 MRCHDU: Convergence failed at  74  side 1    Res =  0.6903E-01
 Side 1  free  transition at x/c =  0.1555   49
 Side 2  free  transition at x/c =  0.7403   54

   7   rms: 0.2229E+01   max: -.3879E+02   C at   54  2   RLX: 0.013
       a = 10.000      CL =  2.2254
      Cm = -0.2852     CD =  0.02069   =>   CDf =  0.00942    CDp =  0.01127

 Side 1  free  transition at x/c =  0.1553   49
 Side 2  free  transition at x/c =  0.7445   54

   8   rms: 0.4204E+01   max: -.6459E+02   C at   54  2   RLX: 0.008
       a = 10.000      CL =  2.2233
      Cm = -0.2839     CD =  0.02057   =>   CDf =  0.00939    CDp =  0.01118

 Side 1  free  transition at x/c =  0.1552   49
 Side 2  free  transition at x/c =  0.7468   54

   9   rms: 0.5049E+01   max: -.7057E+02   C at   54  2   RLX: 0.007
       a = 10.000      CL =  2.2213
      Cm = -0.2827     CD =  0.02047   =>   CDf =  0.00937    CDp =  0.01110

 Side 1  free  transition at x/c =  0.1552   49
 Side 2  free  transition at x/c =  0.7485   54

  10   rms: 0.5640E+01   max: -.7296E+02   C at   54  2   RLX: 0.007
       a = 10.000      CL =  2.2193
      Cm = -0.2815     CD =  0.02039   =>   CDf =  0.00935    CDp =  0.01104

 Side 1  free  transition at x/c =  0.1551   49
 Side 2  free  transition at x/c =  0.7585   55

  11   rms: 0.1970E+02   max: -.2742E+03   C at   55  2   RLX: 0.002
       a = 10.000      CL =  2.2192
      Cm = -0.2815     CD =  0.02039   =>   CDf =  0.00935    CDp =  0.01104

 Side 1  free  transition at x/c =  0.1551   49
 Side 2  free  transition at x/c =  0.7643   55

  12   rms: 0.1518E+02   max: -.1945E+03   C at   55  2   RLX: 0.003
       a = 10.000      CL =  2.2182
      Cm = -0.2810     CD =  0.02034   =>   CDf =  0.00933    CDp =  0.01102

 Side 1  free  transition at x/c =  0.1551   49
 Side 2  free  transition at x/c =  0.7689   56

  13   rms: 0.1214E+02   max: -.1537E+03   C at   56  2   RLX: 0.003
       a = 10.000      CL =  2.2169
      Cm = -0.2804     CD =  0.02030   =>   CDf =  0.00931    CDp =  0.01099

 Side 1  free  transition at x/c =  0.1551   49
 Side 2  free  transition at x/c =  0.7891   57

  14   rms: 0.1212E+02   max: -.1508E+03   C at   57  2   RLX: 0.003
       a = 10.000      CL =  2.2155
      Cm = -0.2798     CD =  0.02025   =>   CDf =  0.00929    CDp =  0.01096

 Side 1  free  transition at x/c =  0.1552   49
 Side 2  free  transition at x/c =  0.8130   58

  15   rms: 0.1543E+02   max: -.1886E+03   C at   58  2   RLX: 0.003
       a = 10.000      CL =  2.2145
      Cm = -0.2793     CD =  0.02022   =>   CDf =  0.00928    CDp =  0.01094

 Side 1  free  transition at x/c =  0.1552   49
 Side 2  free  transition at x/c =  0.8371   59

  16   rms: 0.2190E+02   max: -.2647E+03   C at   59  2   RLX: 0.002
       a = 10.000      CL =  2.2140
      Cm = -0.2790     CD =  0.02019   =>   CDf =  0.00927    CDp =  0.01093

 Side 1  free  transition at x/c =  0.1551   49
 Side 2  free  transition at x/c =  0.8614   60

  17   rms: 0.3807E+02   max: -.4556E+03   C at   60  2   RLX: 0.001
       a = 10.000      CL =  2.2140
      Cm = -0.2789     CD =  0.02018   =>   CDf =  0.00926    CDp =  0.01092

 Side 1  free  transition at x/c =  0.1551   49
 Side 2  free  transition at x/c =  0.8838   61

  18   rms: 0.1793E+02   max: -.2144E+03   C at   61  2   RLX: 0.002
       a = 10.000      CL =  2.2130
      Cm = -0.2785     CD =  0.02016   =>   CDf =  0.00926    CDp =  0.01090

 Side 1  free  transition at x/c =  0.1551   49
 Side 2  free  transition at x/c =  0.9065   63

  19   rms: 0.1589E+02   max: -.2082E+03   C at   63  2   RLX: 0.002
       a = 10.000      CL =  2.2120
      Cm = -0.2780     CD =  0.02014   =>   CDf =  0.00926    CDp =  0.01088

 Side 1  free  transition at x/c =  0.1551   49
 Side 2  free  transition at x/c =  0.9321   64

  20   rms: 0.1818E+02   max: -.2461E+03   C at   64  2   RLX: 0.002
       a = 10.000      CL =  2.2112
      Cm = -0.2777     CD =  0.02012   =>   CDf =  0.00926    CDp =  0.01086

 Side 1  free  transition at x/c =  0.1551   49
 Side 2  free  transition at x/c =  0.9552   65

  21   rms: 0.2111E+02   max: -.3054E+03   C at   65  2   RLX: 0.002
       a = 10.000      CL =  2.2105
      Cm = -0.2774     CD =  0.02011   =>   CDf =  0.00926    CDp =  0.01085

 Side 1  free  transition at x/c =  0.1551   49
 Side 2  free  transition at x/c =  0.9764   67

  22   rms: 0.2013E+02   max: -.3933E+03   C at   67  2   RLX: 0.001
       a = 10.000      CL =  2.2100
      Cm = -0.2772     CD =  0.02010   =>   CDf =  0.00926    CDp =  0.01084

 Side 1  free  transition at x/c =  0.1551   49
 Side 2  free  transition at x/c =  0.9949   68

  23   rms: 0.1187E+04   max: -.3221E+05   C at   68  2   RLX: 0.000
       a = 10.000      CL =  2.2102
      Cm = -0.2772     CD =  0.02010   =>   CDf =  0.00926    CDp =  0.01084

 Side 1  free  transition at x/c =  0.1551   49
 Side 2 forced transition at x/c =  1.0001   68

  24   rms: 0.3726E+00   max: -.2715E+01   n at   67  2   RLX: 0.184
       a = 10.000      CL =  2.1621
      Cm = -0.2499     CD =  0.01890   =>   CDf =  0.00926    CDp =  0.00964

 Side 1  free  transition at x/c =  0.1545   49
 Side 2 forced transition at x/c =  1.0001   68

  25   rms: 0.2067E+00   max: -.5721E+00   D at   53  2   RLX: 0.810
       a = 10.000      CL =  1.9005
      Cm = -0.1543     CD =  0.02226   =>   CDf =  0.00926    CDp =  0.01300
 VISCAL:  Convergence failed
 Calculating wake trajectory ...
 Calculating source influence matrix ...

 Solving BL system ...

 MRCHDU: Convergence failed at  85  side 1    Res =  0.1127E+01
 MRCHDU: Convergence failed at  86  side 1    Res =  0.1192E+01
 MRCHDU: Convergence failed at  87  side 1    Res =  0.2101E+01
 MRCHDU: Convergence failed at  88  side 1    Res =  0.1690E+02
 MRCHDU: Convergence failed at  89  side 1    Res =  0.1839E+01
 MRCHDU: Convergence failed at  90  side 1    Res =  0.3039E+01
 MRCHDU: Convergence failed at  91  side 1    Res =  0.1055E+01
 MRCHDU: Convergence failed at  92  side 1    Res =  0.9972E+00
 MRCHDU: Convergence failed at  93  side 1    Res =  0.2080E+01
 MRCHDU: Convergence failed at  94  side 1    Res =  0.2024E+01
 Side 1  free  transition at x/c =  0.1578   49
 Side 2 forced transition at x/c =  1.0001   68

   1   rms: 0.2385E+00   max: 0.1108E+01   D at   94  1   RLX: 0.586
       a = 11.000      CL =  1.9379
      Cm = -0.1579     CD =  0.02464   =>   CDf =  0.00807    CDp =  0.01657

 Side 1  free  transition at x/c =  0.1525   50
 Side 2 forced transition at x/c =  1.0001   67

   2   rms: 0.2428E+00   max: 0.1185E+01   D at   94  1   RLX: 0.560
       a = 11.000      CL =  1.8299
      Cm = -0.1353     CD =  0.03046   =>   CDf =  0.00860    CDp =  0.02187

 Side 1  free  transition at x/c =  0.1524   49
 Side 2 forced transition at x/c =  1.0001   68

   3   rms: 0.9907E-01   max: -.7510E+00   D at    2  2   RLX: 0.666
       a = 11.000      CL =  1.7800
      Cm = -0.1262     CD =  0.03690   =>   CDf =  0.00802    CDp =  0.02888

 Side 1  free  transition at x/c =  0.1520   48
 Side 2 forced transition at x/c =  1.0001   68

   4   rms: 0.3314E-01   max: 0.2343E+00   D at   76  2
       a = 11.000      CL =  1.7505
      Cm = -0.1209     CD =  0.03889   =>   CDf =  0.00788    CDp =  0.03102

 Side 1  free  transition at x/c =  0.1520   48
 Side 2 forced transition at x/c =  1.0001   68

   5   rms: 0.1584E-02   max: 0.2747E-01   D at   78  2
       a = 11.000      CL =  1.7507
      Cm = -0.1209     CD =  0.03869   =>   CDf =  0.00778    CDp =  0.03091

 Side 1  free  transition at x/c =  0.1519   48
 Side 2 forced transition at x/c =  1.0001   68

   6   rms: 0.4367E-04   max: 0.3952E-03   D at   78  2
       a = 11.000      CL =  1.7507
      Cm = -0.1209     CD =  0.03869   =>   CDf =  0.00778    CDp =  0.03091

 Point added to stored polar  1
 Point written to save file  000219M0.1.log                                  
 Dump file unspecified or not available
 Calculating wake trajectory ...
 Calculating source influence matrix ...

 Solving BL system ...

 Side 1  free  transition at x/c =  0.1519   48
 Side 2 forced transition at x/c =  1.0001   68

   1   rms: 0.1446E+00   max: -.8738E+00   C at   48  1   RLX: 0.572
       a = 12.000      CL =  1.7892
      Cm = -0.1198     CD =  0.04100   =>   CDf =  0.00742    CDp =  0.03358

 Side 1  free  transition at x/c =  0.1449   49
 Side 2 forced transition at x/c =  1.0001   67

   2   rms: 0.5499E-01   max: -.1740E+00   D at   50  1
       a = 12.000      CL =  1.8002
      Cm = -0.1179     CD =  0.04440   =>   CDf =  0.00764    CDp =  0.03676

 Side 1  free  transition at x/c =  0.1368   48
 Side 2 forced transition at x/c =  1.0001   67

   3   rms: 0.7053E-02   max: -.8192E-01   D at   48  1
       a = 12.000      CL =  1.7968
      Cm = -0.1177     CD =  0.04450   =>   CDf =  0.00767    CDp =  0.03682

 Side 1  free  transition at x/c =  0.1374   48
 Side 2 forced transition at x/c =  1.0001   67

   4   rms: 0.7426E-03   max: -.3640E-02   D at   81  1
       a = 12.000      CL =  1.7973
      Cm = -0.1177     CD =  0.04443   =>   CDf =  0.00763    CDp =  0.03681

 Side 1  free  transition at x/c =  0.1373   48
 Side 2 forced transition at x/c =  1.0001   67

   5   rms: 0.3049E-04   max: -.2277E-03   D at   78  2
       a = 12.000      CL =  1.7974
      Cm = -0.1177     CD =  0.04444   =>   CDf =  0.00763    CDp =  0.03681

 Point added to stored polar  1
 Point written to save file  000219M0.1.log                                  
 Dump file unspecified or not available
 Calculating wake trajectory ...
 Calculating source influence matrix ...

 Solving BL system ...

 Side 1  free  transition at x/c =  0.1373   48
 Side 2 forced transition at x/c =  1.0001   67

   1   rms: 0.1266E+00   max: 0.3224E+00   T at   48  1   RLX: 0.771
       a = 13.000      CL =  1.8407
      Cm = -0.1159     CD =  0.04865   =>   CDf =  0.00723    CDp =  0.04142

 Side 1  free  transition at x/c =  0.1218   48
 Side 2 forced transition at x/c =  1.0001   66

   2   rms: 0.3182E-01   max: -.2340E+00   D at   48  1
       a = 13.000      CL =  1.8351
      Cm = -0.1151     CD =  0.05177   =>   CDf =  0.00719    CDp =  0.04458

 Side 1  free  transition at x/c =  0.1218   49
 Side 2 forced transition at x/c =  1.0001   65

   3   rms: 0.3107E-01   max: -.5484E+00   T at    2  1   RLX: 0.912
       a = 13.000      CL =  1.8335
      Cm = -0.1150     CD =  0.05172   =>   CDf =  0.00792    CDp =  0.04380

 Side 1  free  transition at x/c =  0.1212   48
 Side 2 forced transition at x/c =  1.0001   66

   4   rms: 0.2715E-02   max: -.3222E-01   D at    3  1
       a = 13.000      CL =  1.8332
      Cm = -0.1150     CD =  0.05173   =>   CDf =  0.00748    CDp =  0.04425

 Side 1  free  transition at x/c =  0.1212   48
 Side 2 forced transition at x/c =  1.0001   66

   5   rms: 0.6496E-03   max: 0.8440E-02   D at    4  2
       a = 13.000      CL =  1.8332
      Cm = -0.1150     CD =  0.05173   =>   CDf =  0.00748    CDp =  0.04425

 Side 1  free  transition at x/c =  0.1212   48
 Side 2 forced transition at x/c =  1.0001   66

   6   rms: 0.6532E-05   max: 0.1709E-03   D at    2  2
       a = 13.000      CL =  1.8332
      Cm = -0.1150     CD =  0.05173   =>   CDf =  0.00748    CDp =  0.04425

 Point added to stored polar  1
 Point written to save file  000219M0.1.log                                  
 Dump file unspecified or not available
 Calculating wake trajectory ...
 Calculating source influence matrix ...

 Solving BL system ...

 Side 1  free  transition at x/c =  0.1212   48
 Side 2 forced transition at x/c =  1.0001   66

   1   rms: 0.1235E+00   max: 0.3365E+00   D at   77  1   RLX: 0.664
       a = 14.000      CL =  1.8556
      Cm = -0.1138     CD =  0.05756   =>   CDf =  0.00706    CDp =  0.05050

 Side 1  free  transition at x/c =  0.1076   48
 Side 2 forced transition at x/c =  1.0001   65

   2   rms: 0.4269E-01   max: -.2497E+00   D at   48  1
       a = 14.000      CL =  1.8550
      Cm = -0.1134     CD =  0.06185   =>   CDf =  0.00747    CDp =  0.Got result {'DD': 0.01576, 'Dmin': 0.01589, 'LL': -1.051}
Completed successfully in 2.65 seconds. [{'DD': 0.01576, 'Dmin': 0.01589, 'LL': -1.051}]
05438

 Side 1  free  transition at x/c =  0.1041   47
 Side 2 forced transition at x/c =  1.0001   65

   3   rms: 0.1245E-01   max: -.1924E+00   D at    2  2
       a = 14.000      CL =  1.8512
      Cm = -0.1133     CD =  0.06189   =>   CDf =  0.00737    CDp =  0.05452

 Side 1  free  transition at x/c =  0.1040   47
 Side 2 forced transition at x/c =  1.0001   65

   4   rms: 0.1450E-02   max: -.1750E-01   D at    4  2
       a = 14.000      CL =  1.8509
      Cm = -0.1133     CD =  0.06187   =>   CDf =  0.00736    CDp =  0.05451

 Side 1  free  transition at x/c =  0.1040   47
 Side 2 forced transition at x/c =  1.0001   65

   5   rms: 0.2312E-04   max: 0.1582E-03   D at   78  2
       a = 14.000      CL =  1.8509
      Cm = -0.1133     CD =  0.06186   =>   CDf =  0.00736    CDp =  0.05451

 Point added to stored polar  1
 Point written to save file  000219M0.1.log                                  
 Dump file unspecified or not available
 Calculating wake trajectory ...
 Calculating source influence matrix ...

 Solving BL system ...

 Side 1  free  transition at x/c =  0.1040   47
 Side 2 forced transition at x/c =  1.0001   65

   1   rms: 0.1175E+00   max: 0.3553E+00   D at   75  1   RLX: 0.582
       a = 15.000      CL =  1.8665
      Cm = -0.1129     CD =  0.06804   =>   CDf =  0.00689    CDp =  0.06115

 Side 1  free  transition at x/c =  0.0880   47
 Side 2 forced transition at x/c =  1.0001   64

   2   rms: 0.6082E-01   max: 0.3458E+00   D at   77  1
       a = 15.000      CL =  1.8480
      Cm = -0.1136     CD =  0.07676   =>   CDf =  0.00738    CDp =  0.06938

 Side 1  free  transition at x/c =  0.0832   46
 Side 2 forced transition at x/c =  1.0001   64

   3   rms: 0.7548E-02   max: 0.8726E-01   D at   76  1
       a = 15.000      CL =  1.8447
      Cm = -0.1135     CD =  0.07617   =>   CDf =  0.00719    CDp =  0.06898

 Side 1  free  transition at x/c =  0.0835   46
 Side 2 forced transition at x/c =  1.0001   64

   4   rms: 0.7974E-03   max: 0.8555E-02   D at   75  1
       a = 15.000      CL =  1.8442
      Cm = -0.1135     CD =  0.07610   =>   CDf =  0.00717    CDp =  0.06893

 Side 1  free  transition at x/c =  0.0836   46
 Side 2 forced transition at x/c =  1.0001   64

   5   rms: 0.2989E-04   max: 0.2113E-03   D at   78  2
       a = 15.000      CL =  1.8442
      Cm = -0.1135     CD =  0.07609   =>   CDf =  0.00717    CDp =  0.06893

 Point added to stored polar  1
 Point written to save file  000219M0.1.log                                  
 Dump file unspecified or not available

.OPERva   c>  
 XFOIL   c>  
