  
       XFOIL         Version 6.99
  
 Calculated polar for: 000023                                          
  
 1 1 Reynolds number fixed          Mach number fixed         
  
 xtrf =   1.000 (top)        1.000 (bottom)  
 Mach =   0.100     Re =     0.001 e 6     Ncrit =   9.000  9.000
  
   alpha    CL        CD       CDp       CM     Top_Xtr  Bot_Xtr  Top_Itr  Bot_Itr
  ------ -------- --------- --------- -------- -------- -------- -------- --------
   2.000  -0.1246   0.29370   0.16143  -0.0115   1.0000   1.0000   1.0000 101.0000
   2.500  -0.1305   0.29015   0.15842  -0.0108   1.0000   1.0000   1.0000 101.0000
   3.000  -0.1364   0.28646   0.15537  -0.0101   1.0000   1.0000   1.0000 101.0000
   3.500  -0.1422   0.28266   0.15229  -0.0093   1.0000   1.0000   1.0000 101.0000
   4.000  -0.1479   0.27874   0.14920  -0.0086   1.0000   1.0000   1.0000 101.0000
   4.500  -0.1535   0.27473   0.14609  -0.0078   1.0000   1.0000   1.0000 101.0000
   5.000  -0.1590   0.27065   0.14297  -0.0070   1.0000   1.0000   1.0000 101.0000
   5.500  -0.1642   0.26652   0.13986  -0.0061   1.0000   1.0000   1.0000 101.0000
   6.000  -0.1691   0.26237   0.13676  -0.0052   1.0000   1.0000   1.0000 101.0000
   6.500  -0.1737   0.25821   0.13366  -0.0044   1.0000   1.0000   1.0000 101.0000
   7.000  -0.1779   0.25411   0.13063  -0.0035   1.0000   1.0000   1.0000 101.0000
   7.500  -0.1816   0.25010   0.12767  -0.0026   1.0000   1.0000   1.0000 101.0000
   8.000  -0.1844   0.24623   0.12483  -0.0017   1.0000   1.0000   1.0000 101.0000
   8.500  -0.1860   0.24256   0.12216  -0.0010   1.0000   1.0000   1.0000 101.0000
   9.000  -0.1862   0.23914   0.11972  -0.0005   1.0000   1.0000   1.0000 101.0000
   9.500  -0.1848   0.23601   0.11757  -0.0001   1.0000   1.0000   1.0000 101.0000
  10.000  -0.1815   0.23320   0.11575  -0.0000   1.0000   1.0000   1.0000 101.0000
  10.500  -0.1764   0.23073   0.11430  -0.0002   1.0000   1.0000   1.0000 101.0000
  11.000  -0.1695   0.22861   0.11324  -0.0006   1.0000   1.0000   1.0000 101.0000
  11.500  -0.1608   0.22682   0.11259  -0.0012   1.0000   1.0000   1.0000 101.0000
  12.000  -0.1504   0.22537   0.11235  -0.0021   1.0000   1.0000   1.0000 101.0000
  12.500  -0.1384   0.22422   0.11248  -0.0031   1.0000   1.0000   1.0000 101.0000
  13.000  -0.1250   0.22340   0.11309  -0.0044   1.0000   1.0000   1.0000 101.0000
  13.500  -0.1104   0.22288   0.11411  -0.0058   1.0000   1.0000   1.0000 101.0000
  14.000  -0.0947   0.22265   0.11554  -0.0074   1.0000   1.0000   1.0000 101.0000
  14.500  -0.0781   0.22267   0.11736  -0.0091   1.0000   1.0000   1.0000 101.0000
  15.000  -0.0606   0.22296   0.11956  -0.0110   1.0000   1.0000   1.0000 101.0000
