  
       XFOIL         Version 6.99
  
 Calculated polar for: 000240                                          
  
 1 1 Reynolds number fixed          Mach number fixed         
  
 xtrf =   1.000 (top)        1.000 (bottom)  
 Mach =   0.100     Re =     0.001 e 6     Ncrit =   9.000  9.000
  
   alpha    CL        CD       CDp       CM     Top_Xtr  Bot_Xtr  Top_Itr  Bot_Itr
  ------ -------- --------- --------- -------- -------- -------- -------- --------
   2.000  -0.0464   0.28990   0.14673  -0.0152   1.0000   1.0000   1.0000 101.0000
   2.500  -0.0475   0.28689   0.14394  -0.0142   1.0000   1.0000   1.0000 101.0000
   3.000  -0.0489   0.28382   0.14120  -0.0133   1.0000   1.0000   1.0000 101.0000
   3.500  -0.0505   0.28068   0.13849  -0.0123   1.0000   1.0000   1.0000 101.0000
   4.000  -0.0524   0.27746   0.13582  -0.0112   1.0000   1.0000   1.0000 101.0000
   4.500  -0.0545   0.27416   0.13319  -0.0102   1.0000   1.0000   1.0000 101.0000
   5.000  -0.0570   0.27078   0.13057  -0.0092   1.0000   1.0000   1.0000 101.0000
   5.500  -0.0596   0.26732   0.12800  -0.0082   1.0000   1.0000   1.0000 101.0000
   6.000  -0.0626   0.26376   0.12546  -0.0071   1.0000   1.0000   1.0000 101.0000
   6.500  -0.0658   0.26011   0.12294  -0.0060   1.0000   1.0000   1.0000 101.0000
   7.000  -0.0692   0.25635   0.12045  -0.0050   1.0000   1.0000   1.0000 101.0000
   7.500  -0.0729   0.25250   0.11798  -0.0039   1.0000   1.0000   1.0000 101.0000
   8.000  -0.0767   0.24856   0.11554  -0.0029   1.0000   1.0000   1.0000 101.0000
   8.500  -0.0807   0.24458   0.11313  -0.0019   1.0000   1.0000   1.0000 101.0000
   9.000  -0.0847   0.24056   0.11076  -0.0009   1.0000   1.0000   1.0000 101.0000
   9.500  -0.0887   0.23654   0.10842   0.0000   1.0000   1.0000   1.0000 101.0000
  10.000  -0.0924   0.23259   0.10615   0.0009   1.0000   1.0000   1.0000 101.0000
  10.500  -0.0954   0.22877   0.10401   0.0015   1.0000   1.0000   1.0000 101.0000
  11.000  -0.0972   0.22516   0.10206   0.0019   1.0000   1.0000   1.0000 101.0000
  11.500  -0.0974   0.22183   0.10038   0.0020   1.0000   1.0000   1.0000 101.0000
  12.000  -0.0957   0.21883   0.09903   0.0017   1.0000   1.0000   1.0000 101.0000
  12.500  -0.0918   0.21622   0.09805   0.0009   1.0000   1.0000   1.0000 101.0000
  13.000  -0.0856   0.21403   0.09756  -0.0002   1.0000   1.0000   1.0000 101.0000
  13.500  -0.0771   0.21229   0.09758  -0.0018   1.0000   1.0000   1.0000 101.0000
  14.000  -0.0663   0.21099   0.09813  -0.0038   1.0000   1.0000   1.0000 101.0000
  14.500  -0.0534   0.21014   0.09923  -0.0062   1.0000   1.0000   1.0000 101.0000
  15.000  -0.0385   0.20973   0.10089  -0.0089   1.0000   1.0000   1.0000 101.0000
