  
       XFOIL         Version 6.99
  
 Calculated polar for: 000458                                          
  
 1 1 Reynolds number fixed          Mach number fixed         
  
 xtrf =   1.000 (top)        1.000 (bottom)  
 Mach =   0.100     Re =     0.300 e 6     Ncrit =   9.000  9.000
  
   alpha    CL        CD       CDp       CM     Top_Xtr  Bot_Xtr  Top_Itr  Bot_Itr
  ------ -------- --------- --------- -------- -------- -------- -------- --------
   3.000   0.3759   0.03574  -0.00423  -0.0430   0.6551   0.0194  14.7948  55.5462
   3.500   0.6906   0.03616   0.00453  -0.0992   0.6627   1.0000  14.4895 101.0000
   4.000   0.7492   0.03527   0.00330  -0.0996   0.6589   1.0000  14.6441 101.0000
   4.500   0.8152   0.03393   0.00171  -0.1011   0.6568   1.0000  14.7282 101.0000
   5.000   0.8871   0.03231  -0.00008  -0.1036   0.6551   1.0000  14.7948 101.0000
   5.500   0.9663   0.03042  -0.00206  -0.1073   0.6535   1.0000  14.8590 101.0000
   6.000   1.0506   0.02845  -0.00408  -0.1121   0.6510   1.0000  14.9609 101.0000
   7.000   1.1372   0.02856  -0.00543  -0.1092   0.6272   1.0000  15.9182 101.0000
   7.500   1.1462   0.03045  -0.00491  -0.1027   0.6082   1.0000  16.6857 101.0000
   8.000   1.2117   0.02948  -0.00640  -0.1048   0.5970   1.0000  17.1367 101.0000
   8.500   1.2436   0.03023  -0.00677  -0.1019   0.5788   1.0000  17.8741 101.0000
   9.000   1.2628   0.03176  -0.00658  -0.0973   0.5579   1.0000  18.7232 101.0000
   9.500   1.2892   0.03294  -0.00667  -0.0939   0.5364   1.0000  19.6005 101.0000
  10.000   1.3122   0.03436  -0.00662  -0.0901   0.5137   1.0000  20.5284 101.0000
  10.500   1.3316   0.03607  -0.00638  -0.0861   0.4893   1.0000  21.5299 101.0000
  11.000   1.3494   0.03794  -0.00601  -0.0820   0.4644   1.0000  22.5558 101.0000
  11.500   1.3603   0.04030  -0.00526  -0.0773   0.4385   1.0000  23.6359 101.0000
  12.000   1.3732   0.04265  -0.00450  -0.0731   0.4135   1.0000  24.6838 101.0000
  12.500   1.3810   0.04544  -0.00337  -0.0685   0.3885   1.0000  25.7414 101.0000
  13.000   1.3899   0.04827  -0.00218  -0.0644   0.3641   1.0000  26.7854 101.0000
  13.500   1.3970   0.05134  -0.00074  -0.0605   0.3419   1.0000  27.7478 101.0000
  14.000   1.4054   0.05441   0.00070  -0.0569   0.3203   1.0000  28.6972 101.0000
  14.500   1.4109   0.05784   0.00249  -0.0534   0.2998   1.0000  29.6110 101.0000
  15.000   1.4197   0.06107   0.00412  -0.0504   0.2813   1.0000  30.4466 101.0000
