  
       XFOIL         Version 6.99
  
 Calculated polar for: 000450                                          
  
 1 1 Reynolds number fixed          Mach number fixed         
  
 xtrf =   1.000 (top)        1.000 (bottom)  
 Mach =   0.100     Re =     0.001 e 6     Ncrit =   9.000  9.000
  
   alpha    CL        CD       CDp       CM     Top_Xtr  Bot_Xtr  Top_Itr  Bot_Itr
  ------ -------- --------- --------- -------- -------- -------- -------- --------
   2.000  -0.0642   0.27601   0.15223  -0.0095   1.0000   1.0000   1.0000 101.0000
   2.500  -0.0707   0.27300   0.14990  -0.0085   1.0000   1.0000   1.0000 101.0000
   3.000  -0.0774   0.26983   0.14751  -0.0076   1.0000   1.0000   1.0000 101.0000
   3.500  -0.0842   0.26650   0.14506  -0.0066   1.0000   1.0000   1.0000 101.0000
   4.000  -0.0912   0.26303   0.14253  -0.0057   1.0000   1.0000   1.0000 101.0000
   4.500  -0.0981   0.25942   0.13994  -0.0048   1.0000   1.0000   1.0000 101.0000
   5.000  -0.1048   0.25570   0.13731  -0.0039   1.0000   1.0000   1.0000 101.0000
   5.500  -0.1112   0.25193   0.13465  -0.0032   1.0000   1.0000   1.0000 101.0000
   6.000  -0.1168   0.24820   0.13202  -0.0026   1.0000   1.0000   1.0000 101.0000
   6.500  -0.1208   0.24464   0.12949  -0.0024   1.0000   1.0000   1.0000 101.0000
   7.000  -0.1225   0.24136   0.12717  -0.0027   1.0000   1.0000   1.0000 101.0000
   7.500  -0.1212   0.23846   0.12515  -0.0035   1.0000   1.0000   1.0000 101.0000
   8.000  -0.1166   0.23604   0.12354  -0.0048   1.0000   1.0000   1.0000 101.0000
   8.500  -0.1083   0.23414   0.12243  -0.0069   1.0000   1.0000   1.0000 101.0000
   9.000  -0.0965   0.23280   0.12187  -0.0095   1.0000   1.0000   1.0000 101.0000
   9.500  -0.0812   0.23204   0.12188  -0.0127   1.0000   1.0000   1.0000 101.0000
  10.000  -0.0626   0.23188   0.12258  -0.0163   1.0000   1.0000   1.0000 101.0000
  10.500  -0.0412   0.23229   0.12393  -0.0204   1.0000   1.0000   1.0000 101.0000
  11.000  -0.0174   0.23325   0.12592  -0.0248   1.0000   1.0000   1.0000 101.0000
  11.500   0.0085   0.23472   0.12853  -0.0295   1.0000   1.0000   1.0000 101.0000
  12.000   0.0359   0.23674   0.13173  -0.0343   1.0000   1.0000   1.0000 101.0000
  12.500   0.0644   0.23927   0.13546  -0.0392   1.0000   1.0000   1.0000 101.0000
  13.000   0.0936   0.24213   0.13968  -0.0441   1.0000   1.0000   1.0000 101.0000
  13.500   0.1231   0.24530   0.14432  -0.0489   1.0000   1.0000   1.0000 101.0000
  14.000   0.1528   0.24875   0.14931  -0.0537   1.0000   1.0000   1.0000 101.0000
  14.500   0.1822   0.25243   0.15469  -0.0583   1.0000   1.0000   1.0000 101.0000
  15.000   0.2111   0.25631   0.16038  -0.0629   1.0000   1.0000   1.0000 101.0000
