  
       XFOIL         Version 6.99
  
 Calculated polar for: 000433                                          
  
 1 1 Reynolds number fixed          Mach number fixed         
  
 xtrf =   1.000 (top)        1.000 (bottom)  
 Mach =   0.100     Re =     0.001 e 6     Ncrit =   9.000  9.000
  
   alpha    CL        CD       CDp       CM     Top_Xtr  Bot_Xtr  Top_Itr  Bot_Itr
  ------ -------- --------- --------- -------- -------- -------- -------- --------
   2.000  -0.0708   0.29953   0.15586  -0.0161   1.0000   1.0000   1.0000 101.0000
   2.500  -0.0715   0.29621   0.15268  -0.0151   1.0000   1.0000   1.0000 101.0000
   3.000  -0.0724   0.29282   0.14953  -0.0142   1.0000   1.0000   1.0000 101.0000
   3.500  -0.0735   0.28936   0.14642  -0.0133   1.0000   1.0000   1.0000 101.0000
   4.000  -0.0749   0.28583   0.14335  -0.0123   1.0000   1.0000   1.0000 101.0000
   4.500  -0.0764   0.28221   0.14030  -0.0113   1.0000   1.0000   1.0000 101.0000
   5.000  -0.0782   0.27851   0.13729  -0.0103   1.0000   1.0000   1.0000 101.0000
   5.500  -0.0802   0.27471   0.13430  -0.0093   1.0000   1.0000   1.0000 101.0000
   6.000  -0.0824   0.27082   0.13136  -0.0083   1.0000   1.0000   1.0000 101.0000
   6.500  -0.0848   0.26685   0.12845  -0.0072   1.0000   1.0000   1.0000 101.0000
   7.000  -0.0875   0.26279   0.12558  -0.0062   1.0000   1.0000   1.0000 101.0000
   7.500  -0.0903   0.25866   0.12274  -0.0051   1.0000   1.0000   1.0000 101.0000
   8.000  -0.0934   0.25448   0.11993  -0.0040   1.0000   1.0000   1.0000 101.0000
   8.500  -0.0965   0.25025   0.11716  -0.0029   1.0000   1.0000   1.0000 101.0000
   9.000  -0.0997   0.24600   0.11443  -0.0019   1.0000   1.0000   1.0000 101.0000
   9.500  -0.1030   0.24175   0.11174  -0.0008   1.0000   1.0000   1.0000 101.0000
  10.000  -0.1061   0.23754   0.10911   0.0002   1.0000   1.0000   1.0000 101.0000
  10.500  -0.1088   0.23345   0.10658   0.0010   1.0000   1.0000   1.0000 101.0000
  11.000  -0.1106   0.22954   0.10422   0.0017   1.0000   1.0000   1.0000 101.0000
  11.500  -0.1111   0.22588   0.10209   0.0022   1.0000   1.0000   1.0000 101.0000
  12.000  -0.1100   0.22254   0.10022   0.0023   1.0000   1.0000   1.0000 101.0000
  12.500  -0.1070   0.21956   0.09874   0.0021   1.0000   1.0000   1.0000 101.0000
  13.000  -0.1020   0.21698   0.09768   0.0015   1.0000   1.0000   1.0000 101.0000
  13.500  -0.0949   0.21482   0.09706   0.0005   1.0000   1.0000   1.0000 101.0000
  14.000  -0.0858   0.21308   0.09693  -0.0008   1.0000   1.0000   1.0000 101.0000
  14.500  -0.0747   0.21175   0.09729  -0.0024   1.0000   1.0000   1.0000 101.0000
  15.000  -0.0619   0.21082   0.09816  -0.0042   1.0000   1.0000   1.0000 101.0000
