  
       XFOIL         Version 6.99
  
 Calculated polar for: 000455                                          
  
 1 1 Reynolds number fixed          Mach number fixed         
  
 xtrf =   1.000 (top)        1.000 (bottom)  
 Mach =   0.100     Re =     0.001 e 6     Ncrit =   9.000  9.000
  
   alpha    CL        CD       CDp       CM     Top_Xtr  Bot_Xtr  Top_Itr  Bot_Itr
  ------ -------- --------- --------- -------- -------- -------- -------- --------
   2.000  -0.0868   0.27631   0.19415  -0.0172   1.0000   1.0000   1.0000 101.0000
   2.500  -0.0925   0.27331   0.19071  -0.0161   1.0000   1.0000   1.0000 101.0000
   3.000  -0.0986   0.27019   0.18723  -0.0149   1.0000   1.0000   1.0000 101.0000
   3.500  -0.1049   0.26696   0.18375  -0.0137   1.0000   1.0000   1.0000 101.0000
   4.000  -0.1114   0.26363   0.18026  -0.0125   1.0000   1.0000   1.0000 101.0000
   4.500  -0.1181   0.26020   0.17674  -0.0113   1.0000   1.0000   1.0000 101.0000
   5.000  -0.1247   0.25670   0.17320  -0.0102   1.0000   1.0000   1.0000 101.0000
   5.500  -0.1312   0.25317   0.16966  -0.0092   1.0000   1.0000   1.0000 101.0000
   6.000  -0.1373   0.24964   0.16613  -0.0083   1.0000   1.0000   1.0000 101.0000
   6.500  -0.1424   0.24620   0.16269  -0.0076   1.0000   1.0000   1.0000 101.0000
   7.000  -0.1456   0.24294   0.15942  -0.0073   1.0000   1.0000   1.0000 101.0000
   7.500  -0.1462   0.23996   0.15645  -0.0075   1.0000   1.0000   1.0000 101.0000
   8.000  -0.1435   0.23734   0.15389  -0.0084   1.0000   1.0000   1.0000 101.0000
   8.500  -0.1370   0.23514   0.15185  -0.0100   1.0000   1.0000   1.0000 101.0000
   9.000  -0.1265   0.23342   0.15045  -0.0122   1.0000   1.0000   1.0000 101.0000
   9.500  -0.1118   0.23222   0.14977  -0.0152   1.0000   1.0000   1.0000 101.0000
  10.000  -0.0930   0.23153   0.14983  -0.0188   1.0000   1.0000   1.0000 101.0000
  10.500  -0.0704   0.23139   0.15076  -0.0230   1.0000   1.0000   1.0000 101.0000
  11.000  -0.0443   0.23176   0.15253  -0.0277   1.0000   1.0000   1.0000 101.0000
  11.500  -0.0152   0.23262   0.15514  -0.0328   1.0000   1.0000   1.0000 101.0000
  12.000   0.0164   0.23393   0.15854  -0.0382   1.0000   1.0000   1.0000 101.0000
  12.500   0.0499   0.23565   0.16271  -0.0438   1.0000   1.0000   1.0000 101.0000
  13.000   0.0848   0.23780   0.16758  -0.0495   1.0000   1.0000   1.0000 101.0000
  13.500   0.1207   0.24034   0.17310  -0.0552   1.0000   1.0000   1.0000 101.0000
  14.000   0.1572   0.24313   0.17921  -0.0609   1.0000   1.0000   1.0000 101.0000
  14.500   0.1941   0.24612   0.18580  -0.0666   1.0000   1.0000   1.0000 101.0000
  15.000   0.2307   0.24928   0.19295  -0.0721   1.0000   1.0000   1.0000 101.0000
