  
       XFOIL         Version 6.99
  
 Calculated polar for: 000534                                          
  
 1 1 Reynolds number fixed          Mach number fixed         
  
 xtrf =   1.000 (top)        1.000 (bottom)  
 Mach =   0.100     Re =     0.300 e 6     Ncrit =   9.000  9.000
  
   alpha    CL        CD       CDp       CM     Top_Xtr  Bot_Xtr  Top_Itr  Bot_Itr
  ------ -------- --------- --------- -------- -------- -------- -------- --------
   2.500   0.4547   0.02956  -0.00819  -0.0547   0.6757   0.0377  13.9644  57.5021
   4.000   0.9118   0.02619  -0.00397  -0.1148   0.6736   1.0000  14.0484 101.0000
   6.000   1.0709   0.02703  -0.00599  -0.1057   0.6166   1.0000  16.3429 101.0000
   6.500   1.1334   0.02628  -0.00723  -0.1071   0.6014   1.0000  16.9555 101.0000
   7.000   1.1574   0.02741  -0.00725  -0.1027   0.5786   1.0000  17.8769 101.0000
   7.500   1.1848   0.02844  -0.00736  -0.0990   0.5550   1.0000  18.8366 101.0000
   8.000   1.2084   0.02971  -0.00733  -0.0949   0.5295   1.0000  19.8749 101.0000
   8.500   1.2305   0.03113  -0.00721  -0.0907   0.5028   1.0000  20.9675 101.0000
   9.000   1.2479   0.03289  -0.00682  -0.0861   0.4762   1.0000  22.0614 101.0000
   9.500   1.2590   0.03512  -0.00607  -0.0810   0.4490   1.0000  23.1897 101.0000
  10.000   1.2737   0.03725  -0.00537  -0.0765   0.4230   1.0000  24.2785 101.0000
  10.500   1.2865   0.03958  -0.00450  -0.0721   0.3991   1.0000  25.2860 101.0000
  11.000   1.3003   0.04192  -0.00360  -0.0680   0.3759   1.0000  26.2730 101.0000
  11.500   1.3125   0.04448  -0.00252  -0.0641   0.3543   1.0000  27.2033 101.0000
  12.000   1.3264   0.04698  -0.00150  -0.0605   0.3348   1.0000  28.0525 101.0000
  12.500   1.3401   0.04963  -0.00031  -0.0572   0.3168   1.0000  28.8453 101.0000
  13.000   1.3537   0.05234   0.00095  -0.0542   0.2999   1.0000  29.6007 101.0000
  13.500   1.3678   0.05506   0.00220  -0.0514   0.2844   1.0000  30.2968 101.0000
  14.000   1.3798   0.05798   0.00357  -0.0486   0.2699   1.0000  30.9592 101.0000
  14.500   1.3955   0.06076   0.00493  -0.0464   0.2576   1.0000  31.5304 101.0000
  15.000   1.4070   0.06383   0.00646  -0.0440   0.2452   1.0000  32.1079 101.0000
