  
       XFOIL         Version 6.99
  
 Calculated polar for: 000524                                          
  
 1 1 Reynolds number fixed          Mach number fixed         
  
 xtrf =   1.000 (top)        1.000 (bottom)  
 Mach =   0.100     Re =     0.300 e 6     Ncrit =   9.000  9.000
  
   alpha    CL        CD       CDp       CM     Top_Xtr  Bot_Xtr  Top_Itr  Bot_Itr
  ------ -------- --------- --------- -------- -------- -------- -------- --------
   2.000   0.5800   0.03445   0.00515  -0.1131   0.7003   1.0000  12.9813 101.0000
   4.000   0.6926   0.03846   0.00647  -0.0985   0.6579   1.0000  14.6884 101.0000
   4.500   0.7552   0.03743   0.00504  -0.0996   0.6558   1.0000  14.7701 101.0000
   5.000   0.8212   0.03611   0.00337  -0.1013   0.6545   1.0000  14.8226 101.0000
   5.500   0.8910   0.03462   0.00157  -0.1035   0.6533   1.0000  14.8699 101.0000
   6.000   0.9661   0.03293  -0.00037  -0.1067   0.6522   1.0000  14.9173 101.0000
   6.500   1.0471   0.03104  -0.00242  -0.1110   0.6506   1.0000  14.9816 101.0000
   8.500   1.2033   0.03223  -0.00471  -0.1034   0.6047   1.0000  16.8319 101.0000
   9.000   1.2262   0.03356  -0.00462  -0.0994   0.5882   1.0000  17.4980 101.0000
   9.500   1.2984   0.03208  -0.00669  -0.1024   0.5776   1.0000  17.9283 101.0000
  10.000   1.3093   0.03411  -0.00618  -0.0968   0.5573   1.0000  18.7505 101.0000
  10.500   1.3301   0.03566  -0.00605  -0.0928   0.5372   1.0000  19.5680 101.0000
  11.000   1.3578   0.03684  -0.00624  -0.0898   0.5167   1.0000  20.4085 101.0000
  11.500   1.3814   0.03830  -0.00624  -0.0864   0.4942   1.0000  21.3290 101.0000
  12.000   1.3956   0.04041  -0.00575  -0.0820   0.4700   1.0000  22.3271 101.0000
  12.500   1.4083   0.04272  -0.00509  -0.0777   0.4444   1.0000  23.3898 101.0000
  13.000   1.4163   0.04544  -0.00407  -0.0731   0.4187   1.0000  24.4673 101.0000
  13.500   1.4237   0.04832  -0.00292  -0.0686   0.3921   1.0000  25.5939 101.0000
  14.000   1.4273   0.05158  -0.00140  -0.0641   0.3661   1.0000  26.7027 101.0000
  14.500   1.4321   0.05487   0.00018  -0.0601   0.3408   1.0000  27.7975 101.0000
  15.000   1.4320   0.05868   0.00225  -0.0559   0.3159   1.0000  28.8940 101.0000
