  
       XFOIL         Version 6.99
  
 Calculated polar for: 000595                                          
  
 1 1 Reynolds number fixed          Mach number fixed         
  
 xtrf =   1.000 (top)        1.000 (bottom)  
 Mach =   0.100     Re =     0.001 e 6     Ncrit =   9.000  9.000
  
   alpha    CL        CD       CDp       CM     Top_Xtr  Bot_Xtr  Top_Itr  Bot_Itr
  ------ -------- --------- --------- -------- -------- -------- -------- --------
   2.000   0.0142   0.26882   0.12667  -0.0110   1.0000   1.0000   1.0000 101.0000
   2.500   0.0111   0.26681   0.12516  -0.0099   1.0000   1.0000   1.0000 101.0000
   3.000   0.0075   0.26475   0.12370  -0.0087   1.0000   1.0000   1.0000 101.0000
   3.500   0.0035   0.26262   0.12227  -0.0076   1.0000   1.0000   1.0000 101.0000
   4.000  -0.0009   0.26043   0.12088  -0.0064   1.0000   1.0000   1.0000 101.0000
   4.500  -0.0057   0.25816   0.11951  -0.0053   1.0000   1.0000   1.0000 101.0000
   5.000  -0.0109   0.25581   0.11816  -0.0042   1.0000   1.0000   1.0000 101.0000
   5.500  -0.0165   0.25335   0.11681  -0.0031   1.0000   1.0000   1.0000 101.0000
   6.000  -0.0224   0.25079   0.11546  -0.0020   1.0000   1.0000   1.0000 101.0000
   6.500  -0.0285   0.24813   0.11410  -0.0010   1.0000   1.0000   1.0000 101.0000
   7.000  -0.0349   0.24535   0.11272   0.0001   1.0000   1.0000   1.0000 101.0000
   7.500  -0.0414   0.24246   0.11132   0.0010   1.0000   1.0000   1.0000 101.0000
   8.000  -0.0479   0.23947   0.10989   0.0020   1.0000   1.0000   1.0000 101.0000
   8.500  -0.0545   0.23638   0.10844   0.0029   1.0000   1.0000   1.0000 101.0000
   9.000  -0.0610   0.23321   0.10698   0.0037   1.0000   1.0000   1.0000 101.0000
   9.500  -0.0669   0.23000   0.10554   0.0044   1.0000   1.0000   1.0000 101.0000
  10.000  -0.0720   0.22684   0.10417   0.0048   1.0000   1.0000   1.0000 101.0000
  10.500  -0.0758   0.22381   0.10296   0.0050   1.0000   1.0000   1.0000 101.0000
  11.000  -0.0778   0.22098   0.10195   0.0048   1.0000   1.0000   1.0000 101.0000
  11.500  -0.0779   0.21842   0.10119   0.0042   1.0000   1.0000   1.0000 101.0000
  12.000  -0.0756   0.21620   0.10082   0.0031   1.0000   1.0000   1.0000 101.0000
  12.500  -0.0709   0.21435   0.10088   0.0016   1.0000   1.0000   1.0000 101.0000
  13.000  -0.0636   0.21291   0.10141  -0.0004   1.0000   1.0000   1.0000 101.0000
  13.500  -0.0537   0.21190   0.10247  -0.0029   1.0000   1.0000   1.0000 101.0000
  14.000  -0.0414   0.21134   0.10409  -0.0058   1.0000   1.0000   1.0000 101.0000
  14.500  -0.0267   0.21123   0.10629  -0.0092   1.0000   1.0000   1.0000 101.0000
  15.000  -0.0099   0.21157   0.10908  -0.0129   1.0000   1.0000   1.0000 101.0000
