  
       XFOIL         Version 6.99
  
 Calculated polar for: 000544                                          
  
 1 1 Reynolds number fixed          Mach number fixed         
  
 xtrf =   1.000 (top)        1.000 (bottom)  
 Mach =   0.100     Re =     0.300 e 6     Ncrit =   9.000  9.000
  
   alpha    CL        CD       CDp       CM     Top_Xtr  Bot_Xtr  Top_Itr  Bot_Itr
  ------ -------- --------- --------- -------- -------- -------- -------- --------
   3.000   0.8956   0.02243  -0.00708  -0.1127   0.6516   1.0000  14.9227 101.0000
   3.500   0.9314   0.02277  -0.00746  -0.1093   0.6280   1.0000  15.8751 101.0000
   4.000   0.9703   0.02307  -0.00788  -0.1066   0.6022   1.0000  16.9168 101.0000
   4.500   0.9981   0.02390  -0.00801  -0.1023   0.5709   1.0000  18.1807 101.0000
   5.000   1.0181   0.02515  -0.00787  -0.0970   0.5362   1.0000  19.5938 101.0000
   5.500   1.0402   0.02641  -0.00775  -0.0922   0.5029   1.0000  20.9550 101.0000
   6.000   1.0573   0.02804  -0.00730  -0.0870   0.4703   1.0000  22.2988 101.0000
   6.500   1.0716   0.02993  -0.00667  -0.0817   0.4395   1.0000  23.5775 101.0000
   7.000   1.0902   0.03168  -0.00610  -0.0772   0.4129   1.0000  24.6955 101.0000
   7.500   1.1094   0.03350  -0.00545  -0.0730   0.3896   1.0000  25.6800 101.0000
   8.000   1.1292   0.03537  -0.00475  -0.0692   0.3684   1.0000  26.5866 101.0000
   8.500   1.1508   0.03721  -0.00408  -0.0657   0.3490   1.0000  27.4244 101.0000
   9.000   1.1709   0.03918  -0.00330  -0.0623   0.3321   1.0000  28.1606 101.0000
   9.500   1.1926   0.04110  -0.00256  -0.0592   0.3168   1.0000  28.8367 101.0000
  10.000   1.2172   0.04292  -0.00187  -0.0567   0.3033   1.0000  29.4392 101.0000
  10.500   1.2371   0.04505  -0.00103  -0.0538   0.2897   1.0000  30.0465 101.0000
  11.000   1.2590   0.04717  -0.00012  -0.0513   0.2780   1.0000  30.5787 101.0000
  11.500   1.2811   0.04921   0.00063  -0.0490   0.2670   1.0000  31.0836 101.0000
  12.000   1.3015   0.05153   0.00171  -0.0467   0.2577   1.0000  31.5169 101.0000
  12.500   1.3249   0.05347   0.00229  -0.0448   0.2473   1.0000  31.9989 101.0000
  13.000   1.3427   0.05612   0.00365  -0.0427   0.2401   1.0000  32.3408 101.0000
  13.500   1.3598   0.05878   0.00486  -0.0407   0.2315   1.0000  32.7498 101.0000
  14.000   1.3806   0.06109   0.00578  -0.0390   0.2236   1.0000  33.1280 101.0000
  14.500   1.3956   0.06407   0.00738  -0.0373   0.2171   1.0000  33.4456 101.0000
  15.000   1.4124   0.06683   0.00863  -0.0358   0.2104   1.0000  33.7739 101.0000
