  
       XFOIL         Version 6.99
  
 Calculated polar for: 000679                                          
  
 1 1 Reynolds number fixed          Mach number fixed         
  
 xtrf =   1.000 (top)        1.000 (bottom)  
 Mach =   0.100     Re =     0.300 e 6     Ncrit =   9.000  9.000
  
   alpha    CL        CD       CDp       CM     Top_Xtr  Bot_Xtr  Top_Itr  Bot_Itr
  ------ -------- --------- --------- -------- -------- -------- -------- --------
   3.000   0.8437   0.02463  -0.00438  -0.1151   0.6774   1.0000  13.8919 101.0000
   4.000   0.9487   0.02384  -0.00612  -0.1138   0.6519   1.0000  14.9165 101.0000
   4.500   0.9738   0.02471  -0.00623  -0.1090   0.6313   1.0000  15.7466 101.0000
   5.000   1.0108   0.02514  -0.00663  -0.1062   0.6103   1.0000  16.5936 101.0000
   5.500   1.0491   0.02557  -0.00706  -0.1037   0.5874   1.0000  17.5187 101.0000
   6.000   1.0812   0.02631  -0.00734  -0.1004   0.5606   1.0000  18.6057 101.0000
   6.500   1.1096   0.02730  -0.00746  -0.0966   0.5324   1.0000  19.7508 101.0000
   7.500   1.1468   0.03049  -0.00685  -0.0869   0.4726   1.0000  22.2094 101.0000
   8.000   1.1644   0.03228  -0.00635  -0.0823   0.4448   1.0000  23.3624 101.0000
   8.500   1.1789   0.03433  -0.00564  -0.0775   0.4185   1.0000  24.4621 101.0000
   9.000   1.1956   0.03638  -0.00492  -0.0733   0.3938   1.0000  25.5078 101.0000
   9.500   1.2124   0.03851  -0.00412  -0.0693   0.3719   1.0000  26.4411 101.0000
  10.000   1.2301   0.04062  -0.00330  -0.0656   0.3525   1.0000  27.2753 101.0000
  10.500   1.2485   0.04275  -0.00250  -0.0623   0.3341   1.0000  28.0778 101.0000
  11.000   1.2643   0.04519  -0.00142  -0.0588   0.3170   1.0000  28.8313 101.0000
  11.500   1.2845   0.04736  -0.00052  -0.0561   0.3020   1.0000  29.4999 101.0000
  12.000   1.3024   0.04971   0.00045  -0.0533   0.2884   1.0000  30.1112 101.0000
  12.500   1.3206   0.05215   0.00156  -0.0507   0.2759   1.0000  30.6789 101.0000
  13.000   1.3394   0.05452   0.00256  -0.0484   0.2641   1.0000  31.2222 101.0000
  13.500   1.3538   0.05737   0.00396  -0.0459   0.2526   1.0000  31.7537 101.0000
  14.000   1.3729   0.05982   0.00503  -0.0439   0.2428   1.0000  32.2176 101.0000
  14.500   1.3875   0.06274   0.00652  -0.0419   0.2336   1.0000  32.6549 101.0000
  15.000   1.4062   0.06521   0.00754  -0.0401   0.2246   1.0000  33.0827 101.0000
