  
       XFOIL         Version 6.99
  
 Calculated polar for: 000661                                          
  
 1 1 Reynolds number fixed          Mach number fixed         
  
 xtrf =   1.000 (top)        1.000 (bottom)  
 Mach =   0.100     Re =     0.300 e 6     Ncrit =   9.000  9.000
  
   alpha    CL        CD       CDp       CM     Top_Xtr  Bot_Xtr  Top_Itr  Bot_Itr
  ------ -------- --------- --------- -------- -------- -------- -------- --------
   3.500   0.5967   0.04079   0.00942  -0.0986   0.6616   1.0000  14.5431 101.0000
   4.000   0.6514   0.04040   0.00849  -0.0988   0.6577   1.0000  14.7001 101.0000
   4.500   0.7124   0.03957   0.00716  -0.0997   0.6554   1.0000  14.7894 101.0000
   5.000   0.7761   0.03849   0.00562  -0.1011   0.6540   1.0000  14.8478 101.0000
   5.500   0.8418   0.03724   0.00393  -0.1028   0.6529   1.0000  14.8916 101.0000
   6.000   0.9116   0.03581   0.00211  -0.1051   0.6519   1.0000  14.9313 101.0000
   6.500   0.9862   0.03420   0.00017  -0.1083   0.6508   1.0000  14.9750 101.0000
   8.500   1.1212   0.03681  -0.00085  -0.0981   0.6080   1.0000  16.6999 101.0000
   9.000   1.2033   0.03459  -0.00346  -0.1023   0.6047   1.0000  16.8347 101.0000
  10.000   1.2910   0.03479  -0.00523  -0.1003   0.5801   1.0000  17.8296 101.0000
  10.500   1.3062   0.03666  -0.00482  -0.0954   0.5619   1.0000  18.5674 101.0000
  11.000   1.3624   0.03604  -0.00642  -0.0962   0.5480   1.0000  19.1314 101.0000
  11.500   1.3915   0.03707  -0.00678  -0.0934   0.5285   1.0000  19.9284 101.0000
  12.000   1.4044   0.03920  -0.00627  -0.0886   0.5061   1.0000  20.8430 101.0000
  12.500   1.4175   0.04138  -0.00574  -0.0840   0.4826   1.0000  21.8110 101.0000
  13.000   1.4322   0.04353  -0.00524  -0.0799   0.4577   1.0000  22.8402 101.0000
  13.500   1.4408   0.04618  -0.00434  -0.0753   0.4317   1.0000  23.9246 101.0000
  14.000   1.4466   0.04917  -0.00311  -0.0707   0.4043   1.0000  25.0763 101.0000
  14.500   1.4464   0.05275  -0.00129  -0.0658   0.3768   1.0000  26.2492 101.0000
  15.000   1.4460   0.05650   0.00069  -0.0612   0.3480   1.0000  27.4873 101.0000
