  
       XFOIL         Version 6.99
  
 Calculated polar for: 000602                                          
  
 1 1 Reynolds number fixed          Mach number fixed         
  
 xtrf =   1.000 (top)        1.000 (bottom)  
 Mach =   0.100     Re =     0.300 e 6     Ncrit =   9.000  9.000
  
   alpha    CL        CD       CDp       CM     Top_Xtr  Bot_Xtr  Top_Itr  Bot_Itr
  ------ -------- --------- --------- -------- -------- -------- -------- --------
   2.000   0.5808   0.03369   0.00400  -0.1029   0.6822   0.9990  13.7035 100.9617
   3.500   0.8001   0.02943  -0.00079  -0.1104   0.6779   1.0000  13.8783 101.0000
   4.000   0.8803   0.02764  -0.00259  -0.1142   0.6762   1.0000  13.9431 101.0000
   5.500   0.9903   0.02866  -0.00380  -0.1059   0.6388   1.0000  15.4515 101.0000
   6.000   1.0586   0.02750  -0.00531  -0.1081   0.6299   1.0000  15.8093 101.0000
   6.500   1.0906   0.02824  -0.00553  -0.1049   0.6130   1.0000  16.4891 101.0000
   7.000   1.1653   0.02688  -0.00723  -0.1081   0.6007   1.0000  16.9839 101.0000
   7.500   1.1846   0.02825  -0.00713  -0.1031   0.5787   1.0000  17.8771 101.0000
   8.000   1.2085   0.02948  -0.00712  -0.0989   0.5560   1.0000  18.7963 101.0000
   8.500   1.2328   0.03075  -0.00711  -0.0950   0.5318   1.0000  19.7834 101.0000
   9.000   1.2559   0.03214  -0.00702  -0.0910   0.5067   1.0000  20.8080 101.0000
   9.500   1.2744   0.03384  -0.00673  -0.0866   0.4806   1.0000  21.8835 101.0000
  10.500   1.3040   0.03797  -0.00554  -0.0776   0.4288   1.0000  24.0358 101.0000
  11.000   1.3138   0.04049  -0.00454  -0.0729   0.4039   1.0000  25.0828 101.0000
  11.500   1.3262   0.04296  -0.00358  -0.0687   0.3800   1.0000  26.1007 101.0000
  12.000   1.3369   0.04562  -0.00245  -0.0646   0.3582   1.0000  27.0372 101.0000
  12.500   1.3495   0.04827  -0.00131  -0.0610   0.3376   1.0000  27.9320 101.0000
  13.000   1.3595   0.05121   0.00013  -0.0574   0.3182   1.0000  28.7854 101.0000
  13.500   1.3729   0.05395   0.00140  -0.0544   0.3006   1.0000  29.5700 101.0000
  14.000   1.3845   0.05691   0.00285  -0.0515   0.2849   1.0000  30.2755 101.0000
  14.500   1.3960   0.05986   0.00423  -0.0487   0.2692   1.0000  30.9930 101.0000
  15.000   1.4064   0.06315   0.00605  -0.0462   0.2554   1.0000  31.6311 101.0000
