  
       XFOIL         Version 6.99
  
 Calculated polar for: 000600                                          
  
 1 1 Reynolds number fixed          Mach number fixed         
  
 xtrf =   1.000 (top)        1.000 (bottom)  
 Mach =   0.100     Re =     0.300 e 6     Ncrit =   9.000  9.000
  
   alpha    CL        CD       CDp       CM     Top_Xtr  Bot_Xtr  Top_Itr  Bot_Itr
  ------ -------- --------- --------- -------- -------- -------- -------- --------
   2.000   0.6356   0.03151   0.00253  -0.1141   0.7005   1.0000  12.9722 101.0000
   4.000   0.7747   0.03329   0.00176  -0.1019   0.6596   1.0000  14.6143 101.0000
   4.500   0.8436   0.03183   0.00005  -0.1037   0.6571   1.0000  14.7160 101.0000
   5.000   0.9215   0.03000  -0.00190  -0.1071   0.6551   1.0000  14.7943 101.0000
   5.500   1.0038   0.02810  -0.00389  -0.1113   0.6523   1.0000  14.9075 101.0000
   7.000   1.1160   0.02933  -0.00522  -0.1041   0.6103   1.0000  16.6009 101.0000
   7.500   1.1927   0.02784  -0.00705  -0.1077   0.5995   1.0000  17.0353 101.0000
   8.000   1.2133   0.02915  -0.00700  -0.1030   0.5788   1.0000  17.8752 101.0000
   8.500   1.2336   0.03060  -0.00687  -0.0984   0.5569   1.0000  18.7643 101.0000
   9.000   1.2593   0.03181  -0.00691  -0.0948   0.5340   1.0000  19.6947 101.0000
   9.500   1.2830   0.03318  -0.00684  -0.0910   0.5103   1.0000  20.6646 101.0000
  10.000   1.3001   0.03500  -0.00649  -0.0865   0.4848   1.0000  21.7124 101.0000
  10.500   1.3175   0.03688  -0.00607  -0.0823   0.4594   1.0000  22.7622 101.0000
  11.000   1.3306   0.03910  -0.00538  -0.0777   0.4338   1.0000  23.8275 101.0000
  11.500   1.3419   0.04153  -0.00452  -0.0732   0.4083   1.0000  24.9003 101.0000
  12.000   1.3530   0.04409  -0.00351  -0.0690   0.3846   1.0000  25.9055 101.0000
  12.500   1.3624   0.04688  -0.00229  -0.0648   0.3617   1.0000  26.8885 101.0000
  13.000   1.3715   0.04980  -0.00094  -0.0610   0.3396   1.0000  27.8451 101.0000
  13.500   1.3816   0.05273   0.00046  -0.0575   0.3198   1.0000  28.7170 101.0000
  14.000   1.3926   0.05570   0.00190  -0.0543   0.3016   1.0000  29.5279 101.0000
  14.500   1.4017   0.05887   0.00350  -0.0512   0.2840   1.0000  30.3175 101.0000
  15.000   1.4097   0.06218   0.00523  -0.0483   0.2673   1.0000  31.0800 101.0000
