  
       XFOIL         Version 6.99
  
 Calculated polar for: 000733                                          
  
 1 1 Reynolds number fixed          Mach number fixed         
  
 xtrf =   1.000 (top)        1.000 (bottom)  
 Mach =   0.100     Re =     0.300 e 6     Ncrit =   9.000  9.000
  
   alpha    CL        CD       CDp       CM     Top_Xtr  Bot_Xtr  Top_Itr  Bot_Itr
  ------ -------- --------- --------- -------- -------- -------- -------- --------
   2.000   0.2317   0.03726  -0.00068  -0.0482   0.6710   0.0820  14.1622  60.9973
   3.500   0.6520   0.03748   0.00641  -0.1043   0.6716   1.0000  14.1382 101.0000
   4.000   0.7321   0.03553   0.00418  -0.1079   0.6738   1.0000  14.0479 101.0000
   6.000   0.8680   0.03836   0.00404  -0.0972   0.6344   1.0000  15.6334 101.0000
   6.500   0.9344   0.03697   0.00219  -0.0988   0.6322   1.0000  15.7230 101.0000
   7.000   1.0088   0.03518   0.00003  -0.1017   0.6306   1.0000  15.7877 101.0000
   7.500   1.0892   0.03315  -0.00228  -0.1056   0.6287   1.0000  15.8660 101.0000
   8.000   1.1786   0.03083  -0.00476  -0.1111   0.6259   1.0000  15.9788 101.0000
   9.000   1.2643   0.03111  -0.00632  -0.1084   0.6011   1.0000  16.9765 101.0000
   9.500   1.2631   0.03365  -0.00541  -0.1008   0.5812   1.0000  17.7840 101.0000
  10.000   1.2868   0.03500  -0.00537  -0.0970   0.5637   1.0000  18.4956 101.0000
  10.500   1.3465   0.03423  -0.00701  -0.0983   0.5493   1.0000  19.0803 101.0000
  11.000   1.3669   0.03577  -0.00695  -0.0941   0.5284   1.0000  19.9296 101.0000
  11.500   1.3818   0.03776  -0.00652  -0.0895   0.5059   1.0000  20.8519 101.0000
  12.000   1.3962   0.03984  -0.00603  -0.0850   0.4823   1.0000  21.8223 101.0000
  12.500   1.4101   0.04202  -0.00546  -0.0807   0.4575   1.0000  22.8489 101.0000
  13.000   1.4214   0.04446  -0.00469  -0.0763   0.4320   1.0000  23.9099 101.0000
  13.500   1.4279   0.04735  -0.00354  -0.0716   0.4055   1.0000  25.0239 101.0000
  14.000   1.4315   0.05060  -0.00199  -0.0669   0.3797   1.0000  26.1223 101.0000
  14.500   1.4341   0.05405  -0.00024  -0.0626   0.3532   1.0000  27.2625 101.0000
  15.000   1.4345   0.05781   0.00182  -0.0583   0.3274   1.0000  28.3865 101.0000
