  
       XFOIL         Version 6.99
  
 Calculated polar for: 000735                                          
  
 1 1 Reynolds number fixed          Mach number fixed         
  
 xtrf =   1.000 (top)        1.000 (bottom)  
 Mach =   0.100     Re =     0.001 e 6     Ncrit =   9.000  9.000
  
   alpha    CL        CD       CDp       CM     Top_Xtr  Bot_Xtr  Top_Itr  Bot_Itr
  ------ -------- --------- --------- -------- -------- -------- -------- --------
   2.000  -0.0251   0.28290   0.13828  -0.0140   1.0000   1.0000   1.0000 101.0000
   2.500  -0.0268   0.28023   0.13593  -0.0129   1.0000   1.0000   1.0000 101.0000
   3.000  -0.0289   0.27750   0.13363  -0.0119   1.0000   1.0000   1.0000 101.0000
   3.500  -0.0312   0.27471   0.13137  -0.0108   1.0000   1.0000   1.0000 101.0000
   4.000  -0.0339   0.27184   0.12915  -0.0097   1.0000   1.0000   1.0000 101.0000
   4.500  -0.0368   0.26889   0.12695  -0.0086   1.0000   1.0000   1.0000 101.0000
   5.000  -0.0401   0.26587   0.12479  -0.0075   1.0000   1.0000   1.0000 101.0000
   5.500  -0.0437   0.26276   0.12266  -0.0064   1.0000   1.0000   1.0000 101.0000
   6.000  -0.0476   0.25956   0.12055  -0.0053   1.0000   1.0000   1.0000 101.0000
   6.500  -0.0517   0.25627   0.11847  -0.0042   1.0000   1.0000   1.0000 101.0000
   7.000  -0.0561   0.25288   0.11639  -0.0032   1.0000   1.0000   1.0000 101.0000
   7.500  -0.0607   0.24939   0.11433  -0.0021   1.0000   1.0000   1.0000 101.0000
   8.000  -0.0655   0.24580   0.11228  -0.0010   1.0000   1.0000   1.0000 101.0000
   8.500  -0.0704   0.24213   0.11025  -0.0000   1.0000   1.0000   1.0000 101.0000
   9.000  -0.0753   0.23841   0.10824   0.0009   1.0000   1.0000   1.0000 101.0000
   9.500  -0.0801   0.23470   0.10626   0.0018   1.0000   1.0000   1.0000 101.0000
  10.000  -0.0844   0.23105   0.10436   0.0026   1.0000   1.0000   1.0000 101.0000
  10.500  -0.0877   0.22754   0.10260   0.0031   1.0000   1.0000   1.0000 101.0000
  11.000  -0.0897   0.22425   0.10103   0.0034   1.0000   1.0000   1.0000 101.0000
  11.500  -0.0900   0.22123   0.09974   0.0032   1.0000   1.0000   1.0000 101.0000
  12.000  -0.0882   0.21854   0.09875   0.0027   1.0000   1.0000   1.0000 101.0000
  12.500  -0.0843   0.21623   0.09819   0.0018   1.0000   1.0000   1.0000 101.0000
  13.000  -0.0780   0.21433   0.09809   0.0004   1.0000   1.0000   1.0000 101.0000
  13.500  -0.0694   0.21285   0.09848  -0.0014   1.0000   1.0000   1.0000 101.0000
  14.000  -0.0585   0.21181   0.09940  -0.0036   1.0000   1.0000   1.0000 101.0000
  14.500  -0.0455   0.21120   0.10085  -0.0062   1.0000   1.0000   1.0000 101.0000
  15.000  -0.0306   0.21101   0.10285  -0.0090   1.0000   1.0000   1.0000 101.0000
