  
       XFOIL         Version 6.99
  
 Calculated polar for: 000751                                          
  
 1 1 Reynolds number fixed          Mach number fixed         
  
 xtrf =   1.000 (top)        1.000 (bottom)  
 Mach =   0.100     Re =     0.300 e 6     Ncrit =   9.000  9.000
  
   alpha    CL        CD       CDp       CM     Top_Xtr  Bot_Xtr  Top_Itr  Bot_Itr
  ------ -------- --------- --------- -------- -------- -------- -------- --------
   3.500   0.9035   0.02361  -0.00589  -0.1130   0.6534   1.0000  14.8564 101.0000
   4.000   0.9364   0.02414  -0.00621  -0.1094   0.6329   1.0000  15.6795 101.0000
   4.500   0.9788   0.02432  -0.00678  -0.1073   0.6114   1.0000  16.5490 101.0000
   5.000   1.0158   0.02478  -0.00720  -0.1044   0.5864   1.0000  17.5587 101.0000
   5.500   1.0470   0.02554  -0.00745  -0.1008   0.5572   1.0000  18.7402 101.0000
   6.000   1.0754   0.02651  -0.00760  -0.0969   0.5273   1.0000  19.9598 101.0000
   6.500   1.0935   0.02807  -0.00729  -0.0918   0.4958   1.0000  21.2485 101.0000
   7.000   1.1077   0.02994  -0.00677  -0.0864   0.4644   1.0000  22.5445 101.0000
   7.500   1.1255   0.03171  -0.00628  -0.0817   0.4362   1.0000  23.7200 101.0000
   8.000   1.1422   0.03364  -0.00564  -0.0771   0.4107   1.0000  24.7895 101.0000
   8.500   1.1593   0.03565  -0.00492  -0.0729   0.3868   1.0000  25.7996 101.0000
   9.000   1.1785   0.03763  -0.00420  -0.0691   0.3653   1.0000  26.7236 101.0000
   9.500   1.1973   0.03971  -0.00337  -0.0655   0.3467   1.0000  27.5252 101.0000
  10.000   1.2182   0.04167  -0.00265  -0.0624   0.3300   1.0000  28.2569 101.0000
  10.500   1.2367   0.04385  -0.00181  -0.0591   0.3134   1.0000  28.9864 101.0000
  11.000   1.2565   0.04609  -0.00081  -0.0562   0.2991   1.0000  29.6261 101.0000
  11.500   1.2775   0.04821   0.00002  -0.0536   0.2862   1.0000  30.2079 101.0000
  12.000   1.2956   0.05063   0.00110  -0.0510   0.2742   1.0000  30.7535 101.0000
  12.500   1.3172   0.05280   0.00199  -0.0487   0.2636   1.0000  31.2437 101.0000
  13.000   1.3344   0.05537   0.00317  -0.0464   0.2529   1.0000  31.7375 101.0000
  13.500   1.3531   0.05786   0.00428  -0.0443   0.2431   1.0000  32.1993 101.0000
  14.000   1.3703   0.06055   0.00558  -0.0423   0.2342   1.0000  32.6234 101.0000
  14.500   1.3896   0.06293   0.00654  -0.0405   0.2253   1.0000  33.0455 101.0000
  15.000   1.4048   0.06595   0.00819  -0.0388   0.2186   1.0000  33.3733 101.0000
