  
       XFOIL         Version 6.99
  
 Calculated polar for: 000755                                          
  
 1 1 Reynolds number fixed          Mach number fixed         
  
 xtrf =   1.000 (top)        1.000 (bottom)  
 Mach =   0.100     Re =     0.300 e 6     Ncrit =   9.000  9.000
  
   alpha    CL        CD       CDp       CM     Top_Xtr  Bot_Xtr  Top_Itr  Bot_Itr
  ------ -------- --------- --------- -------- -------- -------- -------- --------
   2.000   0.4751   0.02471  -0.01171  -0.0522   0.6585   0.0762  14.6453  60.5716
   3.000   0.8706   0.02296  -0.00639  -0.1099   0.6376   1.0000  15.4889 101.0000
   3.500   0.9154   0.02299  -0.00703  -0.1080   0.6133   1.0000  16.4675 101.0000
   4.000   0.9530   0.02338  -0.00748  -0.1050   0.5837   1.0000  17.6623 101.0000
   4.500   0.9848   0.02405  -0.00781  -0.1013   0.5497   1.0000  19.0411 101.0000
   5.000   1.0007   0.02556  -0.00752  -0.0954   0.5143   1.0000  20.4886 101.0000
   5.500   1.0199   0.02703  -0.00728  -0.0902   0.4804   1.0000  21.8804 101.0000
   6.000   1.0363   0.02875  -0.00680  -0.0850   0.4488   1.0000  23.1867 101.0000
   6.500   1.0532   0.03057  -0.00621  -0.0801   0.4204   1.0000  24.3768 101.0000
   7.000   1.0741   0.03227  -0.00567  -0.0760   0.3961   1.0000  25.4041 101.0000
   7.500   1.0939   0.03410  -0.00502  -0.0719   0.3746   1.0000  26.3184 101.0000
   8.000   1.1152   0.03592  -0.00438  -0.0682   0.3547   1.0000  27.1745 101.0000
   8.500   1.1366   0.03778  -0.00373  -0.0648   0.3362   1.0000  27.9775 101.0000
   9.000   1.1596   0.03966  -0.00297  -0.0617   0.3212   1.0000  28.6400 101.0000
   9.500   1.1838   0.04144  -0.00233  -0.0589   0.3075   1.0000  29.2464 101.0000
  10.000   1.2060   0.04342  -0.00158  -0.0561   0.2943   1.0000  29.8381 101.0000
  10.500   1.2290   0.04543  -0.00075  -0.0536   0.2825   1.0000  30.3738 101.0000
  11.000   1.2504   0.04752   0.00004  -0.0510   0.2705   1.0000  30.9188 101.0000
  11.500   1.2737   0.04959   0.00093  -0.0488   0.2613   1.0000  31.3419 101.0000
  12.000   1.2940   0.05188   0.00190  -0.0465   0.2520   1.0000  31.7787 101.0000
  12.500   1.3181   0.05389   0.00266  -0.0447   0.2436   1.0000  32.1727 101.0000
  13.000   1.3363   0.05648   0.00392  -0.0426   0.2357   1.0000  32.5474 101.0000
  13.500   1.3591   0.05855   0.00455  -0.0408   0.2263   1.0000  32.9924 101.0000
  14.000   1.3744   0.06150   0.00620  -0.0390   0.2205   1.0000  33.2775 101.0000
  14.500   1.3903   0.06440   0.00768  -0.0373   0.2140   1.0000  33.5938 101.0000
  15.000   1.4126   0.06655   0.00837  -0.0359   0.2067   1.0000  33.9494 101.0000
