  
       XFOIL         Version 6.99
  
 Calculated polar for: 000745                                          
  
 1 1 Reynolds number fixed          Mach number fixed         
  
 xtrf =   1.000 (top)        1.000 (bottom)  
 Mach =   0.100     Re =     0.001 e 6     Ncrit =   9.000  9.000
  
   alpha    CL        CD       CDp       CM     Top_Xtr  Bot_Xtr  Top_Itr  Bot_Itr
  ------ -------- --------- --------- -------- -------- -------- -------- --------
   2.000  -0.1070   0.28152   0.18115  -0.0193   1.0000   1.0000   1.0000 101.0000
   2.500  -0.1121   0.27862   0.17770  -0.0180   1.0000   1.0000   1.0000 101.0000
   3.000  -0.1175   0.27565   0.17427  -0.0165   1.0000   1.0000   1.0000 101.0000
   3.500  -0.1232   0.27261   0.17088  -0.0151   1.0000   1.0000   1.0000 101.0000
   4.000  -0.1291   0.26953   0.16751  -0.0136   1.0000   1.0000   1.0000 101.0000
   4.500  -0.1350   0.26640   0.16417  -0.0121   1.0000   1.0000   1.0000 101.0000
   5.000  -0.1410   0.26324   0.16086  -0.0105   1.0000   1.0000   1.0000 101.0000
   5.500  -0.1469   0.26008   0.15759  -0.0090   1.0000   1.0000   1.0000 101.0000
   6.000  -0.1525   0.25694   0.15438  -0.0075   1.0000   1.0000   1.0000 101.0000
   6.500  -0.1576   0.25385   0.15124  -0.0060   1.0000   1.0000   1.0000 101.0000
   7.000  -0.1621   0.25086   0.14820  -0.0046   1.0000   1.0000   1.0000 101.0000
   7.500  -0.1654   0.24803   0.14532  -0.0033   1.0000   1.0000   1.0000 101.0000
   8.000  -0.1671   0.24542   0.14266  -0.0022   1.0000   1.0000   1.0000 101.0000
   8.500  -0.1669   0.24305   0.14029  -0.0014   1.0000   1.0000   1.0000 101.0000
   9.000  -0.1646   0.24096   0.13823  -0.0009   1.0000   1.0000   1.0000 101.0000
   9.500  -0.1602   0.23917   0.13659  -0.0006   1.0000   1.0000   1.0000 101.0000
  10.000  -0.1537   0.23768   0.13536  -0.0006   1.0000   1.0000   1.0000 101.0000
  10.500  -0.1453   0.23649   0.13457  -0.0008   1.0000   1.0000   1.0000 101.0000
  11.000  -0.1350   0.23558   0.13422  -0.0012   1.0000   1.0000   1.0000 101.0000
  11.500  -0.1231   0.23494   0.13432  -0.0019   1.0000   1.0000   1.0000 101.0000
  12.000  -0.1097   0.23456   0.13486  -0.0027   1.0000   1.0000   1.0000 101.0000
  12.500  -0.0951   0.23441   0.13584  -0.0036   1.0000   1.0000   1.0000 101.0000
  13.000  -0.0793   0.23449   0.13726  -0.0048   1.0000   1.0000   1.0000 101.0000
  13.500  -0.0624   0.23477   0.13909  -0.0060   1.0000   1.0000   1.0000 101.0000
  14.000  -0.0448   0.23525   0.14134  -0.0073   1.0000   1.0000   1.0000 101.0000
  14.500  -0.0263   0.23590   0.14395  -0.0088   1.0000   1.0000   1.0000 101.0000
  15.000  -0.0072   0.23673   0.14701  -0.0104   1.0000   1.0000   1.0000 101.0000
