  
       XFOIL         Version 6.99
  
 Calculated polar for: 000858                                          
  
 1 1 Reynolds number fixed          Mach number fixed         
  
 xtrf =   1.000 (top)        1.000 (bottom)  
 Mach =   0.100     Re =     0.300 e 6     Ncrit =   9.000  9.000
  
   alpha    CL        CD       CDp       CM     Top_Xtr  Bot_Xtr  Top_Itr  Bot_Itr
  ------ -------- --------- --------- -------- -------- -------- -------- --------
   2.000   0.1792   0.03990   0.00435  -0.0624   0.6797   0.1987  13.8283  67.6170
   3.000   0.4793   0.04259   0.01237  -0.1077   0.6795   1.0000  13.8331 101.0000
   3.500   0.5367   0.04231   0.01138  -0.1085   0.6778   1.0000  13.9022 101.0000
   4.000   0.5967   0.04187   0.01019  -0.1097   0.6764   1.0000  13.9604 101.0000
   5.500   0.6297   0.04944   0.01535  -0.0943   0.6385   1.0000  15.4843 101.0000
   6.000   0.6764   0.04975   0.01492  -0.0939   0.6339   1.0000  15.6689 101.0000
   6.500   0.7312   0.04937   0.01379  -0.0944   0.6311   1.0000  15.7807 101.0000
   7.000   0.7889   0.04876   0.01239  -0.0953   0.6292   1.0000  15.8581 101.0000
   7.500   0.8467   0.04818   0.01098  -0.0963   0.6277   1.0000  15.9187 101.0000
   8.000   0.9066   0.04739   0.00934  -0.0975   0.6264   1.0000  15.9704 101.0000
  10.000   0.9871   0.05572   0.01377  -0.0839   0.5818   1.0000  17.7734 101.0000
  10.500   1.0449   0.05474   0.01182  -0.0846   0.5801   1.0000  17.8428 101.0000
  11.000   1.0766   0.05589   0.01183  -0.0826   0.5717   1.0000  18.1818 101.0000
  12.500   1.2328   0.05009   0.00048  -0.0780   0.3738   1.0000  26.3893 101.0000
  13.000   1.1710   0.05864   0.00717  -0.0664   0.2572   1.0000  31.5694 101.0000
  13.500   1.1103   0.06796   0.01521  -0.0568   0.1130   1.0000  39.0260 101.0000
  14.000   1.0769   0.07557   0.02175  -0.0504   0.0291   1.0000  45.3046 101.0000
  14.500   1.0719   0.08090   0.02606  -0.0467   0.0222   1.0000  46.0563 101.0000
  15.000   1.0760   0.08540   0.02965  -0.0440   0.0204   1.0000  46.2746 101.0000
