  
       XFOIL         Version 6.99
  
 Calculated polar for: 000820                                          
  
 1 1 Reynolds number fixed          Mach number fixed         
  
 xtrf =   1.000 (top)        1.000 (bottom)  
 Mach =   0.100     Re =     0.300 e 6     Ncrit =   9.000  9.000
  
   alpha    CL        CD       CDp       CM     Top_Xtr  Bot_Xtr  Top_Itr  Bot_Itr
  ------ -------- --------- --------- -------- -------- -------- -------- --------
   3.000   0.8607   0.02355  -0.00500  -0.1180   0.6761   1.0000  13.9461 101.0000
   4.500   0.9962   0.02345  -0.00710  -0.1126   0.6252   1.0000  15.9896 101.0000
   5.000   1.0272   0.02414  -0.00738  -0.1088   0.6013   1.0000  16.9567 101.0000
   5.500   1.0543   0.02504  -0.00756  -0.1045   0.5740   1.0000  18.0610 101.0000
   6.000   1.0746   0.02638  -0.00744  -0.0994   0.5443   1.0000  19.2685 101.0000
   6.500   1.0970   0.02770  -0.00733  -0.0948   0.5138   1.0000  20.5132 101.0000
   7.000   1.1144   0.02934  -0.00703  -0.0896   0.4825   1.0000  21.7982 101.0000
   7.500   1.1323   0.03106  -0.00662  -0.0849   0.4533   1.0000  23.0067 101.0000
   8.000   1.1497   0.03292  -0.00604  -0.0803   0.4269   1.0000  24.1102 101.0000
   8.500   1.1647   0.03501  -0.00528  -0.0757   0.4018   1.0000  25.1665 101.0000
   9.000   1.1826   0.03703  -0.00457  -0.0716   0.3786   1.0000  26.1529 101.0000
   9.500   1.1994   0.03918  -0.00375  -0.0677   0.3581   1.0000  27.0325 101.0000
  10.000   1.2190   0.04124  -0.00294  -0.0643   0.3400   1.0000  27.8198 101.0000
  10.500   1.2393   0.04333  -0.00210  -0.0612   0.3232   1.0000  28.5581 101.0000
  11.000   1.2571   0.04563  -0.00113  -0.0580   0.3076   1.0000  29.2479 101.0000
  11.500   1.2758   0.04789  -0.00022  -0.0551   0.2930   1.0000  29.8998 101.0000
  12.000   1.2961   0.05017   0.00080  -0.0526   0.2809   1.0000  30.4505 101.0000
  12.500   1.3156   0.05241   0.00166  -0.0501   0.2685   1.0000  31.0182 101.0000
  13.000   1.3339   0.05496   0.00290  -0.0478   0.2581   1.0000  31.4985 101.0000
  13.500   1.3513   0.05748   0.00395  -0.0455   0.2467   1.0000  32.0281 101.0000
  14.000   1.3688   0.06019   0.00534  -0.0435   0.2382   1.0000  32.4329 101.0000
  14.500   1.3840   0.06298   0.00667  -0.0415   0.2291   1.0000  32.8663 101.0000
  15.000   1.4025   0.06561   0.00794  -0.0398   0.2215   1.0000  33.2309 101.0000
