  
       XFOIL         Version 6.99
  
 Calculated polar for: 000882                                          
  
 1 1 Reynolds number fixed          Mach number fixed         
  
 xtrf =   1.000 (top)        1.000 (bottom)  
 Mach =   0.100     Re =     0.001 e 6     Ncrit =   9.000  9.000
  
   alpha    CL        CD       CDp       CM     Top_Xtr  Bot_Xtr  Top_Itr  Bot_Itr
  ------ -------- --------- --------- -------- -------- -------- -------- --------
   2.000  -0.0458   0.29061   0.14535  -0.0150   1.0000   1.0000   1.0000 101.0000
   2.500  -0.0470   0.28765   0.14263  -0.0140   1.0000   1.0000   1.0000 101.0000
   3.000  -0.0485   0.28462   0.13995  -0.0130   1.0000   1.0000   1.0000 101.0000
   3.500  -0.0502   0.28153   0.13731  -0.0120   1.0000   1.0000   1.0000 101.0000
   4.000  -0.0522   0.27836   0.13470  -0.0109   1.0000   1.0000   1.0000 101.0000
   4.500  -0.0545   0.27512   0.13213  -0.0099   1.0000   1.0000   1.0000 101.0000
   5.000  -0.0571   0.27179   0.12958  -0.0088   1.0000   1.0000   1.0000 101.0000
   5.500  -0.0599   0.26839   0.12708  -0.0077   1.0000   1.0000   1.0000 101.0000
   6.000  -0.0630   0.26489   0.12461  -0.0067   1.0000   1.0000   1.0000 101.0000
   6.500  -0.0664   0.26130   0.12215  -0.0056   1.0000   1.0000   1.0000 101.0000
   7.000  -0.0699   0.25761   0.11973  -0.0045   1.0000   1.0000   1.0000 101.0000
   7.500  -0.0737   0.25382   0.11733  -0.0034   1.0000   1.0000   1.0000 101.0000
   8.000  -0.0777   0.24996   0.11495  -0.0023   1.0000   1.0000   1.0000 101.0000
   8.500  -0.0818   0.24604   0.11261  -0.0012   1.0000   1.0000   1.0000 101.0000
   9.000  -0.0859   0.24210   0.11030  -0.0002   1.0000   1.0000   1.0000 101.0000
   9.500  -0.0901   0.23815   0.10802   0.0008   1.0000   1.0000   1.0000 101.0000
  10.000  -0.0939   0.23426   0.10581   0.0017   1.0000   1.0000   1.0000 101.0000
  10.500  -0.0970   0.23051   0.10372   0.0024   1.0000   1.0000   1.0000 101.0000
  11.000  -0.0990   0.22695   0.10182   0.0029   1.0000   1.0000   1.0000 101.0000
  11.500  -0.0995   0.22367   0.10016   0.0031   1.0000   1.0000   1.0000 101.0000
  12.000  -0.0981   0.22070   0.09880   0.0029   1.0000   1.0000   1.0000 101.0000
  12.500  -0.0947   0.21811   0.09784   0.0023   1.0000   1.0000   1.0000 101.0000
  13.000  -0.0891   0.21592   0.09731   0.0014   1.0000   1.0000   1.0000 101.0000
  13.500  -0.0814   0.21414   0.09725   0.0000   1.0000   1.0000   1.0000 101.0000
  14.000  -0.0716   0.21277   0.09767  -0.0017   1.0000   1.0000   1.0000 101.0000
  14.500  -0.0598   0.21183   0.09861  -0.0037   1.0000   1.0000   1.0000 101.0000
  15.000  -0.0462   0.21128   0.10005  -0.0060   1.0000   1.0000   1.0000 101.0000
