  
       XFOIL         Version 6.99
  
 Calculated polar for: 000883                                          
  
 1 1 Reynolds number fixed          Mach number fixed         
  
 xtrf =   1.000 (top)        1.000 (bottom)  
 Mach =   0.100     Re =     0.001 e 6     Ncrit =   9.000  9.000
  
   alpha    CL        CD       CDp       CM     Top_Xtr  Bot_Xtr  Top_Itr  Bot_Itr
  ------ -------- --------- --------- -------- -------- -------- -------- --------
   2.000  -0.0736   0.27474   0.17765  -0.0190   1.0000   1.0000   1.0000 101.0000
   2.500  -0.0792   0.27201   0.17452  -0.0177   1.0000   1.0000   1.0000 101.0000
   3.000  -0.0851   0.26920   0.17141  -0.0165   1.0000   1.0000   1.0000 101.0000
   3.500  -0.0914   0.26629   0.16831  -0.0151   1.0000   1.0000   1.0000 101.0000
   4.000  -0.0981   0.26330   0.16520  -0.0138   1.0000   1.0000   1.0000 101.0000
   4.500  -0.1050   0.26022   0.16210  -0.0125   1.0000   1.0000   1.0000 101.0000
   5.000  -0.1122   0.25706   0.15898  -0.0112   1.0000   1.0000   1.0000 101.0000
   5.500  -0.1194   0.25384   0.15586  -0.0099   1.0000   1.0000   1.0000 101.0000
   6.000  -0.1266   0.25059   0.15274  -0.0086   1.0000   1.0000   1.0000 101.0000
   6.500  -0.1337   0.24733   0.14962  -0.0074   1.0000   1.0000   1.0000 101.0000
   7.000  -0.1400   0.24414   0.14656  -0.0064   1.0000   1.0000   1.0000 101.0000
   7.500  -0.1451   0.24108   0.14362  -0.0056   1.0000   1.0000   1.0000 101.0000
   8.000  -0.1483   0.23823   0.14090  -0.0051   1.0000   1.0000   1.0000 101.0000
   8.500  -0.1489   0.23566   0.13850  -0.0051   1.0000   1.0000   1.0000 101.0000
   9.000  -0.1467   0.23344   0.13650  -0.0055   1.0000   1.0000   1.0000 101.0000
   9.500  -0.1412   0.23159   0.13493  -0.0064   1.0000   1.0000   1.0000 101.0000
  10.000  -0.1327   0.23015   0.13396  -0.0078   1.0000   1.0000   1.0000 101.0000
  10.500  -0.1212   0.22912   0.13356  -0.0096   1.0000   1.0000   1.0000 101.0000
  11.000  -0.1069   0.22848   0.13376  -0.0117   1.0000   1.0000   1.0000 101.0000
  11.500  -0.0901   0.22823   0.13457  -0.0142   1.0000   1.0000   1.0000 101.0000
  12.000  -0.0711   0.22833   0.13598  -0.0168   1.0000   1.0000   1.0000 101.0000
  12.500  -0.0504   0.22876   0.13799  -0.0197   1.0000   1.0000   1.0000 101.0000
  13.000  -0.0280   0.22949   0.14057  -0.0228   1.0000   1.0000   1.0000 101.0000
  13.500  -0.0045   0.23050   0.14371  -0.0260   1.0000   1.0000   1.0000 101.0000
  14.000   0.0201   0.23176   0.14738  -0.0292   1.0000   1.0000   1.0000 101.0000
  14.500   0.0457   0.23324   0.15151  -0.0326   1.0000   1.0000   1.0000 101.0000
  15.000   0.0717   0.23501   0.15619  -0.0360   1.0000   1.0000   1.0000 101.0000
