  
       XFOIL         Version 6.99
  
 Calculated polar for: 000863                                          
  
 1 1 Reynolds number fixed          Mach number fixed         
  
 xtrf =   1.000 (top)        1.000 (bottom)  
 Mach =   0.100     Re =     0.300 e 6     Ncrit =   9.000  9.000
  
   alpha    CL        CD       CDp       CM     Top_Xtr  Bot_Xtr  Top_Itr  Bot_Itr
  ------ -------- --------- --------- -------- -------- -------- -------- --------
   2.000   0.4720   0.03817   0.00918  -0.1157   0.6995   1.0000  13.0275 101.0000
   4.000   0.5645   0.04433   0.01249  -0.0998   0.6586   1.0000  14.6714 101.0000
   4.500   0.6213   0.04389   0.01141  -0.1004   0.6559   1.0000  14.7813 101.0000
   5.000   0.6792   0.04342   0.01029  -0.1012   0.6539   1.0000  14.8592 101.0000
   5.500   0.7400   0.04271   0.00892  -0.1023   0.6525   1.0000  14.9173 101.0000
   6.000   0.8031   0.04178   0.00733  -0.1038   0.6513   1.0000  14.9647 101.0000
   8.000   0.8966   0.04859   0.01056  -0.0901   0.6076   1.0000  16.7266 101.0000
   9.000   1.0195   0.04623   0.00672  -0.0924   0.6046   1.0000  16.8484 101.0000
   9.500   1.0866   0.04469   0.00448  -0.0943   0.6035   1.0000  16.8915 101.0000
  10.000   1.1592   0.04285   0.00198  -0.0971   0.6024   1.0000  16.9349 101.0000
  10.500   1.2376   0.04074  -0.00073  -0.1008   0.6009   1.0000  16.9960 101.0000
  11.500   1.2979   0.04252  -0.00128  -0.0954   0.5784   1.0000  17.9058 101.0000
  12.000   1.2943   0.04577   0.00036  -0.0886   0.5592   1.0000  18.6859 101.0000
  13.000   1.3869   0.04490  -0.00344  -0.0867   0.5183   1.0000  20.3551 101.0000
  13.500   1.4064   0.04672  -0.00329  -0.0831   0.4935   1.0000  21.3714 101.0000
  14.000   1.4202   0.04903  -0.00273  -0.0789   0.4644   1.0000  22.5722 101.0000
  14.500   1.4254   0.05200  -0.00164  -0.0740   0.4274   1.0000  24.1142 101.0000
  15.000   1.4179   0.05612   0.00056  -0.0682   0.3827   1.0000  26.0053 101.0000
