  
       XFOIL         Version 6.99
  
 Calculated polar for: 000811                                          
  
 1 1 Reynolds number fixed          Mach number fixed         
  
 xtrf =   1.000 (top)        1.000 (bottom)  
 Mach =   0.100     Re =     0.300 e 6     Ncrit =   9.000  9.000
  
   alpha    CL        CD       CDp       CM     Top_Xtr  Bot_Xtr  Top_Itr  Bot_Itr
  ------ -------- --------- --------- -------- -------- -------- -------- --------
   2.000   0.3359   0.03242  -0.00457  -0.0543   0.6766   0.1025  13.9335  62.3192
   3.500   0.7756   0.03021   0.00013  -0.1112   0.6778   1.0000  13.8853 101.0000
   4.000   0.8546   0.02848  -0.00173  -0.1146   0.6764   1.0000  13.9407 101.0000
   5.500   0.9738   0.02910  -0.00330  -0.1077   0.6426   1.0000  15.2990 101.0000
   6.000   1.0297   0.02854  -0.00441  -0.1079   0.6321   1.0000  15.7214 101.0000
   6.500   1.1205   0.02644  -0.00656  -0.1135   0.6256   1.0000  15.9820 101.0000
   7.000   1.1307   0.02815  -0.00622  -0.1069   0.6051   1.0000  16.8118 101.0000
   7.500   1.1575   0.02922  -0.00630  -0.1030   0.5856   1.0000  17.6007 101.0000
   8.000   1.1927   0.02988  -0.00669  -0.1005   0.5658   1.0000  18.4014 101.0000
   8.500   1.2257   0.03069  -0.00701  -0.0977   0.5442   1.0000  19.2817 101.0000
   9.000   1.2516   0.03191  -0.00705  -0.0940   0.5202   1.0000  20.2597 101.0000
   9.500   1.2718   0.03351  -0.00682  -0.0898   0.4951   1.0000  21.2889 101.0000
  10.000   1.2863   0.03554  -0.00628  -0.0850   0.4686   1.0000  22.3802 101.0000
  10.500   1.3027   0.03754  -0.00573  -0.0807   0.4432   1.0000  23.4364 101.0000
  11.000   1.3138   0.03994  -0.00485  -0.0759   0.4177   1.0000  24.5043 101.0000
  11.500   1.3265   0.04235  -0.00395  -0.0717   0.3929   1.0000  25.5531 101.0000
  12.000   1.3375   0.04498  -0.00284  -0.0675   0.3704   1.0000  26.5131 101.0000
  12.500   1.3498   0.04762  -0.00171  -0.0637   0.3488   1.0000  27.4465 101.0000
  13.000   1.3594   0.05053  -0.00033  -0.0600   0.3282   1.0000  28.3446 101.0000
  13.500   1.3712   0.05334   0.00097  -0.0566   0.3096   1.0000  29.1682 101.0000
  14.000   1.3811   0.05639   0.00248  -0.0534   0.2922   1.0000  29.9489 101.0000
  14.500   1.3931   0.05942   0.00404  -0.0506   0.2762   1.0000  30.6745 101.0000
  15.000   1.4031   0.06265   0.00578  -0.0480   0.2611   1.0000  31.3673 101.0000
