  
       XFOIL         Version 6.99
  
 Calculated polar for: 000954                                          
  
 1 1 Reynolds number fixed          Mach number fixed         
  
 xtrf =   1.000 (top)        1.000 (bottom)  
 Mach =   0.100     Re =     0.300 e 6     Ncrit =   9.000  9.000
  
   alpha    CL        CD       CDp       CM     Top_Xtr  Bot_Xtr  Top_Itr  Bot_Itr
  ------ -------- --------- --------- -------- -------- -------- -------- --------
   3.000   0.7412   0.02915  -0.00026  -0.1117   0.6792   1.0000  13.8269 101.0000
   3.500   0.8210   0.02738  -0.00216  -0.1151   0.6775   1.0000  13.8949 101.0000
   4.000   0.9081   0.02547  -0.00407  -0.1198   0.6751   1.0000  13.9909 101.0000
   5.000   1.0010   0.02522  -0.00562  -0.1169   0.6511   1.0000  14.9573 101.0000
   5.500   1.0113   0.02679  -0.00533  -0.1099   0.6310   1.0000  15.7671 101.0000
   6.000   1.0498   0.02721  -0.00579  -0.1075   0.6141   1.0000  16.4461 101.0000
   6.500   1.1205   0.02610  -0.00731  -0.1099   0.6000   1.0000  17.0138 101.0000
   7.000   1.1455   0.02719  -0.00741  -0.1056   0.5771   1.0000  17.9440 101.0000
   7.500   1.1719   0.02829  -0.00750  -0.1016   0.5531   1.0000  18.9163 101.0000
   8.000   1.1955   0.02957  -0.00750  -0.0973   0.5272   1.0000  19.9725 101.0000
   8.500   1.2135   0.03126  -0.00719  -0.0925   0.5004   1.0000  21.0693 101.0000
   9.000   1.2300   0.03309  -0.00673  -0.0877   0.4735   1.0000  22.1767 101.0000
   9.500   1.2424   0.03528  -0.00602  -0.0826   0.4462   1.0000  23.3112 101.0000
  10.000   1.2582   0.03736  -0.00535  -0.0782   0.4206   1.0000  24.3821 101.0000
  10.500   1.2712   0.03970  -0.00446  -0.0738   0.3968   1.0000  25.3869 101.0000
  11.000   1.2856   0.04203  -0.00356  -0.0697   0.3737   1.0000  26.3706 101.0000
  11.500   1.2982   0.04459  -0.00247  -0.0657   0.3525   1.0000  27.2853 101.0000
  12.000   1.3132   0.04704  -0.00145  -0.0622   0.3334   1.0000  28.1160 101.0000
  12.500   1.3265   0.04971  -0.00024  -0.0588   0.3153   1.0000  28.9127 101.0000
  13.000   1.3408   0.05241   0.00105  -0.0557   0.2986   1.0000  29.6600 101.0000
  13.500   1.3555   0.05512   0.00233  -0.0529   0.2834   1.0000  30.3429 101.0000
  14.000   1.3686   0.05794   0.00365  -0.0501   0.2690   1.0000  31.0031 101.0000
  14.500   1.3841   0.06078   0.00512  -0.0478   0.2570   1.0000  31.5596 101.0000
  15.000   1.3961   0.06383   0.00669  -0.0453   0.2448   1.0000  32.1289 101.0000
