  
       XFOIL         Version 6.99
  
 Calculated polar for: 000999                                          
  
 1 1 Reynolds number fixed          Mach number fixed         
  
 xtrf =   1.000 (top)        1.000 (bottom)  
 Mach =   0.100     Re =     0.001 e 6     Ncrit =   9.000  9.000
  
   alpha    CL        CD       CDp       CM     Top_Xtr  Bot_Xtr  Top_Itr  Bot_Itr
  ------ -------- --------- --------- -------- -------- -------- -------- --------
   2.000  -0.0851   0.30705   0.16054  -0.0159   1.0000   1.0000   1.0000 101.0000
   2.500  -0.0856   0.30364   0.15722  -0.0150   1.0000   1.0000   1.0000 101.0000
   3.000  -0.0862   0.30017   0.15394  -0.0141   1.0000   1.0000   1.0000 101.0000
   3.500  -0.0870   0.29664   0.15070  -0.0131   1.0000   1.0000   1.0000 101.0000
   4.000  -0.0880   0.29304   0.14749  -0.0121   1.0000   1.0000   1.0000 101.0000
   4.500  -0.0891   0.28936   0.14432  -0.0111   1.0000   1.0000   1.0000 101.0000
   5.000  -0.0904   0.28561   0.14120  -0.0100   1.0000   1.0000   1.0000 101.0000
   5.500  -0.0919   0.28178   0.13810  -0.0090   1.0000   1.0000   1.0000 101.0000
   6.000  -0.0936   0.27788   0.13506  -0.0079   1.0000   1.0000   1.0000 101.0000
   6.500  -0.0954   0.27391   0.13206  -0.0068   1.0000   1.0000   1.0000 101.0000
   7.000  -0.0975   0.26987   0.12910  -0.0056   1.0000   1.0000   1.0000 101.0000
   7.500  -0.0997   0.26579   0.12619  -0.0045   1.0000   1.0000   1.0000 101.0000
   8.000  -0.1020   0.26166   0.12331  -0.0033   1.0000   1.0000   1.0000 101.0000
   8.500  -0.1044   0.25749   0.12048  -0.0021   1.0000   1.0000   1.0000 101.0000
   9.000  -0.1070   0.25331   0.11769  -0.0009   1.0000   1.0000   1.0000 101.0000
   9.500  -0.1094   0.24913   0.11497   0.0002   1.0000   1.0000   1.0000 101.0000
  10.000  -0.1119   0.24499   0.11230   0.0014   1.0000   1.0000   1.0000 101.0000
  10.500  -0.1141   0.24091   0.10971   0.0025   1.0000   1.0000   1.0000 101.0000
  11.000  -0.1160   0.23695   0.10723   0.0036   1.0000   1.0000   1.0000 101.0000
  11.500  -0.1170   0.23316   0.10489   0.0045   1.0000   1.0000   1.0000 101.0000
  12.000  -0.1169   0.22962   0.10279   0.0052   1.0000   1.0000   1.0000 101.0000
  12.500  -0.1155   0.22637   0.10097   0.0057   1.0000   1.0000   1.0000 101.0000
  13.000  -0.1126   0.22344   0.09947   0.0060   1.0000   1.0000   1.0000 101.0000
  13.500  -0.1081   0.22084   0.09833   0.0059   1.0000   1.0000   1.0000 101.0000
  14.000  -0.1020   0.21860   0.09756   0.0056   1.0000   1.0000   1.0000 101.0000
  14.500  -0.0943   0.21669   0.09719   0.0051   1.0000   1.0000   1.0000 101.0000
  15.000  -0.0852   0.21512   0.09723   0.0043   1.0000   1.0000   1.0000 101.0000
