  
       XFOIL         Version 6.99
  
 Calculated polar for: 000976                                          
  
 1 1 Reynolds number fixed          Mach number fixed         
  
 xtrf =   1.000 (top)        1.000 (bottom)  
 Mach =   0.100     Re =     0.001 e 6     Ncrit =   9.000  9.000
  
   alpha    CL        CD       CDp       CM     Top_Xtr  Bot_Xtr  Top_Itr  Bot_Itr
  ------ -------- --------- --------- -------- -------- -------- -------- --------
   2.000  -0.1305   0.28465   0.20980  -0.0167   1.0000   1.0000   1.0000 101.0000
   2.500  -0.1386   0.28107   0.20582  -0.0158   1.0000   1.0000   1.0000 101.0000
   3.000  -0.1470   0.27732   0.20178  -0.0148   1.0000   1.0000   1.0000 101.0000
   3.500  -0.1556   0.27343   0.19767  -0.0138   1.0000   1.0000   1.0000 101.0000
   4.000  -0.1645   0.26939   0.19348  -0.0129   1.0000   1.0000   1.0000 101.0000
   4.500  -0.1734   0.26524   0.18921  -0.0119   1.0000   1.0000   1.0000 101.0000
   5.000  -0.1822   0.26100   0.18489  -0.0111   1.0000   1.0000   1.0000 101.0000
   5.500  -0.1908   0.25673   0.18053  -0.0103   1.0000   1.0000   1.0000 101.0000
   6.000  -0.1984   0.25253   0.17619  -0.0096   1.0000   1.0000   1.0000 101.0000
   6.500  -0.2042   0.24852   0.17198  -0.0094   1.0000   1.0000   1.0000 101.0000
   7.000  -0.2072   0.24482   0.16806  -0.0096   1.0000   1.0000   1.0000 101.0000
   7.500  -0.2066   0.24155   0.16457  -0.0105   1.0000   1.0000   1.0000 101.0000
   8.000  -0.2018   0.23877   0.16160  -0.0121   1.0000   1.0000   1.0000 101.0000
   8.500  -0.1926   0.23658   0.15935  -0.0142   1.0000   1.0000   1.0000 101.0000
   9.000  -0.1792   0.23497   0.15784  -0.0169   1.0000   1.0000   1.0000 101.0000
   9.500  -0.1618   0.23392   0.15711  -0.0201   1.0000   1.0000   1.0000 101.0000
  10.000  -0.1411   0.23340   0.15715  -0.0236   1.0000   1.0000   1.0000 101.0000
  10.500  -0.1176   0.23335   0.15794  -0.0274   1.0000   1.0000   1.0000 101.0000
  11.000  -0.0918   0.23374   0.15944  -0.0312   1.0000   1.0000   1.0000 101.0000
  11.500  -0.0643   0.23450   0.16162  -0.0352   1.0000   1.0000   1.0000 101.0000
  12.000  -0.0354   0.23559   0.16443  -0.0392   1.0000   1.0000   1.0000 101.0000
  12.500  -0.0056   0.23696   0.16782  -0.0432   1.0000   1.0000   1.0000 101.0000
  13.000   0.0251   0.23858   0.17171  -0.0471   1.0000   1.0000   1.0000 101.0000
  13.500   0.0560   0.24057   0.17617  -0.0510   1.0000   1.0000   1.0000 101.0000
  14.000   0.0871   0.24272   0.18111  -0.0549   1.0000   1.0000   1.0000 101.0000
  14.500   0.1182   0.24503   0.18649  -0.0586   1.0000   1.0000   1.0000 101.0000
  15.000   0.1493   0.24746   0.19227  -0.0623   1.0000   1.0000   1.0000 101.0000
