  
       XFOIL         Version 6.99
  
 Calculated polar for: 000992                                          
  
 1 1 Reynolds number fixed          Mach number fixed         
  
 xtrf =   1.000 (top)        1.000 (bottom)  
 Mach =   0.100     Re =     0.001 e 6     Ncrit =   9.000  9.000
  
   alpha    CL        CD       CDp       CM     Top_Xtr  Bot_Xtr  Top_Itr  Bot_Itr
  ------ -------- --------- --------- -------- -------- -------- -------- --------
   2.000  -0.1674   0.30263   0.21923  -0.0216   1.0000   1.0000   1.0000 101.0000
   2.500  -0.1712   0.29886   0.21433  -0.0206   1.0000   1.0000   1.0000 101.0000
   3.000  -0.1752   0.29502   0.20946  -0.0195   1.0000   1.0000   1.0000 101.0000
   3.500  -0.1794   0.29109   0.20462  -0.0184   1.0000   1.0000   1.0000 101.0000
   4.000  -0.1838   0.28708   0.19979  -0.0172   1.0000   1.0000   1.0000 101.0000
   4.500  -0.1884   0.28301   0.19496  -0.0160   1.0000   1.0000   1.0000 101.0000
   5.000  -0.1931   0.27888   0.19019  -0.0147   1.0000   1.0000   1.0000 101.0000
   5.500  -0.1979   0.27472   0.18544  -0.0135   1.0000   1.0000   1.0000 101.0000
   6.000  -0.2025   0.27055   0.18074  -0.0122   1.0000   1.0000   1.0000 101.0000
   6.500  -0.2069   0.26642   0.17610  -0.0109   1.0000   1.0000   1.0000 101.0000
   7.000  -0.2108   0.26235   0.17155  -0.0096   1.0000   1.0000   1.0000 101.0000
   7.500  -0.2141   0.25840   0.16712  -0.0084   1.0000   1.0000   1.0000 101.0000
   8.000  -0.2161   0.25467   0.16289  -0.0074   1.0000   1.0000   1.0000 101.0000
   8.500  -0.2163   0.25122   0.15894  -0.0065   1.0000   1.0000   1.0000 101.0000
   9.000  -0.2144   0.24812   0.15537  -0.0060   1.0000   1.0000   1.0000 101.0000
   9.500  -0.2101   0.24539   0.15222  -0.0058   1.0000   1.0000   1.0000 101.0000
  10.000  -0.2032   0.24305   0.14957  -0.0058   1.0000   1.0000   1.0000 101.0000
  10.500  -0.1940   0.24111   0.14742  -0.0062   1.0000   1.0000   1.0000 101.0000
  11.000  -0.1824   0.23955   0.14578  -0.0068   1.0000   1.0000   1.0000 101.0000
  11.500  -0.1688   0.23835   0.14472  -0.0077   1.0000   1.0000   1.0000 101.0000
  12.000  -0.1534   0.23749   0.14420  -0.0087   1.0000   1.0000   1.0000 101.0000
  12.500  -0.1364   0.23694   0.14420  -0.0100   1.0000   1.0000   1.0000 101.0000
  13.000  -0.1180   0.23667   0.14472  -0.0113   1.0000   1.0000   1.0000 101.0000
  13.500  -0.0985   0.23667   0.14573  -0.0128   1.0000   1.0000   1.0000 101.0000
  14.000  -0.0779   0.23691   0.14722  -0.0144   1.0000   1.0000   1.0000 101.0000
  14.500  -0.0566   0.23736   0.14917  -0.0161   1.0000   1.0000   1.0000 101.0000
  15.000  -0.0345   0.23802   0.15156  -0.0179   1.0000   1.0000   1.0000 101.0000
