  
       XFOIL         Version 6.99
  
 Calculated polar for: 000997                                          
  
 1 1 Reynolds number fixed          Mach number fixed         
  
 xtrf =   1.000 (top)        1.000 (bottom)  
 Mach =   0.100     Re =     0.001 e 6     Ncrit =   9.000  9.000
  
   alpha    CL        CD       CDp       CM     Top_Xtr  Bot_Xtr  Top_Itr  Bot_Itr
  ------ -------- --------- --------- -------- -------- -------- -------- --------
   2.000  -0.0732   0.28518   0.14722  -0.0133   1.0000   1.0000   1.0000 101.0000
   2.500  -0.0784   0.28195   0.14464  -0.0123   1.0000   1.0000   1.0000 101.0000
   3.000  -0.0839   0.27859   0.14204  -0.0113   1.0000   1.0000   1.0000 101.0000
   3.500  -0.0896   0.27509   0.13940  -0.0103   1.0000   1.0000   1.0000 101.0000
   4.000  -0.0955   0.27146   0.13673  -0.0093   1.0000   1.0000   1.0000 101.0000
   4.500  -0.1016   0.26768   0.13402  -0.0083   1.0000   1.0000   1.0000 101.0000
   5.000  -0.1078   0.26376   0.13128  -0.0073   1.0000   1.0000   1.0000 101.0000
   5.500  -0.1141   0.25972   0.12850  -0.0063   1.0000   1.0000   1.0000 101.0000
   6.000  -0.1204   0.25559   0.12571  -0.0054   1.0000   1.0000   1.0000 101.0000
   6.500  -0.1266   0.25142   0.12290  -0.0044   1.0000   1.0000   1.0000 101.0000
   7.000  -0.1324   0.24726   0.12009  -0.0035   1.0000   1.0000   1.0000 101.0000
   7.500  -0.1374   0.24323   0.11735  -0.0028   1.0000   1.0000   1.0000 101.0000
   8.000  -0.1409   0.23940   0.11475  -0.0024   1.0000   1.0000   1.0000 101.0000
   8.500  -0.1424   0.23588   0.11237  -0.0022   1.0000   1.0000   1.0000 101.0000
   9.000  -0.1414   0.23275   0.11031  -0.0025   1.0000   1.0000   1.0000 101.0000
   9.500  -0.1377   0.23005   0.10859  -0.0032   1.0000   1.0000   1.0000 101.0000
  10.000  -0.1313   0.22783   0.10735  -0.0043   1.0000   1.0000   1.0000 101.0000
  10.500  -0.1223   0.22609   0.10658  -0.0057   1.0000   1.0000   1.0000 101.0000
  11.000  -0.1108   0.22481   0.10629  -0.0075   1.0000   1.0000   1.0000 101.0000
  11.500  -0.0971   0.22396   0.10651  -0.0095   1.0000   1.0000   1.0000 101.0000
  12.000  -0.0816   0.22352   0.10721  -0.0117   1.0000   1.0000   1.0000 101.0000
  12.500  -0.0645   0.22346   0.10838  -0.0141   1.0000   1.0000   1.0000 101.0000
  13.000  -0.0461   0.22376   0.11002  -0.0166   1.0000   1.0000   1.0000 101.0000
  13.500  -0.0267   0.22436   0.11209  -0.0193   1.0000   1.0000   1.0000 101.0000
  14.000  -0.0064   0.22526   0.11458  -0.0220   1.0000   1.0000   1.0000 101.0000
  14.500   0.0146   0.22651   0.11743  -0.0247   1.0000   1.0000   1.0000 101.0000
  15.000   0.0361   0.22807   0.12073  -0.0276   1.0000   1.0000   1.0000 101.0000
