  
       XFOIL         Version 6.99
  
 Calculated polar for: 001048                                          
  
 1 1 Reynolds number fixed          Mach number fixed         
  
 xtrf =   1.000 (top)        1.000 (bottom)  
 Mach =   0.100     Re =     0.001 e 6     Ncrit =   9.000  9.000
  
   alpha    CL        CD       CDp       CM     Top_Xtr  Bot_Xtr  Top_Itr  Bot_Itr
  ------ -------- --------- --------- -------- -------- -------- -------- --------
   2.000  -0.0697   0.29397   0.14863  -0.0133   1.0000   1.0000   1.0000 101.0000
   2.500  -0.0729   0.29091   0.14593  -0.0121   1.0000   1.0000   1.0000 101.0000
   3.000  -0.0763   0.28775   0.14323  -0.0110   1.0000   1.0000   1.0000 101.0000
   3.500  -0.0799   0.28450   0.14053  -0.0098   1.0000   1.0000   1.0000 101.0000
   4.000  -0.0838   0.28115   0.13784  -0.0085   1.0000   1.0000   1.0000 101.0000
   4.500  -0.0880   0.27770   0.13513  -0.0073   1.0000   1.0000   1.0000 101.0000
   5.000  -0.0924   0.27415   0.13241  -0.0060   1.0000   1.0000   1.0000 101.0000
   5.500  -0.0970   0.27050   0.12971  -0.0047   1.0000   1.0000   1.0000 101.0000
   6.000  -0.1016   0.26677   0.12701  -0.0035   1.0000   1.0000   1.0000 101.0000
   6.500  -0.1063   0.26299   0.12433  -0.0022   1.0000   1.0000   1.0000 101.0000
   7.000  -0.1109   0.25920   0.12167  -0.0009   1.0000   1.0000   1.0000 101.0000
   7.500  -0.1151   0.25544   0.11905   0.0003   1.0000   1.0000   1.0000 101.0000
   8.000  -0.1188   0.25178   0.11650   0.0014   1.0000   1.0000   1.0000 101.0000
   8.500  -0.1215   0.24829   0.11408   0.0023   1.0000   1.0000   1.0000 101.0000
   9.000  -0.1226   0.24507   0.11186   0.0030   1.0000   1.0000   1.0000 101.0000
   9.500  -0.1220   0.24216   0.10989   0.0035   1.0000   1.0000   1.0000 101.0000
  10.000  -0.1193   0.23962   0.10825   0.0036   1.0000   1.0000   1.0000 101.0000
  10.500  -0.1145   0.23745   0.10695   0.0035   1.0000   1.0000   1.0000 101.0000
  11.000  -0.1077   0.23567   0.10604   0.0030   1.0000   1.0000   1.0000 101.0000
  11.500  -0.0991   0.23424   0.10551   0.0023   1.0000   1.0000   1.0000 101.0000
  12.000  -0.0888   0.23318   0.10540   0.0014   1.0000   1.0000   1.0000 101.0000
  12.500  -0.0771   0.23245   0.10571   0.0004   1.0000   1.0000   1.0000 101.0000
  13.000  -0.0641   0.23204   0.10642  -0.0009   1.0000   1.0000   1.0000 101.0000
  13.500  -0.0500   0.23191   0.10752  -0.0023   1.0000   1.0000   1.0000 101.0000
  14.000  -0.0351   0.23206   0.10901  -0.0039   1.0000   1.0000   1.0000 101.0000
  14.500  -0.0194   0.23245   0.11087  -0.0055   1.0000   1.0000   1.0000 101.0000
  15.000  -0.0032   0.23308   0.11308  -0.0072   1.0000   1.0000   1.0000 101.0000
