  
       XFOIL         Version 6.99
  
 Calculated polar for: 001077                                          
  
 1 1 Reynolds number fixed          Mach number fixed         
  
 xtrf =   1.000 (top)        1.000 (bottom)  
 Mach =   0.100     Re =     0.001 e 6     Ncrit =   9.000  9.000
  
   alpha    CL        CD       CDp       CM     Top_Xtr  Bot_Xtr  Top_Itr  Bot_Itr
  ------ -------- --------- --------- -------- -------- -------- -------- --------
   2.000  -0.0858   0.29235   0.19107  -0.0211   1.0000   1.0000   1.0000 101.0000
   2.500  -0.0863   0.28952   0.18716  -0.0198   1.0000   1.0000   1.0000 101.0000
   3.000  -0.0871   0.28665   0.18334  -0.0185   1.0000   1.0000   1.0000 101.0000
   3.500  -0.0882   0.28374   0.17960  -0.0172   1.0000   1.0000   1.0000 101.0000
   4.000  -0.0896   0.28080   0.17593  -0.0158   1.0000   1.0000   1.0000 101.0000
   4.500  -0.0914   0.27781   0.17233  -0.0144   1.0000   1.0000   1.0000 101.0000
   5.000  -0.0935   0.27478   0.16880  -0.0130   1.0000   1.0000   1.0000 101.0000
   5.500  -0.0959   0.27171   0.16532  -0.0116   1.0000   1.0000   1.0000 101.0000
   6.000  -0.0986   0.26860   0.16192  -0.0101   1.0000   1.0000   1.0000 101.0000
   6.500  -0.1016   0.26546   0.15858  -0.0086   1.0000   1.0000   1.0000 101.0000
   7.000  -0.1049   0.26230   0.15530  -0.0071   1.0000   1.0000   1.0000 101.0000
   7.500  -0.1083   0.25912   0.15208  -0.0055   1.0000   1.0000   1.0000 101.0000
   8.000  -0.1118   0.25594   0.14894  -0.0040   1.0000   1.0000   1.0000 101.0000
   8.500  -0.1152   0.25279   0.14587  -0.0026   1.0000   1.0000   1.0000 101.0000
   9.000  -0.1186   0.24968   0.14288  -0.0011   1.0000   1.0000   1.0000 101.0000
   9.500  -0.1214   0.24669   0.14003   0.0002   1.0000   1.0000   1.0000 101.0000
  10.000  -0.1233   0.24385   0.13737   0.0013   1.0000   1.0000   1.0000 101.0000
  10.500  -0.1238   0.24122   0.13496   0.0022   1.0000   1.0000   1.0000 101.0000
  11.000  -0.1225   0.23885   0.13287   0.0028   1.0000   1.0000   1.0000 101.0000
  11.500  -0.1193   0.23678   0.13117   0.0030   1.0000   1.0000   1.0000 101.0000
  12.000  -0.1139   0.23502   0.12988   0.0030   1.0000   1.0000   1.0000 101.0000
  12.500  -0.1064   0.23360   0.12909   0.0025   1.0000   1.0000   1.0000 101.0000
  13.000  -0.0969   0.23251   0.12881   0.0018   1.0000   1.0000   1.0000 101.0000
  13.500  -0.0854   0.23174   0.12905   0.0007   1.0000   1.0000   1.0000 101.0000
  14.000  -0.0721   0.23128   0.12981  -0.0006   1.0000   1.0000   1.0000 101.0000
  14.500  -0.0573   0.23112   0.13110  -0.0022   1.0000   1.0000   1.0000 101.0000
  15.000  -0.0410   0.23124   0.13292  -0.0040   1.0000   1.0000   1.0000 101.0000
