  
       XFOIL         Version 6.99
  
 Calculated polar for: 001142                                          
  
 1 1 Reynolds number fixed          Mach number fixed         
  
 xtrf =   1.000 (top)        1.000 (bottom)  
 Mach =   0.100     Re =     0.001 e 6     Ncrit =   9.000  9.000
  
   alpha    CL        CD       CDp       CM     Top_Xtr  Bot_Xtr  Top_Itr  Bot_Itr
  ------ -------- --------- --------- -------- -------- -------- -------- --------
   2.000   0.0010   0.28618   0.12839  -0.0088   1.0000   1.0000   1.0000 101.0000
   2.500  -0.0014   0.28446   0.12709  -0.0074   1.0000   1.0000   1.0000 101.0000
   3.000  -0.0042   0.28271   0.12587  -0.0060   1.0000   1.0000   1.0000 101.0000
   3.500  -0.0073   0.28094   0.12470  -0.0046   1.0000   1.0000   1.0000 101.0000
   4.000  -0.0108   0.27914   0.12359  -0.0032   1.0000   1.0000   1.0000 101.0000
   4.500  -0.0146   0.27729   0.12253  -0.0018   1.0000   1.0000   1.0000 101.0000
   5.000  -0.0186   0.27539   0.12151  -0.0004   1.0000   1.0000   1.0000 101.0000
   5.500  -0.0230   0.27344   0.12053   0.0010   1.0000   1.0000   1.0000 101.0000
   6.000  -0.0276   0.27142   0.11957   0.0024   1.0000   1.0000   1.0000 101.0000
   6.500  -0.0324   0.26934   0.11863   0.0037   1.0000   1.0000   1.0000 101.0000
   7.000  -0.0374   0.26718   0.11771   0.0051   1.0000   1.0000   1.0000 101.0000
   7.500  -0.0425   0.26494   0.11680   0.0064   1.0000   1.0000   1.0000 101.0000
   8.000  -0.0476   0.26262   0.11589   0.0078   1.0000   1.0000   1.0000 101.0000
   8.500  -0.0528   0.26020   0.11497   0.0091   1.0000   1.0000   1.0000 101.0000
   9.000  -0.0579   0.25768   0.11407   0.0104   1.0000   1.0000   1.0000 101.0000
   9.500  -0.0629   0.25510   0.11318   0.0116   1.0000   1.0000   1.0000 101.0000
  10.000  -0.0677   0.25246   0.11230   0.0128   1.0000   1.0000   1.0000 101.0000
  10.500  -0.0723   0.24980   0.11145   0.0140   1.0000   1.0000   1.0000 101.0000
  11.000  -0.0766   0.24712   0.11061   0.0151   1.0000   1.0000   1.0000 101.0000
  11.500  -0.0805   0.24448   0.10981   0.0162   1.0000   1.0000   1.0000 101.0000
  12.000  -0.0837   0.24191   0.10909   0.0172   1.0000   1.0000   1.0000 101.0000
  12.500  -0.0862   0.23944   0.10847   0.0180   1.0000   1.0000   1.0000 101.0000
  13.000  -0.0877   0.23709   0.10798   0.0187   1.0000   1.0000   1.0000 101.0000
  13.500  -0.0882   0.23490   0.10765   0.0193   1.0000   1.0000   1.0000 101.0000
  14.000  -0.0876   0.23288   0.10751   0.0196   1.0000   1.0000   1.0000 101.0000
  14.500  -0.0859   0.23105   0.10758   0.0198   1.0000   1.0000   1.0000 101.0000
  15.000  -0.0830   0.22940   0.10786   0.0197   1.0000   1.0000   1.0000 101.0000
