  
       XFOIL         Version 6.99
  
 Calculated polar for: 001124                                          
  
 1 1 Reynolds number fixed          Mach number fixed         
  
 xtrf =   1.000 (top)        1.000 (bottom)  
 Mach =   0.100     Re =     0.001 e 6     Ncrit =   9.000  9.000
  
   alpha    CL        CD       CDp       CM     Top_Xtr  Bot_Xtr  Top_Itr  Bot_Itr
  ------ -------- --------- --------- -------- -------- -------- -------- --------
   2.000  -0.0039   0.26509   0.16119  -0.0175   1.0000   1.0000   1.0000 101.0000
   2.500  -0.0051   0.26295   0.15853  -0.0162   1.0000   1.0000   1.0000 101.0000
   3.000  -0.0069   0.26080   0.15597  -0.0149   1.0000   1.0000   1.0000 101.0000
   3.500  -0.0093   0.25861   0.15351  -0.0135   1.0000   1.0000   1.0000 101.0000
   4.000  -0.0121   0.25639   0.15113  -0.0122   1.0000   1.0000   1.0000 101.0000
   4.500  -0.0156   0.25413   0.14881  -0.0108   1.0000   1.0000   1.0000 101.0000
   5.000  -0.0195   0.25183   0.14658  -0.0094   1.0000   1.0000   1.0000 101.0000
   5.500  -0.0239   0.24949   0.14441  -0.0081   1.0000   1.0000   1.0000 101.0000
   6.000  -0.0288   0.24709   0.14228  -0.0067   1.0000   1.0000   1.0000 101.0000
   6.500  -0.0341   0.24466   0.14020  -0.0054   1.0000   1.0000   1.0000 101.0000
   7.000  -0.0397   0.24217   0.13816  -0.0040   1.0000   1.0000   1.0000 101.0000
   7.500  -0.0456   0.23966   0.13616  -0.0028   1.0000   1.0000   1.0000 101.0000
   8.000  -0.0516   0.23712   0.13418  -0.0016   1.0000   1.0000   1.0000 101.0000
   8.500  -0.0576   0.23459   0.13226  -0.0005   1.0000   1.0000   1.0000 101.0000
   9.000  -0.0631   0.23212   0.13042   0.0004   1.0000   1.0000   1.0000 101.0000
   9.500  -0.0674   0.22975   0.12873   0.0011   1.0000   1.0000   1.0000 101.0000
  10.000  -0.0702   0.22753   0.12727   0.0013   1.0000   1.0000   1.0000 101.0000
  10.500  -0.0710   0.22554   0.12613   0.0011   1.0000   1.0000   1.0000 101.0000
  11.000  -0.0692   0.22380   0.12539   0.0004   1.0000   1.0000   1.0000 101.0000
  11.500  -0.0646   0.22239   0.12513  -0.0009   1.0000   1.0000   1.0000 101.0000
  12.000  -0.0570   0.22133   0.12544  -0.0029   1.0000   1.0000   1.0000 101.0000
  12.500  -0.0461   0.22064   0.12636  -0.0054   1.0000   1.0000   1.0000 101.0000
  13.000  -0.0322   0.22037   0.12801  -0.0085   1.0000   1.0000   1.0000 101.0000
  13.500  -0.0151   0.22051   0.13041  -0.0122   1.0000   1.0000   1.0000 101.0000
  14.000   0.0049   0.22108   0.13359  -0.0164   1.0000   1.0000   1.0000 101.0000
  14.500   0.0276   0.22206   0.13757  -0.0210   1.0000   1.0000   1.0000 101.0000
  15.000   0.0528   0.22344   0.14234  -0.0261   1.0000   1.0000   1.0000 101.0000
