  
       XFOIL         Version 6.99
  
 Calculated polar for: 001170                                          
  
 1 1 Reynolds number fixed          Mach number fixed         
  
 xtrf =   1.000 (top)        1.000 (bottom)  
 Mach =   0.100     Re =     0.300 e 6     Ncrit =   9.000  9.000
  
   alpha    CL        CD       CDp       CM     Top_Xtr  Bot_Xtr  Top_Itr  Bot_Itr
  ------ -------- --------- --------- -------- -------- -------- -------- --------
   2.500   0.4626   0.02715  -0.00885  -0.0575   0.6581   0.1717  14.6734  66.2355
   3.000   0.8475   0.02333  -0.00487  -0.1209   0.6757   1.0000  13.9639 101.0000
   3.500   0.8639   0.02443  -0.00490  -0.1145   0.6556   1.0000  14.7725 101.0000
   4.000   0.9052   0.02465  -0.00547  -0.1120   0.6384   1.0000  15.4657 101.0000
   4.500   0.9692   0.02389  -0.00670  -0.1131   0.6221   1.0000  16.1214 101.0000
   5.000   1.0114   0.02413  -0.00731  -0.1109   0.5994   1.0000  17.0370 101.0000
   5.500   1.0330   0.02532  -0.00732  -0.1057   0.5711   1.0000  18.1829 101.0000
   6.000   1.0576   0.02649  -0.00734  -0.1011   0.5416   1.0000  19.3813 101.0000
   6.500   1.0811   0.02777  -0.00728  -0.0966   0.5109   1.0000  20.6342 101.0000
   7.000   1.0992   0.02938  -0.00701  -0.0915   0.4798   1.0000  21.9128 101.0000
   7.500   1.1168   0.03117  -0.00655  -0.0867   0.4511   1.0000  23.1030 101.0000
   8.000   1.1343   0.03304  -0.00597  -0.0821   0.4246   1.0000  24.2107 101.0000
   8.500   1.1501   0.03512  -0.00524  -0.0775   0.3995   1.0000  25.2673 101.0000
   9.000   1.1686   0.03712  -0.00454  -0.0734   0.3766   1.0000  26.2417 101.0000
   9.500   1.1861   0.03925  -0.00373  -0.0695   0.3566   1.0000  27.1012 101.0000
  10.000   1.2056   0.04131  -0.00294  -0.0660   0.3383   1.0000  27.8955 101.0000
  10.500   1.2259   0.04344  -0.00208  -0.0629   0.3216   1.0000  28.6299 101.0000
  11.000   1.2447   0.04569  -0.00114  -0.0597   0.3062   1.0000  29.3127 101.0000
  11.500   1.2641   0.04791  -0.00028  -0.0568   0.2917   1.0000  29.9630 101.0000
  12.000   1.2843   0.05023   0.00079  -0.0542   0.2799   1.0000  30.5008 101.0000
  12.500   1.3043   0.05247   0.00166  -0.0517   0.2678   1.0000  31.0510 101.0000
  13.000   1.3226   0.05503   0.00292  -0.0493   0.2573   1.0000  31.5417 101.0000
  13.500   1.3405   0.05754   0.00399  -0.0469   0.2463   1.0000  32.0543 101.0000
  14.000   1.3585   0.06022   0.00535  -0.0449   0.2376   1.0000  32.4641 101.0000
  14.500   1.3747   0.06293   0.00661  -0.0428   0.2284   1.0000  32.9010 101.0000
  15.000   1.3929   0.06562   0.00797  -0.0411   0.2211   1.0000  33.2535 101.0000
