  
       XFOIL         Version 6.99
  
 Calculated polar for: 001152                                          
  
 1 1 Reynolds number fixed          Mach number fixed         
  
 xtrf =   1.000 (top)        1.000 (bottom)  
 Mach =   0.100     Re =     0.001 e 6     Ncrit =   9.000  9.000
  
   alpha    CL        CD       CDp       CM     Top_Xtr  Bot_Xtr  Top_Itr  Bot_Itr
  ------ -------- --------- --------- -------- -------- -------- -------- --------
   2.000  -0.0601   0.28381   0.18011  -0.0203   1.0000   1.0000   1.0000 101.0000
   2.500  -0.0609   0.28117   0.17659  -0.0190   1.0000   1.0000   1.0000 101.0000
   3.000  -0.0621   0.27850   0.17315  -0.0177   1.0000   1.0000   1.0000 101.0000
   3.500  -0.0637   0.27579   0.16979  -0.0163   1.0000   1.0000   1.0000 101.0000
   4.000  -0.0656   0.27305   0.16652  -0.0150   1.0000   1.0000   1.0000 101.0000
   4.500  -0.0680   0.27026   0.16331  -0.0136   1.0000   1.0000   1.0000 101.0000
   5.000  -0.0707   0.26743   0.16016  -0.0121   1.0000   1.0000   1.0000 101.0000
   5.500  -0.0739   0.26455   0.15708  -0.0107   1.0000   1.0000   1.0000 101.0000
   6.000  -0.0773   0.26164   0.15407  -0.0092   1.0000   1.0000   1.0000 101.0000
   6.500  -0.0812   0.25869   0.15111  -0.0077   1.0000   1.0000   1.0000 101.0000
   7.000  -0.0853   0.25570   0.14820  -0.0063   1.0000   1.0000   1.0000 101.0000
   7.500  -0.0896   0.25270   0.14535  -0.0048   1.0000   1.0000   1.0000 101.0000
   8.000  -0.0940   0.24969   0.14256  -0.0034   1.0000   1.0000   1.0000 101.0000
   8.500  -0.0984   0.24671   0.13983  -0.0020   1.0000   1.0000   1.0000 101.0000
   9.000  -0.1025   0.24378   0.13719  -0.0007   1.0000   1.0000   1.0000 101.0000
   9.500  -0.1059   0.24098   0.13470   0.0004   1.0000   1.0000   1.0000 101.0000
  10.000  -0.1081   0.23835   0.13243   0.0013   1.0000   1.0000   1.0000 101.0000
  10.500  -0.1085   0.23595   0.13044   0.0018   1.0000   1.0000   1.0000 101.0000
  11.000  -0.1070   0.23382   0.12880   0.0019   1.0000   1.0000   1.0000 101.0000
  11.500  -0.1031   0.23200   0.12760   0.0017   1.0000   1.0000   1.0000 101.0000
  12.000  -0.0968   0.23052   0.12684   0.0010   1.0000   1.0000   1.0000 101.0000
  12.500  -0.0882   0.22939   0.12663  -0.0001   1.0000   1.0000   1.0000 101.0000
  13.000  -0.0772   0.22861   0.12697  -0.0015   1.0000   1.0000   1.0000 101.0000
  13.500  -0.0641   0.22818   0.12789  -0.0033   1.0000   1.0000   1.0000 101.0000
  14.000  -0.0490   0.22807   0.12937  -0.0053   1.0000   1.0000   1.0000 101.0000
  14.500  -0.0321   0.22827   0.13143  -0.0077   1.0000   1.0000   1.0000 101.0000
  15.000  -0.0137   0.22878   0.13405  -0.0102   1.0000   1.0000   1.0000 101.0000
