  
       XFOIL         Version 6.99
  
 Calculated polar for: 001165                                          
  
 1 1 Reynolds number fixed          Mach number fixed         
  
 xtrf =   1.000 (top)        1.000 (bottom)  
 Mach =   0.100     Re =     0.300 e 6     Ncrit =   9.000  9.000
  
   alpha    CL        CD       CDp       CM     Top_Xtr  Bot_Xtr  Top_Itr  Bot_Itr
  ------ -------- --------- --------- -------- -------- -------- -------- --------
   2.500   0.4580   0.02830  -0.00723  -0.0648   0.6759   0.1970  13.9615  67.5267
   3.000   0.7489   0.02812  -0.00100  -0.1142   0.6791   1.0000  13.8332 101.0000
   3.500   0.8316   0.02629  -0.00294  -0.1180   0.6771   1.0000  13.9146 101.0000
   5.500   1.0324   0.02537  -0.00642  -0.1141   0.6273   1.0000  15.9153 101.0000
   6.000   1.0549   0.02651  -0.00645  -0.1091   0.6061   1.0000  16.7697 101.0000
   6.500   1.0889   0.02721  -0.00676  -0.1060   0.5849   1.0000  17.6273 101.0000
   7.000   1.1232   0.02792  -0.00710  -0.1031   0.5618   1.0000  18.5642 101.0000
   7.500   1.1509   0.02900  -0.00721  -0.0993   0.5367   1.0000  19.5856 101.0000
   8.000   1.1737   0.03040  -0.00712  -0.0949   0.5094   1.0000  20.7040 101.0000
   8.500   1.1955   0.03191  -0.00692  -0.0907   0.4824   1.0000  21.8124 101.0000
   9.000   1.2122   0.03377  -0.00647  -0.0859   0.4551   1.0000  22.9431 101.0000
   9.500   1.2264   0.03590  -0.00577  -0.0811   0.4285   1.0000  24.0527 101.0000
  10.000   1.2419   0.03805  -0.00503  -0.0768   0.4041   1.0000  25.0774 101.0000
  10.500   1.2554   0.04040  -0.00410  -0.0724   0.3812   1.0000  26.0520 101.0000
  11.000   1.2704   0.04275  -0.00318  -0.0685   0.3590   1.0000  27.0022 101.0000
  11.500   1.2835   0.04535  -0.00200  -0.0646   0.3394   1.0000  27.8571 101.0000
  12.000   1.3012   0.04771  -0.00100  -0.0614   0.3218   1.0000  28.6276 101.0000
  12.500   1.3163   0.05029   0.00019  -0.0582   0.3056   1.0000  29.3464 101.0000
  13.000   1.3307   0.05293   0.00137  -0.0551   0.2896   1.0000  30.0637 101.0000
  13.500   1.3450   0.05576   0.00279  -0.0523   0.2754   1.0000  30.7096 101.0000
  14.000   1.3615   0.05841   0.00405  -0.0498   0.2630   1.0000  31.2805 101.0000
  14.500   1.3754   0.06130   0.00548  -0.0474   0.2509   1.0000  31.8444 101.0000
  15.000   1.3905   0.06421   0.00701  -0.0452   0.2401   1.0000  32.3512 101.0000
