  
       XFOIL         Version 6.99
  
 Calculated polar for: 001223                                          
  
 1 1 Reynolds number fixed          Mach number fixed         
  
 xtrf =   1.000 (top)        1.000 (bottom)  
 Mach =   0.100     Re =     0.300 e 6     Ncrit =   9.000  9.000
  
   alpha    CL        CD       CDp       CM     Top_Xtr  Bot_Xtr  Top_Itr  Bot_Itr
  ------ -------- --------- --------- -------- -------- -------- -------- --------
   3.500   0.5900   0.03959   0.00844  -0.1029   0.6605   1.0000  14.5924 101.0000
   4.000   0.6499   0.03889   0.00718  -0.1035   0.6573   1.0000  14.7203 101.0000
   4.500   0.7136   0.03791   0.00567  -0.1045   0.6554   1.0000  14.7959 101.0000
   5.000   0.7804   0.03664   0.00394  -0.1059   0.6542   1.0000  14.8455 101.0000
   5.500   0.8502   0.03524   0.00211  -0.1079   0.6531   1.0000  14.8897 101.0000
   6.000   0.9255   0.03359   0.00014  -0.1108   0.6520   1.0000  14.9314 101.0000
   6.500   1.0059   0.03180  -0.00192  -0.1146   0.6506   1.0000  14.9884 101.0000
   8.000   1.1669   0.03052  -0.00515  -0.1145   0.6256   1.0000  15.9960 101.0000
   9.500   1.2514   0.03337  -0.00578  -0.1037   0.5805   1.0000  17.8187 101.0000
  10.000   1.2697   0.03505  -0.00548  -0.0990   0.5620   1.0000  18.5688 101.0000
  10.500   1.3161   0.03510  -0.00648  -0.0982   0.5462   1.0000  19.2124 101.0000
  11.000   1.3568   0.03547  -0.00730  -0.0967   0.5273   1.0000  19.9836 101.0000
  11.500   1.3700   0.03757  -0.00676  -0.0917   0.5045   1.0000  20.9135 101.0000
  12.000   1.3837   0.03971  -0.00620  -0.0869   0.4809   1.0000  21.8872 101.0000
  12.500   1.3974   0.04193  -0.00558  -0.0824   0.4562   1.0000  22.9103 101.0000
  13.000   1.4087   0.04439  -0.00476  -0.0779   0.4308   1.0000  23.9663 101.0000
  13.500   1.4141   0.04741  -0.00344  -0.0730   0.4047   1.0000  25.0646 101.0000
  14.000   1.4185   0.05062  -0.00191  -0.0684   0.3792   1.0000  26.1503 101.0000
  14.500   1.4224   0.05398  -0.00020  -0.0640   0.3531   1.0000  27.2721 101.0000
  15.000   1.4236   0.05769   0.00185  -0.0598   0.3278   1.0000  28.3744 101.0000
