  
       XFOIL         Version 6.99
  
 Calculated polar for: 001293                                          
  
 1 1 Reynolds number fixed          Mach number fixed         
  
 xtrf =   1.000 (top)        1.000 (bottom)  
 Mach =   0.100     Re =     0.001 e 6     Ncrit =   9.000  9.000
  
   alpha    CL        CD       CDp       CM     Top_Xtr  Bot_Xtr  Top_Itr  Bot_Itr
  ------ -------- --------- --------- -------- -------- -------- -------- --------
   2.000  -0.0875   0.27978   0.18553  -0.0199   1.0000   1.0000   1.0000 101.0000
   2.500  -0.0925   0.27684   0.18203  -0.0187   1.0000   1.0000   1.0000 101.0000
   3.000  -0.0978   0.27381   0.17857  -0.0175   1.0000   1.0000   1.0000 101.0000
   3.500  -0.1036   0.27070   0.17513  -0.0162   1.0000   1.0000   1.0000 101.0000
   4.000  -0.1096   0.26749   0.17168  -0.0149   1.0000   1.0000   1.0000 101.0000
   4.500  -0.1159   0.26420   0.16824  -0.0137   1.0000   1.0000   1.0000 101.0000
   5.000  -0.1225   0.26083   0.16479  -0.0124   1.0000   1.0000   1.0000 101.0000
   5.500  -0.1292   0.25740   0.16134  -0.0111   1.0000   1.0000   1.0000 101.0000
   6.000  -0.1358   0.25392   0.15790  -0.0099   1.0000   1.0000   1.0000 101.0000
   6.500  -0.1424   0.25043   0.15447  -0.0087   1.0000   1.0000   1.0000 101.0000
   7.000  -0.1485   0.24699   0.15108  -0.0076   1.0000   1.0000   1.0000 101.0000
   7.500  -0.1536   0.24368   0.14781  -0.0068   1.0000   1.0000   1.0000 101.0000
   8.000  -0.1568   0.24057   0.14473  -0.0062   1.0000   1.0000   1.0000 101.0000
   8.500  -0.1578   0.23773   0.14197  -0.0061   1.0000   1.0000   1.0000 101.0000
   9.000  -0.1558   0.23525   0.13960  -0.0064   1.0000   1.0000   1.0000 101.0000
   9.500  -0.1507   0.23316   0.13772  -0.0073   1.0000   1.0000   1.0000 101.0000
  10.000  -0.1424   0.23148   0.13635  -0.0086   1.0000   1.0000   1.0000 101.0000
  10.500  -0.1310   0.23024   0.13563  -0.0103   1.0000   1.0000   1.0000 101.0000
  11.000  -0.1166   0.22942   0.13553  -0.0125   1.0000   1.0000   1.0000 101.0000
  11.500  -0.0996   0.22901   0.13606  -0.0150   1.0000   1.0000   1.0000 101.0000
  12.000  -0.0803   0.22898   0.13723  -0.0177   1.0000   1.0000   1.0000 101.0000
  12.500  -0.0590   0.22930   0.13901  -0.0206   1.0000   1.0000   1.0000 101.0000
  13.000  -0.0362   0.22995   0.14140  -0.0238   1.0000   1.0000   1.0000 101.0000
  13.500  -0.0119   0.23089   0.14436  -0.0270   1.0000   1.0000   1.0000 101.0000
  14.000   0.0134   0.23209   0.14787  -0.0304   1.0000   1.0000   1.0000 101.0000
  14.500   0.0396   0.23353   0.15187  -0.0338   1.0000   1.0000   1.0000 101.0000
  15.000   0.0665   0.23524   0.15642  -0.0373   1.0000   1.0000   1.0000 101.0000
