  
       XFOIL         Version 6.99
  
 Calculated polar for: 001239                                          
  
 1 1 Reynolds number fixed          Mach number fixed         
  
 xtrf =   1.000 (top)        1.000 (bottom)  
 Mach =   0.100     Re =     0.300 e 6     Ncrit =   9.000  9.000
  
   alpha    CL        CD       CDp       CM     Top_Xtr  Bot_Xtr  Top_Itr  Bot_Itr
  ------ -------- --------- --------- -------- -------- -------- -------- --------
   3.000   0.8217   0.02429  -0.00409  -0.1196   0.6769   1.0000  13.9176 101.0000
   3.500   0.8409   0.02536  -0.00411  -0.1137   0.6582   1.0000  14.6689 101.0000
   4.000   0.9298   0.02349  -0.00603  -0.1185   0.6510   1.0000  14.9595 101.0000
   4.500   0.9541   0.02441  -0.00619  -0.1134   0.6297   1.0000  15.8184 101.0000
   5.000   0.9882   0.02500  -0.00656  -0.1100   0.6078   1.0000  16.6995 101.0000
   5.500   1.0250   0.02553  -0.00699  -0.1071   0.5839   1.0000  17.6648 101.0000
   6.000   1.0581   0.02627  -0.00731  -0.1037   0.5570   1.0000  18.7590 101.0000
   6.500   1.0874   0.02725  -0.00749  -0.1000   0.5287   1.0000  19.9100 101.0000
   7.000   1.1060   0.02882  -0.00723  -0.0949   0.4984   1.0000  21.1520 101.0000
   7.500   1.1219   0.03066  -0.00675  -0.0897   0.4683   1.0000  22.3901 101.0000
   8.000   1.1404   0.03243  -0.00628  -0.0851   0.4408   1.0000  23.5349 101.0000
   8.500   1.1552   0.03451  -0.00558  -0.0802   0.4146   1.0000  24.6342 101.0000
   9.000   1.1727   0.03654  -0.00489  -0.0760   0.3902   1.0000  25.6669 101.0000
   9.500   1.1901   0.03867  -0.00408  -0.0720   0.3688   1.0000  26.5780 101.0000
  10.000   1.2091   0.04074  -0.00330  -0.0684   0.3498   1.0000  27.4011 101.0000
  10.500   1.2282   0.04287  -0.00249  -0.0650   0.3317   1.0000  28.1866 101.0000
  11.000   1.2440   0.04530  -0.00145  -0.0614   0.3145   1.0000  28.9462 101.0000
  11.500   1.2652   0.04747  -0.00054  -0.0587   0.3000   1.0000  29.5929 101.0000
  12.000   1.2839   0.04980   0.00046  -0.0558   0.2869   1.0000  30.1850 101.0000
  12.500   1.3022   0.05224   0.00155  -0.0531   0.2743   1.0000  30.7565 101.0000
  13.000   1.3217   0.05462   0.00260  -0.0507   0.2627   1.0000  31.2902 101.0000
  13.500   1.3367   0.05743   0.00396  -0.0481   0.2513   1.0000  31.8194 101.0000
  14.000   1.3567   0.05986   0.00507  -0.0461   0.2418   1.0000  32.2656 101.0000
  14.500   1.3716   0.06277   0.00657  -0.0439   0.2327   1.0000  32.6999 101.0000
  15.000   1.3909   0.06524   0.00765  -0.0421   0.2241   1.0000  33.1133 101.0000
