  
       XFOIL         Version 6.99
  
 Calculated polar for: 001299                                          
  
 1 1 Reynolds number fixed          Mach number fixed         
  
 xtrf =   1.000 (top)        1.000 (bottom)  
 Mach =   0.100     Re =     0.001 e 6     Ncrit =   9.000  9.000
  
   alpha    CL        CD       CDp       CM     Top_Xtr  Bot_Xtr  Top_Itr  Bot_Itr
  ------ -------- --------- --------- -------- -------- -------- -------- --------
   2.000  -0.0313   0.28527   0.14018  -0.0143   1.0000   1.0000   1.0000 101.0000
   2.500  -0.0328   0.28252   0.13772  -0.0133   1.0000   1.0000   1.0000 101.0000
   3.000  -0.0347   0.27970   0.13531  -0.0122   1.0000   1.0000   1.0000 101.0000
   3.500  -0.0368   0.27682   0.13294  -0.0111   1.0000   1.0000   1.0000 101.0000
   4.000  -0.0393   0.27387   0.13061  -0.0101   1.0000   1.0000   1.0000 101.0000
   4.500  -0.0421   0.27083   0.12830  -0.0090   1.0000   1.0000   1.0000 101.0000
   5.000  -0.0452   0.26772   0.12603  -0.0079   1.0000   1.0000   1.0000 101.0000
   5.500  -0.0485   0.26453   0.12380  -0.0068   1.0000   1.0000   1.0000 101.0000
   6.000  -0.0522   0.26124   0.12159  -0.0057   1.0000   1.0000   1.0000 101.0000
   6.500  -0.0561   0.25787   0.11940  -0.0046   1.0000   1.0000   1.0000 101.0000
   7.000  -0.0603   0.25440   0.11722  -0.0035   1.0000   1.0000   1.0000 101.0000
   7.500  -0.0646   0.25082   0.11506  -0.0024   1.0000   1.0000   1.0000 101.0000
   8.000  -0.0692   0.24715   0.11292  -0.0014   1.0000   1.0000   1.0000 101.0000
   8.500  -0.0738   0.24341   0.11080  -0.0003   1.0000   1.0000   1.0000 101.0000
   9.000  -0.0785   0.23963   0.10871   0.0006   1.0000   1.0000   1.0000 101.0000
   9.500  -0.0831   0.23585   0.10665   0.0016   1.0000   1.0000   1.0000 101.0000
  10.000  -0.0873   0.23213   0.10466   0.0024   1.0000   1.0000   1.0000 101.0000
  10.500  -0.0906   0.22856   0.10281   0.0030   1.0000   1.0000   1.0000 101.0000
  11.000  -0.0926   0.22519   0.10115   0.0033   1.0000   1.0000   1.0000 101.0000
  11.500  -0.0930   0.22210   0.09975   0.0033   1.0000   1.0000   1.0000 101.0000
  12.000  -0.0914   0.21933   0.09865   0.0029   1.0000   1.0000   1.0000 101.0000
  12.500  -0.0876   0.21694   0.09798   0.0021   1.0000   1.0000   1.0000 101.0000
  13.000  -0.0816   0.21496   0.09775   0.0008   1.0000   1.0000   1.0000 101.0000
  13.500  -0.0734   0.21339   0.09800  -0.0008   1.0000   1.0000   1.0000 101.0000
  14.000  -0.0629   0.21225   0.09876  -0.0028   1.0000   1.0000   1.0000 101.0000
  14.500  -0.0503   0.21153   0.10005  -0.0052   1.0000   1.0000   1.0000 101.0000
  15.000  -0.0359   0.21123   0.10186  -0.0079   1.0000   1.0000   1.0000 101.0000
