  
       XFOIL         Version 6.99
  
 Calculated polar for: 001298                                          
  
 1 1 Reynolds number fixed          Mach number fixed         
  
 xtrf =   1.000 (top)        1.000 (bottom)  
 Mach =   0.100     Re =     0.001 e 6     Ncrit =   9.000  9.000
  
   alpha    CL        CD       CDp       CM     Top_Xtr  Bot_Xtr  Top_Itr  Bot_Itr
  ------ -------- --------- --------- -------- -------- -------- -------- --------
   2.000  -0.1192   0.28702   0.19275  -0.0207   1.0000   1.0000   1.0000 101.0000
   2.500  -0.1239   0.28381   0.18883  -0.0194   1.0000   1.0000   1.0000 101.0000
   3.000  -0.1289   0.28051   0.18491  -0.0182   1.0000   1.0000   1.0000 101.0000
   3.500  -0.1342   0.27714   0.18102  -0.0169   1.0000   1.0000   1.0000 101.0000
   4.000  -0.1398   0.27370   0.17716  -0.0155   1.0000   1.0000   1.0000 101.0000
   4.500  -0.1455   0.27019   0.17331  -0.0142   1.0000   1.0000   1.0000 101.0000
   5.000  -0.1514   0.26662   0.16947  -0.0128   1.0000   1.0000   1.0000 101.0000
   5.500  -0.1574   0.26302   0.16566  -0.0114   1.0000   1.0000   1.0000 101.0000
   6.000  -0.1631   0.25942   0.16188  -0.0101   1.0000   1.0000   1.0000 101.0000
   6.500  -0.1686   0.25586   0.15815  -0.0087   1.0000   1.0000   1.0000 101.0000
   7.000  -0.1735   0.25237   0.15450  -0.0075   1.0000   1.0000   1.0000 101.0000
   7.500  -0.1773   0.24903   0.15100  -0.0064   1.0000   1.0000   1.0000 101.0000
   8.000  -0.1795   0.24593   0.14772  -0.0055   1.0000   1.0000   1.0000 101.0000
   8.500  -0.1796   0.24312   0.14475  -0.0049   1.0000   1.0000   1.0000 101.0000
   9.000  -0.1772   0.24064   0.14216  -0.0047   1.0000   1.0000   1.0000 101.0000
   9.500  -0.1722   0.23852   0.14001  -0.0048   1.0000   1.0000   1.0000 101.0000
  10.000  -0.1646   0.23677   0.13832  -0.0052   1.0000   1.0000   1.0000 101.0000
  10.500  -0.1546   0.23540   0.13717  -0.0060   1.0000   1.0000   1.0000 101.0000
  11.000  -0.1424   0.23438   0.13656  -0.0070   1.0000   1.0000   1.0000 101.0000
  11.500  -0.1282   0.23368   0.13647  -0.0082   1.0000   1.0000   1.0000 101.0000
  12.000  -0.1123   0.23330   0.13690  -0.0096   1.0000   1.0000   1.0000 101.0000
  12.500  -0.0949   0.23321   0.13785  -0.0112   1.0000   1.0000   1.0000 101.0000
  13.000  -0.0761   0.23338   0.13930  -0.0129   1.0000   1.0000   1.0000 101.0000
  13.500  -0.0562   0.23379   0.14124  -0.0148   1.0000   1.0000   1.0000 101.0000
  14.000  -0.0355   0.23443   0.14364  -0.0168   1.0000   1.0000   1.0000 101.0000
  14.500  -0.0138   0.23527   0.14646  -0.0188   1.0000   1.0000   1.0000 101.0000
  15.000   0.0084   0.23630   0.14977  -0.0210   1.0000   1.0000   1.0000 101.0000
