  
       XFOIL         Version 6.99
  
 Calculated polar for: 001391                                          
  
 1 1 Reynolds number fixed          Mach number fixed         
  
 xtrf =   1.000 (top)        1.000 (bottom)  
 Mach =   0.100     Re =     0.001 e 6     Ncrit =   9.000  9.000
  
   alpha    CL        CD       CDp       CM     Top_Xtr  Bot_Xtr  Top_Itr  Bot_Itr
  ------ -------- --------- --------- -------- -------- -------- -------- --------
   2.000  -0.0980   0.27830   0.17427  -0.0181   1.0000   1.0000   1.0000 101.0000
   2.500  -0.1033   0.27564   0.17116  -0.0166   1.0000   1.0000   1.0000 101.0000
   3.000  -0.1089   0.27293   0.16810  -0.0151   1.0000   1.0000   1.0000 101.0000
   3.500  -0.1146   0.27017   0.16508  -0.0135   1.0000   1.0000   1.0000 101.0000
   4.000  -0.1205   0.26737   0.16209  -0.0119   1.0000   1.0000   1.0000 101.0000
   4.500  -0.1264   0.26455   0.15914  -0.0103   1.0000   1.0000   1.0000 101.0000
   5.000  -0.1323   0.26171   0.15624  -0.0086   1.0000   1.0000   1.0000 101.0000
   5.500  -0.1380   0.25888   0.15338  -0.0070   1.0000   1.0000   1.0000 101.0000
   6.000  -0.1433   0.25607   0.15060  -0.0054   1.0000   1.0000   1.0000 101.0000
   6.500  -0.1481   0.25332   0.14789  -0.0038   1.0000   1.0000   1.0000 101.0000
   7.000  -0.1523   0.25067   0.14529  -0.0023   1.0000   1.0000   1.0000 101.0000
   7.500  -0.1554   0.24816   0.14285  -0.0009   1.0000   1.0000   1.0000 101.0000
   8.000  -0.1571   0.24583   0.14061   0.0003   1.0000   1.0000   1.0000 101.0000
   8.500  -0.1572   0.24371   0.13859   0.0014   1.0000   1.0000   1.0000 101.0000
   9.000  -0.1554   0.24183   0.13691   0.0021   1.0000   1.0000   1.0000 101.0000
   9.500  -0.1518   0.24021   0.13557   0.0027   1.0000   1.0000   1.0000 101.0000
  10.000  -0.1464   0.23884   0.13459   0.0030   1.0000   1.0000   1.0000 101.0000
  10.500  -0.1393   0.23772   0.13399   0.0031   1.0000   1.0000   1.0000 101.0000
  11.000  -0.1306   0.23684   0.13379   0.0031   1.0000   1.0000   1.0000 101.0000
  11.500  -0.1204   0.23621   0.13398   0.0028   1.0000   1.0000   1.0000 101.0000
  12.000  -0.1089   0.23579   0.13457   0.0024   1.0000   1.0000   1.0000 101.0000
  12.500  -0.0961   0.23559   0.13555   0.0018   1.0000   1.0000   1.0000 101.0000
  13.000  -0.0823   0.23558   0.13692   0.0010   1.0000   1.0000   1.0000 101.0000
  13.500  -0.0675   0.23576   0.13868   0.0002   1.0000   1.0000   1.0000 101.0000
  14.000  -0.0518   0.23612   0.14077  -0.0008   1.0000   1.0000   1.0000 101.0000
  14.500  -0.0354   0.23664   0.14328  -0.0019   1.0000   1.0000   1.0000 101.0000
  15.000  -0.0183   0.23731   0.14616  -0.0031   1.0000   1.0000   1.0000 101.0000
