  
       XFOIL         Version 6.99
  
 Calculated polar for: 001365                                          
  
 1 1 Reynolds number fixed          Mach number fixed         
  
 xtrf =   1.000 (top)        1.000 (bottom)  
 Mach =   0.100     Re =     0.001 e 6     Ncrit =   9.000  9.000
  
   alpha    CL        CD       CDp       CM     Top_Xtr  Bot_Xtr  Top_Itr  Bot_Itr
  ------ -------- --------- --------- -------- -------- -------- -------- --------
   2.000  -0.0425   0.29294   0.14155  -0.0140   1.0000   1.0000   1.0000 101.0000
   2.500  -0.0439   0.29020   0.13907  -0.0128   1.0000   1.0000   1.0000 101.0000
   3.000  -0.0455   0.28740   0.13664  -0.0117   1.0000   1.0000   1.0000 101.0000
   3.500  -0.0474   0.28455   0.13426  -0.0106   1.0000   1.0000   1.0000 101.0000
   4.000  -0.0496   0.28163   0.13190  -0.0094   1.0000   1.0000   1.0000 101.0000
   4.500  -0.0521   0.27866   0.12961  -0.0082   1.0000   1.0000   1.0000 101.0000
   5.000  -0.0548   0.27562   0.12735  -0.0070   1.0000   1.0000   1.0000 101.0000
   5.500  -0.0578   0.27250   0.12513  -0.0058   1.0000   1.0000   1.0000 101.0000
   6.000  -0.0610   0.26932   0.12294  -0.0046   1.0000   1.0000   1.0000 101.0000
   6.500  -0.0644   0.26605   0.12078  -0.0033   1.0000   1.0000   1.0000 101.0000
   7.000  -0.0681   0.26270   0.11864  -0.0021   1.0000   1.0000   1.0000 101.0000
   7.500  -0.0719   0.25927   0.11654  -0.0009   1.0000   1.0000   1.0000 101.0000
   8.000  -0.0759   0.25575   0.11447   0.0004   1.0000   1.0000   1.0000 101.0000
   8.500  -0.0800   0.25219   0.11244   0.0016   1.0000   1.0000   1.0000 101.0000
   9.000  -0.0842   0.24859   0.11044   0.0028   1.0000   1.0000   1.0000 101.0000
   9.500  -0.0882   0.24499   0.10847   0.0040   1.0000   1.0000   1.0000 101.0000
  10.000  -0.0922   0.24142   0.10656   0.0051   1.0000   1.0000   1.0000 101.0000
  10.500  -0.0957   0.23792   0.10472   0.0062   1.0000   1.0000   1.0000 101.0000
  11.000  -0.0985   0.23455   0.10298   0.0071   1.0000   1.0000   1.0000 101.0000
  11.500  -0.1002   0.23138   0.10144   0.0078   1.0000   1.0000   1.0000 101.0000
  12.000  -0.1007   0.22845   0.10014   0.0083   1.0000   1.0000   1.0000 101.0000
  12.500  -0.0996   0.22579   0.09910   0.0085   1.0000   1.0000   1.0000 101.0000
  13.000  -0.0970   0.22343   0.09837   0.0084   1.0000   1.0000   1.0000 101.0000
  13.500  -0.0927   0.22138   0.09798   0.0081   1.0000   1.0000   1.0000 101.0000
  14.000  -0.0869   0.21964   0.09795   0.0075   1.0000   1.0000   1.0000 101.0000
  14.500  -0.0795   0.21822   0.09830   0.0067   1.0000   1.0000   1.0000 101.0000
  15.000  -0.0708   0.21710   0.09902   0.0056   1.0000   1.0000   1.0000 101.0000
