  
       XFOIL         Version 6.99
  
 Calculated polar for: 001335                                          
  
 1 1 Reynolds number fixed          Mach number fixed         
  
 xtrf =   1.000 (top)        1.000 (bottom)  
 Mach =   0.100     Re =     0.001 e 6     Ncrit =   9.000  9.000
  
   alpha    CL        CD       CDp       CM     Top_Xtr  Bot_Xtr  Top_Itr  Bot_Itr
  ------ -------- --------- --------- -------- -------- -------- -------- --------
   2.000  -0.0559   0.28324   0.17676  -0.0196   1.0000   1.0000   1.0000 101.0000
   2.500  -0.0567   0.28071   0.17342  -0.0182   1.0000   1.0000   1.0000 101.0000
   3.000  -0.0580   0.27816   0.17016  -0.0168   1.0000   1.0000   1.0000 101.0000
   3.500  -0.0597   0.27558   0.16700  -0.0154   1.0000   1.0000   1.0000 101.0000
   4.000  -0.0617   0.27296   0.16391  -0.0139   1.0000   1.0000   1.0000 101.0000
   4.500  -0.0642   0.27030   0.16089  -0.0124   1.0000   1.0000   1.0000 101.0000
   5.000  -0.0671   0.26761   0.15796  -0.0109   1.0000   1.0000   1.0000 101.0000
   5.500  -0.0703   0.26489   0.15509  -0.0094   1.0000   1.0000   1.0000 101.0000
   6.000  -0.0740   0.26213   0.15229  -0.0078   1.0000   1.0000   1.0000 101.0000
   6.500  -0.0779   0.25934   0.14955  -0.0063   1.0000   1.0000   1.0000 101.0000
   7.000  -0.0821   0.25652   0.14686  -0.0047   1.0000   1.0000   1.0000 101.0000
   7.500  -0.0866   0.25369   0.14424  -0.0032   1.0000   1.0000   1.0000 101.0000
   8.000  -0.0910   0.25086   0.14167  -0.0017   1.0000   1.0000   1.0000 101.0000
   8.500  -0.0955   0.24806   0.13918  -0.0002   1.0000   1.0000   1.0000 101.0000
   9.000  -0.0997   0.24532   0.13677   0.0012   1.0000   1.0000   1.0000 101.0000
   9.500  -0.1033   0.24268   0.13450   0.0025   1.0000   1.0000   1.0000 101.0000
  10.000  -0.1058   0.24020   0.13243   0.0035   1.0000   1.0000   1.0000 101.0000
  10.500  -0.1068   0.23793   0.13062   0.0043   1.0000   1.0000   1.0000 101.0000
  11.000  -0.1059   0.23591   0.12912   0.0047   1.0000   1.0000   1.0000 101.0000
  11.500  -0.1031   0.23417   0.12798   0.0048   1.0000   1.0000   1.0000 101.0000
  12.000  -0.0981   0.23273   0.12730   0.0046   1.0000   1.0000   1.0000 101.0000
  12.500  -0.0910   0.23160   0.12708   0.0040   1.0000   1.0000   1.0000 101.0000
  13.000  -0.0819   0.23078   0.12734   0.0031   1.0000   1.0000   1.0000 101.0000
  13.500  -0.0710   0.23026   0.12810   0.0018   1.0000   1.0000   1.0000 101.0000
  14.000  -0.0582   0.23002   0.12937   0.0004   1.0000   1.0000   1.0000 101.0000
  14.500  -0.0440   0.23006   0.13115  -0.0013   1.0000   1.0000   1.0000 101.0000
  15.000  -0.0284   0.23037   0.13343  -0.0033   1.0000   1.0000   1.0000 101.0000
