  
       XFOIL         Version 6.99
  
 Calculated polar for: 001367                                          
  
 1 1 Reynolds number fixed          Mach number fixed         
  
 xtrf =   1.000 (top)        1.000 (bottom)  
 Mach =   0.100     Re =     0.001 e 6     Ncrit =   9.000  9.000
  
   alpha    CL        CD       CDp       CM     Top_Xtr  Bot_Xtr  Top_Itr  Bot_Itr
  ------ -------- --------- --------- -------- -------- -------- -------- --------
   2.000  -0.0493   0.28163   0.17355  -0.0190   1.0000   1.0000   1.0000 101.0000
   2.500  -0.0503   0.27920   0.17036  -0.0176   1.0000   1.0000   1.0000 101.0000
   3.000  -0.0517   0.27675   0.16728  -0.0161   1.0000   1.0000   1.0000 101.0000
   3.500  -0.0534   0.27427   0.16428  -0.0146   1.0000   1.0000   1.0000 101.0000
   4.000  -0.0557   0.27176   0.16136  -0.0131   1.0000   1.0000   1.0000 101.0000
   4.500  -0.0583   0.26921   0.15852  -0.0116   1.0000   1.0000   1.0000 101.0000
   5.000  -0.0613   0.26664   0.15577  -0.0101   1.0000   1.0000   1.0000 101.0000
   5.500  -0.0648   0.26403   0.15308  -0.0085   1.0000   1.0000   1.0000 101.0000
   6.000  -0.0686   0.26139   0.15046  -0.0069   1.0000   1.0000   1.0000 101.0000
   6.500  -0.0727   0.25872   0.14790  -0.0053   1.0000   1.0000   1.0000 101.0000
   7.000  -0.0771   0.25602   0.14539  -0.0037   1.0000   1.0000   1.0000 101.0000
   7.500  -0.0817   0.25332   0.14295  -0.0022   1.0000   1.0000   1.0000 101.0000
   8.000  -0.0864   0.25062   0.14057  -0.0006   1.0000   1.0000   1.0000 101.0000
   8.500  -0.0910   0.24794   0.13826   0.0009   1.0000   1.0000   1.0000 101.0000
   9.000  -0.0955   0.24532   0.13604   0.0024   1.0000   1.0000   1.0000 101.0000
   9.500  -0.0993   0.24281   0.13394   0.0037   1.0000   1.0000   1.0000 101.0000
  10.000  -0.1020   0.24044   0.13204   0.0048   1.0000   1.0000   1.0000 101.0000
  10.500  -0.1033   0.23827   0.13038   0.0056   1.0000   1.0000   1.0000 101.0000
  11.000  -0.1029   0.23633   0.12900   0.0061   1.0000   1.0000   1.0000 101.0000
  11.500  -0.1005   0.23466   0.12801   0.0063   1.0000   1.0000   1.0000 101.0000
  12.000  -0.0961   0.23327   0.12742   0.0062   1.0000   1.0000   1.0000 101.0000
  12.500  -0.0898   0.23217   0.12728   0.0057   1.0000   1.0000   1.0000 101.0000
  13.000  -0.0815   0.23137   0.12759   0.0049   1.0000   1.0000   1.0000 101.0000
  13.500  -0.0714   0.23085   0.12838   0.0039   1.0000   1.0000   1.0000 101.0000
  14.000  -0.0596   0.23060   0.12965   0.0026   1.0000   1.0000   1.0000 101.0000
  14.500  -0.0463   0.23061   0.13140   0.0010   1.0000   1.0000   1.0000 101.0000
  15.000  -0.0317   0.23087   0.13364  -0.0007   1.0000   1.0000   1.0000 101.0000
