  
       XFOIL         Version 6.99
  
 Calculated polar for: 001374                                          
  
 1 1 Reynolds number fixed          Mach number fixed         
  
 xtrf =   1.000 (top)        1.000 (bottom)  
 Mach =   0.100     Re =     0.300 e 6     Ncrit =   9.000  9.000
  
   alpha    CL        CD       CDp       CM     Top_Xtr  Bot_Xtr  Top_Itr  Bot_Itr
  ------ -------- --------- --------- -------- -------- -------- -------- --------
   2.500   0.4203   0.02904  -0.00726  -0.0629   0.6755   0.1672  13.9794  66.0073
   3.500   0.8042   0.02713  -0.00220  -0.1185   0.6773   1.0000  13.9075 101.0000
   5.000   0.9881   0.02495  -0.00579  -0.1204   0.6506   1.0000  14.9813 101.0000
   5.500   0.9973   0.02655  -0.00551  -0.1132   0.6302   1.0000  15.8025 101.0000
   6.000   1.0303   0.02726  -0.00580  -0.1098   0.6121   1.0000  16.5345 101.0000
   6.500   1.0866   0.02688  -0.00686  -0.1099   0.5961   1.0000  17.1775 101.0000
   7.000   1.1307   0.02709  -0.00757  -0.1083   0.5753   1.0000  18.0216 101.0000
   8.000   1.1756   0.02979  -0.00745  -0.0991   0.5246   1.0000  20.0853 101.0000
   8.500   1.1945   0.03145  -0.00714  -0.0943   0.4978   1.0000  21.1810 101.0000
   9.000   1.2113   0.03330  -0.00669  -0.0895   0.4707   1.0000  22.3013 101.0000
   9.500   1.2253   0.03542  -0.00603  -0.0845   0.4434   1.0000  23.4348 101.0000
  10.000   1.2419   0.03747  -0.00538  -0.0802   0.4181   1.0000  24.4922 101.0000
  10.500   1.2550   0.03983  -0.00447  -0.0756   0.3943   1.0000  25.4971 101.0000
  11.000   1.2700   0.04215  -0.00357  -0.0716   0.3714   1.0000  26.4768 101.0000
  11.500   1.2832   0.04470  -0.00247  -0.0675   0.3505   1.0000  27.3750 101.0000
  12.000   1.2991   0.04712  -0.00147  -0.0640   0.3318   1.0000  28.1903 101.0000
  13.000   1.3270   0.05250   0.00105  -0.0574   0.2972   1.0000  29.7287 101.0000
  13.500   1.3424   0.05519   0.00234  -0.0545   0.2823   1.0000  30.3988 101.0000
  14.000   1.3563   0.05799   0.00366  -0.0517   0.2683   1.0000  31.0373 101.0000
  14.500   1.3718   0.06083   0.00513  -0.0493   0.2562   1.0000  31.6020 101.0000
  15.000   1.3845   0.06386   0.00671  -0.0468   0.2442   1.0000  32.1619 101.0000
