  
       XFOIL         Version 6.99
  
 Calculated polar for: 001482                                          
  
 1 1 Reynolds number fixed          Mach number fixed         
  
 xtrf =   1.000 (top)        1.000 (bottom)  
 Mach =   0.100     Re =     0.001 e 6     Ncrit =   9.000  9.000
  
   alpha    CL        CD       CDp       CM     Top_Xtr  Bot_Xtr  Top_Itr  Bot_Itr
  ------ -------- --------- --------- -------- -------- -------- -------- --------
   2.000  -0.1283   0.26421   0.17172  -0.0126   1.0000   1.0000   1.0000 101.0000
   2.500  -0.1379   0.26123   0.16848  -0.0110   1.0000   1.0000   1.0000 101.0000
   3.000  -0.1469   0.25825   0.16523  -0.0096   1.0000   1.0000   1.0000 101.0000
   3.500  -0.1548   0.25532   0.16201  -0.0083   1.0000   1.0000   1.0000 101.0000
   4.000  -0.1613   0.25252   0.15886  -0.0072   1.0000   1.0000   1.0000 101.0000
   4.500  -0.1657   0.24994   0.15587  -0.0062   1.0000   1.0000   1.0000 101.0000
   5.000  -0.1676   0.24763   0.15313  -0.0056   1.0000   1.0000   1.0000 101.0000
   5.500  -0.1665   0.24565   0.15071  -0.0052   1.0000   1.0000   1.0000 101.0000
   6.000  -0.1626   0.24401   0.14869  -0.0052   1.0000   1.0000   1.0000 101.0000
   6.500  -0.1558   0.24273   0.14710  -0.0054   1.0000   1.0000   1.0000 101.0000
   7.000  -0.1464   0.24178   0.14597  -0.0059   1.0000   1.0000   1.0000 101.0000
   7.500  -0.1347   0.24115   0.14532  -0.0065   1.0000   1.0000   1.0000 101.0000
   8.000  -0.1210   0.24083   0.14515  -0.0074   1.0000   1.0000   1.0000 101.0000
   8.500  -0.1055   0.24078   0.14543  -0.0084   1.0000   1.0000   1.0000 101.0000
   9.000  -0.0885   0.24099   0.14621  -0.0095   1.0000   1.0000   1.0000 101.0000
   9.500  -0.0702   0.24144   0.14746  -0.0107   1.0000   1.0000   1.0000 101.0000
  10.000  -0.0508   0.24212   0.14917  -0.0120   1.0000   1.0000   1.0000 101.0000
  10.500  -0.0305   0.24300   0.15131  -0.0135   1.0000   1.0000   1.0000 101.0000
  11.000  -0.0094   0.24406   0.15389  -0.0150   1.0000   1.0000   1.0000 101.0000
  11.500   0.0124   0.24530   0.15687  -0.0165   1.0000   1.0000   1.0000 101.0000
  12.000   0.0346   0.24671   0.16026  -0.0182   1.0000   1.0000   1.0000 101.0000
  12.500   0.0573   0.24826   0.16403  -0.0199   1.0000   1.0000   1.0000 101.0000
  13.000   0.0803   0.24993   0.16812  -0.0216   1.0000   1.0000   1.0000 101.0000
  13.500   0.1036   0.25174   0.17263  -0.0234   1.0000   1.0000   1.0000 101.0000
  14.000   0.1270   0.25366   0.17749  -0.0252   1.0000   1.0000   1.0000 101.0000
  14.500   0.1504   0.25568   0.18269  -0.0271   1.0000   1.0000   1.0000 101.0000
  15.000   0.1739   0.25780   0.18821  -0.0290   1.0000   1.0000   1.0000 101.0000
