  
       XFOIL         Version 6.99
  
 Calculated polar for: 001543                                          
  
 1 1 Reynolds number fixed          Mach number fixed         
  
 xtrf =   1.000 (top)        1.000 (bottom)  
 Mach =   0.100     Re =     0.001 e 6     Ncrit =   9.000  9.000
  
   alpha    CL        CD       CDp       CM     Top_Xtr  Bot_Xtr  Top_Itr  Bot_Itr
  ------ -------- --------- --------- -------- -------- -------- -------- --------
   2.000   0.0013   0.27666   0.12754  -0.0112   1.0000   1.0000   1.0000 101.0000
   2.500  -0.0017   0.27458   0.12594  -0.0100   1.0000   1.0000   1.0000 101.0000
   3.000  -0.0052   0.27245   0.12438  -0.0088   1.0000   1.0000   1.0000 101.0000
   3.500  -0.0090   0.27026   0.12288  -0.0076   1.0000   1.0000   1.0000 101.0000
   4.000  -0.0133   0.26801   0.12140  -0.0064   1.0000   1.0000   1.0000 101.0000
   4.500  -0.0179   0.26569   0.11996  -0.0051   1.0000   1.0000   1.0000 101.0000
   5.000  -0.0229   0.26329   0.11854  -0.0039   1.0000   1.0000   1.0000 101.0000
   5.500  -0.0282   0.26081   0.11713  -0.0027   1.0000   1.0000   1.0000 101.0000
   6.000  -0.0339   0.25823   0.11572  -0.0015   1.0000   1.0000   1.0000 101.0000
   6.500  -0.0398   0.25555   0.11431  -0.0003   1.0000   1.0000   1.0000 101.0000
   7.000  -0.0459   0.25277   0.11289   0.0008   1.0000   1.0000   1.0000 101.0000
   7.500  -0.0522   0.24989   0.11146   0.0020   1.0000   1.0000   1.0000 101.0000
   8.000  -0.0586   0.24692   0.11002   0.0031   1.0000   1.0000   1.0000 101.0000
   8.500  -0.0649   0.24384   0.10856   0.0041   1.0000   1.0000   1.0000 101.0000
   9.000  -0.0712   0.24067   0.10708   0.0052   1.0000   1.0000   1.0000 101.0000
   9.500  -0.0772   0.23748   0.10563   0.0061   1.0000   1.0000   1.0000 101.0000
  10.000  -0.0826   0.23433   0.10422   0.0069   1.0000   1.0000   1.0000 101.0000
  10.500  -0.0870   0.23127   0.10289   0.0075   1.0000   1.0000   1.0000 101.0000
  11.000  -0.0900   0.22840   0.10174   0.0078   1.0000   1.0000   1.0000 101.0000
  11.500  -0.0914   0.22576   0.10082   0.0079   1.0000   1.0000   1.0000 101.0000
  12.000  -0.0910   0.22339   0.10017   0.0076   1.0000   1.0000   1.0000 101.0000
  12.500  -0.0886   0.22133   0.09983   0.0070   1.0000   1.0000   1.0000 101.0000
  13.000  -0.0842   0.21960   0.09986   0.0060   1.0000   1.0000   1.0000 101.0000
  13.500  -0.0779   0.21821   0.10028   0.0047   1.0000   1.0000   1.0000 101.0000
  14.000  -0.0696   0.21717   0.10110   0.0032   1.0000   1.0000   1.0000 101.0000
  14.500  -0.0596   0.21646   0.10234   0.0013   1.0000   1.0000   1.0000 101.0000
  15.000  -0.0481   0.21607   0.10400  -0.0008   1.0000   1.0000   1.0000 101.0000
