  
       XFOIL         Version 6.99
  
 Calculated polar for: 001629                                          
  
 1 1 Reynolds number fixed          Mach number fixed         
  
 xtrf =   1.000 (top)        1.000 (bottom)  
 Mach =   0.100     Re =     0.001 e 6     Ncrit =   9.000  9.000
  
   alpha    CL        CD       CDp       CM     Top_Xtr  Bot_Xtr  Top_Itr  Bot_Itr
  ------ -------- --------- --------- -------- -------- -------- -------- --------
   2.000  -0.0440   0.28296   0.17126  -0.0173   1.0000   1.0000   1.0000 101.0000
   2.500  -0.0447   0.28075   0.16836  -0.0158   1.0000   1.0000   1.0000 101.0000
   3.000  -0.0459   0.27852   0.16557  -0.0142   1.0000   1.0000   1.0000 101.0000
   3.500  -0.0474   0.27627   0.16288  -0.0126   1.0000   1.0000   1.0000 101.0000
   4.000  -0.0493   0.27402   0.16030  -0.0110   1.0000   1.0000   1.0000 101.0000
   4.500  -0.0517   0.27175   0.15780  -0.0094   1.0000   1.0000   1.0000 101.0000
   5.000  -0.0544   0.26946   0.15540  -0.0077   1.0000   1.0000   1.0000 101.0000
   5.500  -0.0575   0.26715   0.15308  -0.0060   1.0000   1.0000   1.0000 101.0000
   6.000  -0.0609   0.26483   0.15084  -0.0043   1.0000   1.0000   1.0000 101.0000
   6.500  -0.0647   0.26249   0.14868  -0.0026   1.0000   1.0000   1.0000 101.0000
   7.000  -0.0687   0.26013   0.14658  -0.0008   1.0000   1.0000   1.0000 101.0000
   7.500  -0.0729   0.25777   0.14456   0.0009   1.0000   1.0000   1.0000 101.0000
   8.000  -0.0772   0.25542   0.14261   0.0026   1.0000   1.0000   1.0000 101.0000
   8.500  -0.0814   0.25309   0.14074   0.0043   1.0000   1.0000   1.0000 101.0000
   9.000  -0.0856   0.25079   0.13895   0.0060   1.0000   1.0000   1.0000 101.0000
   9.500  -0.0895   0.24855   0.13727   0.0075   1.0000   1.0000   1.0000 101.0000
  10.000  -0.0928   0.24641   0.13571   0.0090   1.0000   1.0000   1.0000 101.0000
  10.500  -0.0952   0.24439   0.13431   0.0103   1.0000   1.0000   1.0000 101.0000
  11.000  -0.0965   0.24254   0.13315   0.0115   1.0000   1.0000   1.0000 101.0000
  11.500  -0.0965   0.24088   0.13225   0.0123   1.0000   1.0000   1.0000 101.0000
  12.000  -0.0950   0.23942   0.13166   0.0130   1.0000   1.0000   1.0000 101.0000
  12.500  -0.0919   0.23818   0.13139   0.0134   1.0000   1.0000   1.0000 101.0000
  13.000  -0.0874   0.23717   0.13148   0.0135   1.0000   1.0000   1.0000 101.0000
  13.500  -0.0814   0.23638   0.13194   0.0134   1.0000   1.0000   1.0000 101.0000
  14.000  -0.0740   0.23580   0.13278   0.0131   1.0000   1.0000   1.0000 101.0000
  14.500  -0.0653   0.23543   0.13400   0.0125   1.0000   1.0000   1.0000 101.0000
  15.000  -0.0554   0.23527   0.13562   0.0118   1.0000   1.0000   1.0000 101.0000
