  
       XFOIL         Version 6.99
  
 Calculated polar for: 001693                                          
  
 1 1 Reynolds number fixed          Mach number fixed         
  
 xtrf =   1.000 (top)        1.000 (bottom)  
 Mach =   0.100     Re =     0.001 e 6     Ncrit =   9.000  9.000
  
   alpha    CL        CD       CDp       CM     Top_Xtr  Bot_Xtr  Top_Itr  Bot_Itr
  ------ -------- --------- --------- -------- -------- -------- -------- --------
   2.000  -0.1152   0.28512   0.18874  -0.0203   1.0000   1.0000   1.0000 101.0000
   2.500  -0.1201   0.28200   0.18497  -0.0190   1.0000   1.0000   1.0000 101.0000
   3.000  -0.1253   0.27880   0.18120  -0.0177   1.0000   1.0000   1.0000 101.0000
   3.500  -0.1307   0.27553   0.17747  -0.0163   1.0000   1.0000   1.0000 101.0000
   4.000  -0.1364   0.27220   0.17376  -0.0150   1.0000   1.0000   1.0000 101.0000
   4.500  -0.1423   0.26880   0.17007  -0.0135   1.0000   1.0000   1.0000 101.0000
   5.000  -0.1483   0.26536   0.16640  -0.0121   1.0000   1.0000   1.0000 101.0000
   5.500  -0.1542   0.26190   0.16275  -0.0107   1.0000   1.0000   1.0000 101.0000
   6.000  -0.1599   0.25845   0.15915  -0.0093   1.0000   1.0000   1.0000 101.0000
   6.500  -0.1653   0.25503   0.15561  -0.0079   1.0000   1.0000   1.0000 101.0000
   7.000  -0.1701   0.25170   0.15216  -0.0066   1.0000   1.0000   1.0000 101.0000
   7.500  -0.1737   0.24854   0.14885  -0.0054   1.0000   1.0000   1.0000 101.0000
   8.000  -0.1757   0.24561   0.14578  -0.0045   1.0000   1.0000   1.0000 101.0000
   8.500  -0.1756   0.24295   0.14301  -0.0039   1.0000   1.0000   1.0000 101.0000
   9.000  -0.1732   0.24062   0.14062  -0.0035   1.0000   1.0000   1.0000 101.0000
   9.500  -0.1683   0.23862   0.13861  -0.0035   1.0000   1.0000   1.0000 101.0000
  10.000  -0.1610   0.23697   0.13711  -0.0038   1.0000   1.0000   1.0000 101.0000
  10.500  -0.1514   0.23567   0.13609  -0.0044   1.0000   1.0000   1.0000 101.0000
  11.000  -0.1398   0.23469   0.13557  -0.0052   1.0000   1.0000   1.0000 101.0000
  11.500  -0.1263   0.23403   0.13555  -0.0062   1.0000   1.0000   1.0000 101.0000
  12.000  -0.1112   0.23365   0.13603  -0.0074   1.0000   1.0000   1.0000 101.0000
  12.500  -0.0946   0.23354   0.13699  -0.0088   1.0000   1.0000   1.0000 101.0000
  13.000  -0.0769   0.23369   0.13843  -0.0103   1.0000   1.0000   1.0000 101.0000
  13.500  -0.0580   0.23406   0.14034  -0.0119   1.0000   1.0000   1.0000 101.0000
  14.000  -0.0383   0.23465   0.14269  -0.0137   1.0000   1.0000   1.0000 101.0000
  14.500  -0.0177   0.23543   0.14544  -0.0156   1.0000   1.0000   1.0000 101.0000
  15.000   0.0035   0.23639   0.14867  -0.0175   1.0000   1.0000   1.0000 101.0000
