  
       XFOIL         Version 6.99
  
 Calculated polar for: 001625                                          
  
 1 1 Reynolds number fixed          Mach number fixed         
  
 xtrf =   1.000 (top)        1.000 (bottom)  
 Mach =   0.100     Re =     0.001 e 6     Ncrit =   9.000  9.000
  
   alpha    CL        CD       CDp       CM     Top_Xtr  Bot_Xtr  Top_Itr  Bot_Itr
  ------ -------- --------- --------- -------- -------- -------- -------- --------
   2.000  -0.0217   0.27225   0.13283  -0.0088   1.0000   1.0000   1.0000 101.0000
   2.500  -0.0279   0.27009   0.13125  -0.0075   1.0000   1.0000   1.0000 101.0000
   3.000  -0.0345   0.26782   0.12964  -0.0062   1.0000   1.0000   1.0000 101.0000
   3.500  -0.0414   0.26543   0.12798  -0.0049   1.0000   1.0000   1.0000 101.0000
   4.000  -0.0485   0.26292   0.12628  -0.0037   1.0000   1.0000   1.0000 101.0000
   4.500  -0.0560   0.26029   0.12454  -0.0024   1.0000   1.0000   1.0000 101.0000
   5.000  -0.0635   0.25756   0.12276  -0.0012   1.0000   1.0000   1.0000 101.0000
   5.500  -0.0710   0.25475   0.12093   0.0000   1.0000   1.0000   1.0000 101.0000
   6.000  -0.0783   0.25189   0.11907   0.0011   1.0000   1.0000   1.0000 101.0000
   6.500  -0.0851   0.24901   0.11720   0.0021   1.0000   1.0000   1.0000 101.0000
   7.000  -0.0910   0.24619   0.11537   0.0029   1.0000   1.0000   1.0000 101.0000
   7.500  -0.0954   0.24350   0.11364   0.0035   1.0000   1.0000   1.0000 101.0000
   8.000  -0.0977   0.24103   0.11211   0.0037   1.0000   1.0000   1.0000 101.0000
   8.500  -0.0977   0.23887   0.11083   0.0035   1.0000   1.0000   1.0000 101.0000
   9.000  -0.0950   0.23705   0.10987   0.0028   1.0000   1.0000   1.0000 101.0000
   9.500  -0.0898   0.23561   0.10928   0.0019   1.0000   1.0000   1.0000 101.0000
  10.000  -0.0822   0.23457   0.10909   0.0005   1.0000   1.0000   1.0000 101.0000
  10.500  -0.0722   0.23391   0.10932  -0.0011   1.0000   1.0000   1.0000 101.0000
  11.000  -0.0603   0.23363   0.10996  -0.0030   1.0000   1.0000   1.0000 101.0000
  11.500  -0.0466   0.23371   0.11107  -0.0051   1.0000   1.0000   1.0000 101.0000
  12.000  -0.0314   0.23414   0.11260  -0.0074   1.0000   1.0000   1.0000 101.0000
  12.500  -0.0149   0.23489   0.11456  -0.0099   1.0000   1.0000   1.0000 101.0000
  13.000   0.0025   0.23594   0.11694  -0.0125   1.0000   1.0000   1.0000 101.0000
  13.500   0.0209   0.23727   0.11970  -0.0151   1.0000   1.0000   1.0000 101.0000
  14.000   0.0398   0.23886   0.12286  -0.0179   1.0000   1.0000   1.0000 101.0000
  14.500   0.0593   0.24069   0.12637  -0.0207   1.0000   1.0000   1.0000 101.0000
  15.000   0.0792   0.24285   0.13025  -0.0236   1.0000   1.0000   1.0000 101.0000
