  
       XFOIL         Version 6.99
  
 Calculated polar for: 001741                                          
  
 1 1 Reynolds number fixed          Mach number fixed         
  
 xtrf =   1.000 (top)        1.000 (bottom)  
 Mach =   0.100     Re =     0.001 e 6     Ncrit =   9.000  9.000
  
   alpha    CL        CD       CDp       CM     Top_Xtr  Bot_Xtr  Top_Itr  Bot_Itr
  ------ -------- --------- --------- -------- -------- -------- -------- --------
   2.000   0.0269   0.25649   0.14752  -0.0139   1.0000   1.0000   1.0000 101.0000
   2.500   0.0244   0.25483   0.14576  -0.0125   1.0000   1.0000   1.0000 101.0000
   3.000   0.0210   0.25316   0.14410  -0.0111   1.0000   1.0000   1.0000 101.0000
   3.500   0.0168   0.25149   0.14256  -0.0097   1.0000   1.0000   1.0000 101.0000
   4.000   0.0119   0.24979   0.14110  -0.0082   1.0000   1.0000   1.0000 101.0000
   4.500   0.0063   0.24807   0.13972  -0.0067   1.0000   1.0000   1.0000 101.0000
   5.000  -0.0000   0.24630   0.13840  -0.0053   1.0000   1.0000   1.0000 101.0000
   5.500  -0.0069   0.24449   0.13711  -0.0038   1.0000   1.0000   1.0000 101.0000
   6.000  -0.0144   0.24262   0.13585  -0.0024   1.0000   1.0000   1.0000 101.0000
   6.500  -0.0223   0.24071   0.13460  -0.0010   1.0000   1.0000   1.0000 101.0000
   7.000  -0.0305   0.23874   0.13336   0.0003   1.0000   1.0000   1.0000 101.0000
   7.500  -0.0388   0.23673   0.13211   0.0016   1.0000   1.0000   1.0000 101.0000
   8.000  -0.0473   0.23468   0.13086   0.0028   1.0000   1.0000   1.0000 101.0000
   8.500  -0.0553   0.23265   0.12963   0.0039   1.0000   1.0000   1.0000 101.0000
   9.000  -0.0623   0.23067   0.12848   0.0047   1.0000   1.0000   1.0000 101.0000
   9.500  -0.0680   0.22879   0.12746   0.0052   1.0000   1.0000   1.0000 101.0000
  10.000  -0.0717   0.22706   0.12666   0.0052   1.0000   1.0000   1.0000 101.0000
  10.500  -0.0731   0.22553   0.12614   0.0049   1.0000   1.0000   1.0000 101.0000
  11.000  -0.0720   0.22425   0.12599   0.0040   1.0000   1.0000   1.0000 101.0000
  11.500  -0.0680   0.22324   0.12624   0.0027   1.0000   1.0000   1.0000 101.0000
  12.000  -0.0613   0.22255   0.12701   0.0008   1.0000   1.0000   1.0000 101.0000
  12.500  -0.0517   0.22218   0.12833  -0.0015   1.0000   1.0000   1.0000 101.0000
  13.000  -0.0394   0.22215   0.13022  -0.0043   1.0000   1.0000   1.0000 101.0000
  13.500  -0.0245   0.22246   0.13272  -0.0074   1.0000   1.0000   1.0000 101.0000
  14.000  -0.0073   0.22309   0.13584  -0.0110   1.0000   1.0000   1.0000 101.0000
  14.500   0.0120   0.22405   0.13958  -0.0148   1.0000   1.0000   1.0000 101.0000
  15.000   0.0332   0.22531   0.14393  -0.0189   1.0000   1.0000   1.0000 101.0000
