  
       XFOIL         Version 6.99
  
 Calculated polar for: 001762                                          
  
 1 1 Reynolds number fixed          Mach number fixed         
  
 xtrf =   1.000 (top)        1.000 (bottom)  
 Mach =   0.100     Re =     0.001 e 6     Ncrit =   9.000  9.000
  
   alpha    CL        CD       CDp       CM     Top_Xtr  Bot_Xtr  Top_Itr  Bot_Itr
  ------ -------- --------- --------- -------- -------- -------- -------- --------
   2.000  -0.0043   0.27608   0.13110  -0.0124   1.0000   1.0000   1.0000 101.0000
   2.500  -0.0068   0.27377   0.12922  -0.0113   1.0000   1.0000   1.0000 101.0000
   3.000  -0.0096   0.27141   0.12738  -0.0102   1.0000   1.0000   1.0000 101.0000
   3.500  -0.0129   0.26898   0.12559  -0.0090   1.0000   1.0000   1.0000 101.0000
   4.000  -0.0165   0.26648   0.12382  -0.0079   1.0000   1.0000   1.0000 101.0000
   4.500  -0.0205   0.26391   0.12209  -0.0068   1.0000   1.0000   1.0000 101.0000
   5.000  -0.0248   0.26126   0.12039  -0.0056   1.0000   1.0000   1.0000 101.0000
   5.500  -0.0295   0.25851   0.11870  -0.0045   1.0000   1.0000   1.0000 101.0000
   6.000  -0.0345   0.25567   0.11703  -0.0034   1.0000   1.0000   1.0000 101.0000
   6.500  -0.0397   0.25273   0.11536  -0.0023   1.0000   1.0000   1.0000 101.0000
   7.000  -0.0452   0.24969   0.11369  -0.0012   1.0000   1.0000   1.0000 101.0000
   7.500  -0.0509   0.24656   0.11202  -0.0002   1.0000   1.0000   1.0000 101.0000
   8.000  -0.0567   0.24332   0.11034   0.0009   1.0000   1.0000   1.0000 101.0000
   8.500  -0.0626   0.23999   0.10865   0.0018   1.0000   1.0000   1.0000 101.0000
   9.000  -0.0684   0.23658   0.10697   0.0028   1.0000   1.0000   1.0000 101.0000
   9.500  -0.0740   0.23316   0.10532   0.0036   1.0000   1.0000   1.0000 101.0000
  10.000  -0.0788   0.22980   0.10374   0.0042   1.0000   1.0000   1.0000 101.0000
  10.500  -0.0826   0.22658   0.10230   0.0046   1.0000   1.0000   1.0000 101.0000
  11.000  -0.0848   0.22356   0.10107   0.0047   1.0000   1.0000   1.0000 101.0000
  11.500  -0.0851   0.22081   0.10006   0.0044   1.0000   1.0000   1.0000 101.0000
  12.000  -0.0833   0.21840   0.09943   0.0036   1.0000   1.0000   1.0000 101.0000
  12.500  -0.0793   0.21635   0.09920   0.0025   1.0000   1.0000   1.0000 101.0000
  13.000  -0.0729   0.21470   0.09941   0.0009   1.0000   1.0000   1.0000 101.0000
  13.500  -0.0641   0.21346   0.10011  -0.0011   1.0000   1.0000   1.0000 101.0000
  14.000  -0.0531   0.21263   0.10132  -0.0035   1.0000   1.0000   1.0000 101.0000
  14.500  -0.0399   0.21223   0.10306  -0.0062   1.0000   1.0000   1.0000 101.0000
  15.000  -0.0249   0.21224   0.10533  -0.0093   1.0000   1.0000   1.0000 101.0000
