  
       XFOIL         Version 6.99
  
 Calculated polar for: 001767                                          
  
 1 1 Reynolds number fixed          Mach number fixed         
  
 xtrf =   1.000 (top)        1.000 (bottom)  
 Mach =   0.100     Re =     0.001 e 6     Ncrit =   9.000  9.000
  
   alpha    CL        CD       CDp       CM     Top_Xtr  Bot_Xtr  Top_Itr  Bot_Itr
  ------ -------- --------- --------- -------- -------- -------- -------- --------
   2.000   0.0409   0.26247   0.11887  -0.0068   1.0000   1.0000   1.0000 101.0000
   2.500   0.0350   0.26131   0.11839  -0.0055   1.0000   1.0000   1.0000 101.0000
   3.000   0.0285   0.26010   0.11795  -0.0043   1.0000   1.0000   1.0000 101.0000
   3.500   0.0214   0.25883   0.11751  -0.0031   1.0000   1.0000   1.0000 101.0000
   4.000   0.0137   0.25748   0.11706  -0.0019   1.0000   1.0000   1.0000 101.0000
   4.500   0.0057   0.25603   0.11659  -0.0007   1.0000   1.0000   1.0000 101.0000
   5.000  -0.0027   0.25447   0.11607   0.0004   1.0000   1.0000   1.0000 101.0000
   5.500  -0.0113   0.25277   0.11549   0.0016   1.0000   1.0000   1.0000 101.0000
   6.000  -0.0200   0.25093   0.11484   0.0026   1.0000   1.0000   1.0000 101.0000
   6.500  -0.0288   0.24893   0.11411   0.0037   1.0000   1.0000   1.0000 101.0000
   7.000  -0.0376   0.24678   0.11330   0.0047   1.0000   1.0000   1.0000 101.0000
   7.500  -0.0462   0.24448   0.11240   0.0056   1.0000   1.0000   1.0000 101.0000
   8.000  -0.0547   0.24204   0.11142   0.0065   1.0000   1.0000   1.0000 101.0000
   8.500  -0.0629   0.23947   0.11036   0.0074   1.0000   1.0000   1.0000 101.0000
   9.000  -0.0707   0.23681   0.10925   0.0082   1.0000   1.0000   1.0000 101.0000
   9.500  -0.0777   0.23409   0.10812   0.0088   1.0000   1.0000   1.0000 101.0000
  10.000  -0.0836   0.23137   0.10704   0.0092   1.0000   1.0000   1.0000 101.0000
  10.500  -0.0881   0.22874   0.10604   0.0094   1.0000   1.0000   1.0000 101.0000
  11.000  -0.0908   0.22629   0.10524   0.0093   1.0000   1.0000   1.0000 101.0000
  11.500  -0.0916   0.22407   0.10468   0.0088   1.0000   1.0000   1.0000 101.0000
  12.000  -0.0902   0.22212   0.10441   0.0080   1.0000   1.0000   1.0000 101.0000
  12.500  -0.0867   0.22048   0.10448   0.0069   1.0000   1.0000   1.0000 101.0000
  13.000  -0.0810   0.21918   0.10493   0.0054   1.0000   1.0000   1.0000 101.0000
  13.500  -0.0732   0.21822   0.10579   0.0035   1.0000   1.0000   1.0000 101.0000
  14.000  -0.0634   0.21761   0.10707   0.0014   1.0000   1.0000   1.0000 101.0000
  14.500  -0.0518   0.21734   0.10880  -0.0010   1.0000   1.0000   1.0000 101.0000
  15.000  -0.0385   0.21741   0.11096  -0.0037   1.0000   1.0000   1.0000 101.0000
