  
       XFOIL         Version 6.99
  
 Calculated polar for: 001892                                          
  
 1 1 Reynolds number fixed          Mach number fixed         
  
 xtrf =   1.000 (top)        1.000 (bottom)  
 Mach =   0.100     Re =     0.001 e 6     Ncrit =   9.000  9.000
  
   alpha    CL        CD       CDp       CM     Top_Xtr  Bot_Xtr  Top_Itr  Bot_Itr
  ------ -------- --------- --------- -------- -------- -------- -------- --------
   2.000   0.0478   0.26101   0.11796  -0.0048   1.0000   1.0000   1.0000 101.0000
   2.500   0.0405   0.26024   0.11790  -0.0036   1.0000   1.0000   1.0000 101.0000
   3.000   0.0325   0.25942   0.11785  -0.0023   1.0000   1.0000   1.0000 101.0000
   3.500   0.0239   0.25854   0.11777  -0.0011   1.0000   1.0000   1.0000 101.0000
   4.000   0.0149   0.25755   0.11766   0.0001   1.0000   1.0000   1.0000 101.0000
   4.500   0.0056   0.25645   0.11747   0.0013   1.0000   1.0000   1.0000 101.0000
   5.000  -0.0038   0.25520   0.11721   0.0024   1.0000   1.0000   1.0000 101.0000
   5.500  -0.0134   0.25378   0.11684   0.0035   1.0000   1.0000   1.0000 101.0000
   6.000  -0.0229   0.25220   0.11638   0.0046   1.0000   1.0000   1.0000 101.0000
   6.500  -0.0322   0.25045   0.11580   0.0056   1.0000   1.0000   1.0000 101.0000
   7.000  -0.0414   0.24852   0.11513   0.0066   1.0000   1.0000   1.0000 101.0000
   7.500  -0.0504   0.24643   0.11435   0.0075   1.0000   1.0000   1.0000 101.0000
   8.000  -0.0590   0.24418   0.11347   0.0084   1.0000   1.0000   1.0000 101.0000
   8.500  -0.0673   0.24180   0.11251   0.0093   1.0000   1.0000   1.0000 101.0000
   9.000  -0.0752   0.23931   0.11148   0.0101   1.0000   1.0000   1.0000 101.0000
   9.500  -0.0823   0.23674   0.11040   0.0108   1.0000   1.0000   1.0000 101.0000
  10.000  -0.0883   0.23417   0.10937   0.0113   1.0000   1.0000   1.0000 101.0000
  10.500  -0.0931   0.23165   0.10843   0.0116   1.0000   1.0000   1.0000 101.0000
  11.000  -0.0962   0.22927   0.10763   0.0117   1.0000   1.0000   1.0000 101.0000
  11.500  -0.0975   0.22710   0.10704   0.0114   1.0000   1.0000   1.0000 101.0000
  12.000  -0.0970   0.22517   0.10671   0.0109   1.0000   1.0000   1.0000 101.0000
  12.500  -0.0944   0.22351   0.10667   0.0101   1.0000   1.0000   1.0000 101.0000
  13.000  -0.0898   0.22215   0.10697   0.0089   1.0000   1.0000   1.0000 101.0000
  13.500  -0.0833   0.22109   0.10762   0.0075   1.0000   1.0000   1.0000 101.0000
  14.000  -0.0751   0.22034   0.10866   0.0058   1.0000   1.0000   1.0000 101.0000
  14.500  -0.0651   0.21990   0.11008   0.0039   1.0000   1.0000   1.0000 101.0000
  15.000  -0.0537   0.21975   0.11190   0.0017   1.0000   1.0000   1.0000 101.0000
