  
       XFOIL         Version 6.99
  
 Calculated polar for: 001966                                          
  
 1 1 Reynolds number fixed          Mach number fixed         
  
 xtrf =   1.000 (top)        1.000 (bottom)  
 Mach =   0.100     Re =     0.001 e 6     Ncrit =   9.000  9.000
  
   alpha    CL        CD       CDp       CM     Top_Xtr  Bot_Xtr  Top_Itr  Bot_Itr
  ------ -------- --------- --------- -------- -------- -------- -------- --------
   2.000  -0.1420   0.27310   0.15480  -0.0200   1.0000   1.0000   1.0000 101.0000
   2.500  -0.1449   0.26847   0.15074  -0.0192   1.0000   1.0000   1.0000 101.0000
   3.000  -0.1480   0.26369   0.14667  -0.0184   1.0000   1.0000   1.0000 101.0000
   3.500  -0.1514   0.25878   0.14259  -0.0176   1.0000   1.0000   1.0000 101.0000
   4.000  -0.1549   0.25372   0.13851  -0.0168   1.0000   1.0000   1.0000 101.0000
   4.500  -0.1586   0.24857   0.13442  -0.0160   1.0000   1.0000   1.0000 101.0000
   5.000  -0.1623   0.24334   0.13032  -0.0153   1.0000   1.0000   1.0000 101.0000
   5.500  -0.1660   0.23809   0.12624  -0.0145   1.0000   1.0000   1.0000 101.0000
   6.000  -0.1693   0.23291   0.12219  -0.0139   1.0000   1.0000   1.0000 101.0000
   6.500  -0.1714   0.22793   0.11827  -0.0136   1.0000   1.0000   1.0000 101.0000
   7.000  -0.1714   0.22326   0.11455  -0.0138   1.0000   1.0000   1.0000 101.0000
   7.500  -0.1683   0.21908   0.11122  -0.0146   1.0000   1.0000   1.0000 101.0000
   8.000  -0.1614   0.21549   0.10837  -0.0162   1.0000   1.0000   1.0000 101.0000
   8.500  -0.1500   0.21260   0.10613  -0.0187   1.0000   1.0000   1.0000 101.0000
   9.000  -0.1337   0.21046   0.10459  -0.0220   1.0000   1.0000   1.0000 101.0000
   9.500  -0.1123   0.20914   0.10386  -0.0262   1.0000   1.0000   1.0000 101.0000
  10.000  -0.0862   0.20863   0.10396  -0.0312   1.0000   1.0000   1.0000 101.0000
  10.500  -0.0558   0.20893   0.10491  -0.0368   1.0000   1.0000   1.0000 101.0000
  11.000  -0.0215   0.21013   0.10665  -0.0429   1.0000   1.0000   1.0000 101.0000
  11.500   0.0152   0.21204   0.10917  -0.0492   1.0000   1.0000   1.0000 101.0000
  12.000   0.0536   0.21444   0.11232  -0.0555   1.0000   1.0000   1.0000 101.0000
  12.500   0.0926   0.21724   0.11597  -0.0616   1.0000   1.0000   1.0000 101.0000
  13.000   0.1315   0.22037   0.12005  -0.0675   1.0000   1.0000   1.0000 101.0000
  13.500   0.1697   0.22375   0.12446  -0.0730   1.0000   1.0000   1.0000 101.0000
  14.000   0.2070   0.22733   0.12916  -0.0782   1.0000   1.0000   1.0000 101.0000
  14.500   0.2430   0.23106   0.13410  -0.0830   1.0000   1.0000   1.0000 101.0000
  15.000   0.2781   0.23494   0.13913  -0.0876   1.0000   1.0000   1.0000 101.0000
