  
       XFOIL         Version 6.99
  
 Calculated polar for: 001970                                          
  
 1 1 Reynolds number fixed          Mach number fixed         
  
 xtrf =   1.000 (top)        1.000 (bottom)  
 Mach =   0.100     Re =     0.001 e 6     Ncrit =   9.000  9.000
  
   alpha    CL        CD       CDp       CM     Top_Xtr  Bot_Xtr  Top_Itr  Bot_Itr
  ------ -------- --------- --------- -------- -------- -------- -------- --------
   2.000  -0.2033   0.21437   0.10824  -0.0400   1.0000   1.0000   1.0000 101.0000
   2.500  -0.1751   0.21353   0.10472  -0.0414   1.0000   1.0000   1.0000 101.0000
   3.000  -0.1449   0.21311   0.10187  -0.0427   1.0000   1.0000   1.0000 101.0000
   3.500  -0.1134   0.21303   0.09955  -0.0438   1.0000   1.0000   1.0000 101.0000
   4.000  -0.0811   0.21323   0.09772  -0.0447   1.0000   1.0000   1.0000 101.0000
   4.500  -0.0483   0.21369   0.09635  -0.0454   1.0000   1.0000   1.0000 101.0000
   5.000  -0.0155   0.21435   0.09541  -0.0460   1.0000   1.0000   1.0000 101.0000
   5.500   0.0172   0.21520   0.09488  -0.0464   1.0000   1.0000   1.0000 101.0000
   6.000   0.0500   0.21619   0.09458  -0.0467   1.0000   1.0000   1.0000 101.0000
   6.500   0.0821   0.21734   0.09480  -0.0469   1.0000   1.0000   1.0000 101.0000
   7.000   0.1138   0.21861   0.09538  -0.0469   1.0000   1.0000   1.0000 101.0000
   7.500   0.1450   0.22000   0.09630  -0.0468   1.0000   1.0000   1.0000 101.0000
   8.000   0.1755   0.22149   0.09753  -0.0467   1.0000   1.0000   1.0000 101.0000
   8.500   0.2054   0.22307   0.09905  -0.0465   1.0000   1.0000   1.0000 101.0000
   9.000   0.2348   0.22474   0.10087  -0.0463   1.0000   1.0000   1.0000 101.0000
   9.500   0.2634   0.22649   0.10294  -0.0460   1.0000   1.0000   1.0000 101.0000
  10.000   0.2918   0.22831   0.10503  -0.0457   1.0000   1.0000   1.0000 101.0000
  10.500   0.3194   0.23022   0.10770  -0.0454   1.0000   1.0000   1.0000 101.0000
  11.000   0.3463   0.23220   0.11065  -0.0451   1.0000   1.0000   1.0000 101.0000
  11.500   0.3726   0.23425   0.11387  -0.0449   1.0000   1.0000   1.0000 101.0000
  12.000   0.3983   0.23637   0.11737  -0.0446   1.0000   1.0000   1.0000 101.0000
  12.500   0.4233   0.23855   0.12112  -0.0444   1.0000   1.0000   1.0000 101.0000
  13.000   0.4477   0.24080   0.12514  -0.0443   1.0000   1.0000   1.0000 101.0000
  13.500   0.4715   0.24309   0.12906  -0.0442   1.0000   1.0000   1.0000 101.0000
  14.000   0.4949   0.24545   0.13354  -0.0441   1.0000   1.0000   1.0000 101.0000
  14.500   0.5176   0.24788   0.13832  -0.0441   1.0000   1.0000   1.0000 101.0000
  15.000   0.5398   0.25036   0.14338  -0.0442   1.0000   1.0000   1.0000 101.0000
