  
       XFOIL         Version 6.99
  
 Calculated polar for: 001978                                          
  
 1 1 Reynolds number fixed          Mach number fixed         
  
 xtrf =   1.000 (top)        1.000 (bottom)  
 Mach =   0.100     Re =     0.001 e 6     Ncrit =   9.000  9.000
  
   alpha    CL        CD       CDp       CM     Top_Xtr  Bot_Xtr  Top_Itr  Bot_Itr
  ------ -------- --------- --------- -------- -------- -------- -------- --------
   2.000  -0.2370   0.25889   0.17855  -0.0194   1.0000   1.0000   1.0000 101.0000
   2.500  -0.2425   0.25450   0.17325  -0.0187   1.0000   1.0000   1.0000 101.0000
   3.000  -0.2457   0.25039   0.16812  -0.0183   1.0000   1.0000   1.0000 101.0000
   3.500  -0.2454   0.24667   0.16325  -0.0185   1.0000   1.0000   1.0000 101.0000
   4.000  -0.2410   0.24348   0.15886  -0.0192   1.0000   1.0000   1.0000 101.0000
   4.500  -0.2321   0.24085   0.15502  -0.0205   1.0000   1.0000   1.0000 101.0000
   5.000  -0.2189   0.23880   0.15182  -0.0222   1.0000   1.0000   1.0000 101.0000
   5.500  -0.2016   0.23731   0.14928  -0.0243   1.0000   1.0000   1.0000 101.0000
   6.000  -0.1809   0.23634   0.14742  -0.0267   1.0000   1.0000   1.0000 101.0000
   6.500  -0.1574   0.23584   0.14624  -0.0292   1.0000   1.0000   1.0000 101.0000
   7.000  -0.1316   0.23575   0.14570  -0.0319   1.0000   1.0000   1.0000 101.0000
   7.500  -0.1040   0.23604   0.14578  -0.0346   1.0000   1.0000   1.0000 101.0000
   8.000  -0.0751   0.23666   0.14645  -0.0373   1.0000   1.0000   1.0000 101.0000
   8.500  -0.0450   0.23755   0.14760  -0.0400   1.0000   1.0000   1.0000 101.0000
   9.000  -0.0143   0.23870   0.14937  -0.0427   1.0000   1.0000   1.0000 101.0000
   9.500   0.0168   0.24008   0.15163  -0.0453   1.0000   1.0000   1.0000 101.0000
  10.000   0.0481   0.24165   0.15435  -0.0479   1.0000   1.0000   1.0000 101.0000
  10.500   0.0796   0.24339   0.15751  -0.0505   1.0000   1.0000   1.0000 101.0000
  11.000   0.1109   0.24528   0.16107  -0.0530   1.0000   1.0000   1.0000 101.0000
  11.500   0.1421   0.24731   0.16500  -0.0554   1.0000   1.0000   1.0000 101.0000
  12.000   0.1731   0.24945   0.16928  -0.0578   1.0000   1.0000   1.0000 101.0000
  12.500   0.2039   0.25170   0.17379  -0.0601   1.0000   1.0000   1.0000 101.0000
  13.000   0.2343   0.25404   0.17875  -0.0624   1.0000   1.0000   1.0000 101.0000
  13.500   0.2641   0.25648   0.18401  -0.0646   1.0000   1.0000   1.0000 101.0000
  14.000   0.2935   0.25905   0.18957  -0.0668   1.0000   1.0000   1.0000 101.0000
  14.500   0.3224   0.26168   0.19540  -0.0689   1.0000   1.0000   1.0000 101.0000
  15.000   0.3507   0.26436   0.20147  -0.0710   1.0000   1.0000   1.0000 101.0000
