  
       XFOIL         Version 6.99
  
 Calculated polar for: 001982                                          
  
 1 1 Reynolds number fixed          Mach number fixed         
  
 xtrf =   1.000 (top)        1.000 (bottom)  
 Mach =   0.100     Re =     0.001 e 6     Ncrit =   9.000  9.000
  
   alpha    CL        CD       CDp       CM     Top_Xtr  Bot_Xtr  Top_Itr  Bot_Itr
  ------ -------- --------- --------- -------- -------- -------- -------- --------
   2.000  -0.1463   0.30699   0.17938  -0.0165   1.0000   1.0000   1.0000 101.0000
   2.500  -0.1497   0.30230   0.17523  -0.0159   1.0000   1.0000   1.0000 101.0000
   3.000  -0.1533   0.29749   0.17107  -0.0153   1.0000   1.0000   1.0000 101.0000
   3.500  -0.1570   0.29255   0.16688  -0.0147   1.0000   1.0000   1.0000 101.0000
   4.000  -0.1610   0.28748   0.16268  -0.0140   1.0000   1.0000   1.0000 101.0000
   4.500  -0.1651   0.28229   0.15846  -0.0133   1.0000   1.0000   1.0000 101.0000
   5.000  -0.1693   0.27700   0.15422  -0.0126   1.0000   1.0000   1.0000 101.0000
   5.500  -0.1737   0.27161   0.14996  -0.0118   1.0000   1.0000   1.0000 101.0000
   6.000  -0.1782   0.26613   0.14566  -0.0110   1.0000   1.0000   1.0000 101.0000
   6.500  -0.1827   0.26062   0.14139  -0.0103   1.0000   1.0000   1.0000 101.0000
   7.000  -0.1871   0.25512   0.13713  -0.0095   1.0000   1.0000   1.0000 101.0000
   7.500  -0.1912   0.24967   0.13290  -0.0087   1.0000   1.0000   1.0000 101.0000
   8.000  -0.1946   0.24438   0.12875  -0.0080   1.0000   1.0000   1.0000 101.0000
   8.500  -0.1968   0.23936   0.12478  -0.0075   1.0000   1.0000   1.0000 101.0000
   9.000  -0.1970   0.23474   0.12110  -0.0074   1.0000   1.0000   1.0000 101.0000
   9.500  -0.1947   0.23060   0.11779  -0.0075   1.0000   1.0000   1.0000 101.0000
  10.000  -0.1896   0.22701   0.11494  -0.0081   1.0000   1.0000   1.0000 101.0000
  10.500  -0.1818   0.22399   0.11259  -0.0090   1.0000   1.0000   1.0000 101.0000
  11.000  -0.1712   0.22152   0.11077  -0.0103   1.0000   1.0000   1.0000 101.0000
  11.500  -0.1581   0.21956   0.10946  -0.0118   1.0000   1.0000   1.0000 101.0000
  12.000  -0.1429   0.21810   0.10872  -0.0136   1.0000   1.0000   1.0000 101.0000
  12.500  -0.1258   0.21708   0.10851  -0.0155   1.0000   1.0000   1.0000 101.0000
  13.000  -0.1073   0.21646   0.10880  -0.0176   1.0000   1.0000   1.0000 101.0000
  13.500  -0.0875   0.21619   0.10957  -0.0198   1.0000   1.0000   1.0000 101.0000
  14.000  -0.0667   0.21624   0.11078  -0.0220   1.0000   1.0000   1.0000 101.0000
  14.500  -0.0452   0.21658   0.11240  -0.0243   1.0000   1.0000   1.0000 101.0000
  15.000  -0.0232   0.21718   0.11442  -0.0266   1.0000   1.0000   1.0000 101.0000
