  
       XFOIL         Version 6.99
  
 Calculated polar for: 001964                                          
  
 1 1 Reynolds number fixed          Mach number fixed         
  
 xtrf =   1.000 (top)        1.000 (bottom)  
 Mach =   0.100     Re =     0.001 e 6     Ncrit =   9.000  9.000
  
   alpha    CL        CD       CDp       CM     Top_Xtr  Bot_Xtr  Top_Itr  Bot_Itr
  ------ -------- --------- --------- -------- -------- -------- -------- --------
   2.000   0.0664   0.16919   0.03485  -0.0431   1.0000   1.0000   1.0000 101.0000
   2.500   0.1031   0.16956   0.03435  -0.0447   1.0000   1.0000   1.0000 101.0000
   3.000   0.1400   0.17029   0.03430  -0.0461   1.0000   1.0000   1.0000 101.0000
   3.500   0.1766   0.17133   0.03469  -0.0474   1.0000   1.0000   1.0000 101.0000
   4.000   0.2127   0.17266   0.03528  -0.0487   1.0000   1.0000   1.0000 101.0000
   4.500   0.2481   0.17429   0.03653  -0.0499   1.0000   1.0000   1.0000 101.0000
   5.000   0.2823   0.17621   0.03823  -0.0511   1.0000   1.0000   1.0000 101.0000
   5.500   0.3153   0.17840   0.04035  -0.0522   1.0000   1.0000   1.0000 101.0000
   6.000   0.3467   0.18087   0.04289  -0.0533   1.0000   1.0000   1.0000 101.0000
   6.500   0.3765   0.18361   0.04584  -0.0544   1.0000   1.0000   1.0000 101.0000
   7.000   0.4046   0.18662   0.04918  -0.0555   1.0000   1.0000   1.0000 101.0000
   7.500   0.4309   0.18989   0.05279  -0.0568   1.0000   1.0000   1.0000 101.0000
   8.000   0.4554   0.19343   0.05684  -0.0581   1.0000   1.0000   1.0000 101.0000
   8.500   0.4781   0.19723   0.06127  -0.0594   1.0000   1.0000   1.0000 101.0000
   9.000   0.4990   0.20128   0.06607  -0.0609   1.0000   1.0000   1.0000 101.0000
   9.500   0.5181   0.20557   0.07121  -0.0626   1.0000   1.0000   1.0000 101.0000
  10.000   0.5357   0.21009   0.07668  -0.0643   1.0000   1.0000   1.0000 101.0000
  10.500   0.5519   0.21480   0.08248  -0.0662   1.0000   1.0000   1.0000 101.0000
  11.000   0.5668   0.21971   0.08858  -0.0683   1.0000   1.0000   1.0000 101.0000
  11.500   0.5808   0.22477   0.09496  -0.0705   1.0000   1.0000   1.0000 101.0000
  12.000   0.5940   0.22998   0.10174  -0.0728   1.0000   1.0000   1.0000 101.0000
  12.500   0.6065   0.23529   0.10864  -0.0752   1.0000   1.0000   1.0000 101.0000
  13.000   0.6187   0.24071   0.11576  -0.0777   1.0000   1.0000   1.0000 101.0000
  13.500   0.6305   0.24623   0.12311  -0.0804   1.0000   1.0000   1.0000 101.0000
  14.000   0.6421   0.25183   0.13068  -0.0831   1.0000   1.0000   1.0000 101.0000
  14.500   0.6536   0.25751   0.13848  -0.0859   1.0000   1.0000   1.0000 101.0000
  15.000   0.6650   0.26327   0.14650  -0.0887   1.0000   1.0000   1.0000 101.0000
