  
       XFOIL         Version 6.99
  
 Calculated polar for: 001983                                          
  
 1 1 Reynolds number fixed          Mach number fixed         
  
 xtrf =   1.000 (top)        1.000 (bottom)  
 Mach =   0.100     Re =     0.001 e 6     Ncrit =   9.000  9.000
  
   alpha    CL        CD       CDp       CM     Top_Xtr  Bot_Xtr  Top_Itr  Bot_Itr
  ------ -------- --------- --------- -------- -------- -------- -------- --------
   2.000  -0.2087   0.31255   0.26254  -0.0173   1.0000   1.0000   1.0000 101.0000
   2.500  -0.2142   0.30778   0.25651  -0.0168   1.0000   1.0000   1.0000 101.0000
   3.000  -0.2199   0.30285   0.25043  -0.0162   1.0000   1.0000   1.0000 101.0000
   3.500  -0.2260   0.29775   0.24428  -0.0155   1.0000   1.0000   1.0000 101.0000
   4.000  -0.2323   0.29251   0.23812  -0.0149   1.0000   1.0000   1.0000 101.0000
   4.500  -0.2389   0.28713   0.23190  -0.0142   1.0000   1.0000   1.0000 101.0000
   5.000  -0.2457   0.28164   0.22563  -0.0135   1.0000   1.0000   1.0000 101.0000
   5.500  -0.2524   0.27606   0.21933  -0.0128   1.0000   1.0000   1.0000 101.0000
   6.000  -0.2590   0.27047   0.21303  -0.0123   1.0000   1.0000   1.0000 101.0000
   6.500  -0.2650   0.26494   0.20675  -0.0118   1.0000   1.0000   1.0000 101.0000
   7.000  -0.2696   0.25964   0.20065  -0.0116   1.0000   1.0000   1.0000 101.0000
   7.500  -0.2715   0.25472   0.19488  -0.0120   1.0000   1.0000   1.0000 101.0000
   8.000  -0.2697   0.25034   0.18963  -0.0129   1.0000   1.0000   1.0000 101.0000
   8.500  -0.2636   0.24661   0.18508  -0.0146   1.0000   1.0000   1.0000 101.0000
   9.000  -0.2527   0.24360   0.18135  -0.0170   1.0000   1.0000   1.0000 101.0000
   9.500  -0.2371   0.24133   0.17853  -0.0200   1.0000   1.0000   1.0000 101.0000
  10.000  -0.2170   0.23975   0.17661  -0.0235   1.0000   1.0000   1.0000 101.0000
  10.500  -0.1933   0.23883   0.17566  -0.0274   1.0000   1.0000   1.0000 101.0000
  11.000  -0.1664   0.23849   0.17557  -0.0315   1.0000   1.0000   1.0000 101.0000
  11.500  -0.1373   0.23865   0.17630  -0.0357   1.0000   1.0000   1.0000 101.0000
  12.000  -0.1063   0.23923   0.17777  -0.0399   1.0000   1.0000   1.0000 101.0000
  12.500  -0.0741   0.24017   0.17991  -0.0441   1.0000   1.0000   1.0000 101.0000
  13.000  -0.0410   0.24141   0.18267  -0.0483   1.0000   1.0000   1.0000 101.0000
  13.500  -0.0075   0.24291   0.18599  -0.0523   1.0000   1.0000   1.0000 101.0000
  14.000   0.0265   0.24468   0.18975  -0.0563   1.0000   1.0000   1.0000 101.0000
  14.500   0.0604   0.24674   0.19406  -0.0601   1.0000   1.0000   1.0000 101.0000
  15.000   0.0941   0.24892   0.19879  -0.0638   1.0000   1.0000   1.0000 101.0000
