  
       XFOIL         Version 6.99
  
 Calculated polar for: 001943                                          
  
 1 1 Reynolds number fixed          Mach number fixed         
  
 xtrf =   1.000 (top)        1.000 (bottom)  
 Mach =   0.100     Re =     0.001 e 6     Ncrit =   9.000  9.000
  
   alpha    CL        CD       CDp       CM     Top_Xtr  Bot_Xtr  Top_Itr  Bot_Itr
  ------ -------- --------- --------- -------- -------- -------- -------- --------
   2.000  -0.2372   0.23554   0.13682  -0.0264   1.0000   1.0000   1.0000 101.0000
   2.500  -0.2352   0.23225   0.13207  -0.0263   1.0000   1.0000   1.0000 101.0000
   3.000  -0.2289   0.22947   0.12775  -0.0267   1.0000   1.0000   1.0000 101.0000
   3.500  -0.2183   0.22720   0.12391  -0.0275   1.0000   1.0000   1.0000 101.0000
   4.000  -0.2036   0.22543   0.12061  -0.0286   1.0000   1.0000   1.0000 101.0000
   4.500  -0.1856   0.22413   0.11786  -0.0300   1.0000   1.0000   1.0000 101.0000
   5.000  -0.1647   0.22326   0.11568  -0.0315   1.0000   1.0000   1.0000 101.0000
   5.500  -0.1414   0.22278   0.11406  -0.0331   1.0000   1.0000   1.0000 101.0000
   6.000  -0.1164   0.22265   0.11299  -0.0347   1.0000   1.0000   1.0000 101.0000
   6.500  -0.0899   0.22283   0.11244  -0.0364   1.0000   1.0000   1.0000 101.0000
   7.000  -0.0621   0.22327   0.11233  -0.0381   1.0000   1.0000   1.0000 101.0000
   7.500  -0.0337   0.22398   0.11279  -0.0397   1.0000   1.0000   1.0000 101.0000
   8.000  -0.0048   0.22491   0.11372  -0.0413   1.0000   1.0000   1.0000 101.0000
   8.500   0.0246   0.22603   0.11508  -0.0430   1.0000   1.0000   1.0000 101.0000
   9.000   0.0541   0.22735   0.11686  -0.0445   1.0000   1.0000   1.0000 101.0000
   9.500   0.0836   0.22882   0.11904  -0.0461   1.0000   1.0000   1.0000 101.0000
  10.000   0.1131   0.23045   0.12158  -0.0476   1.0000   1.0000   1.0000 101.0000
  10.500   0.1426   0.23220   0.12438  -0.0491   1.0000   1.0000   1.0000 101.0000
  11.000   0.1718   0.23408   0.12764  -0.0506   1.0000   1.0000   1.0000 101.0000
  11.500   0.2007   0.23607   0.13125  -0.0520   1.0000   1.0000   1.0000 101.0000
  12.000   0.2293   0.23818   0.13518  -0.0535   1.0000   1.0000   1.0000 101.0000
  12.500   0.2575   0.24045   0.13941  -0.0549   1.0000   1.0000   1.0000 101.0000
  13.000   0.2852   0.24279   0.14394  -0.0563   1.0000   1.0000   1.0000 101.0000
  13.500   0.3125   0.24521   0.14875  -0.0577   1.0000   1.0000   1.0000 101.0000
  14.000   0.3393   0.24769   0.15369  -0.0591   1.0000   1.0000   1.0000 101.0000
  14.500   0.3657   0.25024   0.15903  -0.0605   1.0000   1.0000   1.0000 101.0000
  15.000   0.3916   0.25284   0.16464  -0.0619   1.0000   1.0000   1.0000 101.0000
