  
       XFOIL         Version 6.99
  
 Calculated polar for: 001979                                          
  
 1 1 Reynolds number fixed          Mach number fixed         
  
 xtrf =   1.000 (top)        1.000 (bottom)  
 Mach =   0.100     Re =     0.001 e 6     Ncrit =   9.000  9.000
  
   alpha    CL        CD       CDp       CM     Top_Xtr  Bot_Xtr  Top_Itr  Bot_Itr
  ------ -------- --------- --------- -------- -------- -------- -------- --------
   2.000  -0.2017   0.24621   0.10583  -0.0242   1.0000   1.0000   1.0000 101.0000
   2.500  -0.2017   0.24135   0.10117  -0.0231   1.0000   1.0000   1.0000 101.0000
   3.000  -0.2019   0.23648   0.09655  -0.0219   1.0000   1.0000   1.0000 101.0000
   3.500  -0.2021   0.23164   0.09198  -0.0206   1.0000   1.0000   1.0000 101.0000
   4.000  -0.2019   0.22691   0.08753  -0.0194   1.0000   1.0000   1.0000 101.0000
   4.500  -0.2013   0.22230   0.08309  -0.0183   1.0000   1.0000   1.0000 101.0000
   5.000  -0.1991   0.21797   0.07878  -0.0173   1.0000   1.0000   1.0000 101.0000
   5.500  -0.1944   0.21402   0.07468  -0.0167   1.0000   1.0000   1.0000 101.0000
   6.000  -0.1866   0.21053   0.07086  -0.0164   1.0000   1.0000   1.0000 101.0000
   6.500  -0.1752   0.20756   0.06738  -0.0166   1.0000   1.0000   1.0000 101.0000
   7.000  -0.1603   0.20510   0.06429  -0.0172   1.0000   1.0000   1.0000 101.0000
   7.500  -0.1421   0.20314   0.06162  -0.0180   1.0000   1.0000   1.0000 101.0000
   8.000  -0.1211   0.20164   0.05940  -0.0190   1.0000   1.0000   1.0000 101.0000
   8.500  -0.0977   0.20057   0.05764  -0.0202   1.0000   1.0000   1.0000 101.0000
   9.000  -0.0725   0.19989   0.05633  -0.0215   1.0000   1.0000   1.0000 101.0000
   9.500  -0.0459   0.19955   0.05548  -0.0228   1.0000   1.0000   1.0000 101.0000
  10.000  -0.0183   0.19951   0.05503  -0.0242   1.0000   1.0000   1.0000 101.0000
  10.500   0.0100   0.19977   0.05507  -0.0255   1.0000   1.0000   1.0000 101.0000
  11.000   0.0387   0.20027   0.05553  -0.0268   1.0000   1.0000   1.0000 101.0000
  11.500   0.0674   0.20106   0.05643  -0.0282   1.0000   1.0000   1.0000 101.0000
  12.000   0.0960   0.20213   0.05774  -0.0295   1.0000   1.0000   1.0000 101.0000
  12.500   0.1243   0.20336   0.05946  -0.0308   1.0000   1.0000   1.0000 101.0000
  13.000   0.1521   0.20474   0.06158  -0.0322   1.0000   1.0000   1.0000 101.0000
  13.500   0.1791   0.20627   0.06410  -0.0335   1.0000   1.0000   1.0000 101.0000
  14.000   0.2053   0.20793   0.06700  -0.0348   1.0000   1.0000   1.0000 101.0000
  14.500   0.2306   0.20972   0.07020  -0.0362   1.0000   1.0000   1.0000 101.0000
  15.000   0.2549   0.21165   0.07389  -0.0375   1.0000   1.0000   1.0000 101.0000
