  
       XFOIL         Version 6.99
  
 Calculated polar for: 002003                                          
  
 1 1 Reynolds number fixed          Mach number fixed         
  
 xtrf =   1.000 (top)        1.000 (bottom)  
 Mach =   0.100     Re =     0.001 e 6     Ncrit =   9.000  9.000
  
   alpha    CL        CD       CDp       CM     Top_Xtr  Bot_Xtr  Top_Itr  Bot_Itr
  ------ -------- --------- --------- -------- -------- -------- -------- --------
   2.000  -0.0773   0.29877   0.14756  -0.0151   1.0000   1.0000   1.0000 101.0000
   2.500  -0.0785   0.29559   0.14460  -0.0141   1.0000   1.0000   1.0000 101.0000
   3.000  -0.0799   0.29236   0.14169  -0.0130   1.0000   1.0000   1.0000 101.0000
   3.500  -0.0814   0.28907   0.13881  -0.0118   1.0000   1.0000   1.0000 101.0000
   4.000  -0.0832   0.28573   0.13598  -0.0107   1.0000   1.0000   1.0000 101.0000
   4.500  -0.0851   0.28232   0.13319  -0.0095   1.0000   1.0000   1.0000 101.0000
   5.000  -0.0872   0.27884   0.13044  -0.0083   1.0000   1.0000   1.0000 101.0000
   5.500  -0.0895   0.27529   0.12772  -0.0071   1.0000   1.0000   1.0000 101.0000
   6.000  -0.0919   0.27168   0.12505  -0.0058   1.0000   1.0000   1.0000 101.0000
   6.500  -0.0944   0.26801   0.12244  -0.0045   1.0000   1.0000   1.0000 101.0000
   7.000  -0.0971   0.26428   0.11987  -0.0033   1.0000   1.0000   1.0000 101.0000
   7.500  -0.0999   0.26052   0.11734  -0.0019   1.0000   1.0000   1.0000 101.0000
   8.000  -0.1026   0.25674   0.11487  -0.0006   1.0000   1.0000   1.0000 101.0000
   8.500  -0.1054   0.25295   0.11246   0.0007   1.0000   1.0000   1.0000 101.0000
   9.000  -0.1080   0.24920   0.11011   0.0020   1.0000   1.0000   1.0000 101.0000
   9.500  -0.1105   0.24549   0.10783   0.0032   1.0000   1.0000   1.0000 101.0000
  10.000  -0.1126   0.24186   0.10564   0.0045   1.0000   1.0000   1.0000 101.0000
  10.500  -0.1142   0.23838   0.10358   0.0056   1.0000   1.0000   1.0000 101.0000
  11.000  -0.1148   0.23507   0.10169   0.0066   1.0000   1.0000   1.0000 101.0000
  11.500  -0.1144   0.23199   0.10002   0.0074   1.0000   1.0000   1.0000 101.0000
  12.000  -0.1127   0.22916   0.09857   0.0081   1.0000   1.0000   1.0000 101.0000
  12.500  -0.1097   0.22662   0.09744   0.0084   1.0000   1.0000   1.0000 101.0000
  13.000  -0.1053   0.22436   0.09663   0.0086   1.0000   1.0000   1.0000 101.0000
  13.500  -0.0995   0.22239   0.09614   0.0086   1.0000   1.0000   1.0000 101.0000
  14.000  -0.0925   0.22070   0.09600   0.0083   1.0000   1.0000   1.0000 101.0000
  14.500  -0.0843   0.21928   0.09620   0.0079   1.0000   1.0000   1.0000 101.0000
  15.000  -0.0750   0.21812   0.09674   0.0073   1.0000   1.0000   1.0000 101.0000
