  
       XFOIL         Version 6.99
  
 Calculated polar for: 002095                                          
  
 1 1 Reynolds number fixed          Mach number fixed         
  
 xtrf =   1.000 (top)        1.000 (bottom)  
 Mach =   0.100     Re =     0.001 e 6     Ncrit =   9.000  9.000
  
   alpha    CL        CD       CDp       CM     Top_Xtr  Bot_Xtr  Top_Itr  Bot_Itr
  ------ -------- --------- --------- -------- -------- -------- -------- --------
   2.000  -0.1699   0.29952   0.20689  -0.0250   1.0000   1.0000   1.0000 101.0000
   2.500  -0.1694   0.29585   0.20161  -0.0239   1.0000   1.0000   1.0000 101.0000
   3.000  -0.1691   0.29212   0.19639  -0.0228   1.0000   1.0000   1.0000 101.0000
   3.500  -0.1690   0.28835   0.19124  -0.0216   1.0000   1.0000   1.0000 101.0000
   4.000  -0.1691   0.28453   0.18616  -0.0204   1.0000   1.0000   1.0000 101.0000
   4.500  -0.1695   0.28066   0.18114  -0.0191   1.0000   1.0000   1.0000 101.0000
   5.000  -0.1700   0.27676   0.17618  -0.0178   1.0000   1.0000   1.0000 101.0000
   5.500  -0.1708   0.27282   0.17129  -0.0165   1.0000   1.0000   1.0000 101.0000
   6.000  -0.1717   0.26886   0.16646  -0.0151   1.0000   1.0000   1.0000 101.0000
   6.500  -0.1728   0.26488   0.16169  -0.0137   1.0000   1.0000   1.0000 101.0000
   7.000  -0.1740   0.26090   0.15700  -0.0122   1.0000   1.0000   1.0000 101.0000
   7.500  -0.1751   0.25695   0.15240  -0.0108   1.0000   1.0000   1.0000 101.0000
   8.000  -0.1760   0.25307   0.14790  -0.0094   1.0000   1.0000   1.0000 101.0000
   8.500  -0.1765   0.24929   0.14352  -0.0080   1.0000   1.0000   1.0000 101.0000
   9.000  -0.1763   0.24567   0.13932  -0.0068   1.0000   1.0000   1.0000 101.0000
   9.500  -0.1749   0.24229   0.13537  -0.0057   1.0000   1.0000   1.0000 101.0000
  10.000  -0.1716   0.23921   0.13174  -0.0050   1.0000   1.0000   1.0000 101.0000
  10.500  -0.1662   0.23647   0.12852  -0.0045   1.0000   1.0000   1.0000 101.0000
  11.000  -0.1584   0.23411   0.12575  -0.0044   1.0000   1.0000   1.0000 101.0000
  11.500  -0.1482   0.23215   0.12350  -0.0047   1.0000   1.0000   1.0000 101.0000
  12.000  -0.1356   0.23057   0.12178  -0.0053   1.0000   1.0000   1.0000 101.0000
  12.500  -0.1208   0.22938   0.12059  -0.0062   1.0000   1.0000   1.0000 101.0000
  13.000  -0.1040   0.22855   0.11999  -0.0074   1.0000   1.0000   1.0000 101.0000
  13.500  -0.0855   0.22807   0.11996  -0.0088   1.0000   1.0000   1.0000 101.0000
  14.000  -0.0654   0.22790   0.12048  -0.0104   1.0000   1.0000   1.0000 101.0000
  14.500  -0.0441   0.22803   0.12155  -0.0121   1.0000   1.0000   1.0000 101.0000
  15.000  -0.0217   0.22843   0.12315  -0.0140   1.0000   1.0000   1.0000 101.0000
