  
       XFOIL         Version 6.99
  
 Calculated polar for: 002039                                          
  
 1 1 Reynolds number fixed          Mach number fixed         
  
 xtrf =   1.000 (top)        1.000 (bottom)  
 Mach =   0.100     Re =     0.001 e 6     Ncrit =   9.000  9.000
  
   alpha    CL        CD       CDp       CM     Top_Xtr  Bot_Xtr  Top_Itr  Bot_Itr
  ------ -------- --------- --------- -------- -------- -------- -------- --------
   2.000  -0.1170   0.30898   0.17271  -0.0164   1.0000   1.0000   1.0000 101.0000
   2.500  -0.1188   0.30491   0.16893  -0.0157   1.0000   1.0000   1.0000 101.0000
   3.000  -0.1208   0.30074   0.16514  -0.0149   1.0000   1.0000   1.0000 101.0000
   3.500  -0.1229   0.29647   0.16139  -0.0142   1.0000   1.0000   1.0000 101.0000
   4.000  -0.1252   0.29211   0.15765  -0.0134   1.0000   1.0000   1.0000 101.0000
   4.500  -0.1276   0.28764   0.15393  -0.0125   1.0000   1.0000   1.0000 101.0000
   5.000  -0.1302   0.28309   0.15021  -0.0117   1.0000   1.0000   1.0000 101.0000
   5.500  -0.1329   0.27845   0.14652  -0.0108   1.0000   1.0000   1.0000 101.0000
   6.000  -0.1358   0.27372   0.14283  -0.0099   1.0000   1.0000   1.0000 101.0000
   6.500  -0.1388   0.26893   0.13916  -0.0090   1.0000   1.0000   1.0000 101.0000
   7.000  -0.1420   0.26407   0.13550  -0.0080   1.0000   1.0000   1.0000 101.0000
   7.500  -0.1452   0.25917   0.13187  -0.0071   1.0000   1.0000   1.0000 101.0000
   8.000  -0.1483   0.25425   0.12826  -0.0061   1.0000   1.0000   1.0000 101.0000
   8.500  -0.1514   0.24936   0.12470  -0.0051   1.0000   1.0000   1.0000 101.0000
   9.000  -0.1544   0.24450   0.12115  -0.0042   1.0000   1.0000   1.0000 101.0000
   9.500  -0.1567   0.23980   0.11773  -0.0033   1.0000   1.0000   1.0000 101.0000
  10.000  -0.1581   0.23531   0.11449  -0.0026   1.0000   1.0000   1.0000 101.0000
  10.500  -0.1581   0.23113   0.11149  -0.0021   1.0000   1.0000   1.0000 101.0000
  11.000  -0.1562   0.22732   0.10882  -0.0020   1.0000   1.0000   1.0000 101.0000
  11.500  -0.1522   0.22395   0.10653  -0.0021   1.0000   1.0000   1.0000 101.0000
  12.000  -0.1460   0.22102   0.10467  -0.0026   1.0000   1.0000   1.0000 101.0000
  12.500  -0.1376   0.21856   0.10328  -0.0034   1.0000   1.0000   1.0000 101.0000
  13.000  -0.1271   0.21655   0.10237  -0.0045   1.0000   1.0000   1.0000 101.0000
  13.500  -0.1147   0.21496   0.10195  -0.0058   1.0000   1.0000   1.0000 101.0000
  14.000  -0.1006   0.21378   0.10202  -0.0074   1.0000   1.0000   1.0000 101.0000
  14.500  -0.0849   0.21296   0.10252  -0.0092   1.0000   1.0000   1.0000 101.0000
  15.000  -0.0681   0.21249   0.10352  -0.0111   1.0000   1.0000   1.0000 101.0000
