  
       XFOIL         Version 6.99
  
 Calculated polar for: 002080                                          
  
 1 1 Reynolds number fixed          Mach number fixed         
  
 xtrf =   1.000 (top)        1.000 (bottom)  
 Mach =   0.100     Re =     0.001 e 6     Ncrit =   9.000  9.000
  
   alpha    CL        CD       CDp       CM     Top_Xtr  Bot_Xtr  Top_Itr  Bot_Itr
  ------ -------- --------- --------- -------- -------- -------- -------- --------
   2.000  -0.1794   0.29561   0.20376  -0.0255   1.0000   1.0000   1.0000 101.0000
   2.500  -0.1796   0.29175   0.19836  -0.0244   1.0000   1.0000   1.0000 101.0000
   3.000  -0.1800   0.28783   0.19301  -0.0233   1.0000   1.0000   1.0000 101.0000
   3.500  -0.1807   0.28386   0.18772  -0.0221   1.0000   1.0000   1.0000 101.0000
   4.000  -0.1816   0.27983   0.18249  -0.0209   1.0000   1.0000   1.0000 101.0000
   4.500  -0.1827   0.27576   0.17732  -0.0197   1.0000   1.0000   1.0000 101.0000
   5.000  -0.1840   0.27165   0.17220  -0.0184   1.0000   1.0000   1.0000 101.0000
   5.500  -0.1855   0.26750   0.16714  -0.0171   1.0000   1.0000   1.0000 101.0000
   6.000  -0.1872   0.26335   0.16214  -0.0157   1.0000   1.0000   1.0000 101.0000
   6.500  -0.1888   0.25920   0.15721  -0.0143   1.0000   1.0000   1.0000 101.0000
   7.000  -0.1903   0.25509   0.15236  -0.0130   1.0000   1.0000   1.0000 101.0000
   7.500  -0.1916   0.25105   0.14761  -0.0116   1.0000   1.0000   1.0000 101.0000
   8.000  -0.1923   0.24715   0.14300  -0.0104   1.0000   1.0000   1.0000 101.0000
   8.500  -0.1918   0.24347   0.13862  -0.0093   1.0000   1.0000   1.0000 101.0000
   9.000  -0.1895   0.24008   0.13453  -0.0085   1.0000   1.0000   1.0000 101.0000
   9.500  -0.1851   0.23703   0.13082  -0.0081   1.0000   1.0000   1.0000 101.0000
  10.000  -0.1781   0.23439   0.12756  -0.0080   1.0000   1.0000   1.0000 101.0000
  10.500  -0.1684   0.23216   0.12482  -0.0082   1.0000   1.0000   1.0000 101.0000
  11.000  -0.1561   0.23035   0.12262  -0.0089   1.0000   1.0000   1.0000 101.0000
  11.500  -0.1413   0.22896   0.12100  -0.0099   1.0000   1.0000   1.0000 101.0000
  12.000  -0.1242   0.22796   0.11996  -0.0111   1.0000   1.0000   1.0000 101.0000
  12.500  -0.1051   0.22733   0.11949  -0.0126   1.0000   1.0000   1.0000 101.0000
  13.000  -0.0842   0.22704   0.11956  -0.0143   1.0000   1.0000   1.0000 101.0000
  13.500  -0.0620   0.22707   0.12023  -0.0161   1.0000   1.0000   1.0000 101.0000
  14.000  -0.0385   0.22739   0.12145  -0.0181   1.0000   1.0000   1.0000 101.0000
  14.500  -0.0141   0.22798   0.12319  -0.0202   1.0000   1.0000   1.0000 101.0000
  15.000   0.0111   0.22880   0.12546  -0.0224   1.0000   1.0000   1.0000 101.0000
