  
       XFOIL         Version 6.99
  
 Calculated polar for: 002047                                          
  
 1 1 Reynolds number fixed          Mach number fixed         
  
 xtrf =   1.000 (top)        1.000 (bottom)  
 Mach =   0.100     Re =     0.001 e 6     Ncrit =   9.000  9.000
  
   alpha    CL        CD       CDp       CM     Top_Xtr  Bot_Xtr  Top_Itr  Bot_Itr
  ------ -------- --------- --------- -------- -------- -------- -------- --------
   2.000  -0.1230   0.30086   0.21025  -0.0225   1.0000   1.0000   1.0000 101.0000
   2.500  -0.1240   0.29759   0.20569  -0.0214   1.0000   1.0000   1.0000 101.0000
   3.000  -0.1252   0.29426   0.20119  -0.0203   1.0000   1.0000   1.0000 101.0000
   3.500  -0.1266   0.29087   0.19674  -0.0192   1.0000   1.0000   1.0000 101.0000
   4.000  -0.1283   0.28742   0.19235  -0.0180   1.0000   1.0000   1.0000 101.0000
   4.500  -0.1303   0.28391   0.18801  -0.0168   1.0000   1.0000   1.0000 101.0000
   5.000  -0.1326   0.28035   0.18372  -0.0155   1.0000   1.0000   1.0000 101.0000
   5.500  -0.1351   0.27673   0.17948  -0.0143   1.0000   1.0000   1.0000 101.0000
   6.000  -0.1378   0.27305   0.17528  -0.0130   1.0000   1.0000   1.0000 101.0000
   6.500  -0.1408   0.26933   0.17113  -0.0116   1.0000   1.0000   1.0000 101.0000
   7.000  -0.1440   0.26558   0.16702  -0.0103   1.0000   1.0000   1.0000 101.0000
   7.500  -0.1473   0.26180   0.16294  -0.0090   1.0000   1.0000   1.0000 101.0000
   8.000  -0.1505   0.25804   0.15896  -0.0077   1.0000   1.0000   1.0000 101.0000
   8.500  -0.1536   0.25432   0.15505  -0.0064   1.0000   1.0000   1.0000 101.0000
   9.000  -0.1563   0.25068   0.15124  -0.0052   1.0000   1.0000   1.0000 101.0000
   9.500  -0.1581   0.24721   0.14761  -0.0041   1.0000   1.0000   1.0000 101.0000
  10.000  -0.1584   0.24397   0.14424  -0.0034   1.0000   1.0000   1.0000 101.0000
  10.500  -0.1568   0.24101   0.14121  -0.0029   1.0000   1.0000   1.0000 101.0000
  11.000  -0.1530   0.23841   0.13860  -0.0029   1.0000   1.0000   1.0000 101.0000
  11.500  -0.1466   0.23618   0.13649  -0.0032   1.0000   1.0000   1.0000 101.0000
  12.000  -0.1376   0.23436   0.13491  -0.0040   1.0000   1.0000   1.0000 101.0000
  12.500  -0.1261   0.23294   0.13392  -0.0051   1.0000   1.0000   1.0000 101.0000
  13.000  -0.1122   0.23192   0.13352  -0.0066   1.0000   1.0000   1.0000 101.0000
  13.500  -0.0961   0.23127   0.13370  -0.0084   1.0000   1.0000   1.0000 101.0000
  14.000  -0.0780   0.23099   0.13453  -0.0105   1.0000   1.0000   1.0000 101.0000
  14.500  -0.0582   0.23104   0.13595  -0.0128   1.0000   1.0000   1.0000 101.0000
  15.000  -0.0370   0.23140   0.13796  -0.0152   1.0000   1.0000   1.0000 101.0000
