  
       XFOIL         Version 6.99
  
 Calculated polar for: 002091                                          
  
 1 1 Reynolds number fixed          Mach number fixed         
  
 xtrf =   1.000 (top)        1.000 (bottom)  
 Mach =   0.100     Re =     0.001 e 6     Ncrit =   9.000  9.000
  
   alpha    CL        CD       CDp       CM     Top_Xtr  Bot_Xtr  Top_Itr  Bot_Itr
  ------ -------- --------- --------- -------- -------- -------- -------- --------
   2.000  -0.0665   0.30326   0.15129  -0.0146   1.0000   1.0000   1.0000 101.0000
   2.500  -0.0671   0.30025   0.14843  -0.0135   1.0000   1.0000   1.0000 101.0000
   3.000  -0.0680   0.29720   0.14561  -0.0124   1.0000   1.0000   1.0000 101.0000
   3.500  -0.0690   0.29409   0.14285  -0.0113   1.0000   1.0000   1.0000 101.0000
   4.000  -0.0702   0.29093   0.14013  -0.0102   1.0000   1.0000   1.0000 101.0000
   4.500  -0.0716   0.28771   0.13745  -0.0090   1.0000   1.0000   1.0000 101.0000
   5.000  -0.0732   0.28443   0.13482  -0.0078   1.0000   1.0000   1.0000 101.0000
   5.500  -0.0749   0.28109   0.13224  -0.0066   1.0000   1.0000   1.0000 101.0000
   6.000  -0.0769   0.27768   0.12970  -0.0054   1.0000   1.0000   1.0000 101.0000
   6.500  -0.0790   0.27420   0.12721  -0.0042   1.0000   1.0000   1.0000 101.0000
   7.000  -0.0813   0.27065   0.12478  -0.0029   1.0000   1.0000   1.0000 101.0000
   7.500  -0.0838   0.26705   0.12238  -0.0016   1.0000   1.0000   1.0000 101.0000
   8.000  -0.0864   0.26341   0.12004  -0.0003   1.0000   1.0000   1.0000 101.0000
   8.500  -0.0891   0.25973   0.11774   0.0009   1.0000   1.0000   1.0000 101.0000
   9.000  -0.0918   0.25603   0.11549   0.0022   1.0000   1.0000   1.0000 101.0000
   9.500  -0.0946   0.25233   0.11330   0.0035   1.0000   1.0000   1.0000 101.0000
  10.000  -0.0972   0.24865   0.11117   0.0048   1.0000   1.0000   1.0000 101.0000
  10.500  -0.0997   0.24500   0.10909   0.0060   1.0000   1.0000   1.0000 101.0000
  11.000  -0.1020   0.24144   0.10711   0.0072   1.0000   1.0000   1.0000 101.0000
  11.500  -0.1037   0.23800   0.10526   0.0083   1.0000   1.0000   1.0000 101.0000
  12.000  -0.1046   0.23473   0.10358   0.0093   1.0000   1.0000   1.0000 101.0000
  12.500  -0.1046   0.23168   0.10210   0.0101   1.0000   1.0000   1.0000 101.0000
  13.000  -0.1033   0.22886   0.10088   0.0107   1.0000   1.0000   1.0000 101.0000
  13.500  -0.1008   0.22631   0.09993   0.0110   1.0000   1.0000   1.0000 101.0000
  14.000  -0.0970   0.22403   0.09928   0.0112   1.0000   1.0000   1.0000 101.0000
  14.500  -0.0919   0.22203   0.09896   0.0111   1.0000   1.0000   1.0000 101.0000
  15.000  -0.0856   0.22030   0.09897   0.0108   1.0000   1.0000   1.0000 101.0000
