  
       XFOIL         Version 6.99
  
 Calculated polar for: 002016                                          
  
 1 1 Reynolds number fixed          Mach number fixed         
  
 xtrf =   1.000 (top)        1.000 (bottom)  
 Mach =   0.100     Re =     0.001 e 6     Ncrit =   9.000  9.000
  
   alpha    CL        CD       CDp       CM     Top_Xtr  Bot_Xtr  Top_Itr  Bot_Itr
  ------ -------- --------- --------- -------- -------- -------- -------- --------
   2.000  -0.0676   0.30135   0.14915  -0.0131   1.0000   1.0000   1.0000 101.0000
   2.500  -0.0692   0.29848   0.14651  -0.0119   1.0000   1.0000   1.0000 101.0000
   3.000  -0.0711   0.29555   0.14391  -0.0107   1.0000   1.0000   1.0000 101.0000
   3.500  -0.0731   0.29256   0.14134  -0.0094   1.0000   1.0000   1.0000 101.0000
   4.000  -0.0753   0.28951   0.13881  -0.0082   1.0000   1.0000   1.0000 101.0000
   4.500  -0.0777   0.28640   0.13629  -0.0069   1.0000   1.0000   1.0000 101.0000
   5.000  -0.0802   0.28322   0.13383  -0.0056   1.0000   1.0000   1.0000 101.0000
   5.500  -0.0829   0.27997   0.13139  -0.0042   1.0000   1.0000   1.0000 101.0000
   6.000  -0.0858   0.27666   0.12899  -0.0029   1.0000   1.0000   1.0000 101.0000
   6.500  -0.0887   0.27328   0.12663  -0.0015   1.0000   1.0000   1.0000 101.0000
   7.000  -0.0918   0.26986   0.12431  -0.0001   1.0000   1.0000   1.0000 101.0000
   7.500  -0.0949   0.26640   0.12204   0.0013   1.0000   1.0000   1.0000 101.0000
   8.000  -0.0979   0.26293   0.11981   0.0027   1.0000   1.0000   1.0000 101.0000
   8.500  -0.1008   0.25948   0.11764   0.0040   1.0000   1.0000   1.0000 101.0000
   9.000  -0.1035   0.25606   0.11555   0.0054   1.0000   1.0000   1.0000 101.0000
   9.500  -0.1059   0.25270   0.11352   0.0067   1.0000   1.0000   1.0000 101.0000
  10.000  -0.1078   0.24945   0.11161   0.0080   1.0000   1.0000   1.0000 101.0000
  10.500  -0.1090   0.24634   0.10981   0.0091   1.0000   1.0000   1.0000 101.0000
  11.000  -0.1092   0.24344   0.10822   0.0101   1.0000   1.0000   1.0000 101.0000
  11.500  -0.1083   0.24076   0.10685   0.0109   1.0000   1.0000   1.0000 101.0000
  12.000  -0.1061   0.23833   0.10574   0.0115   1.0000   1.0000   1.0000 101.0000
  12.500  -0.1027   0.23617   0.10490   0.0119   1.0000   1.0000   1.0000 101.0000
  13.000  -0.0980   0.23426   0.10437   0.0121   1.0000   1.0000   1.0000 101.0000
  13.500  -0.0921   0.23262   0.10413   0.0122   1.0000   1.0000   1.0000 101.0000
  14.000  -0.0851   0.23123   0.10422   0.0120   1.0000   1.0000   1.0000 101.0000
  14.500  -0.0771   0.23008   0.10461   0.0117   1.0000   1.0000   1.0000 101.0000
  15.000  -0.0682   0.22916   0.10532   0.0112   1.0000   1.0000   1.0000 101.0000
