  
       XFOIL         Version 6.99
  
 Calculated polar for: 002068                                          
  
 1 1 Reynolds number fixed          Mach number fixed         
  
 xtrf =   1.000 (top)        1.000 (bottom)  
 Mach =   0.100     Re =     0.001 e 6     Ncrit =   9.000  9.000
  
   alpha    CL        CD       CDp       CM     Top_Xtr  Bot_Xtr  Top_Itr  Bot_Itr
  ------ -------- --------- --------- -------- -------- -------- -------- --------
   2.000  -0.0656   0.27957   0.12858  -0.0167   1.0000   1.0000   1.0000 101.0000
   2.500  -0.0668   0.27644   0.12571  -0.0155   1.0000   1.0000   1.0000 101.0000
   3.000  -0.0684   0.27325   0.12290  -0.0143   1.0000   1.0000   1.0000 101.0000
   3.500  -0.0702   0.27001   0.12013  -0.0131   1.0000   1.0000   1.0000 101.0000
   4.000  -0.0723   0.26671   0.11740  -0.0118   1.0000   1.0000   1.0000 101.0000
   4.500  -0.0747   0.26335   0.11471  -0.0105   1.0000   1.0000   1.0000 101.0000
   5.000  -0.0773   0.25994   0.11207  -0.0092   1.0000   1.0000   1.0000 101.0000
   5.500  -0.0802   0.25647   0.10947  -0.0079   1.0000   1.0000   1.0000 101.0000
   6.000  -0.0833   0.25295   0.10691  -0.0066   1.0000   1.0000   1.0000 101.0000
   6.500  -0.0866   0.24939   0.10439  -0.0052   1.0000   1.0000   1.0000 101.0000
   7.000  -0.0899   0.24580   0.10191  -0.0039   1.0000   1.0000   1.0000 101.0000
   7.500  -0.0932   0.24219   0.09948  -0.0026   1.0000   1.0000   1.0000 101.0000
   8.000  -0.0965   0.23858   0.09712  -0.0013   1.0000   1.0000   1.0000 101.0000
   8.500  -0.0995   0.23504   0.09484  -0.0000   1.0000   1.0000   1.0000 101.0000
   9.000  -0.1018   0.23162   0.09268   0.0011   1.0000   1.0000   1.0000 101.0000
   9.500  -0.1029   0.22840   0.09071   0.0019   1.0000   1.0000   1.0000 101.0000
  10.000  -0.1026   0.22544   0.08897   0.0026   1.0000   1.0000   1.0000 101.0000
  10.500  -0.1007   0.22277   0.08752   0.0029   1.0000   1.0000   1.0000 101.0000
  11.000  -0.0969   0.22042   0.08638   0.0030   1.0000   1.0000   1.0000 101.0000
  11.500  -0.0913   0.21840   0.08557   0.0028   1.0000   1.0000   1.0000 101.0000
  12.000  -0.0840   0.21673   0.08517   0.0023   1.0000   1.0000   1.0000 101.0000
  12.500  -0.0751   0.21539   0.08517   0.0015   1.0000   1.0000   1.0000 101.0000
  13.000  -0.0647   0.21436   0.08556   0.0005   1.0000   1.0000   1.0000 101.0000
  13.500  -0.0530   0.21364   0.08635  -0.0007   1.0000   1.0000   1.0000 101.0000
  14.000  -0.0402   0.21319   0.08754  -0.0021   1.0000   1.0000   1.0000 101.0000
  14.500  -0.0264   0.21302   0.08912  -0.0036   1.0000   1.0000   1.0000 101.0000
  15.000  -0.0119   0.21309   0.09108  -0.0053   1.0000   1.0000   1.0000 101.0000
