  
       XFOIL         Version 6.99
  
 Calculated polar for: 002027                                          
  
 1 1 Reynolds number fixed          Mach number fixed         
  
 xtrf =   1.000 (top)        1.000 (bottom)  
 Mach =   0.100     Re =     0.001 e 6     Ncrit =   9.000  9.000
  
   alpha    CL        CD       CDp       CM     Top_Xtr  Bot_Xtr  Top_Itr  Bot_Itr
  ------ -------- --------- --------- -------- -------- -------- -------- --------
   2.000  -0.1359   0.30526   0.21302  -0.0220   1.0000   1.0000   1.0000 101.0000
   2.500  -0.1368   0.30200   0.20843  -0.0209   1.0000   1.0000   1.0000 101.0000
   3.000  -0.1378   0.29868   0.20391  -0.0197   1.0000   1.0000   1.0000 101.0000
   3.500  -0.1391   0.29532   0.19945  -0.0185   1.0000   1.0000   1.0000 101.0000
   4.000  -0.1405   0.29191   0.19506  -0.0172   1.0000   1.0000   1.0000 101.0000
   4.500  -0.1422   0.28845   0.19072  -0.0159   1.0000   1.0000   1.0000 101.0000
   5.000  -0.1441   0.28495   0.18644  -0.0146   1.0000   1.0000   1.0000 101.0000
   5.500  -0.1462   0.28141   0.18222  -0.0132   1.0000   1.0000   1.0000 101.0000
   6.000  -0.1485   0.27783   0.17806  -0.0118   1.0000   1.0000   1.0000 101.0000
   6.500  -0.1510   0.27422   0.17395  -0.0103   1.0000   1.0000   1.0000 101.0000
   7.000  -0.1536   0.27059   0.16989  -0.0088   1.0000   1.0000   1.0000 101.0000
   7.500  -0.1562   0.26696   0.16591  -0.0073   1.0000   1.0000   1.0000 101.0000
   8.000  -0.1587   0.26336   0.16202  -0.0058   1.0000   1.0000   1.0000 101.0000
   8.500  -0.1610   0.25982   0.15822  -0.0044   1.0000   1.0000   1.0000 101.0000
   9.000  -0.1630   0.25635   0.15454  -0.0030   1.0000   1.0000   1.0000 101.0000
   9.500  -0.1643   0.25302   0.15100  -0.0016   1.0000   1.0000   1.0000 101.0000
  10.000  -0.1646   0.24988   0.14769  -0.0004   1.0000   1.0000   1.0000 101.0000
  10.500  -0.1633   0.24699   0.14467   0.0005   1.0000   1.0000   1.0000 101.0000
  11.000  -0.1604   0.24439   0.14199   0.0012   1.0000   1.0000   1.0000 101.0000
  11.500  -0.1555   0.24211   0.13971   0.0017   1.0000   1.0000   1.0000 101.0000
  12.000  -0.1486   0.24016   0.13788   0.0018   1.0000   1.0000   1.0000 101.0000
  12.500  -0.1398   0.23854   0.13652   0.0016   1.0000   1.0000   1.0000 101.0000
  13.000  -0.1290   0.23725   0.13561   0.0012   1.0000   1.0000   1.0000 101.0000
  13.500  -0.1166   0.23628   0.13524   0.0006   1.0000   1.0000   1.0000 101.0000
  14.000  -0.1026   0.23560   0.13536  -0.0003   1.0000   1.0000   1.0000 101.0000
  14.500  -0.0872   0.23520   0.13599  -0.0014   1.0000   1.0000   1.0000 101.0000
  15.000  -0.0707   0.23506   0.13710  -0.0026   1.0000   1.0000   1.0000 101.0000
