  
       XFOIL         Version 6.99
  
 Calculated polar for: 002046                                          
  
 1 1 Reynolds number fixed          Mach number fixed         
  
 xtrf =   1.000 (top)        1.000 (bottom)  
 Mach =   0.100     Re =     0.001 e 6     Ncrit =   9.000  9.000
  
   alpha    CL        CD       CDp       CM     Top_Xtr  Bot_Xtr  Top_Itr  Bot_Itr
  ------ -------- --------- --------- -------- -------- -------- -------- --------
   2.000  -0.1143   0.28705   0.14348  -0.0175   1.0000   1.0000   1.0000 101.0000
   2.500  -0.1153   0.28323   0.13996  -0.0165   1.0000   1.0000   1.0000 101.0000
   3.000  -0.1164   0.27934   0.13649  -0.0155   1.0000   1.0000   1.0000 101.0000
   3.500  -0.1176   0.27538   0.13305  -0.0145   1.0000   1.0000   1.0000 101.0000
   4.000  -0.1191   0.27133   0.12964  -0.0134   1.0000   1.0000   1.0000 101.0000
   4.500  -0.1207   0.26720   0.12626  -0.0123   1.0000   1.0000   1.0000 101.0000
   5.000  -0.1224   0.26300   0.12292  -0.0112   1.0000   1.0000   1.0000 101.0000
   5.500  -0.1243   0.25873   0.11961  -0.0100   1.0000   1.0000   1.0000 101.0000
   6.000  -0.1264   0.25440   0.11633  -0.0088   1.0000   1.0000   1.0000 101.0000
   6.500  -0.1285   0.25005   0.11309  -0.0077   1.0000   1.0000   1.0000 101.0000
   7.000  -0.1305   0.24569   0.10990  -0.0065   1.0000   1.0000   1.0000 101.0000
   7.500  -0.1326   0.24135   0.10676  -0.0053   1.0000   1.0000   1.0000 101.0000
   8.000  -0.1344   0.23707   0.10368  -0.0042   1.0000   1.0000   1.0000 101.0000
   8.500  -0.1357   0.23293   0.10069  -0.0032   1.0000   1.0000   1.0000 101.0000
   9.000  -0.1358   0.22901   0.09790  -0.0023   1.0000   1.0000   1.0000 101.0000
   9.500  -0.1346   0.22538   0.09536  -0.0017   1.0000   1.0000   1.0000 101.0000
  10.000  -0.1316   0.22208   0.09312  -0.0015   1.0000   1.0000   1.0000 101.0000
  10.500  -0.1265   0.21916   0.09123  -0.0015   1.0000   1.0000   1.0000 101.0000
  11.000  -0.1194   0.21665   0.08975  -0.0019   1.0000   1.0000   1.0000 101.0000
  11.500  -0.1102   0.21455   0.08869  -0.0026   1.0000   1.0000   1.0000 101.0000
  12.000  -0.0990   0.21286   0.08809  -0.0036   1.0000   1.0000   1.0000 101.0000
  12.500  -0.0859   0.21156   0.08794  -0.0049   1.0000   1.0000   1.0000 101.0000
  13.000  -0.0712   0.21064   0.08826  -0.0065   1.0000   1.0000   1.0000 101.0000
  13.500  -0.0550   0.21006   0.08899  -0.0082   1.0000   1.0000   1.0000 101.0000
  14.000  -0.0377   0.20982   0.09020  -0.0101   1.0000   1.0000   1.0000 101.0000
  14.500  -0.0193   0.20988   0.09186  -0.0122   1.0000   1.0000   1.0000 101.0000
  15.000  -0.0002   0.21022   0.09394  -0.0144   1.0000   1.0000   1.0000 101.0000
