  
       XFOIL         Version 6.99
  
 Calculated polar for: 002025                                          
  
 1 1 Reynolds number fixed          Mach number fixed         
  
 xtrf =   1.000 (top)        1.000 (bottom)  
 Mach =   0.100     Re =     0.001 e 6     Ncrit =   9.000  9.000
  
   alpha    CL        CD       CDp       CM     Top_Xtr  Bot_Xtr  Top_Itr  Bot_Itr
  ------ -------- --------- --------- -------- -------- -------- -------- --------
   2.000  -0.1584   0.30565   0.21849  -0.0232   1.0000   1.0000   1.0000 101.0000
   2.500  -0.1590   0.30202   0.21336  -0.0222   1.0000   1.0000   1.0000 101.0000
   3.000  -0.1598   0.29834   0.20829  -0.0211   1.0000   1.0000   1.0000 101.0000
   3.500  -0.1609   0.29460   0.20327  -0.0200   1.0000   1.0000   1.0000 101.0000
   4.000  -0.1622   0.29080   0.19831  -0.0189   1.0000   1.0000   1.0000 101.0000
   4.500  -0.1637   0.28694   0.19340  -0.0177   1.0000   1.0000   1.0000 101.0000
   5.000  -0.1654   0.28304   0.18855  -0.0165   1.0000   1.0000   1.0000 101.0000
   5.500  -0.1674   0.27908   0.18374  -0.0153   1.0000   1.0000   1.0000 101.0000
   6.000  -0.1695   0.27508   0.17899  -0.0140   1.0000   1.0000   1.0000 101.0000
   6.500  -0.1718   0.27105   0.17428  -0.0126   1.0000   1.0000   1.0000 101.0000
   7.000  -0.1742   0.26700   0.16964  -0.0113   1.0000   1.0000   1.0000 101.0000
   7.500  -0.1766   0.26297   0.16507  -0.0100   1.0000   1.0000   1.0000 101.0000
   8.000  -0.1788   0.25897   0.16056  -0.0086   1.0000   1.0000   1.0000 101.0000
   8.500  -0.1807   0.25506   0.15618  -0.0074   1.0000   1.0000   1.0000 101.0000
   9.000  -0.1820   0.25129   0.15195  -0.0062   1.0000   1.0000   1.0000 101.0000
   9.500  -0.1821   0.24774   0.14796  -0.0052   1.0000   1.0000   1.0000 101.0000
  10.000  -0.1804   0.24447   0.14427  -0.0045   1.0000   1.0000   1.0000 101.0000
  10.500  -0.1766   0.24155   0.14099  -0.0041   1.0000   1.0000   1.0000 101.0000
  11.000  -0.1705   0.23901   0.13816  -0.0040   1.0000   1.0000   1.0000 101.0000
  11.500  -0.1619   0.23686   0.13585  -0.0043   1.0000   1.0000   1.0000 101.0000
  12.000  -0.1509   0.23513   0.13409  -0.0050   1.0000   1.0000   1.0000 101.0000
  12.500  -0.1375   0.23379   0.13290  -0.0060   1.0000   1.0000   1.0000 101.0000
  13.000  -0.1221   0.23282   0.13228  -0.0072   1.0000   1.0000   1.0000 101.0000
  13.500  -0.1047   0.23221   0.13221  -0.0087   1.0000   1.0000   1.0000 101.0000
  14.000  -0.0857   0.23192   0.13275  -0.0104   1.0000   1.0000   1.0000 101.0000
  14.500  -0.0654   0.23195   0.13385  -0.0123   1.0000   1.0000   1.0000 101.0000
  15.000  -0.0438   0.23225   0.13549  -0.0143   1.0000   1.0000   1.0000 101.0000
