  
       XFOIL         Version 6.99
  
 Calculated polar for: 002004                                          
  
 1 1 Reynolds number fixed          Mach number fixed         
  
 xtrf =   1.000 (top)        1.000 (bottom)  
 Mach =   0.100     Re =     0.001 e 6     Ncrit =   9.000  9.000
  
   alpha    CL        CD       CDp       CM     Top_Xtr  Bot_Xtr  Top_Itr  Bot_Itr
  ------ -------- --------- --------- -------- -------- -------- -------- --------
   2.000  -0.1390   0.29879   0.20423  -0.0212   1.0000   1.0000   1.0000 101.0000
   2.500  -0.1415   0.29553   0.19993  -0.0200   1.0000   1.0000   1.0000 101.0000
   3.000  -0.1442   0.29222   0.19567  -0.0187   1.0000   1.0000   1.0000 101.0000
   3.500  -0.1472   0.28887   0.19148  -0.0173   1.0000   1.0000   1.0000 101.0000
   4.000  -0.1503   0.28546   0.18733  -0.0160   1.0000   1.0000   1.0000 101.0000
   4.500  -0.1536   0.28201   0.18324  -0.0146   1.0000   1.0000   1.0000 101.0000
   5.000  -0.1570   0.27853   0.17920  -0.0131   1.0000   1.0000   1.0000 101.0000
   5.500  -0.1605   0.27502   0.17522  -0.0116   1.0000   1.0000   1.0000 101.0000
   6.000  -0.1641   0.27149   0.17129  -0.0101   1.0000   1.0000   1.0000 101.0000
   6.500  -0.1675   0.26798   0.16743  -0.0086   1.0000   1.0000   1.0000 101.0000
   7.000  -0.1708   0.26450   0.16366  -0.0070   1.0000   1.0000   1.0000 101.0000
   7.500  -0.1737   0.26108   0.15998  -0.0055   1.0000   1.0000   1.0000 101.0000
   8.000  -0.1761   0.25775   0.15643  -0.0040   1.0000   1.0000   1.0000 101.0000
   8.500  -0.1777   0.25456   0.15299  -0.0026   1.0000   1.0000   1.0000 101.0000
   9.000  -0.1782   0.25157   0.14981  -0.0013   1.0000   1.0000   1.0000 101.0000
   9.500  -0.1773   0.24883   0.14691  -0.0003   1.0000   1.0000   1.0000 101.0000
  10.000  -0.1745   0.24635   0.14434   0.0006   1.0000   1.0000   1.0000 101.0000
  10.500  -0.1700   0.24418   0.14214   0.0012   1.0000   1.0000   1.0000 101.0000
  11.000  -0.1635   0.24231   0.14035   0.0015   1.0000   1.0000   1.0000 101.0000
  11.500  -0.1552   0.24074   0.13900   0.0016   1.0000   1.0000   1.0000 101.0000
  12.000  -0.1453   0.23946   0.13809   0.0015   1.0000   1.0000   1.0000 101.0000
  12.500  -0.1338   0.23847   0.13762   0.0012   1.0000   1.0000   1.0000 101.0000
  13.000  -0.1208   0.23775   0.13761   0.0007   1.0000   1.0000   1.0000 101.0000
  13.500  -0.1066   0.23728   0.13804   0.0000   1.0000   1.0000   1.0000 101.0000
  14.000  -0.0912   0.23703   0.13887  -0.0008   1.0000   1.0000   1.0000 101.0000
  14.500  -0.0749   0.23701   0.14017  -0.0017   1.0000   1.0000   1.0000 101.0000
  15.000  -0.0577   0.23720   0.14191  -0.0028   1.0000   1.0000   1.0000 101.0000
