  
       XFOIL         Version 6.99
  
 Calculated polar for: 002131                                          
  
 1 1 Reynolds number fixed          Mach number fixed         
  
 xtrf =   1.000 (top)        1.000 (bottom)  
 Mach =   0.100     Re =     0.001 e 6     Ncrit =   9.000  9.000
  
   alpha    CL        CD       CDp       CM     Top_Xtr  Bot_Xtr  Top_Itr  Bot_Itr
  ------ -------- --------- --------- -------- -------- -------- -------- --------
   2.000  -0.1663   0.30300   0.21204  -0.0247   1.0000   1.0000   1.0000 101.0000
   2.500  -0.1659   0.29938   0.20682  -0.0236   1.0000   1.0000   1.0000 101.0000
   3.000  -0.1656   0.29572   0.20166  -0.0225   1.0000   1.0000   1.0000 101.0000
   3.500  -0.1656   0.29201   0.19657  -0.0214   1.0000   1.0000   1.0000 101.0000
   4.000  -0.1657   0.28826   0.19154  -0.0202   1.0000   1.0000   1.0000 101.0000
   4.500  -0.1661   0.28445   0.18657  -0.0189   1.0000   1.0000   1.0000 101.0000
   5.000  -0.1666   0.28061   0.18166  -0.0177   1.0000   1.0000   1.0000 101.0000
   5.500  -0.1674   0.27672   0.17682  -0.0163   1.0000   1.0000   1.0000 101.0000
   6.000  -0.1684   0.27281   0.17203  -0.0150   1.0000   1.0000   1.0000 101.0000
   6.500  -0.1696   0.26886   0.16730  -0.0136   1.0000   1.0000   1.0000 101.0000
   7.000  -0.1708   0.26491   0.16265  -0.0121   1.0000   1.0000   1.0000 101.0000
   7.500  -0.1721   0.26097   0.15807  -0.0107   1.0000   1.0000   1.0000 101.0000
   8.000  -0.1733   0.25707   0.15358  -0.0093   1.0000   1.0000   1.0000 101.0000
   8.500  -0.1742   0.25323   0.14920  -0.0079   1.0000   1.0000   1.0000 101.0000
   9.000  -0.1748   0.24952   0.14495  -0.0066   1.0000   1.0000   1.0000 101.0000
   9.500  -0.1744   0.24599   0.14090  -0.0054   1.0000   1.0000   1.0000 101.0000
  10.000  -0.1726   0.24271   0.13712  -0.0044   1.0000   1.0000   1.0000 101.0000
  10.500  -0.1689   0.23973   0.13368  -0.0037   1.0000   1.0000   1.0000 101.0000
  11.000  -0.1631   0.23711   0.13067  -0.0034   1.0000   1.0000   1.0000 101.0000
  11.500  -0.1549   0.23487   0.12813  -0.0034   1.0000   1.0000   1.0000 101.0000
  12.000  -0.1444   0.23302   0.12611  -0.0038   1.0000   1.0000   1.0000 101.0000
  12.500  -0.1316   0.23154   0.12460  -0.0044   1.0000   1.0000   1.0000 101.0000
  13.000  -0.1167   0.23045   0.12367  -0.0054   1.0000   1.0000   1.0000 101.0000
  13.500  -0.0999   0.22971   0.12331  -0.0066   1.0000   1.0000   1.0000 101.0000
  14.000  -0.0814   0.22930   0.12351  -0.0081   1.0000   1.0000   1.0000 101.0000
  14.500  -0.0615   0.22920   0.12425  -0.0097   1.0000   1.0000   1.0000 101.0000
  15.000  -0.0404   0.22939   0.12554  -0.0115   1.0000   1.0000   1.0000 101.0000
