  
       XFOIL         Version 6.99
  
 Calculated polar for: 002169                                          
  
 1 1 Reynolds number fixed          Mach number fixed         
  
 xtrf =   1.000 (top)        1.000 (bottom)  
 Mach =   0.100     Re =     0.001 e 6     Ncrit =   9.000  9.000
  
   alpha    CL        CD       CDp       CM     Top_Xtr  Bot_Xtr  Top_Itr  Bot_Itr
  ------ -------- --------- --------- -------- -------- -------- -------- --------
   2.000  -0.1150   0.29337   0.14839  -0.0186   1.0000   1.0000   1.0000 101.0000
   2.500  -0.1154   0.28949   0.14460  -0.0176   1.0000   1.0000   1.0000 101.0000
   3.000  -0.1159   0.28554   0.14084  -0.0166   1.0000   1.0000   1.0000 101.0000
   3.500  -0.1166   0.28153   0.13711  -0.0156   1.0000   1.0000   1.0000 101.0000
   4.000  -0.1175   0.27743   0.13342  -0.0145   1.0000   1.0000   1.0000 101.0000
   4.500  -0.1186   0.27327   0.12975  -0.0133   1.0000   1.0000   1.0000 101.0000
   5.000  -0.1199   0.26903   0.12612  -0.0122   1.0000   1.0000   1.0000 101.0000
   5.500  -0.1214   0.26471   0.12252  -0.0110   1.0000   1.0000   1.0000 101.0000
   6.000  -0.1231   0.26035   0.11898  -0.0098   1.0000   1.0000   1.0000 101.0000
   6.500  -0.1249   0.25594   0.11547  -0.0085   1.0000   1.0000   1.0000 101.0000
   7.000  -0.1267   0.25151   0.11202  -0.0073   1.0000   1.0000   1.0000 101.0000
   7.500  -0.1285   0.24711   0.10863  -0.0060   1.0000   1.0000   1.0000 101.0000
   8.000  -0.1301   0.24276   0.10531  -0.0048   1.0000   1.0000   1.0000 101.0000
   8.500  -0.1315   0.23851   0.10209  -0.0036   1.0000   1.0000   1.0000 101.0000
   9.000  -0.1320   0.23446   0.09901  -0.0026   1.0000   1.0000   1.0000 101.0000
   9.500  -0.1313   0.23066   0.09614  -0.0017   1.0000   1.0000   1.0000 101.0000
  10.000  -0.1289   0.22720   0.09355  -0.0011   1.0000   1.0000   1.0000 101.0000
  10.500  -0.1246   0.22411   0.09129  -0.0008   1.0000   1.0000   1.0000 101.0000
  11.000  -0.1183   0.22143   0.08941  -0.0009   1.0000   1.0000   1.0000 101.0000
  11.500  -0.1099   0.21914   0.08791  -0.0012   1.0000   1.0000   1.0000 101.0000
  12.000  -0.0996   0.21727   0.08687  -0.0018   1.0000   1.0000   1.0000 101.0000
  12.500  -0.0876   0.21578   0.08627  -0.0026   1.0000   1.0000   1.0000 101.0000
  13.000  -0.0740   0.21466   0.08612  -0.0037   1.0000   1.0000   1.0000 101.0000
  13.500  -0.0591   0.21387   0.08642  -0.0049   1.0000   1.0000   1.0000 101.0000
  14.000  -0.0432   0.21340   0.08715  -0.0063   1.0000   1.0000   1.0000 101.0000
  14.500  -0.0264   0.21321   0.08830  -0.0078   1.0000   1.0000   1.0000 101.0000
  15.000  -0.0089   0.21329   0.08987  -0.0094   1.0000   1.0000   1.0000 101.0000
