  
       XFOIL         Version 6.99
  
 Calculated polar for: 002123                                          
  
 1 1 Reynolds number fixed          Mach number fixed         
  
 xtrf =   1.000 (top)        1.000 (bottom)  
 Mach =   0.100     Re =     0.001 e 6     Ncrit =   9.000  9.000
  
   alpha    CL        CD       CDp       CM     Top_Xtr  Bot_Xtr  Top_Itr  Bot_Itr
  ------ -------- --------- --------- -------- -------- -------- -------- --------
   2.000  -0.0973   0.29175   0.14662  -0.0173   1.0000   1.0000   1.0000 101.0000
   2.500  -0.0983   0.28817   0.14329  -0.0163   1.0000   1.0000   1.0000 101.0000
   3.000  -0.0995   0.28453   0.13999  -0.0153   1.0000   1.0000   1.0000 101.0000
   3.500  -0.1008   0.28081   0.13673  -0.0142   1.0000   1.0000   1.0000 101.0000
   4.000  -0.1023   0.27701   0.13349  -0.0132   1.0000   1.0000   1.0000 101.0000
   4.500  -0.1041   0.27313   0.13027  -0.0121   1.0000   1.0000   1.0000 101.0000
   5.000  -0.1059   0.26917   0.12709  -0.0110   1.0000   1.0000   1.0000 101.0000
   5.500  -0.1080   0.26513   0.12394  -0.0098   1.0000   1.0000   1.0000 101.0000
   6.000  -0.1103   0.26101   0.12082  -0.0087   1.0000   1.0000   1.0000 101.0000
   6.500  -0.1126   0.25683   0.11774  -0.0075   1.0000   1.0000   1.0000 101.0000
   7.000  -0.1151   0.25259   0.11466  -0.0063   1.0000   1.0000   1.0000 101.0000
   7.500  -0.1177   0.24835   0.11166  -0.0051   1.0000   1.0000   1.0000 101.0000
   8.000  -0.1202   0.24411   0.10870  -0.0039   1.0000   1.0000   1.0000 101.0000
   8.500  -0.1226   0.23990   0.10580  -0.0028   1.0000   1.0000   1.0000 101.0000
   9.000  -0.1246   0.23579   0.10298  -0.0017   1.0000   1.0000   1.0000 101.0000
   9.500  -0.1259   0.23186   0.10031  -0.0007   1.0000   1.0000   1.0000 101.0000
  10.000  -0.1260   0.22815   0.09784   0.0000   1.0000   1.0000   1.0000 101.0000
  10.500  -0.1246   0.22475   0.09562   0.0005   1.0000   1.0000   1.0000 101.0000
  11.000  -0.1213   0.22169   0.09373   0.0006   1.0000   1.0000   1.0000 101.0000
  11.500  -0.1161   0.21901   0.09221   0.0005   1.0000   1.0000   1.0000 101.0000
  12.000  -0.1089   0.21672   0.09109  -0.0000   1.0000   1.0000   1.0000 101.0000
  12.500  -0.0997   0.21483   0.09039  -0.0008   1.0000   1.0000   1.0000 101.0000
  13.000  -0.0887   0.21332   0.09011  -0.0019   1.0000   1.0000   1.0000 101.0000
  13.500  -0.0761   0.21218   0.09032  -0.0032   1.0000   1.0000   1.0000 101.0000
  14.000  -0.0619   0.21139   0.09097  -0.0048   1.0000   1.0000   1.0000 101.0000
  14.500  -0.0466   0.21094   0.09207  -0.0065   1.0000   1.0000   1.0000 101.0000
  15.000  -0.0301   0.21078   0.09360  -0.0084   1.0000   1.0000   1.0000 101.0000
