  
       XFOIL         Version 6.99
  
 Calculated polar for: 002194                                          
  
 1 1 Reynolds number fixed          Mach number fixed         
  
 xtrf =   1.000 (top)        1.000 (bottom)  
 Mach =   0.100     Re =     0.001 e 6     Ncrit =   9.000  9.000
  
   alpha    CL        CD       CDp       CM     Top_Xtr  Bot_Xtr  Top_Itr  Bot_Itr
  ------ -------- --------- --------- -------- -------- -------- -------- --------
   2.000  -0.0698   0.30288   0.15151  -0.0141   1.0000   1.0000   1.0000 101.0000
   2.500  -0.0709   0.29987   0.14869  -0.0130   1.0000   1.0000   1.0000 101.0000
   3.000  -0.0722   0.29681   0.14590  -0.0119   1.0000   1.0000   1.0000 101.0000
   3.500  -0.0737   0.29368   0.14316  -0.0108   1.0000   1.0000   1.0000 101.0000
   4.000  -0.0754   0.29050   0.14045  -0.0096   1.0000   1.0000   1.0000 101.0000
   4.500  -0.0772   0.28725   0.13777  -0.0084   1.0000   1.0000   1.0000 101.0000
   5.000  -0.0793   0.28393   0.13514  -0.0072   1.0000   1.0000   1.0000 101.0000
   5.500  -0.0815   0.28055   0.13255  -0.0059   1.0000   1.0000   1.0000 101.0000
   6.000  -0.0839   0.27709   0.13000  -0.0046   1.0000   1.0000   1.0000 101.0000
   6.500  -0.0864   0.27357   0.12749  -0.0034   1.0000   1.0000   1.0000 101.0000
   7.000  -0.0891   0.26999   0.12502  -0.0021   1.0000   1.0000   1.0000 101.0000
   7.500  -0.0919   0.26636   0.12260  -0.0007   1.0000   1.0000   1.0000 101.0000
   8.000  -0.0948   0.26270   0.12022   0.0006   1.0000   1.0000   1.0000 101.0000
   8.500  -0.0977   0.25902   0.11789   0.0019   1.0000   1.0000   1.0000 101.0000
   9.000  -0.1005   0.25535   0.11562   0.0032   1.0000   1.0000   1.0000 101.0000
   9.500  -0.1031   0.25172   0.11341   0.0045   1.0000   1.0000   1.0000 101.0000
  10.000  -0.1056   0.24814   0.11127   0.0058   1.0000   1.0000   1.0000 101.0000
  10.500  -0.1076   0.24466   0.10923   0.0070   1.0000   1.0000   1.0000 101.0000
  11.000  -0.1089   0.24132   0.10732   0.0081   1.0000   1.0000   1.0000 101.0000
  11.500  -0.1093   0.23819   0.10561   0.0090   1.0000   1.0000   1.0000 101.0000
  12.000  -0.1086   0.23530   0.10414   0.0098   1.0000   1.0000   1.0000 101.0000
  12.500  -0.1065   0.23267   0.10293   0.0103   1.0000   1.0000   1.0000 101.0000
  13.000  -0.1031   0.23031   0.10201   0.0106   1.0000   1.0000   1.0000 101.0000
  13.500  -0.0984   0.22824   0.10140   0.0107   1.0000   1.0000   1.0000 101.0000
  14.000  -0.0924   0.22645   0.10113   0.0106   1.0000   1.0000   1.0000 101.0000
  14.500  -0.0852   0.22493   0.10118   0.0102   1.0000   1.0000   1.0000 101.0000
  15.000  -0.0770   0.22367   0.10158   0.0097   1.0000   1.0000   1.0000 101.0000
