  
       XFOIL         Version 6.99
  
 Calculated polar for: 002161                                          
  
 1 1 Reynolds number fixed          Mach number fixed         
  
 xtrf =   1.000 (top)        1.000 (bottom)  
 Mach =   0.100     Re =     0.001 e 6     Ncrit =   9.000  9.000
  
   alpha    CL        CD       CDp       CM     Top_Xtr  Bot_Xtr  Top_Itr  Bot_Itr
  ------ -------- --------- --------- -------- -------- -------- -------- --------
   2.000  -0.0801   0.29269   0.13905  -0.0158   1.0000   1.0000   1.0000 101.0000
   2.500  -0.0806   0.28956   0.13607  -0.0146   1.0000   1.0000   1.0000 101.0000
   3.000  -0.0814   0.28640   0.13313  -0.0133   1.0000   1.0000   1.0000 101.0000
   3.500  -0.0823   0.28318   0.13023  -0.0121   1.0000   1.0000   1.0000 101.0000
   4.000  -0.0835   0.27993   0.12739  -0.0107   1.0000   1.0000   1.0000 101.0000
   4.500  -0.0848   0.27662   0.12460  -0.0094   1.0000   1.0000   1.0000 101.0000
   5.000  -0.0862   0.27328   0.12185  -0.0080   1.0000   1.0000   1.0000 101.0000
   5.500  -0.0879   0.26989   0.11916  -0.0066   1.0000   1.0000   1.0000 101.0000
   6.000  -0.0897   0.26645   0.11651  -0.0052   1.0000   1.0000   1.0000 101.0000
   6.500  -0.0916   0.26297   0.11391  -0.0038   1.0000   1.0000   1.0000 101.0000
   7.000  -0.0936   0.25946   0.11137  -0.0023   1.0000   1.0000   1.0000 101.0000
   7.500  -0.0957   0.25592   0.10890  -0.0008   1.0000   1.0000   1.0000 101.0000
   8.000  -0.0977   0.25239   0.10650   0.0006   1.0000   1.0000   1.0000 101.0000
   8.500  -0.0995   0.24889   0.10417   0.0021   1.0000   1.0000   1.0000 101.0000
   9.000  -0.1012   0.24545   0.10194   0.0035   1.0000   1.0000   1.0000 101.0000
   9.500  -0.1025   0.24211   0.09981   0.0049   1.0000   1.0000   1.0000 101.0000
  10.000  -0.1032   0.23891   0.09780   0.0061   1.0000   1.0000   1.0000 101.0000
  10.500  -0.1030   0.23590   0.09600   0.0073   1.0000   1.0000   1.0000 101.0000
  11.000  -0.1017   0.23312   0.09443   0.0082   1.0000   1.0000   1.0000 101.0000
  11.500  -0.0991   0.23060   0.09311   0.0089   1.0000   1.0000   1.0000 101.0000
  12.000  -0.0953   0.22834   0.09208   0.0095   1.0000   1.0000   1.0000 101.0000
  12.500  -0.0902   0.22636   0.09135   0.0098   1.0000   1.0000   1.0000 101.0000
  13.000  -0.0839   0.22464   0.09095   0.0099   1.0000   1.0000   1.0000 101.0000
  13.500  -0.0764   0.22319   0.09087   0.0098   1.0000   1.0000   1.0000 101.0000
  14.000  -0.0679   0.22199   0.09112   0.0095   1.0000   1.0000   1.0000 101.0000
  14.500  -0.0585   0.22102   0.09171   0.0091   1.0000   1.0000   1.0000 101.0000
  15.000  -0.0483   0.22029   0.09262   0.0085   1.0000   1.0000   1.0000 101.0000
