  
       XFOIL         Version 6.99
  
 Calculated polar for: 002189                                          
  
 1 1 Reynolds number fixed          Mach number fixed         
  
 xtrf =   1.000 (top)        1.000 (bottom)  
 Mach =   0.100     Re =     0.001 e 6     Ncrit =   9.000  9.000
  
   alpha    CL        CD       CDp       CM     Top_Xtr  Bot_Xtr  Top_Itr  Bot_Itr
  ------ -------- --------- --------- -------- -------- -------- -------- --------
   2.000  -0.1453   0.29668   0.20391  -0.0251   1.0000   1.0000   1.0000 101.0000
   2.500  -0.1455   0.29330   0.19914  -0.0240   1.0000   1.0000   1.0000 101.0000
   3.000  -0.1459   0.28986   0.19443  -0.0227   1.0000   1.0000   1.0000 101.0000
   3.500  -0.1465   0.28636   0.18977  -0.0215   1.0000   1.0000   1.0000 101.0000
   4.000  -0.1474   0.28281   0.18516  -0.0202   1.0000   1.0000   1.0000 101.0000
   4.500  -0.1485   0.27921   0.18060  -0.0188   1.0000   1.0000   1.0000 101.0000
   5.000  -0.1498   0.27555   0.17609  -0.0174   1.0000   1.0000   1.0000 101.0000
   5.500  -0.1514   0.27185   0.17162  -0.0160   1.0000   1.0000   1.0000 101.0000
   6.000  -0.1532   0.26810   0.16720  -0.0146   1.0000   1.0000   1.0000 101.0000
   6.500  -0.1551   0.26433   0.16283  -0.0131   1.0000   1.0000   1.0000 101.0000
   7.000  -0.1571   0.26054   0.15851  -0.0117   1.0000   1.0000   1.0000 101.0000
   7.500  -0.1591   0.25677   0.15426  -0.0102   1.0000   1.0000   1.0000 101.0000
   8.000  -0.1609   0.25304   0.15010  -0.0088   1.0000   1.0000   1.0000 101.0000
   8.500  -0.1624   0.24939   0.14603  -0.0075   1.0000   1.0000   1.0000 101.0000
   9.000  -0.1630   0.24591   0.14212  -0.0063   1.0000   1.0000   1.0000 101.0000
   9.500  -0.1622   0.24265   0.13845  -0.0053   1.0000   1.0000   1.0000 101.0000
  10.000  -0.1595   0.23968   0.13509  -0.0047   1.0000   1.0000   1.0000 101.0000
  10.500  -0.1545   0.23706   0.13214  -0.0044   1.0000   1.0000   1.0000 101.0000
  11.000  -0.1470   0.23481   0.12964  -0.0046   1.0000   1.0000   1.0000 101.0000
  11.500  -0.1368   0.23297   0.12764  -0.0051   1.0000   1.0000   1.0000 101.0000
  12.000  -0.1241   0.23152   0.12620  -0.0060   1.0000   1.0000   1.0000 101.0000
  12.500  -0.1090   0.23047   0.12534  -0.0072   1.0000   1.0000   1.0000 101.0000
  13.000  -0.0918   0.22980   0.12505  -0.0088   1.0000   1.0000   1.0000 101.0000
  13.500  -0.0726   0.22948   0.12535  -0.0105   1.0000   1.0000   1.0000 101.0000
  14.000  -0.0517   0.22950   0.12622  -0.0125   1.0000   1.0000   1.0000 101.0000
  14.500  -0.0294   0.22982   0.12764  -0.0147   1.0000   1.0000   1.0000 101.0000
  15.000  -0.0060   0.23042   0.12962  -0.0171   1.0000   1.0000   1.0000 101.0000
