  
       XFOIL         Version 6.99
  
 Calculated polar for: 002148                                          
  
 1 1 Reynolds number fixed          Mach number fixed         
  
 xtrf =   1.000 (top)        1.000 (bottom)  
 Mach =   0.100     Re =     0.001 e 6     Ncrit =   9.000  9.000
  
   alpha    CL        CD       CDp       CM     Top_Xtr  Bot_Xtr  Top_Itr  Bot_Itr
  ------ -------- --------- --------- -------- -------- -------- -------- --------
   2.000  -0.0777   0.30171   0.14995  -0.0162   1.0000   1.0000   1.0000 101.0000
   2.500  -0.0779   0.29857   0.14689  -0.0151   1.0000   1.0000   1.0000 101.0000
   3.000  -0.0783   0.29539   0.14388  -0.0140   1.0000   1.0000   1.0000 101.0000
   3.500  -0.0788   0.29216   0.14091  -0.0128   1.0000   1.0000   1.0000 101.0000
   4.000  -0.0795   0.28887   0.13798  -0.0117   1.0000   1.0000   1.0000 101.0000
   4.500  -0.0804   0.28554   0.13510  -0.0105   1.0000   1.0000   1.0000 101.0000
   5.000  -0.0815   0.28214   0.13227  -0.0093   1.0000   1.0000   1.0000 101.0000
   5.500  -0.0827   0.27869   0.12949  -0.0081   1.0000   1.0000   1.0000 101.0000
   6.000  -0.0841   0.27517   0.12675  -0.0068   1.0000   1.0000   1.0000 101.0000
   6.500  -0.0857   0.27159   0.12406  -0.0055   1.0000   1.0000   1.0000 101.0000
   7.000  -0.0874   0.26795   0.12142  -0.0042   1.0000   1.0000   1.0000 101.0000
   7.500  -0.0893   0.26426   0.11883  -0.0029   1.0000   1.0000   1.0000 101.0000
   8.000  -0.0913   0.26053   0.11629  -0.0016   1.0000   1.0000   1.0000 101.0000
   8.500  -0.0934   0.25677   0.11380  -0.0003   1.0000   1.0000   1.0000 101.0000
   9.000  -0.0955   0.25300   0.11138   0.0011   1.0000   1.0000   1.0000 101.0000
   9.500  -0.0976   0.24925   0.10901   0.0024   1.0000   1.0000   1.0000 101.0000
  10.000  -0.0996   0.24552   0.10670   0.0037   1.0000   1.0000   1.0000 101.0000
  10.500  -0.1015   0.24185   0.10448   0.0050   1.0000   1.0000   1.0000 101.0000
  11.000  -0.1030   0.23828   0.10237   0.0062   1.0000   1.0000   1.0000 101.0000
  11.500  -0.1039   0.23487   0.10041   0.0074   1.0000   1.0000   1.0000 101.0000
  12.000  -0.1039   0.23164   0.09864   0.0083   1.0000   1.0000   1.0000 101.0000
  12.500  -0.1028   0.22865   0.09709   0.0091   1.0000   1.0000   1.0000 101.0000
  13.000  -0.1005   0.22592   0.09582   0.0096   1.0000   1.0000   1.0000 101.0000
  13.500  -0.0969   0.22346   0.09484   0.0100   1.0000   1.0000   1.0000 101.0000
  14.000  -0.0920   0.22129   0.09418   0.0101   1.0000   1.0000   1.0000 101.0000
  14.500  -0.0858   0.21940   0.09385   0.0100   1.0000   1.0000   1.0000 101.0000
  15.000  -0.0784   0.21779   0.09388   0.0096   1.0000   1.0000   1.0000 101.0000
