  
       XFOIL         Version 6.99
  
 Calculated polar for: 002109                                          
  
 1 1 Reynolds number fixed          Mach number fixed         
  
 xtrf =   1.000 (top)        1.000 (bottom)  
 Mach =   0.100     Re =     0.001 e 6     Ncrit =   9.000  9.000
  
   alpha    CL        CD       CDp       CM     Top_Xtr  Bot_Xtr  Top_Itr  Bot_Itr
  ------ -------- --------- --------- -------- -------- -------- -------- --------
   2.000  -0.1068   0.30239   0.15810  -0.0182   1.0000   1.0000   1.0000 101.0000
   2.500  -0.1068   0.29866   0.15438  -0.0173   1.0000   1.0000   1.0000 101.0000
   3.000  -0.1069   0.29486   0.15070  -0.0163   1.0000   1.0000   1.0000 101.0000
   3.500  -0.1072   0.29100   0.14705  -0.0154   1.0000   1.0000   1.0000 101.0000
   4.000  -0.1076   0.28706   0.14343  -0.0144   1.0000   1.0000   1.0000 101.0000
   4.500  -0.1082   0.28305   0.13985  -0.0134   1.0000   1.0000   1.0000 101.0000
   5.000  -0.1090   0.27897   0.13632  -0.0124   1.0000   1.0000   1.0000 101.0000
   5.500  -0.1099   0.27480   0.13282  -0.0113   1.0000   1.0000   1.0000 101.0000
   6.000  -0.1110   0.27057   0.12936  -0.0102   1.0000   1.0000   1.0000 101.0000
   6.500  -0.1123   0.26628   0.12595  -0.0091   1.0000   1.0000   1.0000 101.0000
   7.000  -0.1138   0.26194   0.12259  -0.0079   1.0000   1.0000   1.0000 101.0000
   7.500  -0.1154   0.25755   0.11927  -0.0067   1.0000   1.0000   1.0000 101.0000
   8.000  -0.1171   0.25314   0.11599  -0.0056   1.0000   1.0000   1.0000 101.0000
   8.500  -0.1188   0.24872   0.11277  -0.0044   1.0000   1.0000   1.0000 101.0000
   9.000  -0.1206   0.24432   0.10962  -0.0032   1.0000   1.0000   1.0000 101.0000
   9.500  -0.1222   0.23997   0.10653  -0.0020   1.0000   1.0000   1.0000 101.0000
  10.000  -0.1236   0.23572   0.10354  -0.0009   1.0000   1.0000   1.0000 101.0000
  10.500  -0.1243   0.23164   0.10070   0.0001   1.0000   1.0000   1.0000 101.0000
  11.000  -0.1240   0.22779   0.09806   0.0010   1.0000   1.0000   1.0000 101.0000
  11.500  -0.1223   0.22424   0.09566   0.0015   1.0000   1.0000   1.0000 101.0000
  12.000  -0.1189   0.22104   0.09361   0.0018   1.0000   1.0000   1.0000 101.0000
  12.500  -0.1138   0.21821   0.09193   0.0018   1.0000   1.0000   1.0000 101.0000
  13.000  -0.1067   0.21577   0.09066   0.0015   1.0000   1.0000   1.0000 101.0000
  13.500  -0.0979   0.21372   0.08982   0.0009   1.0000   1.0000   1.0000 101.0000
  14.000  -0.0874   0.21205   0.08942   0.0001   1.0000   1.0000   1.0000 101.0000
  14.500  -0.0754   0.21074   0.08946  -0.0010   1.0000   1.0000   1.0000 101.0000
  15.000  -0.0621   0.20976   0.08995  -0.0023   1.0000   1.0000   1.0000 101.0000
