  
       XFOIL         Version 6.99
  
 Calculated polar for: 002268                                          
  
 1 1 Reynolds number fixed          Mach number fixed         
  
 xtrf =   1.000 (top)        1.000 (bottom)  
 Mach =   0.100     Re =     0.001 e 6     Ncrit =   9.000  9.000
  
   alpha    CL        CD       CDp       CM     Top_Xtr  Bot_Xtr  Top_Itr  Bot_Itr
  ------ -------- --------- --------- -------- -------- -------- -------- --------
   2.000  -0.1468   0.29197   0.18985  -0.0260   1.0000   1.0000   1.0000 101.0000
   2.500  -0.1466   0.28876   0.18533  -0.0246   1.0000   1.0000   1.0000 101.0000
   3.000  -0.1467   0.28551   0.18088  -0.0232   1.0000   1.0000   1.0000 101.0000
   3.500  -0.1469   0.28222   0.17650  -0.0218   1.0000   1.0000   1.0000 101.0000
   4.000  -0.1473   0.27891   0.17219  -0.0203   1.0000   1.0000   1.0000 101.0000
   4.500  -0.1480   0.27556   0.16796  -0.0188   1.0000   1.0000   1.0000 101.0000
   5.000  -0.1488   0.27219   0.16378  -0.0173   1.0000   1.0000   1.0000 101.0000
   5.500  -0.1498   0.26879   0.15966  -0.0157   1.0000   1.0000   1.0000 101.0000
   6.000  -0.1510   0.26538   0.15562  -0.0140   1.0000   1.0000   1.0000 101.0000
   6.500  -0.1523   0.26196   0.15164  -0.0124   1.0000   1.0000   1.0000 101.0000
   7.000  -0.1536   0.25856   0.14773  -0.0107   1.0000   1.0000   1.0000 101.0000
   7.500  -0.1548   0.25518   0.14391  -0.0090   1.0000   1.0000   1.0000 101.0000
   8.000  -0.1557   0.25187   0.14019  -0.0073   1.0000   1.0000   1.0000 101.0000
   8.500  -0.1564   0.24864   0.13657  -0.0057   1.0000   1.0000   1.0000 101.0000
   9.000  -0.1565   0.24553   0.13310  -0.0041   1.0000   1.0000   1.0000 101.0000
   9.500  -0.1556   0.24261   0.12983  -0.0027   1.0000   1.0000   1.0000 101.0000
  10.000  -0.1533   0.23992   0.12681  -0.0014   1.0000   1.0000   1.0000 101.0000
  10.500  -0.1494   0.23749   0.12410  -0.0005   1.0000   1.0000   1.0000 101.0000
  11.000  -0.1437   0.23535   0.12175   0.0002   1.0000   1.0000   1.0000 101.0000
  11.500  -0.1360   0.23352   0.11980   0.0007   1.0000   1.0000   1.0000 101.0000
  12.000  -0.1264   0.23200   0.11827   0.0008   1.0000   1.0000   1.0000 101.0000
  12.500  -0.1151   0.23079   0.11719   0.0007   1.0000   1.0000   1.0000 101.0000
  13.000  -0.1021   0.22987   0.11657   0.0004   1.0000   1.0000   1.0000 101.0000
  13.500  -0.0876   0.22923   0.11641  -0.0001   1.0000   1.0000   1.0000 101.0000
  14.000  -0.0717   0.22886   0.11670  -0.0009   1.0000   1.0000   1.0000 101.0000
  14.500  -0.0548   0.22874   0.11745  -0.0018   1.0000   1.0000   1.0000 101.0000
  15.000  -0.0368   0.22886   0.11866  -0.0028   1.0000   1.0000   1.0000 101.0000
