  
       XFOIL         Version 6.99
  
 Calculated polar for: 002288                                          
  
 1 1 Reynolds number fixed          Mach number fixed         
  
 xtrf =   1.000 (top)        1.000 (bottom)  
 Mach =   0.100     Re =     0.001 e 6     Ncrit =   9.000  9.000
  
   alpha    CL        CD       CDp       CM     Top_Xtr  Bot_Xtr  Top_Itr  Bot_Itr
  ------ -------- --------- --------- -------- -------- -------- -------- --------
   2.000  -0.1343   0.29834   0.15447  -0.0199   1.0000   1.0000   1.0000 101.0000
   2.500  -0.1338   0.29446   0.15061  -0.0190   1.0000   1.0000   1.0000 101.0000
   3.000  -0.1335   0.29052   0.14677  -0.0180   1.0000   1.0000   1.0000 101.0000
   3.500  -0.1333   0.28651   0.14297  -0.0170   1.0000   1.0000   1.0000 101.0000
   4.000  -0.1332   0.28244   0.13920  -0.0159   1.0000   1.0000   1.0000 101.0000
   4.500  -0.1331   0.27829   0.13546  -0.0148   1.0000   1.0000   1.0000 101.0000
   5.000  -0.1333   0.27408   0.13176  -0.0137   1.0000   1.0000   1.0000 101.0000
   5.500  -0.1335   0.26981   0.12809  -0.0126   1.0000   1.0000   1.0000 101.0000
   6.000  -0.1338   0.26547   0.12447  -0.0114   1.0000   1.0000   1.0000 101.0000
   6.500  -0.1343   0.26109   0.12088  -0.0102   1.0000   1.0000   1.0000 101.0000
   7.000  -0.1349   0.25667   0.11734  -0.0089   1.0000   1.0000   1.0000 101.0000
   7.500  -0.1355   0.25223   0.11384  -0.0076   1.0000   1.0000   1.0000 101.0000
   8.000  -0.1361   0.24779   0.11040  -0.0064   1.0000   1.0000   1.0000 101.0000
   8.500  -0.1367   0.24337   0.10702  -0.0051   1.0000   1.0000   1.0000 101.0000
   9.000  -0.1372   0.23901   0.10370  -0.0038   1.0000   1.0000   1.0000 101.0000
   9.500  -0.1374   0.23474   0.10047  -0.0025   1.0000   1.0000   1.0000 101.0000
  10.000  -0.1369   0.23063   0.09738  -0.0014   1.0000   1.0000   1.0000 101.0000
  10.500  -0.1356   0.22675   0.09448  -0.0004   1.0000   1.0000   1.0000 101.0000
  11.000  -0.1328   0.22315   0.09181   0.0004   1.0000   1.0000   1.0000 101.0000
  11.500  -0.1285   0.21988   0.08945   0.0009   1.0000   1.0000   1.0000 101.0000
  12.000  -0.1225   0.21697   0.08743   0.0011   1.0000   1.0000   1.0000 101.0000
  12.500  -0.1146   0.21444   0.08579   0.0010   1.0000   1.0000   1.0000 101.0000
  13.000  -0.1049   0.21229   0.08455   0.0007   1.0000   1.0000   1.0000 101.0000
  13.500  -0.0936   0.21050   0.08373   0.0001   1.0000   1.0000   1.0000 101.0000
  14.000  -0.0807   0.20907   0.08333  -0.0007   1.0000   1.0000   1.0000 101.0000
  14.500  -0.0665   0.20798   0.08336  -0.0018   1.0000   1.0000   1.0000 101.0000
  15.000  -0.0511   0.20719   0.08381  -0.0030   1.0000   1.0000   1.0000 101.0000
