  
       XFOIL         Version 6.99
  
 Calculated polar for: 002234                                          
  
 1 1 Reynolds number fixed          Mach number fixed         
  
 xtrf =   1.000 (top)        1.000 (bottom)  
 Mach =   0.100     Re =     0.001 e 6     Ncrit =   9.000  9.000
  
   alpha    CL        CD       CDp       CM     Top_Xtr  Bot_Xtr  Top_Itr  Bot_Itr
  ------ -------- --------- --------- -------- -------- -------- -------- --------
   2.000  -0.1228   0.28414   0.14156  -0.0215   1.0000   1.0000   1.0000 101.0000
   2.500  -0.1228   0.28019   0.13768  -0.0206   1.0000   1.0000   1.0000 101.0000
   3.000  -0.1230   0.27617   0.13382  -0.0196   1.0000   1.0000   1.0000 101.0000
   3.500  -0.1234   0.27208   0.13000  -0.0185   1.0000   1.0000   1.0000 101.0000
   4.000  -0.1239   0.26791   0.12621  -0.0175   1.0000   1.0000   1.0000 101.0000
   4.500  -0.1247   0.26368   0.12247  -0.0164   1.0000   1.0000   1.0000 101.0000
   5.000  -0.1256   0.25938   0.11874  -0.0152   1.0000   1.0000   1.0000 101.0000
   5.500  -0.1267   0.25500   0.11505  -0.0141   1.0000   1.0000   1.0000 101.0000
   6.000  -0.1280   0.25056   0.11139  -0.0129   1.0000   1.0000   1.0000 101.0000
   6.500  -0.1294   0.24607   0.10777  -0.0117   1.0000   1.0000   1.0000 101.0000
   7.000  -0.1309   0.24156   0.10421  -0.0105   1.0000   1.0000   1.0000 101.0000
   7.500  -0.1324   0.23706   0.10070  -0.0093   1.0000   1.0000   1.0000 101.0000
   8.000  -0.1337   0.23261   0.09726  -0.0082   1.0000   1.0000   1.0000 101.0000
   8.500  -0.1345   0.22831   0.09393  -0.0071   1.0000   1.0000   1.0000 101.0000
   9.000  -0.1342   0.22423   0.09078  -0.0063   1.0000   1.0000   1.0000 101.0000
   9.500  -0.1323   0.22045   0.08788  -0.0057   1.0000   1.0000   1.0000 101.0000
  10.000  -0.1283   0.21705   0.08529  -0.0055   1.0000   1.0000   1.0000 101.0000
  10.500  -0.1219   0.21407   0.08308  -0.0057   1.0000   1.0000   1.0000 101.0000
  11.000  -0.1131   0.21155   0.08130  -0.0063   1.0000   1.0000   1.0000 101.0000
  11.500  -0.1018   0.20948   0.07997  -0.0073   1.0000   1.0000   1.0000 101.0000
  12.000  -0.0881   0.20788   0.07916  -0.0086   1.0000   1.0000   1.0000 101.0000
  12.500  -0.0723   0.20672   0.07884  -0.0102   1.0000   1.0000   1.0000 101.0000
  13.000  -0.0546   0.20597   0.07904  -0.0121   1.0000   1.0000   1.0000 101.0000
  13.500  -0.0354   0.20561   0.07973  -0.0141   1.0000   1.0000   1.0000 101.0000
  14.000  -0.0150   0.20560   0.08091  -0.0164   1.0000   1.0000   1.0000 101.0000
  14.500   0.0064   0.20591   0.08256  -0.0187   1.0000   1.0000   1.0000 101.0000
  15.000   0.0285   0.20653   0.08467  -0.0212   1.0000   1.0000   1.0000 101.0000
