  
       XFOIL         Version 6.99
  
 Calculated polar for: 002295                                          
  
 1 1 Reynolds number fixed          Mach number fixed         
  
 xtrf =   1.000 (top)        1.000 (bottom)  
 Mach =   0.100     Re =     0.001 e 6     Ncrit =   9.000  9.000
  
   alpha    CL        CD       CDp       CM     Top_Xtr  Bot_Xtr  Top_Itr  Bot_Itr
  ------ -------- --------- --------- -------- -------- -------- -------- --------
   2.000  -0.1897   0.29908   0.20561  -0.0274   1.0000   1.0000   1.0000 101.0000
   2.500  -0.1888   0.29538   0.20025  -0.0263   1.0000   1.0000   1.0000 101.0000
   3.000  -0.1880   0.29164   0.19495  -0.0251   1.0000   1.0000   1.0000 101.0000
   3.500  -0.1874   0.28786   0.18972  -0.0238   1.0000   1.0000   1.0000 101.0000
   4.000  -0.1869   0.28403   0.18455  -0.0226   1.0000   1.0000   1.0000 101.0000
   4.500  -0.1867   0.28017   0.17945  -0.0212   1.0000   1.0000   1.0000 101.0000
   5.000  -0.1866   0.27627   0.17442  -0.0199   1.0000   1.0000   1.0000 101.0000
   5.500  -0.1867   0.27234   0.16943  -0.0184   1.0000   1.0000   1.0000 101.0000
   6.000  -0.1869   0.26838   0.16451  -0.0170   1.0000   1.0000   1.0000 101.0000
   6.500  -0.1873   0.26441   0.15965  -0.0155   1.0000   1.0000   1.0000 101.0000
   7.000  -0.1876   0.26045   0.15486  -0.0140   1.0000   1.0000   1.0000 101.0000
   7.500  -0.1880   0.25651   0.15016  -0.0125   1.0000   1.0000   1.0000 101.0000
   8.000  -0.1881   0.25264   0.14555  -0.0109   1.0000   1.0000   1.0000 101.0000
   8.500  -0.1879   0.24885   0.14106  -0.0095   1.0000   1.0000   1.0000 101.0000
   9.000  -0.1871   0.24521   0.13671  -0.0080   1.0000   1.0000   1.0000 101.0000
   9.500  -0.1852   0.24178   0.13258  -0.0068   1.0000   1.0000   1.0000 101.0000
  10.000  -0.1817   0.23862   0.12875  -0.0058   1.0000   1.0000   1.0000 101.0000
  10.500  -0.1762   0.23578   0.12527  -0.0051   1.0000   1.0000   1.0000 101.0000
  11.000  -0.1685   0.23331   0.12221  -0.0047   1.0000   1.0000   1.0000 101.0000
  11.500  -0.1585   0.23120   0.11961  -0.0047   1.0000   1.0000   1.0000 101.0000
  12.000  -0.1462   0.22947   0.11752  -0.0050   1.0000   1.0000   1.0000 101.0000
  12.500  -0.1317   0.22812   0.11594  -0.0055   1.0000   1.0000   1.0000 101.0000
  13.000  -0.1152   0.22711   0.11490  -0.0064   1.0000   1.0000   1.0000 101.0000
  13.500  -0.0970   0.22645   0.11438  -0.0074   1.0000   1.0000   1.0000 101.0000
  14.000  -0.0772   0.22610   0.11440  -0.0087   1.0000   1.0000   1.0000 101.0000
  14.500  -0.0560   0.22605   0.11493  -0.0101   1.0000   1.0000   1.0000 101.0000
  15.000  -0.0338   0.22626   0.11597  -0.0117   1.0000   1.0000   1.0000 101.0000
