  
       XFOIL         Version 6.99
  
 Calculated polar for: 002266                                          
  
 1 1 Reynolds number fixed          Mach number fixed         
  
 xtrf =   1.000 (top)        1.000 (bottom)  
 Mach =   0.100     Re =     0.001 e 6     Ncrit =   9.000  9.000
  
   alpha    CL        CD       CDp       CM     Top_Xtr  Bot_Xtr  Top_Itr  Bot_Itr
  ------ -------- --------- --------- -------- -------- -------- -------- --------
   2.000  -0.1572   0.28817   0.19055  -0.0275   1.0000   1.0000   1.0000 101.0000
   2.500  -0.1563   0.28466   0.18555  -0.0263   1.0000   1.0000   1.0000 101.0000
   3.000  -0.1555   0.28110   0.18061  -0.0251   1.0000   1.0000   1.0000 101.0000
   3.500  -0.1550   0.27750   0.17573  -0.0238   1.0000   1.0000   1.0000 101.0000
   4.000  -0.1547   0.27385   0.17093  -0.0225   1.0000   1.0000   1.0000 101.0000
   4.500  -0.1546   0.27016   0.16620  -0.0212   1.0000   1.0000   1.0000 101.0000
   5.000  -0.1548   0.26643   0.16152  -0.0198   1.0000   1.0000   1.0000 101.0000
   5.500  -0.1552   0.26266   0.15689  -0.0184   1.0000   1.0000   1.0000 101.0000
   6.000  -0.1559   0.25886   0.15233  -0.0170   1.0000   1.0000   1.0000 101.0000
   6.500  -0.1567   0.25505   0.14783  -0.0155   1.0000   1.0000   1.0000 101.0000
   7.000  -0.1576   0.25123   0.14340  -0.0141   1.0000   1.0000   1.0000 101.0000
   7.500  -0.1584   0.24744   0.13905  -0.0127   1.0000   1.0000   1.0000 101.0000
   8.000  -0.1592   0.24371   0.13479  -0.0113   1.0000   1.0000   1.0000 101.0000
   8.500  -0.1596   0.24008   0.13064  -0.0099   1.0000   1.0000   1.0000 101.0000
   9.000  -0.1590   0.23662   0.12668  -0.0088   1.0000   1.0000   1.0000 101.0000
   9.500  -0.1569   0.23340   0.12299  -0.0079   1.0000   1.0000   1.0000 101.0000
  10.000  -0.1527   0.23049   0.11964  -0.0075   1.0000   1.0000   1.0000 101.0000
  10.500  -0.1461   0.22794   0.11670  -0.0074   1.0000   1.0000   1.0000 101.0000
  11.000  -0.1367   0.22577   0.11425  -0.0078   1.0000   1.0000   1.0000 101.0000
  11.500  -0.1246   0.22402   0.11236  -0.0086   1.0000   1.0000   1.0000 101.0000
  12.000  -0.1097   0.22269   0.11105  -0.0099   1.0000   1.0000   1.0000 101.0000
  12.500  -0.0921   0.22178   0.11035  -0.0115   1.0000   1.0000   1.0000 101.0000
  13.000  -0.0722   0.22127   0.11026  -0.0134   1.0000   1.0000   1.0000 101.0000
  13.500  -0.0503   0.22114   0.11080  -0.0157   1.0000   1.0000   1.0000 101.0000
  14.000  -0.0265   0.22136   0.11194  -0.0181   1.0000   1.0000   1.0000 101.0000
  14.500  -0.0013   0.22191   0.11367  -0.0208   1.0000   1.0000   1.0000 101.0000
  15.000   0.0252   0.22276   0.11599  -0.0236   1.0000   1.0000   1.0000 101.0000
