  
       XFOIL         Version 6.99
  
 Calculated polar for: 002249                                          
  
 1 1 Reynolds number fixed          Mach number fixed         
  
 xtrf =   1.000 (top)        1.000 (bottom)  
 Mach =   0.100     Re =     0.001 e 6     Ncrit =   9.000  9.000
  
   alpha    CL        CD       CDp       CM     Top_Xtr  Bot_Xtr  Top_Itr  Bot_Itr
  ------ -------- --------- --------- -------- -------- -------- -------- --------
   2.000  -0.0898   0.29999   0.15717  -0.0177   1.0000   1.0000   1.0000 101.0000
   2.500  -0.0903   0.29645   0.15373  -0.0168   1.0000   1.0000   1.0000 101.0000
   3.000  -0.0910   0.29285   0.15032  -0.0158   1.0000   1.0000   1.0000 101.0000
   3.500  -0.0919   0.28917   0.14694  -0.0149   1.0000   1.0000   1.0000 101.0000
   4.000  -0.0929   0.28540   0.14359  -0.0139   1.0000   1.0000   1.0000 101.0000
   4.500  -0.0942   0.28156   0.14027  -0.0130   1.0000   1.0000   1.0000 101.0000
   5.000  -0.0956   0.27763   0.13698  -0.0119   1.0000   1.0000   1.0000 101.0000
   5.500  -0.0973   0.27360   0.13371  -0.0109   1.0000   1.0000   1.0000 101.0000
   6.000  -0.0991   0.26950   0.13049  -0.0099   1.0000   1.0000   1.0000 101.0000
   6.500  -0.1011   0.26531   0.12730  -0.0088   1.0000   1.0000   1.0000 101.0000
   7.000  -0.1033   0.26105   0.12414  -0.0077   1.0000   1.0000   1.0000 101.0000
   7.500  -0.1057   0.25673   0.12102  -0.0066   1.0000   1.0000   1.0000 101.0000
   8.000  -0.1083   0.25237   0.11793  -0.0055   1.0000   1.0000   1.0000 101.0000
   8.500  -0.1108   0.24798   0.11488  -0.0044   1.0000   1.0000   1.0000 101.0000
   9.000  -0.1134   0.24359   0.11188  -0.0033   1.0000   1.0000   1.0000 101.0000
   9.500  -0.1160   0.23923   0.10893  -0.0022   1.0000   1.0000   1.0000 101.0000
  10.000  -0.1183   0.23496   0.10606  -0.0012   1.0000   1.0000   1.0000 101.0000
  10.500  -0.1199   0.23085   0.10333  -0.0004   1.0000   1.0000   1.0000 101.0000
  11.000  -0.1203   0.22698   0.10081   0.0003   1.0000   1.0000   1.0000 101.0000
  11.500  -0.1192   0.22341   0.09856   0.0006   1.0000   1.0000   1.0000 101.0000
  12.000  -0.1163   0.22019   0.09661   0.0006   1.0000   1.0000   1.0000 101.0000
  12.500  -0.1114   0.21737   0.09509   0.0003   1.0000   1.0000   1.0000 101.0000
  13.000  -0.1044   0.21498   0.09400  -0.0004   1.0000   1.0000   1.0000 101.0000
  13.500  -0.0953   0.21301   0.09338  -0.0014   1.0000   1.0000   1.0000 101.0000
  14.000  -0.0842   0.21146   0.09324  -0.0027   1.0000   1.0000   1.0000 101.0000
  14.500  -0.0713   0.21031   0.09360  -0.0044   1.0000   1.0000   1.0000 101.0000
  15.000  -0.0568   0.20955   0.09445  -0.0062   1.0000   1.0000   1.0000 101.0000
