  
       XFOIL         Version 6.99
  
 Calculated polar for: 002239                                          
  
 1 1 Reynolds number fixed          Mach number fixed         
  
 xtrf =   1.000 (top)        1.000 (bottom)  
 Mach =   0.100     Re =     0.001 e 6     Ncrit =   9.000  9.000
  
   alpha    CL        CD       CDp       CM     Top_Xtr  Bot_Xtr  Top_Itr  Bot_Itr
  ------ -------- --------- --------- -------- -------- -------- -------- --------
   2.000  -0.1863   0.30762   0.21975  -0.0270   1.0000   1.0000   1.0000 101.0000
   2.500  -0.1855   0.30400   0.21440  -0.0259   1.0000   1.0000   1.0000 101.0000
   3.000  -0.1848   0.30033   0.20912  -0.0248   1.0000   1.0000   1.0000 101.0000
   3.500  -0.1843   0.29662   0.20389  -0.0236   1.0000   1.0000   1.0000 101.0000
   4.000  -0.1840   0.29285   0.19871  -0.0224   1.0000   1.0000   1.0000 101.0000
   4.500  -0.1838   0.28904   0.19360  -0.0212   1.0000   1.0000   1.0000 101.0000
   5.000  -0.1837   0.28518   0.18855  -0.0199   1.0000   1.0000   1.0000 101.0000
   5.500  -0.1839   0.28128   0.18354  -0.0186   1.0000   1.0000   1.0000 101.0000
   6.000  -0.1842   0.27734   0.17859  -0.0172   1.0000   1.0000   1.0000 101.0000
   6.500  -0.1846   0.27337   0.17369  -0.0158   1.0000   1.0000   1.0000 101.0000
   7.000  -0.1852   0.26938   0.16885  -0.0144   1.0000   1.0000   1.0000 101.0000
   7.500  -0.1859   0.26538   0.16407  -0.0129   1.0000   1.0000   1.0000 101.0000
   8.000  -0.1865   0.26139   0.15936  -0.0114   1.0000   1.0000   1.0000 101.0000
   8.500  -0.1870   0.25744   0.15473  -0.0100   1.0000   1.0000   1.0000 101.0000
   9.000  -0.1873   0.25355   0.15021  -0.0085   1.0000   1.0000   1.0000 101.0000
   9.500  -0.1871   0.24978   0.14581  -0.0071   1.0000   1.0000   1.0000 101.0000
  10.000  -0.1861   0.24619   0.14159  -0.0059   1.0000   1.0000   1.0000 101.0000
  10.500  -0.1838   0.24284   0.13764  -0.0048   1.0000   1.0000   1.0000 101.0000
  11.000  -0.1796   0.23978   0.13401  -0.0040   1.0000   1.0000   1.0000 101.0000
  11.500  -0.1734   0.23707   0.13078  -0.0036   1.0000   1.0000   1.0000 101.0000
  12.000  -0.1650   0.23473   0.12801  -0.0035   1.0000   1.0000   1.0000 101.0000
  12.500  -0.1542   0.23277   0.12574  -0.0037   1.0000   1.0000   1.0000 101.0000
  13.000  -0.1412   0.23119   0.12399  -0.0042   1.0000   1.0000   1.0000 101.0000
  13.500  -0.1261   0.22998   0.12279  -0.0050   1.0000   1.0000   1.0000 101.0000
  14.000  -0.1091   0.22913   0.12212  -0.0061   1.0000   1.0000   1.0000 101.0000
  14.500  -0.0904   0.22861   0.12200  -0.0074   1.0000   1.0000   1.0000 101.0000
  15.000  -0.0702   0.22839   0.12242  -0.0089   1.0000   1.0000   1.0000 101.0000
