  
       XFOIL         Version 6.99
  
 Calculated polar for: 002290                                          
  
 1 1 Reynolds number fixed          Mach number fixed         
  
 xtrf =   1.000 (top)        1.000 (bottom)  
 Mach =   0.100     Re =     0.001 e 6     Ncrit =   9.000  9.000
  
   alpha    CL        CD       CDp       CM     Top_Xtr  Bot_Xtr  Top_Itr  Bot_Itr
  ------ -------- --------- --------- -------- -------- -------- -------- --------
   2.000  -0.1665   0.30367   0.21576  -0.0258   1.0000   1.0000   1.0000 101.0000
   2.500  -0.1667   0.30009   0.21064  -0.0247   1.0000   1.0000   1.0000 101.0000
   3.000  -0.1670   0.29645   0.20556  -0.0236   1.0000   1.0000   1.0000 101.0000
   3.500  -0.1676   0.29275   0.20054  -0.0225   1.0000   1.0000   1.0000 101.0000
   4.000  -0.1684   0.28900   0.19557  -0.0214   1.0000   1.0000   1.0000 101.0000
   4.500  -0.1693   0.28518   0.19064  -0.0201   1.0000   1.0000   1.0000 101.0000
   5.000  -0.1705   0.28132   0.18577  -0.0189   1.0000   1.0000   1.0000 101.0000
   5.500  -0.1719   0.27740   0.18094  -0.0176   1.0000   1.0000   1.0000 101.0000
   6.000  -0.1735   0.27344   0.17616  -0.0163   1.0000   1.0000   1.0000 101.0000
   6.500  -0.1752   0.26944   0.17142  -0.0150   1.0000   1.0000   1.0000 101.0000
   7.000  -0.1771   0.26542   0.16674  -0.0136   1.0000   1.0000   1.0000 101.0000
   7.500  -0.1789   0.26139   0.16211  -0.0122   1.0000   1.0000   1.0000 101.0000
   8.000  -0.1807   0.25739   0.15756  -0.0108   1.0000   1.0000   1.0000 101.0000
   8.500  -0.1823   0.25344   0.15310  -0.0095   1.0000   1.0000   1.0000 101.0000
   9.000  -0.1834   0.24961   0.14875  -0.0082   1.0000   1.0000   1.0000 101.0000
   9.500  -0.1836   0.24596   0.14459  -0.0071   1.0000   1.0000   1.0000 101.0000
  10.000  -0.1822   0.24256   0.14070  -0.0063   1.0000   1.0000   1.0000 101.0000
  10.500  -0.1788   0.23947   0.13717  -0.0058   1.0000   1.0000   1.0000 101.0000
  11.000  -0.1731   0.23675   0.13406  -0.0056   1.0000   1.0000   1.0000 101.0000
  11.500  -0.1649   0.23443   0.13145  -0.0059   1.0000   1.0000   1.0000 101.0000
  12.000  -0.1541   0.23251   0.12937  -0.0065   1.0000   1.0000   1.0000 101.0000
  12.500  -0.1408   0.23101   0.12784  -0.0075   1.0000   1.0000   1.0000 101.0000
  13.000  -0.1251   0.22991   0.12691  -0.0088   1.0000   1.0000   1.0000 101.0000
  13.500  -0.1073   0.22918   0.12658  -0.0103   1.0000   1.0000   1.0000 101.0000
  14.000  -0.0877   0.22881   0.12684  -0.0122   1.0000   1.0000   1.0000 101.0000
  14.500  -0.0664   0.22877   0.12767  -0.0142   1.0000   1.0000   1.0000 101.0000
  15.000  -0.0437   0.22903   0.12907  -0.0164   1.0000   1.0000   1.0000 101.0000
