  
       XFOIL         Version 6.99
  
 Calculated polar for: 002267                                          
  
 1 1 Reynolds number fixed          Mach number fixed         
  
 xtrf =   1.000 (top)        1.000 (bottom)  
 Mach =   0.100     Re =     0.001 e 6     Ncrit =   9.000  9.000
  
   alpha    CL        CD       CDp       CM     Top_Xtr  Bot_Xtr  Top_Itr  Bot_Itr
  ------ -------- --------- --------- -------- -------- -------- -------- --------
   2.000  -0.0976   0.30337   0.15979  -0.0180   1.0000   1.0000   1.0000 101.0000
   2.500  -0.0977   0.29979   0.15622  -0.0171   1.0000   1.0000   1.0000 101.0000
   3.000  -0.0980   0.29613   0.15268  -0.0162   1.0000   1.0000   1.0000 101.0000
   3.500  -0.0983   0.29240   0.14917  -0.0153   1.0000   1.0000   1.0000 101.0000
   4.000  -0.0989   0.28860   0.14570  -0.0143   1.0000   1.0000   1.0000 101.0000
   4.500  -0.0996   0.28472   0.14225  -0.0133   1.0000   1.0000   1.0000 101.0000
   5.000  -0.1005   0.28076   0.13884  -0.0123   1.0000   1.0000   1.0000 101.0000
   5.500  -0.1016   0.27672   0.13548  -0.0112   1.0000   1.0000   1.0000 101.0000
   6.000  -0.1028   0.27261   0.13215  -0.0102   1.0000   1.0000   1.0000 101.0000
   6.500  -0.1042   0.26842   0.12885  -0.0091   1.0000   1.0000   1.0000 101.0000
   7.000  -0.1059   0.26417   0.12560  -0.0080   1.0000   1.0000   1.0000 101.0000
   7.500  -0.1076   0.25986   0.12238  -0.0068   1.0000   1.0000   1.0000 101.0000
   8.000  -0.1096   0.25550   0.11921  -0.0057   1.0000   1.0000   1.0000 101.0000
   8.500  -0.1116   0.25112   0.11607  -0.0045   1.0000   1.0000   1.0000 101.0000
   9.000  -0.1137   0.24673   0.11299  -0.0034   1.0000   1.0000   1.0000 101.0000
   9.500  -0.1157   0.24236   0.10997  -0.0022   1.0000   1.0000   1.0000 101.0000
  10.000  -0.1177   0.23804   0.10700  -0.0011   1.0000   1.0000   1.0000 101.0000
  10.500  -0.1193   0.23383   0.10415  -0.0001   1.0000   1.0000   1.0000 101.0000
  11.000  -0.1201   0.22981   0.10145   0.0008   1.0000   1.0000   1.0000 101.0000
  11.500  -0.1197   0.22604   0.09896   0.0015   1.0000   1.0000   1.0000 101.0000
  12.000  -0.1178   0.22258   0.09677   0.0019   1.0000   1.0000   1.0000 101.0000
  12.500  -0.1142   0.21948   0.09493   0.0020   1.0000   1.0000   1.0000 101.0000
  13.000  -0.1087   0.21677   0.09347   0.0017   1.0000   1.0000   1.0000 101.0000
  13.500  -0.1013   0.21445   0.09245   0.0012   1.0000   1.0000   1.0000 101.0000
  14.000  -0.0920   0.21254   0.09186   0.0003   1.0000   1.0000   1.0000 101.0000
  14.500  -0.0810   0.21101   0.09175  -0.0008   1.0000   1.0000   1.0000 101.0000
  15.000  -0.0684   0.20986   0.09209  -0.0022   1.0000   1.0000   1.0000 101.0000
