  
       XFOIL         Version 6.99
  
 Calculated polar for: 002262                                          
  
 1 1 Reynolds number fixed          Mach number fixed         
  
 xtrf =   1.000 (top)        1.000 (bottom)  
 Mach =   0.100     Re =     0.001 e 6     Ncrit =   9.000  9.000
  
   alpha    CL        CD       CDp       CM     Top_Xtr  Bot_Xtr  Top_Itr  Bot_Itr
  ------ -------- --------- --------- -------- -------- -------- -------- --------
   2.000  -0.0990   0.30216   0.15759  -0.0172   1.0000   1.0000   1.0000 101.0000
   2.500  -0.0992   0.29847   0.15396  -0.0163   1.0000   1.0000   1.0000 101.0000
   3.000  -0.0996   0.29471   0.15036  -0.0154   1.0000   1.0000   1.0000 101.0000
   3.500  -0.1002   0.29088   0.14680  -0.0144   1.0000   1.0000   1.0000 101.0000
   4.000  -0.1009   0.28698   0.14328  -0.0135   1.0000   1.0000   1.0000 101.0000
   4.500  -0.1018   0.28300   0.13979  -0.0125   1.0000   1.0000   1.0000 101.0000
   5.000  -0.1029   0.27894   0.13635  -0.0114   1.0000   1.0000   1.0000 101.0000
   5.500  -0.1042   0.27481   0.13296  -0.0104   1.0000   1.0000   1.0000 101.0000
   6.000  -0.1057   0.27061   0.12958  -0.0093   1.0000   1.0000   1.0000 101.0000
   6.500  -0.1073   0.26634   0.12627  -0.0082   1.0000   1.0000   1.0000 101.0000
   7.000  -0.1092   0.26202   0.12301  -0.0071   1.0000   1.0000   1.0000 101.0000
   7.500  -0.1112   0.25766   0.11979  -0.0059   1.0000   1.0000   1.0000 101.0000
   8.000  -0.1133   0.25327   0.11661  -0.0047   1.0000   1.0000   1.0000 101.0000
   8.500  -0.1154   0.24888   0.11350  -0.0036   1.0000   1.0000   1.0000 101.0000
   9.000  -0.1176   0.24451   0.11044  -0.0024   1.0000   1.0000   1.0000 101.0000
   9.500  -0.1196   0.24018   0.10746  -0.0013   1.0000   1.0000   1.0000 101.0000
  10.000  -0.1214   0.23598   0.10458  -0.0002   1.0000   1.0000   1.0000 101.0000
  10.500  -0.1224   0.23194   0.10185   0.0007   1.0000   1.0000   1.0000 101.0000
  11.000  -0.1223   0.22816   0.09935   0.0015   1.0000   1.0000   1.0000 101.0000
  11.500  -0.1207   0.22467   0.09712   0.0020   1.0000   1.0000   1.0000 101.0000
  12.000  -0.1175   0.22153   0.09519   0.0022   1.0000   1.0000   1.0000 101.0000
  12.500  -0.1124   0.21878   0.09366   0.0021   1.0000   1.0000   1.0000 101.0000
  13.000  -0.1055   0.21641   0.09256   0.0017   1.0000   1.0000   1.0000 101.0000
  13.500  -0.0969   0.21444   0.09188   0.0010   1.0000   1.0000   1.0000 101.0000
  14.000  -0.0865   0.21284   0.09166   0.0001   1.0000   1.0000   1.0000 101.0000
  14.500  -0.0746   0.21160   0.09188  -0.0011   1.0000   1.0000   1.0000 101.0000
  15.000  -0.0615   0.21069   0.09255  -0.0024   1.0000   1.0000   1.0000 101.0000
