  
       XFOIL         Version 6.99
  
 Calculated polar for: 002208                                          
  
 1 1 Reynolds number fixed          Mach number fixed         
  
 xtrf =   1.000 (top)        1.000 (bottom)  
 Mach =   0.100     Re =     0.001 e 6     Ncrit =   9.000  9.000
  
   alpha    CL        CD       CDp       CM     Top_Xtr  Bot_Xtr  Top_Itr  Bot_Itr
  ------ -------- --------- --------- -------- -------- -------- -------- --------
   2.000  -0.1410   0.30036   0.16118  -0.0210   1.0000   1.0000   1.0000 101.0000
   2.500  -0.1416   0.29622   0.15711  -0.0201   1.0000   1.0000   1.0000 101.0000
   3.000  -0.1422   0.29198   0.15305  -0.0193   1.0000   1.0000   1.0000 101.0000
   3.500  -0.1430   0.28766   0.14902  -0.0184   1.0000   1.0000   1.0000 101.0000
   4.000  -0.1439   0.28326   0.14501  -0.0174   1.0000   1.0000   1.0000 101.0000
   4.500  -0.1450   0.27876   0.14103  -0.0165   1.0000   1.0000   1.0000 101.0000
   5.000  -0.1462   0.27419   0.13706  -0.0155   1.0000   1.0000   1.0000 101.0000
   5.500  -0.1475   0.26954   0.13313  -0.0144   1.0000   1.0000   1.0000 101.0000
   6.000  -0.1490   0.26482   0.12922  -0.0134   1.0000   1.0000   1.0000 101.0000
   6.500  -0.1505   0.26006   0.12533  -0.0123   1.0000   1.0000   1.0000 101.0000
   7.000  -0.1522   0.25525   0.12148  -0.0111   1.0000   1.0000   1.0000 101.0000
   7.500  -0.1538   0.25043   0.11766  -0.0100   1.0000   1.0000   1.0000 101.0000
   8.000  -0.1554   0.24562   0.11389  -0.0088   1.0000   1.0000   1.0000 101.0000
   8.500  -0.1569   0.24086   0.11018  -0.0077   1.0000   1.0000   1.0000 101.0000
   9.000  -0.1580   0.23621   0.10655  -0.0066   1.0000   1.0000   1.0000 101.0000
   9.500  -0.1584   0.23175   0.10306  -0.0056   1.0000   1.0000   1.0000 101.0000
  10.000  -0.1576   0.22755   0.09977  -0.0048   1.0000   1.0000   1.0000 101.0000
  10.500  -0.1550   0.22369   0.09676  -0.0043   1.0000   1.0000   1.0000 101.0000
  11.000  -0.1505   0.22022   0.09408  -0.0041   1.0000   1.0000   1.0000 101.0000
  11.500  -0.1438   0.21719   0.09179  -0.0042   1.0000   1.0000   1.0000 101.0000
  12.000  -0.1350   0.21459   0.08993  -0.0046   1.0000   1.0000   1.0000 101.0000
  12.500  -0.1240   0.21243   0.08850  -0.0054   1.0000   1.0000   1.0000 101.0000
  13.000  -0.1110   0.21069   0.08755  -0.0064   1.0000   1.0000   1.0000 101.0000
  13.500  -0.0962   0.20936   0.08707  -0.0076   1.0000   1.0000   1.0000 101.0000
  14.000  -0.0800   0.20839   0.08704  -0.0090   1.0000   1.0000   1.0000 101.0000
  14.500  -0.0624   0.20776   0.08747  -0.0106   1.0000   1.0000   1.0000 101.0000
  15.000  -0.0438   0.20745   0.08833  -0.0123   1.0000   1.0000   1.0000 101.0000
