  
       XFOIL         Version 6.99
  
 Calculated polar for: 002298                                          
  
 1 1 Reynolds number fixed          Mach number fixed         
  
 xtrf =   1.000 (top)        1.000 (bottom)  
 Mach =   0.100     Re =     0.001 e 6     Ncrit =   9.000  9.000
  
   alpha    CL        CD       CDp       CM     Top_Xtr  Bot_Xtr  Top_Itr  Bot_Itr
  ------ -------- --------- --------- -------- -------- -------- -------- --------
   2.000  -0.2062   0.29351   0.19861  -0.0270   1.0000   1.0000   1.0000 101.0000
   2.500  -0.2054   0.28969   0.19323  -0.0258   1.0000   1.0000   1.0000 101.0000
   3.000  -0.2047   0.28582   0.18792  -0.0246   1.0000   1.0000   1.0000 101.0000
   3.500  -0.2042   0.28192   0.18266  -0.0233   1.0000   1.0000   1.0000 101.0000
   4.000  -0.2039   0.27797   0.17746  -0.0220   1.0000   1.0000   1.0000 101.0000
   4.500  -0.2037   0.27400   0.17233  -0.0206   1.0000   1.0000   1.0000 101.0000
   5.000  -0.2037   0.26999   0.16725  -0.0192   1.0000   1.0000   1.0000 101.0000
   5.500  -0.2037   0.26597   0.16224  -0.0177   1.0000   1.0000   1.0000 101.0000
   6.000  -0.2039   0.26195   0.15730  -0.0162   1.0000   1.0000   1.0000 101.0000
   6.500  -0.2040   0.25794   0.15243  -0.0147   1.0000   1.0000   1.0000 101.0000
   7.000  -0.2039   0.25398   0.14765  -0.0132   1.0000   1.0000   1.0000 101.0000
   7.500  -0.2036   0.25009   0.14297  -0.0117   1.0000   1.0000   1.0000 101.0000
   8.000  -0.2028   0.24631   0.13841  -0.0102   1.0000   1.0000   1.0000 101.0000
   8.500  -0.2012   0.24272   0.13403  -0.0089   1.0000   1.0000   1.0000 101.0000
   9.000  -0.1982   0.23937   0.12991  -0.0078   1.0000   1.0000   1.0000 101.0000
   9.500  -0.1933   0.23632   0.12610  -0.0069   1.0000   1.0000   1.0000 101.0000
  10.000  -0.1863   0.23361   0.12267  -0.0063   1.0000   1.0000   1.0000 101.0000
  10.500  -0.1770   0.23127   0.11969  -0.0061   1.0000   1.0000   1.0000 101.0000
  11.000  -0.1653   0.22931   0.11718  -0.0062   1.0000   1.0000   1.0000 101.0000
  11.500  -0.1514   0.22772   0.11517  -0.0067   1.0000   1.0000   1.0000 101.0000
  12.000  -0.1352   0.22650   0.11366  -0.0074   1.0000   1.0000   1.0000 101.0000
  12.500  -0.1172   0.22563   0.11270  -0.0083   1.0000   1.0000   1.0000 101.0000
  13.000  -0.0974   0.22508   0.11225  -0.0095   1.0000   1.0000   1.0000 101.0000
  13.500  -0.0762   0.22485   0.11232  -0.0108   1.0000   1.0000   1.0000 101.0000
  14.000  -0.0537   0.22489   0.11290  -0.0123   1.0000   1.0000   1.0000 101.0000
  14.500  -0.0302   0.22520   0.11397  -0.0140   1.0000   1.0000   1.0000 101.0000
  15.000  -0.0058   0.22576   0.11552  -0.0157   1.0000   1.0000   1.0000 101.0000
