  
       XFOIL         Version 6.99
  
 Calculated polar for: 002224                                          
  
 1 1 Reynolds number fixed          Mach number fixed         
  
 xtrf =   1.000 (top)        1.000 (bottom)  
 Mach =   0.100     Re =     0.001 e 6     Ncrit =   9.000  9.000
  
   alpha    CL        CD       CDp       CM     Top_Xtr  Bot_Xtr  Top_Itr  Bot_Itr
  ------ -------- --------- --------- -------- -------- -------- -------- --------
   2.000  -0.0552   0.29681   0.14682  -0.0148   1.0000   1.0000   1.0000 101.0000
   2.500  -0.0562   0.29386   0.14407  -0.0137   1.0000   1.0000   1.0000 101.0000
   3.000  -0.0575   0.29084   0.14136  -0.0126   1.0000   1.0000   1.0000 101.0000
   3.500  -0.0591   0.28776   0.13870  -0.0115   1.0000   1.0000   1.0000 101.0000
   4.000  -0.0609   0.28463   0.13608  -0.0104   1.0000   1.0000   1.0000 101.0000
   4.500  -0.0629   0.28142   0.13349  -0.0093   1.0000   1.0000   1.0000 101.0000
   5.000  -0.0651   0.27815   0.13095  -0.0081   1.0000   1.0000   1.0000 101.0000
   5.500  -0.0676   0.27481   0.12845  -0.0070   1.0000   1.0000   1.0000 101.0000
   6.000  -0.0703   0.27138   0.12599  -0.0058   1.0000   1.0000   1.0000 101.0000
   6.500  -0.0733   0.26787   0.12355  -0.0046   1.0000   1.0000   1.0000 101.0000
   7.000  -0.0764   0.26428   0.12116  -0.0034   1.0000   1.0000   1.0000 101.0000
   7.500  -0.0797   0.26061   0.11880  -0.0022   1.0000   1.0000   1.0000 101.0000
   8.000  -0.0832   0.25688   0.11647  -0.0010   1.0000   1.0000   1.0000 101.0000
   8.500  -0.0868   0.25311   0.11418   0.0002   1.0000   1.0000   1.0000 101.0000
   9.000  -0.0905   0.24932   0.11193   0.0014   1.0000   1.0000   1.0000 101.0000
   9.500  -0.0940   0.24552   0.10973   0.0026   1.0000   1.0000   1.0000 101.0000
  10.000  -0.0975   0.24175   0.10758   0.0038   1.0000   1.0000   1.0000 101.0000
  10.500  -0.1007   0.23808   0.10551   0.0048   1.0000   1.0000   1.0000 101.0000
  11.000  -0.1032   0.23452   0.10354   0.0058   1.0000   1.0000   1.0000 101.0000
  11.500  -0.1046   0.23118   0.10178   0.0065   1.0000   1.0000   1.0000 101.0000
  12.000  -0.1048   0.22808   0.10026   0.0070   1.0000   1.0000   1.0000 101.0000
  12.500  -0.1034   0.22527   0.09901   0.0073   1.0000   1.0000   1.0000 101.0000
  13.000  -0.1005   0.22277   0.09809   0.0072   1.0000   1.0000   1.0000 101.0000
  13.500  -0.0959   0.22060   0.09753   0.0069   1.0000   1.0000   1.0000 101.0000
  14.000  -0.0897   0.21876   0.09734   0.0064   1.0000   1.0000   1.0000 101.0000
  14.500  -0.0819   0.21724   0.09754   0.0055   1.0000   1.0000   1.0000 101.0000
  15.000  -0.0727   0.21604   0.09813   0.0045   1.0000   1.0000   1.0000 101.0000
