  
       XFOIL         Version 6.99
  
 Calculated polar for: 002225                                          
  
 1 1 Reynolds number fixed          Mach number fixed         
  
 xtrf =   1.000 (top)        1.000 (bottom)  
 Mach =   0.100     Re =     0.001 e 6     Ncrit =   9.000  9.000
  
   alpha    CL        CD       CDp       CM     Top_Xtr  Bot_Xtr  Top_Itr  Bot_Itr
  ------ -------- --------- --------- -------- -------- -------- -------- --------
   2.000  -0.1959   0.29828   0.20690  -0.0277   1.0000   1.0000   1.0000 101.0000
   2.500  -0.1957   0.29446   0.20147  -0.0266   1.0000   1.0000   1.0000 101.0000
   3.000  -0.1957   0.29060   0.19611  -0.0254   1.0000   1.0000   1.0000 101.0000
   3.500  -0.1958   0.28668   0.19079  -0.0242   1.0000   1.0000   1.0000 101.0000
   4.000  -0.1962   0.28271   0.18554  -0.0230   1.0000   1.0000   1.0000 101.0000
   4.500  -0.1967   0.27870   0.18033  -0.0217   1.0000   1.0000   1.0000 101.0000
   5.000  -0.1974   0.27465   0.17518  -0.0203   1.0000   1.0000   1.0000 101.0000
   5.500  -0.1983   0.27057   0.17009  -0.0189   1.0000   1.0000   1.0000 101.0000
   6.000  -0.1992   0.26647   0.16506  -0.0175   1.0000   1.0000   1.0000 101.0000
   6.500  -0.2003   0.26235   0.16008  -0.0160   1.0000   1.0000   1.0000 101.0000
   7.000  -0.2012   0.25826   0.15518  -0.0146   1.0000   1.0000   1.0000 101.0000
   7.500  -0.2020   0.25423   0.15037  -0.0131   1.0000   1.0000   1.0000 101.0000
   8.000  -0.2024   0.25028   0.14566  -0.0117   1.0000   1.0000   1.0000 101.0000
   8.500  -0.2022   0.24647   0.14110  -0.0104   1.0000   1.0000   1.0000 101.0000
   9.000  -0.2008   0.24288   0.13674  -0.0092   1.0000   1.0000   1.0000 101.0000
   9.500  -0.1977   0.23958   0.13269  -0.0083   1.0000   1.0000   1.0000 101.0000
  10.000  -0.1925   0.23661   0.12900  -0.0077   1.0000   1.0000   1.0000 101.0000
  10.500  -0.1849   0.23403   0.12574  -0.0074   1.0000   1.0000   1.0000 101.0000
  11.000  -0.1748   0.23183   0.12296  -0.0075   1.0000   1.0000   1.0000 101.0000
  11.500  -0.1623   0.23003   0.12070  -0.0079   1.0000   1.0000   1.0000 101.0000
  12.000  -0.1474   0.22862   0.11895  -0.0086   1.0000   1.0000   1.0000 101.0000
  12.500  -0.1305   0.22757   0.11776  -0.0095   1.0000   1.0000   1.0000 101.0000
  13.000  -0.1116   0.22688   0.11712  -0.0107   1.0000   1.0000   1.0000 101.0000
  13.500  -0.0912   0.22651   0.11701  -0.0121   1.0000   1.0000   1.0000 101.0000
  14.000  -0.0693   0.22644   0.11742  -0.0136   1.0000   1.0000   1.0000 101.0000
  14.500  -0.0463   0.22665   0.11835  -0.0153   1.0000   1.0000   1.0000 101.0000
  15.000  -0.0223   0.22711   0.11978  -0.0171   1.0000   1.0000   1.0000 101.0000
