  
       XFOIL         Version 6.99
  
 Calculated polar for: 002342                                          
  
 1 1 Reynolds number fixed          Mach number fixed         
  
 xtrf =   1.000 (top)        1.000 (bottom)  
 Mach =   0.100     Re =     0.001 e 6     Ncrit =   9.000  9.000
  
   alpha    CL        CD       CDp       CM     Top_Xtr  Bot_Xtr  Top_Itr  Bot_Itr
  ------ -------- --------- --------- -------- -------- -------- -------- --------
   2.000  -0.1155   0.30335   0.20529  -0.0212   1.0000   1.0000   1.0000 101.0000
   2.500  -0.1156   0.30036   0.20103  -0.0199   1.0000   1.0000   1.0000 101.0000
   3.000  -0.1158   0.29733   0.19685  -0.0186   1.0000   1.0000   1.0000 101.0000
   3.500  -0.1163   0.29428   0.19275  -0.0173   1.0000   1.0000   1.0000 101.0000
   4.000  -0.1170   0.29119   0.18872  -0.0160   1.0000   1.0000   1.0000 101.0000
   4.500  -0.1179   0.28807   0.18478  -0.0146   1.0000   1.0000   1.0000 101.0000
   5.000  -0.1191   0.28492   0.18090  -0.0131   1.0000   1.0000   1.0000 101.0000
   5.500  -0.1205   0.28173   0.17709  -0.0116   1.0000   1.0000   1.0000 101.0000
   6.000  -0.1221   0.27852   0.17336  -0.0101   1.0000   1.0000   1.0000 101.0000
   6.500  -0.1239   0.27529   0.16971  -0.0086   1.0000   1.0000   1.0000 101.0000
   7.000  -0.1259   0.27204   0.16612  -0.0070   1.0000   1.0000   1.0000 101.0000
   7.500  -0.1280   0.26878   0.16262  -0.0054   1.0000   1.0000   1.0000 101.0000
   8.000  -0.1302   0.26554   0.15919  -0.0038   1.0000   1.0000   1.0000 101.0000
   8.500  -0.1323   0.26232   0.15586  -0.0022   1.0000   1.0000   1.0000 101.0000
   9.000  -0.1343   0.25915   0.15263  -0.0006   1.0000   1.0000   1.0000 101.0000
   9.500  -0.1360   0.25605   0.14951   0.0009   1.0000   1.0000   1.0000 101.0000
  10.000  -0.1373   0.25306   0.14653   0.0024   1.0000   1.0000   1.0000 101.0000
  10.500  -0.1378   0.25023   0.14375   0.0038   1.0000   1.0000   1.0000 101.0000
  11.000  -0.1371   0.24760   0.14123   0.0050   1.0000   1.0000   1.0000 101.0000
  11.500  -0.1350   0.24522   0.13900   0.0059   1.0000   1.0000   1.0000 101.0000
  12.000  -0.1314   0.24309   0.13710   0.0066   1.0000   1.0000   1.0000 101.0000
  12.500  -0.1260   0.24125   0.13562   0.0071   1.0000   1.0000   1.0000 101.0000
  13.000  -0.1190   0.23970   0.13456   0.0073   1.0000   1.0000   1.0000 101.0000
  13.500  -0.1104   0.23844   0.13393   0.0072   1.0000   1.0000   1.0000 101.0000
  14.000  -0.1003   0.23746   0.13376   0.0069   1.0000   1.0000   1.0000 101.0000
  14.500  -0.0888   0.23674   0.13404   0.0064   1.0000   1.0000   1.0000 101.0000
  15.000  -0.0760   0.23627   0.13478   0.0057   1.0000   1.0000   1.0000 101.0000
