  
       XFOIL         Version 6.99
  
 Calculated polar for: 002321                                          
  
 1 1 Reynolds number fixed          Mach number fixed         
  
 xtrf =   1.000 (top)        1.000 (bottom)  
 Mach =   0.100     Re =     0.001 e 6     Ncrit =   9.000  9.000
  
   alpha    CL        CD       CDp       CM     Top_Xtr  Bot_Xtr  Top_Itr  Bot_Itr
  ------ -------- --------- --------- -------- -------- -------- -------- --------
   2.000  -0.1272   0.29282   0.15048  -0.0211   1.0000   1.0000   1.0000 101.0000
   2.500  -0.1275   0.28886   0.14660  -0.0202   1.0000   1.0000   1.0000 101.0000
   3.000  -0.1281   0.28483   0.14274  -0.0192   1.0000   1.0000   1.0000 101.0000
   3.500  -0.1287   0.28072   0.13891  -0.0182   1.0000   1.0000   1.0000 101.0000
   4.000  -0.1296   0.27653   0.13510  -0.0172   1.0000   1.0000   1.0000 101.0000
   4.500  -0.1306   0.27226   0.13132  -0.0161   1.0000   1.0000   1.0000 101.0000
   5.000  -0.1317   0.26791   0.12757  -0.0150   1.0000   1.0000   1.0000 101.0000
   5.500  -0.1330   0.26348   0.12385  -0.0139   1.0000   1.0000   1.0000 101.0000
   6.000  -0.1345   0.25898   0.12016  -0.0128   1.0000   1.0000   1.0000 101.0000
   6.500  -0.1361   0.25442   0.11650  -0.0116   1.0000   1.0000   1.0000 101.0000
   7.000  -0.1378   0.24984   0.11289  -0.0104   1.0000   1.0000   1.0000 101.0000
   7.500  -0.1395   0.24524   0.10932  -0.0092   1.0000   1.0000   1.0000 101.0000
   8.000  -0.1411   0.24067   0.10580  -0.0080   1.0000   1.0000   1.0000 101.0000
   8.500  -0.1426   0.23617   0.10235  -0.0068   1.0000   1.0000   1.0000 101.0000
   9.000  -0.1435   0.23181   0.09901  -0.0058   1.0000   1.0000   1.0000 101.0000
   9.500  -0.1433   0.22768   0.09584  -0.0049   1.0000   1.0000   1.0000 101.0000
  10.000  -0.1417   0.22384   0.09291  -0.0042   1.0000   1.0000   1.0000 101.0000
  10.500  -0.1382   0.22036   0.09028  -0.0039   1.0000   1.0000   1.0000 101.0000
  11.000  -0.1326   0.21729   0.08802  -0.0038   1.0000   1.0000   1.0000 101.0000
  11.500  -0.1248   0.21465   0.08616  -0.0042   1.0000   1.0000   1.0000 101.0000
  12.000  -0.1147   0.21244   0.08472  -0.0048   1.0000   1.0000   1.0000 101.0000
  12.500  -0.1025   0.21067   0.08377  -0.0058   1.0000   1.0000   1.0000 101.0000
  13.000  -0.0885   0.20930   0.08328  -0.0070   1.0000   1.0000   1.0000 101.0000
  13.500  -0.0728   0.20831   0.08326  -0.0084   1.0000   1.0000   1.0000 101.0000
  14.000  -0.0556   0.20768   0.08370  -0.0100   1.0000   1.0000   1.0000 101.0000
  14.500  -0.0373   0.20737   0.08459  -0.0118   1.0000   1.0000   1.0000 101.0000
  15.000  -0.0181   0.20737   0.08593  -0.0137   1.0000   1.0000   1.0000 101.0000
