  
       XFOIL         Version 6.99
  
 Calculated polar for: 002357                                          
  
 1 1 Reynolds number fixed          Mach number fixed         
  
 xtrf =   1.000 (top)        1.000 (bottom)  
 Mach =   0.100     Re =     0.001 e 6     Ncrit =   9.000  9.000
  
   alpha    CL        CD       CDp       CM     Top_Xtr  Bot_Xtr  Top_Itr  Bot_Itr
  ------ -------- --------- --------- -------- -------- -------- -------- --------
   2.000  -0.1164   0.28572   0.13402  -0.0202   1.0000   1.0000   1.0000 101.0000
   2.500  -0.1157   0.28210   0.13038  -0.0191   1.0000   1.0000   1.0000 101.0000
   3.000  -0.1151   0.27845   0.12681  -0.0179   1.0000   1.0000   1.0000 101.0000
   3.500  -0.1147   0.27474   0.12327  -0.0166   1.0000   1.0000   1.0000 101.0000
   4.000  -0.1144   0.27100   0.11977  -0.0153   1.0000   1.0000   1.0000 101.0000
   4.500  -0.1143   0.26722   0.11633  -0.0140   1.0000   1.0000   1.0000 101.0000
   5.000  -0.1143   0.26340   0.11294  -0.0127   1.0000   1.0000   1.0000 101.0000
   5.500  -0.1145   0.25956   0.10960  -0.0113   1.0000   1.0000   1.0000 101.0000
   6.000  -0.1147   0.25568   0.10633  -0.0098   1.0000   1.0000   1.0000 101.0000
   6.500  -0.1151   0.25179   0.10311  -0.0084   1.0000   1.0000   1.0000 101.0000
   7.000  -0.1155   0.24788   0.09995  -0.0069   1.0000   1.0000   1.0000 101.0000
   7.500  -0.1159   0.24398   0.09687  -0.0054   1.0000   1.0000   1.0000 101.0000
   8.000  -0.1161   0.24012   0.09388  -0.0039   1.0000   1.0000   1.0000 101.0000
   8.500  -0.1162   0.23631   0.09097  -0.0024   1.0000   1.0000   1.0000 101.0000
   9.000  -0.1160   0.23262   0.08819  -0.0010   1.0000   1.0000   1.0000 101.0000
   9.500  -0.1150   0.22910   0.08556   0.0004   1.0000   1.0000   1.0000 101.0000
  10.000  -0.1130   0.22581   0.08315   0.0015   1.0000   1.0000   1.0000 101.0000
  10.500  -0.1097   0.22278   0.08098   0.0025   1.0000   1.0000   1.0000 101.0000
  11.000  -0.1049   0.22005   0.07910   0.0032   1.0000   1.0000   1.0000 101.0000
  11.500  -0.0987   0.21764   0.07754   0.0037   1.0000   1.0000   1.0000 101.0000
  12.000  -0.0909   0.21554   0.07633   0.0040   1.0000   1.0000   1.0000 101.0000
  12.500  -0.0816   0.21375   0.07548   0.0040   1.0000   1.0000   1.0000 101.0000
  13.000  -0.0711   0.21227   0.07500   0.0038   1.0000   1.0000   1.0000 101.0000
  13.500  -0.0594   0.21108   0.07490   0.0034   1.0000   1.0000   1.0000 101.0000
  14.000  -0.0468   0.21015   0.07518   0.0029   1.0000   1.0000   1.0000 101.0000
  14.500  -0.0332   0.20948   0.07581   0.0022   1.0000   1.0000   1.0000 101.0000
  15.000  -0.0191   0.20906   0.07684   0.0013   1.0000   1.0000   1.0000 101.0000
