  
       XFOIL         Version 6.99
  
 Calculated polar for: 002336                                          
  
 1 1 Reynolds number fixed          Mach number fixed         
  
 xtrf =   1.000 (top)        1.000 (bottom)  
 Mach =   0.100     Re =     0.001 e 6     Ncrit =   9.000  9.000
  
   alpha    CL        CD       CDp       CM     Top_Xtr  Bot_Xtr  Top_Itr  Bot_Itr
  ------ -------- --------- --------- -------- -------- -------- -------- --------
   2.000  -0.0590   0.28987   0.13907  -0.0153   1.0000   1.0000   1.0000 101.0000
   2.500  -0.0599   0.28679   0.13622  -0.0142   1.0000   1.0000   1.0000 101.0000
   3.000  -0.0610   0.28367   0.13341  -0.0131   1.0000   1.0000   1.0000 101.0000
   3.500  -0.0624   0.28050   0.13066  -0.0119   1.0000   1.0000   1.0000 101.0000
   4.000  -0.0641   0.27726   0.12796  -0.0108   1.0000   1.0000   1.0000 101.0000
   4.500  -0.0661   0.27396   0.12528  -0.0096   1.0000   1.0000   1.0000 101.0000
   5.000  -0.0683   0.27060   0.12267  -0.0084   1.0000   1.0000   1.0000 101.0000
   5.500  -0.0707   0.26719   0.12010  -0.0072   1.0000   1.0000   1.0000 101.0000
   6.000  -0.0734   0.26370   0.11758  -0.0059   1.0000   1.0000   1.0000 101.0000
   6.500  -0.0764   0.26015   0.11509  -0.0047   1.0000   1.0000   1.0000 101.0000
   7.000  -0.0795   0.25652   0.11265  -0.0034   1.0000   1.0000   1.0000 101.0000
   7.500  -0.0828   0.25283   0.11025  -0.0021   1.0000   1.0000   1.0000 101.0000
   8.000  -0.0863   0.24911   0.10790  -0.0009   1.0000   1.0000   1.0000 101.0000
   8.500  -0.0897   0.24536   0.10560   0.0004   1.0000   1.0000   1.0000 101.0000
   9.000  -0.0931   0.24164   0.10336   0.0016   1.0000   1.0000   1.0000 101.0000
   9.500  -0.0963   0.23797   0.10120   0.0028   1.0000   1.0000   1.0000 101.0000
  10.000  -0.0990   0.23442   0.09915   0.0038   1.0000   1.0000   1.0000 101.0000
  10.500  -0.1008   0.23105   0.09727   0.0047   1.0000   1.0000   1.0000 101.0000
  11.000  -0.1014   0.22791   0.09560   0.0053   1.0000   1.0000   1.0000 101.0000
  11.500  -0.1005   0.22505   0.09417   0.0057   1.0000   1.0000   1.0000 101.0000
  12.000  -0.0979   0.22250   0.09309   0.0058   1.0000   1.0000   1.0000 101.0000
  12.500  -0.0937   0.22028   0.09235   0.0057   1.0000   1.0000   1.0000 101.0000
  13.000  -0.0878   0.21840   0.09199   0.0052   1.0000   1.0000   1.0000 101.0000
  13.500  -0.0803   0.21684   0.09202   0.0045   1.0000   1.0000   1.0000 101.0000
  14.000  -0.0713   0.21561   0.09244   0.0035   1.0000   1.0000   1.0000 101.0000
  14.500  -0.0610   0.21468   0.09327   0.0024   1.0000   1.0000   1.0000 101.0000
  15.000  -0.0495   0.21404   0.09449   0.0010   1.0000   1.0000   1.0000 101.0000
