  
       XFOIL         Version 6.99
  
 Calculated polar for: 002349                                          
  
 1 1 Reynolds number fixed          Mach number fixed         
  
 xtrf =   1.000 (top)        1.000 (bottom)  
 Mach =   0.100     Re =     0.001 e 6     Ncrit =   9.000  9.000
  
   alpha    CL        CD       CDp       CM     Top_Xtr  Bot_Xtr  Top_Itr  Bot_Itr
  ------ -------- --------- --------- -------- -------- -------- -------- --------
   2.000  -0.1468   0.29369   0.19850  -0.0271   1.0000   1.0000   1.0000 101.0000
   2.500  -0.1460   0.29032   0.19364  -0.0259   1.0000   1.0000   1.0000 101.0000
   3.000  -0.1454   0.28691   0.18884  -0.0247   1.0000   1.0000   1.0000 101.0000
   3.500  -0.1451   0.28344   0.18411  -0.0235   1.0000   1.0000   1.0000 101.0000
   4.000  -0.1449   0.27993   0.17944  -0.0222   1.0000   1.0000   1.0000 101.0000
   4.500  -0.1450   0.27638   0.17484  -0.0209   1.0000   1.0000   1.0000 101.0000
   5.000  -0.1453   0.27278   0.17029  -0.0196   1.0000   1.0000   1.0000 101.0000
   5.500  -0.1459   0.26913   0.16579  -0.0182   1.0000   1.0000   1.0000 101.0000
   6.000  -0.1467   0.26544   0.16135  -0.0168   1.0000   1.0000   1.0000 101.0000
   6.500  -0.1477   0.26172   0.15696  -0.0154   1.0000   1.0000   1.0000 101.0000
   7.000  -0.1489   0.25798   0.15263  -0.0140   1.0000   1.0000   1.0000 101.0000
   7.500  -0.1502   0.25423   0.14836  -0.0125   1.0000   1.0000   1.0000 101.0000
   8.000  -0.1515   0.25049   0.14416  -0.0111   1.0000   1.0000   1.0000 101.0000
   8.500  -0.1527   0.24679   0.14005  -0.0097   1.0000   1.0000   1.0000 101.0000
   9.000  -0.1536   0.24318   0.13604  -0.0084   1.0000   1.0000   1.0000 101.0000
   9.500  -0.1538   0.23972   0.13219  -0.0072   1.0000   1.0000   1.0000 101.0000
  10.000  -0.1525   0.23648   0.12859  -0.0063   1.0000   1.0000   1.0000 101.0000
  10.500  -0.1494   0.23352   0.12531  -0.0057   1.0000   1.0000   1.0000 101.0000
  11.000  -0.1441   0.23089   0.12242  -0.0055   1.0000   1.0000   1.0000 101.0000
  11.500  -0.1362   0.22863   0.12001  -0.0058   1.0000   1.0000   1.0000 101.0000
  12.000  -0.1257   0.22678   0.11813  -0.0065   1.0000   1.0000   1.0000 101.0000
  12.500  -0.1124   0.22534   0.11683  -0.0076   1.0000   1.0000   1.0000 101.0000
  13.000  -0.0965   0.22431   0.11613  -0.0091   1.0000   1.0000   1.0000 101.0000
  13.500  -0.0783   0.22368   0.11605  -0.0110   1.0000   1.0000   1.0000 101.0000
  14.000  -0.0579   0.22343   0.11659  -0.0132   1.0000   1.0000   1.0000 101.0000
  14.500  -0.0356   0.22354   0.11775  -0.0156   1.0000   1.0000   1.0000 101.0000
  15.000  -0.0117   0.22398   0.11951  -0.0183   1.0000   1.0000   1.0000 101.0000
