  
       XFOIL         Version 6.99
  
 Calculated polar for: 002316                                          
  
 1 1 Reynolds number fixed          Mach number fixed         
  
 xtrf =   1.000 (top)        1.000 (bottom)  
 Mach =   0.100     Re =     0.001 e 6     Ncrit =   9.000  9.000
  
   alpha    CL        CD       CDp       CM     Top_Xtr  Bot_Xtr  Top_Itr  Bot_Itr
  ------ -------- --------- --------- -------- -------- -------- -------- --------
   2.000  -0.1571   0.27908   0.17669  -0.0275   1.0000   1.0000   1.0000 101.0000
   2.500  -0.1559   0.27551   0.17171  -0.0262   1.0000   1.0000   1.0000 101.0000
   3.000  -0.1550   0.27190   0.16680  -0.0250   1.0000   1.0000   1.0000 101.0000
   3.500  -0.1543   0.26826   0.16197  -0.0236   1.0000   1.0000   1.0000 101.0000
   4.000  -0.1539   0.26457   0.15721  -0.0223   1.0000   1.0000   1.0000 101.0000
   4.500  -0.1538   0.26086   0.15254  -0.0209   1.0000   1.0000   1.0000 101.0000
   5.000  -0.1539   0.25711   0.14792  -0.0194   1.0000   1.0000   1.0000 101.0000
   5.500  -0.1542   0.25335   0.14336  -0.0180   1.0000   1.0000   1.0000 101.0000
   6.000  -0.1547   0.24957   0.13888  -0.0165   1.0000   1.0000   1.0000 101.0000
   6.500  -0.1553   0.24581   0.13448  -0.0150   1.0000   1.0000   1.0000 101.0000
   7.000  -0.1558   0.24209   0.13016  -0.0135   1.0000   1.0000   1.0000 101.0000
   7.500  -0.1562   0.23844   0.12594  -0.0121   1.0000   1.0000   1.0000 101.0000
   8.000  -0.1560   0.23492   0.12187  -0.0108   1.0000   1.0000   1.0000 101.0000
   8.500  -0.1546   0.23161   0.11800  -0.0098   1.0000   1.0000   1.0000 101.0000
   9.000  -0.1513   0.22857   0.11443  -0.0090   1.0000   1.0000   1.0000 101.0000
   9.500  -0.1458   0.22585   0.11123  -0.0087   1.0000   1.0000   1.0000 101.0000
  10.000  -0.1375   0.22351   0.10847  -0.0088   1.0000   1.0000   1.0000 101.0000
  10.500  -0.1264   0.22158   0.10623  -0.0094   1.0000   1.0000   1.0000 101.0000
  11.000  -0.1123   0.22006   0.10452  -0.0104   1.0000   1.0000   1.0000 101.0000
  11.500  -0.0955   0.21897   0.10341  -0.0118   1.0000   1.0000   1.0000 101.0000
  12.000  -0.0762   0.21828   0.10291  -0.0135   1.0000   1.0000   1.0000 101.0000
  12.500  -0.0546   0.21798   0.10302  -0.0156   1.0000   1.0000   1.0000 101.0000
  13.000  -0.0310   0.21806   0.10374  -0.0179   1.0000   1.0000   1.0000 101.0000
  13.500  -0.0059   0.21847   0.10505  -0.0204   1.0000   1.0000   1.0000 101.0000
  14.000   0.0205   0.21920   0.10695  -0.0231   1.0000   1.0000   1.0000 101.0000
  14.500   0.0480   0.22022   0.10941  -0.0259   1.0000   1.0000   1.0000 101.0000
  15.000   0.0761   0.22150   0.11243  -0.0287   1.0000   1.0000   1.0000 101.0000
