  
       XFOIL         Version 6.99
  
 Calculated polar for: 002333                                          
  
 1 1 Reynolds number fixed          Mach number fixed         
  
 xtrf =   1.000 (top)        1.000 (bottom)  
 Mach =   0.100     Re =     0.001 e 6     Ncrit =   9.000  9.000
  
   alpha    CL        CD       CDp       CM     Top_Xtr  Bot_Xtr  Top_Itr  Bot_Itr
  ------ -------- --------- --------- -------- -------- -------- -------- --------
   2.000  -0.1293   0.27795   0.13289  -0.0212   1.0000   1.0000   1.0000 101.0000
   2.500  -0.1289   0.27401   0.12905  -0.0201   1.0000   1.0000   1.0000 101.0000
   3.000  -0.1286   0.27001   0.12524  -0.0190   1.0000   1.0000   1.0000 101.0000
   3.500  -0.1285   0.26596   0.12148  -0.0179   1.0000   1.0000   1.0000 101.0000
   4.000  -0.1286   0.26184   0.11775  -0.0167   1.0000   1.0000   1.0000 101.0000
   4.500  -0.1289   0.25768   0.11406  -0.0155   1.0000   1.0000   1.0000 101.0000
   5.000  -0.1293   0.25346   0.11042  -0.0143   1.0000   1.0000   1.0000 101.0000
   5.500  -0.1298   0.24920   0.10681  -0.0130   1.0000   1.0000   1.0000 101.0000
   6.000  -0.1305   0.24491   0.10325  -0.0117   1.0000   1.0000   1.0000 101.0000
   6.500  -0.1312   0.24059   0.09974  -0.0104   1.0000   1.0000   1.0000 101.0000
   7.000  -0.1319   0.23628   0.09630  -0.0092   1.0000   1.0000   1.0000 101.0000
   7.500  -0.1325   0.23202   0.09293  -0.0079   1.0000   1.0000   1.0000 101.0000
   8.000  -0.1327   0.22788   0.08967  -0.0067   1.0000   1.0000   1.0000 101.0000
   8.500  -0.1318   0.22394   0.08658  -0.0057   1.0000   1.0000   1.0000 101.0000
   9.000  -0.1296   0.22027   0.08371  -0.0050   1.0000   1.0000   1.0000 101.0000
   9.500  -0.1254   0.21694   0.08114  -0.0045   1.0000   1.0000   1.0000 101.0000
  10.000  -0.1191   0.21400   0.07890  -0.0045   1.0000   1.0000   1.0000 101.0000
  10.500  -0.1106   0.21148   0.07707  -0.0048   1.0000   1.0000   1.0000 101.0000
  11.000  -0.0997   0.20939   0.07566  -0.0054   1.0000   1.0000   1.0000 101.0000
  11.500  -0.0866   0.20771   0.07469  -0.0064   1.0000   1.0000   1.0000 101.0000
  12.000  -0.0715   0.20645   0.07421  -0.0076   1.0000   1.0000   1.0000 101.0000
  12.500  -0.0546   0.20558   0.07421  -0.0091   1.0000   1.0000   1.0000 101.0000
  13.000  -0.0363   0.20507   0.07467  -0.0108   1.0000   1.0000   1.0000 101.0000
  13.500  -0.0167   0.20490   0.07561  -0.0127   1.0000   1.0000   1.0000 101.0000
  14.000   0.0038   0.20505   0.07700  -0.0147   1.0000   1.0000   1.0000 101.0000
  14.500   0.0250   0.20548   0.07883  -0.0168   1.0000   1.0000   1.0000 101.0000
  15.000   0.0467   0.20623   0.08110  -0.0191   1.0000   1.0000   1.0000 101.0000
