  
       XFOIL         Version 6.99
  
 Calculated polar for: 002313                                          
  
 1 1 Reynolds number fixed          Mach number fixed         
  
 xtrf =   1.000 (top)        1.000 (bottom)  
 Mach =   0.100     Re =     0.001 e 6     Ncrit =   9.000  9.000
  
   alpha    CL        CD       CDp       CM     Top_Xtr  Bot_Xtr  Top_Itr  Bot_Itr
  ------ -------- --------- --------- -------- -------- -------- -------- --------
   2.000  -0.0912   0.27594   0.12144  -0.0184   1.0000   1.0000   1.0000 101.0000
   2.500  -0.0908   0.27273   0.11836  -0.0171   1.0000   1.0000   1.0000 101.0000
   3.000  -0.0905   0.26949   0.11535  -0.0157   1.0000   1.0000   1.0000 101.0000
   3.500  -0.0905   0.26622   0.11238  -0.0143   1.0000   1.0000   1.0000 101.0000
   4.000  -0.0906   0.26291   0.10946  -0.0129   1.0000   1.0000   1.0000 101.0000
   4.500  -0.0910   0.25957   0.10659  -0.0114   1.0000   1.0000   1.0000 101.0000
   5.000  -0.0915   0.25620   0.10379  -0.0099   1.0000   1.0000   1.0000 101.0000
   5.500  -0.0922   0.25281   0.10103  -0.0084   1.0000   1.0000   1.0000 101.0000
   6.000  -0.0930   0.24940   0.09834  -0.0068   1.0000   1.0000   1.0000 101.0000
   6.500  -0.0939   0.24598   0.09570  -0.0053   1.0000   1.0000   1.0000 101.0000
   7.000  -0.0949   0.24256   0.09313  -0.0037   1.0000   1.0000   1.0000 101.0000
   7.500  -0.0958   0.23918   0.09064  -0.0022   1.0000   1.0000   1.0000 101.0000
   8.000  -0.0966   0.23582   0.08821  -0.0006   1.0000   1.0000   1.0000 101.0000
   8.500  -0.0972   0.23252   0.08589   0.0009   1.0000   1.0000   1.0000 101.0000
   9.000  -0.0972   0.22934   0.08370   0.0023   1.0000   1.0000   1.0000 101.0000
   9.500  -0.0963   0.22633   0.08168   0.0035   1.0000   1.0000   1.0000 101.0000
  10.000  -0.0942   0.22353   0.07988   0.0045   1.0000   1.0000   1.0000 101.0000
  10.500  -0.0909   0.22099   0.07834   0.0053   1.0000   1.0000   1.0000 101.0000
  11.000  -0.0860   0.21872   0.07709   0.0059   1.0000   1.0000   1.0000 101.0000
  11.500  -0.0798   0.21673   0.07615   0.0062   1.0000   1.0000   1.0000 101.0000
  12.000  -0.0721   0.21504   0.07555   0.0063   1.0000   1.0000   1.0000 101.0000
  12.500  -0.0631   0.21362   0.07530   0.0061   1.0000   1.0000   1.0000 101.0000
  13.000  -0.0529   0.21249   0.07540   0.0057   1.0000   1.0000   1.0000 101.0000
  13.500  -0.0417   0.21161   0.07586   0.0051   1.0000   1.0000   1.0000 101.0000
  14.000  -0.0295   0.21098   0.07668   0.0044   1.0000   1.0000   1.0000 101.0000
  14.500  -0.0166   0.21059   0.07784   0.0034   1.0000   1.0000   1.0000 101.0000
  15.000  -0.0031   0.21042   0.07938   0.0024   1.0000   1.0000   1.0000 101.0000
