  
       XFOIL         Version 6.99
  
 Calculated polar for: 002374                                          
  
 1 1 Reynolds number fixed          Mach number fixed         
  
 xtrf =   1.000 (top)        1.000 (bottom)  
 Mach =   0.100     Re =     0.001 e 6     Ncrit =   9.000  9.000
  
   alpha    CL        CD       CDp       CM     Top_Xtr  Bot_Xtr  Top_Itr  Bot_Itr
  ------ -------- --------- --------- -------- -------- -------- -------- --------
   2.000  -0.0689   0.29461   0.14229  -0.0153   1.0000   1.0000   1.0000 101.0000
   2.500  -0.0695   0.29148   0.13933  -0.0142   1.0000   1.0000   1.0000 101.0000
   3.000  -0.0703   0.28831   0.13642  -0.0131   1.0000   1.0000   1.0000 101.0000
   3.500  -0.0714   0.28508   0.13356  -0.0119   1.0000   1.0000   1.0000 101.0000
   4.000  -0.0726   0.28181   0.13075  -0.0107   1.0000   1.0000   1.0000 101.0000
   4.500  -0.0741   0.27848   0.12799  -0.0095   1.0000   1.0000   1.0000 101.0000
   5.000  -0.0758   0.27510   0.12528  -0.0083   1.0000   1.0000   1.0000 101.0000
   5.500  -0.0777   0.27166   0.12263  -0.0070   1.0000   1.0000   1.0000 101.0000
   6.000  -0.0798   0.26817   0.12003  -0.0057   1.0000   1.0000   1.0000 101.0000
   6.500  -0.0822   0.26461   0.11747  -0.0044   1.0000   1.0000   1.0000 101.0000
   7.000  -0.0846   0.26099   0.11497  -0.0031   1.0000   1.0000   1.0000 101.0000
   7.500  -0.0873   0.25732   0.11252  -0.0018   1.0000   1.0000   1.0000 101.0000
   8.000  -0.0900   0.25362   0.11013  -0.0005   1.0000   1.0000   1.0000 101.0000
   8.500  -0.0928   0.24992   0.10780   0.0008   1.0000   1.0000   1.0000 101.0000
   9.000  -0.0955   0.24624   0.10554   0.0021   1.0000   1.0000   1.0000 101.0000
   9.500  -0.0981   0.24259   0.10335   0.0034   1.0000   1.0000   1.0000 101.0000
  10.000  -0.1005   0.23903   0.10125   0.0047   1.0000   1.0000   1.0000 101.0000
  10.500  -0.1022   0.23560   0.09929   0.0058   1.0000   1.0000   1.0000 101.0000
  11.000  -0.1031   0.23236   0.09748   0.0068   1.0000   1.0000   1.0000 101.0000
  11.500  -0.1029   0.22935   0.09592   0.0075   1.0000   1.0000   1.0000 101.0000
  12.000  -0.1013   0.22660   0.09463   0.0081   1.0000   1.0000   1.0000 101.0000
  12.500  -0.0984   0.22414   0.09363   0.0084   1.0000   1.0000   1.0000 101.0000
  13.000  -0.0941   0.22197   0.09296   0.0085   1.0000   1.0000   1.0000 101.0000
  13.500  -0.0883   0.22010   0.09263   0.0083   1.0000   1.0000   1.0000 101.0000
  14.000  -0.0813   0.21851   0.09266   0.0079   1.0000   1.0000   1.0000 101.0000
  14.500  -0.0730   0.21721   0.09304   0.0073   1.0000   1.0000   1.0000 101.0000
  15.000  -0.0636   0.21617   0.09379   0.0065   1.0000   1.0000   1.0000 101.0000
