  
       XFOIL         Version 6.99
  
 Calculated polar for: 002375                                          
  
 1 1 Reynolds number fixed          Mach number fixed         
  
 xtrf =   1.000 (top)        1.000 (bottom)  
 Mach =   0.100     Re =     0.001 e 6     Ncrit =   9.000  9.000
  
   alpha    CL        CD       CDp       CM     Top_Xtr  Bot_Xtr  Top_Itr  Bot_Itr
  ------ -------- --------- --------- -------- -------- -------- -------- --------
   2.000  -0.1285   0.29678   0.15225  -0.0204   1.0000   1.0000   1.0000 101.0000
   2.500  -0.1281   0.29294   0.14839  -0.0194   1.0000   1.0000   1.0000 101.0000
   3.000  -0.1278   0.28904   0.14456  -0.0184   1.0000   1.0000   1.0000 101.0000
   3.500  -0.1275   0.28507   0.14076  -0.0174   1.0000   1.0000   1.0000 101.0000
   4.000  -0.1274   0.28103   0.13699  -0.0163   1.0000   1.0000   1.0000 101.0000
   4.500  -0.1275   0.27694   0.13327  -0.0152   1.0000   1.0000   1.0000 101.0000
   5.000  -0.1276   0.27277   0.12957  -0.0141   1.0000   1.0000   1.0000 101.0000
   5.500  -0.1279   0.26853   0.12592  -0.0129   1.0000   1.0000   1.0000 101.0000
   6.000  -0.1284   0.26423   0.12230  -0.0117   1.0000   1.0000   1.0000 101.0000
   6.500  -0.1289   0.25988   0.11873  -0.0105   1.0000   1.0000   1.0000 101.0000
   7.000  -0.1296   0.25548   0.11520  -0.0093   1.0000   1.0000   1.0000 101.0000
   7.500  -0.1304   0.25106   0.11172  -0.0080   1.0000   1.0000   1.0000 101.0000
   8.000  -0.1312   0.24664   0.10829  -0.0067   1.0000   1.0000   1.0000 101.0000
   8.500  -0.1319   0.24224   0.10493  -0.0054   1.0000   1.0000   1.0000 101.0000
   9.000  -0.1325   0.23790   0.10163  -0.0041   1.0000   1.0000   1.0000 101.0000
   9.500  -0.1329   0.23365   0.09843  -0.0029   1.0000   1.0000   1.0000 101.0000
  10.000  -0.1326   0.22958   0.09537  -0.0018   1.0000   1.0000   1.0000 101.0000
  10.500  -0.1313   0.22574   0.09251  -0.0008   1.0000   1.0000   1.0000 101.0000
  11.000  -0.1285   0.22219   0.08989  -0.0001   1.0000   1.0000   1.0000 101.0000
  11.500  -0.1241   0.21899   0.08759   0.0003   1.0000   1.0000   1.0000 101.0000
  12.000  -0.1178   0.21615   0.08565   0.0005   1.0000   1.0000   1.0000 101.0000
  12.500  -0.1097   0.21371   0.08409   0.0003   1.0000   1.0000   1.0000 101.0000
  13.000  -0.0998   0.21164   0.08295  -0.0001   1.0000   1.0000   1.0000 101.0000
  13.500  -0.0881   0.20995   0.08223  -0.0008   1.0000   1.0000   1.0000 101.0000
  14.000  -0.0749   0.20862   0.08195  -0.0017   1.0000   1.0000   1.0000 101.0000
  14.500  -0.0604   0.20762   0.08210  -0.0028   1.0000   1.0000   1.0000 101.0000
  15.000  -0.0446   0.20695   0.08268  -0.0041   1.0000   1.0000   1.0000 101.0000
