  
       XFOIL         Version 6.99
  
 Calculated polar for: 002391                                          
  
 1 1 Reynolds number fixed          Mach number fixed         
  
 xtrf =   1.000 (top)        1.000 (bottom)  
 Mach =   0.100     Re =     0.001 e 6     Ncrit =   9.000  9.000
  
   alpha    CL        CD       CDp       CM     Top_Xtr  Bot_Xtr  Top_Itr  Bot_Itr
  ------ -------- --------- --------- -------- -------- -------- -------- --------
   2.000  -0.1273   0.29962   0.15832  -0.0211   1.0000   1.0000   1.0000 101.0000
   2.500  -0.1273   0.29575   0.15445  -0.0202   1.0000   1.0000   1.0000 101.0000
   3.000  -0.1274   0.29180   0.15059  -0.0193   1.0000   1.0000   1.0000 101.0000
   3.500  -0.1277   0.28777   0.14675  -0.0183   1.0000   1.0000   1.0000 101.0000
   4.000  -0.1281   0.28366   0.14295  -0.0173   1.0000   1.0000   1.0000 101.0000
   4.500  -0.1286   0.27948   0.13917  -0.0163   1.0000   1.0000   1.0000 101.0000
   5.000  -0.1293   0.27521   0.13542  -0.0153   1.0000   1.0000   1.0000 101.0000
   5.500  -0.1301   0.27086   0.13169  -0.0142   1.0000   1.0000   1.0000 101.0000
   6.000  -0.1311   0.26644   0.12800  -0.0131   1.0000   1.0000   1.0000 101.0000
   6.500  -0.1322   0.26195   0.12433  -0.0119   1.0000   1.0000   1.0000 101.0000
   7.000  -0.1335   0.25740   0.12070  -0.0108   1.0000   1.0000   1.0000 101.0000
   7.500  -0.1348   0.25282   0.11710  -0.0096   1.0000   1.0000   1.0000 101.0000
   8.000  -0.1362   0.24821   0.11354  -0.0084   1.0000   1.0000   1.0000 101.0000
   8.500  -0.1376   0.24362   0.11003  -0.0072   1.0000   1.0000   1.0000 101.0000
   9.000  -0.1388   0.23906   0.10658  -0.0060   1.0000   1.0000   1.0000 101.0000
   9.500  -0.1399   0.23458   0.10320  -0.0049   1.0000   1.0000   1.0000 101.0000
  10.000  -0.1403   0.23027   0.09995  -0.0039   1.0000   1.0000   1.0000 101.0000
  10.500  -0.1397   0.22619   0.09689  -0.0030   1.0000   1.0000   1.0000 101.0000
  11.000  -0.1375   0.22241   0.09408  -0.0024   1.0000   1.0000   1.0000 101.0000
  11.500  -0.1336   0.21900   0.09160  -0.0022   1.0000   1.0000   1.0000 101.0000
  12.000  -0.1276   0.21599   0.08948  -0.0022   1.0000   1.0000   1.0000 101.0000
  12.500  -0.1195   0.21340   0.08778  -0.0026   1.0000   1.0000   1.0000 101.0000
  13.000  -0.1093   0.21124   0.08653  -0.0033   1.0000   1.0000   1.0000 101.0000
  13.500  -0.0970   0.20949   0.08573  -0.0043   1.0000   1.0000   1.0000 101.0000
  14.000  -0.0830   0.20815   0.08541  -0.0055   1.0000   1.0000   1.0000 101.0000
  14.500  -0.0674   0.20719   0.08555  -0.0070   1.0000   1.0000   1.0000 101.0000
  15.000  -0.0504   0.20658   0.08616  -0.0087   1.0000   1.0000   1.0000 101.0000
