  
       XFOIL         Version 6.99
  
 Calculated polar for: 002364                                          
  
 1 1 Reynolds number fixed          Mach number fixed         
  
 xtrf =   1.000 (top)        1.000 (bottom)  
 Mach =   0.100     Re =     0.001 e 6     Ncrit =   9.000  9.000
  
   alpha    CL        CD       CDp       CM     Top_Xtr  Bot_Xtr  Top_Itr  Bot_Itr
  ------ -------- --------- --------- -------- -------- -------- -------- --------
   2.000  -0.0643   0.30170   0.15033  -0.0147   1.0000   1.0000   1.0000 101.0000
   2.500  -0.0651   0.29869   0.14748  -0.0136   1.0000   1.0000   1.0000 101.0000
   3.000  -0.0660   0.29563   0.14468  -0.0126   1.0000   1.0000   1.0000 101.0000
   3.500  -0.0672   0.29251   0.14192  -0.0115   1.0000   1.0000   1.0000 101.0000
   4.000  -0.0685   0.28934   0.13921  -0.0103   1.0000   1.0000   1.0000 101.0000
   4.500  -0.0701   0.28611   0.13653  -0.0092   1.0000   1.0000   1.0000 101.0000
   5.000  -0.0719   0.28281   0.13390  -0.0080   1.0000   1.0000   1.0000 101.0000
   5.500  -0.0738   0.27945   0.13132  -0.0068   1.0000   1.0000   1.0000 101.0000
   6.000  -0.0760   0.27601   0.12878  -0.0056   1.0000   1.0000   1.0000 101.0000
   6.500  -0.0783   0.27251   0.12629  -0.0044   1.0000   1.0000   1.0000 101.0000
   7.000  -0.0808   0.26893   0.12384  -0.0031   1.0000   1.0000   1.0000 101.0000
   7.500  -0.0835   0.26529   0.12144  -0.0019   1.0000   1.0000   1.0000 101.0000
   8.000  -0.0864   0.26160   0.11908  -0.0006   1.0000   1.0000   1.0000 101.0000
   8.500  -0.0893   0.25788   0.11676   0.0007   1.0000   1.0000   1.0000 101.0000
   9.000  -0.0923   0.25413   0.11449   0.0019   1.0000   1.0000   1.0000 101.0000
   9.500  -0.0952   0.25039   0.11227   0.0032   1.0000   1.0000   1.0000 101.0000
  10.000  -0.0981   0.24667   0.11012   0.0044   1.0000   1.0000   1.0000 101.0000
  10.500  -0.1008   0.24300   0.10803   0.0056   1.0000   1.0000   1.0000 101.0000
  11.000  -0.1032   0.23941   0.10601   0.0068   1.0000   1.0000   1.0000 101.0000
  11.500  -0.1048   0.23598   0.10416   0.0078   1.0000   1.0000   1.0000 101.0000
  12.000  -0.1056   0.23274   0.10250   0.0086   1.0000   1.0000   1.0000 101.0000
  12.500  -0.1052   0.22974   0.10107   0.0093   1.0000   1.0000   1.0000 101.0000
  13.000  -0.1035   0.22700   0.09990   0.0097   1.0000   1.0000   1.0000 101.0000
  13.500  -0.1004   0.22454   0.09903   0.0099   1.0000   1.0000   1.0000 101.0000
  14.000  -0.0960   0.22238   0.09849   0.0099   1.0000   1.0000   1.0000 101.0000
  14.500  -0.0901   0.22050   0.09830   0.0096   1.0000   1.0000   1.0000 101.0000
  15.000  -0.0830   0.21891   0.09845   0.0091   1.0000   1.0000   1.0000 101.0000
