  
       XFOIL         Version 6.99
  
 Calculated polar for: 002370                                          
  
 1 1 Reynolds number fixed          Mach number fixed         
  
 xtrf =   1.000 (top)        1.000 (bottom)  
 Mach =   0.100     Re =     0.001 e 6     Ncrit =   9.000  9.000
  
   alpha    CL        CD       CDp       CM     Top_Xtr  Bot_Xtr  Top_Itr  Bot_Itr
  ------ -------- --------- --------- -------- -------- -------- -------- --------
   2.000  -0.1235   0.28117   0.13638  -0.0212   1.0000   1.0000   1.0000 101.0000
   2.500  -0.1230   0.27729   0.13253  -0.0202   1.0000   1.0000   1.0000 101.0000
   3.000  -0.1227   0.27334   0.12873  -0.0191   1.0000   1.0000   1.0000 101.0000
   3.500  -0.1225   0.26933   0.12496  -0.0180   1.0000   1.0000   1.0000 101.0000
   4.000  -0.1225   0.26526   0.12123  -0.0169   1.0000   1.0000   1.0000 101.0000
   4.500  -0.1227   0.26114   0.11756  -0.0157   1.0000   1.0000   1.0000 101.0000
   5.000  -0.1231   0.25695   0.11391  -0.0145   1.0000   1.0000   1.0000 101.0000
   5.500  -0.1237   0.25272   0.11030  -0.0133   1.0000   1.0000   1.0000 101.0000
   6.000  -0.1244   0.24844   0.10673  -0.0120   1.0000   1.0000   1.0000 101.0000
   6.500  -0.1252   0.24412   0.10321  -0.0107   1.0000   1.0000   1.0000 101.0000
   7.000  -0.1261   0.23978   0.09975  -0.0095   1.0000   1.0000   1.0000 101.0000
   7.500  -0.1270   0.23545   0.09636  -0.0082   1.0000   1.0000   1.0000 101.0000
   8.000  -0.1277   0.23118   0.09304  -0.0070   1.0000   1.0000   1.0000 101.0000
   8.500  -0.1279   0.22706   0.08985  -0.0058   1.0000   1.0000   1.0000 101.0000
   9.000  -0.1270   0.22315   0.08683  -0.0049   1.0000   1.0000   1.0000 101.0000
   9.500  -0.1246   0.21953   0.08406  -0.0043   1.0000   1.0000   1.0000 101.0000
  10.000  -0.1202   0.21627   0.08159  -0.0039   1.0000   1.0000   1.0000 101.0000
  10.500  -0.1137   0.21340   0.07949  -0.0040   1.0000   1.0000   1.0000 101.0000
  11.000  -0.1049   0.21096   0.07779  -0.0044   1.0000   1.0000   1.0000 101.0000
  11.500  -0.0937   0.20896   0.07654  -0.0052   1.0000   1.0000   1.0000 101.0000
  12.000  -0.0804   0.20738   0.07577  -0.0063   1.0000   1.0000   1.0000 101.0000
  12.500  -0.0651   0.20621   0.07548  -0.0076   1.0000   1.0000   1.0000 101.0000
  13.000  -0.0481   0.20543   0.07567  -0.0093   1.0000   1.0000   1.0000 101.0000
  13.500  -0.0297   0.20502   0.07635  -0.0111   1.0000   1.0000   1.0000 101.0000
  14.000  -0.0101   0.20494   0.07749  -0.0131   1.0000   1.0000   1.0000 101.0000
  14.500   0.0104   0.20518   0.07910  -0.0152   1.0000   1.0000   1.0000 101.0000
  15.000   0.0315   0.20570   0.08116  -0.0175   1.0000   1.0000   1.0000 101.0000
