  
       XFOIL         Version 6.99
  
 Calculated polar for: 002397                                          
  
 1 1 Reynolds number fixed          Mach number fixed         
  
 xtrf =   1.000 (top)        1.000 (bottom)  
 Mach =   0.100     Re =     0.001 e 6     Ncrit =   9.000  9.000
  
   alpha    CL        CD       CDp       CM     Top_Xtr  Bot_Xtr  Top_Itr  Bot_Itr
  ------ -------- --------- --------- -------- -------- -------- -------- --------
   2.000  -0.0737   0.30364   0.15330  -0.0145   1.0000   1.0000   1.0000 101.0000
   2.500  -0.0748   0.30054   0.15037  -0.0134   1.0000   1.0000   1.0000 101.0000
   3.000  -0.0761   0.29738   0.14749  -0.0123   1.0000   1.0000   1.0000 101.0000
   3.500  -0.0775   0.29416   0.14464  -0.0112   1.0000   1.0000   1.0000 101.0000
   4.000  -0.0792   0.29088   0.14183  -0.0101   1.0000   1.0000   1.0000 101.0000
   4.500  -0.0810   0.28752   0.13904  -0.0089   1.0000   1.0000   1.0000 101.0000
   5.000  -0.0829   0.28410   0.13629  -0.0077   1.0000   1.0000   1.0000 101.0000
   5.500  -0.0851   0.28061   0.13359  -0.0065   1.0000   1.0000   1.0000 101.0000
   6.000  -0.0874   0.27704   0.13093  -0.0052   1.0000   1.0000   1.0000 101.0000
   6.500  -0.0900   0.27340   0.12831  -0.0040   1.0000   1.0000   1.0000 101.0000
   7.000  -0.0926   0.26971   0.12573  -0.0027   1.0000   1.0000   1.0000 101.0000
   7.500  -0.0954   0.26597   0.12319  -0.0014   1.0000   1.0000   1.0000 101.0000
   8.000  -0.0982   0.26220   0.12069  -0.0001   1.0000   1.0000   1.0000 101.0000
   8.500  -0.1011   0.25842   0.11824   0.0012   1.0000   1.0000   1.0000 101.0000
   9.000  -0.1038   0.25464   0.11585   0.0025   1.0000   1.0000   1.0000 101.0000
   9.500  -0.1064   0.25091   0.11353   0.0038   1.0000   1.0000   1.0000 101.0000
  10.000  -0.1089   0.24723   0.11128   0.0050   1.0000   1.0000   1.0000 101.0000
  10.500  -0.1108   0.24366   0.10913   0.0062   1.0000   1.0000   1.0000 101.0000
  11.000  -0.1120   0.24026   0.10711   0.0073   1.0000   1.0000   1.0000 101.0000
  11.500  -0.1121   0.23707   0.10532   0.0081   1.0000   1.0000   1.0000 101.0000
  12.000  -0.1111   0.23414   0.10378   0.0088   1.0000   1.0000   1.0000 101.0000
  12.500  -0.1086   0.23149   0.10251   0.0093   1.0000   1.0000   1.0000 101.0000
  13.000  -0.1048   0.22913   0.10155   0.0095   1.0000   1.0000   1.0000 101.0000
  13.500  -0.0995   0.22707   0.10092   0.0095   1.0000   1.0000   1.0000 101.0000
  14.000  -0.0930   0.22530   0.10063   0.0093   1.0000   1.0000   1.0000 101.0000
  14.500  -0.0852   0.22382   0.10070   0.0088   1.0000   1.0000   1.0000 101.0000
  15.000  -0.0763   0.22260   0.10111   0.0082   1.0000   1.0000   1.0000 101.0000
