  
       XFOIL         Version 6.99
  
 Calculated polar for: 002323                                          
  
 1 1 Reynolds number fixed          Mach number fixed         
  
 xtrf =   1.000 (top)        1.000 (bottom)  
 Mach =   0.100     Re =     0.001 e 6     Ncrit =   9.000  9.000
  
   alpha    CL        CD       CDp       CM     Top_Xtr  Bot_Xtr  Top_Itr  Bot_Itr
  ------ -------- --------- --------- -------- -------- -------- -------- --------
   2.000  -0.0919   0.28064   0.12876  -0.0196   1.0000   1.0000   1.0000 101.0000
   2.500  -0.0915   0.27728   0.12546  -0.0184   1.0000   1.0000   1.0000 101.0000
   3.000  -0.0913   0.27387   0.12219  -0.0172   1.0000   1.0000   1.0000 101.0000
   3.500  -0.0912   0.27041   0.11897  -0.0159   1.0000   1.0000   1.0000 101.0000
   4.000  -0.0914   0.26691   0.11579  -0.0146   1.0000   1.0000   1.0000 101.0000
   4.500  -0.0918   0.26337   0.11267  -0.0133   1.0000   1.0000   1.0000 101.0000
   5.000  -0.0924   0.25979   0.10960  -0.0119   1.0000   1.0000   1.0000 101.0000
   5.500  -0.0932   0.25616   0.10658  -0.0105   1.0000   1.0000   1.0000 101.0000
   6.000  -0.0942   0.25250   0.10361  -0.0091   1.0000   1.0000   1.0000 101.0000
   6.500  -0.0954   0.24882   0.10069  -0.0077   1.0000   1.0000   1.0000 101.0000
   7.000  -0.0967   0.24511   0.09784  -0.0062   1.0000   1.0000   1.0000 101.0000
   7.500  -0.0980   0.24141   0.09504  -0.0048   1.0000   1.0000   1.0000 101.0000
   8.000  -0.0993   0.23772   0.09231  -0.0033   1.0000   1.0000   1.0000 101.0000
   8.500  -0.1006   0.23406   0.08967  -0.0019   1.0000   1.0000   1.0000 101.0000
   9.000  -0.1014   0.23050   0.08713  -0.0006   1.0000   1.0000   1.0000 101.0000
   9.500  -0.1015   0.22709   0.08476   0.0007   1.0000   1.0000   1.0000 101.0000
  10.000  -0.1004   0.22391   0.08259   0.0017   1.0000   1.0000   1.0000 101.0000
  10.500  -0.0979   0.22099   0.08068   0.0024   1.0000   1.0000   1.0000 101.0000
  11.000  -0.0937   0.21838   0.07906   0.0029   1.0000   1.0000   1.0000 101.0000
  11.500  -0.0879   0.21610   0.07779   0.0031   1.0000   1.0000   1.0000 101.0000
  12.000  -0.0804   0.21415   0.07688   0.0030   1.0000   1.0000   1.0000 101.0000
  12.500  -0.0712   0.21253   0.07635   0.0027   1.0000   1.0000   1.0000 101.0000
  13.000  -0.0606   0.21123   0.07621   0.0021   1.0000   1.0000   1.0000 101.0000
  13.500  -0.0487   0.21025   0.07648   0.0013   1.0000   1.0000   1.0000 101.0000
  14.000  -0.0357   0.20955   0.07715   0.0002   1.0000   1.0000   1.0000 101.0000
  14.500  -0.0218   0.20912   0.07819  -0.0009   1.0000   1.0000   1.0000 101.0000
  15.000  -0.0070   0.20895   0.07965  -0.0023   1.0000   1.0000   1.0000 101.0000
