  
       XFOIL         Version 6.99
  
 Calculated polar for: 002339                                          
  
 1 1 Reynolds number fixed          Mach number fixed         
  
 xtrf =   1.000 (top)        1.000 (bottom)  
 Mach =   0.100     Re =     0.001 e 6     Ncrit =   9.000  9.000
  
   alpha    CL        CD       CDp       CM     Top_Xtr  Bot_Xtr  Top_Itr  Bot_Itr
  ------ -------- --------- --------- -------- -------- -------- -------- --------
   2.000  -0.1120   0.29611   0.15254  -0.0209   1.0000   1.0000   1.0000 101.0000
   2.500  -0.1115   0.29245   0.14883  -0.0199   1.0000   1.0000   1.0000 101.0000
   3.000  -0.1112   0.28874   0.14515  -0.0189   1.0000   1.0000   1.0000 101.0000
   3.500  -0.1110   0.28496   0.14152  -0.0179   1.0000   1.0000   1.0000 101.0000
   4.000  -0.1110   0.28111   0.13790  -0.0169   1.0000   1.0000   1.0000 101.0000
   4.500  -0.1111   0.27719   0.13432  -0.0158   1.0000   1.0000   1.0000 101.0000
   5.000  -0.1114   0.27320   0.13076  -0.0147   1.0000   1.0000   1.0000 101.0000
   5.500  -0.1119   0.26913   0.12723  -0.0136   1.0000   1.0000   1.0000 101.0000
   6.000  -0.1125   0.26499   0.12374  -0.0124   1.0000   1.0000   1.0000 101.0000
   6.500  -0.1133   0.26077   0.12029  -0.0113   1.0000   1.0000   1.0000 101.0000
   7.000  -0.1142   0.25649   0.11688  -0.0101   1.0000   1.0000   1.0000 101.0000
   7.500  -0.1153   0.25215   0.11351  -0.0088   1.0000   1.0000   1.0000 101.0000
   8.000  -0.1165   0.24778   0.11018  -0.0076   1.0000   1.0000   1.0000 101.0000
   8.500  -0.1178   0.24340   0.10690  -0.0064   1.0000   1.0000   1.0000 101.0000
   9.000  -0.1190   0.23903   0.10368  -0.0052   1.0000   1.0000   1.0000 101.0000
   9.500  -0.1203   0.23470   0.10052  -0.0040   1.0000   1.0000   1.0000 101.0000
  10.000  -0.1211   0.23049   0.09746  -0.0028   1.0000   1.0000   1.0000 101.0000
  10.500  -0.1212   0.22645   0.09456  -0.0019   1.0000   1.0000   1.0000 101.0000
  11.000  -0.1201   0.22267   0.09187  -0.0011   1.0000   1.0000   1.0000 101.0000
  11.500  -0.1174   0.21919   0.08945  -0.0006   1.0000   1.0000   1.0000 101.0000
  12.000  -0.1129   0.21608   0.08738  -0.0005   1.0000   1.0000   1.0000 101.0000
  12.500  -0.1063   0.21336   0.08569  -0.0007   1.0000   1.0000   1.0000 101.0000
  13.000  -0.0977   0.21106   0.08443  -0.0013   1.0000   1.0000   1.0000 101.0000
  13.500  -0.0870   0.20918   0.08363  -0.0022   1.0000   1.0000   1.0000 101.0000
  14.000  -0.0744   0.20770   0.08329  -0.0034   1.0000   1.0000   1.0000 101.0000
  14.500  -0.0600   0.20662   0.08344  -0.0049   1.0000   1.0000   1.0000 101.0000
  15.000  -0.0441   0.20591   0.08407  -0.0066   1.0000   1.0000   1.0000 101.0000
