  
       XFOIL         Version 6.99
  
 Calculated polar for: 002343                                          
  
 1 1 Reynolds number fixed          Mach number fixed         
  
 xtrf =   1.000 (top)        1.000 (bottom)  
 Mach =   0.100     Re =     0.001 e 6     Ncrit =   9.000  9.000
  
   alpha    CL        CD       CDp       CM     Top_Xtr  Bot_Xtr  Top_Itr  Bot_Itr
  ------ -------- --------- --------- -------- -------- -------- -------- --------
   2.000  -0.0863   0.29561   0.15089  -0.0160   1.0000   1.0000   1.0000 101.0000
   2.500  -0.0870   0.29212   0.14761  -0.0151   1.0000   1.0000   1.0000 101.0000
   3.000  -0.0878   0.28857   0.14436  -0.0141   1.0000   1.0000   1.0000 101.0000
   3.500  -0.0889   0.28494   0.14115  -0.0131   1.0000   1.0000   1.0000 101.0000
   4.000  -0.0901   0.28123   0.13798  -0.0121   1.0000   1.0000   1.0000 101.0000
   4.500  -0.0916   0.27745   0.13483  -0.0111   1.0000   1.0000   1.0000 101.0000
   5.000  -0.0932   0.27358   0.13172  -0.0100   1.0000   1.0000   1.0000 101.0000
   5.500  -0.0950   0.26963   0.12865  -0.0089   1.0000   1.0000   1.0000 101.0000
   6.000  -0.0971   0.26559   0.12562  -0.0078   1.0000   1.0000   1.0000 101.0000
   6.500  -0.0993   0.26149   0.12262  -0.0067   1.0000   1.0000   1.0000 101.0000
   7.000  -0.1017   0.25732   0.11963  -0.0056   1.0000   1.0000   1.0000 101.0000
   7.500  -0.1043   0.25311   0.11671  -0.0044   1.0000   1.0000   1.0000 101.0000
   8.000  -0.1069   0.24887   0.11383  -0.0033   1.0000   1.0000   1.0000 101.0000
   8.500  -0.1095   0.24464   0.11101  -0.0022   1.0000   1.0000   1.0000 101.0000
   9.000  -0.1121   0.24042   0.10823  -0.0011   1.0000   1.0000   1.0000 101.0000
   9.500  -0.1145   0.23629   0.10554  -0.0000   1.0000   1.0000   1.0000 101.0000
  10.000  -0.1163   0.23231   0.10297   0.0009   1.0000   1.0000   1.0000 101.0000
  10.500  -0.1169   0.22854   0.10060   0.0016   1.0000   1.0000   1.0000 101.0000
  11.000  -0.1163   0.22504   0.09848   0.0021   1.0000   1.0000   1.0000 101.0000
  11.500  -0.1139   0.22188   0.09668   0.0022   1.0000   1.0000   1.0000 101.0000
  12.000  -0.1096   0.21909   0.09524   0.0020   1.0000   1.0000   1.0000 101.0000
  12.500  -0.1034   0.21669   0.09421   0.0015   1.0000   1.0000   1.0000 101.0000
  13.000  -0.0952   0.21469   0.09358   0.0006   1.0000   1.0000   1.0000 101.0000
  13.500  -0.0851   0.21309   0.09345  -0.0005   1.0000   1.0000   1.0000 101.0000
  14.000  -0.0733   0.21188   0.09378  -0.0020   1.0000   1.0000   1.0000 101.0000
  14.500  -0.0599   0.21103   0.09459  -0.0036   1.0000   1.0000   1.0000 101.0000
  15.000  -0.0452   0.21053   0.09586  -0.0055   1.0000   1.0000   1.0000 101.0000
