  
       XFOIL         Version 6.99
  
 Calculated polar for: 002354                                          
  
 1 1 Reynolds number fixed          Mach number fixed         
  
 xtrf =   1.000 (top)        1.000 (bottom)  
 Mach =   0.100     Re =     0.001 e 6     Ncrit =   9.000  9.000
  
   alpha    CL        CD       CDp       CM     Top_Xtr  Bot_Xtr  Top_Itr  Bot_Itr
  ------ -------- --------- --------- -------- -------- -------- -------- --------
   2.000  -0.0866   0.29689   0.14742  -0.0161   1.0000   1.0000   1.0000 101.0000
   2.500  -0.0877   0.29348   0.14421  -0.0150   1.0000   1.0000   1.0000 101.0000
   3.000  -0.0890   0.29002   0.14105  -0.0140   1.0000   1.0000   1.0000 101.0000
   3.500  -0.0905   0.28649   0.13793  -0.0129   1.0000   1.0000   1.0000 101.0000
   4.000  -0.0921   0.28291   0.13485  -0.0118   1.0000   1.0000   1.0000 101.0000
   4.500  -0.0939   0.27925   0.13180  -0.0106   1.0000   1.0000   1.0000 101.0000
   5.000  -0.0959   0.27552   0.12880  -0.0095   1.0000   1.0000   1.0000 101.0000
   5.500  -0.0981   0.27173   0.12584  -0.0083   1.0000   1.0000   1.0000 101.0000
   6.000  -0.1005   0.26786   0.12290  -0.0070   1.0000   1.0000   1.0000 101.0000
   6.500  -0.1030   0.26393   0.12004  -0.0058   1.0000   1.0000   1.0000 101.0000
   7.000  -0.1056   0.25997   0.11722  -0.0045   1.0000   1.0000   1.0000 101.0000
   7.500  -0.1082   0.25598   0.11444  -0.0032   1.0000   1.0000   1.0000 101.0000
   8.000  -0.1109   0.25199   0.11173  -0.0020   1.0000   1.0000   1.0000 101.0000
   8.500  -0.1135   0.24802   0.10909  -0.0007   1.0000   1.0000   1.0000 101.0000
   9.000  -0.1159   0.24410   0.10651   0.0006   1.0000   1.0000   1.0000 101.0000
   9.500  -0.1180   0.24028   0.10403   0.0018   1.0000   1.0000   1.0000 101.0000
  10.000  -0.1195   0.23660   0.10168   0.0029   1.0000   1.0000   1.0000 101.0000
  10.500  -0.1200   0.23314   0.09952   0.0039   1.0000   1.0000   1.0000 101.0000
  11.000  -0.1192   0.22993   0.09760   0.0046   1.0000   1.0000   1.0000 101.0000
  11.500  -0.1171   0.22701   0.09596   0.0051   1.0000   1.0000   1.0000 101.0000
  12.000  -0.1134   0.22439   0.09459   0.0054   1.0000   1.0000   1.0000 101.0000
  12.500  -0.1081   0.22210   0.09361   0.0055   1.0000   1.0000   1.0000 101.0000
  13.000  -0.1014   0.22013   0.09298   0.0053   1.0000   1.0000   1.0000 101.0000
  13.500  -0.0932   0.21847   0.09273   0.0049   1.0000   1.0000   1.0000 101.0000
  14.000  -0.0838   0.21711   0.09286   0.0043   1.0000   1.0000   1.0000 101.0000
  14.500  -0.0733   0.21603   0.09336   0.0035   1.0000   1.0000   1.0000 101.0000
  15.000  -0.0617   0.21522   0.09423   0.0025   1.0000   1.0000   1.0000 101.0000
