  
       XFOIL         Version 6.99
  
 Calculated polar for: 002344                                          
  
 1 1 Reynolds number fixed          Mach number fixed         
  
 xtrf =   1.000 (top)        1.000 (bottom)  
 Mach =   0.100     Re =     0.001 e 6     Ncrit =   9.000  9.000
  
   alpha    CL        CD       CDp       CM     Top_Xtr  Bot_Xtr  Top_Itr  Bot_Itr
  ------ -------- --------- --------- -------- -------- -------- -------- --------
   2.000  -0.1558   0.29912   0.19910  -0.0258   1.0000   1.0000   1.0000 101.0000
   2.500  -0.1547   0.29589   0.19439  -0.0245   1.0000   1.0000   1.0000 101.0000
   3.000  -0.1538   0.29263   0.18976  -0.0231   1.0000   1.0000   1.0000 101.0000
   3.500  -0.1531   0.28934   0.18522  -0.0217   1.0000   1.0000   1.0000 101.0000
   4.000  -0.1525   0.28603   0.18073  -0.0203   1.0000   1.0000   1.0000 101.0000
   4.500  -0.1521   0.28268   0.17632  -0.0188   1.0000   1.0000   1.0000 101.0000
   5.000  -0.1519   0.27931   0.17198  -0.0173   1.0000   1.0000   1.0000 101.0000
   5.500  -0.1518   0.27592   0.16771  -0.0157   1.0000   1.0000   1.0000 101.0000
   6.000  -0.1519   0.27252   0.16351  -0.0141   1.0000   1.0000   1.0000 101.0000
   6.500  -0.1522   0.26910   0.15938  -0.0125   1.0000   1.0000   1.0000 101.0000
   7.000  -0.1525   0.26568   0.15533  -0.0108   1.0000   1.0000   1.0000 101.0000
   7.500  -0.1529   0.26227   0.15136  -0.0091   1.0000   1.0000   1.0000 101.0000
   8.000  -0.1532   0.25889   0.14748  -0.0074   1.0000   1.0000   1.0000 101.0000
   8.500  -0.1534   0.25556   0.14370  -0.0056   1.0000   1.0000   1.0000 101.0000
   9.000  -0.1533   0.25231   0.14004  -0.0040   1.0000   1.0000   1.0000 101.0000
   9.500  -0.1528   0.24916   0.13650  -0.0023   1.0000   1.0000   1.0000 101.0000
  10.000  -0.1517   0.24616   0.13314  -0.0007   1.0000   1.0000   1.0000 101.0000
  10.500  -0.1496   0.24335   0.13000   0.0007   1.0000   1.0000   1.0000 101.0000
  11.000  -0.1461   0.24078   0.12714   0.0019   1.0000   1.0000   1.0000 101.0000
  11.500  -0.1410   0.23848   0.12460   0.0029   1.0000   1.0000   1.0000 101.0000
  12.000  -0.1343   0.23647   0.12243   0.0036   1.0000   1.0000   1.0000 101.0000
  12.500  -0.1259   0.23475   0.12067   0.0041   1.0000   1.0000   1.0000 101.0000
  13.000  -0.1157   0.23332   0.11932   0.0043   1.0000   1.0000   1.0000 101.0000
  13.500  -0.1040   0.23219   0.11841   0.0043   1.0000   1.0000   1.0000 101.0000
  14.000  -0.0909   0.23133   0.11795   0.0040   1.0000   1.0000   1.0000 101.0000
  14.500  -0.0764   0.23074   0.11794   0.0036   1.0000   1.0000   1.0000 101.0000
  15.000  -0.0607   0.23041   0.11836   0.0030   1.0000   1.0000   1.0000 101.0000
