  
       XFOIL         Version 6.99
  
 Calculated polar for: 002310                                          
  
 1 1 Reynolds number fixed          Mach number fixed         
  
 xtrf =   1.000 (top)        1.000 (bottom)  
 Mach =   0.100     Re =     0.001 e 6     Ncrit =   9.000  9.000
  
   alpha    CL        CD       CDp       CM     Top_Xtr  Bot_Xtr  Top_Itr  Bot_Itr
  ------ -------- --------- --------- -------- -------- -------- -------- --------
   2.000  -0.1667   0.29725   0.20365  -0.0262   1.0000   1.0000   1.0000 101.0000
   2.500  -0.1661   0.29365   0.19847  -0.0251   1.0000   1.0000   1.0000 101.0000
   3.000  -0.1656   0.29000   0.19335  -0.0239   1.0000   1.0000   1.0000 101.0000
   3.500  -0.1653   0.28630   0.18830  -0.0227   1.0000   1.0000   1.0000 101.0000
   4.000  -0.1652   0.28256   0.18331  -0.0215   1.0000   1.0000   1.0000 101.0000
   4.500  -0.1654   0.27877   0.17838  -0.0202   1.0000   1.0000   1.0000 101.0000
   5.000  -0.1657   0.27494   0.17351  -0.0189   1.0000   1.0000   1.0000 101.0000
   5.500  -0.1663   0.27107   0.16871  -0.0175   1.0000   1.0000   1.0000 101.0000
   6.000  -0.1671   0.26718   0.16396  -0.0161   1.0000   1.0000   1.0000 101.0000
   6.500  -0.1680   0.26325   0.15928  -0.0147   1.0000   1.0000   1.0000 101.0000
   7.000  -0.1691   0.25933   0.15466  -0.0133   1.0000   1.0000   1.0000 101.0000
   7.500  -0.1702   0.25542   0.15012  -0.0118   1.0000   1.0000   1.0000 101.0000
   8.000  -0.1711   0.25156   0.14567  -0.0104   1.0000   1.0000   1.0000 101.0000
   8.500  -0.1718   0.24777   0.14132  -0.0090   1.0000   1.0000   1.0000 101.0000
   9.000  -0.1718   0.24413   0.13712  -0.0077   1.0000   1.0000   1.0000 101.0000
   9.500  -0.1707   0.24071   0.13315  -0.0067   1.0000   1.0000   1.0000 101.0000
  10.000  -0.1679   0.23755   0.12948  -0.0059   1.0000   1.0000   1.0000 101.0000
  10.500  -0.1629   0.23473   0.12619  -0.0054   1.0000   1.0000   1.0000 101.0000
  11.000  -0.1556   0.23229   0.12335  -0.0053   1.0000   1.0000   1.0000 101.0000
  11.500  -0.1457   0.23024   0.12102  -0.0057   1.0000   1.0000   1.0000 101.0000
  12.000  -0.1333   0.22859   0.11920  -0.0063   1.0000   1.0000   1.0000 101.0000
  12.500  -0.1185   0.22734   0.11797  -0.0074   1.0000   1.0000   1.0000 101.0000
  13.000  -0.1015   0.22647   0.11732  -0.0087   1.0000   1.0000   1.0000 101.0000
  13.500  -0.0826   0.22596   0.11725  -0.0103   1.0000   1.0000   1.0000 101.0000
  14.000  -0.0619   0.22580   0.11775  -0.0121   1.0000   1.0000   1.0000 101.0000
  14.500  -0.0398   0.22595   0.11882  -0.0141   1.0000   1.0000   1.0000 101.0000
  15.000  -0.0165   0.22638   0.12045  -0.0162   1.0000   1.0000   1.0000 101.0000
