  
       XFOIL         Version 6.99
  
 Calculated polar for: 002300                                          
  
 1 1 Reynolds number fixed          Mach number fixed         
  
 xtrf =   1.000 (top)        1.000 (bottom)  
 Mach =   0.100     Re =     0.001 e 6     Ncrit =   9.000  9.000
  
   alpha    CL        CD       CDp       CM     Top_Xtr  Bot_Xtr  Top_Itr  Bot_Itr
  ------ -------- --------- --------- -------- -------- -------- -------- --------
   2.000  -0.1432   0.30139   0.20687  -0.0229   1.0000   1.0000   1.0000 101.0000
   2.500  -0.1430   0.29797   0.20200  -0.0218   1.0000   1.0000   1.0000 101.0000
   3.000  -0.1431   0.29452   0.19721  -0.0206   1.0000   1.0000   1.0000 101.0000
   3.500  -0.1434   0.29102   0.19248  -0.0194   1.0000   1.0000   1.0000 101.0000
   4.000  -0.1440   0.28748   0.18783  -0.0181   1.0000   1.0000   1.0000 101.0000
   4.500  -0.1448   0.28390   0.18324  -0.0168   1.0000   1.0000   1.0000 101.0000
   5.000  -0.1458   0.28028   0.17872  -0.0155   1.0000   1.0000   1.0000 101.0000
   5.500  -0.1470   0.27663   0.17427  -0.0141   1.0000   1.0000   1.0000 101.0000
   6.000  -0.1485   0.27294   0.16989  -0.0127   1.0000   1.0000   1.0000 101.0000
   6.500  -0.1501   0.26924   0.16556  -0.0112   1.0000   1.0000   1.0000 101.0000
   7.000  -0.1519   0.26552   0.16131  -0.0097   1.0000   1.0000   1.0000 101.0000
   7.500  -0.1537   0.26183   0.15715  -0.0083   1.0000   1.0000   1.0000 101.0000
   8.000  -0.1554   0.25817   0.15309  -0.0068   1.0000   1.0000   1.0000 101.0000
   8.500  -0.1569   0.25457   0.14914  -0.0053   1.0000   1.0000   1.0000 101.0000
   9.000  -0.1581   0.25109   0.14531  -0.0039   1.0000   1.0000   1.0000 101.0000
   9.500  -0.1584   0.24777   0.14167  -0.0027   1.0000   1.0000   1.0000 101.0000
  10.000  -0.1575   0.24468   0.13830  -0.0016   1.0000   1.0000   1.0000 101.0000
  10.500  -0.1549   0.24188   0.13525  -0.0008   1.0000   1.0000   1.0000 101.0000
  11.000  -0.1503   0.23939   0.13259  -0.0003   1.0000   1.0000   1.0000 101.0000
  11.500  -0.1436   0.23725   0.13038  -0.0001   1.0000   1.0000   1.0000 101.0000
  12.000  -0.1348   0.23547   0.12864  -0.0002   1.0000   1.0000   1.0000 101.0000
  12.500  -0.1240   0.23403   0.12739  -0.0007   1.0000   1.0000   1.0000 101.0000
  13.000  -0.1112   0.23294   0.12669  -0.0014   1.0000   1.0000   1.0000 101.0000
  13.500  -0.0967   0.23219   0.12652  -0.0023   1.0000   1.0000   1.0000 101.0000
  14.000  -0.0806   0.23173   0.12688  -0.0035   1.0000   1.0000   1.0000 101.0000
  14.500  -0.0632   0.23157   0.12777  -0.0048   1.0000   1.0000   1.0000 101.0000
  15.000  -0.0447   0.23167   0.12917  -0.0063   1.0000   1.0000   1.0000 101.0000
