  
       XFOIL         Version 6.99
  
 Calculated polar for: 002390                                          
  
 1 1 Reynolds number fixed          Mach number fixed         
  
 xtrf =   1.000 (top)        1.000 (bottom)  
 Mach =   0.100     Re =     0.001 e 6     Ncrit =   9.000  9.000
  
   alpha    CL        CD       CDp       CM     Top_Xtr  Bot_Xtr  Top_Itr  Bot_Itr
  ------ -------- --------- --------- -------- -------- -------- -------- --------
   2.000  -0.1181   0.28230   0.13727  -0.0206   1.0000   1.0000   1.0000 101.0000
   2.500  -0.1177   0.27853   0.13358  -0.0196   1.0000   1.0000   1.0000 101.0000
   3.000  -0.1176   0.27469   0.12993  -0.0185   1.0000   1.0000   1.0000 101.0000
   3.500  -0.1176   0.27079   0.12632  -0.0174   1.0000   1.0000   1.0000 101.0000
   4.000  -0.1178   0.26683   0.12274  -0.0162   1.0000   1.0000   1.0000 101.0000
   4.500  -0.1181   0.26281   0.11920  -0.0151   1.0000   1.0000   1.0000 101.0000
   5.000  -0.1186   0.25873   0.11570  -0.0139   1.0000   1.0000   1.0000 101.0000
   5.500  -0.1193   0.25460   0.11224  -0.0126   1.0000   1.0000   1.0000 101.0000
   6.000  -0.1202   0.25041   0.10881  -0.0114   1.0000   1.0000   1.0000 101.0000
   6.500  -0.1212   0.24617   0.10543  -0.0101   1.0000   1.0000   1.0000 101.0000
   7.000  -0.1222   0.24190   0.10210  -0.0088   1.0000   1.0000   1.0000 101.0000
   7.500  -0.1232   0.23764   0.09883  -0.0076   1.0000   1.0000   1.0000 101.0000
   8.000  -0.1242   0.23341   0.09563  -0.0063   1.0000   1.0000   1.0000 101.0000
   8.500  -0.1249   0.22928   0.09253  -0.0051   1.0000   1.0000   1.0000 101.0000
   9.000  -0.1247   0.22534   0.08957  -0.0041   1.0000   1.0000   1.0000 101.0000
   9.500  -0.1232   0.22165   0.08683  -0.0034   1.0000   1.0000   1.0000 101.0000
  10.000  -0.1200   0.21827   0.08437  -0.0029   1.0000   1.0000   1.0000 101.0000
  10.500  -0.1148   0.21526   0.08223  -0.0028   1.0000   1.0000   1.0000 101.0000
  11.000  -0.1075   0.21265   0.08047  -0.0030   1.0000   1.0000   1.0000 101.0000
  11.500  -0.0979   0.21046   0.07915  -0.0036   1.0000   1.0000   1.0000 101.0000
  12.000  -0.0861   0.20869   0.07828  -0.0046   1.0000   1.0000   1.0000 101.0000
  12.500  -0.0724   0.20733   0.07788  -0.0058   1.0000   1.0000   1.0000 101.0000
  13.000  -0.0568   0.20636   0.07796  -0.0073   1.0000   1.0000   1.0000 101.0000
  13.500  -0.0396   0.20577   0.07852  -0.0091   1.0000   1.0000   1.0000 101.0000
  14.000  -0.0212   0.20553   0.07955  -0.0110   1.0000   1.0000   1.0000 101.0000
  14.500  -0.0017   0.20561   0.08104  -0.0131   1.0000   1.0000   1.0000 101.0000
  15.000   0.0187   0.20599   0.08298  -0.0154   1.0000   1.0000   1.0000 101.0000
