  
       XFOIL         Version 6.99
  
 Calculated polar for: 002389                                          
  
 1 1 Reynolds number fixed          Mach number fixed         
  
 xtrf =   1.000 (top)        1.000 (bottom)  
 Mach =   0.100     Re =     0.001 e 6     Ncrit =   9.000  9.000
  
   alpha    CL        CD       CDp       CM     Top_Xtr  Bot_Xtr  Top_Itr  Bot_Itr
  ------ -------- --------- --------- -------- -------- -------- -------- --------
   2.000  -0.1072   0.28859   0.14425  -0.0207   1.0000   1.0000   1.0000 101.0000
   2.500  -0.1068   0.28492   0.14056  -0.0197   1.0000   1.0000   1.0000 101.0000
   3.000  -0.1065   0.28118   0.13691  -0.0187   1.0000   1.0000   1.0000 101.0000
   3.500  -0.1064   0.27738   0.13332  -0.0176   1.0000   1.0000   1.0000 101.0000
   4.000  -0.1065   0.27351   0.12974  -0.0166   1.0000   1.0000   1.0000 101.0000
   4.500  -0.1068   0.26958   0.12620  -0.0154   1.0000   1.0000   1.0000 101.0000
   5.000  -0.1073   0.26558   0.12270  -0.0143   1.0000   1.0000   1.0000 101.0000
   5.500  -0.1079   0.26152   0.11923  -0.0131   1.0000   1.0000   1.0000 101.0000
   6.000  -0.1088   0.25739   0.11580  -0.0120   1.0000   1.0000   1.0000 101.0000
   6.500  -0.1098   0.25319   0.11240  -0.0107   1.0000   1.0000   1.0000 101.0000
   7.000  -0.1110   0.24893   0.10906  -0.0095   1.0000   1.0000   1.0000 101.0000
   7.500  -0.1123   0.24463   0.10576  -0.0083   1.0000   1.0000   1.0000 101.0000
   8.000  -0.1137   0.24031   0.10251  -0.0071   1.0000   1.0000   1.0000 101.0000
   8.500  -0.1151   0.23601   0.09933  -0.0058   1.0000   1.0000   1.0000 101.0000
   9.000  -0.1164   0.23177   0.09623  -0.0047   1.0000   1.0000   1.0000 101.0000
   9.500  -0.1171   0.22767   0.09324  -0.0036   1.0000   1.0000   1.0000 101.0000
  10.000  -0.1169   0.22378   0.09043  -0.0027   1.0000   1.0000   1.0000 101.0000
  10.500  -0.1152   0.22017   0.08786  -0.0022   1.0000   1.0000   1.0000 101.0000
  11.000  -0.1116   0.21690   0.08561  -0.0019   1.0000   1.0000   1.0000 101.0000
  11.500  -0.1060   0.21403   0.08373  -0.0020   1.0000   1.0000   1.0000 101.0000
  12.000  -0.0982   0.21157   0.08227  -0.0025   1.0000   1.0000   1.0000 101.0000
  12.500  -0.0882   0.20954   0.08126  -0.0034   1.0000   1.0000   1.0000 101.0000
  13.000  -0.0760   0.20795   0.08074  -0.0046   1.0000   1.0000   1.0000 101.0000
  13.500  -0.0618   0.20677   0.08070  -0.0061   1.0000   1.0000   1.0000 101.0000
  14.000  -0.0459   0.20598   0.08117  -0.0078   1.0000   1.0000   1.0000 101.0000
  14.500  -0.0285   0.20557   0.08213  -0.0098   1.0000   1.0000   1.0000 101.0000
  15.000  -0.0099   0.20551   0.08357  -0.0120   1.0000   1.0000   1.0000 101.0000
