  
       XFOIL         Version 6.99
  
 Calculated polar for: 002485                                          
  
 1 1 Reynolds number fixed          Mach number fixed         
  
 xtrf =   1.000 (top)        1.000 (bottom)  
 Mach =   0.100     Re =     0.001 e 6     Ncrit =   9.000  9.000
  
   alpha    CL        CD       CDp       CM     Top_Xtr  Bot_Xtr  Top_Itr  Bot_Itr
  ------ -------- --------- --------- -------- -------- -------- -------- --------
   2.000  -0.0956   0.29067   0.13888  -0.0202   1.0000   1.0000   1.0000 101.0000
   2.500  -0.0950   0.28741   0.13558  -0.0190   1.0000   1.0000   1.0000 101.0000
   3.000  -0.0945   0.28410   0.13232  -0.0178   1.0000   1.0000   1.0000 101.0000
   3.500  -0.0942   0.28074   0.12910  -0.0166   1.0000   1.0000   1.0000 101.0000
   4.000  -0.0941   0.27733   0.12593  -0.0153   1.0000   1.0000   1.0000 101.0000
   4.500  -0.0941   0.27388   0.12279  -0.0140   1.0000   1.0000   1.0000 101.0000
   5.000  -0.0943   0.27038   0.11971  -0.0127   1.0000   1.0000   1.0000 101.0000
   5.500  -0.0947   0.26683   0.11666  -0.0113   1.0000   1.0000   1.0000 101.0000
   6.000  -0.0952   0.26324   0.11367  -0.0099   1.0000   1.0000   1.0000 101.0000
   6.500  -0.0959   0.25960   0.11071  -0.0085   1.0000   1.0000   1.0000 101.0000
   7.000  -0.0967   0.25592   0.10781  -0.0071   1.0000   1.0000   1.0000 101.0000
   7.500  -0.0977   0.25220   0.10495  -0.0056   1.0000   1.0000   1.0000 101.0000
   8.000  -0.0987   0.24844   0.10217  -0.0041   1.0000   1.0000   1.0000 101.0000
   8.500  -0.0998   0.24467   0.09943  -0.0027   1.0000   1.0000   1.0000 101.0000
   9.000  -0.1008   0.24091   0.09677  -0.0012   1.0000   1.0000   1.0000 101.0000
   9.500  -0.1017   0.23718   0.09417   0.0002   1.0000   1.0000   1.0000 101.0000
  10.000  -0.1024   0.23355   0.09167   0.0016   1.0000   1.0000   1.0000 101.0000
  10.500  -0.1026   0.23005   0.08931   0.0029   1.0000   1.0000   1.0000 101.0000
  11.000  -0.1018   0.22674   0.08712   0.0040   1.0000   1.0000   1.0000 101.0000
  11.500  -0.0998   0.22367   0.08516   0.0050   1.0000   1.0000   1.0000 101.0000
  12.000  -0.0965   0.22088   0.08346   0.0056   1.0000   1.0000   1.0000 101.0000
  12.500  -0.0917   0.21838   0.08207   0.0061   1.0000   1.0000   1.0000 101.0000
  13.000  -0.0854   0.21620   0.08101   0.0063   1.0000   1.0000   1.0000 101.0000
  13.500  -0.0776   0.21433   0.08030   0.0062   1.0000   1.0000   1.0000 101.0000
  14.000  -0.0685   0.21277   0.07995   0.0059   1.0000   1.0000   1.0000 101.0000
  14.500  -0.0580   0.21150   0.07999   0.0053   1.0000   1.0000   1.0000 101.0000
  15.000  -0.0464   0.21052   0.08041   0.0046   1.0000   1.0000   1.0000 101.0000
