  
       XFOIL         Version 6.99
  
 Calculated polar for: 002405                                          
  
 1 1 Reynolds number fixed          Mach number fixed         
  
 xtrf =   1.000 (top)        1.000 (bottom)  
 Mach =   0.100     Re =     0.001 e 6     Ncrit =   9.000  9.000
  
   alpha    CL        CD       CDp       CM     Top_Xtr  Bot_Xtr  Top_Itr  Bot_Itr
  ------ -------- --------- --------- -------- -------- -------- -------- --------
   2.000  -0.1242   0.27840   0.13394  -0.0216   1.0000   1.0000   1.0000 101.0000
   2.500  -0.1235   0.27445   0.13001  -0.0206   1.0000   1.0000   1.0000 101.0000
   3.000  -0.1230   0.27045   0.12611  -0.0195   1.0000   1.0000   1.0000 101.0000
   3.500  -0.1227   0.26638   0.12226  -0.0184   1.0000   1.0000   1.0000 101.0000
   4.000  -0.1226   0.26226   0.11847  -0.0173   1.0000   1.0000   1.0000 101.0000
   4.500  -0.1227   0.25808   0.11470  -0.0161   1.0000   1.0000   1.0000 101.0000
   5.000  -0.1229   0.25384   0.11097  -0.0149   1.0000   1.0000   1.0000 101.0000
   5.500  -0.1234   0.24956   0.10729  -0.0137   1.0000   1.0000   1.0000 101.0000
   6.000  -0.1241   0.24524   0.10365  -0.0124   1.0000   1.0000   1.0000 101.0000
   6.500  -0.1248   0.24090   0.10007  -0.0112   1.0000   1.0000   1.0000 101.0000
   7.000  -0.1256   0.23655   0.09654  -0.0099   1.0000   1.0000   1.0000 101.0000
   7.500  -0.1263   0.23222   0.09308  -0.0087   1.0000   1.0000   1.0000 101.0000
   8.000  -0.1268   0.22799   0.08973  -0.0075   1.0000   1.0000   1.0000 101.0000
   8.500  -0.1265   0.22393   0.08652  -0.0065   1.0000   1.0000   1.0000 101.0000
   9.000  -0.1247   0.22013   0.08353  -0.0057   1.0000   1.0000   1.0000 101.0000
   9.500  -0.1212   0.21666   0.08081  -0.0052   1.0000   1.0000   1.0000 101.0000
  10.000  -0.1154   0.21358   0.07844  -0.0052   1.0000   1.0000   1.0000 101.0000
  10.500  -0.1072   0.21093   0.07646  -0.0055   1.0000   1.0000   1.0000 101.0000
  11.000  -0.0965   0.20874   0.07494  -0.0062   1.0000   1.0000   1.0000 101.0000
  11.500  -0.0834   0.20700   0.07390  -0.0073   1.0000   1.0000   1.0000 101.0000
  12.000  -0.0682   0.20569   0.07335  -0.0086   1.0000   1.0000   1.0000 101.0000
  12.500  -0.0510   0.20480   0.07330  -0.0103   1.0000   1.0000   1.0000 101.0000
  13.000  -0.0321   0.20430   0.07375  -0.0122   1.0000   1.0000   1.0000 101.0000
  13.500  -0.0120   0.20416   0.07469  -0.0142   1.0000   1.0000   1.0000 101.0000
  14.000   0.0092   0.20434   0.07611  -0.0164   1.0000   1.0000   1.0000 101.0000
  14.500   0.0310   0.20484   0.07801  -0.0187   1.0000   1.0000   1.0000 101.0000
  15.000   0.0534   0.20571   0.08037  -0.0211   1.0000   1.0000   1.0000 101.0000
