  
       XFOIL         Version 6.99
  
 Calculated polar for: 002412                                          
  
 1 1 Reynolds number fixed          Mach number fixed         
  
 xtrf =   1.000 (top)        1.000 (bottom)  
 Mach =   0.100     Re =     0.001 e 6     Ncrit =   9.000  9.000
  
   alpha    CL        CD       CDp       CM     Top_Xtr  Bot_Xtr  Top_Itr  Bot_Itr
  ------ -------- --------- --------- -------- -------- -------- -------- --------
   2.000  -0.1157   0.28775   0.14449  -0.0215   1.0000   1.0000   1.0000 101.0000
   2.500  -0.1154   0.28399   0.14073  -0.0205   1.0000   1.0000   1.0000 101.0000
   3.000  -0.1153   0.28015   0.13699  -0.0195   1.0000   1.0000   1.0000 101.0000
   3.500  -0.1153   0.27625   0.13332  -0.0184   1.0000   1.0000   1.0000 101.0000
   4.000  -0.1155   0.27228   0.12965  -0.0174   1.0000   1.0000   1.0000 101.0000
   4.500  -0.1159   0.26824   0.12602  -0.0163   1.0000   1.0000   1.0000 101.0000
   5.000  -0.1165   0.26413   0.12242  -0.0151   1.0000   1.0000   1.0000 101.0000
   5.500  -0.1173   0.25995   0.11885  -0.0140   1.0000   1.0000   1.0000 101.0000
   6.000  -0.1182   0.25570   0.11531  -0.0128   1.0000   1.0000   1.0000 101.0000
   6.500  -0.1193   0.25138   0.11181  -0.0116   1.0000   1.0000   1.0000 101.0000
   7.000  -0.1206   0.24701   0.10835  -0.0104   1.0000   1.0000   1.0000 101.0000
   7.500  -0.1219   0.24261   0.10494  -0.0091   1.0000   1.0000   1.0000 101.0000
   8.000  -0.1232   0.23821   0.10159  -0.0079   1.0000   1.0000   1.0000 101.0000
   8.500  -0.1246   0.23384   0.09830  -0.0067   1.0000   1.0000   1.0000 101.0000
   9.000  -0.1255   0.22957   0.09510  -0.0056   1.0000   1.0000   1.0000 101.0000
   9.500  -0.1257   0.22548   0.09205  -0.0047   1.0000   1.0000   1.0000 101.0000
  10.000  -0.1245   0.22166   0.08921  -0.0039   1.0000   1.0000   1.0000 101.0000
  10.500  -0.1216   0.21815   0.08665  -0.0035   1.0000   1.0000   1.0000 101.0000
  11.000  -0.1167   0.21503   0.08444  -0.0035   1.0000   1.0000   1.0000 101.0000
  11.500  -0.1095   0.21233   0.08263  -0.0039   1.0000   1.0000   1.0000 101.0000
  12.000  -0.0999   0.21007   0.08126  -0.0046   1.0000   1.0000   1.0000 101.0000
  12.500  -0.0880   0.20826   0.08037  -0.0057   1.0000   1.0000   1.0000 101.0000
  13.000  -0.0740   0.20687   0.07997  -0.0071   1.0000   1.0000   1.0000 101.0000
  13.500  -0.0581   0.20591   0.08008  -0.0088   1.0000   1.0000   1.0000 101.0000
  14.000  -0.0405   0.20534   0.08068  -0.0107   1.0000   1.0000   1.0000 101.0000
  14.500  -0.0214   0.20514   0.08177  -0.0129   1.0000   1.0000   1.0000 101.0000
  15.000  -0.0013   0.20528   0.08335  -0.0152   1.0000   1.0000   1.0000 101.0000
