  
       XFOIL         Version 6.99
  
 Calculated polar for: 002464                                          
  
 1 1 Reynolds number fixed          Mach number fixed         
  
 xtrf =   1.000 (top)        1.000 (bottom)  
 Mach =   0.100     Re =     0.001 e 6     Ncrit =   9.000  9.000
  
   alpha    CL        CD       CDp       CM     Top_Xtr  Bot_Xtr  Top_Itr  Bot_Itr
  ------ -------- --------- --------- -------- -------- -------- -------- --------
   2.000  -0.1368   0.28446   0.14035  -0.0222   1.0000   1.0000   1.0000 101.0000
   2.500  -0.1361   0.28043   0.13629  -0.0212   1.0000   1.0000   1.0000 101.0000
   3.000  -0.1355   0.27634   0.13226  -0.0202   1.0000   1.0000   1.0000 101.0000
   3.500  -0.1351   0.27220   0.12830  -0.0191   1.0000   1.0000   1.0000 101.0000
   4.000  -0.1348   0.26799   0.12435  -0.0180   1.0000   1.0000   1.0000 101.0000
   4.500  -0.1347   0.26372   0.12043  -0.0168   1.0000   1.0000   1.0000 101.0000
   5.000  -0.1348   0.25939   0.11655  -0.0156   1.0000   1.0000   1.0000 101.0000
   5.500  -0.1350   0.25501   0.11271  -0.0144   1.0000   1.0000   1.0000 101.0000
   6.000  -0.1354   0.25058   0.10892  -0.0132   1.0000   1.0000   1.0000 101.0000
   6.500  -0.1359   0.24610   0.10517  -0.0119   1.0000   1.0000   1.0000 101.0000
   7.000  -0.1364   0.24161   0.10148  -0.0106   1.0000   1.0000   1.0000 101.0000
   7.500  -0.1369   0.23714   0.09785  -0.0093   1.0000   1.0000   1.0000 101.0000
   8.000  -0.1373   0.23272   0.09430  -0.0081   1.0000   1.0000   1.0000 101.0000
   8.500  -0.1373   0.22843   0.09086  -0.0069   1.0000   1.0000   1.0000 101.0000
   9.000  -0.1364   0.22434   0.08758  -0.0058   1.0000   1.0000   1.0000 101.0000
   9.500  -0.1340   0.22054   0.08453  -0.0050   1.0000   1.0000   1.0000 101.0000
  10.000  -0.1298   0.21708   0.08177  -0.0046   1.0000   1.0000   1.0000 101.0000
  10.500  -0.1235   0.21402   0.07935  -0.0044   1.0000   1.0000   1.0000 101.0000
  11.000  -0.1148   0.21139   0.07734  -0.0046   1.0000   1.0000   1.0000 101.0000
  11.500  -0.1039   0.20920   0.07577  -0.0052   1.0000   1.0000   1.0000 101.0000
  12.000  -0.0908   0.20743   0.07465  -0.0060   1.0000   1.0000   1.0000 101.0000
  12.500  -0.0757   0.20608   0.07400  -0.0072   1.0000   1.0000   1.0000 101.0000
  13.000  -0.0589   0.20512   0.07383  -0.0085   1.0000   1.0000   1.0000 101.0000
  13.500  -0.0406   0.20452   0.07413  -0.0101   1.0000   1.0000   1.0000 101.0000
  14.000  -0.0211   0.20426   0.07489  -0.0118   1.0000   1.0000   1.0000 101.0000
  14.500  -0.0008   0.20431   0.07611  -0.0137   1.0000   1.0000   1.0000 101.0000
  15.000   0.0203   0.20463   0.07774  -0.0157   1.0000   1.0000   1.0000 101.0000
