  
       XFOIL         Version 6.99
  
 Calculated polar for: 002456                                          
  
 1 1 Reynolds number fixed          Mach number fixed         
  
 xtrf =   1.000 (top)        1.000 (bottom)  
 Mach =   0.100     Re =     0.001 e 6     Ncrit =   9.000  9.000
  
   alpha    CL        CD       CDp       CM     Top_Xtr  Bot_Xtr  Top_Itr  Bot_Itr
  ------ -------- --------- --------- -------- -------- -------- -------- --------
   2.000  -0.2120   0.29679   0.20448  -0.0307   1.0000   1.0000   1.0000 101.0000
   2.500  -0.2107   0.29302   0.19899  -0.0296   1.0000   1.0000   1.0000 101.0000
   3.000  -0.2095   0.28922   0.19362  -0.0284   1.0000   1.0000   1.0000 101.0000
   3.500  -0.2085   0.28535   0.18823  -0.0272   1.0000   1.0000   1.0000 101.0000
   4.000  -0.2076   0.28144   0.18289  -0.0259   1.0000   1.0000   1.0000 101.0000
   4.500  -0.2068   0.27749   0.17761  -0.0246   1.0000   1.0000   1.0000 101.0000
   5.000  -0.2063   0.27350   0.17239  -0.0232   1.0000   1.0000   1.0000 101.0000
   5.500  -0.2058   0.26946   0.16721  -0.0218   1.0000   1.0000   1.0000 101.0000
   6.000  -0.2055   0.26541   0.16209  -0.0203   1.0000   1.0000   1.0000 101.0000
   6.500  -0.2053   0.26133   0.15703  -0.0188   1.0000   1.0000   1.0000 101.0000
   7.000  -0.2052   0.25725   0.15203  -0.0173   1.0000   1.0000   1.0000 101.0000
   7.500  -0.2050   0.25319   0.14711  -0.0158   1.0000   1.0000   1.0000 101.0000
   8.000  -0.2046   0.24918   0.14227  -0.0143   1.0000   1.0000   1.0000 101.0000
   8.500  -0.2040   0.24524   0.13753  -0.0128   1.0000   1.0000   1.0000 101.0000
   9.000  -0.2027   0.24146   0.13293  -0.0114   1.0000   1.0000   1.0000 101.0000
   9.500  -0.2003   0.23788   0.12854  -0.0101   1.0000   1.0000   1.0000 101.0000
  10.000  -0.1962   0.23458   0.12450  -0.0092   1.0000   1.0000   1.0000 101.0000
  10.500  -0.1900   0.23160   0.12075  -0.0086   1.0000   1.0000   1.0000 101.0000
  11.000  -0.1815   0.22899   0.11742  -0.0083   1.0000   1.0000   1.0000 101.0000
  11.500  -0.1703   0.22678   0.11457  -0.0084   1.0000   1.0000   1.0000 101.0000
  12.000  -0.1566   0.22497   0.11224  -0.0089   1.0000   1.0000   1.0000 101.0000
  12.500  -0.1404   0.22356   0.11044  -0.0097   1.0000   1.0000   1.0000 101.0000
  13.000  -0.1220   0.22253   0.10920  -0.0109   1.0000   1.0000   1.0000 101.0000
  13.500  -0.1014   0.22187   0.10850  -0.0122   1.0000   1.0000   1.0000 101.0000
  14.000  -0.0790   0.22155   0.10836  -0.0139   1.0000   1.0000   1.0000 101.0000
  14.500  -0.0551   0.22156   0.10876  -0.0156   1.0000   1.0000   1.0000 101.0000
  15.000  -0.0299   0.22186   0.10966  -0.0176   1.0000   1.0000   1.0000 101.0000
