  
       XFOIL         Version 6.99
  
 Calculated polar for: 002411                                          
  
 1 1 Reynolds number fixed          Mach number fixed         
  
 xtrf =   1.000 (top)        1.000 (bottom)  
 Mach =   0.100     Re =     0.001 e 6     Ncrit =   9.000  9.000
  
   alpha    CL        CD       CDp       CM     Top_Xtr  Bot_Xtr  Top_Itr  Bot_Itr
  ------ -------- --------- --------- -------- -------- -------- -------- --------
   2.000  -0.0813   0.29132   0.18835  -0.0207   1.0000   1.0000   1.0000 101.0000
   2.500  -0.0818   0.28856   0.18457  -0.0194   1.0000   1.0000   1.0000 101.0000
   3.000  -0.0826   0.28577   0.18087  -0.0180   1.0000   1.0000   1.0000 101.0000
   3.500  -0.0838   0.28294   0.17725  -0.0167   1.0000   1.0000   1.0000 101.0000
   4.000  -0.0853   0.28008   0.17371  -0.0152   1.0000   1.0000   1.0000 101.0000
   4.500  -0.0871   0.27718   0.17025  -0.0138   1.0000   1.0000   1.0000 101.0000
   5.000  -0.0892   0.27424   0.16685  -0.0123   1.0000   1.0000   1.0000 101.0000
   5.500  -0.0917   0.27127   0.16352  -0.0108   1.0000   1.0000   1.0000 101.0000
   6.000  -0.0945   0.26826   0.16027  -0.0093   1.0000   1.0000   1.0000 101.0000
   6.500  -0.0976   0.26522   0.15708  -0.0078   1.0000   1.0000   1.0000 101.0000
   7.000  -0.1009   0.26216   0.15394  -0.0062   1.0000   1.0000   1.0000 101.0000
   7.500  -0.1044   0.25909   0.15088  -0.0047   1.0000   1.0000   1.0000 101.0000
   8.000  -0.1079   0.25602   0.14788  -0.0031   1.0000   1.0000   1.0000 101.0000
   8.500  -0.1114   0.25298   0.14497  -0.0016   1.0000   1.0000   1.0000 101.0000
   9.000  -0.1148   0.24999   0.14214  -0.0001   1.0000   1.0000   1.0000 101.0000
   9.500  -0.1177   0.24710   0.13944   0.0012   1.0000   1.0000   1.0000 101.0000
  10.000  -0.1197   0.24436   0.13692   0.0024   1.0000   1.0000   1.0000 101.0000
  10.500  -0.1204   0.24183   0.13465   0.0034   1.0000   1.0000   1.0000 101.0000
  11.000  -0.1195   0.23953   0.13269   0.0041   1.0000   1.0000   1.0000 101.0000
  11.500  -0.1166   0.23751   0.13106   0.0045   1.0000   1.0000   1.0000 101.0000
  12.000  -0.1118   0.23580   0.12988   0.0045   1.0000   1.0000   1.0000 101.0000
  12.500  -0.1050   0.23441   0.12915   0.0043   1.0000   1.0000   1.0000 101.0000
  13.000  -0.0963   0.23332   0.12890   0.0037   1.0000   1.0000   1.0000 101.0000
  13.500  -0.0857   0.23254   0.12913   0.0028   1.0000   1.0000   1.0000 101.0000
  14.000  -0.0734   0.23205   0.12987   0.0017   1.0000   1.0000   1.0000 101.0000
  14.500  -0.0596   0.23184   0.13112   0.0004   1.0000   1.0000   1.0000 101.0000
  15.000  -0.0445   0.23190   0.13286  -0.0012   1.0000   1.0000   1.0000 101.0000
