  
       XFOIL         Version 6.99
  
 Calculated polar for: 002458                                          
  
 1 1 Reynolds number fixed          Mach number fixed         
  
 xtrf =   1.000 (top)        1.000 (bottom)  
 Mach =   0.100     Re =     0.001 e 6     Ncrit =   9.000  9.000
  
   alpha    CL        CD       CDp       CM     Top_Xtr  Bot_Xtr  Top_Itr  Bot_Itr
  ------ -------- --------- --------- -------- -------- -------- -------- --------
   2.000  -0.0818   0.29213   0.14730  -0.0170   1.0000   1.0000   1.0000 101.0000
   2.500  -0.0822   0.28859   0.14388  -0.0161   1.0000   1.0000   1.0000 101.0000
   3.000  -0.0828   0.28499   0.14051  -0.0151   1.0000   1.0000   1.0000 101.0000
   3.500  -0.0837   0.28131   0.13719  -0.0141   1.0000   1.0000   1.0000 101.0000
   4.000  -0.0847   0.27757   0.13390  -0.0131   1.0000   1.0000   1.0000 101.0000
   4.500  -0.0860   0.27376   0.13066  -0.0121   1.0000   1.0000   1.0000 101.0000
   5.000  -0.0876   0.26986   0.12745  -0.0110   1.0000   1.0000   1.0000 101.0000
   5.500  -0.0894   0.26589   0.12428  -0.0099   1.0000   1.0000   1.0000 101.0000
   6.000  -0.0914   0.26183   0.12114  -0.0088   1.0000   1.0000   1.0000 101.0000
   6.500  -0.0937   0.25770   0.11806  -0.0077   1.0000   1.0000   1.0000 101.0000
   7.000  -0.0961   0.25350   0.11503  -0.0066   1.0000   1.0000   1.0000 101.0000
   7.500  -0.0988   0.24926   0.11204  -0.0054   1.0000   1.0000   1.0000 101.0000
   8.000  -0.1015   0.24500   0.10910  -0.0043   1.0000   1.0000   1.0000 101.0000
   8.500  -0.1043   0.24074   0.10623  -0.0032   1.0000   1.0000   1.0000 101.0000
   9.000  -0.1070   0.23653   0.10341  -0.0021   1.0000   1.0000   1.0000 101.0000
   9.500  -0.1094   0.23243   0.10071  -0.0011   1.0000   1.0000   1.0000 101.0000
  10.000  -0.1108   0.22852   0.09817  -0.0004   1.0000   1.0000   1.0000 101.0000
  10.500  -0.1109   0.22488   0.09587   0.0002   1.0000   1.0000   1.0000 101.0000
  11.000  -0.1093   0.22156   0.09387   0.0004   1.0000   1.0000   1.0000 101.0000
  11.500  -0.1058   0.21862   0.09223   0.0002   1.0000   1.0000   1.0000 101.0000
  12.000  -0.1002   0.21608   0.09100  -0.0003   1.0000   1.0000   1.0000 101.0000
  12.500  -0.0924   0.21396   0.09018  -0.0011   1.0000   1.0000   1.0000 101.0000
  13.000  -0.0826   0.21227   0.08988  -0.0023   1.0000   1.0000   1.0000 101.0000
  13.500  -0.0708   0.21099   0.09008  -0.0038   1.0000   1.0000   1.0000 101.0000
  14.000  -0.0573   0.21011   0.09077  -0.0056   1.0000   1.0000   1.0000 101.0000
  14.500  -0.0423   0.20960   0.09196  -0.0076   1.0000   1.0000   1.0000 101.0000
  15.000  -0.0260   0.20944   0.09363  -0.0098   1.0000   1.0000   1.0000 101.0000
