  
       XFOIL         Version 6.99
  
 Calculated polar for: 002435                                          
  
 1 1 Reynolds number fixed          Mach number fixed         
  
 xtrf =   1.000 (top)        1.000 (bottom)  
 Mach =   0.100     Re =     0.001 e 6     Ncrit =   9.000  9.000
  
   alpha    CL        CD       CDp       CM     Top_Xtr  Bot_Xtr  Top_Itr  Bot_Itr
  ------ -------- --------- --------- -------- -------- -------- -------- --------
   2.000  -0.1788   0.30222   0.21245  -0.0266   1.0000   1.0000   1.0000 101.0000
   2.500  -0.1786   0.29863   0.20731  -0.0254   1.0000   1.0000   1.0000 101.0000
   3.000  -0.1786   0.29499   0.20222  -0.0242   1.0000   1.0000   1.0000 101.0000
   3.500  -0.1788   0.29129   0.19718  -0.0230   1.0000   1.0000   1.0000 101.0000
   4.000  -0.1792   0.28754   0.19219  -0.0217   1.0000   1.0000   1.0000 101.0000
   4.500  -0.1797   0.28374   0.18725  -0.0203   1.0000   1.0000   1.0000 101.0000
   5.000  -0.1805   0.27990   0.18236  -0.0189   1.0000   1.0000   1.0000 101.0000
   5.500  -0.1814   0.27600   0.17751  -0.0175   1.0000   1.0000   1.0000 101.0000
   6.000  -0.1825   0.27208   0.17270  -0.0161   1.0000   1.0000   1.0000 101.0000
   6.500  -0.1837   0.26812   0.16795  -0.0146   1.0000   1.0000   1.0000 101.0000
   7.000  -0.1849   0.26417   0.16325  -0.0130   1.0000   1.0000   1.0000 101.0000
   7.500  -0.1860   0.26023   0.15862  -0.0115   1.0000   1.0000   1.0000 101.0000
   8.000  -0.1869   0.25634   0.15408  -0.0101   1.0000   1.0000   1.0000 101.0000
   8.500  -0.1875   0.25255   0.14965  -0.0086   1.0000   1.0000   1.0000 101.0000
   9.000  -0.1873   0.24891   0.14536  -0.0073   1.0000   1.0000   1.0000 101.0000
   9.500  -0.1858   0.24548   0.14129  -0.0061   1.0000   1.0000   1.0000 101.0000
  10.000  -0.1826   0.24235   0.13753  -0.0053   1.0000   1.0000   1.0000 101.0000
  10.500  -0.1772   0.23955   0.13413  -0.0047   1.0000   1.0000   1.0000 101.0000
  11.000  -0.1696   0.23712   0.13116  -0.0045   1.0000   1.0000   1.0000 101.0000
  11.500  -0.1595   0.23507   0.12868  -0.0046   1.0000   1.0000   1.0000 101.0000
  12.000  -0.1470   0.23341   0.12670  -0.0050   1.0000   1.0000   1.0000 101.0000
  12.500  -0.1323   0.23213   0.12525  -0.0058   1.0000   1.0000   1.0000 101.0000
  13.000  -0.1156   0.23121   0.12434  -0.0068   1.0000   1.0000   1.0000 101.0000
  13.500  -0.0971   0.23063   0.12397  -0.0080   1.0000   1.0000   1.0000 101.0000
  14.000  -0.0770   0.23037   0.12413  -0.0094   1.0000   1.0000   1.0000 101.0000
  14.500  -0.0556   0.23040   0.12480  -0.0110   1.0000   1.0000   1.0000 101.0000
  15.000  -0.0331   0.23069   0.12599  -0.0128   1.0000   1.0000   1.0000 101.0000
