  
       XFOIL         Version 6.99
  
 Calculated polar for: 002433                                          
  
 1 1 Reynolds number fixed          Mach number fixed         
  
 xtrf =   1.000 (top)        1.000 (bottom)  
 Mach =   0.100     Re =     0.001 e 6     Ncrit =   9.000  9.000
  
   alpha    CL        CD       CDp       CM     Top_Xtr  Bot_Xtr  Top_Itr  Bot_Itr
  ------ -------- --------- --------- -------- -------- -------- -------- --------
   2.000  -0.1331   0.28541   0.14073  -0.0213   1.0000   1.0000   1.0000 101.0000
   2.500  -0.1326   0.28150   0.13688  -0.0203   1.0000   1.0000   1.0000 101.0000
   3.000  -0.1323   0.27754   0.13306  -0.0192   1.0000   1.0000   1.0000 101.0000
   3.500  -0.1320   0.27351   0.12927  -0.0181   1.0000   1.0000   1.0000 101.0000
   4.000  -0.1320   0.26943   0.12552  -0.0170   1.0000   1.0000   1.0000 101.0000
   4.500  -0.1320   0.26529   0.12182  -0.0158   1.0000   1.0000   1.0000 101.0000
   5.000  -0.1323   0.26108   0.11814  -0.0146   1.0000   1.0000   1.0000 101.0000
   5.500  -0.1326   0.25682   0.11449  -0.0134   1.0000   1.0000   1.0000 101.0000
   6.000  -0.1331   0.25250   0.11089  -0.0121   1.0000   1.0000   1.0000 101.0000
   6.500  -0.1337   0.24813   0.10733  -0.0108   1.0000   1.0000   1.0000 101.0000
   7.000  -0.1343   0.24375   0.10382  -0.0095   1.0000   1.0000   1.0000 101.0000
   7.500  -0.1349   0.23938   0.10038  -0.0082   1.0000   1.0000   1.0000 101.0000
   8.000  -0.1355   0.23505   0.09700  -0.0069   1.0000   1.0000   1.0000 101.0000
   8.500  -0.1357   0.23082   0.09371  -0.0057   1.0000   1.0000   1.0000 101.0000
   9.000  -0.1352   0.22676   0.09056  -0.0046   1.0000   1.0000   1.0000 101.0000
   9.500  -0.1335   0.22294   0.08762  -0.0037   1.0000   1.0000   1.0000 101.0000
  10.000  -0.1303   0.21943   0.08493  -0.0030   1.0000   1.0000   1.0000 101.0000
  10.500  -0.1251   0.21628   0.08255  -0.0027   1.0000   1.0000   1.0000 101.0000
  11.000  -0.1179   0.21353   0.08054  -0.0027   1.0000   1.0000   1.0000 101.0000
  11.500  -0.1085   0.21118   0.07894  -0.0031   1.0000   1.0000   1.0000 101.0000
  12.000  -0.0971   0.20924   0.07777  -0.0037   1.0000   1.0000   1.0000 101.0000
  12.500  -0.0837   0.20771   0.07704  -0.0047   1.0000   1.0000   1.0000 101.0000
  13.000  -0.0686   0.20655   0.07678  -0.0059   1.0000   1.0000   1.0000 101.0000
  13.500  -0.0519   0.20576   0.07696  -0.0073   1.0000   1.0000   1.0000 101.0000
  14.000  -0.0339   0.20530   0.07761  -0.0089   1.0000   1.0000   1.0000 101.0000
  14.500  -0.0150   0.20516   0.07869  -0.0107   1.0000   1.0000   1.0000 101.0000
  15.000   0.0049   0.20531   0.08021  -0.0126   1.0000   1.0000   1.0000 101.0000
