  
       XFOIL         Version 6.99
  
 Calculated polar for: 002462                                          
  
 1 1 Reynolds number fixed          Mach number fixed         
  
 xtrf =   1.000 (top)        1.000 (bottom)  
 Mach =   0.100     Re =     0.001 e 6     Ncrit =   9.000  9.000
  
   alpha    CL        CD       CDp       CM     Top_Xtr  Bot_Xtr  Top_Itr  Bot_Itr
  ------ -------- --------- --------- -------- -------- -------- -------- --------
   2.000  -0.1040   0.29720   0.15347  -0.0199   1.0000   1.0000   1.0000 101.0000
   2.500  -0.1037   0.29360   0.14984  -0.0190   1.0000   1.0000   1.0000 101.0000
   3.000  -0.1036   0.28993   0.14625  -0.0180   1.0000   1.0000   1.0000 101.0000
   3.500  -0.1036   0.28620   0.14269  -0.0170   1.0000   1.0000   1.0000 101.0000
   4.000  -0.1038   0.28240   0.13917  -0.0160   1.0000   1.0000   1.0000 101.0000
   4.500  -0.1042   0.27853   0.13567  -0.0149   1.0000   1.0000   1.0000 101.0000
   5.000  -0.1047   0.27458   0.13220  -0.0138   1.0000   1.0000   1.0000 101.0000
   5.500  -0.1054   0.27056   0.12876  -0.0127   1.0000   1.0000   1.0000 101.0000
   6.000  -0.1063   0.26646   0.12537  -0.0116   1.0000   1.0000   1.0000 101.0000
   6.500  -0.1074   0.26228   0.12201  -0.0105   1.0000   1.0000   1.0000 101.0000
   7.000  -0.1086   0.25803   0.11868  -0.0093   1.0000   1.0000   1.0000 101.0000
   7.500  -0.1101   0.25373   0.11540  -0.0081   1.0000   1.0000   1.0000 101.0000
   8.000  -0.1116   0.24939   0.11216  -0.0069   1.0000   1.0000   1.0000 101.0000
   8.500  -0.1132   0.24503   0.10897  -0.0057   1.0000   1.0000   1.0000 101.0000
   9.000  -0.1148   0.24068   0.10583  -0.0045   1.0000   1.0000   1.0000 101.0000
   9.500  -0.1164   0.23636   0.10275  -0.0033   1.0000   1.0000   1.0000 101.0000
  10.000  -0.1177   0.23213   0.09977  -0.0022   1.0000   1.0000   1.0000 101.0000
  10.500  -0.1183   0.22807   0.09691  -0.0012   1.0000   1.0000   1.0000 101.0000
  11.000  -0.1178   0.22425   0.09427  -0.0005   1.0000   1.0000   1.0000 101.0000
  11.500  -0.1159   0.22072   0.09190  -0.0000   1.0000   1.0000   1.0000 101.0000
  12.000  -0.1121   0.21755   0.08986   0.0001   1.0000   1.0000   1.0000 101.0000
  12.500  -0.1064   0.21477   0.08819  -0.0000   1.0000   1.0000   1.0000 101.0000
  13.000  -0.0986   0.21240   0.08696  -0.0006   1.0000   1.0000   1.0000 101.0000
  13.500  -0.0887   0.21044   0.08617  -0.0015   1.0000   1.0000   1.0000 101.0000
  14.000  -0.0769   0.20889   0.08586  -0.0026   1.0000   1.0000   1.0000 101.0000
  14.500  -0.0634   0.20774   0.08603  -0.0041   1.0000   1.0000   1.0000 101.0000
  15.000  -0.0483   0.20697   0.08668  -0.0058   1.0000   1.0000   1.0000 101.0000
