  
       XFOIL         Version 6.99
  
 Calculated polar for: 002410                                          
  
 1 1 Reynolds number fixed          Mach number fixed         
  
 xtrf =   1.000 (top)        1.000 (bottom)  
 Mach =   0.100     Re =     0.001 e 6     Ncrit =   9.000  9.000
  
   alpha    CL        CD       CDp       CM     Top_Xtr  Bot_Xtr  Top_Itr  Bot_Itr
  ------ -------- --------- --------- -------- -------- -------- -------- --------
   2.000  -0.1320   0.29449   0.14997  -0.0211   1.0000   1.0000   1.0000 101.0000
   2.500  -0.1315   0.29055   0.14597  -0.0201   1.0000   1.0000   1.0000 101.0000
   3.000  -0.1310   0.28656   0.14201  -0.0191   1.0000   1.0000   1.0000 101.0000
   3.500  -0.1307   0.28250   0.13809  -0.0181   1.0000   1.0000   1.0000 101.0000
   4.000  -0.1305   0.27838   0.13421  -0.0170   1.0000   1.0000   1.0000 101.0000
   4.500  -0.1305   0.27418   0.13035  -0.0159   1.0000   1.0000   1.0000 101.0000
   5.000  -0.1306   0.26993   0.12653  -0.0148   1.0000   1.0000   1.0000 101.0000
   5.500  -0.1308   0.26561   0.12274  -0.0136   1.0000   1.0000   1.0000 101.0000
   6.000  -0.1312   0.26122   0.11901  -0.0124   1.0000   1.0000   1.0000 101.0000
   6.500  -0.1318   0.25679   0.11532  -0.0112   1.0000   1.0000   1.0000 101.0000
   7.000  -0.1324   0.25232   0.11167  -0.0099   1.0000   1.0000   1.0000 101.0000
   7.500  -0.1331   0.24783   0.10808  -0.0086   1.0000   1.0000   1.0000 101.0000
   8.000  -0.1338   0.24336   0.10456  -0.0073   1.0000   1.0000   1.0000 101.0000
   8.500  -0.1344   0.23893   0.10110  -0.0061   1.0000   1.0000   1.0000 101.0000
   9.000  -0.1349   0.23457   0.09772  -0.0048   1.0000   1.0000   1.0000 101.0000
   9.500  -0.1348   0.23037   0.09447  -0.0036   1.0000   1.0000   1.0000 101.0000
  10.000  -0.1338   0.22638   0.09140  -0.0026   1.0000   1.0000   1.0000 101.0000
  10.500  -0.1314   0.22268   0.08856  -0.0018   1.0000   1.0000   1.0000 101.0000
  11.000  -0.1274   0.21932   0.08602  -0.0012   1.0000   1.0000   1.0000 101.0000
  11.500  -0.1215   0.21634   0.08383  -0.0010   1.0000   1.0000   1.0000 101.0000
  12.000  -0.1136   0.21376   0.08203  -0.0010   1.0000   1.0000   1.0000 101.0000
  12.500  -0.1037   0.21157   0.08065  -0.0014   1.0000   1.0000   1.0000 101.0000
  13.000  -0.0921   0.20977   0.07970  -0.0020   1.0000   1.0000   1.0000 101.0000
  13.500  -0.0788   0.20835   0.07918  -0.0029   1.0000   1.0000   1.0000 101.0000
  14.000  -0.0640   0.20728   0.07912  -0.0040   1.0000   1.0000   1.0000 101.0000
  14.500  -0.0480   0.20653   0.07949  -0.0052   1.0000   1.0000   1.0000 101.0000
  15.000  -0.0310   0.20610   0.08030  -0.0067   1.0000   1.0000   1.0000 101.0000
