  
       XFOIL         Version 6.99
  
 Calculated polar for: 002496                                          
  
 1 1 Reynolds number fixed          Mach number fixed         
  
 xtrf =   1.000 (top)        1.000 (bottom)  
 Mach =   0.100     Re =     0.001 e 6     Ncrit =   9.000  9.000
  
   alpha    CL        CD       CDp       CM     Top_Xtr  Bot_Xtr  Top_Itr  Bot_Itr
  ------ -------- --------- --------- -------- -------- -------- -------- --------
   2.000  -0.2137   0.29167   0.19687  -0.0293   1.0000   1.0000   1.0000 101.0000
   2.500  -0.2125   0.28774   0.19124  -0.0282   1.0000   1.0000   1.0000 101.0000
   3.000  -0.2115   0.28377   0.18568  -0.0270   1.0000   1.0000   1.0000 101.0000
   3.500  -0.2107   0.27974   0.18018  -0.0257   1.0000   1.0000   1.0000 101.0000
   4.000  -0.2100   0.27568   0.17474  -0.0244   1.0000   1.0000   1.0000 101.0000
   4.500  -0.2095   0.27159   0.16939  -0.0231   1.0000   1.0000   1.0000 101.0000
   5.000  -0.2092   0.26746   0.16407  -0.0217   1.0000   1.0000   1.0000 101.0000
   5.500  -0.2090   0.26330   0.15881  -0.0203   1.0000   1.0000   1.0000 101.0000
   6.000  -0.2089   0.25914   0.15362  -0.0188   1.0000   1.0000   1.0000 101.0000
   6.500  -0.2088   0.25499   0.14849  -0.0173   1.0000   1.0000   1.0000 101.0000
   7.000  -0.2086   0.25088   0.14345  -0.0158   1.0000   1.0000   1.0000 101.0000
   7.500  -0.2081   0.24684   0.13852  -0.0143   1.0000   1.0000   1.0000 101.0000
   8.000  -0.2073   0.24292   0.13370  -0.0129   1.0000   1.0000   1.0000 101.0000
   8.500  -0.2054   0.23919   0.12906  -0.0116   1.0000   1.0000   1.0000 101.0000
   9.000  -0.2021   0.23571   0.12468  -0.0105   1.0000   1.0000   1.0000 101.0000
   9.500  -0.1967   0.23256   0.12064  -0.0098   1.0000   1.0000   1.0000 101.0000
  10.000  -0.1889   0.22978   0.11700  -0.0094   1.0000   1.0000   1.0000 101.0000
  10.500  -0.1785   0.22739   0.11382  -0.0093   1.0000   1.0000   1.0000 101.0000
  11.000  -0.1655   0.22542   0.11116  -0.0096   1.0000   1.0000   1.0000 101.0000
  11.500  -0.1499   0.22385   0.10902  -0.0103   1.0000   1.0000   1.0000 101.0000
  12.000  -0.1320   0.22268   0.10744  -0.0112   1.0000   1.0000   1.0000 101.0000
  12.500  -0.1120   0.22188   0.10640  -0.0125   1.0000   1.0000   1.0000 101.0000
  13.000  -0.0901   0.22142   0.10591  -0.0139   1.0000   1.0000   1.0000 101.0000
  13.500  -0.0667   0.22129   0.10596  -0.0155   1.0000   1.0000   1.0000 101.0000
  14.000  -0.0419   0.22146   0.10653  -0.0172   1.0000   1.0000   1.0000 101.0000
  14.500  -0.0161   0.22191   0.10763  -0.0191   1.0000   1.0000   1.0000 101.0000
  15.000   0.0106   0.22261   0.10922  -0.0210   1.0000   1.0000   1.0000 101.0000
