  
       XFOIL         Version 6.99
  
 Calculated polar for: 002400                                          
  
 1 1 Reynolds number fixed          Mach number fixed         
  
 xtrf =   1.000 (top)        1.000 (bottom)  
 Mach =   0.100     Re =     0.001 e 6     Ncrit =   9.000  9.000
  
   alpha    CL        CD       CDp       CM     Top_Xtr  Bot_Xtr  Top_Itr  Bot_Itr
  ------ -------- --------- --------- -------- -------- -------- -------- --------
   2.000  -0.1364   0.29768   0.15601  -0.0211   1.0000   1.0000   1.0000 101.0000
   2.500  -0.1365   0.29363   0.15197  -0.0202   1.0000   1.0000   1.0000 101.0000
   3.000  -0.1366   0.28951   0.14796  -0.0193   1.0000   1.0000   1.0000 101.0000
   3.500  -0.1369   0.28531   0.14397  -0.0183   1.0000   1.0000   1.0000 101.0000
   4.000  -0.1373   0.28103   0.14001  -0.0173   1.0000   1.0000   1.0000 101.0000
   4.500  -0.1378   0.27668   0.13607  -0.0163   1.0000   1.0000   1.0000 101.0000
   5.000  -0.1385   0.27225   0.13218  -0.0152   1.0000   1.0000   1.0000 101.0000
   5.500  -0.1393   0.26775   0.12832  -0.0141   1.0000   1.0000   1.0000 101.0000
   6.000  -0.1403   0.26318   0.12448  -0.0130   1.0000   1.0000   1.0000 101.0000
   6.500  -0.1414   0.25856   0.12069  -0.0118   1.0000   1.0000   1.0000 101.0000
   7.000  -0.1426   0.25390   0.11693  -0.0106   1.0000   1.0000   1.0000 101.0000
   7.500  -0.1438   0.24923   0.11322  -0.0094   1.0000   1.0000   1.0000 101.0000
   8.000  -0.1450   0.24457   0.10956  -0.0082   1.0000   1.0000   1.0000 101.0000
   8.500  -0.1461   0.23996   0.10596  -0.0070   1.0000   1.0000   1.0000 101.0000
   9.000  -0.1469   0.23543   0.10245  -0.0059   1.0000   1.0000   1.0000 101.0000
   9.500  -0.1471   0.23108   0.09906  -0.0048   1.0000   1.0000   1.0000 101.0000
  10.000  -0.1463   0.22696   0.09586  -0.0039   1.0000   1.0000   1.0000 101.0000
  10.500  -0.1439   0.22315   0.09292  -0.0032   1.0000   1.0000   1.0000 101.0000
  11.000  -0.1397   0.21972   0.09029  -0.0029   1.0000   1.0000   1.0000 101.0000
  11.500  -0.1334   0.21668   0.08802  -0.0028   1.0000   1.0000   1.0000 101.0000
  12.000  -0.1251   0.21408   0.08617  -0.0031   1.0000   1.0000   1.0000 101.0000
  12.500  -0.1146   0.21189   0.08476  -0.0036   1.0000   1.0000   1.0000 101.0000
  13.000  -0.1023   0.21012   0.08380  -0.0045   1.0000   1.0000   1.0000 101.0000
  13.500  -0.0882   0.20873   0.08329  -0.0055   1.0000   1.0000   1.0000 101.0000
  14.000  -0.0726   0.20771   0.08324  -0.0068   1.0000   1.0000   1.0000 101.0000
  14.500  -0.0557   0.20703   0.08364  -0.0083   1.0000   1.0000   1.0000 101.0000
  15.000  -0.0377   0.20666   0.08448  -0.0099   1.0000   1.0000   1.0000 101.0000
