  
       XFOIL         Version 6.99
  
 Calculated polar for: 002586                                          
  
 1 1 Reynolds number fixed          Mach number fixed         
  
 xtrf =   1.000 (top)        1.000 (bottom)  
 Mach =   0.100     Re =     0.001 e 6     Ncrit =   9.000  9.000
  
   alpha    CL        CD       CDp       CM     Top_Xtr  Bot_Xtr  Top_Itr  Bot_Itr
  ------ -------- --------- --------- -------- -------- -------- -------- --------
   2.000  -0.1310   0.29252   0.14827  -0.0220   1.0000   1.0000   1.0000 101.0000
   2.500  -0.1303   0.28866   0.14434  -0.0210   1.0000   1.0000   1.0000 101.0000
   3.000  -0.1297   0.28475   0.14047  -0.0200   1.0000   1.0000   1.0000 101.0000
   3.500  -0.1292   0.28077   0.13660  -0.0190   1.0000   1.0000   1.0000 101.0000
   4.000  -0.1289   0.27672   0.13276  -0.0179   1.0000   1.0000   1.0000 101.0000
   4.500  -0.1288   0.27261   0.12896  -0.0168   1.0000   1.0000   1.0000 101.0000
   5.000  -0.1287   0.26844   0.12518  -0.0156   1.0000   1.0000   1.0000 101.0000
   5.500  -0.1289   0.26420   0.12144  -0.0144   1.0000   1.0000   1.0000 101.0000
   6.000  -0.1291   0.25989   0.11774  -0.0132   1.0000   1.0000   1.0000 101.0000
   6.500  -0.1295   0.25553   0.11409  -0.0120   1.0000   1.0000   1.0000 101.0000
   7.000  -0.1301   0.25112   0.11048  -0.0107   1.0000   1.0000   1.0000 101.0000
   7.500  -0.1307   0.24668   0.10691  -0.0094   1.0000   1.0000   1.0000 101.0000
   8.000  -0.1313   0.24224   0.10341  -0.0081   1.0000   1.0000   1.0000 101.0000
   8.500  -0.1319   0.23783   0.09997  -0.0068   1.0000   1.0000   1.0000 101.0000
   9.000  -0.1324   0.23348   0.09660  -0.0055   1.0000   1.0000   1.0000 101.0000
   9.500  -0.1324   0.22926   0.09335  -0.0043   1.0000   1.0000   1.0000 101.0000
  10.000  -0.1315   0.22526   0.09028  -0.0033   1.0000   1.0000   1.0000 101.0000
  10.500  -0.1293   0.22152   0.08742  -0.0025   1.0000   1.0000   1.0000 101.0000
  11.000  -0.1254   0.21812   0.08485  -0.0019   1.0000   1.0000   1.0000 101.0000
  11.500  -0.1196   0.21509   0.08262  -0.0017   1.0000   1.0000   1.0000 101.0000
  12.000  -0.1117   0.21246   0.08077  -0.0018   1.0000   1.0000   1.0000 101.0000
  12.500  -0.1018   0.21025   0.07935  -0.0023   1.0000   1.0000   1.0000 101.0000
  13.000  -0.0899   0.20843   0.07837  -0.0030   1.0000   1.0000   1.0000 101.0000
  13.500  -0.0762   0.20701   0.07783  -0.0040   1.0000   1.0000   1.0000 101.0000
  14.000  -0.0609   0.20597   0.07776  -0.0052   1.0000   1.0000   1.0000 101.0000
  14.500  -0.0441   0.20527   0.07814  -0.0067   1.0000   1.0000   1.0000 101.0000
  15.000  -0.0263   0.20488   0.07895  -0.0083   1.0000   1.0000   1.0000 101.0000
