  
       XFOIL         Version 6.99
  
 Calculated polar for: 002580                                          
  
 1 1 Reynolds number fixed          Mach number fixed         
  
 xtrf =   1.000 (top)        1.000 (bottom)  
 Mach =   0.100     Re =     0.001 e 6     Ncrit =   9.000  9.000
  
   alpha    CL        CD       CDp       CM     Top_Xtr  Bot_Xtr  Top_Itr  Bot_Itr
  ------ -------- --------- --------- -------- -------- -------- -------- --------
   2.000  -0.1594   0.29894   0.20579  -0.0238   1.0000   1.0000   1.0000 101.0000
   2.500  -0.1591   0.29530   0.20059  -0.0228   1.0000   1.0000   1.0000 101.0000
   3.000  -0.1590   0.29160   0.19547  -0.0216   1.0000   1.0000   1.0000 101.0000
   3.500  -0.1592   0.28786   0.19041  -0.0205   1.0000   1.0000   1.0000 101.0000
   4.000  -0.1596   0.28407   0.18542  -0.0193   1.0000   1.0000   1.0000 101.0000
   4.500  -0.1602   0.28024   0.18049  -0.0180   1.0000   1.0000   1.0000 101.0000
   5.000  -0.1611   0.27637   0.17563  -0.0167   1.0000   1.0000   1.0000 101.0000
   5.500  -0.1621   0.27247   0.17084  -0.0154   1.0000   1.0000   1.0000 101.0000
   6.000  -0.1634   0.26854   0.16611  -0.0140   1.0000   1.0000   1.0000 101.0000
   6.500  -0.1649   0.26459   0.16145  -0.0126   1.0000   1.0000   1.0000 101.0000
   7.000  -0.1664   0.26065   0.15685  -0.0112   1.0000   1.0000   1.0000 101.0000
   7.500  -0.1679   0.25674   0.15236  -0.0098   1.0000   1.0000   1.0000 101.0000
   8.000  -0.1691   0.25290   0.14798  -0.0084   1.0000   1.0000   1.0000 101.0000
   8.500  -0.1700   0.24917   0.14373  -0.0071   1.0000   1.0000   1.0000 101.0000
   9.000  -0.1700   0.24563   0.13967  -0.0059   1.0000   1.0000   1.0000 101.0000
   9.500  -0.1686   0.24232   0.13587  -0.0049   1.0000   1.0000   1.0000 101.0000
  10.000  -0.1654   0.23933   0.13242  -0.0043   1.0000   1.0000   1.0000 101.0000
  10.500  -0.1599   0.23669   0.12939  -0.0039   1.0000   1.0000   1.0000 101.0000
  11.000  -0.1521   0.23443   0.12684  -0.0040   1.0000   1.0000   1.0000 101.0000
  11.500  -0.1419   0.23257   0.12481  -0.0043   1.0000   1.0000   1.0000 101.0000
  12.000  -0.1293   0.23110   0.12333  -0.0051   1.0000   1.0000   1.0000 101.0000
  12.500  -0.1145   0.23001   0.12241  -0.0061   1.0000   1.0000   1.0000 101.0000
  13.000  -0.0977   0.22927   0.12202  -0.0073   1.0000   1.0000   1.0000 101.0000
  13.500  -0.0793   0.22888   0.12225  -0.0088   1.0000   1.0000   1.0000 101.0000
  14.000  -0.0594   0.22880   0.12303  -0.0105   1.0000   1.0000   1.0000 101.0000
  14.500  -0.0383   0.22902   0.12437  -0.0123   1.0000   1.0000   1.0000 101.0000
  15.000  -0.0162   0.22949   0.12624  -0.0143   1.0000   1.0000   1.0000 101.0000
