  
       XFOIL         Version 6.99
  
 Calculated polar for: 002501                                          
  
 1 1 Reynolds number fixed          Mach number fixed         
  
 xtrf =   1.000 (top)        1.000 (bottom)  
 Mach =   0.100     Re =     0.001 e 6     Ncrit =   9.000  9.000
  
   alpha    CL        CD       CDp       CM     Top_Xtr  Bot_Xtr  Top_Itr  Bot_Itr
  ------ -------- --------- --------- -------- -------- -------- -------- --------
   2.000  -0.2023   0.30313   0.21338  -0.0284   1.0000   1.0000   1.0000 101.0000
   2.500  -0.2013   0.29939   0.20789  -0.0273   1.0000   1.0000   1.0000 101.0000
   3.000  -0.2004   0.29560   0.20246  -0.0262   1.0000   1.0000   1.0000 101.0000
   3.500  -0.1996   0.29176   0.19708  -0.0250   1.0000   1.0000   1.0000 101.0000
   4.000  -0.1990   0.28788   0.19177  -0.0238   1.0000   1.0000   1.0000 101.0000
   4.500  -0.1986   0.28396   0.18653  -0.0225   1.0000   1.0000   1.0000 101.0000
   5.000  -0.1983   0.27998   0.18133  -0.0212   1.0000   1.0000   1.0000 101.0000
   5.500  -0.1982   0.27598   0.17618  -0.0198   1.0000   1.0000   1.0000 101.0000
   6.000  -0.1982   0.27194   0.17108  -0.0184   1.0000   1.0000   1.0000 101.0000
   6.500  -0.1983   0.26788   0.16604  -0.0169   1.0000   1.0000   1.0000 101.0000
   7.000  -0.1985   0.26381   0.16106  -0.0155   1.0000   1.0000   1.0000 101.0000
   7.500  -0.1988   0.25975   0.15616  -0.0140   1.0000   1.0000   1.0000 101.0000
   8.000  -0.1988   0.25572   0.15133  -0.0125   1.0000   1.0000   1.0000 101.0000
   8.500  -0.1987   0.25177   0.14661  -0.0110   1.0000   1.0000   1.0000 101.0000
   9.000  -0.1981   0.24792   0.14200  -0.0095   1.0000   1.0000   1.0000 101.0000
   9.500  -0.1967   0.24424   0.13757  -0.0082   1.0000   1.0000   1.0000 101.0000
  10.000  -0.1940   0.24081   0.13338  -0.0071   1.0000   1.0000   1.0000 101.0000
  10.500  -0.1896   0.23766   0.12951  -0.0062   1.0000   1.0000   1.0000 101.0000
  11.000  -0.1830   0.23487   0.12604  -0.0057   1.0000   1.0000   1.0000 101.0000
  11.500  -0.1740   0.23245   0.12301  -0.0055   1.0000   1.0000   1.0000 101.0000
  12.000  -0.1627   0.23042   0.12047  -0.0057   1.0000   1.0000   1.0000 101.0000
  12.500  -0.1491   0.22877   0.11845  -0.0062   1.0000   1.0000   1.0000 101.0000
  13.000  -0.1333   0.22750   0.11696  -0.0069   1.0000   1.0000   1.0000 101.0000
  13.500  -0.1155   0.22659   0.11601  -0.0080   1.0000   1.0000   1.0000 101.0000
  14.000  -0.0959   0.22602   0.11560  -0.0092   1.0000   1.0000   1.0000 101.0000
  14.500  -0.0747   0.22577   0.11573  -0.0107   1.0000   1.0000   1.0000 101.0000
  15.000  -0.0523   0.22581   0.11637  -0.0123   1.0000   1.0000   1.0000 101.0000
