  
       XFOIL         Version 6.99
  
 Calculated polar for: 002518                                          
  
 1 1 Reynolds number fixed          Mach number fixed         
  
 xtrf =   1.000 (top)        1.000 (bottom)  
 Mach =   0.100     Re =     0.001 e 6     Ncrit =   9.000  9.000
  
   alpha    CL        CD       CDp       CM     Top_Xtr  Bot_Xtr  Top_Itr  Bot_Itr
  ------ -------- --------- --------- -------- -------- -------- -------- --------
   2.000  -0.0902   0.29448   0.14285  -0.0189   1.0000   1.0000   1.0000 101.0000
   2.500  -0.0899   0.29125   0.13962  -0.0178   1.0000   1.0000   1.0000 101.0000
   3.000  -0.0897   0.28796   0.13642  -0.0166   1.0000   1.0000   1.0000 101.0000
   3.500  -0.0897   0.28462   0.13326  -0.0154   1.0000   1.0000   1.0000 101.0000
   4.000  -0.0898   0.28123   0.13014  -0.0142   1.0000   1.0000   1.0000 101.0000
   4.500  -0.0901   0.27779   0.12706  -0.0130   1.0000   1.0000   1.0000 101.0000
   5.000  -0.0906   0.27430   0.12403  -0.0117   1.0000   1.0000   1.0000 101.0000
   5.500  -0.0912   0.27076   0.12104  -0.0104   1.0000   1.0000   1.0000 101.0000
   6.000  -0.0920   0.26717   0.11810  -0.0090   1.0000   1.0000   1.0000 101.0000
   6.500  -0.0930   0.26353   0.11520  -0.0077   1.0000   1.0000   1.0000 101.0000
   7.000  -0.0941   0.25983   0.11235  -0.0063   1.0000   1.0000   1.0000 101.0000
   7.500  -0.0954   0.25608   0.10955  -0.0049   1.0000   1.0000   1.0000 101.0000
   8.000  -0.0967   0.25230   0.10680  -0.0035   1.0000   1.0000   1.0000 101.0000
   8.500  -0.0982   0.24849   0.10412  -0.0020   1.0000   1.0000   1.0000 101.0000
   9.000  -0.0996   0.24469   0.10150  -0.0006   1.0000   1.0000   1.0000 101.0000
   9.500  -0.1009   0.24093   0.09895   0.0008   1.0000   1.0000   1.0000 101.0000
  10.000  -0.1021   0.23723   0.09648   0.0021   1.0000   1.0000   1.0000 101.0000
  10.500  -0.1029   0.23364   0.09413   0.0034   1.0000   1.0000   1.0000 101.0000
  11.000  -0.1029   0.23021   0.09193   0.0046   1.0000   1.0000   1.0000 101.0000
  11.500  -0.1020   0.22700   0.08993   0.0056   1.0000   1.0000   1.0000 101.0000
  12.000  -0.0998   0.22404   0.08818   0.0064   1.0000   1.0000   1.0000 101.0000
  12.500  -0.0963   0.22137   0.08672   0.0069   1.0000   1.0000   1.0000 101.0000
  13.000  -0.0913   0.21900   0.08557   0.0072   1.0000   1.0000   1.0000 101.0000
  13.500  -0.0849   0.21693   0.08476   0.0072   1.0000   1.0000   1.0000 101.0000
  14.000  -0.0770   0.21517   0.08432   0.0070   1.0000   1.0000   1.0000 101.0000
  14.500  -0.0679   0.21371   0.08422   0.0066   1.0000   1.0000   1.0000 101.0000
  15.000  -0.0576   0.21253   0.08451   0.0060   1.0000   1.0000   1.0000 101.0000
