  
       XFOIL         Version 6.99
  
 Calculated polar for: 002505                                          
  
 1 1 Reynolds number fixed          Mach number fixed         
  
 xtrf =   1.000 (top)        1.000 (bottom)  
 Mach =   0.100     Re =     0.001 e 6     Ncrit =   9.000  9.000
  
   alpha    CL        CD       CDp       CM     Top_Xtr  Bot_Xtr  Top_Itr  Bot_Itr
  ------ -------- --------- --------- -------- -------- -------- -------- --------
   2.000  -0.1294   0.29618   0.15283  -0.0218   1.0000   1.0000   1.0000 101.0000
   2.500  -0.1288   0.29235   0.14891  -0.0208   1.0000   1.0000   1.0000 101.0000
   3.000  -0.1282   0.28846   0.14505  -0.0199   1.0000   1.0000   1.0000 101.0000
   3.500  -0.1278   0.28450   0.14119  -0.0188   1.0000   1.0000   1.0000 101.0000
   4.000  -0.1275   0.28047   0.13736  -0.0178   1.0000   1.0000   1.0000 101.0000
   4.500  -0.1273   0.27638   0.13356  -0.0167   1.0000   1.0000   1.0000 101.0000
   5.000  -0.1273   0.27221   0.12979  -0.0156   1.0000   1.0000   1.0000 101.0000
   5.500  -0.1274   0.26798   0.12605  -0.0144   1.0000   1.0000   1.0000 101.0000
   6.000  -0.1277   0.26367   0.12235  -0.0133   1.0000   1.0000   1.0000 101.0000
   6.500  -0.1281   0.25930   0.11869  -0.0121   1.0000   1.0000   1.0000 101.0000
   7.000  -0.1287   0.25488   0.11507  -0.0108   1.0000   1.0000   1.0000 101.0000
   7.500  -0.1293   0.25042   0.11150  -0.0096   1.0000   1.0000   1.0000 101.0000
   8.000  -0.1300   0.24594   0.10797  -0.0083   1.0000   1.0000   1.0000 101.0000
   8.500  -0.1308   0.24147   0.10450  -0.0070   1.0000   1.0000   1.0000 101.0000
   9.000  -0.1314   0.23703   0.10110  -0.0058   1.0000   1.0000   1.0000 101.0000
   9.500  -0.1319   0.23268   0.09778  -0.0045   1.0000   1.0000   1.0000 101.0000
  10.000  -0.1318   0.22849   0.09459  -0.0034   1.0000   1.0000   1.0000 101.0000
  10.500  -0.1307   0.22451   0.09158  -0.0024   1.0000   1.0000   1.0000 101.0000
  11.000  -0.1282   0.22082   0.08882  -0.0017   1.0000   1.0000   1.0000 101.0000
  11.500  -0.1240   0.21747   0.08635  -0.0013   1.0000   1.0000   1.0000 101.0000
  12.000  -0.1179   0.21451   0.08424  -0.0012   1.0000   1.0000   1.0000 101.0000
  12.500  -0.1097   0.21196   0.08254  -0.0014   1.0000   1.0000   1.0000 101.0000
  13.000  -0.0995   0.20982   0.08126  -0.0020   1.0000   1.0000   1.0000 101.0000
  13.500  -0.0873   0.20808   0.08043  -0.0028   1.0000   1.0000   1.0000 101.0000
  14.000  -0.0734   0.20673   0.08006  -0.0039   1.0000   1.0000   1.0000 101.0000
  14.500  -0.0580   0.20575   0.08015  -0.0053   1.0000   1.0000   1.0000 101.0000
  15.000  -0.0411   0.20512   0.08068  -0.0068   1.0000   1.0000   1.0000 101.0000
