  
       XFOIL         Version 6.99
  
 Calculated polar for: 002594                                          
  
 1 1 Reynolds number fixed          Mach number fixed         
  
 xtrf =   1.000 (top)        1.000 (bottom)  
 Mach =   0.100     Re =     0.001 e 6     Ncrit =   9.000  9.000
  
   alpha    CL        CD       CDp       CM     Top_Xtr  Bot_Xtr  Top_Itr  Bot_Itr
  ------ -------- --------- --------- -------- -------- -------- -------- --------
   2.000  -0.1744   0.28932   0.18383  -0.0273   1.0000   1.0000   1.0000 101.0000
   2.500  -0.1728   0.28595   0.17899  -0.0259   1.0000   1.0000   1.0000 101.0000
   4.000  -0.1690   0.27574   0.16497  -0.0214   1.0000   1.0000   1.0000 101.0000
   4.500  -0.1681   0.27230   0.16044  -0.0198   1.0000   1.0000   1.0000 101.0000
   5.000  -0.1672   0.26885   0.15599  -0.0181   1.0000   1.0000   1.0000 101.0000
   5.500  -0.1665   0.26539   0.15162  -0.0164   1.0000   1.0000   1.0000 101.0000
   6.000  -0.1659   0.26195   0.14734  -0.0147   1.0000   1.0000   1.0000 101.0000
   6.500  -0.1653   0.25851   0.14314  -0.0129   1.0000   1.0000   1.0000 101.0000
   7.000  -0.1647   0.25512   0.13904  -0.0111   1.0000   1.0000   1.0000 101.0000
   7.500  -0.1639   0.25178   0.13505  -0.0093   1.0000   1.0000   1.0000 101.0000
   8.000  -0.1629   0.24851   0.13117  -0.0075   1.0000   1.0000   1.0000 101.0000
   8.500  -0.1615   0.24535   0.12742  -0.0057   1.0000   1.0000   1.0000 101.0000
   9.000  -0.1595   0.24233   0.12383  -0.0040   1.0000   1.0000   1.0000 101.0000
   9.500  -0.1566   0.23951   0.12048  -0.0024   1.0000   1.0000   1.0000 101.0000
  10.000  -0.1524   0.23691   0.11736  -0.0010   1.0000   1.0000   1.0000 101.0000
  10.500  -0.1466   0.23457   0.11454   0.0002   1.0000   1.0000   1.0000 101.0000
  11.000  -0.1392   0.23251   0.11207   0.0011   1.0000   1.0000   1.0000 101.0000
  11.500  -0.1301   0.23073   0.10998   0.0019   1.0000   1.0000   1.0000 101.0000
  12.000  -0.1193   0.22926   0.10829   0.0023   1.0000   1.0000   1.0000 101.0000
  12.500  -0.1069   0.22807   0.10702   0.0026   1.0000   1.0000   1.0000 101.0000
  13.000  -0.0930   0.22715   0.10617   0.0026   1.0000   1.0000   1.0000 101.0000
  13.500  -0.0778   0.22651   0.10576   0.0024   1.0000   1.0000   1.0000 101.0000
  14.000  -0.0614   0.22611   0.10579   0.0021   1.0000   1.0000   1.0000 101.0000
  14.500  -0.0441   0.22596   0.10622   0.0016   1.0000   1.0000   1.0000 101.0000
  15.000  -0.0259   0.22602   0.10711   0.0009   1.0000   1.0000   1.0000 101.0000
