  
       XFOIL         Version 6.99
  
 Calculated polar for: 002521                                          
  
 1 1 Reynolds number fixed          Mach number fixed         
  
 xtrf =   1.000 (top)        1.000 (bottom)  
 Mach =   0.100     Re =     0.001 e 6     Ncrit =   9.000  9.000
  
   alpha    CL        CD       CDp       CM     Top_Xtr  Bot_Xtr  Top_Itr  Bot_Itr
  ------ -------- --------- --------- -------- -------- -------- -------- --------
   2.000  -0.1174   0.29542   0.15198  -0.0215   1.0000   1.0000   1.0000 101.0000
   2.500  -0.1168   0.29173   0.14822  -0.0205   1.0000   1.0000   1.0000 101.0000
   3.000  -0.1164   0.28799   0.14452  -0.0196   1.0000   1.0000   1.0000 101.0000
   3.500  -0.1161   0.28417   0.14082  -0.0185   1.0000   1.0000   1.0000 101.0000
   4.000  -0.1159   0.28029   0.13714  -0.0175   1.0000   1.0000   1.0000 101.0000
   4.500  -0.1159   0.27634   0.13350  -0.0164   1.0000   1.0000   1.0000 101.0000
   5.000  -0.1160   0.27231   0.12989  -0.0153   1.0000   1.0000   1.0000 101.0000
   5.500  -0.1163   0.26822   0.12630  -0.0141   1.0000   1.0000   1.0000 101.0000
   6.000  -0.1168   0.26405   0.12275  -0.0130   1.0000   1.0000   1.0000 101.0000
   6.500  -0.1174   0.25981   0.11924  -0.0118   1.0000   1.0000   1.0000 101.0000
   7.000  -0.1181   0.25550   0.11577  -0.0106   1.0000   1.0000   1.0000 101.0000
   7.500  -0.1190   0.25115   0.11234  -0.0093   1.0000   1.0000   1.0000 101.0000
   8.000  -0.1201   0.24676   0.10896  -0.0081   1.0000   1.0000   1.0000 101.0000
   8.500  -0.1211   0.24236   0.10562  -0.0068   1.0000   1.0000   1.0000 101.0000
   9.000  -0.1221   0.23798   0.10235  -0.0056   1.0000   1.0000   1.0000 101.0000
   9.500  -0.1231   0.23365   0.09915  -0.0044   1.0000   1.0000   1.0000 101.0000
  10.000  -0.1236   0.22944   0.09605  -0.0032   1.0000   1.0000   1.0000 101.0000
  10.500  -0.1234   0.22542   0.09310  -0.0023   1.0000   1.0000   1.0000 101.0000
  11.000  -0.1218   0.22166   0.09038  -0.0015   1.0000   1.0000   1.0000 101.0000
  11.500  -0.1187   0.21821   0.08794  -0.0011   1.0000   1.0000   1.0000 101.0000
  12.000  -0.1137   0.21514   0.08584  -0.0010   1.0000   1.0000   1.0000 101.0000
  12.500  -0.1066   0.21246   0.08413  -0.0012   1.0000   1.0000   1.0000 101.0000
  13.000  -0.0974   0.21021   0.08286  -0.0018   1.0000   1.0000   1.0000 101.0000
  13.500  -0.0861   0.20837   0.08204  -0.0027   1.0000   1.0000   1.0000 101.0000
  14.000  -0.0729   0.20694   0.08169  -0.0039   1.0000   1.0000   1.0000 101.0000
  14.500  -0.0580   0.20590   0.08182  -0.0054   1.0000   1.0000   1.0000 101.0000
  15.000  -0.0416   0.20522   0.08240  -0.0071   1.0000   1.0000   1.0000 101.0000
