  
       XFOIL         Version 6.99
  
 Calculated polar for: 002567                                          
  
 1 1 Reynolds number fixed          Mach number fixed         
  
 xtrf =   1.000 (top)        1.000 (bottom)  
 Mach =   0.100     Re =     0.001 e 6     Ncrit =   9.000  9.000
  
   alpha    CL        CD       CDp       CM     Top_Xtr  Bot_Xtr  Top_Itr  Bot_Itr
  ------ -------- --------- --------- -------- -------- -------- -------- --------
   2.000  -0.1971   0.30353   0.21380  -0.0279   1.0000   1.0000   1.0000 101.0000
   2.500  -0.1962   0.29981   0.20835  -0.0268   1.0000   1.0000   1.0000 101.0000
   3.000  -0.1954   0.29605   0.20296  -0.0257   1.0000   1.0000   1.0000 101.0000
   3.500  -0.1947   0.29223   0.19762  -0.0245   1.0000   1.0000   1.0000 101.0000
   4.000  -0.1942   0.28837   0.19234  -0.0233   1.0000   1.0000   1.0000 101.0000
   4.500  -0.1938   0.28448   0.18714  -0.0220   1.0000   1.0000   1.0000 101.0000
   5.000  -0.1936   0.28053   0.18198  -0.0207   1.0000   1.0000   1.0000 101.0000
   5.500  -0.1936   0.27654   0.17687  -0.0193   1.0000   1.0000   1.0000 101.0000
   6.000  -0.1937   0.27252   0.17182  -0.0179   1.0000   1.0000   1.0000 101.0000
   6.500  -0.1940   0.26848   0.16682  -0.0165   1.0000   1.0000   1.0000 101.0000
   7.000  -0.1943   0.26443   0.16188  -0.0150   1.0000   1.0000   1.0000 101.0000
   7.500  -0.1947   0.26039   0.15702  -0.0135   1.0000   1.0000   1.0000 101.0000
   8.000  -0.1949   0.25638   0.15224  -0.0120   1.0000   1.0000   1.0000 101.0000
   8.500  -0.1949   0.25243   0.14755  -0.0106   1.0000   1.0000   1.0000 101.0000
   9.000  -0.1945   0.24859   0.14298  -0.0091   1.0000   1.0000   1.0000 101.0000
   9.500  -0.1934   0.24492   0.13859  -0.0078   1.0000   1.0000   1.0000 101.0000
  10.000  -0.1910   0.24148   0.13443  -0.0067   1.0000   1.0000   1.0000 101.0000
  10.500  -0.1868   0.23833   0.13059  -0.0058   1.0000   1.0000   1.0000 101.0000
  11.000  -0.1805   0.23553   0.12714  -0.0053   1.0000   1.0000   1.0000 101.0000
  11.500  -0.1719   0.23310   0.12414  -0.0051   1.0000   1.0000   1.0000 101.0000
  12.000  -0.1609   0.23106   0.12162  -0.0053   1.0000   1.0000   1.0000 101.0000
  12.500  -0.1476   0.22940   0.11963  -0.0057   1.0000   1.0000   1.0000 101.0000
  13.000  -0.1322   0.22812   0.11817  -0.0065   1.0000   1.0000   1.0000 101.0000
  13.500  -0.1147   0.22720   0.11725  -0.0075   1.0000   1.0000   1.0000 101.0000
  14.000  -0.0954   0.22662   0.11687  -0.0088   1.0000   1.0000   1.0000 101.0000
  14.500  -0.0746   0.22636   0.11703  -0.0102   1.0000   1.0000   1.0000 101.0000
  15.000  -0.0525   0.22639   0.11772  -0.0119   1.0000   1.0000   1.0000 101.0000
