  
       XFOIL         Version 6.99
  
 Calculated polar for: 002509                                          
  
 1 1 Reynolds number fixed          Mach number fixed         
  
 xtrf =   1.000 (top)        1.000 (bottom)  
 Mach =   0.100     Re =     0.001 e 6     Ncrit =   9.000  9.000
  
   alpha    CL        CD       CDp       CM     Top_Xtr  Bot_Xtr  Top_Itr  Bot_Itr
  ------ -------- --------- --------- -------- -------- -------- -------- --------
   2.000  -0.0952   0.29875   0.14687  -0.0185   1.0000   1.0000   1.0000 101.0000
   2.500  -0.0948   0.29548   0.14358  -0.0174   1.0000   1.0000   1.0000 101.0000
   3.000  -0.0945   0.29216   0.14033  -0.0163   1.0000   1.0000   1.0000 101.0000
   3.500  -0.0943   0.28880   0.13712  -0.0151   1.0000   1.0000   1.0000 101.0000
   4.000  -0.0943   0.28539   0.13395  -0.0139   1.0000   1.0000   1.0000 101.0000
   4.500  -0.0944   0.28193   0.13083  -0.0126   1.0000   1.0000   1.0000 101.0000
   5.000  -0.0947   0.27842   0.12775  -0.0114   1.0000   1.0000   1.0000 101.0000
   5.500  -0.0951   0.27487   0.12472  -0.0101   1.0000   1.0000   1.0000 101.0000
   6.000  -0.0957   0.27126   0.12174  -0.0087   1.0000   1.0000   1.0000 101.0000
   6.500  -0.0964   0.26760   0.11880  -0.0074   1.0000   1.0000   1.0000 101.0000
   7.000  -0.0972   0.26388   0.11592  -0.0060   1.0000   1.0000   1.0000 101.0000
   7.500  -0.0981   0.26012   0.11309  -0.0046   1.0000   1.0000   1.0000 101.0000
   8.000  -0.0992   0.25633   0.11032  -0.0032   1.0000   1.0000   1.0000 101.0000
   8.500  -0.1003   0.25252   0.10760  -0.0018   1.0000   1.0000   1.0000 101.0000
   9.000  -0.1014   0.24872   0.10496  -0.0003   1.0000   1.0000   1.0000 101.0000
   9.500  -0.1024   0.24495   0.10239   0.0011   1.0000   1.0000   1.0000 101.0000
  10.000  -0.1034   0.24122   0.09990   0.0025   1.0000   1.0000   1.0000 101.0000
  10.500  -0.1041   0.23758   0.09750   0.0039   1.0000   1.0000   1.0000 101.0000
  11.000  -0.1043   0.23406   0.09523   0.0052   1.0000   1.0000   1.0000 101.0000
  11.500  -0.1039   0.23072   0.09314   0.0063   1.0000   1.0000   1.0000 101.0000
  12.000  -0.1024   0.22760   0.09125   0.0073   1.0000   1.0000   1.0000 101.0000
  12.500  -0.0997   0.22474   0.08962   0.0081   1.0000   1.0000   1.0000 101.0000
  13.000  -0.0958   0.22214   0.08827   0.0087   1.0000   1.0000   1.0000 101.0000
  13.500  -0.0906   0.21983   0.08723   0.0090   1.0000   1.0000   1.0000 101.0000
  14.000  -0.0841   0.21781   0.08652   0.0092   1.0000   1.0000   1.0000 101.0000
  14.500  -0.0763   0.21607   0.08614   0.0090   1.0000   1.0000   1.0000 101.0000
  15.000  -0.0674   0.21461   0.08612   0.0087   1.0000   1.0000   1.0000 101.0000
