  
       XFOIL         Version 6.99
  
 Calculated polar for: 002548                                          
  
 1 1 Reynolds number fixed          Mach number fixed         
  
 xtrf =   1.000 (top)        1.000 (bottom)  
 Mach =   0.100     Re =     0.001 e 6     Ncrit =   9.000  9.000
  
   alpha    CL        CD       CDp       CM     Top_Xtr  Bot_Xtr  Top_Itr  Bot_Itr
  ------ -------- --------- --------- -------- -------- -------- -------- --------
   2.000  -0.0977   0.29809   0.14667  -0.0182   1.0000   1.0000   1.0000 101.0000
   2.500  -0.0978   0.29482   0.14343  -0.0170   1.0000   1.0000   1.0000 101.0000
   3.000  -0.0979   0.29149   0.14022  -0.0158   1.0000   1.0000   1.0000 101.0000
   3.500  -0.0982   0.28812   0.13704  -0.0146   1.0000   1.0000   1.0000 101.0000
   4.000  -0.0987   0.28469   0.13389  -0.0133   1.0000   1.0000   1.0000 101.0000
   4.500  -0.0993   0.28121   0.13079  -0.0120   1.0000   1.0000   1.0000 101.0000
   5.000  -0.1000   0.27767   0.12772  -0.0107   1.0000   1.0000   1.0000 101.0000
   5.500  -0.1009   0.27408   0.12469  -0.0094   1.0000   1.0000   1.0000 101.0000
   6.000  -0.1019   0.27044   0.12171  -0.0080   1.0000   1.0000   1.0000 101.0000
   6.500  -0.1030   0.26674   0.11876  -0.0066   1.0000   1.0000   1.0000 101.0000
   7.000  -0.1042   0.26300   0.11587  -0.0052   1.0000   1.0000   1.0000 101.0000
   7.500  -0.1055   0.25922   0.11303  -0.0037   1.0000   1.0000   1.0000 101.0000
   8.000  -0.1069   0.25543   0.11024  -0.0022   1.0000   1.0000   1.0000 101.0000
   8.500  -0.1081   0.25165   0.10752  -0.0008   1.0000   1.0000   1.0000 101.0000
   9.000  -0.1092   0.24791   0.10487   0.0007   1.0000   1.0000   1.0000 101.0000
   9.500  -0.1102   0.24423   0.10230   0.0021   1.0000   1.0000   1.0000 101.0000
  10.000  -0.1108   0.24064   0.09984   0.0035   1.0000   1.0000   1.0000 101.0000
  10.500  -0.1107   0.23722   0.09752   0.0048   1.0000   1.0000   1.0000 101.0000
  11.000  -0.1098   0.23400   0.09539   0.0059   1.0000   1.0000   1.0000 101.0000
  11.500  -0.1076   0.23102   0.09349   0.0069   1.0000   1.0000   1.0000 101.0000
  12.000  -0.1042   0.22831   0.09185   0.0076   1.0000   1.0000   1.0000 101.0000
  12.500  -0.0994   0.22589   0.09050   0.0081   1.0000   1.0000   1.0000 101.0000
  13.000  -0.0933   0.22376   0.08948   0.0084   1.0000   1.0000   1.0000 101.0000
  13.500  -0.0858   0.22193   0.08879   0.0085   1.0000   1.0000   1.0000 101.0000
  14.000  -0.0772   0.22038   0.08844   0.0084   1.0000   1.0000   1.0000 101.0000
  14.500  -0.0674   0.21909   0.08842   0.0080   1.0000   1.0000   1.0000 101.0000
  15.000  -0.0567   0.21807   0.08878   0.0075   1.0000   1.0000   1.0000 101.0000
