  
       XFOIL         Version 6.99
  
 Calculated polar for: 002514                                          
  
 1 1 Reynolds number fixed          Mach number fixed         
  
 xtrf =   1.000 (top)        1.000 (bottom)  
 Mach =   0.100     Re =     0.001 e 6     Ncrit =   9.000  9.000
  
   alpha    CL        CD       CDp       CM     Top_Xtr  Bot_Xtr  Top_Itr  Bot_Itr
  ------ -------- --------- --------- -------- -------- -------- -------- --------
   2.000  -0.0814   0.30324   0.15933  -0.0164   1.0000   1.0000   1.0000 101.0000
   2.500  -0.0819   0.29981   0.15599  -0.0155   1.0000   1.0000   1.0000 101.0000
   3.000  -0.0826   0.29630   0.15269  -0.0146   1.0000   1.0000   1.0000 101.0000
   3.500  -0.0835   0.29272   0.14942  -0.0137   1.0000   1.0000   1.0000 101.0000
   4.000  -0.0846   0.28907   0.14618  -0.0127   1.0000   1.0000   1.0000 101.0000
   4.500  -0.0858   0.28534   0.14298  -0.0117   1.0000   1.0000   1.0000 101.0000
   5.000  -0.0873   0.28152   0.13981  -0.0107   1.0000   1.0000   1.0000 101.0000
   5.500  -0.0890   0.27761   0.13667  -0.0097   1.0000   1.0000   1.0000 101.0000
   6.000  -0.0909   0.27362   0.13358  -0.0087   1.0000   1.0000   1.0000 101.0000
   6.500  -0.0929   0.26955   0.13052  -0.0076   1.0000   1.0000   1.0000 101.0000
   7.000  -0.0952   0.26541   0.12750  -0.0065   1.0000   1.0000   1.0000 101.0000
   7.500  -0.0977   0.26121   0.12452  -0.0055   1.0000   1.0000   1.0000 101.0000
   8.000  -0.1003   0.25695   0.12157  -0.0044   1.0000   1.0000   1.0000 101.0000
   8.500  -0.1031   0.25265   0.11866  -0.0032   1.0000   1.0000   1.0000 101.0000
   9.000  -0.1059   0.24834   0.11579  -0.0021   1.0000   1.0000   1.0000 101.0000
   9.500  -0.1087   0.24403   0.11298  -0.0011   1.0000   1.0000   1.0000 101.0000
  10.000  -0.1115   0.23976   0.11022  -0.0000   1.0000   1.0000   1.0000 101.0000
  10.500  -0.1139   0.23559   0.10755   0.0010   1.0000   1.0000   1.0000 101.0000
  11.000  -0.1156   0.23158   0.10503   0.0018   1.0000   1.0000   1.0000 101.0000
  11.500  -0.1162   0.22782   0.10272   0.0024   1.0000   1.0000   1.0000 101.0000
  12.000  -0.1153   0.22434   0.10066   0.0027   1.0000   1.0000   1.0000 101.0000
  12.500  -0.1127   0.22122   0.09897   0.0028   1.0000   1.0000   1.0000 101.0000
  13.000  -0.1081   0.21848   0.09766   0.0025   1.0000   1.0000   1.0000 101.0000
  13.500  -0.1017   0.21614   0.09678   0.0018   1.0000   1.0000   1.0000 101.0000
  14.000  -0.0933   0.21420   0.09635   0.0009   1.0000   1.0000   1.0000 101.0000
  14.500  -0.0831   0.21266   0.09638  -0.0004   1.0000   1.0000   1.0000 101.0000
  15.000  -0.0713   0.21150   0.09689  -0.0019   1.0000   1.0000   1.0000 101.0000
