  
       XFOIL         Version 6.99
  
 Calculated polar for: 002547                                          
  
 1 1 Reynolds number fixed          Mach number fixed         
  
 xtrf =   1.000 (top)        1.000 (bottom)  
 Mach =   0.100     Re =     0.001 e 6     Ncrit =   9.000  9.000
  
   alpha    CL        CD       CDp       CM     Top_Xtr  Bot_Xtr  Top_Itr  Bot_Itr
  ------ -------- --------- --------- -------- -------- -------- -------- --------
   2.000  -0.0984   0.29410   0.15021  -0.0200   1.0000   1.0000   1.0000 101.0000
   2.500  -0.0981   0.29056   0.14666  -0.0190   1.0000   1.0000   1.0000 101.0000
   3.000  -0.0981   0.28696   0.14315  -0.0180   1.0000   1.0000   1.0000 101.0000
   3.500  -0.0981   0.28330   0.13968  -0.0170   1.0000   1.0000   1.0000 101.0000
   4.000  -0.0984   0.27957   0.13623  -0.0160   1.0000   1.0000   1.0000 101.0000
   4.500  -0.0988   0.27576   0.13281  -0.0149   1.0000   1.0000   1.0000 101.0000
   5.000  -0.0994   0.27189   0.12943  -0.0138   1.0000   1.0000   1.0000 101.0000
   5.500  -0.1002   0.26794   0.12608  -0.0127   1.0000   1.0000   1.0000 101.0000
   6.000  -0.1012   0.26391   0.12276  -0.0115   1.0000   1.0000   1.0000 101.0000
   6.500  -0.1024   0.25980   0.11948  -0.0104   1.0000   1.0000   1.0000 101.0000
   7.000  -0.1037   0.25562   0.11624  -0.0092   1.0000   1.0000   1.0000 101.0000
   7.500  -0.1053   0.25138   0.11303  -0.0080   1.0000   1.0000   1.0000 101.0000
   8.000  -0.1069   0.24710   0.10987  -0.0068   1.0000   1.0000   1.0000 101.0000
   8.500  -0.1087   0.24280   0.10676  -0.0056   1.0000   1.0000   1.0000 101.0000
   9.000  -0.1104   0.23851   0.10371  -0.0044   1.0000   1.0000   1.0000 101.0000
   9.500  -0.1121   0.23425   0.10071  -0.0033   1.0000   1.0000   1.0000 101.0000
  10.000  -0.1134   0.23011   0.09782  -0.0022   1.0000   1.0000   1.0000 101.0000
  10.500  -0.1140   0.22614   0.09507  -0.0013   1.0000   1.0000   1.0000 101.0000
  11.000  -0.1132   0.22243   0.09256  -0.0007   1.0000   1.0000   1.0000 101.0000
  11.500  -0.1109   0.21903   0.09033  -0.0003   1.0000   1.0000   1.0000 101.0000
  12.000  -0.1066   0.21600   0.08844  -0.0003   1.0000   1.0000   1.0000 101.0000
  12.500  -0.1003   0.21336   0.08696  -0.0007   1.0000   1.0000   1.0000 101.0000
  13.000  -0.0919   0.21114   0.08591  -0.0014   1.0000   1.0000   1.0000 101.0000
  13.500  -0.0813   0.20935   0.08534  -0.0025   1.0000   1.0000   1.0000 101.0000
  14.000  -0.0687   0.20798   0.08526  -0.0039   1.0000   1.0000   1.0000 101.0000
  14.500  -0.0544   0.20700   0.08567  -0.0056   1.0000   1.0000   1.0000 101.0000
  15.000  -0.0384   0.20642   0.08658  -0.0076   1.0000   1.0000   1.0000 101.0000
