  
       XFOIL         Version 6.99
  
 Calculated polar for: 002593                                          
  
 1 1 Reynolds number fixed          Mach number fixed         
  
 xtrf =   1.000 (top)        1.000 (bottom)  
 Mach =   0.100     Re =     0.001 e 6     Ncrit =   9.000  9.000
  
   alpha    CL        CD       CDp       CM     Top_Xtr  Bot_Xtr  Top_Itr  Bot_Itr
  ------ -------- --------- --------- -------- -------- -------- -------- --------
   2.000  -0.2211   0.27794   0.17727  -0.0291   1.0000   1.0000   1.0000 101.0000
   2.500  -0.2200   0.27392   0.17177  -0.0279   1.0000   1.0000   1.0000 101.0000
   3.000  -0.2192   0.26986   0.16633  -0.0266   1.0000   1.0000   1.0000 101.0000
   3.500  -0.2185   0.26577   0.16096  -0.0252   1.0000   1.0000   1.0000 101.0000
   4.000  -0.2179   0.26166   0.15565  -0.0238   1.0000   1.0000   1.0000 101.0000
   4.500  -0.2176   0.25753   0.15041  -0.0223   1.0000   1.0000   1.0000 101.0000
   5.000  -0.2172   0.25339   0.14524  -0.0209   1.0000   1.0000   1.0000 101.0000
   5.500  -0.2169   0.24929   0.14017  -0.0194   1.0000   1.0000   1.0000 101.0000
   6.000  -0.2164   0.24522   0.13517  -0.0179   1.0000   1.0000   1.0000 101.0000
   6.500  -0.2156   0.24124   0.13026  -0.0164   1.0000   1.0000   1.0000 101.0000
   7.000  -0.2142   0.23741   0.12549  -0.0150   1.0000   1.0000   1.0000 101.0000
   7.500  -0.2116   0.23378   0.12092  -0.0138   1.0000   1.0000   1.0000 101.0000
   8.000  -0.2073   0.23044   0.11662  -0.0128   1.0000   1.0000   1.0000 101.0000
   8.500  -0.2006   0.22744   0.11267  -0.0122   1.0000   1.0000   1.0000 101.0000
   9.000  -0.1912   0.22482   0.10915  -0.0120   1.0000   1.0000   1.0000 101.0000
   9.500  -0.1791   0.22261   0.10609  -0.0122   1.0000   1.0000   1.0000 101.0000
  10.000  -0.1642   0.22081   0.10355  -0.0127   1.0000   1.0000   1.0000 101.0000
  10.500  -0.1467   0.21942   0.10153  -0.0136   1.0000   1.0000   1.0000 101.0000
  11.000  -0.1268   0.21841   0.10006  -0.0147   1.0000   1.0000   1.0000 101.0000
  11.500  -0.1048   0.21777   0.09914  -0.0161   1.0000   1.0000   1.0000 101.0000
  12.000  -0.0809   0.21749   0.09876  -0.0177   1.0000   1.0000   1.0000 101.0000
  12.500  -0.0555   0.21751   0.09891  -0.0195   1.0000   1.0000   1.0000 101.0000
  13.000  -0.0288   0.21784   0.09958  -0.0214   1.0000   1.0000   1.0000 101.0000
  13.500  -0.0012   0.21843   0.10076  -0.0234   1.0000   1.0000   1.0000 101.0000
  14.000   0.0273   0.21928   0.10242  -0.0254   1.0000   1.0000   1.0000 101.0000
  14.500   0.0563   0.22035   0.10457  -0.0276   1.0000   1.0000   1.0000 101.0000
  15.000   0.0857   0.22164   0.10718  -0.0298   1.0000   1.0000   1.0000 101.0000
