  
       XFOIL         Version 6.99
  
 Calculated polar for: 002549                                          
  
 1 1 Reynolds number fixed          Mach number fixed         
  
 xtrf =   1.000 (top)        1.000 (bottom)  
 Mach =   0.100     Re =     0.001 e 6     Ncrit =   9.000  9.000
  
   alpha    CL        CD       CDp       CM     Top_Xtr  Bot_Xtr  Top_Itr  Bot_Itr
  ------ -------- --------- --------- -------- -------- -------- -------- --------
   2.000  -0.1273   0.30512   0.21457  -0.0226   1.0000   1.0000   1.0000 101.0000
   2.500  -0.1274   0.30186   0.20988  -0.0215   1.0000   1.0000   1.0000 101.0000
   3.000  -0.1277   0.29854   0.20525  -0.0204   1.0000   1.0000   1.0000 101.0000
   3.500  -0.1283   0.29518   0.20069  -0.0192   1.0000   1.0000   1.0000 101.0000
   4.000  -0.1291   0.29176   0.19619  -0.0180   1.0000   1.0000   1.0000 101.0000
   4.500  -0.1302   0.28830   0.19176  -0.0168   1.0000   1.0000   1.0000 101.0000
   5.000  -0.1315   0.28478   0.18738  -0.0156   1.0000   1.0000   1.0000 101.0000
   5.500  -0.1331   0.28121   0.18306  -0.0143   1.0000   1.0000   1.0000 101.0000
   6.000  -0.1349   0.27760   0.17879  -0.0130   1.0000   1.0000   1.0000 101.0000
   6.500  -0.1370   0.27394   0.17456  -0.0117   1.0000   1.0000   1.0000 101.0000
   7.000  -0.1393   0.27025   0.17041  -0.0103   1.0000   1.0000   1.0000 101.0000
   7.500  -0.1418   0.26653   0.16631  -0.0089   1.0000   1.0000   1.0000 101.0000
   8.000  -0.1443   0.26280   0.16228  -0.0075   1.0000   1.0000   1.0000 101.0000
   8.500  -0.1468   0.25909   0.15832  -0.0062   1.0000   1.0000   1.0000 101.0000
   9.000  -0.1492   0.25543   0.15446  -0.0048   1.0000   1.0000   1.0000 101.0000
   9.500  -0.1513   0.25185   0.15070  -0.0035   1.0000   1.0000   1.0000 101.0000
  10.000  -0.1526   0.24842   0.14711  -0.0024   1.0000   1.0000   1.0000 101.0000
  10.500  -0.1527   0.24521   0.14378  -0.0015   1.0000   1.0000   1.0000 101.0000
  11.000  -0.1510   0.24227   0.14077  -0.0009   1.0000   1.0000   1.0000 101.0000
  11.500  -0.1473   0.23966   0.13816  -0.0006   1.0000   1.0000   1.0000 101.0000
  12.000  -0.1413   0.23742   0.13602  -0.0007   1.0000   1.0000   1.0000 101.0000
  12.500  -0.1330   0.23555   0.13439  -0.0012   1.0000   1.0000   1.0000 101.0000
  13.000  -0.1223   0.23406   0.13329  -0.0020   1.0000   1.0000   1.0000 101.0000
  13.500  -0.1094   0.23295   0.13279  -0.0032   1.0000   1.0000   1.0000 101.0000
  14.000  -0.0945   0.23220   0.13288  -0.0047   1.0000   1.0000   1.0000 101.0000
  14.500  -0.0777   0.23180   0.13355  -0.0064   1.0000   1.0000   1.0000 101.0000
  15.000  -0.0594   0.23172   0.13480  -0.0083   1.0000   1.0000   1.0000 101.0000
