  
       XFOIL         Version 6.99
  
 Calculated polar for: 002592                                          
  
 1 1 Reynolds number fixed          Mach number fixed         
  
 xtrf =   1.000 (top)        1.000 (bottom)  
 Mach =   0.100     Re =     0.001 e 6     Ncrit =   9.000  9.000
  
   alpha    CL        CD       CDp       CM     Top_Xtr  Bot_Xtr  Top_Itr  Bot_Itr
  ------ -------- --------- --------- -------- -------- -------- -------- --------
   2.000  -0.1367   0.27716   0.13322  -0.0229   1.0000   1.0000   1.0000 101.0000
   2.500  -0.1358   0.27314   0.12919  -0.0218   1.0000   1.0000   1.0000 101.0000
   3.000  -0.1351   0.26907   0.12523  -0.0207   1.0000   1.0000   1.0000 101.0000
   3.500  -0.1345   0.26493   0.12127  -0.0196   1.0000   1.0000   1.0000 101.0000
   4.000  -0.1342   0.26073   0.11735  -0.0185   1.0000   1.0000   1.0000 101.0000
   4.500  -0.1340   0.25648   0.11346  -0.0173   1.0000   1.0000   1.0000 101.0000
   5.000  -0.1340   0.25218   0.10962  -0.0160   1.0000   1.0000   1.0000 101.0000
   5.500  -0.1342   0.24783   0.10582  -0.0148   1.0000   1.0000   1.0000 101.0000
   6.000  -0.1344   0.24346   0.10207  -0.0135   1.0000   1.0000   1.0000 101.0000
   6.500  -0.1348   0.23907   0.09836  -0.0122   1.0000   1.0000   1.0000 101.0000
   7.000  -0.1352   0.23468   0.09472  -0.0109   1.0000   1.0000   1.0000 101.0000
   7.500  -0.1355   0.23032   0.09115  -0.0097   1.0000   1.0000   1.0000 101.0000
   8.000  -0.1354   0.22608   0.08768  -0.0085   1.0000   1.0000   1.0000 101.0000
   8.500  -0.1343   0.22203   0.08437  -0.0075   1.0000   1.0000   1.0000 101.0000
   9.000  -0.1317   0.21826   0.08129  -0.0067   1.0000   1.0000   1.0000 101.0000
   9.500  -0.1272   0.21483   0.07850  -0.0063   1.0000   1.0000   1.0000 101.0000
  10.000  -0.1203   0.21182   0.07607  -0.0063   1.0000   1.0000   1.0000 101.0000
  10.500  -0.1109   0.20924   0.07405  -0.0067   1.0000   1.0000   1.0000 101.0000
  11.000  -0.0989   0.20712   0.07247  -0.0074   1.0000   1.0000   1.0000 101.0000
  11.500  -0.0846   0.20545   0.07137  -0.0085   1.0000   1.0000   1.0000 101.0000
  12.000  -0.0680   0.20422   0.07075  -0.0099   1.0000   1.0000   1.0000 101.0000
  12.500  -0.0495   0.20340   0.07063  -0.0116   1.0000   1.0000   1.0000 101.0000
  13.000  -0.0295   0.20296   0.07101  -0.0134   1.0000   1.0000   1.0000 101.0000
  13.500  -0.0081   0.20287   0.07187  -0.0154   1.0000   1.0000   1.0000 101.0000
  14.000   0.0142   0.20312   0.07320  -0.0176   1.0000   1.0000   1.0000 101.0000
  14.500   0.0372   0.20366   0.07500  -0.0199   1.0000   1.0000   1.0000 101.0000
  15.000   0.0608   0.20462   0.07723  -0.0222   1.0000   1.0000   1.0000 101.0000
