  
       XFOIL         Version 6.99
  
 Calculated polar for: 002520                                          
  
 1 1 Reynolds number fixed          Mach number fixed         
  
 xtrf =   1.000 (top)        1.000 (bottom)  
 Mach =   0.100     Re =     0.001 e 6     Ncrit =   9.000  9.000
  
   alpha    CL        CD       CDp       CM     Top_Xtr  Bot_Xtr  Top_Itr  Bot_Itr
  ------ -------- --------- --------- -------- -------- -------- -------- --------
   2.000  -0.1193   0.29666   0.15243  -0.0214   1.0000   1.0000   1.0000 101.0000
   2.500  -0.1187   0.29297   0.14866  -0.0205   1.0000   1.0000   1.0000 101.0000
   3.000  -0.1183   0.28923   0.14495  -0.0195   1.0000   1.0000   1.0000 101.0000
   3.500  -0.1179   0.28542   0.14124  -0.0184   1.0000   1.0000   1.0000 101.0000
   4.000  -0.1177   0.28154   0.13757  -0.0174   1.0000   1.0000   1.0000 101.0000
   4.500  -0.1177   0.27759   0.13392  -0.0163   1.0000   1.0000   1.0000 101.0000
   5.000  -0.1178   0.27358   0.13030  -0.0151   1.0000   1.0000   1.0000 101.0000
   5.500  -0.1180   0.26949   0.12672  -0.0140   1.0000   1.0000   1.0000 101.0000
   6.000  -0.1184   0.26533   0.12317  -0.0128   1.0000   1.0000   1.0000 101.0000
   6.500  -0.1189   0.26110   0.11966  -0.0116   1.0000   1.0000   1.0000 101.0000
   7.000  -0.1196   0.25682   0.11619  -0.0103   1.0000   1.0000   1.0000 101.0000
   7.500  -0.1204   0.25248   0.11276  -0.0091   1.0000   1.0000   1.0000 101.0000
   8.000  -0.1214   0.24811   0.10938  -0.0078   1.0000   1.0000   1.0000 101.0000
   8.500  -0.1223   0.24374   0.10605  -0.0065   1.0000   1.0000   1.0000 101.0000
   9.000  -0.1232   0.23938   0.10278  -0.0053   1.0000   1.0000   1.0000 101.0000
   9.500  -0.1241   0.23508   0.09959  -0.0040   1.0000   1.0000   1.0000 101.0000
  10.000  -0.1246   0.23088   0.09648  -0.0028   1.0000   1.0000   1.0000 101.0000
  10.500  -0.1244   0.22686   0.09353  -0.0018   1.0000   1.0000   1.0000 101.0000
  11.000  -0.1230   0.22308   0.09078  -0.0009   1.0000   1.0000   1.0000 101.0000
  11.500  -0.1201   0.21961   0.08830  -0.0004   1.0000   1.0000   1.0000 101.0000
  12.000  -0.1155   0.21649   0.08615  -0.0001   1.0000   1.0000   1.0000 101.0000
  12.500  -0.1089   0.21376   0.08437  -0.0001   1.0000   1.0000   1.0000 101.0000
  13.000  -0.1003   0.21143   0.08300  -0.0005   1.0000   1.0000   1.0000 101.0000
  13.500  -0.0897   0.20950   0.08206  -0.0012   1.0000   1.0000   1.0000 101.0000
  14.000  -0.0773   0.20796   0.08157  -0.0022   1.0000   1.0000   1.0000 101.0000
  14.500  -0.0633   0.20680   0.08155  -0.0034   1.0000   1.0000   1.0000 101.0000
  15.000  -0.0478   0.20599   0.08196  -0.0049   1.0000   1.0000   1.0000 101.0000
