  
       XFOIL         Version 6.99
  
 Calculated polar for: 002564                                          
  
 1 1 Reynolds number fixed          Mach number fixed         
  
 xtrf =   1.000 (top)        1.000 (bottom)  
 Mach =   0.100     Re =     0.001 e 6     Ncrit =   9.000  9.000
  
   alpha    CL        CD       CDp       CM     Top_Xtr  Bot_Xtr  Top_Itr  Bot_Itr
  ------ -------- --------- --------- -------- -------- -------- -------- --------
   2.000  -0.1020   0.29321   0.14200  -0.0203   1.0000   1.0000   1.0000 101.0000
   2.500  -0.1014   0.28987   0.13860  -0.0192   1.0000   1.0000   1.0000 101.0000
   3.000  -0.1009   0.28648   0.13525  -0.0180   1.0000   1.0000   1.0000 101.0000
   3.500  -0.1005   0.28305   0.13193  -0.0168   1.0000   1.0000   1.0000 101.0000
   4.000  -0.1003   0.27957   0.12866  -0.0155   1.0000   1.0000   1.0000 101.0000
   4.500  -0.1002   0.27604   0.12543  -0.0143   1.0000   1.0000   1.0000 101.0000
   5.000  -0.1002   0.27246   0.12225  -0.0130   1.0000   1.0000   1.0000 101.0000
   5.500  -0.1004   0.26883   0.11911  -0.0116   1.0000   1.0000   1.0000 101.0000
   6.000  -0.1008   0.26516   0.11601  -0.0103   1.0000   1.0000   1.0000 101.0000
   6.500  -0.1013   0.26144   0.11296  -0.0089   1.0000   1.0000   1.0000 101.0000
   7.000  -0.1019   0.25767   0.10995  -0.0074   1.0000   1.0000   1.0000 101.0000
   7.500  -0.1027   0.25386   0.10699  -0.0060   1.0000   1.0000   1.0000 101.0000
   8.000  -0.1035   0.25002   0.10410  -0.0045   1.0000   1.0000   1.0000 101.0000
   9.500  -0.1060   0.23853   0.09582  -0.0002   1.0000   1.0000   1.0000 101.0000
  10.000  -0.1065   0.23480   0.09322   0.0012   1.0000   1.0000   1.0000 101.0000
  10.500  -0.1065   0.23121   0.09075   0.0025   1.0000   1.0000   1.0000 101.0000
  11.000  -0.1058   0.22780   0.08844   0.0037   1.0000   1.0000   1.0000 101.0000
  11.500  -0.1039   0.22463   0.08635   0.0047   1.0000   1.0000   1.0000 101.0000
  12.000  -0.1007   0.22172   0.08452   0.0055   1.0000   1.0000   1.0000 101.0000
  12.500  -0.0961   0.21911   0.08298   0.0060   1.0000   1.0000   1.0000 101.0000
  13.000  -0.0900   0.21681   0.08177   0.0063   1.0000   1.0000   1.0000 101.0000
  13.500  -0.0824   0.21482   0.08091   0.0063   1.0000   1.0000   1.0000 101.0000
  14.000  -0.0734   0.21314   0.08040   0.0061   1.0000   1.0000   1.0000 101.0000
  14.500  -0.0631   0.21177   0.08028   0.0056   1.0000   1.0000   1.0000 101.0000
  15.000  -0.0517   0.21067   0.08054   0.0050   1.0000   1.0000   1.0000 101.0000
