  
       XFOIL         Version 6.99
  
 Calculated polar for: 002597                                          
  
 1 1 Reynolds number fixed          Mach number fixed         
  
 xtrf =   1.000 (top)        1.000 (bottom)  
 Mach =   0.100     Re =     0.001 e 6     Ncrit =   9.000  9.000
  
   alpha    CL        CD       CDp       CM     Top_Xtr  Bot_Xtr  Top_Itr  Bot_Itr
  ------ -------- --------- --------- -------- -------- -------- -------- --------
   2.000  -0.1421   0.29649   0.20207  -0.0235   1.0000   1.0000   1.0000 101.0000
   2.500  -0.1419   0.29298   0.19711  -0.0224   1.0000   1.0000   1.0000 101.0000
   3.000  -0.1420   0.28942   0.19221  -0.0212   1.0000   1.0000   1.0000 101.0000
   3.500  -0.1423   0.28582   0.18738  -0.0200   1.0000   1.0000   1.0000 101.0000
   4.000  -0.1428   0.28217   0.18262  -0.0188   1.0000   1.0000   1.0000 101.0000
   4.500  -0.1437   0.27847   0.17793  -0.0176   1.0000   1.0000   1.0000 101.0000
   5.000  -0.1448   0.27473   0.17331  -0.0163   1.0000   1.0000   1.0000 101.0000
   5.500  -0.1461   0.27094   0.16874  -0.0150   1.0000   1.0000   1.0000 101.0000
   6.000  -0.1477   0.26713   0.16424  -0.0136   1.0000   1.0000   1.0000 101.0000
   6.500  -0.1495   0.26330   0.15981  -0.0122   1.0000   1.0000   1.0000 101.0000
   7.000  -0.1515   0.25946   0.15542  -0.0108   1.0000   1.0000   1.0000 101.0000
   7.500  -0.1534   0.25564   0.15115  -0.0094   1.0000   1.0000   1.0000 101.0000
   8.000  -0.1552   0.25187   0.14697  -0.0081   1.0000   1.0000   1.0000 101.0000
   8.500  -0.1567   0.24820   0.14290  -0.0068   1.0000   1.0000   1.0000 101.0000
   9.000  -0.1575   0.24469   0.13901  -0.0056   1.0000   1.0000   1.0000 101.0000
   9.500  -0.1569   0.24140   0.13538  -0.0047   1.0000   1.0000   1.0000 101.0000
  10.000  -0.1544   0.23841   0.13208  -0.0041   1.0000   1.0000   1.0000 101.0000
  10.500  -0.1498   0.23577   0.12919  -0.0039   1.0000   1.0000   1.0000 101.0000
  11.000  -0.1427   0.23351   0.12678  -0.0040   1.0000   1.0000   1.0000 101.0000
  11.500  -0.1330   0.23165   0.12490  -0.0045   1.0000   1.0000   1.0000 101.0000
  12.000  -0.1209   0.23019   0.12359  -0.0054   1.0000   1.0000   1.0000 101.0000
  12.500  -0.1064   0.22913   0.12286  -0.0067   1.0000   1.0000   1.0000 101.0000
  13.000  -0.0898   0.22843   0.12269  -0.0082   1.0000   1.0000   1.0000 101.0000
  13.500  -0.0713   0.22810   0.12315  -0.0100   1.0000   1.0000   1.0000 101.0000
  14.000  -0.0513   0.22810   0.12420  -0.0120   1.0000   1.0000   1.0000 101.0000
  14.500  -0.0299   0.22841   0.12583  -0.0141   1.0000   1.0000   1.0000 101.0000
  15.000  -0.0073   0.22899   0.12803  -0.0165   1.0000   1.0000   1.0000 101.0000
