  
       XFOIL         Version 6.99
  
 Calculated polar for: 002539                                          
  
 1 1 Reynolds number fixed          Mach number fixed         
  
 xtrf =   1.000 (top)        1.000 (bottom)  
 Mach =   0.100     Re =     0.001 e 6     Ncrit =   9.000  9.000
  
   alpha    CL        CD       CDp       CM     Top_Xtr  Bot_Xtr  Top_Itr  Bot_Itr
  ------ -------- --------- --------- -------- -------- -------- -------- --------
   2.000  -0.0535   0.29546   0.14440  -0.0148   1.0000   1.0000   1.0000 101.0000
   2.500  -0.0546   0.29256   0.14170  -0.0137   1.0000   1.0000   1.0000 101.0000
   3.000  -0.0558   0.28960   0.13905  -0.0126   1.0000   1.0000   1.0000 101.0000
   3.500  -0.0573   0.28659   0.13645  -0.0115   1.0000   1.0000   1.0000 101.0000
   4.000  -0.0591   0.28352   0.13387  -0.0103   1.0000   1.0000   1.0000 101.0000
   4.500  -0.0610   0.28038   0.13136  -0.0092   1.0000   1.0000   1.0000 101.0000
   5.000  -0.0632   0.27719   0.12888  -0.0080   1.0000   1.0000   1.0000 101.0000
   5.500  -0.0657   0.27392   0.12645  -0.0068   1.0000   1.0000   1.0000 101.0000
   6.000  -0.0684   0.27059   0.12404  -0.0055   1.0000   1.0000   1.0000 101.0000
   6.500  -0.0712   0.26717   0.12168  -0.0043   1.0000   1.0000   1.0000 101.0000
   7.000  -0.0743   0.26367   0.11935  -0.0031   1.0000   1.0000   1.0000 101.0000
   7.500  -0.0776   0.26010   0.11705  -0.0018   1.0000   1.0000   1.0000 101.0000
   8.000  -0.0811   0.25646   0.11480  -0.0006   1.0000   1.0000   1.0000 101.0000
   8.500  -0.0846   0.25278   0.11258   0.0007   1.0000   1.0000   1.0000 101.0000
   9.000  -0.0882   0.24907   0.11041   0.0019   1.0000   1.0000   1.0000 101.0000
   9.500  -0.0917   0.24537   0.10828   0.0031   1.0000   1.0000   1.0000 101.0000
  10.000  -0.0951   0.24170   0.10621   0.0043   1.0000   1.0000   1.0000 101.0000
  10.500  -0.0982   0.23811   0.10421   0.0054   1.0000   1.0000   1.0000 101.0000
  11.000  -0.1006   0.23465   0.10232   0.0064   1.0000   1.0000   1.0000 101.0000
  11.500  -0.1021   0.23138   0.10064   0.0072   1.0000   1.0000   1.0000 101.0000
  12.000  -0.1022   0.22836   0.09918   0.0077   1.0000   1.0000   1.0000 101.0000
  12.500  -0.1010   0.22561   0.09799   0.0080   1.0000   1.0000   1.0000 101.0000
  13.000  -0.0981   0.22316   0.09712   0.0081   1.0000   1.0000   1.0000 101.0000
  13.500  -0.0937   0.22102   0.09658   0.0079   1.0000   1.0000   1.0000 101.0000
  14.000  -0.0878   0.21920   0.09641   0.0074   1.0000   1.0000   1.0000 101.0000
  14.500  -0.0803   0.21769   0.09661   0.0066   1.0000   1.0000   1.0000 101.0000
  15.000  -0.0715   0.21649   0.09720   0.0057   1.0000   1.0000   1.0000 101.0000
