  
       XFOIL         Version 6.99
  
 Calculated polar for: 002612                                          
  
 1 1 Reynolds number fixed          Mach number fixed         
  
 xtrf =   1.000 (top)        1.000 (bottom)  
 Mach =   0.100     Re =     0.001 e 6     Ncrit =   9.000  9.000
  
   alpha    CL        CD       CDp       CM     Top_Xtr  Bot_Xtr  Top_Itr  Bot_Itr
  ------ -------- --------- --------- -------- -------- -------- -------- --------
   2.000  -0.1381   0.30742   0.21741  -0.0229   1.0000   1.0000   1.0000 101.0000
   2.500  -0.1380   0.30410   0.21260  -0.0218   1.0000   1.0000   1.0000 101.0000
   3.000  -0.1382   0.30073   0.20786  -0.0207   1.0000   1.0000   1.0000 101.0000
   3.500  -0.1386   0.29731   0.20318  -0.0195   1.0000   1.0000   1.0000 101.0000
   4.000  -0.1392   0.29384   0.19857  -0.0183   1.0000   1.0000   1.0000 101.0000
   4.500  -0.1401   0.29033   0.19402  -0.0171   1.0000   1.0000   1.0000 101.0000
   5.000  -0.1411   0.28677   0.18952  -0.0159   1.0000   1.0000   1.0000 101.0000
   5.500  -0.1424   0.28316   0.18509  -0.0146   1.0000   1.0000   1.0000 101.0000
   6.000  -0.1440   0.27950   0.18071  -0.0132   1.0000   1.0000   1.0000 101.0000
   6.500  -0.1457   0.27581   0.17638  -0.0119   1.0000   1.0000   1.0000 101.0000
   7.000  -0.1477   0.27208   0.17212  -0.0105   1.0000   1.0000   1.0000 101.0000
   7.500  -0.1498   0.26834   0.16792  -0.0091   1.0000   1.0000   1.0000 101.0000
   8.000  -0.1519   0.26459   0.16378  -0.0076   1.0000   1.0000   1.0000 101.0000
   8.500  -0.1541   0.26087   0.15973  -0.0062   1.0000   1.0000   1.0000 101.0000
   9.000  -0.1560   0.25719   0.15577  -0.0048   1.0000   1.0000   1.0000 101.0000
   9.500  -0.1577   0.25360   0.15193  -0.0035   1.0000   1.0000   1.0000 101.0000
  10.000  -0.1587   0.25015   0.14824  -0.0022   1.0000   1.0000   1.0000 101.0000
  10.500  -0.1585   0.24691   0.14480  -0.0012   1.0000   1.0000   1.0000 101.0000
  11.000  -0.1568   0.24393   0.14166  -0.0004   1.0000   1.0000   1.0000 101.0000
  11.500  -0.1531   0.24127   0.13891   0.0000   1.0000   1.0000   1.0000 101.0000
  12.000  -0.1474   0.23896   0.13659   0.0002   1.0000   1.0000   1.0000 101.0000
  12.500  -0.1393   0.23701   0.13474  -0.0001   1.0000   1.0000   1.0000 101.0000
  13.000  -0.1292   0.23543   0.13345  -0.0006   1.0000   1.0000   1.0000 101.0000
  13.500  -0.1169   0.23421   0.13269  -0.0015   1.0000   1.0000   1.0000 101.0000
  14.000  -0.1027   0.23335   0.13249  -0.0026   1.0000   1.0000   1.0000 101.0000
  14.500  -0.0868   0.23281   0.13285  -0.0040   1.0000   1.0000   1.0000 101.0000
  15.000  -0.0694   0.23258   0.13376  -0.0055   1.0000   1.0000   1.0000 101.0000
