  
       XFOIL         Version 6.99
  
 Calculated polar for: 002684                                          
  
 1 1 Reynolds number fixed          Mach number fixed         
  
 xtrf =   1.000 (top)        1.000 (bottom)  
 Mach =   0.100     Re =     0.001 e 6     Ncrit =   9.000  9.000
  
   alpha    CL        CD       CDp       CM     Top_Xtr  Bot_Xtr  Top_Itr  Bot_Itr
  ------ -------- --------- --------- -------- -------- -------- -------- --------
   2.000  -0.2216   0.28950   0.19404  -0.0295   1.0000   1.0000   1.0000 101.0000
   2.500  -0.2204   0.28548   0.18832  -0.0284   1.0000   1.0000   1.0000 101.0000
   3.000  -0.2194   0.28142   0.18267  -0.0271   1.0000   1.0000   1.0000 101.0000
   3.500  -0.2185   0.27731   0.17707  -0.0259   1.0000   1.0000   1.0000 101.0000
   4.000  -0.2178   0.27316   0.17154  -0.0246   1.0000   1.0000   1.0000 101.0000
   4.500  -0.2173   0.26900   0.16611  -0.0232   1.0000   1.0000   1.0000 101.0000
   5.000  -0.2169   0.26479   0.16071  -0.0218   1.0000   1.0000   1.0000 101.0000
   5.500  -0.2167   0.26057   0.15536  -0.0203   1.0000   1.0000   1.0000 101.0000
   6.000  -0.2165   0.25635   0.15009  -0.0189   1.0000   1.0000   1.0000 101.0000
   6.500  -0.2163   0.25216   0.14490  -0.0174   1.0000   1.0000   1.0000 101.0000
   7.000  -0.2158   0.24803   0.13980  -0.0159   1.0000   1.0000   1.0000 101.0000
   7.500  -0.2150   0.24400   0.13481  -0.0144   1.0000   1.0000   1.0000 101.0000
   8.000  -0.2134   0.24014   0.12997  -0.0130   1.0000   1.0000   1.0000 101.0000
   8.500  -0.2106   0.23651   0.12536  -0.0119   1.0000   1.0000   1.0000 101.0000
   9.000  -0.2058   0.23318   0.12106  -0.0110   1.0000   1.0000   1.0000 101.0000
   9.500  -0.1988   0.23020   0.11713  -0.0104   1.0000   1.0000   1.0000 101.0000
  10.000  -0.1892   0.22763   0.11364  -0.0102   1.0000   1.0000   1.0000 101.0000
  10.500  -0.1769   0.22546   0.11064  -0.0104   1.0000   1.0000   1.0000 101.0000
  11.000  -0.1619   0.22371   0.10817  -0.0109   1.0000   1.0000   1.0000 101.0000
  11.500  -0.1445   0.22236   0.10624  -0.0117   1.0000   1.0000   1.0000 101.0000
  12.000  -0.1249   0.22139   0.10485  -0.0127   1.0000   1.0000   1.0000 101.0000
  12.500  -0.1033   0.22078   0.10401  -0.0140   1.0000   1.0000   1.0000 101.0000
  13.000  -0.0801   0.22050   0.10371  -0.0155   1.0000   1.0000   1.0000 101.0000
  13.500  -0.0554   0.22053   0.10394  -0.0171   1.0000   1.0000   1.0000 101.0000
  14.000  -0.0297   0.22084   0.10468  -0.0189   1.0000   1.0000   1.0000 101.0000
  14.500  -0.0029   0.22142   0.10592  -0.0207   1.0000   1.0000   1.0000 101.0000
  15.000   0.0245   0.22224   0.10766  -0.0226   1.0000   1.0000   1.0000 101.0000
