  
       XFOIL         Version 6.99
  
 Calculated polar for: 002609                                          
  
 1 1 Reynolds number fixed          Mach number fixed         
  
 xtrf =   1.000 (top)        1.000 (bottom)  
 Mach =   0.100     Re =     0.001 e 6     Ncrit =   9.000  9.000
  
   alpha    CL        CD       CDp       CM     Top_Xtr  Bot_Xtr  Top_Itr  Bot_Itr
  ------ -------- --------- --------- -------- -------- -------- -------- --------
   2.000  -0.1795   0.28956   0.19057  -0.0287   1.0000   1.0000   1.0000 101.0000
   2.500  -0.1784   0.28597   0.18543  -0.0275   1.0000   1.0000   1.0000 101.0000
   3.000  -0.1773   0.28233   0.18035  -0.0262   1.0000   1.0000   1.0000 101.0000
   3.500  -0.1765   0.27867   0.17538  -0.0249   1.0000   1.0000   1.0000 101.0000
   4.000  -0.1759   0.27495   0.17043  -0.0235   1.0000   1.0000   1.0000 101.0000
   4.500  -0.1755   0.27120   0.16554  -0.0221   1.0000   1.0000   1.0000 101.0000
   5.000  -0.1753   0.26742   0.16072  -0.0206   1.0000   1.0000   1.0000 101.0000
   5.500  -0.1753   0.26361   0.15596  -0.0191   1.0000   1.0000   1.0000 101.0000
   6.000  -0.1754   0.25978   0.15126  -0.0176   1.0000   1.0000   1.0000 101.0000
   6.500  -0.1757   0.25595   0.14663  -0.0161   1.0000   1.0000   1.0000 101.0000
   7.000  -0.1759   0.25213   0.14208  -0.0145   1.0000   1.0000   1.0000 101.0000
   7.500  -0.1761   0.24835   0.13761  -0.0129   1.0000   1.0000   1.0000 101.0000
   8.000  -0.1761   0.24464   0.13324  -0.0114   1.0000   1.0000   1.0000 101.0000
   8.500  -0.1756   0.24106   0.12899  -0.0099   1.0000   1.0000   1.0000 101.0000
   9.000  -0.1741   0.23765   0.12493  -0.0086   1.0000   1.0000   1.0000 101.0000
   9.500  -0.1712   0.23449   0.12113  -0.0075   1.0000   1.0000   1.0000 101.0000
  10.000  -0.1663   0.23162   0.11766  -0.0068   1.0000   1.0000   1.0000 101.0000
  10.500  -0.1591   0.22911   0.11459  -0.0064   1.0000   1.0000   1.0000 101.0000
  11.000  -0.1495   0.22696   0.11196  -0.0063   1.0000   1.0000   1.0000 101.0000
  11.500  -0.1375   0.22520   0.10983  -0.0066   1.0000   1.0000   1.0000 101.0000
  12.000  -0.1230   0.22382   0.10821  -0.0073   1.0000   1.0000   1.0000 101.0000
  12.500  -0.1063   0.22281   0.10713  -0.0082   1.0000   1.0000   1.0000 101.0000
  13.000  -0.0876   0.22216   0.10660  -0.0094   1.0000   1.0000   1.0000 101.0000
  13.500  -0.0671   0.22184   0.10660  -0.0109   1.0000   1.0000   1.0000 101.0000
  14.000  -0.0451   0.22183   0.10714  -0.0125   1.0000   1.0000   1.0000 101.0000
  14.500  -0.0219   0.22211   0.10821  -0.0143   1.0000   1.0000   1.0000 101.0000
  15.000   0.0024   0.22266   0.10977  -0.0162   1.0000   1.0000   1.0000 101.0000
