  
       XFOIL         Version 6.99
  
 Calculated polar for: 002615                                          
  
 1 1 Reynolds number fixed          Mach number fixed         
  
 xtrf =   1.000 (top)        1.000 (bottom)  
 Mach =   0.100     Re =     0.001 e 6     Ncrit =   9.000  9.000
  
   alpha    CL        CD       CDp       CM     Top_Xtr  Bot_Xtr  Top_Itr  Bot_Itr
  ------ -------- --------- --------- -------- -------- -------- -------- --------
   2.000  -0.1402   0.29706   0.15384  -0.0219   1.0000   1.0000   1.0000 101.0000
   2.500  -0.1395   0.29309   0.14978  -0.0209   1.0000   1.0000   1.0000 101.0000
   3.000  -0.1389   0.28907   0.14575  -0.0200   1.0000   1.0000   1.0000 101.0000
   3.500  -0.1384   0.28498   0.14177  -0.0190   1.0000   1.0000   1.0000 101.0000
   4.000  -0.1380   0.28082   0.13780  -0.0179   1.0000   1.0000   1.0000 101.0000
   4.500  -0.1377   0.27659   0.13385  -0.0168   1.0000   1.0000   1.0000 101.0000
   5.000  -0.1376   0.27229   0.12994  -0.0157   1.0000   1.0000   1.0000 101.0000
   5.500  -0.1376   0.26793   0.12607  -0.0146   1.0000   1.0000   1.0000 101.0000
   6.000  -0.1377   0.26350   0.12224  -0.0134   1.0000   1.0000   1.0000 101.0000
   6.500  -0.1380   0.25902   0.11845  -0.0122   1.0000   1.0000   1.0000 101.0000
   7.000  -0.1383   0.25450   0.11470  -0.0109   1.0000   1.0000   1.0000 101.0000
   7.500  -0.1388   0.24995   0.11100  -0.0096   1.0000   1.0000   1.0000 101.0000
   8.000  -0.1393   0.24540   0.10736  -0.0083   1.0000   1.0000   1.0000 101.0000
   8.500  -0.1397   0.24088   0.10377  -0.0071   1.0000   1.0000   1.0000 101.0000
   9.000  -0.1399   0.23641   0.10027  -0.0058   1.0000   1.0000   1.0000 101.0000
   9.500  -0.1399   0.23206   0.09685  -0.0045   1.0000   1.0000   1.0000 101.0000
  10.000  -0.1392   0.22789   0.09359  -0.0034   1.0000   1.0000   1.0000 101.0000
  10.500  -0.1374   0.22397   0.09053  -0.0025   1.0000   1.0000   1.0000 101.0000
  11.000  -0.1340   0.22036   0.08774  -0.0018   1.0000   1.0000   1.0000 101.0000
  11.500  -0.1289   0.21711   0.08526  -0.0013   1.0000   1.0000   1.0000 101.0000
  12.000  -0.1218   0.21425   0.08315  -0.0012   1.0000   1.0000   1.0000 101.0000
  12.500  -0.1127   0.21179   0.08144  -0.0014   1.0000   1.0000   1.0000 101.0000
  13.000  -0.1017   0.20974   0.08015  -0.0019   1.0000   1.0000   1.0000 101.0000
  13.500  -0.0890   0.20807   0.07930  -0.0027   1.0000   1.0000   1.0000 101.0000
  14.000  -0.0746   0.20677   0.07890  -0.0036   1.0000   1.0000   1.0000 101.0000
  14.500  -0.0588   0.20582   0.07893  -0.0048   1.0000   1.0000   1.0000 101.0000
  15.000  -0.0418   0.20519   0.07939  -0.0062   1.0000   1.0000   1.0000 101.0000
