  
       XFOIL         Version 6.99
  
 Calculated polar for: 002697                                          
  
 1 1 Reynolds number fixed          Mach number fixed         
  
 xtrf =   1.000 (top)        1.000 (bottom)  
 Mach =   0.100     Re =     0.001 e 6     Ncrit =   9.000  9.000
  
   alpha    CL        CD       CDp       CM     Top_Xtr  Bot_Xtr  Top_Itr  Bot_Itr
  ------ -------- --------- --------- -------- -------- -------- -------- --------
   2.000  -0.1681   0.27797   0.13401  -0.0230   1.0000   1.0000   1.0000 101.0000
   2.500  -0.1674   0.27366   0.12975  -0.0219   1.0000   1.0000   1.0000 101.0000
   3.000  -0.1668   0.26929   0.12552  -0.0208   1.0000   1.0000   1.0000 101.0000
   3.500  -0.1664   0.26488   0.12133  -0.0197   1.0000   1.0000   1.0000 101.0000
   4.000  -0.1661   0.26041   0.11718  -0.0185   1.0000   1.0000   1.0000 101.0000
   4.500  -0.1658   0.25591   0.11309  -0.0173   1.0000   1.0000   1.0000 101.0000
   5.000  -0.1657   0.25136   0.10901  -0.0160   1.0000   1.0000   1.0000 101.0000
   5.500  -0.1656   0.24679   0.10498  -0.0147   1.0000   1.0000   1.0000 101.0000
   6.000  -0.1655   0.24221   0.10101  -0.0133   1.0000   1.0000   1.0000 101.0000
   6.500  -0.1652   0.23766   0.09711  -0.0120   1.0000   1.0000   1.0000 101.0000
   7.000  -0.1648   0.23317   0.09328  -0.0106   1.0000   1.0000   1.0000 101.0000
   7.500  -0.1639   0.22883   0.08957  -0.0094   1.0000   1.0000   1.0000 101.0000
   8.000  -0.1620   0.22470   0.08601  -0.0082   1.0000   1.0000   1.0000 101.0000
   8.500  -0.1586   0.22086   0.08267  -0.0073   1.0000   1.0000   1.0000 101.0000
   9.000  -0.1534   0.21737   0.07961  -0.0066   1.0000   1.0000   1.0000 101.0000
   9.500  -0.1460   0.21428   0.07688  -0.0063   1.0000   1.0000   1.0000 101.0000
  10.000  -0.1363   0.21161   0.07452  -0.0062   1.0000   1.0000   1.0000 101.0000
  10.500  -0.1244   0.20935   0.07257  -0.0065   1.0000   1.0000   1.0000 101.0000
  11.000  -0.1104   0.20751   0.07103  -0.0070   1.0000   1.0000   1.0000 101.0000
  11.500  -0.0945   0.20605   0.06993  -0.0078   1.0000   1.0000   1.0000 101.0000
  12.000  -0.0770   0.20495   0.06927  -0.0088   1.0000   1.0000   1.0000 101.0000
  12.500  -0.0581   0.20420   0.06904  -0.0099   1.0000   1.0000   1.0000 101.0000
  13.000  -0.0380   0.20376   0.06923  -0.0112   1.0000   1.0000   1.0000 101.0000
  13.500  -0.0171   0.20360   0.06984  -0.0126   1.0000   1.0000   1.0000 101.0000
  14.000   0.0045   0.20371   0.07087  -0.0141   1.0000   1.0000   1.0000 101.0000
  14.500   0.0265   0.20407   0.07229  -0.0157   1.0000   1.0000   1.0000 101.0000
  15.000   0.0489   0.20466   0.07408  -0.0174   1.0000   1.0000   1.0000 101.0000
