  
       XFOIL         Version 6.99
  
 Calculated polar for: 002666                                          
  
 1 1 Reynolds number fixed          Mach number fixed         
  
 xtrf =   1.000 (top)        1.000 (bottom)  
 Mach =   0.100     Re =     0.001 e 6     Ncrit =   9.000  9.000
  
   alpha    CL        CD       CDp       CM     Top_Xtr  Bot_Xtr  Top_Itr  Bot_Itr
  ------ -------- --------- --------- -------- -------- -------- -------- --------
   2.000  -0.0767   0.29428   0.14261  -0.0162   1.0000   1.0000   1.0000 101.0000
   2.500  -0.0771   0.29105   0.13950  -0.0152   1.0000   1.0000   1.0000 101.0000
   3.000  -0.0776   0.28777   0.13644  -0.0140   1.0000   1.0000   1.0000 101.0000
   3.500  -0.0784   0.28444   0.13343  -0.0129   1.0000   1.0000   1.0000 101.0000
   4.000  -0.0794   0.28105   0.13047  -0.0117   1.0000   1.0000   1.0000 101.0000
   4.500  -0.0806   0.27761   0.12755  -0.0105   1.0000   1.0000   1.0000 101.0000
   5.000  -0.0820   0.27412   0.12469  -0.0093   1.0000   1.0000   1.0000 101.0000
   5.500  -0.0835   0.27058   0.12188  -0.0080   1.0000   1.0000   1.0000 101.0000
   6.000  -0.0853   0.26697   0.11911  -0.0067   1.0000   1.0000   1.0000 101.0000
   6.500  -0.0873   0.26331   0.11640  -0.0054   1.0000   1.0000   1.0000 101.0000
   7.000  -0.0895   0.25958   0.11374  -0.0041   1.0000   1.0000   1.0000 101.0000
   7.500  -0.0918   0.25582   0.11113  -0.0028   1.0000   1.0000   1.0000 101.0000
   8.000  -0.0942   0.25202   0.10858  -0.0014   1.0000   1.0000   1.0000 101.0000
   8.500  -0.0966   0.24823   0.10610  -0.0001   1.0000   1.0000   1.0000 101.0000
   9.000  -0.0989   0.24447   0.10369   0.0012   1.0000   1.0000   1.0000 101.0000
   9.500  -0.1011   0.24075   0.10136   0.0025   1.0000   1.0000   1.0000 101.0000
  10.000  -0.1031   0.23713   0.09913   0.0037   1.0000   1.0000   1.0000 101.0000
  10.500  -0.1043   0.23367   0.09705   0.0048   1.0000   1.0000   1.0000 101.0000
  11.000  -0.1046   0.23041   0.09513   0.0058   1.0000   1.0000   1.0000 101.0000
  11.500  -0.1037   0.22740   0.09349   0.0065   1.0000   1.0000   1.0000 101.0000
  12.000  -0.1014   0.22467   0.09213   0.0070   1.0000   1.0000   1.0000 101.0000
  12.500  -0.0976   0.22224   0.09108   0.0073   1.0000   1.0000   1.0000 101.0000
  13.000  -0.0924   0.22012   0.09037   0.0073   1.0000   1.0000   1.0000 101.0000
  13.500  -0.0858   0.21830   0.09002   0.0070   1.0000   1.0000   1.0000 101.0000
  14.000  -0.0778   0.21678   0.09004   0.0066   1.0000   1.0000   1.0000 101.0000
  14.500  -0.0686   0.21555   0.09042   0.0059   1.0000   1.0000   1.0000 101.0000
  15.000  -0.0584   0.21459   0.09118   0.0050   1.0000   1.0000   1.0000 101.0000
