  
       XFOIL         Version 6.99
  
 Calculated polar for: 002613                                          
  
 1 1 Reynolds number fixed          Mach number fixed         
  
 xtrf =   1.000 (top)        1.000 (bottom)  
 Mach =   0.100     Re =     0.001 e 6     Ncrit =   9.000  9.000
  
   alpha    CL        CD       CDp       CM     Top_Xtr  Bot_Xtr  Top_Itr  Bot_Itr
  ------ -------- --------- --------- -------- -------- -------- -------- --------
   2.000  -0.1154   0.29089   0.13916  -0.0205   1.0000   1.0000   1.0000 101.0000
   2.500  -0.1145   0.28739   0.13559  -0.0194   1.0000   1.0000   1.0000 101.0000
   3.000  -0.1138   0.28383   0.13206  -0.0182   1.0000   1.0000   1.0000 101.0000
   3.500  -0.1132   0.28024   0.12857  -0.0169   1.0000   1.0000   1.0000 101.0000
   4.000  -0.1128   0.27661   0.12513  -0.0157   1.0000   1.0000   1.0000 101.0000
   4.500  -0.1124   0.27293   0.12174  -0.0144   1.0000   1.0000   1.0000 101.0000
   5.000  -0.1122   0.26921   0.11840  -0.0130   1.0000   1.0000   1.0000 101.0000
   5.500  -0.1121   0.26546   0.11511  -0.0116   1.0000   1.0000   1.0000 101.0000
   6.000  -0.1122   0.26167   0.11187  -0.0102   1.0000   1.0000   1.0000 101.0000
   6.500  -0.1123   0.25784   0.10868  -0.0088   1.0000   1.0000   1.0000 101.0000
   7.000  -0.1125   0.25399   0.10555  -0.0073   1.0000   1.0000   1.0000 101.0000
   7.500  -0.1128   0.25011   0.10248  -0.0058   1.0000   1.0000   1.0000 101.0000
   8.000  -0.1131   0.24623   0.09948  -0.0043   1.0000   1.0000   1.0000 101.0000
   8.500  -0.1133   0.24238   0.09658  -0.0028   1.0000   1.0000   1.0000 101.0000
   9.000  -0.1134   0.23859   0.09375  -0.0013   1.0000   1.0000   1.0000 101.0000
   9.500  -0.1132   0.23487   0.09102   0.0002   1.0000   1.0000   1.0000 101.0000
  10.000  -0.1126   0.23130   0.08843   0.0016   1.0000   1.0000   1.0000 101.0000
  10.500  -0.1111   0.22792   0.08601   0.0029   1.0000   1.0000   1.0000 101.0000
  11.000  -0.1085   0.22477   0.08381   0.0040   1.0000   1.0000   1.0000 101.0000
  11.500  -0.1046   0.22189   0.08187   0.0048   1.0000   1.0000   1.0000 101.0000
  12.000  -0.0994   0.21931   0.08022   0.0055   1.0000   1.0000   1.0000 101.0000
  12.500  -0.0927   0.21703   0.07890   0.0059   1.0000   1.0000   1.0000 101.0000
  13.000  -0.0847   0.21505   0.07791   0.0061   1.0000   1.0000   1.0000 101.0000
  13.500  -0.0753   0.21337   0.07729   0.0061   1.0000   1.0000   1.0000 101.0000
  14.000  -0.0647   0.21197   0.07700   0.0059   1.0000   1.0000   1.0000 101.0000
  14.500  -0.0532   0.21085   0.07711   0.0054   1.0000   1.0000   1.0000 101.0000
  15.000  -0.0407   0.20998   0.07758   0.0049   1.0000   1.0000   1.0000 101.0000
