  
       XFOIL         Version 6.99
  
 Calculated polar for: 002685                                          
  
 1 1 Reynolds number fixed          Mach number fixed         
  
 xtrf =   1.000 (top)        1.000 (bottom)  
 Mach =   0.100     Re =     0.001 e 6     Ncrit =   9.000  9.000
  
   alpha    CL        CD       CDp       CM     Top_Xtr  Bot_Xtr  Top_Itr  Bot_Itr
  ------ -------- --------- --------- -------- -------- -------- -------- --------
   2.000  -0.1058   0.29297   0.14778  -0.0179   1.0000   1.0000   1.0000 101.0000
   2.500  -0.1059   0.28911   0.14399  -0.0170   1.0000   1.0000   1.0000 101.0000
   3.000  -0.1062   0.28518   0.14024  -0.0160   1.0000   1.0000   1.0000 101.0000
   3.500  -0.1067   0.28119   0.13654  -0.0150   1.0000   1.0000   1.0000 101.0000
   4.000  -0.1073   0.27712   0.13287  -0.0140   1.0000   1.0000   1.0000 101.0000
   4.500  -0.1082   0.27298   0.12925  -0.0130   1.0000   1.0000   1.0000 101.0000
   5.000  -0.1093   0.26878   0.12567  -0.0119   1.0000   1.0000   1.0000 101.0000
   5.500  -0.1106   0.26450   0.12214  -0.0108   1.0000   1.0000   1.0000 101.0000
   6.000  -0.1122   0.26015   0.11864  -0.0096   1.0000   1.0000   1.0000 101.0000
   6.500  -0.1139   0.25575   0.11521  -0.0085   1.0000   1.0000   1.0000 101.0000
   7.000  -0.1157   0.25133   0.11184  -0.0073   1.0000   1.0000   1.0000 101.0000
   7.500  -0.1176   0.24690   0.10853  -0.0061   1.0000   1.0000   1.0000 101.0000
   8.000  -0.1195   0.24249   0.10529  -0.0049   1.0000   1.0000   1.0000 101.0000
   8.500  -0.1214   0.23814   0.10212  -0.0038   1.0000   1.0000   1.0000 101.0000
   9.000  -0.1228   0.23391   0.09907  -0.0027   1.0000   1.0000   1.0000 101.0000
   9.500  -0.1235   0.22988   0.09619  -0.0017   1.0000   1.0000   1.0000 101.0000
  10.000  -0.1229   0.22612   0.09354  -0.0010   1.0000   1.0000   1.0000 101.0000
  10.500  -0.1206   0.22269   0.09118  -0.0005   1.0000   1.0000   1.0000 101.0000
  11.000  -0.1165   0.21964   0.08917  -0.0004   1.0000   1.0000   1.0000 101.0000
  11.500  -0.1104   0.21700   0.08756  -0.0006   1.0000   1.0000   1.0000 101.0000
  12.000  -0.1023   0.21476   0.08638  -0.0011   1.0000   1.0000   1.0000 101.0000
  12.500  -0.0922   0.21292   0.08561  -0.0019   1.0000   1.0000   1.0000 101.0000
  13.000  -0.0804   0.21148   0.08535  -0.0029   1.0000   1.0000   1.0000 101.0000
  13.500  -0.0671   0.21041   0.08555  -0.0042   1.0000   1.0000   1.0000 101.0000
  14.000  -0.0525   0.20968   0.08622  -0.0056   1.0000   1.0000   1.0000 101.0000
  14.500  -0.0368   0.20927   0.08734  -0.0072   1.0000   1.0000   1.0000 101.0000
  15.000  -0.0202   0.20915   0.08890  -0.0090   1.0000   1.0000   1.0000 101.0000
