  
       XFOIL         Version 6.99
  
 Calculated polar for: 002620                                          
  
 1 1 Reynolds number fixed          Mach number fixed         
  
 xtrf =   1.000 (top)        1.000 (bottom)  
 Mach =   0.100     Re =     0.001 e 6     Ncrit =   9.000  9.000
  
   alpha    CL        CD       CDp       CM     Top_Xtr  Bot_Xtr  Top_Itr  Bot_Itr
  ------ -------- --------- --------- -------- -------- -------- -------- --------
   2.000  -0.2088   0.29672   0.20412  -0.0296   1.0000   1.0000   1.0000 101.0000
   2.500  -0.2076   0.29291   0.19859  -0.0285   1.0000   1.0000   1.0000 101.0000
   3.000  -0.2066   0.28905   0.19312  -0.0273   1.0000   1.0000   1.0000 101.0000
   3.500  -0.2057   0.28515   0.18771  -0.0260   1.0000   1.0000   1.0000 101.0000
   4.000  -0.2049   0.28121   0.18240  -0.0248   1.0000   1.0000   1.0000 101.0000
   4.500  -0.2044   0.27722   0.17710  -0.0235   1.0000   1.0000   1.0000 101.0000
   5.000  -0.2040   0.27319   0.17186  -0.0221   1.0000   1.0000   1.0000 101.0000
   5.500  -0.2037   0.26913   0.16667  -0.0207   1.0000   1.0000   1.0000 101.0000
   6.000  -0.2036   0.26504   0.16154  -0.0192   1.0000   1.0000   1.0000 101.0000
   6.500  -0.2036   0.26094   0.15647  -0.0177   1.0000   1.0000   1.0000 101.0000
   7.000  -0.2036   0.25685   0.15147  -0.0162   1.0000   1.0000   1.0000 101.0000
   7.500  -0.2035   0.25279   0.14655  -0.0147   1.0000   1.0000   1.0000 101.0000
   8.000  -0.2031   0.24879   0.14173  -0.0132   1.0000   1.0000   1.0000 101.0000
   8.500  -0.2024   0.24490   0.13701  -0.0118   1.0000   1.0000   1.0000 101.0000
   9.000  -0.2009   0.24118   0.13247  -0.0104   1.0000   1.0000   1.0000 101.0000
   9.500  -0.1980   0.23769   0.12816  -0.0093   1.0000   1.0000   1.0000 101.0000
  10.000  -0.1933   0.23451   0.12417  -0.0085   1.0000   1.0000   1.0000 101.0000
  10.500  -0.1864   0.23168   0.12059  -0.0080   1.0000   1.0000   1.0000 101.0000
  11.000  -0.1769   0.22923   0.11744  -0.0079   1.0000   1.0000   1.0000 101.0000
  11.500  -0.1650   0.22718   0.11479  -0.0081   1.0000   1.0000   1.0000 101.0000
  12.000  -0.1505   0.22553   0.11265  -0.0087   1.0000   1.0000   1.0000 101.0000
  12.500  -0.1337   0.22427   0.11106  -0.0095   1.0000   1.0000   1.0000 101.0000
  13.000  -0.1147   0.22338   0.11002  -0.0107   1.0000   1.0000   1.0000 101.0000
  13.500  -0.0939   0.22285   0.10953  -0.0121   1.0000   1.0000   1.0000 101.0000
  14.000  -0.0714   0.22264   0.10958  -0.0137   1.0000   1.0000   1.0000 101.0000
  14.500  -0.0475   0.22274   0.11015  -0.0154   1.0000   1.0000   1.0000 101.0000
  15.000  -0.0225   0.22312   0.11123  -0.0173   1.0000   1.0000   1.0000 101.0000
