  
       XFOIL         Version 6.99
  
 Calculated polar for: 002655                                          
  
 1 1 Reynolds number fixed          Mach number fixed         
  
 xtrf =   1.000 (top)        1.000 (bottom)  
 Mach =   0.100     Re =     0.001 e 6     Ncrit =   9.000  9.000
  
   alpha    CL        CD       CDp       CM     Top_Xtr  Bot_Xtr  Top_Itr  Bot_Itr
  ------ -------- --------- --------- -------- -------- -------- -------- --------
   2.000  -0.1499   0.31060   0.22323  -0.0231   1.0000   1.0000   1.0000 101.0000
   2.500  -0.1498   0.30718   0.21824  -0.0221   1.0000   1.0000   1.0000 101.0000
   3.000  -0.1499   0.30371   0.21331  -0.0210   1.0000   1.0000   1.0000 101.0000
   3.500  -0.1501   0.30019   0.20844  -0.0199   1.0000   1.0000   1.0000 101.0000
   4.000  -0.1506   0.29662   0.20364  -0.0188   1.0000   1.0000   1.0000 101.0000
   4.500  -0.1512   0.29301   0.19889  -0.0176   1.0000   1.0000   1.0000 101.0000
   5.000  -0.1521   0.28934   0.19420  -0.0163   1.0000   1.0000   1.0000 101.0000
   5.500  -0.1532   0.28562   0.18957  -0.0151   1.0000   1.0000   1.0000 101.0000
   6.000  -0.1545   0.28187   0.18499  -0.0138   1.0000   1.0000   1.0000 101.0000
   6.500  -0.1560   0.27806   0.18046  -0.0124   1.0000   1.0000   1.0000 101.0000
   7.000  -0.1577   0.27423   0.17600  -0.0111   1.0000   1.0000   1.0000 101.0000
   7.500  -0.1595   0.27038   0.17160  -0.0097   1.0000   1.0000   1.0000 101.0000
   8.000  -0.1614   0.26653   0.16726  -0.0083   1.0000   1.0000   1.0000 101.0000
   8.500  -0.1633   0.26269   0.16301  -0.0068   1.0000   1.0000   1.0000 101.0000
   9.000  -0.1650   0.25890   0.15885  -0.0055   1.0000   1.0000   1.0000 101.0000
   9.500  -0.1664   0.25519   0.15480  -0.0041   1.0000   1.0000   1.0000 101.0000
  10.000  -0.1672   0.25163   0.15091  -0.0029   1.0000   1.0000   1.0000 101.0000
  10.500  -0.1669   0.24826   0.14724  -0.0018   1.0000   1.0000   1.0000 101.0000
  11.000  -0.1651   0.24516   0.14389  -0.0010   1.0000   1.0000   1.0000 101.0000
  11.500  -0.1614   0.24238   0.14090  -0.0005   1.0000   1.0000   1.0000 101.0000
  12.000  -0.1556   0.23994   0.13836  -0.0003   1.0000   1.0000   1.0000 101.0000
  12.500  -0.1475   0.23788   0.13628  -0.0004   1.0000   1.0000   1.0000 101.0000
  13.000  -0.1373   0.23619   0.13474  -0.0009   1.0000   1.0000   1.0000 101.0000
  13.500  -0.1250   0.23487   0.13375  -0.0017   1.0000   1.0000   1.0000 101.0000
  14.000  -0.1108   0.23390   0.13332  -0.0027   1.0000   1.0000   1.0000 101.0000
  14.500  -0.0948   0.23326   0.13344  -0.0040   1.0000   1.0000   1.0000 101.0000
  15.000  -0.0773   0.23294   0.13412  -0.0055   1.0000   1.0000   1.0000 101.0000
