  
       XFOIL         Version 6.99
  
 Calculated polar for: 002635                                          
  
 1 1 Reynolds number fixed          Mach number fixed         
  
 xtrf =   1.000 (top)        1.000 (bottom)  
 Mach =   0.100     Re =     0.001 e 6     Ncrit =   9.000  9.000
  
   alpha    CL        CD       CDp       CM     Top_Xtr  Bot_Xtr  Top_Itr  Bot_Itr
  ------ -------- --------- --------- -------- -------- -------- -------- --------
   2.000  -0.0826   0.29044   0.13841  -0.0162   1.0000   1.0000   1.0000 101.0000
   2.500  -0.0829   0.28707   0.13517  -0.0151   1.0000   1.0000   1.0000 101.0000
   3.000  -0.0835   0.28365   0.13199  -0.0140   1.0000   1.0000   1.0000 101.0000
   3.500  -0.0842   0.28019   0.12887  -0.0128   1.0000   1.0000   1.0000 101.0000
   4.000  -0.0852   0.27667   0.12580  -0.0116   1.0000   1.0000   1.0000 101.0000
   4.500  -0.0864   0.27311   0.12278  -0.0104   1.0000   1.0000   1.0000 101.0000
   5.000  -0.0878   0.26950   0.11980  -0.0092   1.0000   1.0000   1.0000 101.0000
   5.500  -0.0894   0.26585   0.11690  -0.0079   1.0000   1.0000   1.0000 101.0000
   6.000  -0.0911   0.26214   0.11405  -0.0065   1.0000   1.0000   1.0000 101.0000
   6.500  -0.0931   0.25839   0.11126  -0.0052   1.0000   1.0000   1.0000 101.0000
   7.000  -0.0952   0.25460   0.10853  -0.0039   1.0000   1.0000   1.0000 101.0000
   7.500  -0.0974   0.25079   0.10588  -0.0025   1.0000   1.0000   1.0000 101.0000
   8.000  -0.0996   0.24699   0.10330  -0.0011   1.0000   1.0000   1.0000 101.0000
   8.500  -0.1016   0.24323   0.10080   0.0002   1.0000   1.0000   1.0000 101.0000
   9.000  -0.1036   0.23953   0.09839   0.0015   1.0000   1.0000   1.0000 101.0000
   9.500  -0.1051   0.23596   0.09611   0.0028   1.0000   1.0000   1.0000 101.0000
  10.000  -0.1059   0.23256   0.09399   0.0039   1.0000   1.0000   1.0000 101.0000
  10.500  -0.1057   0.22938   0.09209   0.0048   1.0000   1.0000   1.0000 101.0000
  11.000  -0.1041   0.22647   0.09045   0.0055   1.0000   1.0000   1.0000 101.0000
  11.500  -0.1011   0.22384   0.08907   0.0060   1.0000   1.0000   1.0000 101.0000
  12.000  -0.0967   0.22153   0.08805   0.0063   1.0000   1.0000   1.0000 101.0000
  12.500  -0.0908   0.21953   0.08738   0.0063   1.0000   1.0000   1.0000 101.0000
  13.000  -0.0836   0.21782   0.08707   0.0060   1.0000   1.0000   1.0000 101.0000
  13.500  -0.0751   0.21642   0.08714   0.0056   1.0000   1.0000   1.0000 101.0000
  14.000  -0.0654   0.21529   0.08758   0.0050   1.0000   1.0000   1.0000 101.0000
  14.500  -0.0548   0.21442   0.08839   0.0041   1.0000   1.0000   1.0000 101.0000
  15.000  -0.0433   0.21380   0.08957   0.0032   1.0000   1.0000   1.0000 101.0000
