  
       XFOIL         Version 6.99
  
 Calculated polar for: 002681                                          
  
 1 1 Reynolds number fixed          Mach number fixed         
  
 xtrf =   1.000 (top)        1.000 (bottom)  
 Mach =   0.100     Re =     0.001 e 6     Ncrit =   9.000  9.000
  
   alpha    CL        CD       CDp       CM     Top_Xtr  Bot_Xtr  Top_Itr  Bot_Itr
  ------ -------- --------- --------- -------- -------- -------- -------- --------
   2.000  -0.1527   0.29570   0.15464  -0.0229   1.0000   1.0000   1.0000 101.0000
   2.500  -0.1524   0.29156   0.15047  -0.0220   1.0000   1.0000   1.0000 101.0000
   3.000  -0.1522   0.28735   0.14632  -0.0210   1.0000   1.0000   1.0000 101.0000
   3.500  -0.1522   0.28306   0.14219  -0.0200   1.0000   1.0000   1.0000 101.0000
   4.000  -0.1522   0.27871   0.13812  -0.0190   1.0000   1.0000   1.0000 101.0000
   4.500  -0.1524   0.27428   0.13404  -0.0179   1.0000   1.0000   1.0000 101.0000
   5.000  -0.1527   0.26976   0.12999  -0.0169   1.0000   1.0000   1.0000 101.0000
   5.500  -0.1531   0.26518   0.12597  -0.0157   1.0000   1.0000   1.0000 101.0000
   6.000  -0.1536   0.26054   0.12199  -0.0145   1.0000   1.0000   1.0000 101.0000
   6.500  -0.1543   0.25585   0.11804  -0.0133   1.0000   1.0000   1.0000 101.0000
   7.000  -0.1550   0.25114   0.11413  -0.0121   1.0000   1.0000   1.0000 101.0000
   7.500  -0.1557   0.24641   0.11027  -0.0109   1.0000   1.0000   1.0000 101.0000
   8.000  -0.1563   0.24171   0.10646  -0.0096   1.0000   1.0000   1.0000 101.0000
   8.500  -0.1568   0.23707   0.10272  -0.0084   1.0000   1.0000   1.0000 101.0000
   9.000  -0.1569   0.23255   0.09907  -0.0072   1.0000   1.0000   1.0000 101.0000
   9.500  -0.1563   0.22822   0.09557  -0.0061   1.0000   1.0000   1.0000 101.0000
  10.000  -0.1543   0.22415   0.09227  -0.0052   1.0000   1.0000   1.0000 101.0000
  10.500  -0.1508   0.22043   0.08924  -0.0046   1.0000   1.0000   1.0000 101.0000
  11.000  -0.1452   0.21709   0.08656  -0.0042   1.0000   1.0000   1.0000 101.0000
  11.500  -0.1375   0.21416   0.08424  -0.0042   1.0000   1.0000   1.0000 101.0000
  12.000  -0.1277   0.21166   0.08233  -0.0045   1.0000   1.0000   1.0000 101.0000
  12.500  -0.1158   0.20959   0.08086  -0.0051   1.0000   1.0000   1.0000 101.0000
  13.000  -0.1020   0.20792   0.07983  -0.0060   1.0000   1.0000   1.0000 101.0000
  13.500  -0.0864   0.20663   0.07925  -0.0070   1.0000   1.0000   1.0000 101.0000
  14.000  -0.0694   0.20570   0.07912  -0.0083   1.0000   1.0000   1.0000 101.0000
  14.500  -0.0511   0.20511   0.07942  -0.0098   1.0000   1.0000   1.0000 101.0000
  15.000  -0.0319   0.20482   0.08016  -0.0113   1.0000   1.0000   1.0000 101.0000
