  
       XFOIL         Version 6.99
  
 Calculated polar for: 002673                                          
  
 1 1 Reynolds number fixed          Mach number fixed         
  
 xtrf =   1.000 (top)        1.000 (bottom)  
 Mach =   0.100     Re =     0.001 e 6     Ncrit =   9.000  9.000
  
   alpha    CL        CD       CDp       CM     Top_Xtr  Bot_Xtr  Top_Itr  Bot_Itr
  ------ -------- --------- --------- -------- -------- -------- -------- --------
   2.000  -0.0925   0.29565   0.14656  -0.0166   1.0000   1.0000   1.0000 101.0000
   2.500  -0.0938   0.29218   0.14331  -0.0155   1.0000   1.0000   1.0000 101.0000
   3.000  -0.0952   0.28864   0.14009  -0.0145   1.0000   1.0000   1.0000 101.0000
   3.500  -0.0969   0.28505   0.13692  -0.0134   1.0000   1.0000   1.0000 101.0000
   4.000  -0.0987   0.28139   0.13378  -0.0122   1.0000   1.0000   1.0000 101.0000
   4.500  -0.1007   0.27766   0.13068  -0.0111   1.0000   1.0000   1.0000 101.0000
   5.000  -0.1028   0.27386   0.12761  -0.0099   1.0000   1.0000   1.0000 101.0000
   5.500  -0.1052   0.26998   0.12459  -0.0087   1.0000   1.0000   1.0000 101.0000
   6.000  -0.1076   0.26604   0.12159  -0.0074   1.0000   1.0000   1.0000 101.0000
   6.500  -0.1102   0.26205   0.11865  -0.0062   1.0000   1.0000   1.0000 101.0000
   7.000  -0.1128   0.25803   0.11576  -0.0049   1.0000   1.0000   1.0000 101.0000
   7.500  -0.1155   0.25400   0.11293  -0.0036   1.0000   1.0000   1.0000 101.0000
   8.000  -0.1181   0.24998   0.11016  -0.0023   1.0000   1.0000   1.0000 101.0000
   8.500  -0.1205   0.24601   0.10745  -0.0010   1.0000   1.0000   1.0000 101.0000
   9.000  -0.1226   0.24210   0.10483   0.0002   1.0000   1.0000   1.0000 101.0000
   9.500  -0.1243   0.23833   0.10232   0.0014   1.0000   1.0000   1.0000 101.0000
  10.000  -0.1251   0.23475   0.09998   0.0025   1.0000   1.0000   1.0000 101.0000
  10.500  -0.1247   0.23142   0.09786   0.0033   1.0000   1.0000   1.0000 101.0000
  11.000  -0.1229   0.22836   0.09600   0.0040   1.0000   1.0000   1.0000 101.0000
  11.500  -0.1195   0.22561   0.09444   0.0044   1.0000   1.0000   1.0000 101.0000
  12.000  -0.1147   0.22318   0.09322   0.0046   1.0000   1.0000   1.0000 101.0000
  12.500  -0.1082   0.22107   0.09231   0.0045   1.0000   1.0000   1.0000 101.0000
  13.000  -0.1003   0.21928   0.09181   0.0042   1.0000   1.0000   1.0000 101.0000
  13.500  -0.0911   0.21780   0.09168   0.0037   1.0000   1.0000   1.0000 101.0000
  14.000  -0.0807   0.21661   0.09192   0.0031   1.0000   1.0000   1.0000 101.0000
  14.500  -0.0692   0.21568   0.09254   0.0022   1.0000   1.0000   1.0000 101.0000
  15.000  -0.0568   0.21501   0.09353   0.0012   1.0000   1.0000   1.0000 101.0000
