  
       XFOIL         Version 6.99
  
 Calculated polar for: 002603                                          
  
 1 1 Reynolds number fixed          Mach number fixed         
  
 xtrf =   1.000 (top)        1.000 (bottom)  
 Mach =   0.100     Re =     0.001 e 6     Ncrit =   9.000  9.000
  
   alpha    CL        CD       CDp       CM     Top_Xtr  Bot_Xtr  Top_Itr  Bot_Itr
  ------ -------- --------- --------- -------- -------- -------- -------- --------
   2.000  -0.0553   0.28899   0.13728  -0.0150   1.0000   1.0000   1.0000 101.0000
   2.500  -0.0562   0.28600   0.13452  -0.0138   1.0000   1.0000   1.0000 101.0000
   3.000  -0.0575   0.28296   0.13181  -0.0127   1.0000   1.0000   1.0000 101.0000
   3.500  -0.0590   0.27987   0.12916  -0.0115   1.0000   1.0000   1.0000 101.0000
   4.000  -0.0607   0.27672   0.12655  -0.0103   1.0000   1.0000   1.0000 101.0000
   4.500  -0.0628   0.27351   0.12398  -0.0091   1.0000   1.0000   1.0000 101.0000
   5.000  -0.0651   0.27025   0.12147  -0.0079   1.0000   1.0000   1.0000 101.0000
   5.500  -0.0676   0.26692   0.11900  -0.0066   1.0000   1.0000   1.0000 101.0000
   6.000  -0.0704   0.26354   0.11658  -0.0054   1.0000   1.0000   1.0000 101.0000
   6.500  -0.0735   0.26009   0.11420  -0.0041   1.0000   1.0000   1.0000 101.0000
   7.000  -0.0767   0.25657   0.11186  -0.0028   1.0000   1.0000   1.0000 101.0000
   7.500  -0.0801   0.25299   0.10957  -0.0015   1.0000   1.0000   1.0000 101.0000
   8.000  -0.0837   0.24936   0.10732  -0.0002   1.0000   1.0000   1.0000 101.0000
   8.500  -0.0872   0.24572   0.10513   0.0010   1.0000   1.0000   1.0000 101.0000
   9.000  -0.0907   0.24209   0.10300   0.0023   1.0000   1.0000   1.0000 101.0000
   9.500  -0.0940   0.23852   0.10094   0.0035   1.0000   1.0000   1.0000 101.0000
  10.000  -0.0968   0.23505   0.09899   0.0046   1.0000   1.0000   1.0000 101.0000
  10.500  -0.0988   0.23176   0.09719   0.0055   1.0000   1.0000   1.0000 101.0000
  11.000  -0.0995   0.22868   0.09558   0.0062   1.0000   1.0000   1.0000 101.0000
  11.500  -0.0989   0.22587   0.09426   0.0066   1.0000   1.0000   1.0000 101.0000
  12.000  -0.0966   0.22336   0.09323   0.0068   1.0000   1.0000   1.0000 101.0000
  12.500  -0.0928   0.22116   0.09254   0.0067   1.0000   1.0000   1.0000 101.0000
  13.000  -0.0873   0.21928   0.09221   0.0063   1.0000   1.0000   1.0000 101.0000
  13.500  -0.0804   0.21772   0.09225   0.0057   1.0000   1.0000   1.0000 101.0000
  14.000  -0.0719   0.21646   0.09268   0.0049   1.0000   1.0000   1.0000 101.0000
  14.500  -0.0622   0.21550   0.09348   0.0038   1.0000   1.0000   1.0000 101.0000
  15.000  -0.0513   0.21482   0.09467   0.0025   1.0000   1.0000   1.0000 101.0000
