  
       XFOIL         Version 6.99
  
 Calculated polar for: 002674                                          
  
 1 1 Reynolds number fixed          Mach number fixed         
  
 xtrf =   1.000 (top)        1.000 (bottom)  
 Mach =   0.100     Re =     0.001 e 6     Ncrit =   9.000  9.000
  
   alpha    CL        CD       CDp       CM     Top_Xtr  Bot_Xtr  Top_Itr  Bot_Itr
  ------ -------- --------- --------- -------- -------- -------- -------- --------
   2.000  -0.2044   0.30523   0.21610  -0.0289   1.0000   1.0000   1.0000 101.0000
   2.500  -0.2033   0.30154   0.21065  -0.0278   1.0000   1.0000   1.0000 101.0000
   3.000  -0.2023   0.29781   0.20526  -0.0267   1.0000   1.0000   1.0000 101.0000
   3.500  -0.2014   0.29403   0.19993  -0.0255   1.0000   1.0000   1.0000 101.0000
   4.000  -0.2007   0.29021   0.19469  -0.0242   1.0000   1.0000   1.0000 101.0000
   4.500  -0.2001   0.28634   0.18946  -0.0230   1.0000   1.0000   1.0000 101.0000
   5.000  -0.1997   0.28243   0.18428  -0.0216   1.0000   1.0000   1.0000 101.0000
   5.500  -0.1994   0.27848   0.17916  -0.0202   1.0000   1.0000   1.0000 101.0000
   6.000  -0.1992   0.27450   0.17409  -0.0188   1.0000   1.0000   1.0000 101.0000
   6.500  -0.1992   0.27049   0.16908  -0.0174   1.0000   1.0000   1.0000 101.0000
   7.000  -0.1992   0.26646   0.16413  -0.0159   1.0000   1.0000   1.0000 101.0000
   7.500  -0.1993   0.26243   0.15924  -0.0143   1.0000   1.0000   1.0000 101.0000
   8.000  -0.1993   0.25843   0.15442  -0.0128   1.0000   1.0000   1.0000 101.0000
   8.500  -0.1992   0.25448   0.14970  -0.0113   1.0000   1.0000   1.0000 101.0000
   9.000  -0.1987   0.25060   0.14508  -0.0098   1.0000   1.0000   1.0000 101.0000
   9.500  -0.1977   0.24686   0.14059  -0.0083   1.0000   1.0000   1.0000 101.0000
  10.000  -0.1957   0.24332   0.13631  -0.0070   1.0000   1.0000   1.0000 101.0000
  10.500  -0.1923   0.24003   0.13232  -0.0060   1.0000   1.0000   1.0000 101.0000
  11.000  -0.1869   0.23705   0.12864  -0.0052   1.0000   1.0000   1.0000 101.0000
  11.500  -0.1795   0.23442   0.12537  -0.0047   1.0000   1.0000   1.0000 101.0000
  12.000  -0.1698   0.23215   0.12255  -0.0045   1.0000   1.0000   1.0000 101.0000
  12.500  -0.1578   0.23027   0.12022  -0.0047   1.0000   1.0000   1.0000 101.0000
  13.000  -0.1436   0.22875   0.11840  -0.0052   1.0000   1.0000   1.0000 101.0000
  13.500  -0.1274   0.22761   0.11710  -0.0060   1.0000   1.0000   1.0000 101.0000
  14.000  -0.1093   0.22680   0.11633  -0.0070   1.0000   1.0000   1.0000 101.0000
  14.500  -0.0895   0.22632   0.11608  -0.0082   1.0000   1.0000   1.0000 101.0000
  15.000  -0.0683   0.22614   0.11635  -0.0096   1.0000   1.0000   1.0000 101.0000
