  
       XFOIL         Version 6.99
  
 Calculated polar for: 002668                                          
  
 1 1 Reynolds number fixed          Mach number fixed         
  
 xtrf =   1.000 (top)        1.000 (bottom)  
 Mach =   0.100     Re =     0.001 e 6     Ncrit =   9.000  9.000
  
   alpha    CL        CD       CDp       CM     Top_Xtr  Bot_Xtr  Top_Itr  Bot_Itr
  ------ -------- --------- --------- -------- -------- -------- -------- --------
   2.000  -0.1463   0.29126   0.14796  -0.0229   1.0000   1.0000   1.0000 101.0000
   2.500  -0.1455   0.28724   0.14385  -0.0219   1.0000   1.0000   1.0000 101.0000
   3.000  -0.1447   0.28317   0.13981  -0.0209   1.0000   1.0000   1.0000 101.0000
   3.500  -0.1441   0.27902   0.13575  -0.0199   1.0000   1.0000   1.0000 101.0000
   4.000  -0.1436   0.27481   0.13173  -0.0188   1.0000   1.0000   1.0000 101.0000
   4.500  -0.1433   0.27054   0.12774  -0.0177   1.0000   1.0000   1.0000 101.0000
   5.000  -0.1431   0.26620   0.12378  -0.0165   1.0000   1.0000   1.0000 101.0000
   5.500  -0.1430   0.26180   0.11985  -0.0153   1.0000   1.0000   1.0000 101.0000
   6.000  -0.1430   0.25734   0.11596  -0.0141   1.0000   1.0000   1.0000 101.0000
   6.500  -0.1431   0.25283   0.11212  -0.0128   1.0000   1.0000   1.0000 101.0000
   7.000  -0.1434   0.24829   0.10833  -0.0115   1.0000   1.0000   1.0000 101.0000
   7.500  -0.1436   0.24373   0.10459  -0.0102   1.0000   1.0000   1.0000 101.0000
   8.000  -0.1438   0.23920   0.10091  -0.0089   1.0000   1.0000   1.0000 101.0000
   8.500  -0.1439   0.23472   0.09731  -0.0076   1.0000   1.0000   1.0000 101.0000
   9.000  -0.1437   0.23035   0.09379  -0.0064   1.0000   1.0000   1.0000 101.0000
   9.500  -0.1428   0.22616   0.09043  -0.0052   1.0000   1.0000   1.0000 101.0000
  10.500  -0.1369   0.21863   0.08440  -0.0036   1.0000   1.0000   1.0000 101.0000
  11.000  -0.1312   0.21539   0.08183  -0.0032   1.0000   1.0000   1.0000 101.0000
  11.500  -0.1234   0.21256   0.07963  -0.0032   1.0000   1.0000   1.0000 101.0000
  12.000  -0.1135   0.21015   0.07783  -0.0035   1.0000   1.0000   1.0000 101.0000
  12.500  -0.1015   0.20816   0.07647  -0.0040   1.0000   1.0000   1.0000 101.0000
  13.000  -0.0875   0.20656   0.07556  -0.0049   1.0000   1.0000   1.0000 101.0000
  13.500  -0.0719   0.20535   0.07510  -0.0060   1.0000   1.0000   1.0000 101.0000
  14.000  -0.0548   0.20450   0.07509  -0.0072   1.0000   1.0000   1.0000 101.0000
  14.500  -0.0364   0.20398   0.07553  -0.0087   1.0000   1.0000   1.0000 101.0000
  15.000  -0.0170   0.20376   0.07638  -0.0103   1.0000   1.0000   1.0000 101.0000
