  
       XFOIL         Version 6.99
  
 Calculated polar for: 002648                                          
  
 1 1 Reynolds number fixed          Mach number fixed         
  
 xtrf =   1.000 (top)        1.000 (bottom)  
 Mach =   0.100     Re =     0.001 e 6     Ncrit =   9.000  9.000
  
   alpha    CL        CD       CDp       CM     Top_Xtr  Bot_Xtr  Top_Itr  Bot_Itr
  ------ -------- --------- --------- -------- -------- -------- -------- --------
   2.000  -0.1465   0.30206   0.16158  -0.0222   1.0000   1.0000   1.0000 101.0000
   2.500  -0.1462   0.29803   0.15750  -0.0213   1.0000   1.0000   1.0000 101.0000
   3.000  -0.1461   0.29393   0.15343  -0.0204   1.0000   1.0000   1.0000 101.0000
   3.500  -0.1460   0.28975   0.14940  -0.0195   1.0000   1.0000   1.0000 101.0000
   4.000  -0.1461   0.28550   0.14541  -0.0185   1.0000   1.0000   1.0000 101.0000
   4.500  -0.1462   0.28117   0.14142  -0.0175   1.0000   1.0000   1.0000 101.0000
   5.000  -0.1465   0.27676   0.13745  -0.0164   1.0000   1.0000   1.0000 101.0000
   5.500  -0.1469   0.27228   0.13352  -0.0153   1.0000   1.0000   1.0000 101.0000
   6.000  -0.1474   0.26773   0.12961  -0.0142   1.0000   1.0000   1.0000 101.0000
   6.500  -0.1480   0.26313   0.12573  -0.0130   1.0000   1.0000   1.0000 101.0000
   7.000  -0.1487   0.25847   0.12189  -0.0119   1.0000   1.0000   1.0000 101.0000
   7.500  -0.1495   0.25379   0.11809  -0.0106   1.0000   1.0000   1.0000 101.0000
   8.000  -0.1503   0.24910   0.11432  -0.0094   1.0000   1.0000   1.0000 101.0000
   8.500  -0.1511   0.24441   0.11061  -0.0082   1.0000   1.0000   1.0000 101.0000
   9.000  -0.1517   0.23978   0.10696  -0.0069   1.0000   1.0000   1.0000 101.0000
   9.500  -0.1521   0.23522   0.10339  -0.0057   1.0000   1.0000   1.0000 101.0000
  10.000  -0.1519   0.23083   0.09994  -0.0046   1.0000   1.0000   1.0000 101.0000
  10.500  -0.1507   0.22667   0.09668  -0.0036   1.0000   1.0000   1.0000 101.0000
  11.000  -0.1481   0.22280   0.09365  -0.0029   1.0000   1.0000   1.0000 101.0000
  11.500  -0.1438   0.21929   0.09093  -0.0024   1.0000   1.0000   1.0000 101.0000
  12.000  -0.1376   0.21617   0.08855  -0.0023   1.0000   1.0000   1.0000 101.0000
  12.500  -0.1293   0.21346   0.08657  -0.0024   1.0000   1.0000   1.0000 101.0000
  13.000  -0.1190   0.21116   0.08501  -0.0028   1.0000   1.0000   1.0000 101.0000
  13.500  -0.1068   0.20927   0.08389  -0.0035   1.0000   1.0000   1.0000 101.0000
  14.000  -0.0929   0.20776   0.08321  -0.0045   1.0000   1.0000   1.0000 101.0000
  14.500  -0.0774   0.20662   0.08298  -0.0057   1.0000   1.0000   1.0000 101.0000
  15.000  -0.0607   0.20582   0.08318  -0.0070   1.0000   1.0000   1.0000 101.0000
