  
       XFOIL         Version 6.99
  
 Calculated polar for: 002621                                          
  
 1 1 Reynolds number fixed          Mach number fixed         
  
 xtrf =   1.000 (top)        1.000 (bottom)  
 Mach =   0.100     Re =     0.001 e 6     Ncrit =   9.000  9.000
  
   alpha    CL        CD       CDp       CM     Top_Xtr  Bot_Xtr  Top_Itr  Bot_Itr
  ------ -------- --------- --------- -------- -------- -------- -------- --------
   2.000  -0.1965   0.30678   0.21879  -0.0280   1.0000   1.0000   1.0000 101.0000
   2.500  -0.1955   0.30311   0.21337  -0.0269   1.0000   1.0000   1.0000 101.0000
   3.000  -0.1947   0.29939   0.20800  -0.0258   1.0000   1.0000   1.0000 101.0000
   3.500  -0.1940   0.29563   0.20269  -0.0246   1.0000   1.0000   1.0000 101.0000
   4.000  -0.1935   0.29182   0.19744  -0.0234   1.0000   1.0000   1.0000 101.0000
   4.500  -0.1931   0.28796   0.19226  -0.0222   1.0000   1.0000   1.0000 101.0000
   5.000  -0.1928   0.28406   0.18711  -0.0209   1.0000   1.0000   1.0000 101.0000
   5.500  -0.1928   0.28012   0.18202  -0.0195   1.0000   1.0000   1.0000 101.0000
   6.000  -0.1928   0.27613   0.17698  -0.0181   1.0000   1.0000   1.0000 101.0000
   6.500  -0.1930   0.27212   0.17199  -0.0167   1.0000   1.0000   1.0000 101.0000
   7.000  -0.1934   0.26809   0.16706  -0.0153   1.0000   1.0000   1.0000 101.0000
   7.500  -0.1937   0.26406   0.16219  -0.0138   1.0000   1.0000   1.0000 101.0000
   8.000  -0.1941   0.26004   0.15740  -0.0123   1.0000   1.0000   1.0000 101.0000
   8.500  -0.1942   0.25606   0.15269  -0.0108   1.0000   1.0000   1.0000 101.0000
   9.000  -0.1942   0.25215   0.14808  -0.0093   1.0000   1.0000   1.0000 101.0000
   9.500  -0.1936   0.24837   0.14360  -0.0079   1.0000   1.0000   1.0000 101.0000
  10.000  -0.1921   0.24478   0.13932  -0.0066   1.0000   1.0000   1.0000 101.0000
  10.500  -0.1892   0.24143   0.13530  -0.0056   1.0000   1.0000   1.0000 101.0000
  11.000  -0.1845   0.23840   0.13162  -0.0048   1.0000   1.0000   1.0000 101.0000
  11.500  -0.1776   0.23570   0.12834  -0.0044   1.0000   1.0000   1.0000 101.0000
  12.000  -0.1685   0.23339   0.12552  -0.0043   1.0000   1.0000   1.0000 101.0000
  12.500  -0.1570   0.23145   0.12320  -0.0045   1.0000   1.0000   1.0000 101.0000
  13.000  -0.1433   0.22990   0.12140  -0.0050   1.0000   1.0000   1.0000 101.0000
  13.500  -0.1275   0.22872   0.12014  -0.0059   1.0000   1.0000   1.0000 101.0000
  14.000  -0.1098   0.22789   0.11941  -0.0070   1.0000   1.0000   1.0000 101.0000
  14.500  -0.0904   0.22739   0.11922  -0.0083   1.0000   1.0000   1.0000 101.0000
  15.000  -0.0695   0.22720   0.11956  -0.0098   1.0000   1.0000   1.0000 101.0000
