  
       XFOIL         Version 6.99
  
 Calculated polar for: 002739                                          
  
 1 1 Reynolds number fixed          Mach number fixed         
  
 xtrf =   1.000 (top)        1.000 (bottom)  
 Mach =   0.100     Re =     0.001 e 6     Ncrit =   9.000  9.000
  
   alpha    CL        CD       CDp       CM     Top_Xtr  Bot_Xtr  Top_Itr  Bot_Itr
  ------ -------- --------- --------- -------- -------- -------- -------- --------
   2.000  -0.1500   0.29603   0.15326  -0.0229   1.0000   1.0000   1.0000 101.0000
   2.500  -0.1492   0.29201   0.14912  -0.0220   1.0000   1.0000   1.0000 101.0000
   3.500  -0.1478   0.28380   0.14097  -0.0199   1.0000   1.0000   1.0000 101.0000
   4.000  -0.1472   0.27958   0.13691  -0.0189   1.0000   1.0000   1.0000 101.0000
   4.500  -0.1467   0.27530   0.13288  -0.0178   1.0000   1.0000   1.0000 101.0000
   5.000  -0.1464   0.27096   0.12888  -0.0166   1.0000   1.0000   1.0000 101.0000
   5.500  -0.1461   0.26655   0.12492  -0.0155   1.0000   1.0000   1.0000 101.0000
   6.000  -0.1460   0.26208   0.12100  -0.0143   1.0000   1.0000   1.0000 101.0000
   6.500  -0.1460   0.25755   0.11712  -0.0130   1.0000   1.0000   1.0000 101.0000
   7.000  -0.1461   0.25299   0.11328  -0.0117   1.0000   1.0000   1.0000 101.0000
   7.500  -0.1463   0.24841   0.10949  -0.0104   1.0000   1.0000   1.0000 101.0000
   8.000  -0.1464   0.24383   0.10576  -0.0091   1.0000   1.0000   1.0000 101.0000
   8.500  -0.1464   0.23929   0.10209  -0.0078   1.0000   1.0000   1.0000 101.0000
   9.000  -0.1464   0.23480   0.09850  -0.0065   1.0000   1.0000   1.0000 101.0000
   9.500  -0.1459   0.23046   0.09504  -0.0052   1.0000   1.0000   1.0000 101.0000
  10.000  -0.1446   0.22630   0.09170  -0.0041   1.0000   1.0000   1.0000 101.0000
  10.500  -0.1422   0.22240   0.08858  -0.0032   1.0000   1.0000   1.0000 101.0000
  11.000  -0.1381   0.21883   0.08573  -0.0025   1.0000   1.0000   1.0000 101.0000
  11.500  -0.1322   0.21563   0.08320  -0.0021   1.0000   1.0000   1.0000 101.0000
  12.000  -0.1243   0.21283   0.08104  -0.0020   1.0000   1.0000   1.0000 101.0000
  12.500  -0.1144   0.21043   0.07929  -0.0022   1.0000   1.0000   1.0000 101.0000
  13.000  -0.1025   0.20843   0.07796  -0.0027   1.0000   1.0000   1.0000 101.0000
  13.500  -0.0889   0.20682   0.07706  -0.0034   1.0000   1.0000   1.0000 101.0000
  14.000  -0.0736   0.20557   0.07660  -0.0044   1.0000   1.0000   1.0000 101.0000
  14.500  -0.0570   0.20467   0.07656  -0.0056   1.0000   1.0000   1.0000 101.0000
  15.000  -0.0392   0.20409   0.07698  -0.0069   1.0000   1.0000   1.0000 101.0000
