  
       XFOIL         Version 6.99
  
 Calculated polar for: 002723                                          
  
 1 1 Reynolds number fixed          Mach number fixed         
  
 xtrf =   1.000 (top)        1.000 (bottom)  
 Mach =   0.100     Re =     0.001 e 6     Ncrit =   9.000  9.000
  
   alpha    CL        CD       CDp       CM     Top_Xtr  Bot_Xtr  Top_Itr  Bot_Itr
  ------ -------- --------- --------- -------- -------- -------- -------- --------
   2.000  -0.2362   0.28855   0.19333  -0.0308   1.0000   1.0000   1.0000 101.0000
   2.500  -0.2349   0.28447   0.18753  -0.0296   1.0000   1.0000   1.0000 101.0000
   3.000  -0.2337   0.28034   0.18179  -0.0284   1.0000   1.0000   1.0000 101.0000
   3.500  -0.2327   0.27618   0.17611  -0.0271   1.0000   1.0000   1.0000 101.0000
   4.500  -0.2311   0.26775   0.16499  -0.0244   1.0000   1.0000   1.0000 101.0000
   5.000  -0.2306   0.26349   0.15948  -0.0230   1.0000   1.0000   1.0000 101.0000
   5.500  -0.2301   0.25921   0.15404  -0.0215   1.0000   1.0000   1.0000 101.0000
   6.000  -0.2296   0.25494   0.14867  -0.0200   1.0000   1.0000   1.0000 101.0000
   6.500  -0.2291   0.25071   0.14337  -0.0185   1.0000   1.0000   1.0000 101.0000
   7.000  -0.2282   0.24654   0.13818  -0.0170   1.0000   1.0000   1.0000 101.0000
   7.500  -0.2270   0.24248   0.13309  -0.0155   1.0000   1.0000   1.0000 101.0000
   8.000  -0.2250   0.23859   0.12817  -0.0141   1.0000   1.0000   1.0000 101.0000
   8.500  -0.2216   0.23495   0.12348  -0.0130   1.0000   1.0000   1.0000 101.0000
   9.000  -0.2162   0.23162   0.11910  -0.0121   1.0000   1.0000   1.0000 101.0000
   9.500  -0.2084   0.22866   0.11510  -0.0115   1.0000   1.0000   1.0000 101.0000
  10.000  -0.1979   0.22611   0.11156  -0.0114   1.0000   1.0000   1.0000 101.0000
  10.500  -0.1848   0.22396   0.10854  -0.0115   1.0000   1.0000   1.0000 101.0000
  11.000  -0.1690   0.22223   0.10601  -0.0121   1.0000   1.0000   1.0000 101.0000
  11.500  -0.1508   0.22090   0.10401  -0.0129   1.0000   1.0000   1.0000 101.0000
  12.000  -0.1303   0.21995   0.10255  -0.0139   1.0000   1.0000   1.0000 101.0000
  12.500  -0.1079   0.21935   0.10162  -0.0152   1.0000   1.0000   1.0000 101.0000
  13.000  -0.0838   0.21908   0.10123  -0.0167   1.0000   1.0000   1.0000 101.0000
  13.500  -0.0583   0.21911   0.10135  -0.0183   1.0000   1.0000   1.0000 101.0000
  14.000  -0.0317   0.21943   0.10198  -0.0200   1.0000   1.0000   1.0000 101.0000
  14.500  -0.0042   0.22001   0.10310  -0.0218   1.0000   1.0000   1.0000 101.0000
  15.000   0.0241   0.22083   0.10467  -0.0237   1.0000   1.0000   1.0000 101.0000
