  
       XFOIL         Version 6.99
  
 Calculated polar for: 002770                                          
  
 1 1 Reynolds number fixed          Mach number fixed         
  
 xtrf =   1.000 (top)        1.000 (bottom)  
 Mach =   0.100     Re =     0.001 e 6     Ncrit =   9.000  9.000
  
   alpha    CL        CD       CDp       CM     Top_Xtr  Bot_Xtr  Top_Itr  Bot_Itr
  ------ -------- --------- --------- -------- -------- -------- -------- --------
   2.000  -0.1627   0.30977   0.22246  -0.0245   1.0000   1.0000   1.0000 101.0000
   2.500  -0.1623   0.30627   0.21732  -0.0234   1.0000   1.0000   1.0000 101.0000
   3.000  -0.1621   0.30273   0.21225  -0.0223   1.0000   1.0000   1.0000 101.0000
   3.500  -0.1621   0.29913   0.20723  -0.0212   1.0000   1.0000   1.0000 101.0000
   4.000  -0.1622   0.29548   0.20227  -0.0201   1.0000   1.0000   1.0000 101.0000
   4.500  -0.1626   0.29178   0.19737  -0.0189   1.0000   1.0000   1.0000 101.0000
   5.000  -0.1631   0.28803   0.19253  -0.0176   1.0000   1.0000   1.0000 101.0000
   5.500  -0.1639   0.28424   0.18774  -0.0164   1.0000   1.0000   1.0000 101.0000
   6.000  -0.1648   0.28041   0.18301  -0.0150   1.0000   1.0000   1.0000 101.0000
   6.500  -0.1659   0.27654   0.17833  -0.0137   1.0000   1.0000   1.0000 101.0000
   7.000  -0.1672   0.27264   0.17372  -0.0123   1.0000   1.0000   1.0000 101.0000
   7.500  -0.1686   0.26872   0.16916  -0.0109   1.0000   1.0000   1.0000 101.0000
   8.000  -0.1700   0.26480   0.16467  -0.0094   1.0000   1.0000   1.0000 101.0000
   8.500  -0.1714   0.26091   0.16027  -0.0080   1.0000   1.0000   1.0000 101.0000
   9.000  -0.1726   0.25708   0.15596  -0.0066   1.0000   1.0000   1.0000 101.0000
   9.500  -0.1735   0.25333   0.15176  -0.0053   1.0000   1.0000   1.0000 101.0000
  10.000  -0.1736   0.24974   0.14773  -0.0040   1.0000   1.0000   1.0000 101.0000
  10.500  -0.1726   0.24636   0.14394  -0.0029   1.0000   1.0000   1.0000 101.0000
  11.000  -0.1700   0.24327   0.14047  -0.0022   1.0000   1.0000   1.0000 101.0000
  11.500  -0.1654   0.24050   0.13738  -0.0017   1.0000   1.0000   1.0000 101.0000
  12.000  -0.1587   0.23809   0.13474  -0.0015   1.0000   1.0000   1.0000 101.0000
  12.500  -0.1496   0.23605   0.13257  -0.0017   1.0000   1.0000   1.0000 101.0000
  13.000  -0.1384   0.23440   0.13095  -0.0022   1.0000   1.0000   1.0000 101.0000
  13.500  -0.1251   0.23312   0.12988  -0.0030   1.0000   1.0000   1.0000 101.0000
  14.000  -0.1098   0.23219   0.12937  -0.0041   1.0000   1.0000   1.0000 101.0000
  14.500  -0.0927   0.23160   0.12940  -0.0054   1.0000   1.0000   1.0000 101.0000
  15.000  -0.0742   0.23132   0.12999  -0.0070   1.0000   1.0000   1.0000 101.0000
