  
       XFOIL         Version 6.99
  
 Calculated polar for: 002708                                          
  
 1 1 Reynolds number fixed          Mach number fixed         
  
 xtrf =   1.000 (top)        1.000 (bottom)  
 Mach =   0.100     Re =     0.001 e 6     Ncrit =   9.000  9.000
  
   alpha    CL        CD       CDp       CM     Top_Xtr  Bot_Xtr  Top_Itr  Bot_Itr
  ------ -------- --------- --------- -------- -------- -------- -------- --------
   2.000  -0.0971   0.29664   0.15130  -0.0175   1.0000   1.0000   1.0000 101.0000
   2.500  -0.0973   0.29296   0.14768  -0.0166   1.0000   1.0000   1.0000 101.0000
   3.000  -0.0977   0.28920   0.14410  -0.0157   1.0000   1.0000   1.0000 101.0000
   3.500  -0.0983   0.28538   0.14057  -0.0147   1.0000   1.0000   1.0000 101.0000
   4.000  -0.0990   0.28149   0.13707  -0.0137   1.0000   1.0000   1.0000 101.0000
   4.500  -0.1000   0.27753   0.13362  -0.0126   1.0000   1.0000   1.0000 101.0000
   5.000  -0.1011   0.27349   0.13020  -0.0116   1.0000   1.0000   1.0000 101.0000
   5.500  -0.1025   0.26937   0.12683  -0.0105   1.0000   1.0000   1.0000 101.0000
   6.000  -0.1041   0.26518   0.12349  -0.0094   1.0000   1.0000   1.0000 101.0000
   6.500  -0.1059   0.26093   0.12021  -0.0082   1.0000   1.0000   1.0000 101.0000
   7.000  -0.1078   0.25663   0.11698  -0.0070   1.0000   1.0000   1.0000 101.0000
   7.500  -0.1099   0.25229   0.11380  -0.0059   1.0000   1.0000   1.0000 101.0000
   8.000  -0.1121   0.24794   0.11067  -0.0047   1.0000   1.0000   1.0000 101.0000
   8.500  -0.1143   0.24361   0.10761  -0.0035   1.0000   1.0000   1.0000 101.0000
   9.000  -0.1164   0.23932   0.10462  -0.0024   1.0000   1.0000   1.0000 101.0000
   9.500  -0.1182   0.23514   0.10172  -0.0013   1.0000   1.0000   1.0000 101.0000
  10.000  -0.1193   0.23113   0.09898  -0.0003   1.0000   1.0000   1.0000 101.0000
  10.500  -0.1193   0.22736   0.09645   0.0005   1.0000   1.0000   1.0000 101.0000
  11.000  -0.1178   0.22390   0.09420   0.0009   1.0000   1.0000   1.0000 101.0000
  11.500  -0.1146   0.22079   0.09228   0.0011   1.0000   1.0000   1.0000 101.0000
  12.000  -0.1094   0.21806   0.09070   0.0010   1.0000   1.0000   1.0000 101.0000
  12.500  -0.1023   0.21574   0.08957   0.0006   1.0000   1.0000   1.0000 101.0000
  13.000  -0.0934   0.21381   0.08889  -0.0002   1.0000   1.0000   1.0000 101.0000
  13.500  -0.0826   0.21227   0.08867  -0.0012   1.0000   1.0000   1.0000 101.0000
  14.000  -0.0703   0.21110   0.08890  -0.0024   1.0000   1.0000   1.0000 101.0000
  14.500  -0.0567   0.21028   0.08959  -0.0039   1.0000   1.0000   1.0000 101.0000
  15.000  -0.0418   0.20977   0.09073  -0.0055   1.0000   1.0000   1.0000 101.0000
