  
       XFOIL         Version 6.99
  
 Calculated polar for: 002772                                          
  
 1 1 Reynolds number fixed          Mach number fixed         
  
 xtrf =   1.000 (top)        1.000 (bottom)  
 Mach =   0.100     Re =     0.001 e 6     Ncrit =   9.000  9.000
  
   alpha    CL        CD       CDp       CM     Top_Xtr  Bot_Xtr  Top_Itr  Bot_Itr
  ------ -------- --------- --------- -------- -------- -------- -------- --------
   2.000  -0.1553   0.28596   0.14137  -0.0233   1.0000   1.0000   1.0000 101.0000
   2.500  -0.1544   0.28183   0.13718  -0.0223   1.0000   1.0000   1.0000 101.0000
   3.000  -0.1536   0.27766   0.13306  -0.0212   1.0000   1.0000   1.0000 101.0000
   3.500  -0.1530   0.27342   0.12892  -0.0201   1.0000   1.0000   1.0000 101.0000
   4.000  -0.1524   0.26912   0.12482  -0.0190   1.0000   1.0000   1.0000 101.0000
   4.500  -0.1520   0.26477   0.12076  -0.0178   1.0000   1.0000   1.0000 101.0000
   5.000  -0.1517   0.26037   0.11673  -0.0165   1.0000   1.0000   1.0000 101.0000
   5.500  -0.1515   0.25592   0.11274  -0.0153   1.0000   1.0000   1.0000 101.0000
   6.000  -0.1515   0.25142   0.10880  -0.0140   1.0000   1.0000   1.0000 101.0000
   6.500  -0.1514   0.24690   0.10490  -0.0126   1.0000   1.0000   1.0000 101.0000
   7.000  -0.1514   0.24237   0.10107  -0.0113   1.0000   1.0000   1.0000 101.0000
   7.500  -0.1513   0.23788   0.09731  -0.0099   1.0000   1.0000   1.0000 101.0000
   8.000  -0.1510   0.23345   0.09362  -0.0085   1.0000   1.0000   1.0000 101.0000
   8.500  -0.1503   0.22915   0.09005  -0.0072   1.0000   1.0000   1.0000 101.0000
   9.000  -0.1486   0.22506   0.08663  -0.0061   1.0000   1.0000   1.0000 101.0000
   9.500  -0.1456   0.22126   0.08343  -0.0051   1.0000   1.0000   1.0000 101.0000
  10.000  -0.1409   0.21779   0.08054  -0.0044   1.0000   1.0000   1.0000 101.0000
  10.500  -0.1341   0.21471   0.07795  -0.0040   1.0000   1.0000   1.0000 101.0000
  11.000  -0.1253   0.21202   0.07573  -0.0039   1.0000   1.0000   1.0000 101.0000
  11.500  -0.1143   0.20975   0.07391  -0.0041   1.0000   1.0000   1.0000 101.0000
  12.000  -0.1013   0.20788   0.07251  -0.0046   1.0000   1.0000   1.0000 101.0000
  12.500  -0.0865   0.20639   0.07155  -0.0053   1.0000   1.0000   1.0000 101.0000
  13.000  -0.0702   0.20526   0.07102  -0.0062   1.0000   1.0000   1.0000 101.0000
  13.500  -0.0525   0.20447   0.07093  -0.0073   1.0000   1.0000   1.0000 101.0000
  14.000  -0.0337   0.20398   0.07127  -0.0085   1.0000   1.0000   1.0000 101.0000
  14.500  -0.0140   0.20378   0.07200  -0.0099   1.0000   1.0000   1.0000 101.0000
  15.000   0.0063   0.20385   0.07317  -0.0114   1.0000   1.0000   1.0000 101.0000
