  
       XFOIL         Version 6.99
  
 Calculated polar for: 002713                                          
  
 1 1 Reynolds number fixed          Mach number fixed         
  
 xtrf =   1.000 (top)        1.000 (bottom)  
 Mach =   0.100     Re =     0.001 e 6     Ncrit =   9.000  9.000
  
   alpha    CL        CD       CDp       CM     Top_Xtr  Bot_Xtr  Top_Itr  Bot_Itr
  ------ -------- --------- --------- -------- -------- -------- -------- --------
   2.000  -0.2198   0.29564   0.20284  -0.0298   1.0000   1.0000   1.0000 101.0000
   2.500  -0.2186   0.29172   0.19718  -0.0286   1.0000   1.0000   1.0000 101.0000
   3.000  -0.2175   0.28776   0.19159  -0.0274   1.0000   1.0000   1.0000 101.0000
   3.500  -0.2166   0.28375   0.18605  -0.0262   1.0000   1.0000   1.0000 101.0000
   4.000  -0.2158   0.27972   0.18062  -0.0249   1.0000   1.0000   1.0000 101.0000
   4.500  -0.2152   0.27563   0.17520  -0.0236   1.0000   1.0000   1.0000 101.0000
   5.000  -0.2147   0.27150   0.16984  -0.0222   1.0000   1.0000   1.0000 101.0000
   5.500  -0.2144   0.26735   0.16453  -0.0208   1.0000   1.0000   1.0000 101.0000
   6.000  -0.2142   0.26319   0.15929  -0.0193   1.0000   1.0000   1.0000 101.0000
   6.500  -0.2140   0.25902   0.15411  -0.0178   1.0000   1.0000   1.0000 101.0000
   7.000  -0.2138   0.25488   0.14900  -0.0163   1.0000   1.0000   1.0000 101.0000
   7.500  -0.2134   0.25079   0.14399  -0.0148   1.0000   1.0000   1.0000 101.0000
   8.000  -0.2127   0.24678   0.13908  -0.0133   1.0000   1.0000   1.0000 101.0000
   8.500  -0.2113   0.24292   0.13432  -0.0119   1.0000   1.0000   1.0000 101.0000
   9.000  -0.2089   0.23927   0.12975  -0.0106   1.0000   1.0000   1.0000 101.0000
   9.500  -0.2048   0.23590   0.12547  -0.0096   1.0000   1.0000   1.0000 101.0000
  10.000  -0.1986   0.23287   0.12155  -0.0089   1.0000   1.0000   1.0000 101.0000
  10.500  -0.1900   0.23021   0.11805  -0.0085   1.0000   1.0000   1.0000 101.0000
  11.000  -0.1789   0.22795   0.11504  -0.0085   1.0000   1.0000   1.0000 101.0000
  11.500  -0.1653   0.22608   0.11252  -0.0089   1.0000   1.0000   1.0000 101.0000
  12.000  -0.1492   0.22461   0.11052  -0.0095   1.0000   1.0000   1.0000 101.0000
  12.500  -0.1310   0.22352   0.10906  -0.0104   1.0000   1.0000   1.0000 101.0000
  13.000  -0.1108   0.22278   0.10814  -0.0116   1.0000   1.0000   1.0000 101.0000
  13.500  -0.0889   0.22238   0.10776  -0.0130   1.0000   1.0000   1.0000 101.0000
  14.000  -0.0655   0.22229   0.10790  -0.0145   1.0000   1.0000   1.0000 101.0000
  14.500  -0.0409   0.22249   0.10855  -0.0162   1.0000   1.0000   1.0000 101.0000
  15.000  -0.0153   0.22295   0.10968  -0.0180   1.0000   1.0000   1.0000 101.0000
