  
       XFOIL         Version 6.99
  
 Calculated polar for: 002729                                          
  
 1 1 Reynolds number fixed          Mach number fixed         
  
 xtrf =   1.000 (top)        1.000 (bottom)  
 Mach =   0.100     Re =     0.001 e 6     Ncrit =   9.000  9.000
  
   alpha    CL        CD       CDp       CM     Top_Xtr  Bot_Xtr  Top_Itr  Bot_Itr
  ------ -------- --------- --------- -------- -------- -------- -------- --------
   2.000  -0.1326   0.29303   0.14945  -0.0221   1.0000   1.0000   1.0000 101.0000
   2.500  -0.1319   0.28915   0.14548  -0.0211   1.0000   1.0000   1.0000 101.0000
   3.000  -0.1313   0.28520   0.14158  -0.0201   1.0000   1.0000   1.0000 101.0000
   3.500  -0.1309   0.28119   0.13768  -0.0191   1.0000   1.0000   1.0000 101.0000
   4.000  -0.1306   0.27711   0.13380  -0.0180   1.0000   1.0000   1.0000 101.0000
   4.500  -0.1304   0.27297   0.12996  -0.0169   1.0000   1.0000   1.0000 101.0000
   5.000  -0.1303   0.26875   0.12615  -0.0158   1.0000   1.0000   1.0000 101.0000
   5.500  -0.1304   0.26447   0.12237  -0.0146   1.0000   1.0000   1.0000 101.0000
   6.000  -0.1307   0.26012   0.11863  -0.0134   1.0000   1.0000   1.0000 101.0000
   6.500  -0.1311   0.25572   0.11494  -0.0122   1.0000   1.0000   1.0000 101.0000
   7.000  -0.1316   0.25126   0.11129  -0.0109   1.0000   1.0000   1.0000 101.0000
   7.500  -0.1322   0.24678   0.10769  -0.0096   1.0000   1.0000   1.0000 101.0000
   8.000  -0.1329   0.24230   0.10414  -0.0083   1.0000   1.0000   1.0000 101.0000
   8.500  -0.1335   0.23784   0.10066  -0.0071   1.0000   1.0000   1.0000 101.0000
   9.000  -0.1339   0.23345   0.09724  -0.0058   1.0000   1.0000   1.0000 101.0000
   9.500  -0.1340   0.22919   0.09395  -0.0046   1.0000   1.0000   1.0000 101.0000
  10.000  -0.1331   0.22514   0.09083  -0.0036   1.0000   1.0000   1.0000 101.0000
  10.500  -0.1309   0.22136   0.08792  -0.0028   1.0000   1.0000   1.0000 101.0000
  11.000  -0.1270   0.21791   0.08531  -0.0023   1.0000   1.0000   1.0000 101.0000
  11.500  -0.1212   0.21485   0.08304  -0.0021   1.0000   1.0000   1.0000 101.0000
  12.000  -0.1132   0.21220   0.08116  -0.0023   1.0000   1.0000   1.0000 101.0000
  12.500  -0.1032   0.20996   0.07971  -0.0027   1.0000   1.0000   1.0000 101.0000
  13.000  -0.0911   0.20813   0.07870  -0.0035   1.0000   1.0000   1.0000 101.0000
  13.500  -0.0772   0.20671   0.07815  -0.0046   1.0000   1.0000   1.0000 101.0000
  14.000  -0.0616   0.20566   0.07807  -0.0059   1.0000   1.0000   1.0000 101.0000
  14.500  -0.0446   0.20497   0.07845  -0.0074   1.0000   1.0000   1.0000 101.0000
  15.000  -0.0264   0.20460   0.07925  -0.0090   1.0000   1.0000   1.0000 101.0000
