  
       XFOIL         Version 6.99
  
 Calculated polar for: 002730                                          
  
 1 1 Reynolds number fixed          Mach number fixed         
  
 xtrf =   1.000 (top)        1.000 (bottom)  
 Mach =   0.100     Re =     0.001 e 6     Ncrit =   9.000  9.000
  
   alpha    CL        CD       CDp       CM     Top_Xtr  Bot_Xtr  Top_Itr  Bot_Itr
  ------ -------- --------- --------- -------- -------- -------- -------- --------
   2.000  -0.0952   0.30169   0.15617  -0.0169   1.0000   1.0000   1.0000 101.0000
   2.500  -0.0955   0.29806   0.15262  -0.0160   1.0000   1.0000   1.0000 101.0000
   3.000  -0.0960   0.29437   0.14910  -0.0150   1.0000   1.0000   1.0000 101.0000
   3.500  -0.0966   0.29060   0.14562  -0.0141   1.0000   1.0000   1.0000 101.0000
   4.000  -0.0974   0.28677   0.14217  -0.0131   1.0000   1.0000   1.0000 101.0000
   4.500  -0.0984   0.28286   0.13877  -0.0121   1.0000   1.0000   1.0000 101.0000
   5.000  -0.0996   0.27887   0.13542  -0.0110   1.0000   1.0000   1.0000 101.0000
   5.500  -0.1010   0.27481   0.13210  -0.0099   1.0000   1.0000   1.0000 101.0000
   6.000  -0.1026   0.27068   0.12882  -0.0088   1.0000   1.0000   1.0000 101.0000
   6.500  -0.1044   0.26648   0.12559  -0.0077   1.0000   1.0000   1.0000 101.0000
   7.000  -0.1063   0.26223   0.12241  -0.0066   1.0000   1.0000   1.0000 101.0000
   7.500  -0.1084   0.25794   0.11928  -0.0054   1.0000   1.0000   1.0000 101.0000
   8.000  -0.1106   0.25363   0.11620  -0.0042   1.0000   1.0000   1.0000 101.0000
   8.500  -0.1129   0.24930   0.11317  -0.0030   1.0000   1.0000   1.0000 101.0000
   9.000  -0.1151   0.24500   0.11021  -0.0019   1.0000   1.0000   1.0000 101.0000
   9.500  -0.1173   0.24075   0.10731  -0.0007   1.0000   1.0000   1.0000 101.0000
  10.000  -0.1191   0.23661   0.10452   0.0004   1.0000   1.0000   1.0000 101.0000
  10.500  -0.1203   0.23263   0.10188   0.0013   1.0000   1.0000   1.0000 101.0000
  11.000  -0.1203   0.22890   0.09946   0.0021   1.0000   1.0000   1.0000 101.0000
  11.500  -0.1190   0.22546   0.09730   0.0027   1.0000   1.0000   1.0000 101.0000
  12.000  -0.1160   0.22235   0.09543   0.0029   1.0000   1.0000   1.0000 101.0000
  12.500  -0.1113   0.21962   0.09396   0.0029   1.0000   1.0000   1.0000 101.0000
  13.000  -0.1048   0.21726   0.09290   0.0025   1.0000   1.0000   1.0000 101.0000
  13.500  -0.0965   0.21528   0.09226   0.0020   1.0000   1.0000   1.0000 101.0000
  14.000  -0.0867   0.21367   0.09205   0.0011   1.0000   1.0000   1.0000 101.0000
  14.500  -0.0754   0.21240   0.09229   0.0000   1.0000   1.0000   1.0000 101.0000
  15.000  -0.0627   0.21147   0.09296  -0.0013   1.0000   1.0000   1.0000 101.0000
