  
       XFOIL         Version 6.99
  
 Calculated polar for: 002750                                          
  
 1 1 Reynolds number fixed          Mach number fixed         
  
 xtrf =   1.000 (top)        1.000 (bottom)  
 Mach =   0.100     Re =     0.001 e 6     Ncrit =   9.000  9.000
  
   alpha    CL        CD       CDp       CM     Top_Xtr  Bot_Xtr  Top_Itr  Bot_Itr
  ------ -------- --------- --------- -------- -------- -------- -------- --------
   2.000  -0.1318   0.28978   0.13915  -0.0222   1.0000   1.0000   1.0000 101.0000
   2.500  -0.1307   0.28615   0.13540  -0.0211   1.0000   1.0000   1.0000 101.0000
   3.000  -0.1297   0.28248   0.13170  -0.0198   1.0000   1.0000   1.0000 101.0000
   3.500  -0.1288   0.27876   0.12803  -0.0186   1.0000   1.0000   1.0000 101.0000
   4.000  -0.1280   0.27499   0.12441  -0.0173   1.0000   1.0000   1.0000 101.0000
   4.500  -0.1273   0.27119   0.12083  -0.0160   1.0000   1.0000   1.0000 101.0000
   5.000  -0.1267   0.26735   0.11729  -0.0146   1.0000   1.0000   1.0000 101.0000
   5.500  -0.1262   0.26347   0.11381  -0.0132   1.0000   1.0000   1.0000 101.0000
   6.000  -0.1257   0.25956   0.11037  -0.0118   1.0000   1.0000   1.0000 101.0000
   6.500  -0.1254   0.25562   0.10699  -0.0103   1.0000   1.0000   1.0000 101.0000
   7.000  -0.1251   0.25166   0.10366  -0.0088   1.0000   1.0000   1.0000 101.0000
   7.500  -0.1249   0.24768   0.10039  -0.0073   1.0000   1.0000   1.0000 101.0000
   8.000  -0.1246   0.24371   0.09725  -0.0057   1.0000   1.0000   1.0000 101.0000
   8.500  -0.1241   0.23978   0.09414  -0.0042   1.0000   1.0000   1.0000 101.0000
   9.000  -0.1236   0.23590   0.09112  -0.0027   1.0000   1.0000   1.0000 101.0000
   9.500  -0.1227   0.23214   0.08820  -0.0012   1.0000   1.0000   1.0000 101.0000
  10.000  -0.1211   0.22853   0.08543   0.0002   1.0000   1.0000   1.0000 101.0000
  10.500  -0.1186   0.22514   0.08285   0.0015   1.0000   1.0000   1.0000 101.0000
  11.000  -0.1149   0.22200   0.08049   0.0026   1.0000   1.0000   1.0000 101.0000
  11.500  -0.1097   0.21916   0.07842   0.0034   1.0000   1.0000   1.0000 101.0000
  12.000  -0.1031   0.21662   0.07664   0.0041   1.0000   1.0000   1.0000 101.0000
  12.500  -0.0949   0.21440   0.07520   0.0044   1.0000   1.0000   1.0000 101.0000
  13.000  -0.0854   0.21249   0.07411   0.0046   1.0000   1.0000   1.0000 101.0000
  13.500  -0.0744   0.21088   0.07336   0.0045   1.0000   1.0000   1.0000 101.0000
  14.000  -0.0623   0.20956   0.07300   0.0043   1.0000   1.0000   1.0000 101.0000
  14.500  -0.0492   0.20852   0.07302   0.0038   1.0000   1.0000   1.0000 101.0000
  15.000  -0.0352   0.20775   0.07341   0.0032   1.0000   1.0000   1.0000 101.0000
