  
       XFOIL         Version 6.99
  
 Calculated polar for: 002779                                          
  
 1 1 Reynolds number fixed          Mach number fixed         
  
 xtrf =   1.000 (top)        1.000 (bottom)  
 Mach =   0.100     Re =     0.001 e 6     Ncrit =   9.000  9.000
  
   alpha    CL        CD       CDp       CM     Top_Xtr  Bot_Xtr  Top_Itr  Bot_Itr
  ------ -------- --------- --------- -------- -------- -------- -------- --------
   2.000  -0.1037   0.30177   0.15755  -0.0177   1.0000   1.0000   1.0000 101.0000
   2.500  -0.1038   0.29804   0.15385  -0.0168   1.0000   1.0000   1.0000 101.0000
   3.000  -0.1040   0.29423   0.15019  -0.0159   1.0000   1.0000   1.0000 101.0000
   3.500  -0.1044   0.29036   0.14655  -0.0150   1.0000   1.0000   1.0000 101.0000
   4.000  -0.1050   0.28641   0.14296  -0.0140   1.0000   1.0000   1.0000 101.0000
   4.500  -0.1058   0.28239   0.13941  -0.0130   1.0000   1.0000   1.0000 101.0000
   5.000  -0.1067   0.27829   0.13589  -0.0119   1.0000   1.0000   1.0000 101.0000
   5.500  -0.1078   0.27411   0.13241  -0.0109   1.0000   1.0000   1.0000 101.0000
   6.000  -0.1091   0.26987   0.12898  -0.0098   1.0000   1.0000   1.0000 101.0000
   6.500  -0.1106   0.26557   0.12560  -0.0087   1.0000   1.0000   1.0000 101.0000
   7.000  -0.1123   0.26121   0.12226  -0.0076   1.0000   1.0000   1.0000 101.0000
   7.500  -0.1141   0.25681   0.11897  -0.0064   1.0000   1.0000   1.0000 101.0000
   8.000  -0.1160   0.25238   0.11572  -0.0052   1.0000   1.0000   1.0000 101.0000
   8.500  -0.1180   0.24796   0.11253  -0.0041   1.0000   1.0000   1.0000 101.0000
   9.000  -0.1199   0.24356   0.10941  -0.0029   1.0000   1.0000   1.0000 101.0000
   9.500  -0.1217   0.23921   0.10636  -0.0017   1.0000   1.0000   1.0000 101.0000
  10.000  -0.1232   0.23499   0.10341  -0.0007   1.0000   1.0000   1.0000 101.0000
  10.500  -0.1239   0.23095   0.10063   0.0003   1.0000   1.0000   1.0000 101.0000
  11.000  -0.1235   0.22716   0.09807   0.0010   1.0000   1.0000   1.0000 101.0000
  11.500  -0.1215   0.22369   0.09580   0.0015   1.0000   1.0000   1.0000 101.0000
  12.000  -0.1179   0.22057   0.09383   0.0017   1.0000   1.0000   1.0000 101.0000
  12.500  -0.1123   0.21784   0.09228   0.0015   1.0000   1.0000   1.0000 101.0000
  13.000  -0.1049   0.21550   0.09115   0.0011   1.0000   1.0000   1.0000 101.0000
  13.500  -0.0957   0.21356   0.09045   0.0004   1.0000   1.0000   1.0000 101.0000
  14.000  -0.0849   0.21200   0.09021  -0.0005   1.0000   1.0000   1.0000 101.0000
  14.500  -0.0725   0.21080   0.09042  -0.0017   1.0000   1.0000   1.0000 101.0000
  15.000  -0.0588   0.20993   0.09108  -0.0031   1.0000   1.0000   1.0000 101.0000
