  
       XFOIL         Version 6.99
  
 Calculated polar for: 002760                                          
  
 1 1 Reynolds number fixed          Mach number fixed         
  
 xtrf =   1.000 (top)        1.000 (bottom)  
 Mach =   0.100     Re =     0.001 e 6     Ncrit =   9.000  9.000
  
   alpha    CL        CD       CDp       CM     Top_Xtr  Bot_Xtr  Top_Itr  Bot_Itr
  ------ -------- --------- --------- -------- -------- -------- -------- --------
   2.000  -0.1517   0.30142   0.16114  -0.0228   1.0000   1.0000   1.0000 101.0000
   2.500  -0.1514   0.29737   0.15702  -0.0219   1.0000   1.0000   1.0000 101.0000
   3.000  -0.1511   0.29324   0.15292  -0.0210   1.0000   1.0000   1.0000 101.0000
   3.500  -0.1510   0.28904   0.14887  -0.0200   1.0000   1.0000   1.0000 101.0000
   4.000  -0.1509   0.28476   0.14481  -0.0190   1.0000   1.0000   1.0000 101.0000
   4.500  -0.1510   0.28040   0.14077  -0.0180   1.0000   1.0000   1.0000 101.0000
   5.000  -0.1511   0.27597   0.13676  -0.0169   1.0000   1.0000   1.0000 101.0000
   5.500  -0.1514   0.27146   0.13278  -0.0158   1.0000   1.0000   1.0000 101.0000
   6.000  -0.1518   0.26689   0.12882  -0.0147   1.0000   1.0000   1.0000 101.0000
   6.500  -0.1523   0.26226   0.12490  -0.0135   1.0000   1.0000   1.0000 101.0000
   7.000  -0.1528   0.25759   0.12101  -0.0123   1.0000   1.0000   1.0000 101.0000
   7.500  -0.1535   0.25289   0.11716  -0.0111   1.0000   1.0000   1.0000 101.0000
   8.000  -0.1541   0.24818   0.11335  -0.0099   1.0000   1.0000   1.0000 101.0000
   8.500  -0.1547   0.24348   0.10960  -0.0086   1.0000   1.0000   1.0000 101.0000
   9.000  -0.1551   0.23884   0.10590  -0.0074   1.0000   1.0000   1.0000 101.0000
   9.500  -0.1553   0.23429   0.10229  -0.0061   1.0000   1.0000   1.0000 101.0000
  10.000  -0.1548   0.22990   0.09880  -0.0050   1.0000   1.0000   1.0000 101.0000
  11.000  -0.1504   0.22192   0.09248  -0.0033   1.0000   1.0000   1.0000 101.0000
  11.500  -0.1457   0.21844   0.08973  -0.0028   1.0000   1.0000   1.0000 101.0000
  12.000  -0.1390   0.21535   0.08734  -0.0027   1.0000   1.0000   1.0000 101.0000
  12.500  -0.1302   0.21267   0.08534  -0.0028   1.0000   1.0000   1.0000 101.0000
  13.000  -0.1195   0.21041   0.08376  -0.0033   1.0000   1.0000   1.0000 101.0000
  13.500  -0.1069   0.20855   0.08262  -0.0040   1.0000   1.0000   1.0000 101.0000
  14.000  -0.0925   0.20708   0.08192  -0.0050   1.0000   1.0000   1.0000 101.0000
  14.500  -0.0766   0.20597   0.08166  -0.0061   1.0000   1.0000   1.0000 101.0000
  15.000  -0.0594   0.20519   0.08182  -0.0075   1.0000   1.0000   1.0000 101.0000
