  
       XFOIL         Version 6.99
  
 Calculated polar for: 002753                                          
  
 1 1 Reynolds number fixed          Mach number fixed         
  
 xtrf =   1.000 (top)        1.000 (bottom)  
 Mach =   0.100     Re =     0.001 e 6     Ncrit =   9.000  9.000
  
   alpha    CL        CD       CDp       CM     Top_Xtr  Bot_Xtr  Top_Itr  Bot_Itr
  ------ -------- --------- --------- -------- -------- -------- -------- --------
   2.000  -0.1604   0.28955   0.14668  -0.0237   1.0000   1.0000   1.0000 101.0000
   3.000  -0.1586   0.28120   0.13825  -0.0217   1.0000   1.0000   1.0000 101.0000
   3.500  -0.1579   0.27692   0.13405  -0.0207   1.0000   1.0000   1.0000 101.0000
   4.000  -0.1573   0.27259   0.12989  -0.0196   1.0000   1.0000   1.0000 101.0000
   4.500  -0.1567   0.26819   0.12575  -0.0184   1.0000   1.0000   1.0000 101.0000
   5.000  -0.1563   0.26373   0.12164  -0.0172   1.0000   1.0000   1.0000 101.0000
   5.500  -0.1561   0.25921   0.11757  -0.0160   1.0000   1.0000   1.0000 101.0000
   6.000  -0.1559   0.25464   0.11354  -0.0148   1.0000   1.0000   1.0000 101.0000
   6.500  -0.1558   0.25003   0.10956  -0.0135   1.0000   1.0000   1.0000 101.0000
   7.000  -0.1557   0.24540   0.10563  -0.0121   1.0000   1.0000   1.0000 101.0000
   7.500  -0.1556   0.24078   0.10176  -0.0108   1.0000   1.0000   1.0000 101.0000
   8.000  -0.1554   0.23622   0.09797  -0.0095   1.0000   1.0000   1.0000 101.0000
   8.500  -0.1550   0.23173   0.09425  -0.0081   1.0000   1.0000   1.0000 101.0000
   9.000  -0.1539   0.22742   0.09065  -0.0069   1.0000   1.0000   1.0000 101.0000
   9.500  -0.1518   0.22334   0.08728  -0.0058   1.0000   1.0000   1.0000 101.0000
  10.000  -0.1482   0.21956   0.08412  -0.0050   1.0000   1.0000   1.0000 101.0000
  10.500  -0.1428   0.21614   0.08125  -0.0045   1.0000   1.0000   1.0000 101.0000
  11.000  -0.1352   0.21313   0.07873  -0.0042   1.0000   1.0000   1.0000 101.0000
  11.500  -0.1255   0.21053   0.07660  -0.0043   1.0000   1.0000   1.0000 101.0000
  12.000  -0.1136   0.20835   0.07488  -0.0047   1.0000   1.0000   1.0000 101.0000
  12.500  -0.0998   0.20657   0.07360  -0.0053   1.0000   1.0000   1.0000 101.0000
  13.000  -0.0842   0.20519   0.07276  -0.0062   1.0000   1.0000   1.0000 101.0000
  13.500  -0.0669   0.20416   0.07237  -0.0073   1.0000   1.0000   1.0000 101.0000
  14.000  -0.0484   0.20348   0.07241  -0.0085   1.0000   1.0000   1.0000 101.0000
  14.500  -0.0288   0.20310   0.07286  -0.0099   1.0000   1.0000   1.0000 101.0000
  15.000  -0.0084   0.20301   0.07377  -0.0115   1.0000   1.0000   1.0000 101.0000
