  
       XFOIL         Version 6.99
  
 Calculated polar for: 002733                                          
  
 1 1 Reynolds number fixed          Mach number fixed         
  
 xtrf =   1.000 (top)        1.000 (bottom)  
 Mach =   0.100     Re =     0.001 e 6     Ncrit =   9.000  9.000
  
   alpha    CL        CD       CDp       CM     Top_Xtr  Bot_Xtr  Top_Itr  Bot_Itr
  ------ -------- --------- --------- -------- -------- -------- -------- --------
   2.000  -0.1127   0.29780   0.14734  -0.0204   1.0000   1.0000   1.0000 101.0000
   2.500  -0.1119   0.29436   0.14381  -0.0193   1.0000   1.0000   1.0000 101.0000
   3.000  -0.1113   0.29087   0.14032  -0.0182   1.0000   1.0000   1.0000 101.0000
   3.500  -0.1107   0.28733   0.13686  -0.0170   1.0000   1.0000   1.0000 101.0000
   4.000  -0.1103   0.28375   0.13345  -0.0158   1.0000   1.0000   1.0000 101.0000
   4.500  -0.1100   0.28011   0.13008  -0.0145   1.0000   1.0000   1.0000 101.0000
   5.000  -0.1098   0.27643   0.12675  -0.0133   1.0000   1.0000   1.0000 101.0000
   5.500  -0.1097   0.27270   0.12346  -0.0120   1.0000   1.0000   1.0000 101.0000
   6.000  -0.1097   0.26892   0.12021  -0.0106   1.0000   1.0000   1.0000 101.0000
   6.500  -0.1099   0.26509   0.11702  -0.0092   1.0000   1.0000   1.0000 101.0000
   7.000  -0.1102   0.26121   0.11387  -0.0078   1.0000   1.0000   1.0000 101.0000
   7.500  -0.1105   0.25729   0.11078  -0.0064   1.0000   1.0000   1.0000 101.0000
   8.000  -0.1110   0.25335   0.10774  -0.0050   1.0000   1.0000   1.0000 101.0000
   8.500  -0.1115   0.24940   0.10479  -0.0035   1.0000   1.0000   1.0000 101.0000
   9.000  -0.1119   0.24546   0.10189  -0.0020   1.0000   1.0000   1.0000 101.0000
   9.500  -0.1122   0.24157   0.09906  -0.0006   1.0000   1.0000   1.0000 101.0000
  10.000  -0.1124   0.23774   0.09632   0.0008   1.0000   1.0000   1.0000 101.0000
  10.500  -0.1123   0.23401   0.09368   0.0022   1.0000   1.0000   1.0000 101.0000
  11.000  -0.1115   0.23045   0.09120   0.0035   1.0000   1.0000   1.0000 101.0000
  11.500  -0.1099   0.22710   0.08890   0.0047   1.0000   1.0000   1.0000 101.0000
  12.000  -0.1070   0.22399   0.08685   0.0056   1.0000   1.0000   1.0000 101.0000
  12.500  -0.1029   0.22117   0.08506   0.0063   1.0000   1.0000   1.0000 101.0000
  13.000  -0.0974   0.21864   0.08358   0.0068   1.0000   1.0000   1.0000 101.0000
  13.500  -0.0905   0.21642   0.08244   0.0071   1.0000   1.0000   1.0000 101.0000
  14.000  -0.0822   0.21450   0.08162   0.0071   1.0000   1.0000   1.0000 101.0000
  14.500  -0.0727   0.21287   0.08119   0.0069   1.0000   1.0000   1.0000 101.0000
  15.000  -0.0620   0.21154   0.08112   0.0065   1.0000   1.0000   1.0000 101.0000
