  
       XFOIL         Version 6.99
  
 Calculated polar for: 002745                                          
  
 1 1 Reynolds number fixed          Mach number fixed         
  
 xtrf =   1.000 (top)        1.000 (bottom)  
 Mach =   0.100     Re =     0.001 e 6     Ncrit =   9.000  9.000
  
   alpha    CL        CD       CDp       CM     Top_Xtr  Bot_Xtr  Top_Itr  Bot_Itr
  ------ -------- --------- --------- -------- -------- -------- -------- --------
   2.000  -0.2272   0.30450   0.21651  -0.0309   1.0000   1.0000   1.0000 101.0000
   2.500  -0.2259   0.30070   0.21088  -0.0298   1.0000   1.0000   1.0000 101.0000
   3.000  -0.2246   0.29686   0.20538  -0.0286   1.0000   1.0000   1.0000 101.0000
   3.500  -0.2235   0.29296   0.19985  -0.0274   1.0000   1.0000   1.0000 101.0000
   4.000  -0.2225   0.28902   0.19437  -0.0262   1.0000   1.0000   1.0000 101.0000
   4.500  -0.2216   0.28503   0.18894  -0.0249   1.0000   1.0000   1.0000 101.0000
   5.000  -0.2209   0.28099   0.18356  -0.0236   1.0000   1.0000   1.0000 101.0000
   5.500  -0.2202   0.27692   0.17823  -0.0222   1.0000   1.0000   1.0000 101.0000
   6.000  -0.2197   0.27282   0.17296  -0.0207   1.0000   1.0000   1.0000 101.0000
   6.500  -0.2193   0.26869   0.16774  -0.0193   1.0000   1.0000   1.0000 101.0000
   7.000  -0.2189   0.26455   0.16258  -0.0178   1.0000   1.0000   1.0000 101.0000
   7.500  -0.2185   0.26042   0.15748  -0.0162   1.0000   1.0000   1.0000 101.0000
   8.000  -0.2180   0.25631   0.15246  -0.0147   1.0000   1.0000   1.0000 101.0000
   8.500  -0.2173   0.25226   0.14753  -0.0131   1.0000   1.0000   1.0000 101.0000
   9.000  -0.2163   0.24830   0.14271  -0.0116   1.0000   1.0000   1.0000 101.0000
   9.500  -0.2146   0.24450   0.13804  -0.0102   1.0000   1.0000   1.0000 101.0000
  10.000  -0.2118   0.24091   0.13367  -0.0089   1.0000   1.0000   1.0000 101.0000
  10.500  -0.2074   0.23758   0.12949  -0.0079   1.0000   1.0000   1.0000 101.0000
  11.000  -0.2010   0.23459   0.12567  -0.0071   1.0000   1.0000   1.0000 101.0000
  11.500  -0.1923   0.23195   0.12225  -0.0067   1.0000   1.0000   1.0000 101.0000
  12.000  -0.1813   0.22970   0.11930  -0.0067   1.0000   1.0000   1.0000 101.0000
  12.500  -0.1680   0.22783   0.11685  -0.0069   1.0000   1.0000   1.0000 101.0000
  13.000  -0.1524   0.22634   0.11490  -0.0075   1.0000   1.0000   1.0000 101.0000
  13.500  -0.1346   0.22522   0.11349  -0.0083   1.0000   1.0000   1.0000 101.0000
  14.000  -0.1150   0.22445   0.11259  -0.0094   1.0000   1.0000   1.0000 101.0000
  14.500  -0.0937   0.22400   0.11220  -0.0107   1.0000   1.0000   1.0000 101.0000
  15.000  -0.0709   0.22386   0.11234  -0.0121   1.0000   1.0000   1.0000 101.0000
