  
       XFOIL         Version 6.99
  
 Calculated polar for: 002773                                          
  
 1 1 Reynolds number fixed          Mach number fixed         
  
 xtrf =   1.000 (top)        1.000 (bottom)  
 Mach =   0.100     Re =     0.001 e 6     Ncrit =   9.000  9.000
  
   alpha    CL        CD       CDp       CM     Top_Xtr  Bot_Xtr  Top_Itr  Bot_Itr
  ------ -------- --------- --------- -------- -------- -------- -------- --------
   2.000  -0.1528   0.31079   0.22386  -0.0234   1.0000   1.0000   1.0000 101.0000
   2.500  -0.1526   0.30734   0.21882  -0.0223   1.0000   1.0000   1.0000 101.0000
   3.000  -0.1526   0.30385   0.21385  -0.0213   1.0000   1.0000   1.0000 101.0000
   3.500  -0.1528   0.30030   0.20893  -0.0202   1.0000   1.0000   1.0000 101.0000
   4.000  -0.1532   0.29671   0.20408  -0.0190   1.0000   1.0000   1.0000 101.0000
   4.500  -0.1538   0.29306   0.19928  -0.0178   1.0000   1.0000   1.0000 101.0000
   5.000  -0.1547   0.28937   0.19455  -0.0166   1.0000   1.0000   1.0000 101.0000
   5.500  -0.1557   0.28563   0.18987  -0.0154   1.0000   1.0000   1.0000 101.0000
   6.000  -0.1569   0.28184   0.18524  -0.0141   1.0000   1.0000   1.0000 101.0000
   6.500  -0.1584   0.27801   0.18066  -0.0127   1.0000   1.0000   1.0000 101.0000
   7.000  -0.1600   0.27415   0.17615  -0.0114   1.0000   1.0000   1.0000 101.0000
   7.500  -0.1618   0.27027   0.17170  -0.0100   1.0000   1.0000   1.0000 101.0000
   8.000  -0.1636   0.26639   0.16731  -0.0086   1.0000   1.0000   1.0000 101.0000
   8.500  -0.1654   0.26252   0.16301  -0.0071   1.0000   1.0000   1.0000 101.0000
   9.000  -0.1670   0.25871   0.15880  -0.0058   1.0000   1.0000   1.0000 101.0000
   9.500  -0.1683   0.25497   0.15469  -0.0044   1.0000   1.0000   1.0000 101.0000
  10.000  -0.1690   0.25138   0.15075  -0.0032   1.0000   1.0000   1.0000 101.0000
  10.500  -0.1686   0.24799   0.14704  -0.0021   1.0000   1.0000   1.0000 101.0000
  11.000  -0.1667   0.24487   0.14363  -0.0013   1.0000   1.0000   1.0000 101.0000
  11.500  -0.1628   0.24207   0.14061  -0.0008   1.0000   1.0000   1.0000 101.0000
  12.000  -0.1568   0.23963   0.13803  -0.0007   1.0000   1.0000   1.0000 101.0000
  12.500  -0.1486   0.23756   0.13591  -0.0008   1.0000   1.0000   1.0000 101.0000
  13.000  -0.1382   0.23586   0.13435  -0.0013   1.0000   1.0000   1.0000 101.0000
  13.500  -0.1256   0.23454   0.13333  -0.0021   1.0000   1.0000   1.0000 101.0000
  14.000  -0.1111   0.23358   0.13288  -0.0032   1.0000   1.0000   1.0000 101.0000
  14.500  -0.0948   0.23295   0.13298  -0.0046   1.0000   1.0000   1.0000 101.0000
  15.000  -0.0770   0.23264   0.13364  -0.0061   1.0000   1.0000   1.0000 101.0000
