  
       XFOIL         Version 6.99
  
 Calculated polar for: 002711                                          
  
 1 1 Reynolds number fixed          Mach number fixed         
  
 xtrf =   1.000 (top)        1.000 (bottom)  
 Mach =   0.100     Re =     0.001 e 6     Ncrit =   9.000  9.000
  
   alpha    CL        CD       CDp       CM     Top_Xtr  Bot_Xtr  Top_Itr  Bot_Itr
  ------ -------- --------- --------- -------- -------- -------- -------- --------
   2.000  -0.2067   0.29842   0.20657  -0.0295   1.0000   1.0000   1.0000 101.0000
   2.500  -0.2055   0.29464   0.20107  -0.0283   1.0000   1.0000   1.0000 101.0000
   3.000  -0.2045   0.29082   0.19562  -0.0272   1.0000   1.0000   1.0000 101.0000
   3.500  -0.2036   0.28695   0.19024  -0.0260   1.0000   1.0000   1.0000 101.0000
   4.000  -0.2028   0.28304   0.18495  -0.0247   1.0000   1.0000   1.0000 101.0000
   4.500  -0.2023   0.27908   0.17968  -0.0234   1.0000   1.0000   1.0000 101.0000
   5.000  -0.2019   0.27508   0.17446  -0.0220   1.0000   1.0000   1.0000 101.0000
   5.500  -0.2016   0.27104   0.16929  -0.0206   1.0000   1.0000   1.0000 101.0000
   6.000  -0.2015   0.26698   0.16418  -0.0192   1.0000   1.0000   1.0000 101.0000
   6.500  -0.2015   0.26290   0.15913  -0.0177   1.0000   1.0000   1.0000 101.0000
   7.000  -0.2016   0.25882   0.15414  -0.0162   1.0000   1.0000   1.0000 101.0000
   7.500  -0.2016   0.25476   0.14923  -0.0147   1.0000   1.0000   1.0000 101.0000
   8.000  -0.2014   0.25075   0.14441  -0.0132   1.0000   1.0000   1.0000 101.0000
   8.500  -0.2009   0.24683   0.13969  -0.0117   1.0000   1.0000   1.0000 101.0000
   9.000  -0.1998   0.24306   0.13512  -0.0103   1.0000   1.0000   1.0000 101.0000
   9.500  -0.1975   0.23950   0.13076  -0.0091   1.0000   1.0000   1.0000 101.0000
  10.000  -0.1936   0.23622   0.12669  -0.0082   1.0000   1.0000   1.0000 101.0000
  10.500  -0.1875   0.23327   0.12301  -0.0076   1.0000   1.0000   1.0000 101.0000
  11.000  -0.1791   0.23069   0.11974  -0.0073   1.0000   1.0000   1.0000 101.0000
  11.500  -0.1682   0.22850   0.11695  -0.0074   1.0000   1.0000   1.0000 101.0000
  12.000  -0.1548   0.22672   0.11466  -0.0078   1.0000   1.0000   1.0000 101.0000
  12.500  -0.1390   0.22532   0.11292  -0.0086   1.0000   1.0000   1.0000 101.0000
  13.000  -0.1211   0.22430   0.11172  -0.0097   1.0000   1.0000   1.0000 101.0000
  13.500  -0.1011   0.22364   0.11107  -0.0110   1.0000   1.0000   1.0000 101.0000
  14.000  -0.0795   0.22332   0.11096  -0.0125   1.0000   1.0000   1.0000 101.0000
  14.500  -0.0563   0.22331   0.11139  -0.0142   1.0000   1.0000   1.0000 101.0000
  15.000  -0.0320   0.22358   0.11234  -0.0160   1.0000   1.0000   1.0000 101.0000
