  
       XFOIL         Version 6.99
  
 Calculated polar for: 002799                                          
  
 1 1 Reynolds number fixed          Mach number fixed         
  
 xtrf =   1.000 (top)        1.000 (bottom)  
 Mach =   0.100     Re =     0.001 e 6     Ncrit =   9.000  9.000
  
   alpha    CL        CD       CDp       CM     Top_Xtr  Bot_Xtr  Top_Itr  Bot_Itr
  ------ -------- --------- --------- -------- -------- -------- -------- --------
   2.000  -0.0966   0.29753   0.15165  -0.0166   1.0000   1.0000   1.0000 101.0000
   2.500  -0.0970   0.29398   0.14826  -0.0156   1.0000   1.0000   1.0000 101.0000
   3.000  -0.0975   0.29036   0.14490  -0.0146   1.0000   1.0000   1.0000 101.0000
   3.500  -0.0983   0.28667   0.14158  -0.0136   1.0000   1.0000   1.0000 101.0000
   4.000  -0.0991   0.28291   0.13829  -0.0126   1.0000   1.0000   1.0000 101.0000
   4.500  -0.1002   0.27908   0.13504  -0.0115   1.0000   1.0000   1.0000 101.0000
   5.000  -0.1014   0.27517   0.13183  -0.0104   1.0000   1.0000   1.0000 101.0000
   5.500  -0.1029   0.27119   0.12865  -0.0093   1.0000   1.0000   1.0000 101.0000
   6.000  -0.1045   0.26713   0.12552  -0.0082   1.0000   1.0000   1.0000 101.0000
   6.500  -0.1062   0.26301   0.12241  -0.0070   1.0000   1.0000   1.0000 101.0000
   7.000  -0.1081   0.25884   0.11935  -0.0058   1.0000   1.0000   1.0000 101.0000
   7.500  -0.1102   0.25463   0.11635  -0.0046   1.0000   1.0000   1.0000 101.0000
   8.000  -0.1123   0.25041   0.11339  -0.0034   1.0000   1.0000   1.0000 101.0000
   8.500  -0.1144   0.24619   0.11048  -0.0022   1.0000   1.0000   1.0000 101.0000
   9.000  -0.1164   0.24200   0.10764  -0.0010   1.0000   1.0000   1.0000 101.0000
   9.500  -0.1183   0.23788   0.10487   0.0001   1.0000   1.0000   1.0000 101.0000
  10.000  -0.1196   0.23390   0.10222   0.0012   1.0000   1.0000   1.0000 101.0000
  10.500  -0.1201   0.23012   0.09975   0.0021   1.0000   1.0000   1.0000 101.0000
  11.000  -0.1193   0.22659   0.09752   0.0027   1.0000   1.0000   1.0000 101.0000
  11.500  -0.1170   0.22338   0.09557   0.0031   1.0000   1.0000   1.0000 101.0000
  12.000  -0.1129   0.22051   0.09396   0.0032   1.0000   1.0000   1.0000 101.0000
  12.500  -0.1071   0.21800   0.09269   0.0030   1.0000   1.0000   1.0000 101.0000
  13.000  -0.0995   0.21587   0.09187   0.0025   1.0000   1.0000   1.0000 101.0000
  13.500  -0.0902   0.21411   0.09146   0.0018   1.0000   1.0000   1.0000 101.0000
  14.000  -0.0793   0.21271   0.09150   0.0007   1.0000   1.0000   1.0000 101.0000
  14.500  -0.0670   0.21165   0.09196  -0.0005   1.0000   1.0000   1.0000 101.0000
  15.000  -0.0534   0.21092   0.09286  -0.0020   1.0000   1.0000   1.0000 101.0000
