  
       XFOIL         Version 6.99
  
 Calculated polar for: 002766                                          
  
 1 1 Reynolds number fixed          Mach number fixed         
  
 xtrf =   1.000 (top)        1.000 (bottom)  
 Mach =   0.100     Re =     0.001 e 6     Ncrit =   9.000  9.000
  
   alpha    CL        CD       CDp       CM     Top_Xtr  Bot_Xtr  Top_Itr  Bot_Itr
  ------ -------- --------- --------- -------- -------- -------- -------- --------
   2.000  -0.1152   0.29230   0.14194  -0.0217   1.0000   1.0000   1.0000 101.0000
   2.500  -0.1143   0.28885   0.13839  -0.0206   1.0000   1.0000   1.0000 101.0000
   3.000  -0.1135   0.28536   0.13488  -0.0194   1.0000   1.0000   1.0000 101.0000
   3.500  -0.1128   0.28182   0.13141  -0.0182   1.0000   1.0000   1.0000 101.0000
   4.000  -0.1123   0.27823   0.12797  -0.0169   1.0000   1.0000   1.0000 101.0000
   4.500  -0.1119   0.27459   0.12458  -0.0156   1.0000   1.0000   1.0000 101.0000
   5.000  -0.1116   0.27090   0.12123  -0.0143   1.0000   1.0000   1.0000 101.0000
   5.500  -0.1114   0.26717   0.11792  -0.0130   1.0000   1.0000   1.0000 101.0000
   6.000  -0.1114   0.26339   0.11465  -0.0116   1.0000   1.0000   1.0000 101.0000
   6.500  -0.1115   0.25957   0.11143  -0.0102   1.0000   1.0000   1.0000 101.0000
   7.000  -0.1117   0.25570   0.10826  -0.0087   1.0000   1.0000   1.0000 101.0000
   7.500  -0.1120   0.25180   0.10513  -0.0073   1.0000   1.0000   1.0000 101.0000
   8.000  -0.1123   0.24788   0.10212  -0.0058   1.0000   1.0000   1.0000 101.0000
   8.500  -0.1127   0.24394   0.09912  -0.0043   1.0000   1.0000   1.0000 101.0000
   9.000  -0.1130   0.24003   0.09619  -0.0028   1.0000   1.0000   1.0000 101.0000
   9.500  -0.1131   0.23617   0.09334  -0.0013   1.0000   1.0000   1.0000 101.0000
  10.000  -0.1130   0.23241   0.09058   0.0001   1.0000   1.0000   1.0000 101.0000
  10.500  -0.1123   0.22879   0.08796   0.0014   1.0000   1.0000   1.0000 101.0000
  11.000  -0.1107   0.22538   0.08552   0.0026   1.0000   1.0000   1.0000 101.0000
  11.500  -0.1079   0.22222   0.08331   0.0036   1.0000   1.0000   1.0000 101.0000
  12.000  -0.1036   0.21935   0.08138   0.0043   1.0000   1.0000   1.0000 101.0000
  12.500  -0.0978   0.21678   0.07975   0.0048   1.0000   1.0000   1.0000 101.0000
  13.000  -0.0905   0.21455   0.07846   0.0050   1.0000   1.0000   1.0000 101.0000
  13.500  -0.0816   0.21263   0.07752   0.0050   1.0000   1.0000   1.0000 101.0000
  14.000  -0.0713   0.21102   0.07696   0.0047   1.0000   1.0000   1.0000 101.0000
  14.500  -0.0598   0.20973   0.07679   0.0042   1.0000   1.0000   1.0000 101.0000
  15.000  -0.0471   0.20872   0.07700   0.0036   1.0000   1.0000   1.0000 101.0000
