  
       XFOIL         Version 6.99
  
 Calculated polar for: 002869                                          
  
 1 1 Reynolds number fixed          Mach number fixed         
  
 xtrf =   1.000 (top)        1.000 (bottom)  
 Mach =   0.100     Re =     0.001 e 6     Ncrit =   9.000  9.000
  
   alpha    CL        CD       CDp       CM     Top_Xtr  Bot_Xtr  Top_Itr  Bot_Itr
  ------ -------- --------- --------- -------- -------- -------- -------- --------
   2.000  -0.2682   0.29477   0.20598  -0.0341   1.0000   1.0000   1.0000 101.0000
   2.500  -0.2673   0.29061   0.20002  -0.0330   1.0000   1.0000   1.0000 101.0000
   3.000  -0.2665   0.28639   0.19410  -0.0318   1.0000   1.0000   1.0000 101.0000
   3.500  -0.2658   0.28212   0.18823  -0.0306   1.0000   1.0000   1.0000 101.0000
   4.000  -0.2652   0.27781   0.18240  -0.0293   1.0000   1.0000   1.0000 101.0000
   4.500  -0.2648   0.27345   0.17662  -0.0280   1.0000   1.0000   1.0000 101.0000
   5.000  -0.2644   0.26906   0.17089  -0.0266   1.0000   1.0000   1.0000 101.0000
   5.500  -0.2641   0.26464   0.16521  -0.0251   1.0000   1.0000   1.0000 101.0000
   6.000  -0.2638   0.26021   0.15959  -0.0237   1.0000   1.0000   1.0000 101.0000
   6.500  -0.2634   0.25579   0.15403  -0.0221   1.0000   1.0000   1.0000 101.0000
   7.000  -0.2629   0.25142   0.14856  -0.0206   1.0000   1.0000   1.0000 101.0000
   7.500  -0.2620   0.24713   0.14318  -0.0191   1.0000   1.0000   1.0000 101.0000
   8.000  -0.2605   0.24296   0.13792  -0.0177   1.0000   1.0000   1.0000 101.0000
   8.500  -0.2580   0.23900   0.13285  -0.0163   1.0000   1.0000   1.0000 101.0000
   9.000  -0.2539   0.23532   0.12804  -0.0153   1.0000   1.0000   1.0000 101.0000
   9.500  -0.2476   0.23197   0.12358  -0.0145   1.0000   1.0000   1.0000 101.0000
  10.000  -0.2389   0.22903   0.11985  -0.0141   1.0000   1.0000   1.0000 101.0000
  10.500  -0.2275   0.22648   0.11627  -0.0140   1.0000   1.0000   1.0000 101.0000
  11.000  -0.2134   0.22435   0.11317  -0.0143   1.0000   1.0000   1.0000 101.0000
  11.500  -0.1967   0.22262   0.11059  -0.0149   1.0000   1.0000   1.0000 101.0000
  12.000  -0.1775   0.22130   0.10855  -0.0157   1.0000   1.0000   1.0000 101.0000
  12.500  -0.1562   0.22034   0.10703  -0.0169   1.0000   1.0000   1.0000 101.0000
  13.000  -0.1330   0.21973   0.10603  -0.0182   1.0000   1.0000   1.0000 101.0000
  13.500  -0.1082   0.21945   0.10554  -0.0197   1.0000   1.0000   1.0000 101.0000
  14.000  -0.0819   0.21947   0.10555  -0.0213   1.0000   1.0000   1.0000 101.0000
  14.500  -0.0545   0.21975   0.10602  -0.0230   1.0000   1.0000   1.0000 101.0000
  15.000  -0.0261   0.22030   0.10698  -0.0248   1.0000   1.0000   1.0000 101.0000
