  
       XFOIL         Version 6.99
  
 Calculated polar for: 002803                                          
  
 1 1 Reynolds number fixed          Mach number fixed         
  
 xtrf =   1.000 (top)        1.000 (bottom)  
 Mach =   0.100     Re =     0.001 e 6     Ncrit =   9.000  9.000
  
   alpha    CL        CD       CDp       CM     Top_Xtr  Bot_Xtr  Top_Itr  Bot_Itr
  ------ -------- --------- --------- -------- -------- -------- -------- --------
   2.000  -0.1570   0.30081   0.16075  -0.0234   1.0000   1.0000   1.0000 101.0000
   2.500  -0.1566   0.29672   0.15659  -0.0225   1.0000   1.0000   1.0000 101.0000
   4.000  -0.1559   0.28404   0.14426  -0.0196   1.0000   1.0000   1.0000 101.0000
   4.500  -0.1558   0.27966   0.14017  -0.0185   1.0000   1.0000   1.0000 101.0000
   5.000  -0.1558   0.27520   0.13612  -0.0175   1.0000   1.0000   1.0000 101.0000
   5.500  -0.1560   0.27067   0.13209  -0.0164   1.0000   1.0000   1.0000 101.0000
   6.000  -0.1562   0.26607   0.12809  -0.0152   1.0000   1.0000   1.0000 101.0000
   6.500  -0.1566   0.26142   0.12412  -0.0140   1.0000   1.0000   1.0000 101.0000
   7.000  -0.1570   0.25673   0.12019  -0.0128   1.0000   1.0000   1.0000 101.0000
   7.500  -0.1575   0.25201   0.11629  -0.0116   1.0000   1.0000   1.0000 101.0000
   8.000  -0.1580   0.24728   0.11244  -0.0103   1.0000   1.0000   1.0000 101.0000
   8.500  -0.1584   0.24258   0.10864  -0.0090   1.0000   1.0000   1.0000 101.0000
   9.000  -0.1586   0.23793   0.10490  -0.0078   1.0000   1.0000   1.0000 101.0000
   9.500  -0.1586   0.23338   0.10125  -0.0065   1.0000   1.0000   1.0000 101.0000
  10.000  -0.1579   0.22901   0.09778  -0.0054   1.0000   1.0000   1.0000 101.0000
  10.500  -0.1561   0.22488   0.09445  -0.0044   1.0000   1.0000   1.0000 101.0000
  11.000  -0.1528   0.22106   0.09138  -0.0037   1.0000   1.0000   1.0000 101.0000
  11.500  -0.1476   0.21760   0.08861  -0.0033   1.0000   1.0000   1.0000 101.0000
  12.000  -0.1405   0.21455   0.08620  -0.0031   1.0000   1.0000   1.0000 101.0000
  12.500  -0.1314   0.21191   0.08419  -0.0033   1.0000   1.0000   1.0000 101.0000
  13.000  -0.1202   0.20968   0.08259  -0.0037   1.0000   1.0000   1.0000 101.0000
  13.500  -0.1071   0.20786   0.08143  -0.0045   1.0000   1.0000   1.0000 101.0000
  14.000  -0.0923   0.20642   0.08071  -0.0054   1.0000   1.0000   1.0000 101.0000
  14.500  -0.0759   0.20533   0.08043  -0.0066   1.0000   1.0000   1.0000 101.0000
  15.000  -0.0583   0.20458   0.08056  -0.0079   1.0000   1.0000   1.0000 101.0000
