  
       XFOIL         Version 6.99
  
 Calculated polar for: 002801                                          
  
 1 1 Reynolds number fixed          Mach number fixed         
  
 xtrf =   1.000 (top)        1.000 (bottom)  
 Mach =   0.100     Re =     0.001 e 6     Ncrit =   9.000  9.000
  
   alpha    CL        CD       CDp       CM     Top_Xtr  Bot_Xtr  Top_Itr  Bot_Itr
  ------ -------- --------- --------- -------- -------- -------- -------- --------
   2.000  -0.2093   0.29392   0.20012  -0.0303   1.0000   1.0000   1.0000 101.0000
   2.500  -0.2081   0.29011   0.19462  -0.0291   1.0000   1.0000   1.0000 101.0000
   3.000  -0.2069   0.28626   0.18918  -0.0279   1.0000   1.0000   1.0000 101.0000
   3.500  -0.2059   0.28238   0.18385  -0.0267   1.0000   1.0000   1.0000 101.0000
   4.000  -0.2051   0.27844   0.17853  -0.0254   1.0000   1.0000   1.0000 101.0000
   4.500  -0.2044   0.27446   0.17325  -0.0241   1.0000   1.0000   1.0000 101.0000
   5.000  -0.2039   0.27044   0.16803  -0.0227   1.0000   1.0000   1.0000 101.0000
   5.500  -0.2036   0.26638   0.16287  -0.0213   1.0000   1.0000   1.0000 101.0000
   6.000  -0.2034   0.26230   0.15777  -0.0198   1.0000   1.0000   1.0000 101.0000
   6.500  -0.2033   0.25822   0.15272  -0.0183   1.0000   1.0000   1.0000 101.0000
   7.000  -0.2032   0.25414   0.14775  -0.0168   1.0000   1.0000   1.0000 101.0000
   7.500  -0.2030   0.25010   0.14285  -0.0153   1.0000   1.0000   1.0000 101.0000
   8.000  -0.2026   0.24612   0.13806  -0.0138   1.0000   1.0000   1.0000 101.0000
   8.500  -0.2017   0.24226   0.13337  -0.0123   1.0000   1.0000   1.0000 101.0000
   9.000  -0.1999   0.23858   0.12887  -0.0111   1.0000   1.0000   1.0000 101.0000
   9.500  -0.1966   0.23516   0.12462  -0.0100   1.0000   1.0000   1.0000 101.0000
  10.000  -0.1913   0.23204   0.12071  -0.0093   1.0000   1.0000   1.0000 101.0000
  10.500  -0.1836   0.22929   0.11724  -0.0089   1.0000   1.0000   1.0000 101.0000
  11.000  -0.1734   0.22693   0.11419  -0.0089   1.0000   1.0000   1.0000 101.0000
  11.500  -0.1605   0.22498   0.11165  -0.0093   1.0000   1.0000   1.0000 101.0000
  12.000  -0.1451   0.22343   0.10964  -0.0100   1.0000   1.0000   1.0000 101.0000
  12.500  -0.1272   0.22228   0.10819  -0.0111   1.0000   1.0000   1.0000 101.0000
  13.000  -0.1072   0.22150   0.10729  -0.0124   1.0000   1.0000   1.0000 101.0000
  13.500  -0.0852   0.22108   0.10695  -0.0140   1.0000   1.0000   1.0000 101.0000
  14.000  -0.0616   0.22099   0.10716  -0.0157   1.0000   1.0000   1.0000 101.0000
  14.500  -0.0366   0.22121   0.10790  -0.0177   1.0000   1.0000   1.0000 101.0000
  15.000  -0.0105   0.22170   0.10915  -0.0197   1.0000   1.0000   1.0000 101.0000
