  
       XFOIL         Version 6.99
  
 Calculated polar for: 002842                                          
  
 1 1 Reynolds number fixed          Mach number fixed         
  
 xtrf =   1.000 (top)        1.000 (bottom)  
 Mach =   0.100     Re =     0.001 e 6     Ncrit =   9.000  9.000
  
   alpha    CL        CD       CDp       CM     Top_Xtr  Bot_Xtr  Top_Itr  Bot_Itr
  ------ -------- --------- --------- -------- -------- -------- -------- --------
   2.000  -0.0906   0.29874   0.15429  -0.0171   1.0000   1.0000   1.0000 101.0000
   2.500  -0.0909   0.29513   0.15076  -0.0162   1.0000   1.0000   1.0000 101.0000
   3.000  -0.0914   0.29146   0.14728  -0.0153   1.0000   1.0000   1.0000 101.0000
   3.500  -0.0921   0.28772   0.14384  -0.0143   1.0000   1.0000   1.0000 101.0000
   4.000  -0.0930   0.28390   0.14043  -0.0133   1.0000   1.0000   1.0000 101.0000
   4.500  -0.0941   0.28001   0.13706  -0.0123   1.0000   1.0000   1.0000 101.0000
   5.000  -0.0954   0.27603   0.13373  -0.0113   1.0000   1.0000   1.0000 101.0000
   5.500  -0.0969   0.27198   0.13044  -0.0102   1.0000   1.0000   1.0000 101.0000
   6.000  -0.0986   0.26783   0.12717  -0.0092   1.0000   1.0000   1.0000 101.0000
   6.500  -0.1006   0.26363   0.12397  -0.0081   1.0000   1.0000   1.0000 101.0000
   7.000  -0.1027   0.25936   0.12081  -0.0069   1.0000   1.0000   1.0000 101.0000
   7.500  -0.1050   0.25505   0.11769  -0.0058   1.0000   1.0000   1.0000 101.0000
   8.000  -0.1074   0.25070   0.11461  -0.0047   1.0000   1.0000   1.0000 101.0000
   8.500  -0.1099   0.24635   0.11160  -0.0035   1.0000   1.0000   1.0000 101.0000
   9.000  -0.1124   0.24202   0.10864  -0.0024   1.0000   1.0000   1.0000 101.0000
   9.500  -0.1148   0.23774   0.10575  -0.0013   1.0000   1.0000   1.0000 101.0000
  10.000  -0.1167   0.23359   0.10297  -0.0003   1.0000   1.0000   1.0000 101.0000
  10.500  -0.1177   0.22964   0.10037   0.0005   1.0000   1.0000   1.0000 101.0000
  11.000  -0.1175   0.22596   0.09801   0.0011   1.0000   1.0000   1.0000 101.0000
  11.500  -0.1157   0.22260   0.09594   0.0014   1.0000   1.0000   1.0000 101.0000
  12.000  -0.1120   0.21961   0.09423   0.0013   1.0000   1.0000   1.0000 101.0000
  12.500  -0.1063   0.21701   0.09290   0.0010   1.0000   1.0000   1.0000 101.0000
  13.000  -0.0987   0.21483   0.09203   0.0003   1.0000   1.0000   1.0000 101.0000
  13.500  -0.0891   0.21305   0.09163  -0.0007   1.0000   1.0000   1.0000 101.0000
  14.000  -0.0778   0.21167   0.09169  -0.0020   1.0000   1.0000   1.0000 101.0000
  14.500  -0.0649   0.21066   0.09223  -0.0035   1.0000   1.0000   1.0000 101.0000
  15.000  -0.0507   0.21000   0.09324  -0.0052   1.0000   1.0000   1.0000 101.0000
