  
       XFOIL         Version 6.99
  
 Calculated polar for: 002886                                          
  
 1 1 Reynolds number fixed          Mach number fixed         
  
 xtrf =   1.000 (top)        1.000 (bottom)  
 Mach =   0.100     Re =     0.001 e 6     Ncrit =   9.000  9.000
  
   alpha    CL        CD       CDp       CM     Top_Xtr  Bot_Xtr  Top_Itr  Bot_Itr
  ------ -------- --------- --------- -------- -------- -------- -------- --------
   2.000  -0.1872   0.30117   0.20987  -0.0268   1.0000   1.0000   1.0000 101.0000
   2.500  -0.1864   0.29745   0.20447  -0.0257   1.0000   1.0000   1.0000 101.0000
   3.000  -0.1858   0.29369   0.19913  -0.0246   1.0000   1.0000   1.0000 101.0000
   3.500  -0.1853   0.28987   0.19385  -0.0234   1.0000   1.0000   1.0000 101.0000
   4.000  -0.1850   0.28602   0.18863  -0.0222   1.0000   1.0000   1.0000 101.0000
   4.500  -0.1849   0.28211   0.18347  -0.0209   1.0000   1.0000   1.0000 101.0000
   5.000  -0.1850   0.27817   0.17838  -0.0196   1.0000   1.0000   1.0000 101.0000
   5.500  -0.1852   0.27419   0.17334  -0.0182   1.0000   1.0000   1.0000 101.0000
   6.000  -0.1857   0.27018   0.16837  -0.0168   1.0000   1.0000   1.0000 101.0000
   6.500  -0.1862   0.26616   0.16345  -0.0154   1.0000   1.0000   1.0000 101.0000
   7.000  -0.1868   0.26213   0.15860  -0.0139   1.0000   1.0000   1.0000 101.0000
   7.500  -0.1874   0.25812   0.15383  -0.0125   1.0000   1.0000   1.0000 101.0000
   8.000  -0.1879   0.25416   0.14915  -0.0110   1.0000   1.0000   1.0000 101.0000
   8.500  -0.1880   0.25028   0.14458  -0.0096   1.0000   1.0000   1.0000 101.0000
   9.000  -0.1876   0.24654   0.14015  -0.0082   1.0000   1.0000   1.0000 101.0000
   9.500  -0.1862   0.24301   0.13593  -0.0070   1.0000   1.0000   1.0000 101.0000
  10.000  -0.1831   0.23974   0.13201  -0.0061   1.0000   1.0000   1.0000 101.0000
  10.500  -0.1781   0.23680   0.12844  -0.0054   1.0000   1.0000   1.0000 101.0000
  11.000  -0.1708   0.23423   0.12530  -0.0051   1.0000   1.0000   1.0000 101.0000
  11.500  -0.1611   0.23203   0.12262  -0.0052   1.0000   1.0000   1.0000 101.0000
  12.000  -0.1490   0.23024   0.12048  -0.0056   1.0000   1.0000   1.0000 101.0000
  12.500  -0.1346   0.22882   0.11887  -0.0062   1.0000   1.0000   1.0000 101.0000
  13.000  -0.1182   0.22778   0.11781  -0.0072   1.0000   1.0000   1.0000 101.0000
  13.500  -0.0998   0.22709   0.11730  -0.0084   1.0000   1.0000   1.0000 101.0000
  14.000  -0.0798   0.22674   0.11735  -0.0099   1.0000   1.0000   1.0000 101.0000
  14.500  -0.0584   0.22668   0.11793  -0.0115   1.0000   1.0000   1.0000 101.0000
  15.000  -0.0359   0.22691   0.11903  -0.0132   1.0000   1.0000   1.0000 101.0000
