  
       XFOIL         Version 6.99
  
 Calculated polar for: 002867                                          
  
 1 1 Reynolds number fixed          Mach number fixed         
  
 xtrf =   1.000 (top)        1.000 (bottom)  
 Mach =   0.100     Re =     0.001 e 6     Ncrit =   9.000  9.000
  
   alpha    CL        CD       CDp       CM     Top_Xtr  Bot_Xtr  Top_Itr  Bot_Itr
  ------ -------- --------- --------- -------- -------- -------- -------- --------
   2.000  -0.2216   0.28858   0.18581  -0.0333   1.0000   1.0000   1.0000 101.0000
   2.500  -0.2194   0.28504   0.18061  -0.0319   1.0000   1.0000   1.0000 101.0000
   3.000  -0.2174   0.28147   0.17547  -0.0305   1.0000   1.0000   1.0000 101.0000
   3.500  -0.2154   0.27787   0.17041  -0.0290   1.0000   1.0000   1.0000 101.0000
   4.000  -0.2135   0.27424   0.16542  -0.0274   1.0000   1.0000   1.0000 101.0000
   4.500  -0.2117   0.27060   0.16051  -0.0258   1.0000   1.0000   1.0000 101.0000
   5.000  -0.2100   0.26694   0.15566  -0.0241   1.0000   1.0000   1.0000 101.0000
   5.500  -0.2085   0.26326   0.15089  -0.0224   1.0000   1.0000   1.0000 101.0000
   6.000  -0.2069   0.25958   0.14619  -0.0206   1.0000   1.0000   1.0000 101.0000
   6.500  -0.2054   0.25591   0.14158  -0.0188   1.0000   1.0000   1.0000 101.0000
   7.000  -0.2040   0.25229   0.13758  -0.0170   1.0000   1.0000   1.0000 101.0000
   7.500  -0.2024   0.24867   0.13314  -0.0152   1.0000   1.0000   1.0000 101.0000
   8.000  -0.2006   0.24511   0.12879  -0.0133   1.0000   1.0000   1.0000 101.0000
   8.500  -0.1985   0.24164   0.12454  -0.0115   1.0000   1.0000   1.0000 101.0000
   9.000  -0.1958   0.23830   0.12042  -0.0097   1.0000   1.0000   1.0000 101.0000
   9.500  -0.1922   0.23514   0.11648  -0.0080   1.0000   1.0000   1.0000 101.0000
  10.000  -0.1873   0.23220   0.11277  -0.0065   1.0000   1.0000   1.0000 101.0000
  10.500  -0.1808   0.22953   0.10934  -0.0053   1.0000   1.0000   1.0000 101.0000
  11.000  -0.1723   0.22715   0.10624  -0.0043   1.0000   1.0000   1.0000 101.0000
  11.500  -0.1619   0.22509   0.10352  -0.0036   1.0000   1.0000   1.0000 101.0000
  12.000  -0.1494   0.22334   0.10119  -0.0031   1.0000   1.0000   1.0000 101.0000
  12.500  -0.1350   0.22192   0.09928  -0.0029   1.0000   1.0000   1.0000 101.0000
  13.000  -0.1187   0.22080   0.09782  -0.0030   1.0000   1.0000   1.0000 101.0000
  13.500  -0.1008   0.21999   0.09681  -0.0033   1.0000   1.0000   1.0000 101.0000
  14.000  -0.0815   0.21946   0.09624  -0.0037   1.0000   1.0000   1.0000 101.0000
  14.500  -0.0608   0.21920   0.09612  -0.0043   1.0000   1.0000   1.0000 101.0000
  15.000  -0.0390   0.21919   0.09644  -0.0051   1.0000   1.0000   1.0000 101.0000
