  
       XFOIL         Version 6.99
  
 Calculated polar for: 002841                                          
  
 1 1 Reynolds number fixed          Mach number fixed         
  
 xtrf =   1.000 (top)        1.000 (bottom)  
 Mach =   0.100     Re =     0.001 e 6     Ncrit =   9.000  9.000
  
   alpha    CL        CD       CDp       CM     Top_Xtr  Bot_Xtr  Top_Itr  Bot_Itr
  ------ -------- --------- --------- -------- -------- -------- -------- --------
   2.000  -0.1520   0.30016   0.15714  -0.0235   1.0000   1.0000   1.0000 101.0000
   2.500  -0.1510   0.29625   0.15306  -0.0225   1.0000   1.0000   1.0000 101.0000
   3.000  -0.1501   0.29229   0.14900  -0.0215   1.0000   1.0000   1.0000 101.0000
   3.500  -0.1492   0.28826   0.14497  -0.0205   1.0000   1.0000   1.0000 101.0000
   4.000  -0.1485   0.28416   0.14097  -0.0194   1.0000   1.0000   1.0000 101.0000
   4.500  -0.1478   0.28000   0.13699  -0.0183   1.0000   1.0000   1.0000 101.0000
   5.000  -0.1471   0.27578   0.13304  -0.0172   1.0000   1.0000   1.0000 101.0000
   5.500  -0.1466   0.27149   0.12913  -0.0160   1.0000   1.0000   1.0000 101.0000
   6.000  -0.1462   0.26714   0.12526  -0.0148   1.0000   1.0000   1.0000 101.0000
   6.500  -0.1459   0.26273   0.12142  -0.0135   1.0000   1.0000   1.0000 101.0000
   7.000  -0.1456   0.25828   0.11763  -0.0122   1.0000   1.0000   1.0000 101.0000
   7.500  -0.1455   0.25379   0.11388  -0.0109   1.0000   1.0000   1.0000 101.0000
   8.000  -0.1454   0.24928   0.11018  -0.0095   1.0000   1.0000   1.0000 101.0000
   8.500  -0.1452   0.24480   0.10662  -0.0082   1.0000   1.0000   1.0000 101.0000
   9.000  -0.1450   0.24033   0.10304  -0.0068   1.0000   1.0000   1.0000 101.0000
   9.500  -0.1447   0.23591   0.09953  -0.0054   1.0000   1.0000   1.0000 101.0000
  10.000  -0.1440   0.23161   0.09610  -0.0041   1.0000   1.0000   1.0000 101.0000
  10.500  -0.1427   0.22747   0.09282  -0.0029   1.0000   1.0000   1.0000 101.0000
  11.000  -0.1404   0.22356   0.08972  -0.0018   1.0000   1.0000   1.0000 101.0000
  11.500  -0.1367   0.21995   0.08687  -0.0009   1.0000   1.0000   1.0000 101.0000
  12.000  -0.1314   0.21668   0.08431  -0.0004   1.0000   1.0000   1.0000 101.0000
  12.500  -0.1242   0.21377   0.08210  -0.0001   1.0000   1.0000   1.0000 101.0000
  13.000  -0.1152   0.21125   0.08026  -0.0000   1.0000   1.0000   1.0000 101.0000
  13.500  -0.1044   0.20911   0.07881  -0.0003   1.0000   1.0000   1.0000 101.0000
  14.000  -0.0919   0.20733   0.07776  -0.0008   1.0000   1.0000   1.0000 101.0000
  14.500  -0.0778   0.20591   0.07715  -0.0015   1.0000   1.0000   1.0000 101.0000
  15.000  -0.0623   0.20483   0.07697  -0.0025   1.0000   1.0000   1.0000 101.0000
