  
       XFOIL         Version 6.99
  
 Calculated polar for: 002874                                          
  
 1 1 Reynolds number fixed          Mach number fixed         
  
 xtrf =   1.000 (top)        1.000 (bottom)  
 Mach =   0.100     Re =     0.001 e 6     Ncrit =   9.000  9.000
  
   alpha    CL        CD       CDp       CM     Top_Xtr  Bot_Xtr  Top_Itr  Bot_Itr
  ------ -------- --------- --------- -------- -------- -------- -------- --------
   2.000  -0.1645   0.29518   0.15533  -0.0252   1.0000   1.0000   1.0000 101.0000
   2.500  -0.1639   0.29110   0.15114  -0.0243   1.0000   1.0000   1.0000 101.0000
   3.000  -0.1634   0.28694   0.14697  -0.0233   1.0000   1.0000   1.0000 101.0000
   3.500  -0.1630   0.28272   0.14282  -0.0223   1.0000   1.0000   1.0000 101.0000
   4.000  -0.1627   0.27842   0.13869  -0.0213   1.0000   1.0000   1.0000 101.0000
   4.500  -0.1624   0.27404   0.13457  -0.0202   1.0000   1.0000   1.0000 101.0000
   5.000  -0.1622   0.26960   0.13048  -0.0191   1.0000   1.0000   1.0000 101.0000
   5.500  -0.1622   0.26507   0.12642  -0.0179   1.0000   1.0000   1.0000 101.0000
   6.000  -0.1622   0.26048   0.12239  -0.0167   1.0000   1.0000   1.0000 101.0000
   6.500  -0.1624   0.25584   0.11839  -0.0155   1.0000   1.0000   1.0000 101.0000
   7.000  -0.1626   0.25115   0.11443  -0.0142   1.0000   1.0000   1.0000 101.0000
   7.500  -0.1628   0.24644   0.11051  -0.0129   1.0000   1.0000   1.0000 101.0000
   8.000  -0.1630   0.24173   0.10664  -0.0116   1.0000   1.0000   1.0000 101.0000
   8.500  -0.1631   0.23706   0.10282  -0.0103   1.0000   1.0000   1.0000 101.0000
   9.000  -0.1630   0.23248   0.09923  -0.0091   1.0000   1.0000   1.0000 101.0000
   9.500  -0.1624   0.22803   0.09560  -0.0079   1.0000   1.0000   1.0000 101.0000
  10.000  -0.1607   0.22380   0.09214  -0.0068   1.0000   1.0000   1.0000 101.0000
  10.500  -0.1577   0.21986   0.08889  -0.0060   1.0000   1.0000   1.0000 101.0000
  11.000  -0.1528   0.21627   0.08594  -0.0055   1.0000   1.0000   1.0000 101.0000
  11.500  -0.1458   0.21309   0.08332  -0.0053   1.0000   1.0000   1.0000 101.0000
  12.000  -0.1366   0.21033   0.08110  -0.0055   1.0000   1.0000   1.0000 101.0000
  12.500  -0.1251   0.20801   0.07930  -0.0060   1.0000   1.0000   1.0000 101.0000
  13.000  -0.1115   0.20611   0.07794  -0.0067   1.0000   1.0000   1.0000 101.0000
  13.500  -0.0960   0.20462   0.07703  -0.0078   1.0000   1.0000   1.0000 101.0000
  14.000  -0.0786   0.20352   0.07657  -0.0090   1.0000   1.0000   1.0000 101.0000
  14.500  -0.0598   0.20278   0.07654  -0.0105   1.0000   1.0000   1.0000 101.0000
  15.000  -0.0396   0.20238   0.07698  -0.0122   1.0000   1.0000   1.0000 101.0000
