  
       XFOIL         Version 6.99
  
 Calculated polar for: 002860                                          
  
 1 1 Reynolds number fixed          Mach number fixed         
  
 xtrf =   1.000 (top)        1.000 (bottom)  
 Mach =   0.100     Re =     0.001 e 6     Ncrit =   9.000  9.000
  
   alpha    CL        CD       CDp       CM     Top_Xtr  Bot_Xtr  Top_Itr  Bot_Itr
  ------ -------- --------- --------- -------- -------- -------- -------- --------
   2.000  -0.1021   0.30896   0.16785  -0.0165   1.0000   1.0000   1.0000 101.0000
   2.500  -0.1030   0.30522   0.16423  -0.0157   1.0000   1.0000   1.0000 101.0000
   3.000  -0.1040   0.30139   0.16065  -0.0149   1.0000   1.0000   1.0000 101.0000
   3.500  -0.1052   0.29748   0.15709  -0.0140   1.0000   1.0000   1.0000 101.0000
   4.000  -0.1065   0.29348   0.15356  -0.0131   1.0000   1.0000   1.0000 101.0000
   4.500  -0.1080   0.28941   0.15006  -0.0122   1.0000   1.0000   1.0000 101.0000
   5.000  -0.1096   0.28524   0.14660  -0.0113   1.0000   1.0000   1.0000 101.0000
   5.500  -0.1114   0.28100   0.14316  -0.0103   1.0000   1.0000   1.0000 101.0000
   6.000  -0.1134   0.27668   0.13975  -0.0093   1.0000   1.0000   1.0000 101.0000
   6.500  -0.1155   0.27229   0.13637  -0.0083   1.0000   1.0000   1.0000 101.0000
   7.000  -0.1178   0.26782   0.13299  -0.0073   1.0000   1.0000   1.0000 101.0000
   7.500  -0.1202   0.26331   0.12967  -0.0063   1.0000   1.0000   1.0000 101.0000
   8.000  -0.1228   0.25876   0.12639  -0.0052   1.0000   1.0000   1.0000 101.0000
   8.500  -0.1254   0.25419   0.12314  -0.0041   1.0000   1.0000   1.0000 101.0000
   9.000  -0.1280   0.24962   0.11994  -0.0030   1.0000   1.0000   1.0000 101.0000
   9.500  -0.1304   0.24508   0.11680  -0.0020   1.0000   1.0000   1.0000 101.0000
  10.000  -0.1328   0.24061   0.11372  -0.0009   1.0000   1.0000   1.0000 101.0000
  10.500  -0.1345   0.23628   0.11077   0.0000   1.0000   1.0000   1.0000 101.0000
  11.000  -0.1353   0.23217   0.10800   0.0008   1.0000   1.0000   1.0000 101.0000
  11.500  -0.1348   0.22834   0.10547   0.0013   1.0000   1.0000   1.0000 101.0000
  12.000  -0.1327   0.22485   0.10326   0.0016   1.0000   1.0000   1.0000 101.0000
  12.500  -0.1287   0.22175   0.10141   0.0016   1.0000   1.0000   1.0000 101.0000
  13.000  -0.1228   0.21903   0.09993   0.0012   1.0000   1.0000   1.0000 101.0000
  13.500  -0.1150   0.21673   0.09892   0.0006   1.0000   1.0000   1.0000 101.0000
  14.000  -0.1054   0.21483   0.09836  -0.0003   1.0000   1.0000   1.0000 101.0000
  14.500  -0.0942   0.21332   0.09826  -0.0014   1.0000   1.0000   1.0000 101.0000
  15.000  -0.0814   0.21217   0.09862  -0.0028   1.0000   1.0000   1.0000 101.0000
