  
       XFOIL         Version 6.99
  
 Calculated polar for: 002889                                          
  
 1 1 Reynolds number fixed          Mach number fixed         
  
 xtrf =   1.000 (top)        1.000 (bottom)  
 Mach =   0.100     Re =     0.001 e 6     Ncrit =   9.000  9.000
  
   alpha    CL        CD       CDp       CM     Top_Xtr  Bot_Xtr  Top_Itr  Bot_Itr
  ------ -------- --------- --------- -------- -------- -------- -------- --------
   2.000  -0.2559   0.29713   0.20670  -0.0348   1.0000   1.0000   1.0000 101.0000
   2.500  -0.2542   0.29322   0.20092  -0.0336   1.0000   1.0000   1.0000 101.0000
   3.000  -0.2526   0.28926   0.19519  -0.0324   1.0000   1.0000   1.0000 101.0000
   3.500  -0.2510   0.28526   0.18952  -0.0312   1.0000   1.0000   1.0000 101.0000
   4.000  -0.2495   0.28121   0.18390  -0.0299   1.0000   1.0000   1.0000 101.0000
   4.500  -0.2481   0.27712   0.17835  -0.0285   1.0000   1.0000   1.0000 101.0000
   5.000  -0.2469   0.27299   0.17285  -0.0271   1.0000   1.0000   1.0000 101.0000
   5.500  -0.2457   0.26883   0.16740  -0.0256   1.0000   1.0000   1.0000 101.0000
   6.000  -0.2446   0.26464   0.16202  -0.0241   1.0000   1.0000   1.0000 101.0000
   6.500  -0.2436   0.26043   0.15670  -0.0225   1.0000   1.0000   1.0000 101.0000
   7.000  -0.2426   0.25623   0.15145  -0.0210   1.0000   1.0000   1.0000 101.0000
   7.500  -0.2415   0.25204   0.14627  -0.0193   1.0000   1.0000   1.0000 101.0000
   8.000  -0.2402   0.24791   0.14120  -0.0178   1.0000   1.0000   1.0000 101.0000
   8.500  -0.2388   0.24388   0.13688  -0.0162   1.0000   1.0000   1.0000 101.0000
   9.000  -0.2368   0.23995   0.13202  -0.0147   1.0000   1.0000   1.0000 101.0000
   9.500  -0.2337   0.23621   0.12735  -0.0134   1.0000   1.0000   1.0000 101.0000
  10.000  -0.2290   0.23274   0.12292  -0.0123   1.0000   1.0000   1.0000 101.0000
  10.500  -0.2222   0.22958   0.11883  -0.0115   1.0000   1.0000   1.0000 101.0000
  11.000  -0.2132   0.22679   0.11514  -0.0110   1.0000   1.0000   1.0000 101.0000
  11.500  -0.2015   0.22439   0.11190  -0.0109   1.0000   1.0000   1.0000 101.0000
  12.000  -0.1873   0.22239   0.10914  -0.0112   1.0000   1.0000   1.0000 101.0000
  12.500  -0.1705   0.22079   0.10691  -0.0118   1.0000   1.0000   1.0000 101.0000
  13.000  -0.1513   0.21957   0.10521  -0.0128   1.0000   1.0000   1.0000 101.0000
  13.500  -0.1300   0.21873   0.10402  -0.0139   1.0000   1.0000   1.0000 101.0000
  14.000  -0.1067   0.21823   0.10338  -0.0153   1.0000   1.0000   1.0000 101.0000
  14.500  -0.0817   0.21806   0.10327  -0.0169   1.0000   1.0000   1.0000 101.0000
  15.000  -0.0553   0.21820   0.10367  -0.0187   1.0000   1.0000   1.0000 101.0000
