  
       XFOIL         Version 6.99
  
 Calculated polar for: 002822                                          
  
 1 1 Reynolds number fixed          Mach number fixed         
  
 xtrf =   1.000 (top)        1.000 (bottom)  
 Mach =   0.100     Re =     0.001 e 6     Ncrit =   9.000  9.000
  
   alpha    CL        CD       CDp       CM     Top_Xtr  Bot_Xtr  Top_Itr  Bot_Itr
  ------ -------- --------- --------- -------- -------- -------- -------- --------
   2.000  -0.1193   0.29013   0.14676  -0.0227   1.0000   1.0000   1.0000 101.0000
   2.500  -0.1186   0.28647   0.14301  -0.0217   1.0000   1.0000   1.0000 101.0000
   3.000  -0.1180   0.28275   0.13928  -0.0207   1.0000   1.0000   1.0000 101.0000
   3.500  -0.1175   0.27896   0.13559  -0.0196   1.0000   1.0000   1.0000 101.0000
   4.000  -0.1171   0.27510   0.13193  -0.0185   1.0000   1.0000   1.0000 101.0000
   4.500  -0.1169   0.27118   0.12829  -0.0174   1.0000   1.0000   1.0000 101.0000
   5.000  -0.1169   0.26720   0.12469  -0.0162   1.0000   1.0000   1.0000 101.0000
   5.500  -0.1170   0.26315   0.12113  -0.0150   1.0000   1.0000   1.0000 101.0000
   6.000  -0.1173   0.25903   0.11759  -0.0138   1.0000   1.0000   1.0000 101.0000
   6.500  -0.1177   0.25485   0.11409  -0.0126   1.0000   1.0000   1.0000 101.0000
   7.000  -0.1183   0.25060   0.11062  -0.0113   1.0000   1.0000   1.0000 101.0000
   7.500  -0.1190   0.24630   0.10720  -0.0101   1.0000   1.0000   1.0000 101.0000
   8.000  -0.1198   0.24196   0.10383  -0.0088   1.0000   1.0000   1.0000 101.0000
   8.500  -0.1206   0.23763   0.10052  -0.0075   1.0000   1.0000   1.0000 101.0000
   9.000  -0.1214   0.23333   0.09731  -0.0063   1.0000   1.0000   1.0000 101.0000
   9.500  -0.1220   0.22909   0.09414  -0.0050   1.0000   1.0000   1.0000 101.0000
  10.000  -0.1219   0.22501   0.09109  -0.0040   1.0000   1.0000   1.0000 101.0000
  10.500  -0.1208   0.22116   0.08824  -0.0031   1.0000   1.0000   1.0000 101.0000
  11.000  -0.1181   0.21760   0.08564  -0.0026   1.0000   1.0000   1.0000 101.0000
  11.500  -0.1135   0.21439   0.08336  -0.0023   1.0000   1.0000   1.0000 101.0000
  12.000  -0.1069   0.21157   0.08146  -0.0025   1.0000   1.0000   1.0000 101.0000
  12.500  -0.0979   0.20918   0.07997  -0.0030   1.0000   1.0000   1.0000 101.0000
  13.000  -0.0868   0.20721   0.07893  -0.0039   1.0000   1.0000   1.0000 101.0000
  13.500  -0.0735   0.20568   0.07838  -0.0051   1.0000   1.0000   1.0000 101.0000
  14.000  -0.0583   0.20455   0.07832  -0.0066   1.0000   1.0000   1.0000 101.0000
  14.500  -0.0412   0.20383   0.07873  -0.0085   1.0000   1.0000   1.0000 101.0000
  15.000  -0.0227   0.20348   0.07966  -0.0105   1.0000   1.0000   1.0000 101.0000
