  
       XFOIL         Version 6.99
  
 Calculated polar for: 002817                                          
  
 1 1 Reynolds number fixed          Mach number fixed         
  
 xtrf =   1.000 (top)        1.000 (bottom)  
 Mach =   0.100     Re =     0.001 e 6     Ncrit =   9.000  9.000
  
   alpha    CL        CD       CDp       CM     Top_Xtr  Bot_Xtr  Top_Itr  Bot_Itr
  ------ -------- --------- --------- -------- -------- -------- -------- --------
   2.000  -0.2146   0.29971   0.20898  -0.0311   1.0000   1.0000   1.0000 101.0000
   3.000  -0.2120   0.29221   0.19813  -0.0288   1.0000   1.0000   1.0000 101.0000
   3.500  -0.2109   0.28838   0.19274  -0.0276   1.0000   1.0000   1.0000 101.0000
   4.000  -0.2100   0.28450   0.18740  -0.0263   1.0000   1.0000   1.0000 101.0000
   4.500  -0.2092   0.28058   0.18211  -0.0250   1.0000   1.0000   1.0000 101.0000
   5.000  -0.2085   0.27661   0.17687  -0.0237   1.0000   1.0000   1.0000 101.0000
   5.500  -0.2079   0.27260   0.17169  -0.0223   1.0000   1.0000   1.0000 101.0000
   6.000  -0.2075   0.26857   0.16656  -0.0208   1.0000   1.0000   1.0000 101.0000
   6.500  -0.2072   0.26450   0.16148  -0.0193   1.0000   1.0000   1.0000 101.0000
   7.000  -0.2070   0.26043   0.15646  -0.0178   1.0000   1.0000   1.0000 101.0000
   7.500  -0.2068   0.25636   0.15151  -0.0163   1.0000   1.0000   1.0000 101.0000
   8.000  -0.2065   0.25232   0.14663  -0.0147   1.0000   1.0000   1.0000 101.0000
   8.500  -0.2060   0.24834   0.14184  -0.0132   1.0000   1.0000   1.0000 101.0000
   9.000  -0.2051   0.24446   0.13717  -0.0117   1.0000   1.0000   1.0000 101.0000
   9.500  -0.2033   0.24076   0.13275  -0.0104   1.0000   1.0000   1.0000 101.0000
  10.000  -0.2003   0.23728   0.12848  -0.0093   1.0000   1.0000   1.0000 101.0000
  10.500  -0.1955   0.23409   0.12452  -0.0084   1.0000   1.0000   1.0000 101.0000
  11.000  -0.1885   0.23124   0.12093  -0.0079   1.0000   1.0000   1.0000 101.0000
  11.500  -0.1790   0.22877   0.11779  -0.0077   1.0000   1.0000   1.0000 101.0000
  12.000  -0.1670   0.22670   0.11513  -0.0080   1.0000   1.0000   1.0000 101.0000
  12.500  -0.1526   0.22502   0.11299  -0.0085   1.0000   1.0000   1.0000 101.0000
  13.000  -0.1357   0.22374   0.11140  -0.0094   1.0000   1.0000   1.0000 101.0000
  13.500  -0.1167   0.22283   0.11035  -0.0106   1.0000   1.0000   1.0000 101.0000
  14.000  -0.0957   0.22227   0.10985  -0.0121   1.0000   1.0000   1.0000 101.0000
  14.500  -0.0729   0.22205   0.10988  -0.0137   1.0000   1.0000   1.0000 101.0000
  15.000  -0.0488   0.22214   0.11045  -0.0155   1.0000   1.0000   1.0000 101.0000
