  
       XFOIL         Version 6.99
  
 Calculated polar for: 002888                                          
  
 1 1 Reynolds number fixed          Mach number fixed         
  
 xtrf =   1.000 (top)        1.000 (bottom)  
 Mach =   0.100     Re =     0.001 e 6     Ncrit =   9.000  9.000
  
   alpha    CL        CD       CDp       CM     Top_Xtr  Bot_Xtr  Top_Itr  Bot_Itr
  ------ -------- --------- --------- -------- -------- -------- -------- --------
   2.000  -0.1435   0.29445   0.14502  -0.0237   1.0000   1.0000   1.0000 101.0000
   2.500  -0.1421   0.29083   0.14121  -0.0226   1.0000   1.0000   1.0000 101.0000
   3.000  -0.1408   0.28716   0.13743  -0.0214   1.0000   1.0000   1.0000 101.0000
   3.500  -0.1396   0.28345   0.13369  -0.0202   1.0000   1.0000   1.0000 101.0000
   4.000  -0.1384   0.27969   0.12999  -0.0189   1.0000   1.0000   1.0000 101.0000
   4.500  -0.1373   0.27589   0.12632  -0.0176   1.0000   1.0000   1.0000 101.0000
   5.000  -0.1362   0.27205   0.12270  -0.0162   1.0000   1.0000   1.0000 101.0000
   5.500  -0.1353   0.26817   0.11912  -0.0149   1.0000   1.0000   1.0000 101.0000
   6.000  -0.1344   0.26425   0.11559  -0.0134   1.0000   1.0000   1.0000 101.0000
   6.500  -0.1336   0.26030   0.11211  -0.0120   1.0000   1.0000   1.0000 101.0000
   7.000  -0.1328   0.25633   0.10884  -0.0105   1.0000   1.0000   1.0000 101.0000
   7.500  -0.1321   0.25230   0.10546  -0.0089   1.0000   1.0000   1.0000 101.0000
   8.000  -0.1314   0.24827   0.10214  -0.0074   1.0000   1.0000   1.0000 101.0000
   8.500  -0.1306   0.24424   0.09888  -0.0058   1.0000   1.0000   1.0000 101.0000
   9.000  -0.1298   0.24024   0.09570  -0.0042   1.0000   1.0000   1.0000 101.0000
   9.500  -0.1287   0.23630   0.09259  -0.0027   1.0000   1.0000   1.0000 101.0000
  10.000  -0.1275   0.23245   0.08958  -0.0011   1.0000   1.0000   1.0000 101.0000
  10.500  -0.1257   0.22875   0.08669   0.0003   1.0000   1.0000   1.0000 101.0000
  11.000  -0.1230   0.22525   0.08397   0.0017   1.0000   1.0000   1.0000 101.0000
  11.500  -0.1192   0.22198   0.08147   0.0029   1.0000   1.0000   1.0000 101.0000
  12.000  -0.1141   0.21899   0.07922   0.0038   1.0000   1.0000   1.0000 101.0000
  12.500  -0.1076   0.21630   0.07725   0.0046   1.0000   1.0000   1.0000 101.0000
  13.000  -0.0995   0.21393   0.07561   0.0051   1.0000   1.0000   1.0000 101.0000
  13.500  -0.0901   0.21186   0.07430   0.0054   1.0000   1.0000   1.0000 101.0000
  14.000  -0.0792   0.21010   0.07335   0.0054   1.0000   1.0000   1.0000 101.0000
  14.500  -0.0671   0.20864   0.07276   0.0053   1.0000   1.0000   1.0000 101.0000
  15.000  -0.0539   0.20745   0.07254   0.0050   1.0000   1.0000   1.0000 101.0000
