  
       XFOIL         Version 6.99
  
 Calculated polar for: 002884                                          
  
 1 1 Reynolds number fixed          Mach number fixed         
  
 xtrf =   1.000 (top)        1.000 (bottom)  
 Mach =   0.100     Re =     0.001 e 6     Ncrit =   9.000  9.000
  
   alpha    CL        CD       CDp       CM     Top_Xtr  Bot_Xtr  Top_Itr  Bot_Itr
  ------ -------- --------- --------- -------- -------- -------- -------- --------
   2.000  -0.1464   0.29418   0.14487  -0.0240   1.0000   1.0000   1.0000 101.0000
   2.500  -0.1450   0.29054   0.14103  -0.0229   1.0000   1.0000   1.0000 101.0000
   3.000  -0.1436   0.28686   0.13723  -0.0217   1.0000   1.0000   1.0000 101.0000
   3.500  -0.1423   0.28313   0.13346  -0.0205   1.0000   1.0000   1.0000 101.0000
   4.000  -0.1411   0.27936   0.12974  -0.0192   1.0000   1.0000   1.0000 101.0000
   4.500  -0.1399   0.27555   0.12605  -0.0179   1.0000   1.0000   1.0000 101.0000
   5.000  -0.1388   0.27170   0.12241  -0.0165   1.0000   1.0000   1.0000 101.0000
   5.500  -0.1377   0.26780   0.11881  -0.0151   1.0000   1.0000   1.0000 101.0000
   6.000  -0.1368   0.26387   0.11525  -0.0137   1.0000   1.0000   1.0000 101.0000
   6.500  -0.1359   0.25991   0.11175  -0.0122   1.0000   1.0000   1.0000 101.0000
   7.000  -0.1350   0.25593   0.10849  -0.0107   1.0000   1.0000   1.0000 101.0000
   7.500  -0.1342   0.25190   0.10509  -0.0092   1.0000   1.0000   1.0000 101.0000
   8.000  -0.1334   0.24785   0.10175  -0.0076   1.0000   1.0000   1.0000 101.0000
   8.500  -0.1326   0.24381   0.09846  -0.0060   1.0000   1.0000   1.0000 101.0000
   9.000  -0.1316   0.23981   0.09526  -0.0044   1.0000   1.0000   1.0000 101.0000
   9.500  -0.1305   0.23587   0.09213  -0.0029   1.0000   1.0000   1.0000 101.0000
  10.000  -0.1291   0.23202   0.08909  -0.0013   1.0000   1.0000   1.0000 101.0000
  10.500  -0.1271   0.22832   0.08619   0.0002   1.0000   1.0000   1.0000 101.0000
  11.000  -0.1243   0.22482   0.08345   0.0015   1.0000   1.0000   1.0000 101.0000
  11.500  -0.1203   0.22156   0.08093   0.0027   1.0000   1.0000   1.0000 101.0000
  12.000  -0.1150   0.21858   0.07867   0.0037   1.0000   1.0000   1.0000 101.0000
  12.500  -0.1083   0.21590   0.07668   0.0044   1.0000   1.0000   1.0000 101.0000
  13.000  -0.1000   0.21354   0.07503   0.0049   1.0000   1.0000   1.0000 101.0000
  13.500  -0.0904   0.21148   0.07371   0.0052   1.0000   1.0000   1.0000 101.0000
  14.000  -0.0793   0.20974   0.07274   0.0053   1.0000   1.0000   1.0000 101.0000
  14.500  -0.0670   0.20828   0.07214   0.0052   1.0000   1.0000   1.0000 101.0000
  15.000  -0.0536   0.20711   0.07191   0.0048   1.0000   1.0000   1.0000 101.0000
