  
       XFOIL         Version 6.99
  
 Calculated polar for: 002880                                          
  
 1 1 Reynolds number fixed          Mach number fixed         
  
 xtrf =   1.000 (top)        1.000 (bottom)  
 Mach =   0.100     Re =     0.001 e 6     Ncrit =   9.000  9.000
  
   alpha    CL        CD       CDp       CM     Top_Xtr  Bot_Xtr  Top_Itr  Bot_Itr
  ------ -------- --------- --------- -------- -------- -------- -------- --------
   2.000  -0.1165   0.29428   0.14540  -0.0202   1.0000   1.0000   1.0000 101.0000
   2.500  -0.1160   0.29063   0.14171  -0.0191   1.0000   1.0000   1.0000 101.0000
   3.000  -0.1155   0.28695   0.13808  -0.0180   1.0000   1.0000   1.0000 101.0000
   3.500  -0.1152   0.28320   0.13447  -0.0169   1.0000   1.0000   1.0000 101.0000
   4.000  -0.1151   0.27940   0.13091  -0.0158   1.0000   1.0000   1.0000 101.0000
   4.500  -0.1150   0.27555   0.12739  -0.0146   1.0000   1.0000   1.0000 101.0000
   5.000  -0.1152   0.27165   0.12390  -0.0133   1.0000   1.0000   1.0000 101.0000
   5.500  -0.1154   0.26769   0.12046  -0.0120   1.0000   1.0000   1.0000 101.0000
   6.000  -0.1158   0.26368   0.11707  -0.0107   1.0000   1.0000   1.0000 101.0000
   6.500  -0.1163   0.25962   0.11373  -0.0094   1.0000   1.0000   1.0000 101.0000
   7.000  -0.1170   0.25551   0.11044  -0.0080   1.0000   1.0000   1.0000 101.0000
   7.500  -0.1177   0.25139   0.10721  -0.0067   1.0000   1.0000   1.0000 101.0000
   8.000  -0.1185   0.24726   0.10404  -0.0053   1.0000   1.0000   1.0000 101.0000
   8.500  -0.1192   0.24315   0.10094  -0.0039   1.0000   1.0000   1.0000 101.0000
   9.000  -0.1198   0.23910   0.09793  -0.0025   1.0000   1.0000   1.0000 101.0000
   9.500  -0.1201   0.23513   0.09500  -0.0011   1.0000   1.0000   1.0000 101.0000
  10.000  -0.1199   0.23131   0.09221   0.0001   1.0000   1.0000   1.0000 101.0000
  10.500  -0.1189   0.22770   0.08961   0.0013   1.0000   1.0000   1.0000 101.0000
  11.000  -0.1166   0.22435   0.08724   0.0022   1.0000   1.0000   1.0000 101.0000
  11.500  -0.1128   0.22131   0.08515   0.0029   1.0000   1.0000   1.0000 101.0000
  12.000  -0.1075   0.21859   0.08337   0.0033   1.0000   1.0000   1.0000 101.0000
  12.500  -0.1006   0.21620   0.08195   0.0035   1.0000   1.0000   1.0000 101.0000
  13.000  -0.0921   0.21416   0.08090   0.0035   1.0000   1.0000   1.0000 101.0000
  13.500  -0.0821   0.21245   0.08024   0.0032   1.0000   1.0000   1.0000 101.0000
  14.000  -0.0707   0.21105   0.07997   0.0026   1.0000   1.0000   1.0000 101.0000
  14.500  -0.0582   0.20996   0.08010   0.0019   1.0000   1.0000   1.0000 101.0000
  15.000  -0.0447   0.20914   0.08060   0.0010   1.0000   1.0000   1.0000 101.0000
