  
       XFOIL         Version 6.99
  
 Calculated polar for: 002815                                          
  
 1 1 Reynolds number fixed          Mach number fixed         
  
 xtrf =   1.000 (top)        1.000 (bottom)  
 Mach =   0.100     Re =     0.001 e 6     Ncrit =   9.000  9.000
  
   alpha    CL        CD       CDp       CM     Top_Xtr  Bot_Xtr  Top_Itr  Bot_Itr
  ------ -------- --------- --------- -------- -------- -------- -------- --------
   2.000  -0.1789   0.28874   0.14745  -0.0267   1.0000   1.0000   1.0000 101.0000
   2.500  -0.1776   0.28461   0.14313  -0.0257   1.0000   1.0000   1.0000 101.0000
   3.000  -0.1764   0.28041   0.13884  -0.0246   1.0000   1.0000   1.0000 101.0000
   3.500  -0.1753   0.27616   0.13457  -0.0235   1.0000   1.0000   1.0000 101.0000
   4.000  -0.1742   0.27185   0.13034  -0.0224   1.0000   1.0000   1.0000 101.0000
   4.500  -0.1732   0.26747   0.12613  -0.0212   1.0000   1.0000   1.0000 101.0000
   5.000  -0.1723   0.26304   0.12197  -0.0200   1.0000   1.0000   1.0000 101.0000
   5.500  -0.1715   0.25855   0.11783  -0.0187   1.0000   1.0000   1.0000 101.0000
   6.000  -0.1707   0.25401   0.11373  -0.0174   1.0000   1.0000   1.0000 101.0000
   6.500  -0.1700   0.24943   0.10968  -0.0160   1.0000   1.0000   1.0000 101.0000
   7.000  -0.1694   0.24481   0.10568  -0.0147   1.0000   1.0000   1.0000 101.0000
   7.500  -0.1688   0.24019   0.10174  -0.0133   1.0000   1.0000   1.0000 101.0000
   8.000  -0.1680   0.23562   0.09822  -0.0119   1.0000   1.0000   1.0000 101.0000
   8.500  -0.1672   0.23107   0.09441  -0.0105   1.0000   1.0000   1.0000 101.0000
   9.000  -0.1660   0.22664   0.09069  -0.0092   1.0000   1.0000   1.0000 101.0000
   9.500  -0.1639   0.22241   0.08710  -0.0080   1.0000   1.0000   1.0000 101.0000
  10.000  -0.1605   0.21844   0.08372  -0.0070   1.0000   1.0000   1.0000 101.0000
  10.500  -0.1554   0.21481   0.08060  -0.0063   1.0000   1.0000   1.0000 101.0000
  11.000  -0.1482   0.21155   0.07780  -0.0058   1.0000   1.0000   1.0000 101.0000
  11.500  -0.1388   0.20871   0.07536  -0.0058   1.0000   1.0000   1.0000 101.0000
  12.000  -0.1271   0.20630   0.07332  -0.0060   1.0000   1.0000   1.0000 101.0000
  12.500  -0.1132   0.20431   0.07171  -0.0066   1.0000   1.0000   1.0000 101.0000
  13.000  -0.0972   0.20273   0.07052  -0.0074   1.0000   1.0000   1.0000 101.0000
  13.500  -0.0793   0.20154   0.06979  -0.0085   1.0000   1.0000   1.0000 101.0000
  14.000  -0.0599   0.20072   0.06950  -0.0097   1.0000   1.0000   1.0000 101.0000
  14.500  -0.0390   0.20023   0.06966  -0.0112   1.0000   1.0000   1.0000 101.0000
  15.000  -0.0171   0.20007   0.07026  -0.0128   1.0000   1.0000   1.0000 101.0000
