  
       XFOIL         Version 6.99
  
 Calculated polar for: 002891                                          
  
 1 1 Reynolds number fixed          Mach number fixed         
  
 xtrf =   1.000 (top)        1.000 (bottom)  
 Mach =   0.100     Re =     0.001 e 6     Ncrit =   9.000  9.000
  
   alpha    CL        CD       CDp       CM     Top_Xtr  Bot_Xtr  Top_Itr  Bot_Itr
  ------ -------- --------- --------- -------- -------- -------- -------- --------
   2.000  -0.1726   0.29265   0.14987  -0.0254   1.0000   1.0000   1.0000 101.0000
   2.500  -0.1714   0.28856   0.14560  -0.0243   1.0000   1.0000   1.0000 101.0000
   3.000  -0.1703   0.28441   0.14136  -0.0233   1.0000   1.0000   1.0000 101.0000
   3.500  -0.1693   0.28020   0.13714  -0.0222   1.0000   1.0000   1.0000 101.0000
   4.000  -0.1683   0.27594   0.13296  -0.0211   1.0000   1.0000   1.0000 101.0000
   4.500  -0.1674   0.27161   0.12880  -0.0199   1.0000   1.0000   1.0000 101.0000
   5.000  -0.1665   0.26723   0.12468  -0.0187   1.0000   1.0000   1.0000 101.0000
   5.500  -0.1657   0.26279   0.12059  -0.0174   1.0000   1.0000   1.0000 101.0000
   6.000  -0.1650   0.25830   0.11654  -0.0161   1.0000   1.0000   1.0000 101.0000
   6.500  -0.1644   0.25376   0.11254  -0.0148   1.0000   1.0000   1.0000 101.0000
   7.000  -0.1638   0.24919   0.10858  -0.0134   1.0000   1.0000   1.0000 101.0000
   7.500  -0.1633   0.24462   0.10468  -0.0120   1.0000   1.0000   1.0000 101.0000
   8.000  -0.1626   0.24009   0.10104  -0.0106   1.0000   1.0000   1.0000 101.0000
   8.500  -0.1618   0.23558   0.09728  -0.0091   1.0000   1.0000   1.0000 101.0000
   9.000  -0.1607   0.23117   0.09360  -0.0077   1.0000   1.0000   1.0000 101.0000
   9.500  -0.1591   0.22691   0.09003  -0.0064   1.0000   1.0000   1.0000 101.0000
  10.000  -0.1565   0.22288   0.08663  -0.0052   1.0000   1.0000   1.0000 101.0000
  10.500  -0.1525   0.21913   0.08346  -0.0042   1.0000   1.0000   1.0000 101.0000
  11.000  -0.1468   0.21572   0.08057  -0.0035   1.0000   1.0000   1.0000 101.0000
  11.500  -0.1391   0.21270   0.07801  -0.0031   1.0000   1.0000   1.0000 101.0000
  12.000  -0.1294   0.21006   0.07581  -0.0030   1.0000   1.0000   1.0000 101.0000
  12.500  -0.1177   0.20783   0.07400  -0.0031   1.0000   1.0000   1.0000 101.0000
  13.000  -0.1042   0.20597   0.07260  -0.0035   1.0000   1.0000   1.0000 101.0000
  13.500  -0.0888   0.20448   0.07160  -0.0041   1.0000   1.0000   1.0000 101.0000
  14.000  -0.0720   0.20335   0.07103  -0.0050   1.0000   1.0000   1.0000 101.0000
  14.500  -0.0539   0.20254   0.07089  -0.0060   1.0000   1.0000   1.0000 101.0000
  15.000  -0.0347   0.20203   0.07116  -0.0071   1.0000   1.0000   1.0000 101.0000
