  
       XFOIL         Version 6.99
  
 Calculated polar for: 002831                                          
  
 1 1 Reynolds number fixed          Mach number fixed         
  
 xtrf =   1.000 (top)        1.000 (bottom)  
 Mach =   0.100     Re =     0.001 e 6     Ncrit =   9.000  9.000
  
   alpha    CL        CD       CDp       CM     Top_Xtr  Bot_Xtr  Top_Itr  Bot_Itr
  ------ -------- --------- --------- -------- -------- -------- -------- --------
   2.000  -0.2238   0.30474   0.21672  -0.0306   1.0000   1.0000   1.0000 101.0000
   2.500  -0.2225   0.30095   0.21112  -0.0295   1.0000   1.0000   1.0000 101.0000
   3.000  -0.2213   0.29713   0.20563  -0.0283   1.0000   1.0000   1.0000 101.0000
   3.500  -0.2202   0.29324   0.20013  -0.0271   1.0000   1.0000   1.0000 101.0000
   4.000  -0.2193   0.28931   0.19467  -0.0259   1.0000   1.0000   1.0000 101.0000
   4.500  -0.2184   0.28533   0.18927  -0.0246   1.0000   1.0000   1.0000 101.0000
   5.000  -0.2177   0.28131   0.18391  -0.0233   1.0000   1.0000   1.0000 101.0000
   5.500  -0.2171   0.27726   0.17861  -0.0219   1.0000   1.0000   1.0000 101.0000
   6.000  -0.2167   0.27317   0.17336  -0.0205   1.0000   1.0000   1.0000 101.0000
   6.500  -0.2163   0.26905   0.16816  -0.0190   1.0000   1.0000   1.0000 101.0000
   7.000  -0.2160   0.26493   0.16302  -0.0175   1.0000   1.0000   1.0000 101.0000
   7.500  -0.2157   0.26080   0.15795  -0.0160   1.0000   1.0000   1.0000 101.0000
   8.000  -0.2153   0.25670   0.15295  -0.0144   1.0000   1.0000   1.0000 101.0000
   8.500  -0.2147   0.25266   0.14804  -0.0129   1.0000   1.0000   1.0000 101.0000
   9.000  -0.2137   0.24871   0.14324  -0.0114   1.0000   1.0000   1.0000 101.0000
   9.500  -0.2122   0.24490   0.13859  -0.0099   1.0000   1.0000   1.0000 101.0000
  10.000  -0.2095   0.24131   0.13422  -0.0086   1.0000   1.0000   1.0000 101.0000
  10.500  -0.2052   0.23799   0.13006  -0.0076   1.0000   1.0000   1.0000 101.0000
  11.000  -0.1990   0.23498   0.12625  -0.0069   1.0000   1.0000   1.0000 101.0000
  11.500  -0.1906   0.23234   0.12285  -0.0065   1.0000   1.0000   1.0000 101.0000
  12.000  -0.1798   0.23008   0.11991  -0.0064   1.0000   1.0000   1.0000 101.0000
  12.500  -0.1666   0.22821   0.11746  -0.0066   1.0000   1.0000   1.0000 101.0000
  13.000  -0.1512   0.22671   0.11554  -0.0072   1.0000   1.0000   1.0000 101.0000
  13.500  -0.1336   0.22559   0.11413  -0.0080   1.0000   1.0000   1.0000 101.0000
  14.000  -0.1142   0.22481   0.11325  -0.0091   1.0000   1.0000   1.0000 101.0000
  14.500  -0.0931   0.22436   0.11290  -0.0104   1.0000   1.0000   1.0000 101.0000
  15.000  -0.0705   0.22421   0.11304  -0.0119   1.0000   1.0000   1.0000 101.0000
