  
       XFOIL         Version 6.99
  
 Calculated polar for: 002866                                          
  
 1 1 Reynolds number fixed          Mach number fixed         
  
 xtrf =   1.000 (top)        1.000 (bottom)  
 Mach =   0.100     Re =     0.001 e 6     Ncrit =   9.000  9.000
  
   alpha    CL        CD       CDp       CM     Top_Xtr  Bot_Xtr  Top_Itr  Bot_Itr
  ------ -------- --------- --------- -------- -------- -------- -------- --------
   2.000  -0.2353   0.29836   0.20787  -0.0330   1.0000   1.0000   1.0000 101.0000
   2.500  -0.2338   0.29454   0.20224  -0.0319   1.0000   1.0000   1.0000 101.0000
   3.000  -0.2323   0.29066   0.19665  -0.0307   1.0000   1.0000   1.0000 101.0000
   3.500  -0.2310   0.28674   0.19111  -0.0294   1.0000   1.0000   1.0000 101.0000
   4.000  -0.2298   0.28278   0.18563  -0.0281   1.0000   1.0000   1.0000 101.0000
   4.500  -0.2286   0.27877   0.18020  -0.0268   1.0000   1.0000   1.0000 101.0000
   5.000  -0.2277   0.27472   0.17482  -0.0254   1.0000   1.0000   1.0000 101.0000
   5.500  -0.2268   0.27063   0.16950  -0.0240   1.0000   1.0000   1.0000 101.0000
   6.000  -0.2260   0.26651   0.16423  -0.0225   1.0000   1.0000   1.0000 101.0000
   6.500  -0.2254   0.26238   0.15901  -0.0210   1.0000   1.0000   1.0000 101.0000
   7.000  -0.2247   0.25823   0.15386  -0.0194   1.0000   1.0000   1.0000 101.0000
   7.500  -0.2240   0.25410   0.14878  -0.0179   1.0000   1.0000   1.0000 101.0000
   8.000  -0.2232   0.25001   0.14378  -0.0163   1.0000   1.0000   1.0000 101.0000
   8.500  -0.2221   0.24599   0.13888  -0.0147   1.0000   1.0000   1.0000 101.0000
   9.000  -0.2206   0.24211   0.13435  -0.0133   1.0000   1.0000   1.0000 101.0000
   9.500  -0.2182   0.23838   0.12975  -0.0119   1.0000   1.0000   1.0000 101.0000
  10.000  -0.2143   0.23490   0.12539  -0.0108   1.0000   1.0000   1.0000 101.0000
  10.500  -0.2085   0.23173   0.12135  -0.0099   1.0000   1.0000   1.0000 101.0000
  11.000  -0.2003   0.22891   0.11769  -0.0095   1.0000   1.0000   1.0000 101.0000
  11.500  -0.1897   0.22648   0.11449  -0.0093   1.0000   1.0000   1.0000 101.0000
  12.000  -0.1766   0.22444   0.11177  -0.0096   1.0000   1.0000   1.0000 101.0000
  12.500  -0.1609   0.22281   0.10957  -0.0102   1.0000   1.0000   1.0000 101.0000
  13.000  -0.1428   0.22156   0.10790  -0.0111   1.0000   1.0000   1.0000 101.0000
  13.500  -0.1225   0.22069   0.10678  -0.0123   1.0000   1.0000   1.0000 101.0000
  14.000  -0.1003   0.22016   0.10618  -0.0137   1.0000   1.0000   1.0000 101.0000
  14.500  -0.0764   0.21997   0.10612  -0.0153   1.0000   1.0000   1.0000 101.0000
  15.000  -0.0511   0.22009   0.10660  -0.0171   1.0000   1.0000   1.0000 101.0000
