  
       XFOIL         Version 6.99
  
 Calculated polar for: 002854                                          
  
 1 1 Reynolds number fixed          Mach number fixed         
  
 xtrf =   1.000 (top)        1.000 (bottom)  
 Mach =   0.100     Re =     0.001 e 6     Ncrit =   9.000  9.000
  
   alpha    CL        CD       CDp       CM     Top_Xtr  Bot_Xtr  Top_Itr  Bot_Itr
  ------ -------- --------- --------- -------- -------- -------- -------- --------
   2.000  -0.1499   0.29906   0.15470  -0.0235   1.0000   1.0000   1.0000 101.0000
   2.500  -0.1489   0.29521   0.15067  -0.0225   1.0000   1.0000   1.0000 101.0000
   3.000  -0.1479   0.29130   0.14667  -0.0215   1.0000   1.0000   1.0000 101.0000
   3.500  -0.1470   0.28734   0.14270  -0.0204   1.0000   1.0000   1.0000 101.0000
   4.000  -0.1462   0.28331   0.13876  -0.0193   1.0000   1.0000   1.0000 101.0000
   4.500  -0.1454   0.27922   0.13485  -0.0182   1.0000   1.0000   1.0000 101.0000
   5.000  -0.1448   0.27507   0.13097  -0.0170   1.0000   1.0000   1.0000 101.0000
   5.500  -0.1442   0.27086   0.12712  -0.0158   1.0000   1.0000   1.0000 101.0000
   6.000  -0.1437   0.26659   0.12331  -0.0145   1.0000   1.0000   1.0000 101.0000
   6.500  -0.1433   0.26227   0.11954  -0.0132   1.0000   1.0000   1.0000 101.0000
   7.000  -0.1430   0.25790   0.11582  -0.0119   1.0000   1.0000   1.0000 101.0000
   7.500  -0.1428   0.25350   0.11214  -0.0105   1.0000   1.0000   1.0000 101.0000
   8.000  -0.1426   0.24909   0.10861  -0.0091   1.0000   1.0000   1.0000 101.0000
   8.500  -0.1424   0.24468   0.10505  -0.0077   1.0000   1.0000   1.0000 101.0000
   9.000  -0.1421   0.24030   0.10155  -0.0063   1.0000   1.0000   1.0000 101.0000
   9.500  -0.1416   0.23598   0.09812  -0.0049   1.0000   1.0000   1.0000 101.0000
  10.000  -0.1409   0.23176   0.09478  -0.0035   1.0000   1.0000   1.0000 101.0000
  10.500  -0.1395   0.22771   0.09157  -0.0022   1.0000   1.0000   1.0000 101.0000
  11.000  -0.1371   0.22389   0.08855  -0.0011   1.0000   1.0000   1.0000 101.0000
  11.500  -0.1334   0.22035   0.08577  -0.0002   1.0000   1.0000   1.0000 101.0000
  12.000  -0.1281   0.21714   0.08328   0.0004   1.0000   1.0000   1.0000 101.0000
  12.500  -0.1211   0.21428   0.08112   0.0008   1.0000   1.0000   1.0000 101.0000
  13.000  -0.1123   0.21179   0.07932   0.0009   1.0000   1.0000   1.0000 101.0000
  13.500  -0.1017   0.20967   0.07791   0.0008   1.0000   1.0000   1.0000 101.0000
  14.000  -0.0895   0.20790   0.07688   0.0004   1.0000   1.0000   1.0000 101.0000
  14.500  -0.0758   0.20648   0.07628  -0.0002   1.0000   1.0000   1.0000 101.0000
  15.000  -0.0608   0.20537   0.07609  -0.0010   1.0000   1.0000   1.0000 101.0000
