  
       XFOIL         Version 6.99
  
 Calculated polar for: 002959                                          
  
 1 1 Reynolds number fixed          Mach number fixed         
  
 xtrf =   1.000 (top)        1.000 (bottom)  
 Mach =   0.100     Re =     0.001 e 6     Ncrit =   9.000  9.000
  
   alpha    CL        CD       CDp       CM     Top_Xtr  Bot_Xtr  Top_Itr  Bot_Itr
  ------ -------- --------- --------- -------- -------- -------- -------- --------
   2.000  -0.1514   0.28987   0.13725  -0.0250   1.0000   1.0000   1.0000 101.0000
   2.500  -0.1494   0.28637   0.13351  -0.0237   1.0000   1.0000   1.0000 101.0000
   3.000  -0.1475   0.28284   0.12981  -0.0224   1.0000   1.0000   1.0000 101.0000
   3.500  -0.1456   0.27928   0.12616  -0.0210   1.0000   1.0000   1.0000 101.0000
   4.000  -0.1437   0.27569   0.12256  -0.0196   1.0000   1.0000   1.0000 101.0000
   4.500  -0.1419   0.27207   0.11901  -0.0181   1.0000   1.0000   1.0000 101.0000
   5.000  -0.1401   0.26842   0.11552  -0.0166   1.0000   1.0000   1.0000 101.0000
   5.500  -0.1385   0.26478   0.11259  -0.0151   1.0000   1.0000   1.0000 101.0000
   6.000  -0.1368   0.26108   0.10921  -0.0135   1.0000   1.0000   1.0000 101.0000
   6.500  -0.1352   0.25736   0.10587  -0.0119   1.0000   1.0000   1.0000 101.0000
   7.000  -0.1337   0.25363   0.10259  -0.0102   1.0000   1.0000   1.0000 101.0000
   7.500  -0.1321   0.24989   0.09935  -0.0085   1.0000   1.0000   1.0000 101.0000
   8.000  -0.1305   0.24615   0.09618  -0.0068   1.0000   1.0000   1.0000 101.0000
   8.500  -0.1288   0.24242   0.09307  -0.0051   1.0000   1.0000   1.0000 101.0000
   9.000  -0.1269   0.23872   0.09004  -0.0033   1.0000   1.0000   1.0000 101.0000
   9.500  -0.1248   0.23507   0.08710  -0.0016   1.0000   1.0000   1.0000 101.0000
  10.000  -0.1225   0.23150   0.08426   0.0001   1.0000   1.0000   1.0000 101.0000
  10.500  -0.1197   0.22806   0.08154   0.0018   1.0000   1.0000   1.0000 101.0000
  11.000  -0.1162   0.22480   0.07897   0.0033   1.0000   1.0000   1.0000 101.0000
  11.500  -0.1117   0.22174   0.07661   0.0047   1.0000   1.0000   1.0000 101.0000
  12.000  -0.1061   0.21893   0.07447   0.0060   1.0000   1.0000   1.0000 101.0000
  12.500  -0.0992   0.21638   0.07260   0.0070   1.0000   1.0000   1.0000 101.0000
  13.000  -0.0910   0.21410   0.07101   0.0079   1.0000   1.0000   1.0000 101.0000
  13.500  -0.0815   0.21210   0.06973   0.0085   1.0000   1.0000   1.0000 101.0000
  14.000  -0.0709   0.21037   0.06877   0.0089   1.0000   1.0000   1.0000 101.0000
  14.500  -0.0591   0.20891   0.06814   0.0092   1.0000   1.0000   1.0000 101.0000
  15.000  -0.0464   0.20770   0.06784   0.0092   1.0000   1.0000   1.0000 101.0000
