  
       XFOIL         Version 6.99
  
 Calculated polar for: 002901                                          
  
 1 1 Reynolds number fixed          Mach number fixed         
  
 xtrf =   1.000 (top)        1.000 (bottom)  
 Mach =   0.100     Re =     0.001 e 6     Ncrit =   9.000  9.000
  
   alpha    CL        CD       CDp       CM     Top_Xtr  Bot_Xtr  Top_Itr  Bot_Itr
  ------ -------- --------- --------- -------- -------- -------- -------- --------
   2.000  -0.1745   0.28909   0.14759  -0.0263   1.0000   1.0000   1.0000 101.0000
   2.500  -0.1733   0.28498   0.14330  -0.0252   1.0000   1.0000   1.0000 101.0000
   3.000  -0.1721   0.28081   0.13904  -0.0242   1.0000   1.0000   1.0000 101.0000
   3.500  -0.1710   0.27658   0.13480  -0.0231   1.0000   1.0000   1.0000 101.0000
   4.000  -0.1700   0.27228   0.13060  -0.0220   1.0000   1.0000   1.0000 101.0000
   4.500  -0.1691   0.26793   0.12642  -0.0208   1.0000   1.0000   1.0000 101.0000
   5.000  -0.1683   0.26352   0.12228  -0.0196   1.0000   1.0000   1.0000 101.0000
   5.500  -0.1675   0.25905   0.11817  -0.0183   1.0000   1.0000   1.0000 101.0000
   6.000  -0.1668   0.25452   0.11410  -0.0170   1.0000   1.0000   1.0000 101.0000
   6.500  -0.1662   0.24995   0.11007  -0.0157   1.0000   1.0000   1.0000 101.0000
   7.000  -0.1657   0.24535   0.10609  -0.0143   1.0000   1.0000   1.0000 101.0000
   7.500  -0.1651   0.24074   0.10218  -0.0130   1.0000   1.0000   1.0000 101.0000
   8.000  -0.1645   0.23617   0.09861  -0.0116   1.0000   1.0000   1.0000 101.0000
   8.500  -0.1638   0.23163   0.09482  -0.0102   1.0000   1.0000   1.0000 101.0000
   9.000  -0.1627   0.22721   0.09112  -0.0089   1.0000   1.0000   1.0000 101.0000
   9.500  -0.1608   0.22297   0.08755  -0.0077   1.0000   1.0000   1.0000 101.0000
  10.000  -0.1576   0.21900   0.08419  -0.0067   1.0000   1.0000   1.0000 101.0000
  10.500  -0.1527   0.21535   0.08108  -0.0059   1.0000   1.0000   1.0000 101.0000
  11.000  -0.1458   0.21208   0.07829  -0.0055   1.0000   1.0000   1.0000 101.0000
  11.500  -0.1367   0.20922   0.07586  -0.0054   1.0000   1.0000   1.0000 101.0000
  12.000  -0.1254   0.20679   0.07383  -0.0057   1.0000   1.0000   1.0000 101.0000
  12.500  -0.1118   0.20478   0.07223  -0.0062   1.0000   1.0000   1.0000 101.0000
  13.000  -0.0961   0.20318   0.07106  -0.0070   1.0000   1.0000   1.0000 101.0000
  13.500  -0.0786   0.20197   0.07033  -0.0081   1.0000   1.0000   1.0000 101.0000
  14.000  -0.0594   0.20113   0.07005  -0.0094   1.0000   1.0000   1.0000 101.0000
  14.500  -0.0389   0.20063   0.07023  -0.0108   1.0000   1.0000   1.0000 101.0000
  15.000  -0.0173   0.20045   0.07084  -0.0124   1.0000   1.0000   1.0000 101.0000
