  
       XFOIL         Version 6.99
  
 Calculated polar for: 002958                                          
  
 1 1 Reynolds number fixed          Mach number fixed         
  
 xtrf =   1.000 (top)        1.000 (bottom)  
 Mach =   0.100     Re =     0.001 e 6     Ncrit =   9.000  9.000
  
   alpha    CL        CD       CDp       CM     Top_Xtr  Bot_Xtr  Top_Itr  Bot_Itr
  ------ -------- --------- --------- -------- -------- -------- -------- --------
   2.000  -0.1761   0.30851   0.22082  -0.0259   1.0000   1.0000   1.0000 101.0000
   2.500  -0.1755   0.30494   0.21556  -0.0249   1.0000   1.0000   1.0000 101.0000
   3.000  -0.1750   0.30132   0.21036  -0.0238   1.0000   1.0000   1.0000 101.0000
   3.500  -0.1747   0.29765   0.20522  -0.0226   1.0000   1.0000   1.0000 101.0000
   4.000  -0.1745   0.29394   0.20013  -0.0214   1.0000   1.0000   1.0000 101.0000
   4.500  -0.1746   0.29017   0.19511  -0.0202   1.0000   1.0000   1.0000 101.0000
   5.000  -0.1748   0.28636   0.19013  -0.0190   1.0000   1.0000   1.0000 101.0000
   5.500  -0.1752   0.28251   0.18522  -0.0177   1.0000   1.0000   1.0000 101.0000
   6.000  -0.1757   0.27861   0.18036  -0.0163   1.0000   1.0000   1.0000 101.0000
   6.500  -0.1764   0.27469   0.17555  -0.0149   1.0000   1.0000   1.0000 101.0000
   7.000  -0.1773   0.27073   0.17080  -0.0135   1.0000   1.0000   1.0000 101.0000
   7.500  -0.1783   0.26677   0.16612  -0.0121   1.0000   1.0000   1.0000 101.0000
   8.000  -0.1792   0.26281   0.16150  -0.0106   1.0000   1.0000   1.0000 101.0000
   8.500  -0.1801   0.25888   0.15697  -0.0091   1.0000   1.0000   1.0000 101.0000
   9.000  -0.1808   0.25502   0.15253  -0.0077   1.0000   1.0000   1.0000 101.0000
   9.500  -0.1810   0.25126   0.14821  -0.0063   1.0000   1.0000   1.0000 101.0000
  10.000  -0.1805   0.24767   0.14407  -0.0051   1.0000   1.0000   1.0000 101.0000
  10.500  -0.1787   0.24430   0.14019  -0.0040   1.0000   1.0000   1.0000 101.0000
  11.000  -0.1752   0.24123   0.13662  -0.0032   1.0000   1.0000   1.0000 101.0000
  11.500  -0.1697   0.23850   0.13345  -0.0028   1.0000   1.0000   1.0000 101.0000
  12.000  -0.1619   0.23613   0.13073  -0.0026   1.0000   1.0000   1.0000 101.0000
  12.500  -0.1519   0.23414   0.12851  -0.0028   1.0000   1.0000   1.0000 101.0000
  13.000  -0.1397   0.23253   0.12682  -0.0034   1.0000   1.0000   1.0000 101.0000
  13.500  -0.1253   0.23129   0.12567  -0.0042   1.0000   1.0000   1.0000 101.0000
  14.000  -0.1090   0.23041   0.12507  -0.0053   1.0000   1.0000   1.0000 101.0000
  14.500  -0.0910   0.22986   0.12501  -0.0066   1.0000   1.0000   1.0000 101.0000
  15.000  -0.0715   0.22962   0.12550  -0.0081   1.0000   1.0000   1.0000 101.0000
