  
       XFOIL         Version 6.99
  
 Calculated polar for: 002910                                          
  
 1 1 Reynolds number fixed          Mach number fixed         
  
 xtrf =   1.000 (top)        1.000 (bottom)  
 Mach =   0.100     Re =     0.001 e 6     Ncrit =   9.000  9.000
  
   alpha    CL        CD       CDp       CM     Top_Xtr  Bot_Xtr  Top_Itr  Bot_Itr
  ------ -------- --------- --------- -------- -------- -------- -------- --------
   2.000  -0.0682   0.29358   0.14242  -0.0155   1.0000   1.0000   1.0000 101.0000
   2.500  -0.0689   0.29041   0.13943  -0.0145   1.0000   1.0000   1.0000 101.0000
   3.000  -0.0698   0.28719   0.13648  -0.0133   1.0000   1.0000   1.0000 101.0000
   3.500  -0.0709   0.28392   0.13359  -0.0122   1.0000   1.0000   1.0000 101.0000
   4.000  -0.0723   0.28060   0.13075  -0.0111   1.0000   1.0000   1.0000 101.0000
   4.500  -0.0739   0.27721   0.12794  -0.0099   1.0000   1.0000   1.0000 101.0000
   5.000  -0.0757   0.27377   0.12520  -0.0087   1.0000   1.0000   1.0000 101.0000
   5.500  -0.0778   0.27027   0.12250  -0.0074   1.0000   1.0000   1.0000 101.0000
   6.000  -0.0801   0.26670   0.11984  -0.0062   1.0000   1.0000   1.0000 101.0000
   6.500  -0.0825   0.26306   0.11723  -0.0049   1.0000   1.0000   1.0000 101.0000
   7.000  -0.0852   0.25936   0.11467  -0.0037   1.0000   1.0000   1.0000 101.0000
   7.500  -0.0881   0.25561   0.11216  -0.0024   1.0000   1.0000   1.0000 101.0000
   8.000  -0.0910   0.25183   0.10971  -0.0011   1.0000   1.0000   1.0000 101.0000
   8.500  -0.0940   0.24804   0.10731   0.0002   1.0000   1.0000   1.0000 101.0000
   9.000  -0.0969   0.24427   0.10498   0.0015   1.0000   1.0000   1.0000 101.0000
   9.500  -0.0997   0.24054   0.10272   0.0027   1.0000   1.0000   1.0000 101.0000
  10.000  -0.1021   0.23692   0.10056   0.0039   1.0000   1.0000   1.0000 101.0000
  10.500  -0.1038   0.23345   0.09855   0.0049   1.0000   1.0000   1.0000 101.0000
  11.000  -0.1045   0.23020   0.09674   0.0057   1.0000   1.0000   1.0000 101.0000
  11.500  -0.1039   0.22720   0.09515   0.0063   1.0000   1.0000   1.0000 101.0000
  12.000  -0.1018   0.22450   0.09387   0.0067   1.0000   1.0000   1.0000 101.0000
  12.500  -0.0981   0.22210   0.09293   0.0068   1.0000   1.0000   1.0000 101.0000
  13.000  -0.0929   0.22003   0.09233   0.0066   1.0000   1.0000   1.0000 101.0000
  13.500  -0.0863   0.21827   0.09211   0.0062   1.0000   1.0000   1.0000 101.0000
  14.000  -0.0782   0.21681   0.09226   0.0056   1.0000   1.0000   1.0000 101.0000
  14.500  -0.0688   0.21566   0.09279   0.0047   1.0000   1.0000   1.0000 101.0000
  15.000  -0.0583   0.21479   0.09371   0.0037   1.0000   1.0000   1.0000 101.0000
