  
       XFOIL         Version 6.99
  
 Calculated polar for: 002935                                          
  
 1 1 Reynolds number fixed          Mach number fixed         
  
 xtrf =   1.000 (top)        1.000 (bottom)  
 Mach =   0.100     Re =     0.001 e 6     Ncrit =   9.000  9.000
  
   alpha    CL        CD       CDp       CM     Top_Xtr  Bot_Xtr  Top_Itr  Bot_Itr
  ------ -------- --------- --------- -------- -------- -------- -------- --------
   2.000  -0.1987   0.29468   0.20084  -0.0293   1.0000   1.0000   1.0000 101.0000
   2.500  -0.1975   0.29093   0.19541  -0.0282   1.0000   1.0000   1.0000 101.0000
   3.000  -0.1965   0.28713   0.19004  -0.0270   1.0000   1.0000   1.0000 101.0000
   3.500  -0.1957   0.28328   0.18474  -0.0257   1.0000   1.0000   1.0000 101.0000
   4.000  -0.1950   0.27939   0.17953  -0.0245   1.0000   1.0000   1.0000 101.0000
   4.500  -0.1945   0.27546   0.17433  -0.0231   1.0000   1.0000   1.0000 101.0000
   5.000  -0.1942   0.27148   0.16919  -0.0218   1.0000   1.0000   1.0000 101.0000
   5.500  -0.1941   0.26747   0.16411  -0.0204   1.0000   1.0000   1.0000 101.0000
   6.000  -0.1941   0.26344   0.15909  -0.0189   1.0000   1.0000   1.0000 101.0000
   6.500  -0.1942   0.25939   0.15413  -0.0174   1.0000   1.0000   1.0000 101.0000
   7.000  -0.1944   0.25535   0.14923  -0.0159   1.0000   1.0000   1.0000 101.0000
   7.500  -0.1944   0.25134   0.14442  -0.0144   1.0000   1.0000   1.0000 101.0000
   8.000  -0.1943   0.24739   0.13970  -0.0130   1.0000   1.0000   1.0000 101.0000
   8.500  -0.1938   0.24354   0.13509  -0.0115   1.0000   1.0000   1.0000 101.0000
   9.000  -0.1924   0.23988   0.13066  -0.0102   1.0000   1.0000   1.0000 101.0000
   9.500  -0.1896   0.23645   0.12647  -0.0092   1.0000   1.0000   1.0000 101.0000
  10.000  -0.1849   0.23332   0.12261  -0.0084   1.0000   1.0000   1.0000 101.0000
  10.500  -0.1779   0.23055   0.11914  -0.0080   1.0000   1.0000   1.0000 101.0000
  11.000  -0.1683   0.22818   0.11616  -0.0080   1.0000   1.0000   1.0000 101.0000
  11.500  -0.1561   0.22620   0.11366  -0.0084   1.0000   1.0000   1.0000 101.0000
  12.000  -0.1414   0.22463   0.11170  -0.0091   1.0000   1.0000   1.0000 101.0000
  12.500  -0.1243   0.22346   0.11030  -0.0102   1.0000   1.0000   1.0000 101.0000
  13.000  -0.1049   0.22267   0.10946  -0.0115   1.0000   1.0000   1.0000 101.0000
  13.500  -0.0837   0.22223   0.10918  -0.0131   1.0000   1.0000   1.0000 101.0000
  14.000  -0.0608   0.22212   0.10946  -0.0149   1.0000   1.0000   1.0000 101.0000
  14.500  -0.0364   0.22233   0.11028  -0.0168   1.0000   1.0000   1.0000 101.0000
  15.000  -0.0110   0.22282   0.11163  -0.0189   1.0000   1.0000   1.0000 101.0000
