  
       XFOIL         Version 6.99
  
 Calculated polar for: 002987                                          
  
 1 1 Reynolds number fixed          Mach number fixed         
  
 xtrf =   1.000 (top)        1.000 (bottom)  
 Mach =   0.100     Re =     0.001 e 6     Ncrit =   9.000  9.000
  
   alpha    CL        CD       CDp       CM     Top_Xtr  Bot_Xtr  Top_Itr  Bot_Itr
  ------ -------- --------- --------- -------- -------- -------- -------- --------
   2.000  -0.1489   0.29975   0.19994  -0.0251   1.0000   1.0000   1.0000 101.0000
   2.500  -0.1480   0.29656   0.19530  -0.0238   1.0000   1.0000   1.0000 101.0000
   3.000  -0.1473   0.29333   0.19073  -0.0224   1.0000   1.0000   1.0000 101.0000
   3.500  -0.1467   0.29008   0.18624  -0.0210   1.0000   1.0000   1.0000 101.0000
   4.000  -0.1463   0.28680   0.18184  -0.0196   1.0000   1.0000   1.0000 101.0000
   4.500  -0.1461   0.28349   0.17749  -0.0181   1.0000   1.0000   1.0000 101.0000
   5.000  -0.1461   0.28016   0.17322  -0.0166   1.0000   1.0000   1.0000 101.0000
   5.500  -0.1462   0.27680   0.16902  -0.0151   1.0000   1.0000   1.0000 101.0000
   6.000  -0.1465   0.27342   0.16490  -0.0135   1.0000   1.0000   1.0000 101.0000
   6.500  -0.1470   0.27004   0.16084  -0.0118   1.0000   1.0000   1.0000 101.0000
   7.000  -0.1476   0.26664   0.15686  -0.0102   1.0000   1.0000   1.0000 101.0000
   7.500  -0.1482   0.26326   0.15297  -0.0085   1.0000   1.0000   1.0000 101.0000
   8.000  -0.1488   0.25990   0.14916  -0.0068   1.0000   1.0000   1.0000 101.0000
   8.500  -0.1493   0.25660   0.14544  -0.0051   1.0000   1.0000   1.0000 101.0000
   9.000  -0.1495   0.25336   0.14185  -0.0034   1.0000   1.0000   1.0000 101.0000
   9.500  -0.1494   0.25021   0.13838  -0.0018   1.0000   1.0000   1.0000 101.0000
  10.000  -0.1487   0.24722   0.13507  -0.0002   1.0000   1.0000   1.0000 101.0000
  10.500  -0.1470   0.24441   0.13198   0.0012   1.0000   1.0000   1.0000 101.0000
  11.000  -0.1439   0.24184   0.12917   0.0024   1.0000   1.0000   1.0000 101.0000
  11.500  -0.1393   0.23953   0.12669   0.0034   1.0000   1.0000   1.0000 101.0000
  12.000  -0.1331   0.23750   0.12458   0.0041   1.0000   1.0000   1.0000 101.0000
  12.500  -0.1251   0.23576   0.12286   0.0046   1.0000   1.0000   1.0000 101.0000
  13.000  -0.1155   0.23432   0.12156   0.0048   1.0000   1.0000   1.0000 101.0000
  13.500  -0.1043   0.23317   0.12071   0.0047   1.0000   1.0000   1.0000 101.0000
  14.000  -0.0916   0.23230   0.12030   0.0045   1.0000   1.0000   1.0000 101.0000
  14.500  -0.0776   0.23170   0.12034   0.0040   1.0000   1.0000   1.0000 101.0000
  15.000  -0.0625   0.23135   0.12083   0.0034   1.0000   1.0000   1.0000 101.0000
