  
       XFOIL         Version 6.99
  
 Calculated polar for: 002948                                          
  
 1 1 Reynolds number fixed          Mach number fixed         
  
 xtrf =   1.000 (top)        1.000 (bottom)  
 Mach =   0.100     Re =     0.001 e 6     Ncrit =   9.000  9.000
  
   alpha    CL        CD       CDp       CM     Top_Xtr  Bot_Xtr  Top_Itr  Bot_Itr
  ------ -------- --------- --------- -------- -------- -------- -------- --------
   2.000  -0.1083   0.30088   0.15715  -0.0190   1.0000   1.0000   1.0000 101.0000
   2.500  -0.1085   0.29724   0.15354  -0.0180   1.0000   1.0000   1.0000 101.0000
   3.000  -0.1089   0.29352   0.14994  -0.0171   1.0000   1.0000   1.0000 101.0000
   3.500  -0.1095   0.28972   0.14638  -0.0160   1.0000   1.0000   1.0000 101.0000
   4.000  -0.1102   0.28585   0.14284  -0.0150   1.0000   1.0000   1.0000 101.0000
   4.500  -0.1111   0.28190   0.13932  -0.0139   1.0000   1.0000   1.0000 101.0000
   5.000  -0.1121   0.27787   0.13583  -0.0128   1.0000   1.0000   1.0000 101.0000
   5.500  -0.1133   0.27375   0.13237  -0.0117   1.0000   1.0000   1.0000 101.0000
   6.000  -0.1147   0.26956   0.12894  -0.0105   1.0000   1.0000   1.0000 101.0000
   6.500  -0.1162   0.26530   0.12554  -0.0093   1.0000   1.0000   1.0000 101.0000
   7.000  -0.1180   0.26098   0.12218  -0.0081   1.0000   1.0000   1.0000 101.0000
   7.500  -0.1198   0.25662   0.11885  -0.0069   1.0000   1.0000   1.0000 101.0000
   8.000  -0.1217   0.25224   0.11556  -0.0057   1.0000   1.0000   1.0000 101.0000
   8.500  -0.1235   0.24786   0.11232  -0.0044   1.0000   1.0000   1.0000 101.0000
   9.000  -0.1253   0.24353   0.10914  -0.0032   1.0000   1.0000   1.0000 101.0000
   9.500  -0.1268   0.23927   0.10604  -0.0021   1.0000   1.0000   1.0000 101.0000
  10.000  -0.1277   0.23518   0.10306  -0.0010   1.0000   1.0000   1.0000 101.0000
  10.500  -0.1275   0.23131   0.10028  -0.0002   1.0000   1.0000   1.0000 101.0000
  11.000  -0.1258   0.22774   0.09773   0.0004   1.0000   1.0000   1.0000 101.0000
  11.500  -0.1223   0.22452   0.09551   0.0008   1.0000   1.0000   1.0000 101.0000
  12.000  -0.1169   0.22170   0.09365   0.0007   1.0000   1.0000   1.0000 101.0000
  12.500  -0.1095   0.21927   0.09220   0.0004   1.0000   1.0000   1.0000 101.0000
  13.000  -0.1001   0.21725   0.09117  -0.0002   1.0000   1.0000   1.0000 101.0000
  13.500  -0.0889   0.21562   0.09059  -0.0011   1.0000   1.0000   1.0000 101.0000
  14.000  -0.0761   0.21437   0.09045  -0.0022   1.0000   1.0000   1.0000 101.0000
  14.500  -0.0619   0.21348   0.09076  -0.0036   1.0000   1.0000   1.0000 101.0000
  15.000  -0.0464   0.21291   0.09152  -0.0051   1.0000   1.0000   1.0000 101.0000
