  
       XFOIL         Version 6.99
  
 Calculated polar for: 002902                                          
  
 1 1 Reynolds number fixed          Mach number fixed         
  
 xtrf =   1.000 (top)        1.000 (bottom)  
 Mach =   0.100     Re =     0.001 e 6     Ncrit =   9.000  9.000
  
   alpha    CL        CD       CDp       CM     Top_Xtr  Bot_Xtr  Top_Itr  Bot_Itr
  ------ -------- --------- --------- -------- -------- -------- -------- --------
   2.000  -0.2614   0.29518   0.20617  -0.0335   1.0000   1.0000   1.0000 101.0000
   3.000  -0.2598   0.28688   0.19453  -0.0312   1.0000   1.0000   1.0000 101.0000
   3.500  -0.2592   0.28264   0.18870  -0.0300   1.0000   1.0000   1.0000 101.0000
   4.000  -0.2587   0.27836   0.18292  -0.0287   1.0000   1.0000   1.0000 101.0000
   4.500  -0.2583   0.27402   0.17719  -0.0274   1.0000   1.0000   1.0000 101.0000
   5.000  -0.2580   0.26965   0.17150  -0.0260   1.0000   1.0000   1.0000 101.0000
   5.500  -0.2578   0.26526   0.16586  -0.0246   1.0000   1.0000   1.0000 101.0000
   6.000  -0.2576   0.26085   0.16028  -0.0231   1.0000   1.0000   1.0000 101.0000
   6.500  -0.2574   0.25646   0.15476  -0.0216   1.0000   1.0000   1.0000 101.0000
   7.000  -0.2570   0.25210   0.14932  -0.0201   1.0000   1.0000   1.0000 101.0000
   7.500  -0.2562   0.24782   0.14398  -0.0186   1.0000   1.0000   1.0000 101.0000
   8.000  -0.2549   0.24366   0.13875  -0.0172   1.0000   1.0000   1.0000 101.0000
   8.500  -0.2526   0.23971   0.13370  -0.0158   1.0000   1.0000   1.0000 101.0000
   9.000  -0.2488   0.23602   0.12891  -0.0147   1.0000   1.0000   1.0000 101.0000
   9.500  -0.2428   0.23266   0.12445  -0.0140   1.0000   1.0000   1.0000 101.0000
  10.000  -0.2343   0.22971   0.12063  -0.0135   1.0000   1.0000   1.0000 101.0000
  10.500  -0.2233   0.22715   0.11707  -0.0134   1.0000   1.0000   1.0000 101.0000
  11.000  -0.2095   0.22500   0.11398  -0.0137   1.0000   1.0000   1.0000 101.0000
  11.500  -0.1931   0.22327   0.11141  -0.0143   1.0000   1.0000   1.0000 101.0000
  12.000  -0.1743   0.22193   0.10938  -0.0152   1.0000   1.0000   1.0000 101.0000
  12.500  -0.1534   0.22096   0.10787  -0.0163   1.0000   1.0000   1.0000 101.0000
  13.000  -0.1305   0.22035   0.10690  -0.0176   1.0000   1.0000   1.0000 101.0000
  13.500  -0.1059   0.22006   0.10643  -0.0191   1.0000   1.0000   1.0000 101.0000
  14.000  -0.0800   0.22007   0.10647  -0.0207   1.0000   1.0000   1.0000 101.0000
  14.500  -0.0529   0.22036   0.10697  -0.0225   1.0000   1.0000   1.0000 101.0000
  15.000  -0.0248   0.22090   0.10796  -0.0243   1.0000   1.0000   1.0000 101.0000
