  
       XFOIL         Version 6.99
  
 Calculated polar for: 002952                                          
  
 1 1 Reynolds number fixed          Mach number fixed         
  
 xtrf =   1.000 (top)        1.000 (bottom)  
 Mach =   0.100     Re =     0.001 e 6     Ncrit =   9.000  9.000
  
   alpha    CL        CD       CDp       CM     Top_Xtr  Bot_Xtr  Top_Itr  Bot_Itr
  ------ -------- --------- --------- -------- -------- -------- -------- --------
   2.000  -0.1964   0.28741   0.14668  -0.0282   1.0000   1.0000   1.0000 101.0000
   2.500  -0.1950   0.28320   0.14225  -0.0272   1.0000   1.0000   1.0000 101.0000
   3.000  -0.1936   0.27892   0.13785  -0.0261   1.0000   1.0000   1.0000 101.0000
   3.500  -0.1922   0.27459   0.13348  -0.0250   1.0000   1.0000   1.0000 101.0000
   4.000  -0.1909   0.27020   0.12914  -0.0239   1.0000   1.0000   1.0000 101.0000
   4.500  -0.1897   0.26575   0.12484  -0.0226   1.0000   1.0000   1.0000 101.0000
   5.000  -0.1885   0.26125   0.12058  -0.0214   1.0000   1.0000   1.0000 101.0000
   5.500  -0.1874   0.25669   0.11637  -0.0201   1.0000   1.0000   1.0000 101.0000
   6.000  -0.1864   0.25209   0.11219  -0.0187   1.0000   1.0000   1.0000 101.0000
   6.500  -0.1854   0.24745   0.10806  -0.0174   1.0000   1.0000   1.0000 101.0000
   7.000  -0.1844   0.24280   0.10401  -0.0159   1.0000   1.0000   1.0000 101.0000
   7.500  -0.1837   0.23816   0.10095  -0.0146   1.0000   1.0000   1.0000 101.0000
   8.000  -0.1826   0.23352   0.09700  -0.0132   1.0000   1.0000   1.0000 101.0000
   8.500  -0.1814   0.22894   0.09311  -0.0118   1.0000   1.0000   1.0000 101.0000
   9.000  -0.1796   0.22451   0.08932  -0.0105   1.0000   1.0000   1.0000 101.0000
   9.500  -0.1769   0.22029   0.08568  -0.0092   1.0000   1.0000   1.0000 101.0000
  10.000  -0.1727   0.21635   0.08225  -0.0083   1.0000   1.0000   1.0000 101.0000
  10.500  -0.1666   0.21277   0.07910  -0.0076   1.0000   1.0000   1.0000 101.0000
  11.000  -0.1584   0.20958   0.07627  -0.0072   1.0000   1.0000   1.0000 101.0000
  11.500  -0.1479   0.20680   0.07382  -0.0072   1.0000   1.0000   1.0000 101.0000
  12.000  -0.1350   0.20446   0.07176  -0.0075   1.0000   1.0000   1.0000 101.0000
  12.500  -0.1199   0.20254   0.07010  -0.0080   1.0000   1.0000   1.0000 101.0000
  13.000  -0.1027   0.20103   0.06891  -0.0089   1.0000   1.0000   1.0000 101.0000
  13.500  -0.0836   0.19991   0.06816  -0.0099   1.0000   1.0000   1.0000 101.0000
  14.000  -0.0629   0.19915   0.06785  -0.0112   1.0000   1.0000   1.0000 101.0000
  14.500  -0.0408   0.19873   0.06797  -0.0126   1.0000   1.0000   1.0000 101.0000
  15.000  -0.0177   0.19861   0.06852  -0.0142   1.0000   1.0000   1.0000 101.0000
