  
       XFOIL         Version 6.99
  
 Calculated polar for: 002953                                          
  
 1 1 Reynolds number fixed          Mach number fixed         
  
 xtrf =   1.000 (top)        1.000 (bottom)  
 Mach =   0.100     Re =     0.001 e 6     Ncrit =   9.000  9.000
  
   alpha    CL        CD       CDp       CM     Top_Xtr  Bot_Xtr  Top_Itr  Bot_Itr
  ------ -------- --------- --------- -------- -------- -------- -------- --------
   2.000  -0.1192   0.30530   0.16229  -0.0196   1.0000   1.0000   1.0000 101.0000
   2.500  -0.1189   0.30153   0.15846  -0.0187   1.0000   1.0000   1.0000 101.0000
   3.000  -0.1186   0.29769   0.15465  -0.0178   1.0000   1.0000   1.0000 101.0000
   3.500  -0.1185   0.29379   0.15088  -0.0169   1.0000   1.0000   1.0000 101.0000
   4.000  -0.1185   0.28982   0.14714  -0.0159   1.0000   1.0000   1.0000 101.0000
   4.500  -0.1187   0.28577   0.14343  -0.0149   1.0000   1.0000   1.0000 101.0000
   5.000  -0.1189   0.28165   0.13976  -0.0138   1.0000   1.0000   1.0000 101.0000
   5.500  -0.1194   0.27746   0.13612  -0.0128   1.0000   1.0000   1.0000 101.0000
   6.000  -0.1199   0.27319   0.13252  -0.0117   1.0000   1.0000   1.0000 101.0000
   6.500  -0.1206   0.26887   0.12896  -0.0105   1.0000   1.0000   1.0000 101.0000
   7.000  -0.1215   0.26449   0.12543  -0.0094   1.0000   1.0000   1.0000 101.0000
   7.500  -0.1225   0.26006   0.12195  -0.0082   1.0000   1.0000   1.0000 101.0000
   8.000  -0.1236   0.25560   0.11851  -0.0070   1.0000   1.0000   1.0000 101.0000
   8.500  -0.1247   0.25111   0.11511  -0.0058   1.0000   1.0000   1.0000 101.0000
   9.000  -0.1259   0.24664   0.11177  -0.0046   1.0000   1.0000   1.0000 101.0000
   9.500  -0.1270   0.24219   0.10850  -0.0034   1.0000   1.0000   1.0000 101.0000
  10.000  -0.1281   0.23780   0.10529  -0.0022   1.0000   1.0000   1.0000 101.0000
  10.500  -0.1287   0.23353   0.10218  -0.0010   1.0000   1.0000   1.0000 101.0000
  11.000  -0.1286   0.22945   0.09925  -0.0000   1.0000   1.0000   1.0000 101.0000
  11.500  -0.1274   0.22561   0.09653   0.0008   1.0000   1.0000   1.0000 101.0000
  12.000  -0.1248   0.22209   0.09408   0.0014   1.0000   1.0000   1.0000 101.0000
  12.500  -0.1205   0.21892   0.09197   0.0017   1.0000   1.0000   1.0000 101.0000
  13.000  -0.1143   0.21612   0.09023   0.0016   1.0000   1.0000   1.0000 101.0000
  13.500  -0.1064   0.21372   0.08889   0.0013   1.0000   1.0000   1.0000 101.0000
  14.000  -0.0967   0.21170   0.08799   0.0008   1.0000   1.0000   1.0000 101.0000
  14.500  -0.0853   0.21005   0.08752  -0.0001   1.0000   1.0000   1.0000 101.0000
  15.000  -0.0725   0.20877   0.08749  -0.0012   1.0000   1.0000   1.0000 101.0000
