  
       XFOIL         Version 6.99
  
 Calculated polar for: 002979                                          
  
 1 1 Reynolds number fixed          Mach number fixed         
  
 xtrf =   1.000 (top)        1.000 (bottom)  
 Mach =   0.100     Re =     0.001 e 6     Ncrit =   9.000  9.000
  
   alpha    CL        CD       CDp       CM     Top_Xtr  Bot_Xtr  Top_Itr  Bot_Itr
  ------ -------- --------- --------- -------- -------- -------- -------- --------
   2.000  -0.2043   0.29147   0.15134  -0.0280   1.0000   1.0000   1.0000 101.0000
   2.500  -0.2029   0.28719   0.14682  -0.0270   1.0000   1.0000   1.0000 101.0000
   3.000  -0.2016   0.28284   0.14233  -0.0260   1.0000   1.0000   1.0000 101.0000
   3.500  -0.2002   0.27844   0.13787  -0.0249   1.0000   1.0000   1.0000 101.0000
   4.000  -0.1989   0.27398   0.13344  -0.0237   1.0000   1.0000   1.0000 101.0000
   4.500  -0.1976   0.26945   0.12905  -0.0226   1.0000   1.0000   1.0000 101.0000
   5.000  -0.1964   0.26488   0.12470  -0.0213   1.0000   1.0000   1.0000 101.0000
   5.500  -0.1952   0.26024   0.12038  -0.0200   1.0000   1.0000   1.0000 101.0000
   6.000  -0.1941   0.25556   0.11611  -0.0187   1.0000   1.0000   1.0000 101.0000
   6.500  -0.1930   0.25085   0.11190  -0.0173   1.0000   1.0000   1.0000 101.0000
   7.000  -0.1919   0.24611   0.10774  -0.0159   1.0000   1.0000   1.0000 101.0000
   7.500  -0.1911   0.24140   0.10457  -0.0146   1.0000   1.0000   1.0000 101.0000
   8.000  -0.1899   0.23669   0.10053  -0.0132   1.0000   1.0000   1.0000 101.0000
   8.500  -0.1885   0.23204   0.09655  -0.0117   1.0000   1.0000   1.0000 101.0000
   9.000  -0.1868   0.22751   0.09266  -0.0103   1.0000   1.0000   1.0000 101.0000
   9.500  -0.1843   0.22316   0.08889  -0.0090   1.0000   1.0000   1.0000 101.0000
  10.000  -0.1805   0.21907   0.08532  -0.0079   1.0000   1.0000   1.0000 101.0000
  10.500  -0.1751   0.21531   0.08199  -0.0070   1.0000   1.0000   1.0000 101.0000
  11.000  -0.1678   0.21193   0.07896  -0.0064   1.0000   1.0000   1.0000 101.0000
  11.500  -0.1583   0.20894   0.07627  -0.0061   1.0000   1.0000   1.0000 101.0000
  12.000  -0.1466   0.20637   0.07397  -0.0061   1.0000   1.0000   1.0000 101.0000
  12.500  -0.1328   0.20421   0.07204  -0.0064   1.0000   1.0000   1.0000 101.0000
  13.000  -0.1169   0.20246   0.07055  -0.0069   1.0000   1.0000   1.0000 101.0000
  13.500  -0.0992   0.20108   0.06949  -0.0077   1.0000   1.0000   1.0000 101.0000
  14.000  -0.0799   0.20005   0.06884  -0.0086   1.0000   1.0000   1.0000 101.0000
  14.500  -0.0593   0.19936   0.06862  -0.0097   1.0000   1.0000   1.0000 101.0000
  15.000  -0.0375   0.19897   0.06881  -0.0110   1.0000   1.0000   1.0000 101.0000
