  
       XFOIL         Version 6.99
  
 Calculated polar for: 002900                                          
  
 1 1 Reynolds number fixed          Mach number fixed         
  
 xtrf =   1.000 (top)        1.000 (bottom)  
 Mach =   0.100     Re =     0.001 e 6     Ncrit =   9.000  9.000
  
   alpha    CL        CD       CDp       CM     Top_Xtr  Bot_Xtr  Top_Itr  Bot_Itr
  ------ -------- --------- --------- -------- -------- -------- -------- --------
   2.000  -0.1646   0.29197   0.14467  -0.0256   1.0000   1.0000   1.0000 101.0000
   2.500  -0.1636   0.28815   0.14069  -0.0245   1.0000   1.0000   1.0000 101.0000
   3.000  -0.1627   0.28427   0.13674  -0.0233   1.0000   1.0000   1.0000 101.0000
   3.500  -0.1618   0.28034   0.13282  -0.0221   1.0000   1.0000   1.0000 101.0000
   4.000  -0.1609   0.27637   0.12894  -0.0208   1.0000   1.0000   1.0000 101.0000
   4.500  -0.1601   0.27235   0.12509  -0.0195   1.0000   1.0000   1.0000 101.0000
   5.000  -0.1594   0.26828   0.12128  -0.0182   1.0000   1.0000   1.0000 101.0000
   5.500  -0.1587   0.26418   0.11751  -0.0168   1.0000   1.0000   1.0000 101.0000
   6.000  -0.1580   0.26003   0.11378  -0.0153   1.0000   1.0000   1.0000 101.0000
   6.500  -0.1574   0.25585   0.11010  -0.0138   1.0000   1.0000   1.0000 101.0000
   7.000  -0.1568   0.25164   0.10648  -0.0123   1.0000   1.0000   1.0000 101.0000
   7.500  -0.1561   0.24745   0.10323  -0.0108   1.0000   1.0000   1.0000 101.0000
   8.000  -0.1554   0.24324   0.09973  -0.0092   1.0000   1.0000   1.0000 101.0000
   8.500  -0.1544   0.23909   0.09629  -0.0077   1.0000   1.0000   1.0000 101.0000
   9.000  -0.1532   0.23500   0.09293  -0.0061   1.0000   1.0000   1.0000 101.0000
   9.500  -0.1516   0.23103   0.08967  -0.0046   1.0000   1.0000   1.0000 101.0000
  10.000  -0.1493   0.22723   0.08654  -0.0031   1.0000   1.0000   1.0000 101.0000
  10.500  -0.1459   0.22367   0.08360  -0.0018   1.0000   1.0000   1.0000 101.0000
  11.000  -0.1411   0.22038   0.08089  -0.0007   1.0000   1.0000   1.0000 101.0000
  11.500  -0.1348   0.21739   0.07845   0.0002   1.0000   1.0000   1.0000 101.0000
  12.000  -0.1269   0.21472   0.07631   0.0008   1.0000   1.0000   1.0000 101.0000
  12.500  -0.1173   0.21239   0.07449   0.0013   1.0000   1.0000   1.0000 101.0000
  13.000  -0.1062   0.21038   0.07300   0.0014   1.0000   1.0000   1.0000 101.0000
  13.500  -0.0936   0.20868   0.07189   0.0014   1.0000   1.0000   1.0000 101.0000
  14.000  -0.0798   0.20729   0.07113   0.0012   1.0000   1.0000   1.0000 101.0000
  14.500  -0.0647   0.20618   0.07074   0.0009   1.0000   1.0000   1.0000 101.0000
  15.000  -0.0487   0.20534   0.07071   0.0004   1.0000   1.0000   1.0000 101.0000
