  
       XFOIL         Version 6.99
  
 Calculated polar for: 002905                                          
  
 1 1 Reynolds number fixed          Mach number fixed         
  
 xtrf =   1.000 (top)        1.000 (bottom)  
 Mach =   0.100     Re =     0.001 e 6     Ncrit =   9.000  9.000
  
   alpha    CL        CD       CDp       CM     Top_Xtr  Bot_Xtr  Top_Itr  Bot_Itr
  ------ -------- --------- --------- -------- -------- -------- -------- --------
   2.000  -0.1591   0.29575   0.15565  -0.0247   1.0000   1.0000   1.0000 101.0000
   2.500  -0.1586   0.29169   0.15150  -0.0237   1.0000   1.0000   1.0000 101.0000
   3.000  -0.1581   0.28757   0.14738  -0.0228   1.0000   1.0000   1.0000 101.0000
   3.500  -0.1578   0.28337   0.14326  -0.0218   1.0000   1.0000   1.0000 101.0000
   4.000  -0.1575   0.27910   0.13917  -0.0207   1.0000   1.0000   1.0000 101.0000
   4.500  -0.1574   0.27475   0.13510  -0.0197   1.0000   1.0000   1.0000 101.0000
   5.000  -0.1573   0.27033   0.13105  -0.0185   1.0000   1.0000   1.0000 101.0000
   5.500  -0.1574   0.26583   0.12704  -0.0174   1.0000   1.0000   1.0000 101.0000
   6.000  -0.1575   0.26126   0.12305  -0.0162   1.0000   1.0000   1.0000 101.0000
   6.500  -0.1578   0.25663   0.11909  -0.0150   1.0000   1.0000   1.0000 101.0000
   7.000  -0.1581   0.25196   0.11517  -0.0137   1.0000   1.0000   1.0000 101.0000
   7.500  -0.1585   0.24727   0.11129  -0.0125   1.0000   1.0000   1.0000 101.0000
   8.000  -0.1588   0.24258   0.10745  -0.0112   1.0000   1.0000   1.0000 101.0000
   8.500  -0.1591   0.23792   0.10368  -0.0099   1.0000   1.0000   1.0000 101.0000
   9.000  -0.1592   0.23332   0.09997  -0.0086   1.0000   1.0000   1.0000 101.0000
   9.500  -0.1588   0.22888   0.09647  -0.0074   1.0000   1.0000   1.0000 101.0000
  10.000  -0.1574   0.22464   0.09303  -0.0064   1.0000   1.0000   1.0000 101.0000
  10.500  -0.1547   0.22068   0.08981  -0.0056   1.0000   1.0000   1.0000 101.0000
  11.000  -0.1502   0.21707   0.08687  -0.0051   1.0000   1.0000   1.0000 101.0000
  11.500  -0.1436   0.21386   0.08427  -0.0049   1.0000   1.0000   1.0000 101.0000
  12.000  -0.1348   0.21107   0.08207  -0.0050   1.0000   1.0000   1.0000 101.0000
  12.500  -0.1238   0.20871   0.08028  -0.0055   1.0000   1.0000   1.0000 101.0000
  13.000  -0.1107   0.20678   0.07893  -0.0062   1.0000   1.0000   1.0000 101.0000
  13.500  -0.0955   0.20526   0.07804  -0.0073   1.0000   1.0000   1.0000 101.0000
  14.000  -0.0787   0.20413   0.07760  -0.0086   1.0000   1.0000   1.0000 101.0000
  14.500  -0.0602   0.20336   0.07759  -0.0100   1.0000   1.0000   1.0000 101.0000
  15.000  -0.0405   0.20293   0.07805  -0.0117   1.0000   1.0000   1.0000 101.0000
