  
       XFOIL         Version 6.99
  
 Calculated polar for: 002970                                          
  
 1 1 Reynolds number fixed          Mach number fixed         
  
 xtrf =   1.000 (top)        1.000 (bottom)  
 Mach =   0.100     Re =     0.001 e 6     Ncrit =   9.000  9.000
  
   alpha    CL        CD       CDp       CM     Top_Xtr  Bot_Xtr  Top_Itr  Bot_Itr
  ------ -------- --------- --------- -------- -------- -------- -------- --------
   2.000  -0.2812   0.30130   0.21336  -0.0356   1.0000   1.0000   1.0000 101.0000
   2.500  -0.2795   0.29728   0.20737  -0.0344   1.0000   1.0000   1.0000 101.0000
   3.000  -0.2777   0.29320   0.20143  -0.0332   1.0000   1.0000   1.0000 101.0000
   3.500  -0.2760   0.28909   0.19555  -0.0320   1.0000   1.0000   1.0000 101.0000
   4.000  -0.2744   0.28493   0.18973  -0.0307   1.0000   1.0000   1.0000 101.0000
   4.500  -0.2728   0.28073   0.18397  -0.0293   1.0000   1.0000   1.0000 101.0000
   5.000  -0.2714   0.27649   0.17828  -0.0279   1.0000   1.0000   1.0000 101.0000
   5.500  -0.2699   0.27223   0.17264  -0.0264   1.0000   1.0000   1.0000 101.0000
   6.000  -0.2686   0.26794   0.16707  -0.0249   1.0000   1.0000   1.0000 101.0000
   6.500  -0.2672   0.26364   0.16157  -0.0233   1.0000   1.0000   1.0000 101.0000
   7.000  -0.2659   0.25934   0.15614  -0.0217   1.0000   1.0000   1.0000 101.0000
   7.500  -0.2645   0.25506   0.15080  -0.0201   1.0000   1.0000   1.0000 101.0000
   8.000  -0.2628   0.25084   0.14556  -0.0185   1.0000   1.0000   1.0000 101.0000
   8.500  -0.2615   0.24671   0.14164  -0.0170   1.0000   1.0000   1.0000 101.0000
   9.000  -0.2591   0.24267   0.13661  -0.0154   1.0000   1.0000   1.0000 101.0000
   9.500  -0.2558   0.23882   0.13174  -0.0140   1.0000   1.0000   1.0000 101.0000
  10.000  -0.2511   0.23522   0.12712  -0.0127   1.0000   1.0000   1.0000 101.0000
  10.500  -0.2445   0.23193   0.12280  -0.0117   1.0000   1.0000   1.0000 101.0000
  11.000  -0.2357   0.22899   0.11885  -0.0111   1.0000   1.0000   1.0000 101.0000
  11.500  -0.2245   0.22643   0.11534  -0.0107   1.0000   1.0000   1.0000 101.0000
  12.000  -0.2109   0.22426   0.11229  -0.0107   1.0000   1.0000   1.0000 101.0000
  12.500  -0.1948   0.22247   0.10973  -0.0110   1.0000   1.0000   1.0000 101.0000
  13.000  -0.1765   0.22106   0.10765  -0.0116   1.0000   1.0000   1.0000 101.0000
  13.500  -0.1560   0.22002   0.10611  -0.0125   1.0000   1.0000   1.0000 101.0000
  14.000  -0.1337   0.21932   0.10508  -0.0135   1.0000   1.0000   1.0000 101.0000
  14.500  -0.1097   0.21893   0.10455  -0.0147   1.0000   1.0000   1.0000 101.0000
  15.000  -0.0843   0.21884   0.10451  -0.0161   1.0000   1.0000   1.0000 101.0000
