  
       XFOIL         Version 6.99
  
 Calculated polar for: 003076                                          
  
 1 1 Reynolds number fixed          Mach number fixed         
  
 xtrf =   1.000 (top)        1.000 (bottom)  
 Mach =   0.100     Re =     0.005 e 6     Ncrit =   9.000  9.000
  
   alpha    CL        CD       CDp       CM     Top_Xtr  Bot_Xtr  Top_Itr  Bot_Itr
  ------ -------- --------- --------- -------- -------- -------- -------- --------
   2.000  -0.1090   0.09246   0.03962  -0.0106   1.0000   1.0000   1.0000 101.0000
   2.500  -0.1247   0.08679   0.03534  -0.0089   1.0000   1.0000   1.0000 101.0000
   3.000  -0.0995   0.08294   0.03266  -0.0171   1.0000   1.0000   1.0000 101.0000
   3.500  -0.0040   0.08448   0.03369  -0.0381   1.0000   1.0000   1.0000 101.0000
   4.000   0.0658   0.08743   0.03513  -0.0478   1.0000   1.0000   1.0000 101.0000
   4.500   0.1156   0.09024   0.03671  -0.0518   1.0000   1.0000   1.0000 101.0000
   5.000   0.1575   0.09309   0.03863  -0.0539   1.0000   1.0000   1.0000 101.0000
   5.500   0.1948   0.09607   0.04092  -0.0553   1.0000   1.0000   1.0000 101.0000
   6.000   0.2289   0.09922   0.04358  -0.0564   1.0000   1.0000   1.0000 101.0000
   6.500   0.2604   0.10255   0.04663  -0.0572   1.0000   1.0000   1.0000 101.0000
   7.000   0.2895   0.10608   0.05009  -0.0581   1.0000   1.0000   1.0000 101.0000
   7.500   0.3164   0.10981   0.05393  -0.0590   1.0000   1.0000   1.0000 101.0000
   8.000   0.3412   0.11374   0.05825  -0.0599   1.0000   1.0000   1.0000 101.0000
   8.500   0.3643   0.11785   0.06301  -0.0611   1.0000   1.0000   1.0000 101.0000
   9.000   0.3857   0.12214   0.06823  -0.0623   1.0000   1.0000   1.0000 101.0000
   9.500   0.4058   0.12656   0.07389  -0.0638   1.0000   1.0000   1.0000 101.0000
  10.000   0.4250   0.13108   0.07997  -0.0654   1.0000   1.0000   1.0000 101.0000
  10.500   0.4433   0.13569   0.08645  -0.0672   1.0000   1.0000   1.0000 101.0000
  11.000   0.4612   0.14033   0.09329  -0.0691   1.0000   1.0000   1.0000 101.0000
  11.500   0.4788   0.14501   0.10048  -0.0712   1.0000   1.0000   1.0000 101.0000
  12.000   0.4962   0.14970   0.10800  -0.0733   1.0000   1.0000   1.0000 101.0000
  12.500   0.5135   0.15444   0.11580  -0.0756   1.0000   1.0000   1.0000 101.0000
  13.000   0.5308   0.15919   0.12389  -0.0779   1.0000   1.0000   1.0000 101.0000
  13.500   0.5480   0.16395   0.13224  -0.0802   1.0000   1.0000   1.0000 101.0000
  14.000   0.5652   0.16870   0.14085  -0.0826   1.0000   1.0000   1.0000 101.0000
  14.500   0.5825   0.17345   0.14970  -0.0850   1.0000   1.0000   1.0000 101.0000
  15.000   0.5996   0.17820   0.15880  -0.0875   1.0000   1.0000   1.0000 101.0000
