  
       XFOIL         Version 6.99
  
 Calculated polar for: 003026                                          
  
 1 1 Reynolds number fixed          Mach number fixed         
  
 xtrf =   1.000 (top)        1.000 (bottom)  
 Mach =   0.100     Re =     0.001 e 6     Ncrit =   9.000  9.000
  
   alpha    CL        CD       CDp       CM     Top_Xtr  Bot_Xtr  Top_Itr  Bot_Itr
  ------ -------- --------- --------- -------- -------- -------- -------- --------
   2.000  -0.1993   0.28721   0.14649  -0.0285   1.0000   1.0000   1.0000 101.0000
   2.500  -0.1978   0.28298   0.14204  -0.0275   1.0000   1.0000   1.0000 101.0000
   3.000  -0.1964   0.27869   0.13762  -0.0264   1.0000   1.0000   1.0000 101.0000
   3.500  -0.1950   0.27435   0.13324  -0.0253   1.0000   1.0000   1.0000 101.0000
   4.000  -0.1937   0.26994   0.12889  -0.0241   1.0000   1.0000   1.0000 101.0000
   4.500  -0.1924   0.26548   0.12458  -0.0229   1.0000   1.0000   1.0000 101.0000
   5.000  -0.1912   0.26097   0.12031  -0.0216   1.0000   1.0000   1.0000 101.0000
   5.500  -0.1901   0.25641   0.11608  -0.0203   1.0000   1.0000   1.0000 101.0000
   6.000  -0.1890   0.25180   0.11189  -0.0189   1.0000   1.0000   1.0000 101.0000
   6.500  -0.1879   0.24715   0.10776  -0.0176   1.0000   1.0000   1.0000 101.0000
   7.000  -0.1869   0.24249   0.10370  -0.0161   1.0000   1.0000   1.0000 101.0000
   7.500  -0.1863   0.23784   0.10079  -0.0149   1.0000   1.0000   1.0000 101.0000
   8.000  -0.1852   0.23319   0.09684  -0.0134   1.0000   1.0000   1.0000 101.0000
   8.500  -0.1838   0.22861   0.09294  -0.0120   1.0000   1.0000   1.0000 101.0000
   9.000  -0.1820   0.22418   0.08914  -0.0107   1.0000   1.0000   1.0000 101.0000
   9.500  -0.1791   0.21996   0.08550  -0.0095   1.0000   1.0000   1.0000 101.0000
  10.000  -0.1748   0.21603   0.08207  -0.0085   1.0000   1.0000   1.0000 101.0000
  10.500  -0.1686   0.21245   0.07891  -0.0078   1.0000   1.0000   1.0000 101.0000
  11.000  -0.1602   0.20927   0.07609  -0.0074   1.0000   1.0000   1.0000 101.0000
  11.500  -0.1496   0.20651   0.07363  -0.0074   1.0000   1.0000   1.0000 101.0000
  12.000  -0.1365   0.20417   0.07157  -0.0077   1.0000   1.0000   1.0000 101.0000
  12.500  -0.1212   0.20226   0.06991  -0.0083   1.0000   1.0000   1.0000 101.0000
  13.000  -0.1038   0.20077   0.06872  -0.0091   1.0000   1.0000   1.0000 101.0000
  13.500  -0.0845   0.19966   0.06797  -0.0102   1.0000   1.0000   1.0000 101.0000
  14.000  -0.0636   0.19890   0.06766  -0.0115   1.0000   1.0000   1.0000 101.0000
  14.500  -0.0414   0.19849   0.06778  -0.0129   1.0000   1.0000   1.0000 101.0000
  15.000  -0.0181   0.19838   0.06833  -0.0144   1.0000   1.0000   1.0000 101.0000
