  
       XFOIL         Version 6.99
  
 Calculated polar for: 003085                                          
  
 1 1 Reynolds number fixed          Mach number fixed         
  
 xtrf =   1.000 (top)        1.000 (bottom)  
 Mach =   0.100     Re =     0.005 e 6     Ncrit =   9.000  9.000
  
   alpha    CL        CD       CDp       CM     Top_Xtr  Bot_Xtr  Top_Itr  Bot_Itr
  ------ -------- --------- --------- -------- -------- -------- -------- --------
   2.000  -0.1039   0.08311   0.04320  -0.0075   1.0000   1.0000   1.0000 101.0000
   2.500  -0.1331   0.07892   0.03958  -0.0033   1.0000   1.0000   1.0000 101.0000
   3.000  -0.1482   0.07517   0.03579  -0.0020   1.0000   1.0000   1.0000 101.0000
   3.500  -0.1160   0.07433   0.03353  -0.0075   1.0000   1.0000   1.0000 101.0000
   4.000  -0.0657   0.07561   0.03290  -0.0131   1.0000   1.0000   1.0000 101.0000
   4.500  -0.0173   0.07765   0.03309  -0.0164   1.0000   1.0000   1.0000 101.0000
   5.000   0.0260   0.07995   0.03370  -0.0179   1.0000   1.0000   1.0000 101.0000
   5.500   0.0646   0.08235   0.03459  -0.0182   1.0000   1.0000   1.0000 101.0000
   6.000   0.0995   0.08476   0.03653  -0.0179   1.0000   1.0000   1.0000 101.0000
   6.500   0.1313   0.08726   0.03795  -0.0171   1.0000   1.0000   1.0000 101.0000
   7.000   0.1611   0.08985   0.03957  -0.0163   1.0000   1.0000   1.0000 101.0000
   7.500   0.1894   0.09254   0.04146  -0.0154   1.0000   1.0000   1.0000 101.0000
   8.000   0.2168   0.09536   0.04363  -0.0147   1.0000   1.0000   1.0000 101.0000
   8.500   0.2434   0.09833   0.04609  -0.0142   1.0000   1.0000   1.0000 101.0000
   9.000   0.2694   0.10144   0.04885  -0.0137   1.0000   1.0000   1.0000 101.0000
   9.500   0.2948   0.10472   0.05193  -0.0135   1.0000   1.0000   1.0000 101.0000
  10.000   0.3196   0.10811   0.05544  -0.0134   1.0000   1.0000   1.0000 101.0000
  10.500   0.3439   0.11170   0.05919  -0.0135   1.0000   1.0000   1.0000 101.0000
  11.000   0.3675   0.11547   0.06332  -0.0138   1.0000   1.0000   1.0000 101.0000
  11.500   0.3904   0.11943   0.06787  -0.0143   1.0000   1.0000   1.0000 101.0000
  12.000   0.4125   0.12358   0.07289  -0.0150   1.0000   1.0000   1.0000 101.0000
  12.500   0.4337   0.12795   0.07847  -0.0160   1.0000   1.0000   1.0000 101.0000
  13.000   0.4536   0.13259   0.08472  -0.0173   1.0000   1.0000   1.0000 101.0000
  13.500   0.4720   0.13754   0.09181  -0.0190   1.0000   1.0000   1.0000 101.0000
  14.000   0.4882   0.14291   0.09999  -0.0212   1.0000   1.0000   1.0000 101.0000
  14.500   0.5019   0.14878   0.10958  -0.0240   1.0000   1.0000   1.0000 101.0000
  15.000   0.5128   0.15523   0.12076  -0.0275   1.0000   1.0000   1.0000 101.0000
