  
       XFOIL         Version 6.99
  
 Calculated polar for: 003060                                          
  
 1 1 Reynolds number fixed          Mach number fixed         
  
 xtrf =   1.000 (top)        1.000 (bottom)  
 Mach =   0.100     Re =     0.005 e 6     Ncrit =   9.000  9.000
  
   alpha    CL        CD       CDp       CM     Top_Xtr  Bot_Xtr  Top_Itr  Bot_Itr
  ------ -------- --------- --------- -------- -------- -------- -------- --------
   2.000  -0.1682   0.08561   0.03644  -0.0182   1.0000   1.0000   1.0000 101.0000
   2.500  -0.1137   0.08623   0.03499  -0.0260   1.0000   1.0000   1.0000 101.0000
   3.000  -0.0660   0.08807   0.03478  -0.0291   1.0000   1.0000   1.0000 101.0000
   3.500  -0.0266   0.09007   0.03516  -0.0299   1.0000   1.0000   1.0000 101.0000
   4.000   0.0088   0.09219   0.03597  -0.0298   1.0000   1.0000   1.0000 101.0000
   4.500   0.0418   0.09441   0.03713  -0.0294   1.0000   1.0000   1.0000 101.0000
   5.000   0.0731   0.09676   0.03860  -0.0288   1.0000   1.0000   1.0000 101.0000
   5.500   0.1031   0.09924   0.04034  -0.0282   1.0000   1.0000   1.0000 101.0000
   6.000   0.1320   0.10184   0.04235  -0.0276   1.0000   1.0000   1.0000 101.0000
   6.500   0.1598   0.10457   0.04461  -0.0270   1.0000   1.0000   1.0000 101.0000
   7.000   0.1867   0.10742   0.04712  -0.0265   1.0000   1.0000   1.0000 101.0000
   7.500   0.2127   0.11040   0.04990  -0.0261   1.0000   1.0000   1.0000 101.0000
   8.000   0.2377   0.11350   0.05294  -0.0258   1.0000   1.0000   1.0000 101.0000
   8.500   0.2619   0.11672   0.05625  -0.0256   1.0000   1.0000   1.0000 101.0000
   9.000   0.2853   0.12005   0.05984  -0.0255   1.0000   1.0000   1.0000 101.0000
   9.500   0.3079   0.12349   0.06371  -0.0255   1.0000   1.0000   1.0000 101.0000
  10.000   0.3297   0.12704   0.06787  -0.0257   1.0000   1.0000   1.0000 101.0000
  10.500   0.3509   0.13069   0.07231  -0.0261   1.0000   1.0000   1.0000 101.0000
  11.000   0.3713   0.13443   0.07708  -0.0265   1.0000   1.0000   1.0000 101.0000
  11.500   0.3911   0.13827   0.08217  -0.0272   1.0000   1.0000   1.0000 101.0000
  12.000   0.4102   0.14220   0.08759  -0.0279   1.0000   1.0000   1.0000 101.0000
  12.500   0.4288   0.14620   0.09334  -0.0289   1.0000   1.0000   1.0000 101.0000
  13.000   0.4469   0.15030   0.09944  -0.0300   1.0000   1.0000   1.0000 101.0000
  13.500   0.4644   0.15452   0.10588  -0.0312   1.0000   1.0000   1.0000 101.0000
  14.000   0.4816   0.15881   0.11267  -0.0326   1.0000   1.0000   1.0000 101.0000
  14.500   0.4983   0.16317   0.11981  -0.0341   1.0000   1.0000   1.0000 101.0000
  15.000   0.5147   0.16761   0.12730  -0.0358   1.0000   1.0000   1.0000 101.0000
