  
       XFOIL         Version 6.99
  
 Calculated polar for: 003083                                          
  
 1 1 Reynolds number fixed          Mach number fixed         
  
 xtrf =   1.000 (top)        1.000 (bottom)  
 Mach =   0.100     Re =     0.005 e 6     Ncrit =   9.000  9.000
  
   alpha    CL        CD       CDp       CM     Top_Xtr  Bot_Xtr  Top_Itr  Bot_Itr
  ------ -------- --------- --------- -------- -------- -------- -------- --------
   2.000  -0.0985   0.11671   0.07732  -0.0100   1.0000   1.0000   1.0000 101.0000
   2.500  -0.1094   0.11321   0.07389  -0.0070   1.0000   1.0000   1.0000 101.0000
   3.000  -0.1233   0.10932   0.07019  -0.0035   1.0000   1.0000   1.0000 101.0000
   3.500  -0.1363   0.10533   0.06636  -0.0001   1.0000   1.0000   1.0000 101.0000
   4.000  -0.1362   0.10233   0.06320   0.0011   1.0000   1.0000   1.0000 101.0000
   4.500  -0.1150   0.10131   0.06159  -0.0010   1.0000   1.0000   1.0000 101.0000
   5.000  -0.0749   0.10228   0.06170  -0.0061   1.0000   1.0000   1.0000 101.0000
   5.500  -0.0208   0.10491   0.06337  -0.0133   1.0000   1.0000   1.0000 101.0000
   6.000   0.0417   0.10882   0.06633  -0.0218   1.0000   1.0000   1.0000 101.0000
   6.500   0.1077   0.11362   0.07023  -0.0306   1.0000   1.0000   1.0000 101.0000
   7.000   0.1734   0.11899   0.07475  -0.0389   1.0000   1.0000   1.0000 101.0000
   7.500   0.2362   0.12465   0.07963  -0.0463   1.0000   1.0000   1.0000 101.0000
   8.000   0.2946   0.13041   0.08477  -0.0526   1.0000   1.0000   1.0000 101.0000
   8.500   0.3484   0.13616   0.08991  -0.0579   1.0000   1.0000   1.0000 101.0000
   9.000   0.3974   0.14182   0.09504  -0.0620   1.0000   1.0000   1.0000 101.0000
   9.500   0.4420   0.14737   0.10012  -0.0653   1.0000   1.0000   1.0000 101.0000
  10.000   0.4826   0.15280   0.10515  -0.0677   1.0000   1.0000   1.0000 101.0000
  10.500   0.5196   0.15811   0.11016  -0.0695   1.0000   1.0000   1.0000 101.0000
  11.000   0.5535   0.16331   0.11515  -0.0708   1.0000   1.0000   1.0000 101.0000
  11.500   0.5847   0.16840   0.12016  -0.0716   1.0000   1.0000   1.0000 101.0000
  12.000   0.6136   0.17341   0.12523  -0.0722   1.0000   1.0000   1.0000 101.0000
  12.500   0.6405   0.17837   0.13043  -0.0725   1.0000   1.0000   1.0000 101.0000
  13.000   0.6655   0.18329   0.13573  -0.0726   1.0000   1.0000   1.0000 101.0000
  13.500   0.6889   0.18821   0.14121  -0.0727   1.0000   1.0000   1.0000 101.0000
  14.000   0.7108   0.19314   0.14691  -0.0728   1.0000   1.0000   1.0000 101.0000
  14.500   0.7314   0.19811   0.15288  -0.0729   1.0000   1.0000   1.0000 101.0000
  15.000   0.7507   0.20313   0.15917  -0.0731   1.0000   1.0000   1.0000 101.0000
