  
       XFOIL         Version 6.99
  
 Calculated polar for: 003086                                          
  
 1 1 Reynolds number fixed          Mach number fixed         
  
 xtrf =   1.000 (top)        1.000 (bottom)  
 Mach =   0.100     Re =     0.005 e 6     Ncrit =   9.000  9.000
  
   alpha    CL        CD       CDp       CM     Top_Xtr  Bot_Xtr  Top_Itr  Bot_Itr
  ------ -------- --------- --------- -------- -------- -------- -------- --------
   2.000  -0.1728   0.10508   0.04275  -0.0187   1.0000   1.0000   1.0000 101.0000
   2.500  -0.1771   0.10121   0.03969  -0.0159   1.0000   1.0000   1.0000 101.0000
   3.000  -0.1808   0.09721   0.03668  -0.0132   1.0000   1.0000   1.0000 101.0000
   3.500  -0.1797   0.09355   0.03403  -0.0114   1.0000   1.0000   1.0000 101.0000
   4.000  -0.1641   0.09131   0.03257  -0.0122   1.0000   1.0000   1.0000 101.0000
   4.500  -0.1324   0.09087   0.03264  -0.0158   1.0000   1.0000   1.0000 101.0000
   5.000  -0.0900   0.09183   0.03363  -0.0210   1.0000   1.0000   1.0000 101.0000
   5.500  -0.0422   0.09373   0.03580  -0.0269   1.0000   1.0000   1.0000 101.0000
   6.000   0.0072   0.09621   0.03853  -0.0328   1.0000   1.0000   1.0000 101.0000
   6.500   0.0563   0.09907   0.04160  -0.0384   1.0000   1.0000   1.0000 101.0000
   7.000   0.1039   0.10217   0.04489  -0.0435   1.0000   1.0000   1.0000 101.0000
   7.500   0.1495   0.10541   0.04826  -0.0481   1.0000   1.0000   1.0000 101.0000
   8.000   0.1928   0.10875   0.05170  -0.0521   1.0000   1.0000   1.0000 101.0000
   8.500   0.2337   0.11215   0.05524  -0.0556   1.0000   1.0000   1.0000 101.0000
   9.000   0.2724   0.11560   0.05890  -0.0586   1.0000   1.0000   1.0000 101.0000
   9.500   0.3089   0.11909   0.06273  -0.0612   1.0000   1.0000   1.0000 101.0000
  10.000   0.3434   0.12262   0.06669  -0.0635   1.0000   1.0000   1.0000 101.0000
  10.500   0.3761   0.12620   0.07080  -0.0655   1.0000   1.0000   1.0000 101.0000
  11.000   0.4073   0.12982   0.07513  -0.0674   1.0000   1.0000   1.0000 101.0000
  11.500   0.4369   0.13350   0.07968  -0.0691   1.0000   1.0000   1.0000 101.0000
  12.000   0.4651   0.13724   0.08448  -0.0707   1.0000   1.0000   1.0000 101.0000
  12.500   0.4920   0.14105   0.08956  -0.0723   1.0000   1.0000   1.0000 101.0000
  13.000   0.5177   0.14493   0.09493  -0.0738   1.0000   1.0000   1.0000 101.0000
  13.500   0.5423   0.14890   0.10061  -0.0754   1.0000   1.0000   1.0000 101.0000
  14.000   0.5657   0.15300   0.10666  -0.0770   1.0000   1.0000   1.0000 101.0000
  14.500   0.5881   0.15719   0.11310  -0.0786   1.0000   1.0000   1.0000 101.0000
  15.000   0.6094   0.16147   0.11997  -0.0803   1.0000   1.0000   1.0000 101.0000
