  
       XFOIL         Version 6.99
  
 Calculated polar for: 003067                                          
  
 1 1 Reynolds number fixed          Mach number fixed         
  
 xtrf =   1.000 (top)        1.000 (bottom)  
 Mach =   0.100     Re =     0.005 e 6     Ncrit =   9.000  9.000
  
   alpha    CL        CD       CDp       CM     Top_Xtr  Bot_Xtr  Top_Itr  Bot_Itr
  ------ -------- --------- --------- -------- -------- -------- -------- --------
   2.000  -0.0893   0.14235   0.08636  -0.0070   1.0000   1.0000   1.0000 101.0000
   2.500  -0.0994   0.13786   0.08222  -0.0052   1.0000   1.0000   1.0000 101.0000
   3.000  -0.1124   0.13280   0.07785  -0.0030   1.0000   1.0000   1.0000 101.0000
   3.500  -0.1285   0.12698   0.07314  -0.0003   1.0000   1.0000   1.0000 101.0000
   4.000  -0.1446   0.12054   0.06826   0.0021   1.0000   1.0000   1.0000 101.0000
   4.500  -0.1469   0.11499   0.06435   0.0017   1.0000   1.0000   1.0000 101.0000
   5.000  -0.1160   0.11298   0.06344  -0.0048   1.0000   1.0000   1.0000 101.0000
   5.500  -0.0537   0.11488   0.06604  -0.0168   1.0000   1.0000   1.0000 101.0000
   6.000   0.0215   0.11916   0.07085  -0.0303   1.0000   1.0000   1.0000 101.0000
   6.500   0.0939   0.12435   0.07636  -0.0419   1.0000   1.0000   1.0000 101.0000
   7.000   0.1543   0.12947   0.08166  -0.0500   1.0000   1.0000   1.0000 101.0000
   7.500   0.2014   0.13413   0.08647  -0.0547   1.0000   1.0000   1.0000 101.0000
   8.000   0.2392   0.13842   0.09109  -0.0574   1.0000   1.0000   1.0000 101.0000
   8.500   0.2717   0.14254   0.09583  -0.0592   1.0000   1.0000   1.0000 101.0000
   9.000   0.3011   0.14660   0.10082  -0.0605   1.0000   1.0000   1.0000 101.0000
   9.500   0.3284   0.15067   0.10610  -0.0617   1.0000   1.0000   1.0000 101.0000
  10.000   0.3541   0.15481   0.11170  -0.0628   1.0000   1.0000   1.0000 101.0000
  10.500   0.3786   0.15900   0.11761  -0.0638   1.0000   1.0000   1.0000 101.0000
  11.000   0.4021   0.16324   0.12383  -0.0649   1.0000   1.0000   1.0000 101.0000
  11.500   0.4248   0.16753   0.13031  -0.0661   1.0000   1.0000   1.0000 101.0000
  12.000   0.4468   0.17187   0.13714  -0.0673   1.0000   1.0000   1.0000 101.0000
  12.500   0.4681   0.17627   0.14428  -0.0686   1.0000   1.0000   1.0000 101.0000
  13.000   0.4888   0.18072   0.15169  -0.0699   1.0000   1.0000   1.0000 101.0000
  13.500   0.5091   0.18521   0.15939  -0.0713   1.0000   1.0000   1.0000 101.0000
  14.000   0.5289   0.18975   0.16736  -0.0728   1.0000   1.0000   1.0000 101.0000
  14.500   0.5484   0.19434   0.17559  -0.0744   1.0000   1.0000   1.0000 101.0000
  15.000   0.5675   0.19897   0.18406  -0.0760   1.0000   1.0000   1.0000 101.0000
