  
       XFOIL         Version 6.99
  
 Calculated polar for: 003061                                          
  
 1 1 Reynolds number fixed          Mach number fixed         
  
 xtrf =   1.000 (top)        1.000 (bottom)  
 Mach =   0.100     Re =     0.005 e 6     Ncrit =   9.000  9.000
  
   alpha    CL        CD       CDp       CM     Top_Xtr  Bot_Xtr  Top_Itr  Bot_Itr
  ------ -------- --------- --------- -------- -------- -------- -------- --------
   2.000  -0.1101   0.16779   0.10473  -0.0148   1.0000   1.0000   1.0000 101.0000
   2.500  -0.1167   0.16357   0.10044  -0.0137   1.0000   1.0000   1.0000 101.0000
   3.000  -0.1251   0.15894   0.09599  -0.0125   1.0000   1.0000   1.0000 101.0000
   3.500  -0.1358   0.15375   0.09133  -0.0110   1.0000   1.0000   1.0000 101.0000
   4.000  -0.1493   0.14780   0.08633  -0.0093   1.0000   1.0000   1.0000 101.0000
   4.500  -0.1666   0.14078   0.08087  -0.0071   1.0000   1.0000   1.0000 101.0000
   5.000  -0.1876   0.13245   0.07483  -0.0045   1.0000   1.0000   1.0000 101.0000
   5.500  -0.2026   0.12369   0.06901  -0.0035   1.0000   1.0000   1.0000 101.0000
   6.000  -0.1866   0.11842   0.06604  -0.0084   1.0000   1.0000   1.0000 101.0000
   6.500  -0.1325   0.11866   0.06738  -0.0196   1.0000   1.0000   1.0000 101.0000
   7.000  -0.0705   0.12172   0.07067  -0.0298   1.0000   1.0000   1.0000 101.0000
   7.500  -0.0206   0.12515   0.07395  -0.0355   1.0000   1.0000   1.0000 101.0000
   8.000   0.0196   0.12840   0.07714  -0.0384   1.0000   1.0000   1.0000 101.0000
   8.500   0.0547   0.13156   0.08045  -0.0401   1.0000   1.0000   1.0000 101.0000
   9.000   0.0869   0.13468   0.08397  -0.0413   1.0000   1.0000   1.0000 101.0000
   9.500   0.1173   0.13781   0.08771  -0.0422   1.0000   1.0000   1.0000 101.0000
  10.000   0.1463   0.14096   0.09169  -0.0429   1.0000   1.0000   1.0000 101.0000
  10.500   0.1741   0.14414   0.09591  -0.0436   1.0000   1.0000   1.0000 101.0000
  11.000   0.2011   0.14737   0.10037  -0.0443   1.0000   1.0000   1.0000 101.0000
  11.500   0.2273   0.15066   0.10505  -0.0449   1.0000   1.0000   1.0000 101.0000
  12.000   0.2527   0.15403   0.10997  -0.0456   1.0000   1.0000   1.0000 101.0000
  12.500   0.2775   0.15744   0.11513  -0.0464   1.0000   1.0000   1.0000 101.0000
  13.000   0.3017   0.16090   0.12051  -0.0472   1.0000   1.0000   1.0000 101.0000
  13.500   0.3253   0.16441   0.12612  -0.0480   1.0000   1.0000   1.0000 101.0000
  14.000   0.3483   0.16797   0.13198  -0.0489   1.0000   1.0000   1.0000 101.0000
  14.500   0.3708   0.17159   0.13808  -0.0499   1.0000   1.0000   1.0000 101.0000
  15.000   0.3928   0.17525   0.14442  -0.0510   1.0000   1.0000   1.0000 101.0000
