  
       XFOIL         Version 6.99
  
 Calculated polar for: 003072                                          
  
 1 1 Reynolds number fixed          Mach number fixed         
  
 xtrf =   1.000 (top)        1.000 (bottom)  
 Mach =   0.100     Re =     0.005 e 6     Ncrit =   9.000  9.000
  
   alpha    CL        CD       CDp       CM     Top_Xtr  Bot_Xtr  Top_Itr  Bot_Itr
  ------ -------- --------- --------- -------- -------- -------- -------- --------
   2.000  -0.1212   0.10269   0.04727  -0.0112   1.0000   1.0000   1.0000 101.0000
   2.500  -0.1427   0.09641   0.04249  -0.0087   1.0000   1.0000   1.0000 101.0000
   3.000  -0.1461   0.09084   0.03823  -0.0107   1.0000   1.0000   1.0000 101.0000
   3.500  -0.0867   0.09008   0.03720  -0.0248   1.0000   1.0000   1.0000 101.0000
   4.000  -0.0208   0.09258   0.03805  -0.0348   1.0000   1.0000   1.0000 101.0000
   4.500   0.0256   0.09526   0.03926  -0.0385   1.0000   1.0000   1.0000 101.0000
   5.000   0.0639   0.09796   0.04089  -0.0401   1.0000   1.0000   1.0000 101.0000
   5.500   0.0980   0.10076   0.04290  -0.0410   1.0000   1.0000   1.0000 101.0000
   6.000   0.1294   0.10367   0.04527  -0.0415   1.0000   1.0000   1.0000 101.0000
   6.500   0.1588   0.10671   0.04799  -0.0419   1.0000   1.0000   1.0000 101.0000
   7.000   0.1865   0.10987   0.05105  -0.0423   1.0000   1.0000   1.0000 101.0000
   7.500   0.2127   0.11316   0.05445  -0.0427   1.0000   1.0000   1.0000 101.0000
   8.000   0.2376   0.11656   0.05818  -0.0431   1.0000   1.0000   1.0000 101.0000
   8.500   0.2615   0.12006   0.06222  -0.0436   1.0000   1.0000   1.0000 101.0000
   9.000   0.2842   0.12367   0.06661  -0.0443   1.0000   1.0000   1.0000 101.0000
   9.500   0.3061   0.12736   0.07134  -0.0450   1.0000   1.0000   1.0000 101.0000
  10.000   0.3272   0.13113   0.07640  -0.0459   1.0000   1.0000   1.0000 101.0000
  10.500   0.3477   0.13496   0.08178  -0.0469   1.0000   1.0000   1.0000 101.0000
  11.000   0.3675   0.13885   0.08747  -0.0480   1.0000   1.0000   1.0000 101.0000
  11.500   0.3869   0.14279   0.09347  -0.0492   1.0000   1.0000   1.0000 101.0000
  12.000   0.4059   0.14677   0.09977  -0.0505   1.0000   1.0000   1.0000 101.0000
  12.500   0.4245   0.15079   0.10635  -0.0519   1.0000   1.0000   1.0000 101.0000
  13.000   0.4428   0.15490   0.11322  -0.0534   1.0000   1.0000   1.0000 101.0000
  13.500   0.4608   0.15903   0.12037  -0.0551   1.0000   1.0000   1.0000 101.0000
  14.000   0.4787   0.16320   0.12780  -0.0567   1.0000   1.0000   1.0000 101.0000
  14.500   0.4963   0.16740   0.13549  -0.0585   1.0000   1.0000   1.0000 101.0000
  15.000   0.5137   0.17162   0.14343  -0.0604   1.0000   1.0000   1.0000 101.0000
