  
       XFOIL         Version 6.99
  
 Calculated polar for: 003185                                          
  
 1 1 Reynolds number fixed          Mach number fixed         
  
 xtrf =   1.000 (top)        1.000 (bottom)  
 Mach =   0.100     Re =     0.001 e 6     Ncrit =   9.000  9.000
  
   alpha    CL        CD       CDp       CM     Top_Xtr  Bot_Xtr  Top_Itr  Bot_Itr
  ------ -------- --------- --------- -------- -------- -------- -------- --------
   2.000  -0.1333   0.30842   0.17808  -0.0155   1.0000   1.0000   1.0000 101.0000
   2.500  -0.1366   0.30395   0.17413  -0.0149   1.0000   1.0000   1.0000 101.0000
   3.000  -0.1400   0.29936   0.17017  -0.0143   1.0000   1.0000   1.0000 101.0000
   3.500  -0.1436   0.29465   0.16620  -0.0136   1.0000   1.0000   1.0000 101.0000
   4.000  -0.1474   0.28982   0.16221  -0.0129   1.0000   1.0000   1.0000 101.0000
   4.500  -0.1514   0.28487   0.15821  -0.0122   1.0000   1.0000   1.0000 101.0000
   5.000  -0.1554   0.27982   0.15420  -0.0114   1.0000   1.0000   1.0000 101.0000
   5.500  -0.1597   0.27466   0.15016  -0.0107   1.0000   1.0000   1.0000 101.0000
   6.000  -0.1640   0.26943   0.14613  -0.0098   1.0000   1.0000   1.0000 101.0000
   6.500  -0.1684   0.26414   0.14210  -0.0090   1.0000   1.0000   1.0000 101.0000
   7.000  -0.1728   0.25882   0.13808  -0.0082   1.0000   1.0000   1.0000 101.0000
   7.500  -0.1770   0.25353   0.13408  -0.0074   1.0000   1.0000   1.0000 101.0000
   8.000  -0.1809   0.24831   0.13013  -0.0065   1.0000   1.0000   1.0000 101.0000
   8.500  -0.1840   0.24326   0.12628  -0.0059   1.0000   1.0000   1.0000 101.0000
   9.000  -0.1858   0.23850   0.12263  -0.0054   1.0000   1.0000   1.0000 101.0000
   9.500  -0.1856   0.23413   0.11927  -0.0052   1.0000   1.0000   1.0000 101.0000
  10.000  -0.1831   0.23022   0.11630  -0.0053   1.0000   1.0000   1.0000 101.0000
  10.500  -0.1781   0.22683   0.11376  -0.0058   1.0000   1.0000   1.0000 101.0000
  11.000  -0.1704   0.22396   0.11171  -0.0067   1.0000   1.0000   1.0000 101.0000
  11.500  -0.1603   0.22159   0.11014  -0.0078   1.0000   1.0000   1.0000 101.0000
  12.000  -0.1479   0.21972   0.10913  -0.0092   1.0000   1.0000   1.0000 101.0000
  12.500  -0.1335   0.21831   0.10864  -0.0109   1.0000   1.0000   1.0000 101.0000
  13.000  -0.1175   0.21731   0.10866  -0.0127   1.0000   1.0000   1.0000 101.0000
  13.500  -0.1000   0.21669   0.10915  -0.0146   1.0000   1.0000   1.0000 101.0000
  14.000  -0.0813   0.21641   0.11011  -0.0167   1.0000   1.0000   1.0000 101.0000
  14.500  -0.0617   0.21643   0.11150  -0.0188   1.0000   1.0000   1.0000 101.0000
  15.000  -0.0414   0.21674   0.11331  -0.0210   1.0000   1.0000   1.0000 101.0000
