  
       XFOIL         Version 6.99
  
 Calculated polar for: 003125                                          
  
 1 1 Reynolds number fixed          Mach number fixed         
  
 xtrf =   1.000 (top)        1.000 (bottom)  
 Mach =   0.100     Re =     0.001 e 6     Ncrit =   9.000  9.000
  
   alpha    CL        CD       CDp       CM     Top_Xtr  Bot_Xtr  Top_Itr  Bot_Itr
  ------ -------- --------- --------- -------- -------- -------- -------- --------
   2.000  -0.0937   0.23393   0.12222  -0.0069   1.0000   1.0000   1.0000 101.0000
   2.500  -0.1003   0.23136   0.11993  -0.0067   1.0000   1.0000   1.0000 101.0000
   3.000  -0.1037   0.22903   0.11771  -0.0070   1.0000   1.0000   1.0000 101.0000
   3.500  -0.1029   0.22704   0.11566  -0.0081   1.0000   1.0000   1.0000 101.0000
   4.000  -0.0974   0.22549   0.11388  -0.0100   1.0000   1.0000   1.0000 101.0000
   4.500  -0.0872   0.22442   0.11244  -0.0125   1.0000   1.0000   1.0000 101.0000
   5.000  -0.0725   0.22390   0.11149  -0.0156   1.0000   1.0000   1.0000 101.0000
   5.500  -0.0540   0.22392   0.11103  -0.0192   1.0000   1.0000   1.0000 101.0000
   6.000  -0.0322   0.22445   0.11109  -0.0232   1.0000   1.0000   1.0000 101.0000
   6.500  -0.0079   0.22545   0.11167  -0.0273   1.0000   1.0000   1.0000 101.0000
   7.000   0.0183   0.22687   0.11275  -0.0314   1.0000   1.0000   1.0000 101.0000
   7.500   0.0456   0.22868   0.11432  -0.0356   1.0000   1.0000   1.0000 101.0000
   8.000   0.0737   0.23086   0.11634  -0.0396   1.0000   1.0000   1.0000 101.0000
   8.500   0.1020   0.23343   0.11879  -0.0435   1.0000   1.0000   1.0000 101.0000
   9.000   0.1303   0.23624   0.12162  -0.0472   1.0000   1.0000   1.0000 101.0000
   9.500   0.1585   0.23927   0.12468  -0.0508   1.0000   1.0000   1.0000 101.0000
  10.000   0.1859   0.24248   0.12818  -0.0541   1.0000   1.0000   1.0000 101.0000
  10.500   0.2126   0.24586   0.13199  -0.0572   1.0000   1.0000   1.0000 101.0000
  11.000   0.2386   0.24939   0.13608  -0.0601   1.0000   1.0000   1.0000 101.0000
  11.500   0.2639   0.25304   0.14044  -0.0628   1.0000   1.0000   1.0000 101.0000
  12.000   0.2884   0.25680   0.14503  -0.0654   1.0000   1.0000   1.0000 101.0000
  12.500   0.3121   0.26066   0.14985  -0.0679   1.0000   1.0000   1.0000 101.0000
  13.000   0.3351   0.26460   0.15488  -0.0702   1.0000   1.0000   1.0000 101.0000
  13.500   0.3573   0.26862   0.16010  -0.0724   1.0000   1.0000   1.0000 101.0000
  14.000   0.3789   0.27271   0.16548  -0.0746   1.0000   1.0000   1.0000 101.0000
  14.500   0.4001   0.27685   0.17085  -0.0766   1.0000   1.0000   1.0000 101.0000
  15.000   0.4203   0.28105   0.17660  -0.0786   1.0000   1.0000   1.0000 101.0000
