  
       XFOIL         Version 6.99
  
 Calculated polar for: 003124                                          
  
 1 1 Reynolds number fixed          Mach number fixed         
  
 xtrf =   1.000 (top)        1.000 (bottom)  
 Mach =   0.100     Re =     0.001 e 6     Ncrit =   9.000  9.000
  
   alpha    CL        CD       CDp       CM     Top_Xtr  Bot_Xtr  Top_Itr  Bot_Itr
  ------ -------- --------- --------- -------- -------- -------- -------- --------
   2.000  -0.3463   0.24574   0.14160  -0.0279   1.0000   1.0000   1.0000 101.0000
   2.500  -0.3436   0.24203   0.13663  -0.0264   1.0000   1.0000   1.0000 101.0000
   3.000  -0.3390   0.23859   0.13194  -0.0251   1.0000   1.0000   1.0000 101.0000
   3.500  -0.3324   0.23548   0.12758  -0.0240   1.0000   1.0000   1.0000 101.0000
   4.000  -0.3234   0.23271   0.12358  -0.0232   1.0000   1.0000   1.0000 101.0000
   4.500  -0.3121   0.23028   0.11998  -0.0226   1.0000   1.0000   1.0000 101.0000
   5.000  -0.2986   0.22820   0.11677  -0.0222   1.0000   1.0000   1.0000 101.0000
   5.500  -0.2828   0.22644   0.11379  -0.0221   1.0000   1.0000   1.0000 101.0000
   6.000  -0.2652   0.22500   0.11148  -0.0221   1.0000   1.0000   1.0000 101.0000
   6.500  -0.2458   0.22386   0.10960  -0.0222   1.0000   1.0000   1.0000 101.0000
   7.000  -0.2249   0.22299   0.10814  -0.0226   1.0000   1.0000   1.0000 101.0000
   7.500  -0.2027   0.22239   0.10707  -0.0230   1.0000   1.0000   1.0000 101.0000
   8.000  -0.1793   0.22202   0.10638  -0.0236   1.0000   1.0000   1.0000 101.0000
   8.500  -0.1548   0.22186   0.10579  -0.0242   1.0000   1.0000   1.0000 101.0000
   9.000  -0.1294   0.22192   0.10583  -0.0250   1.0000   1.0000   1.0000 101.0000
   9.500  -0.1033   0.22217   0.10623  -0.0258   1.0000   1.0000   1.0000 101.0000
  10.000  -0.0766   0.22260   0.10696  -0.0267   1.0000   1.0000   1.0000 101.0000
  10.500  -0.0494   0.22320   0.10800  -0.0277   1.0000   1.0000   1.0000 101.0000
  11.000  -0.0219   0.22395   0.10932  -0.0288   1.0000   1.0000   1.0000 101.0000
  11.500   0.0061   0.22485   0.11078  -0.0299   1.0000   1.0000   1.0000 101.0000
  12.000   0.0343   0.22588   0.11264  -0.0310   1.0000   1.0000   1.0000 101.0000
  12.500   0.0627   0.22703   0.11477  -0.0322   1.0000   1.0000   1.0000 101.0000
  13.000   0.0912   0.22831   0.11717  -0.0335   1.0000   1.0000   1.0000 101.0000
  13.500   0.1197   0.22973   0.11982  -0.0347   1.0000   1.0000   1.0000 101.0000
  14.000   0.1482   0.23133   0.12276  -0.0361   1.0000   1.0000   1.0000 101.0000
  14.500   0.1766   0.23303   0.12586  -0.0374   1.0000   1.0000   1.0000 101.0000
  15.000   0.2049   0.23480   0.12920  -0.0389   1.0000   1.0000   1.0000 101.0000
