  
       XFOIL         Version 6.99
  
 Calculated polar for: 003167                                          
  
 1 1 Reynolds number fixed          Mach number fixed         
  
 xtrf =   1.000 (top)        1.000 (bottom)  
 Mach =   0.100     Re =     0.001 e 6     Ncrit =   9.000  9.000
  
   alpha    CL        CD       CDp       CM     Top_Xtr  Bot_Xtr  Top_Itr  Bot_Itr
  ------ -------- --------- --------- -------- -------- -------- -------- --------
   2.000  -0.0534   0.23114   0.11499  -0.0130   1.0000   1.0000   1.0000 101.0000
   2.500  -0.0565   0.22788   0.11232  -0.0118   1.0000   1.0000   1.0000 101.0000
   3.000  -0.0598   0.22458   0.10968  -0.0106   1.0000   1.0000   1.0000 101.0000
   3.500  -0.0632   0.22125   0.10704  -0.0095   1.0000   1.0000   1.0000 101.0000
   4.000  -0.0664   0.21796   0.10447  -0.0085   1.0000   1.0000   1.0000 101.0000
   4.500  -0.0688   0.21477   0.10199  -0.0078   1.0000   1.0000   1.0000 101.0000
   5.000  -0.0694   0.21176   0.09966  -0.0075   1.0000   1.0000   1.0000 101.0000
   5.500  -0.0675   0.20903   0.09755  -0.0078   1.0000   1.0000   1.0000 101.0000
   6.000  -0.0622   0.20666   0.09575  -0.0089   1.0000   1.0000   1.0000 101.0000
   6.500  -0.0529   0.20475   0.09438  -0.0107   1.0000   1.0000   1.0000 101.0000
   7.000  -0.0392   0.20336   0.09353  -0.0135   1.0000   1.0000   1.0000 101.0000
   7.500  -0.0207   0.20255   0.09331  -0.0172   1.0000   1.0000   1.0000 101.0000
   8.000   0.0025   0.20240   0.09380  -0.0219   1.0000   1.0000   1.0000 101.0000
   8.500   0.0305   0.20293   0.09509  -0.0274   1.0000   1.0000   1.0000 101.0000
   9.000   0.0629   0.20431   0.09725  -0.0338   1.0000   1.0000   1.0000 101.0000
   9.500   0.0992   0.20647   0.10029  -0.0408   1.0000   1.0000   1.0000 101.0000
  10.000   0.1392   0.20925   0.10411  -0.0485   1.0000   1.0000   1.0000 101.0000
  10.500   0.1810   0.21264   0.10886  -0.0565   1.0000   1.0000   1.0000 101.0000
  11.000   0.2241   0.21660   0.11437  -0.0647   1.0000   1.0000   1.0000 101.0000
  11.500   0.2676   0.22111   0.12054  -0.0728   1.0000   1.0000   1.0000 101.0000
  12.000   0.3107   0.22608   0.12725  -0.0808   1.0000   1.0000   1.0000 101.0000
  12.500   0.3526   0.23143   0.13438  -0.0885   1.0000   1.0000   1.0000 101.0000
  13.000   0.3928   0.23707   0.14183  -0.0957   1.0000   1.0000   1.0000 101.0000
  13.500   0.4309   0.24292   0.14948  -0.1025   1.0000   1.0000   1.0000 101.0000
  14.000   0.4675   0.24897   0.15707  -0.1089   1.0000   1.0000   1.0000 101.0000
  14.500   0.5013   0.25506   0.16500  -0.1146   1.0000   1.0000   1.0000 101.0000
  15.000   0.5327   0.26118   0.17301  -0.1199   1.0000   1.0000   1.0000 101.0000
