  
       XFOIL         Version 6.99
  
 Calculated polar for: 003180                                          
  
 1 1 Reynolds number fixed          Mach number fixed         
  
 xtrf =   1.000 (top)        1.000 (bottom)  
 Mach =   0.100     Re =     0.001 e 6     Ncrit =   9.000  9.000
  
   alpha    CL        CD       CDp       CM     Top_Xtr  Bot_Xtr  Top_Itr  Bot_Itr
  ------ -------- --------- --------- -------- -------- -------- -------- --------
   2.000  -0.1053   0.29589   0.16306  -0.0149   1.0000   1.0000   1.0000 101.0000
   2.500  -0.1089   0.29218   0.15977  -0.0142   1.0000   1.0000   1.0000 101.0000
   3.000  -0.1126   0.28836   0.15647  -0.0135   1.0000   1.0000   1.0000 101.0000
   3.500  -0.1165   0.28440   0.15316  -0.0128   1.0000   1.0000   1.0000 101.0000
   4.000  -0.1204   0.28032   0.14983  -0.0120   1.0000   1.0000   1.0000 101.0000
   4.500  -0.1245   0.27611   0.14647  -0.0113   1.0000   1.0000   1.0000 101.0000
   5.000  -0.1287   0.27179   0.14313  -0.0105   1.0000   1.0000   1.0000 101.0000
   5.500  -0.1329   0.26738   0.13978  -0.0097   1.0000   1.0000   1.0000 101.0000
   6.000  -0.1372   0.26287   0.13643  -0.0089   1.0000   1.0000   1.0000 101.0000
   6.500  -0.1416   0.25829   0.13308  -0.0081   1.0000   1.0000   1.0000 101.0000
   7.000  -0.1459   0.25367   0.12973  -0.0073   1.0000   1.0000   1.0000 101.0000
   7.500  -0.1502   0.24902   0.12639  -0.0065   1.0000   1.0000   1.0000 101.0000
   8.000  -0.1544   0.24439   0.12307  -0.0057   1.0000   1.0000   1.0000 101.0000
   8.500  -0.1581   0.23984   0.11981  -0.0050   1.0000   1.0000   1.0000 101.0000
   9.000  -0.1610   0.23547   0.11668  -0.0044   1.0000   1.0000   1.0000 101.0000
   9.500  -0.1624   0.23134   0.11376  -0.0041   1.0000   1.0000   1.0000 101.0000
  10.000  -0.1619   0.22755   0.11115  -0.0041   1.0000   1.0000   1.0000 101.0000
  10.500  -0.1593   0.22417   0.10891  -0.0045   1.0000   1.0000   1.0000 101.0000
  11.000  -0.1541   0.22122   0.10708  -0.0053   1.0000   1.0000   1.0000 101.0000
  11.500  -0.1462   0.21877   0.10582  -0.0065   1.0000   1.0000   1.0000 101.0000
  12.000  -0.1358   0.21681   0.10510  -0.0081   1.0000   1.0000   1.0000 101.0000
  12.500  -0.1228   0.21536   0.10497  -0.0101   1.0000   1.0000   1.0000 101.0000
  13.000  -0.1076   0.21438   0.10541  -0.0124   1.0000   1.0000   1.0000 101.0000
  13.500  -0.0902   0.21386   0.10643  -0.0150   1.0000   1.0000   1.0000 101.0000
  14.000  -0.0711   0.21377   0.10802  -0.0178   1.0000   1.0000   1.0000 101.0000
  14.500  -0.0505   0.21408   0.11014  -0.0209   1.0000   1.0000   1.0000 101.0000
  15.000  -0.0286   0.21490   0.11280  -0.0241   1.0000   1.0000   1.0000 101.0000
