  
       XFOIL         Version 6.99
  
 Calculated polar for: 003106                                          
  
 1 1 Reynolds number fixed          Mach number fixed         
  
 xtrf =   1.000 (top)        1.000 (bottom)  
 Mach =   0.100     Re =     0.001 e 6     Ncrit =   9.000  9.000
  
   alpha    CL        CD       CDp       CM     Top_Xtr  Bot_Xtr  Top_Itr  Bot_Itr
  ------ -------- --------- --------- -------- -------- -------- -------- --------
   2.000   0.2040   0.14662   0.00605  -0.0129   1.0000   1.0000   1.0000 101.0000
   2.500   0.2488   0.14768   0.00804  -0.0126   1.0000   1.0000   1.0000 101.0000
   3.000   0.2931   0.14895   0.01076  -0.0122   1.0000   1.0000   1.0000 101.0000
   3.500   0.3367   0.15043   0.01422  -0.0120   1.0000   1.0000   1.0000 101.0000
   4.000   0.3792   0.15210   0.01842  -0.0118   1.0000   1.0000   1.0000 101.0000
   4.500   0.4202   0.15393   0.02332  -0.0118   1.0000   1.0000   1.0000 101.0000
   5.000   0.4592   0.15590   0.02890  -0.0120   1.0000   1.0000   1.0000 101.0000
   5.500   0.4958   0.15796   0.03510  -0.0124   1.0000   1.0000   1.0000 101.0000
   6.000   0.5295   0.16005   0.04182  -0.0130   1.0000   1.0000   1.0000 101.0000
   6.500   0.5555   0.16138   0.04892  -0.0148   1.0000   1.0000   1.0000 101.0000
   7.000   0.5826   0.16345   0.05616  -0.0159   1.0000   1.0000   1.0000 101.0000
   7.500   0.6061   0.16531   0.06456  -0.0173   1.0000   1.0000   1.0000 101.0000
   8.000   0.6264   0.16842   0.07225  -0.0192   1.0000   1.0000   1.0000 101.0000
   8.500   0.6433   0.17233   0.08005  -0.0213   1.0000   1.0000   1.0000 101.0000
   9.000   0.6573   0.17678   0.08795  -0.0238   1.0000   1.0000   1.0000 101.0000
   9.500   0.6696   0.18171   0.09599  -0.0265   1.0000   1.0000   1.0000 101.0000
  10.000   0.6809   0.18694   0.10420  -0.0294   1.0000   1.0000   1.0000 101.0000
  10.500   0.6920   0.19236   0.11267  -0.0326   1.0000   1.0000   1.0000 101.0000
  11.000   0.7034   0.19791   0.12145  -0.0359   1.0000   1.0000   1.0000 101.0000
  11.500   0.7153   0.20354   0.13058  -0.0393   1.0000   1.0000   1.0000 101.0000
  12.000   0.7279   0.20923   0.14007  -0.0429   1.0000   1.0000   1.0000 101.0000
  12.500   0.7410   0.21495   0.14994  -0.0465   1.0000   1.0000   1.0000 101.0000
  13.000   0.7554   0.22062   0.16060  -0.0500   1.0000   1.0000   1.0000 101.0000
  13.500   0.7695   0.22626   0.17119  -0.0537   1.0000   1.0000   1.0000 101.0000
  14.000   0.7840   0.23193   0.18214  -0.0575   1.0000   1.0000   1.0000 101.0000
  14.500   0.7988   0.23760   0.19345  -0.0613   1.0000   1.0000   1.0000 101.0000
  15.000   0.8139   0.24329   0.20515  -0.0652   1.0000   1.0000   1.0000 101.0000
