  
       XFOIL         Version 6.99
  
 Calculated polar for: 003149                                          
  
 1 1 Reynolds number fixed          Mach number fixed         
  
 xtrf =   1.000 (top)        1.000 (bottom)  
 Mach =   0.100     Re =     0.001 e 6     Ncrit =   9.000  9.000
  
   alpha    CL        CD       CDp       CM     Top_Xtr  Bot_Xtr  Top_Itr  Bot_Itr
  ------ -------- --------- --------- -------- -------- -------- -------- --------
   2.000  -0.1854   0.22238   0.08474  -0.0252   1.0000   1.0000   1.0000 101.0000
   2.500  -0.1753   0.22026   0.08165  -0.0255   1.0000   1.0000   1.0000 101.0000
   3.000  -0.1620   0.21858   0.07892  -0.0259   1.0000   1.0000   1.0000 101.0000
   3.500  -0.1460   0.21732   0.07658  -0.0265   1.0000   1.0000   1.0000 101.0000
   4.000  -0.1277   0.21643   0.07465  -0.0272   1.0000   1.0000   1.0000 101.0000
   4.500  -0.1077   0.21588   0.07311  -0.0279   1.0000   1.0000   1.0000 101.0000
   5.000  -0.0863   0.21563   0.07196  -0.0286   1.0000   1.0000   1.0000 101.0000
   5.500  -0.0638   0.21565   0.07110  -0.0294   1.0000   1.0000   1.0000 101.0000
   6.000  -0.0406   0.21592   0.07073  -0.0301   1.0000   1.0000   1.0000 101.0000
   6.500  -0.0169   0.21642   0.07072  -0.0309   1.0000   1.0000   1.0000 101.0000
   7.000   0.0071   0.21712   0.07107  -0.0316   1.0000   1.0000   1.0000 101.0000
   7.500   0.0312   0.21800   0.07175  -0.0324   1.0000   1.0000   1.0000 101.0000
   8.000   0.0553   0.21904   0.07275  -0.0331   1.0000   1.0000   1.0000 101.0000
   8.500   0.0792   0.22023   0.07405  -0.0338   1.0000   1.0000   1.0000 101.0000
   9.000   0.1030   0.22156   0.07564  -0.0346   1.0000   1.0000   1.0000 101.0000
   9.500   0.1267   0.22302   0.07740  -0.0353   1.0000   1.0000   1.0000 101.0000
  10.000   0.1500   0.22471   0.07958  -0.0360   1.0000   1.0000   1.0000 101.0000
  10.500   0.1729   0.22654   0.08205  -0.0368   1.0000   1.0000   1.0000 101.0000
  11.000   0.1953   0.22848   0.08476  -0.0376   1.0000   1.0000   1.0000 101.0000
  11.500   0.2173   0.23052   0.08773  -0.0384   1.0000   1.0000   1.0000 101.0000
  12.000   0.2388   0.23265   0.09092  -0.0392   1.0000   1.0000   1.0000 101.0000
  12.500   0.2597   0.23489   0.09434  -0.0400   1.0000   1.0000   1.0000 101.0000
  13.000   0.2802   0.23720   0.09783  -0.0409   1.0000   1.0000   1.0000 101.0000
  13.500   0.3001   0.23961   0.10167  -0.0418   1.0000   1.0000   1.0000 101.0000
  14.000   0.3194   0.24210   0.10574  -0.0427   1.0000   1.0000   1.0000 101.0000
  14.500   0.3382   0.24467   0.11001  -0.0436   1.0000   1.0000   1.0000 101.0000
  15.000   0.3564   0.24732   0.11447  -0.0446   1.0000   1.0000   1.0000 101.0000
