  
       XFOIL         Version 6.99
  
 Calculated polar for: 003135                                          
  
 1 1 Reynolds number fixed          Mach number fixed         
  
 xtrf =   1.000 (top)        1.000 (bottom)  
 Mach =   0.100     Re =     0.001 e 6     Ncrit =   9.000  9.000
  
   alpha    CL        CD       CDp       CM     Top_Xtr  Bot_Xtr  Top_Itr  Bot_Itr
  ------ -------- --------- --------- -------- -------- -------- -------- --------
   2.000  -0.1935   0.26513   0.12829  -0.0279   1.0000   1.0000   1.0000 101.0000
   2.500  -0.1946   0.26074   0.12427  -0.0268   1.0000   1.0000   1.0000 101.0000
   3.500  -0.1972   0.25178   0.11628  -0.0244   1.0000   1.0000   1.0000 101.0000
   4.000  -0.1986   0.24720   0.11223  -0.0232   1.0000   1.0000   1.0000 101.0000
   4.500  -0.1999   0.24258   0.10819  -0.0219   1.0000   1.0000   1.0000 101.0000
   5.000  -0.2011   0.23796   0.10417  -0.0207   1.0000   1.0000   1.0000 101.0000
   5.500  -0.2021   0.23337   0.10019  -0.0195   1.0000   1.0000   1.0000 101.0000
   6.000  -0.2025   0.22889   0.09630  -0.0184   1.0000   1.0000   1.0000 101.0000
   6.500  -0.2015   0.22463   0.09254  -0.0175   1.0000   1.0000   1.0000 101.0000
   7.000  -0.1985   0.22068   0.08900  -0.0169   1.0000   1.0000   1.0000 101.0000
   7.500  -0.1930   0.21712   0.08574  -0.0167   1.0000   1.0000   1.0000 101.0000
   8.000  -0.1846   0.21401   0.08284  -0.0170   1.0000   1.0000   1.0000 101.0000
   8.500  -0.1732   0.21138   0.08034  -0.0177   1.0000   1.0000   1.0000 101.0000
   9.000  -0.1587   0.20925   0.07829  -0.0188   1.0000   1.0000   1.0000 101.0000
   9.500  -0.1413   0.20760   0.07671  -0.0203   1.0000   1.0000   1.0000 101.0000
  10.000  -0.1214   0.20641   0.07561  -0.0221   1.0000   1.0000   1.0000 101.0000
  10.500  -0.0994   0.20567   0.07539  -0.0241   1.0000   1.0000   1.0000 101.0000
  11.000  -0.0754   0.20531   0.07523  -0.0263   1.0000   1.0000   1.0000 101.0000
  11.500  -0.0499   0.20532   0.07550  -0.0286   1.0000   1.0000   1.0000 101.0000
  12.000  -0.0232   0.20566   0.07619  -0.0310   1.0000   1.0000   1.0000 101.0000
  12.500   0.0045   0.20641   0.07730  -0.0335   1.0000   1.0000   1.0000 101.0000
  13.000   0.0328   0.20748   0.07880  -0.0360   1.0000   1.0000   1.0000 101.0000
  13.500   0.0615   0.20877   0.08066  -0.0385   1.0000   1.0000   1.0000 101.0000
  14.000   0.0904   0.21025   0.08285  -0.0410   1.0000   1.0000   1.0000 101.0000
  14.500   0.1193   0.21191   0.08539  -0.0435   1.0000   1.0000   1.0000 101.0000
  15.000   0.1481   0.21375   0.08826  -0.0460   1.0000   1.0000   1.0000 101.0000
