  
       XFOIL         Version 6.99
  
 Calculated polar for: 003194                                          
  
 1 1 Reynolds number fixed          Mach number fixed         
  
 xtrf =   1.000 (top)        1.000 (bottom)  
 Mach =   0.100     Re =     0.001 e 6     Ncrit =   9.000  9.000
  
   alpha    CL        CD       CDp       CM     Top_Xtr  Bot_Xtr  Top_Itr  Bot_Itr
  ------ -------- --------- --------- -------- -------- -------- -------- --------
   2.000  -0.3028   0.25989   0.16957  -0.0349   1.0000   1.0000   1.0000 101.0000
   2.500  -0.3039   0.25479   0.16305  -0.0338   1.0000   1.0000   1.0000 101.0000
   3.000  -0.3052   0.24964   0.15655  -0.0327   1.0000   1.0000   1.0000 101.0000
   3.500  -0.3066   0.24448   0.15010  -0.0316   1.0000   1.0000   1.0000 101.0000
   4.000  -0.3078   0.23936   0.14370  -0.0305   1.0000   1.0000   1.0000 101.0000
   4.500  -0.3085   0.23435   0.13738  -0.0295   1.0000   1.0000   1.0000 101.0000
   5.000  -0.3076   0.22958   0.13122  -0.0288   1.0000   1.0000   1.0000 101.0000
   5.500  -0.3040   0.22517   0.12535  -0.0287   1.0000   1.0000   1.0000 101.0000
   7.000  -0.2677   0.21520   0.11057  -0.0321   1.0000   1.0000   1.0000 101.0000
   7.500  -0.2460   0.21309   0.10681  -0.0344   1.0000   1.0000   1.0000 101.0000
   8.000  -0.2200   0.21158   0.10372  -0.0372   1.0000   1.0000   1.0000 101.0000
   8.500  -0.1903   0.21063   0.10130  -0.0402   1.0000   1.0000   1.0000 101.0000
   9.000  -0.1577   0.21016   0.09953  -0.0434   1.0000   1.0000   1.0000 101.0000
   9.500  -0.1229   0.21013   0.09838  -0.0466   1.0000   1.0000   1.0000 101.0000
  10.000  -0.0865   0.21047   0.09781  -0.0497   1.0000   1.0000   1.0000 101.0000
  10.500  -0.0490   0.21114   0.09779  -0.0528   1.0000   1.0000   1.0000 101.0000
  11.000  -0.0107   0.21210   0.09828  -0.0558   1.0000   1.0000   1.0000 101.0000
  11.500   0.0280   0.21340   0.09937  -0.0586   1.0000   1.0000   1.0000 101.0000
  12.000   0.0668   0.21492   0.10081  -0.0613   1.0000   1.0000   1.0000 101.0000
  12.500   0.1055   0.21662   0.10266  -0.0639   1.0000   1.0000   1.0000 101.0000
  13.000   0.1441   0.21847   0.10490  -0.0663   1.0000   1.0000   1.0000 101.0000
  13.500   0.1822   0.22046   0.10750  -0.0686   1.0000   1.0000   1.0000 101.0000
  14.000   0.2199   0.22257   0.11044  -0.0708   1.0000   1.0000   1.0000 101.0000
  14.500   0.2571   0.22480   0.11372  -0.0729   1.0000   1.0000   1.0000 101.0000
  15.000   0.2936   0.22712   0.11731  -0.0749   1.0000   1.0000   1.0000 101.0000
