  
       XFOIL         Version 6.99
  
 Calculated polar for: 003193                                          
  
 1 1 Reynolds number fixed          Mach number fixed         
  
 xtrf =   1.000 (top)        1.000 (bottom)  
 Mach =   0.100     Re =     0.001 e 6     Ncrit =   9.000  9.000
  
   alpha    CL        CD       CDp       CM     Top_Xtr  Bot_Xtr  Top_Itr  Bot_Itr
  ------ -------- --------- --------- -------- -------- -------- -------- --------
   2.000  -0.1630   0.29885   0.21216  -0.0204   1.0000   1.0000   1.0000 101.0000
   2.500  -0.1669   0.29522   0.20752  -0.0191   1.0000   1.0000   1.0000 101.0000
   3.000  -0.1710   0.29151   0.20289  -0.0178   1.0000   1.0000   1.0000 101.0000
   3.500  -0.1753   0.28773   0.19829  -0.0165   1.0000   1.0000   1.0000 101.0000
   4.000  -0.1798   0.28388   0.19372  -0.0151   1.0000   1.0000   1.0000 101.0000
   4.500  -0.1844   0.27999   0.18917  -0.0137   1.0000   1.0000   1.0000 101.0000
   5.000  -0.1890   0.27608   0.18466  -0.0122   1.0000   1.0000   1.0000 101.0000
   5.500  -0.1934   0.27217   0.18020  -0.0108   1.0000   1.0000   1.0000 101.0000
   6.000  -0.1974   0.26830   0.17581  -0.0094   1.0000   1.0000   1.0000 101.0000
   6.500  -0.2008   0.26452   0.17153  -0.0080   1.0000   1.0000   1.0000 101.0000
   7.000  -0.2034   0.26088   0.16739  -0.0067   1.0000   1.0000   1.0000 101.0000
   7.500  -0.2046   0.25747   0.16345  -0.0055   1.0000   1.0000   1.0000 101.0000
   8.000  -0.2039   0.25435   0.15980  -0.0046   1.0000   1.0000   1.0000 101.0000
   8.500  -0.2012   0.25155   0.15651  -0.0039   1.0000   1.0000   1.0000 101.0000
   9.000  -0.1961   0.24911   0.15360  -0.0035   1.0000   1.0000   1.0000 101.0000
   9.500  -0.1886   0.24704   0.15118  -0.0034   1.0000   1.0000   1.0000 101.0000
  10.000  -0.1790   0.24533   0.14924  -0.0035   1.0000   1.0000   1.0000 101.0000
  10.500  -0.1673   0.24397   0.14779  -0.0039   1.0000   1.0000   1.0000 101.0000
  11.000  -0.1538   0.24294   0.14684  -0.0044   1.0000   1.0000   1.0000 101.0000
  11.500  -0.1387   0.24220   0.14638  -0.0051   1.0000   1.0000   1.0000 101.0000
  12.000  -0.1222   0.24176   0.14640  -0.0060   1.0000   1.0000   1.0000 101.0000
  12.500  -0.1044   0.24158   0.14690  -0.0070   1.0000   1.0000   1.0000 101.0000
  13.000  -0.0855   0.24163   0.14786  -0.0081   1.0000   1.0000   1.0000 101.0000
  13.500  -0.0658   0.24190   0.14927  -0.0093   1.0000   1.0000   1.0000 101.0000
  14.000  -0.0452   0.24238   0.15107  -0.0107   1.0000   1.0000   1.0000 101.0000
  14.500  -0.0241   0.24305   0.15335  -0.0121   1.0000   1.0000   1.0000 101.0000
  15.000  -0.0024   0.24390   0.15603  -0.0136   1.0000   1.0000   1.0000 101.0000
