  
       XFOIL         Version 6.99
  
 Calculated polar for: 003134                                          
  
 1 1 Reynolds number fixed          Mach number fixed         
  
 xtrf =   1.000 (top)        1.000 (bottom)  
 Mach =   0.100     Re =     0.001 e 6     Ncrit =   9.000  9.000
  
   alpha    CL        CD       CDp       CM     Top_Xtr  Bot_Xtr  Top_Itr  Bot_Itr
  ------ -------- --------- --------- -------- -------- -------- -------- --------
   2.000  -0.2332   0.23200   0.10783  -0.0200   1.0000   1.0000   1.0000 101.0000
   2.500  -0.2172   0.23117   0.10620  -0.0187   1.0000   1.0000   1.0000 101.0000
   3.000  -0.1998   0.23055   0.10488  -0.0175   1.0000   1.0000   1.0000 101.0000
   3.500  -0.1812   0.23012   0.10386  -0.0164   1.0000   1.0000   1.0000 101.0000
   4.000  -0.1615   0.22989   0.10313  -0.0154   1.0000   1.0000   1.0000 101.0000
   4.500  -0.1409   0.22982   0.10245  -0.0145   1.0000   1.0000   1.0000 101.0000
   5.000  -0.1192   0.22993   0.10228  -0.0137   1.0000   1.0000   1.0000 101.0000
   5.500  -0.0969   0.23020   0.10241  -0.0130   1.0000   1.0000   1.0000 101.0000
   6.000  -0.0739   0.23063   0.10280  -0.0124   1.0000   1.0000   1.0000 101.0000
   6.500  -0.0504   0.23120   0.10346  -0.0118   1.0000   1.0000   1.0000 101.0000
   7.000  -0.0264   0.23191   0.10436  -0.0114   1.0000   1.0000   1.0000 101.0000
   7.500  -0.0020   0.23275   0.10541  -0.0110   1.0000   1.0000   1.0000 101.0000
   8.000   0.0227   0.23372   0.10675  -0.0107   1.0000   1.0000   1.0000 101.0000
   8.500   0.0477   0.23481   0.10833  -0.0105   1.0000   1.0000   1.0000 101.0000
   9.000   0.0729   0.23602   0.11015  -0.0103   1.0000   1.0000   1.0000 101.0000
   9.500   0.0983   0.23733   0.11219  -0.0103   1.0000   1.0000   1.0000 101.0000
  10.000   0.1237   0.23875   0.11457  -0.0102   1.0000   1.0000   1.0000 101.0000
  10.500   0.1491   0.24027   0.11704  -0.0103   1.0000   1.0000   1.0000 101.0000
  11.000   0.1744   0.24189   0.11972  -0.0104   1.0000   1.0000   1.0000 101.0000
  11.500   0.1998   0.24360   0.12262  -0.0106   1.0000   1.0000   1.0000 101.0000
  12.000   0.2251   0.24541   0.12575  -0.0108   1.0000   1.0000   1.0000 101.0000
  12.500   0.2502   0.24730   0.12911  -0.0111   1.0000   1.0000   1.0000 101.0000
  13.000   0.2751   0.24929   0.13287  -0.0114   1.0000   1.0000   1.0000 101.0000
  13.500   0.2997   0.25135   0.13667  -0.0119   1.0000   1.0000   1.0000 101.0000
  14.000   0.3242   0.25350   0.14070  -0.0123   1.0000   1.0000   1.0000 101.0000
  14.500   0.3484   0.25572   0.14495  -0.0129   1.0000   1.0000   1.0000 101.0000
  15.000   0.3723   0.25803   0.14945  -0.0135   1.0000   1.0000   1.0000 101.0000
