  
       XFOIL         Version 6.99
  
 Calculated polar for: 003186                                          
  
 1 1 Reynolds number fixed          Mach number fixed         
  
 xtrf =   1.000 (top)        1.000 (bottom)  
 Mach =   0.100     Re =     0.001 e 6     Ncrit =   9.000  9.000
  
   alpha    CL        CD       CDp       CM     Top_Xtr  Bot_Xtr  Top_Itr  Bot_Itr
  ------ -------- --------- --------- -------- -------- -------- -------- --------
   2.000  -0.1113   0.29256   0.15331  -0.0154   1.0000   1.0000   1.0000 101.0000
   2.500  -0.1155   0.28878   0.15005  -0.0145   1.0000   1.0000   1.0000 101.0000
   3.000  -0.1198   0.28488   0.14678  -0.0136   1.0000   1.0000   1.0000 101.0000
   3.500  -0.1243   0.28087   0.14351  -0.0127   1.0000   1.0000   1.0000 101.0000
   4.000  -0.1289   0.27674   0.14021  -0.0118   1.0000   1.0000   1.0000 101.0000
   4.500  -0.1335   0.27252   0.13694  -0.0108   1.0000   1.0000   1.0000 101.0000
   5.000  -0.1382   0.26821   0.13367  -0.0099   1.0000   1.0000   1.0000 101.0000
   5.500  -0.1429   0.26384   0.13040  -0.0088   1.0000   1.0000   1.0000 101.0000
   6.000  -0.1476   0.25943   0.12715  -0.0078   1.0000   1.0000   1.0000 101.0000
   6.500  -0.1520   0.25501   0.12392  -0.0068   1.0000   1.0000   1.0000 101.0000
   7.000  -0.1563   0.25062   0.12073  -0.0058   1.0000   1.0000   1.0000 101.0000
   7.500  -0.1601   0.24631   0.11759  -0.0048   1.0000   1.0000   1.0000 101.0000
   8.000  -0.1633   0.24214   0.11455  -0.0038   1.0000   1.0000   1.0000 101.0000
   8.500  -0.1651   0.23820   0.11168  -0.0031   1.0000   1.0000   1.0000 101.0000
   9.000  -0.1654   0.23456   0.10906  -0.0025   1.0000   1.0000   1.0000 101.0000
   9.500  -0.1638   0.23125   0.10673  -0.0022   1.0000   1.0000   1.0000 101.0000
  10.000  -0.1601   0.22833   0.10476  -0.0022   1.0000   1.0000   1.0000 101.0000
  10.500  -0.1542   0.22579   0.10313  -0.0025   1.0000   1.0000   1.0000 101.0000
  11.000  -0.1464   0.22366   0.10196  -0.0031   1.0000   1.0000   1.0000 101.0000
  11.500  -0.1366   0.22190   0.10123  -0.0039   1.0000   1.0000   1.0000 101.0000
  12.000  -0.1251   0.22051   0.10094  -0.0049   1.0000   1.0000   1.0000 101.0000
  12.500  -0.1121   0.21947   0.10107  -0.0061   1.0000   1.0000   1.0000 101.0000
  13.000  -0.0978   0.21874   0.10162  -0.0075   1.0000   1.0000   1.0000 101.0000
  13.500  -0.0823   0.21832   0.10259  -0.0090   1.0000   1.0000   1.0000 101.0000
  14.000  -0.0658   0.21817   0.10395  -0.0107   1.0000   1.0000   1.0000 101.0000
  14.500  -0.0485   0.21828   0.10570  -0.0124   1.0000   1.0000   1.0000 101.0000
  15.000  -0.0305   0.21863   0.10776  -0.0143   1.0000   1.0000   1.0000 101.0000
