  
       XFOIL         Version 6.99
  
 Calculated polar for: 003198                                          
  
 1 1 Reynolds number fixed          Mach number fixed         
  
 xtrf =   1.000 (top)        1.000 (bottom)  
 Mach =   0.100     Re =     0.001 e 6     Ncrit =   9.000  9.000
  
   alpha    CL        CD       CDp       CM     Top_Xtr  Bot_Xtr  Top_Itr  Bot_Itr
  ------ -------- --------- --------- -------- -------- -------- -------- --------
   2.000  -0.0846   0.30191   0.16427  -0.0146   1.0000   1.0000   1.0000 101.0000
   2.500  -0.0868   0.29869   0.16127  -0.0138   1.0000   1.0000   1.0000 101.0000
   3.000  -0.0892   0.29537   0.15828  -0.0130   1.0000   1.0000   1.0000 101.0000
   3.500  -0.0916   0.29196   0.15529  -0.0122   1.0000   1.0000   1.0000 101.0000
   4.000  -0.0942   0.28845   0.15231  -0.0114   1.0000   1.0000   1.0000 101.0000
   4.500  -0.0969   0.28484   0.14933  -0.0105   1.0000   1.0000   1.0000 101.0000
   5.000  -0.0997   0.28112   0.14637  -0.0097   1.0000   1.0000   1.0000 101.0000
   5.500  -0.1026   0.27731   0.14342  -0.0088   1.0000   1.0000   1.0000 101.0000
   6.000  -0.1056   0.27340   0.14048  -0.0080   1.0000   1.0000   1.0000 101.0000
   6.500  -0.1087   0.26939   0.13754  -0.0071   1.0000   1.0000   1.0000 101.0000
   7.000  -0.1118   0.26531   0.13462  -0.0062   1.0000   1.0000   1.0000 101.0000
   7.500  -0.1150   0.26115   0.13171  -0.0053   1.0000   1.0000   1.0000 101.0000
   8.000  -0.1183   0.25693   0.12879  -0.0044   1.0000   1.0000   1.0000 101.0000
   8.500  -0.1216   0.25267   0.12591  -0.0035   1.0000   1.0000   1.0000 101.0000
   9.000  -0.1248   0.24839   0.12307  -0.0025   1.0000   1.0000   1.0000 101.0000
   9.500  -0.1280   0.24411   0.12024  -0.0016   1.0000   1.0000   1.0000 101.0000
  10.000  -0.1311   0.23986   0.11746  -0.0008   1.0000   1.0000   1.0000 101.0000
  10.500  -0.1337   0.23571   0.11477   0.0000   1.0000   1.0000   1.0000 101.0000
  11.000  -0.1355   0.23171   0.11223   0.0007   1.0000   1.0000   1.0000 101.0000
  11.500  -0.1361   0.22794   0.10990   0.0011   1.0000   1.0000   1.0000 101.0000
  12.000  -0.1352   0.22446   0.10785   0.0013   1.0000   1.0000   1.0000 101.0000
  12.500  -0.1326   0.22131   0.10616   0.0011   1.0000   1.0000   1.0000 101.0000
  13.000  -0.1279   0.21854   0.10487   0.0005   1.0000   1.0000   1.0000 101.0000
  13.500  -0.1212   0.21617   0.10404  -0.0004   1.0000   1.0000   1.0000 101.0000
  14.000  -0.1123   0.21423   0.10371  -0.0016   1.0000   1.0000   1.0000 101.0000
  14.500  -0.1013   0.21271   0.10386  -0.0033   1.0000   1.0000   1.0000 101.0000
  15.000  -0.0883   0.21163   0.10460  -0.0053   1.0000   1.0000   1.0000 101.0000
