  
       XFOIL         Version 6.99
  
 Calculated polar for: 003138                                          
  
 1 1 Reynolds number fixed          Mach number fixed         
  
 xtrf =   1.000 (top)        1.000 (bottom)  
 Mach =   0.100     Re =     0.001 e 6     Ncrit =   9.000  9.000
  
   alpha    CL        CD       CDp       CM     Top_Xtr  Bot_Xtr  Top_Itr  Bot_Itr
  ------ -------- --------- --------- -------- -------- -------- -------- --------
   2.000  -0.1375   0.31056   0.19638  -0.0121   1.0000   1.0000   1.0000 101.0000
   2.500  -0.1416   0.30577   0.19228  -0.0117   1.0000   1.0000   1.0000 101.0000
   3.000  -0.1458   0.30083   0.18814  -0.0113   1.0000   1.0000   1.0000 101.0000
   3.500  -0.1501   0.29573   0.18397  -0.0108   1.0000   1.0000   1.0000 101.0000
   4.000  -0.1547   0.29048   0.17975  -0.0103   1.0000   1.0000   1.0000 101.0000
   4.500  -0.1594   0.28509   0.17549  -0.0099   1.0000   1.0000   1.0000 101.0000
   5.000  -0.1643   0.27954   0.17119  -0.0094   1.0000   1.0000   1.0000 101.0000
   5.500  -0.1694   0.27387   0.16685  -0.0089   1.0000   1.0000   1.0000 101.0000
   6.000  -0.1745   0.26809   0.16247  -0.0083   1.0000   1.0000   1.0000 101.0000
   6.500  -0.1798   0.26222   0.15805  -0.0078   1.0000   1.0000   1.0000 101.0000
   7.000  -0.1850   0.25631   0.15362  -0.0074   1.0000   1.0000   1.0000 101.0000
   7.500  -0.1900   0.25042   0.14918  -0.0069   1.0000   1.0000   1.0000 101.0000
   8.000  -0.1943   0.24468   0.14482  -0.0067   1.0000   1.0000   1.0000 101.0000
   8.500  -0.1970   0.23925   0.14067  -0.0068   1.0000   1.0000   1.0000 101.0000
   9.000  -0.1973   0.23425   0.13682  -0.0073   1.0000   1.0000   1.0000 101.0000
   9.500  -0.1944   0.22987   0.13350  -0.0085   1.0000   1.0000   1.0000 101.0000
  10.000  -0.1879   0.22619   0.13079  -0.0102   1.0000   1.0000   1.0000 101.0000
  10.500  -0.1774   0.22326   0.12878  -0.0127   1.0000   1.0000   1.0000 101.0000
  11.000  -0.1631   0.22110   0.12753  -0.0157   1.0000   1.0000   1.0000 101.0000
  11.500  -0.1451   0.21970   0.12705  -0.0191   1.0000   1.0000   1.0000 101.0000
  12.000  -0.1240   0.21900   0.12732  -0.0230   1.0000   1.0000   1.0000 101.0000
  12.500  -0.1003   0.21893   0.12830  -0.0271   1.0000   1.0000   1.0000 101.0000
  13.000  -0.0746   0.21942   0.12993  -0.0313   1.0000   1.0000   1.0000 101.0000
  13.500  -0.0474   0.22049   0.13216  -0.0356   1.0000   1.0000   1.0000 101.0000
  14.000  -0.0190   0.22205   0.13490  -0.0399   1.0000   1.0000   1.0000 101.0000
  14.500   0.0098   0.22391   0.13816  -0.0441   1.0000   1.0000   1.0000 101.0000
  15.000   0.0389   0.22601   0.14185  -0.0483   1.0000   1.0000   1.0000 101.0000
