  
       XFOIL         Version 6.99
  
 Calculated polar for: 003196                                          
  
 1 1 Reynolds number fixed          Mach number fixed         
  
 xtrf =   1.000 (top)        1.000 (bottom)  
 Mach =   0.100     Re =     0.001 e 6     Ncrit =   9.000  9.000
  
   alpha    CL        CD       CDp       CM     Top_Xtr  Bot_Xtr  Top_Itr  Bot_Itr
  ------ -------- --------- --------- -------- -------- -------- -------- --------
   2.000  -0.1136   0.28468   0.19191  -0.0215   1.0000   1.0000   1.0000 101.0000
   2.500  -0.1172   0.28152   0.18789  -0.0204   1.0000   1.0000   1.0000 101.0000
   3.000  -0.1211   0.27828   0.18389  -0.0192   1.0000   1.0000   1.0000 101.0000
   3.500  -0.1252   0.27496   0.17993  -0.0180   1.0000   1.0000   1.0000 101.0000
   4.000  -0.1296   0.27157   0.17599  -0.0168   1.0000   1.0000   1.0000 101.0000
   4.500  -0.1343   0.26810   0.17208  -0.0156   1.0000   1.0000   1.0000 101.0000
   5.000  -0.1391   0.26457   0.16819  -0.0144   1.0000   1.0000   1.0000 101.0000
   5.500  -0.1441   0.26099   0.16431  -0.0131   1.0000   1.0000   1.0000 101.0000
   6.000  -0.1491   0.25737   0.16046  -0.0119   1.0000   1.0000   1.0000 101.0000
   6.500  -0.1542   0.25374   0.15665  -0.0106   1.0000   1.0000   1.0000 101.0000
   7.000  -0.1591   0.25012   0.15287  -0.0094   1.0000   1.0000   1.0000 101.0000
   7.500  -0.1635   0.24659   0.14918  -0.0083   1.0000   1.0000   1.0000 101.0000
   8.000  -0.1668   0.24321   0.14565  -0.0074   1.0000   1.0000   1.0000 101.0000
   8.500  -0.1683   0.24004   0.14236  -0.0068   1.0000   1.0000   1.0000 101.0000
   9.000  -0.1676   0.23718   0.13942  -0.0066   1.0000   1.0000   1.0000 101.0000
   9.500  -0.1642   0.23466   0.13691  -0.0069   1.0000   1.0000   1.0000 101.0000
  10.000  -0.1579   0.23253   0.13488  -0.0076   1.0000   1.0000   1.0000 101.0000
  10.500  -0.1485   0.23082   0.13346  -0.0088   1.0000   1.0000   1.0000 101.0000
  11.000  -0.1362   0.22954   0.13265  -0.0104   1.0000   1.0000   1.0000 101.0000
  11.500  -0.1211   0.22868   0.13248  -0.0124   1.0000   1.0000   1.0000 101.0000
  12.000  -0.1034   0.22821   0.13295  -0.0147   1.0000   1.0000   1.0000 101.0000
  12.500  -0.0836   0.22813   0.13406  -0.0174   1.0000   1.0000   1.0000 101.0000
  13.000  -0.0618   0.22840   0.13581  -0.0202   1.0000   1.0000   1.0000 101.0000
  13.500  -0.0385   0.22900   0.13817  -0.0233   1.0000   1.0000   1.0000 101.0000
  14.000  -0.0138   0.22989   0.14111  -0.0265   1.0000   1.0000   1.0000 101.0000
  14.500   0.0121   0.23106   0.14459  -0.0298   1.0000   1.0000   1.0000 101.0000
  15.000   0.0388   0.23255   0.14866  -0.0333   1.0000   1.0000   1.0000 101.0000
