  
       XFOIL         Version 6.99
  
 Calculated polar for: 003151                                          
  
 1 1 Reynolds number fixed          Mach number fixed         
  
 xtrf =   1.000 (top)        1.000 (bottom)  
 Mach =   0.100     Re =     0.001 e 6     Ncrit =   9.000  9.000
  
   alpha    CL        CD       CDp       CM     Top_Xtr  Bot_Xtr  Top_Itr  Bot_Itr
  ------ -------- --------- --------- -------- -------- -------- -------- --------
   2.000  -0.2184   0.28998   0.22332  -0.0204   1.0000   1.0000   1.0000 101.0000
   2.500  -0.2251   0.28510   0.21752  -0.0196   1.0000   1.0000   1.0000 101.0000
   3.000  -0.2321   0.28010   0.21168  -0.0187   1.0000   1.0000   1.0000 101.0000
   3.500  -0.2393   0.27497   0.20575  -0.0178   1.0000   1.0000   1.0000 101.0000
   4.000  -0.2464   0.26980   0.19984  -0.0170   1.0000   1.0000   1.0000 101.0000
   4.500  -0.2531   0.26464   0.19393  -0.0162   1.0000   1.0000   1.0000 101.0000
   5.000  -0.2590   0.25960   0.18808  -0.0156   1.0000   1.0000   1.0000 101.0000
   5.500  -0.2630   0.25481   0.18240  -0.0153   1.0000   1.0000   1.0000 101.0000
   6.000  -0.2639   0.25044   0.17706  -0.0156   1.0000   1.0000   1.0000 101.0000
   6.500  -0.2610   0.24660   0.17221  -0.0164   1.0000   1.0000   1.0000 101.0000
   7.000  -0.2536   0.24340   0.16800  -0.0178   1.0000   1.0000   1.0000 101.0000
   7.500  -0.2418   0.24085   0.16451  -0.0198   1.0000   1.0000   1.0000 101.0000
   8.000  -0.2257   0.23893   0.16180  -0.0222   1.0000   1.0000   1.0000 101.0000
   8.500  -0.2060   0.23761   0.15986  -0.0250   1.0000   1.0000   1.0000 101.0000
   9.000  -0.1831   0.23683   0.15867  -0.0280   1.0000   1.0000   1.0000 101.0000
   9.500  -0.1576   0.23652   0.15819  -0.0312   1.0000   1.0000   1.0000 101.0000
  10.000  -0.1303   0.23663   0.15844  -0.0344   1.0000   1.0000   1.0000 101.0000
  10.500  -0.1015   0.23710   0.15934  -0.0376   1.0000   1.0000   1.0000 101.0000
  11.000  -0.0716   0.23788   0.16083  -0.0408   1.0000   1.0000   1.0000 101.0000
  11.500  -0.0410   0.23893   0.16288  -0.0440   1.0000   1.0000   1.0000 101.0000
  12.000  -0.0098   0.24021   0.16543  -0.0471   1.0000   1.0000   1.0000 101.0000
  12.500   0.0216   0.24170   0.16846  -0.0502   1.0000   1.0000   1.0000 101.0000
  13.000   0.0534   0.24335   0.17187  -0.0532   1.0000   1.0000   1.0000 101.0000
  13.500   0.0850   0.24525   0.17577  -0.0561   1.0000   1.0000   1.0000 101.0000
  14.000   0.1164   0.24733   0.18007  -0.0590   1.0000   1.0000   1.0000 101.0000
  14.500   0.1476   0.24951   0.18472  -0.0618   1.0000   1.0000   1.0000 101.0000
  15.000   0.1785   0.25178   0.18972  -0.0645   1.0000   1.0000   1.0000 101.0000
