  
       XFOIL         Version 6.99
  
 Calculated polar for: 003248                                          
  
 1 1 Reynolds number fixed          Mach number fixed         
  
 xtrf =   1.000 (top)        1.000 (bottom)  
 Mach =   0.100     Re =     0.001 e 6     Ncrit =   9.000  9.000
  
   alpha    CL        CD       CDp       CM     Top_Xtr  Bot_Xtr  Top_Itr  Bot_Itr
  ------ -------- --------- --------- -------- -------- -------- -------- --------
   2.000  -0.1090   0.27848   0.13697  -0.0147   1.0000   1.0000   1.0000 101.0000
   2.500  -0.1101   0.27512   0.13398  -0.0137   1.0000   1.0000   1.0000 101.0000
   3.000  -0.1114   0.27170   0.13102  -0.0127   1.0000   1.0000   1.0000 101.0000
   3.500  -0.1127   0.26821   0.12809  -0.0117   1.0000   1.0000   1.0000 101.0000
   4.000  -0.1140   0.26466   0.12518  -0.0107   1.0000   1.0000   1.0000 101.0000
   4.500  -0.1155   0.26105   0.12230  -0.0096   1.0000   1.0000   1.0000 101.0000
   5.000  -0.1169   0.25734   0.11936  -0.0085   1.0000   1.0000   1.0000 101.0000
   5.500  -0.1184   0.25358   0.11654  -0.0074   1.0000   1.0000   1.0000 101.0000
   6.000  -0.1200   0.24977   0.11377  -0.0064   1.0000   1.0000   1.0000 101.0000
   6.500  -0.1216   0.24592   0.11104  -0.0053   1.0000   1.0000   1.0000 101.0000
   7.000  -0.1231   0.24204   0.10835  -0.0042   1.0000   1.0000   1.0000 101.0000
   7.500  -0.1246   0.23817   0.10571  -0.0031   1.0000   1.0000   1.0000 101.0000
   8.000  -0.1260   0.23432   0.10313  -0.0020   1.0000   1.0000   1.0000 101.0000
   8.500  -0.1271   0.23054   0.10063  -0.0010   1.0000   1.0000   1.0000 101.0000
   9.000  -0.1276   0.22689   0.09826  -0.0001   1.0000   1.0000   1.0000 101.0000
   9.500  -0.1272   0.22342   0.09608   0.0007   1.0000   1.0000   1.0000 101.0000
  10.000  -0.1254   0.22017   0.09414   0.0011   1.0000   1.0000   1.0000 101.0000
  10.500  -0.1222   0.21721   0.09249   0.0013   1.0000   1.0000   1.0000 101.0000
  11.000  -0.1172   0.21456   0.09120   0.0011   1.0000   1.0000   1.0000 101.0000
  11.500  -0.1104   0.21225   0.09031   0.0006   1.0000   1.0000   1.0000 101.0000
  12.000  -0.1016   0.21029   0.08977  -0.0003   1.0000   1.0000   1.0000 101.0000
  12.500  -0.0908   0.20873   0.08981  -0.0015   1.0000   1.0000   1.0000 101.0000
  13.000  -0.0780   0.20755   0.09035  -0.0031   1.0000   1.0000   1.0000 101.0000
  13.500  -0.0634   0.20677   0.09141  -0.0051   1.0000   1.0000   1.0000 101.0000
  14.000  -0.0471   0.20638   0.09300  -0.0074   1.0000   1.0000   1.0000 101.0000
  14.500  -0.0292   0.20636   0.09511  -0.0100   1.0000   1.0000   1.0000 101.0000
  15.000  -0.0099   0.20670   0.09774  -0.0128   1.0000   1.0000   1.0000 101.0000
