  
       XFOIL         Version 6.99
  
 Calculated polar for: 003250                                          
  
 1 1 Reynolds number fixed          Mach number fixed         
  
 xtrf =   1.000 (top)        1.000 (bottom)  
 Mach =   0.100     Re =     0.001 e 6     Ncrit =   9.000  9.000
  
   alpha    CL        CD       CDp       CM     Top_Xtr  Bot_Xtr  Top_Itr  Bot_Itr
  ------ -------- --------- --------- -------- -------- -------- -------- --------
   2.000  -0.0608   0.29764   0.16099  -0.0142   1.0000   1.0000   1.0000 101.0000
   2.500  -0.0622   0.29478   0.15821  -0.0134   1.0000   1.0000   1.0000 101.0000
   3.000  -0.0638   0.29186   0.15545  -0.0126   1.0000   1.0000   1.0000 101.0000
   3.500  -0.0655   0.28885   0.15270  -0.0118   1.0000   1.0000   1.0000 101.0000
   4.000  -0.0673   0.28576   0.14997  -0.0110   1.0000   1.0000   1.0000 101.0000
   4.500  -0.0692   0.28259   0.14725  -0.0102   1.0000   1.0000   1.0000 101.0000
   5.000  -0.0713   0.27933   0.14455  -0.0093   1.0000   1.0000   1.0000 101.0000
   5.500  -0.0736   0.27597   0.14186  -0.0085   1.0000   1.0000   1.0000 101.0000
   6.000  -0.0759   0.27252   0.13918  -0.0076   1.0000   1.0000   1.0000 101.0000
   6.500  -0.0784   0.26897   0.13649  -0.0068   1.0000   1.0000   1.0000 101.0000
   7.000  -0.0810   0.26531   0.13385  -0.0059   1.0000   1.0000   1.0000 101.0000
   7.500  -0.0837   0.26156   0.13122  -0.0051   1.0000   1.0000   1.0000 101.0000
   8.000  -0.0866   0.25771   0.12861  -0.0042   1.0000   1.0000   1.0000 101.0000
   8.500  -0.0895   0.25379   0.12601  -0.0033   1.0000   1.0000   1.0000 101.0000
   9.000  -0.0925   0.24980   0.12344  -0.0025   1.0000   1.0000   1.0000 101.0000
   9.500  -0.0956   0.24575   0.12089  -0.0016   1.0000   1.0000   1.0000 101.0000
  10.000  -0.0986   0.24167   0.11836  -0.0008   1.0000   1.0000   1.0000 101.0000
  10.500  -0.1017   0.23758   0.11586   0.0000   1.0000   1.0000   1.0000 101.0000
  11.000  -0.1048   0.23349   0.11339   0.0008   1.0000   1.0000   1.0000 101.0000
  11.500  -0.1075   0.22948   0.11100   0.0015   1.0000   1.0000   1.0000 101.0000
  12.000  -0.1095   0.22559   0.10875   0.0021   1.0000   1.0000   1.0000 101.0000
  12.500  -0.1104   0.22190   0.10671   0.0024   1.0000   1.0000   1.0000 101.0000
  13.000  -0.1100   0.21847   0.10495   0.0024   1.0000   1.0000   1.0000 101.0000
  13.500  -0.1079   0.21533   0.10350   0.0021   1.0000   1.0000   1.0000 101.0000
  14.000  -0.1038   0.21257   0.10252   0.0013   1.0000   1.0000   1.0000 101.0000
  14.500  -0.0976   0.21022   0.10203   0.0001   1.0000   1.0000   1.0000 101.0000
  15.000  -0.0891   0.20830   0.10210  -0.0015   1.0000   1.0000   1.0000 101.0000
