  
       XFOIL         Version 6.99
  
 Calculated polar for: 003243                                          
  
 1 1 Reynolds number fixed          Mach number fixed         
  
 xtrf =   1.000 (top)        1.000 (bottom)  
 Mach =   0.100     Re =     0.001 e 6     Ncrit =   9.000  9.000
  
   alpha    CL        CD       CDp       CM     Top_Xtr  Bot_Xtr  Top_Itr  Bot_Itr
  ------ -------- --------- --------- -------- -------- -------- -------- --------
   2.000  -0.0765   0.30197   0.16586  -0.0139   1.0000   1.0000   1.0000 101.0000
   2.500  -0.0785   0.29894   0.16298  -0.0131   1.0000   1.0000   1.0000 101.0000
   3.000  -0.0805   0.29582   0.16010  -0.0123   1.0000   1.0000   1.0000 101.0000
   3.500  -0.0827   0.29261   0.15723  -0.0114   1.0000   1.0000   1.0000 101.0000
   4.000  -0.0849   0.28931   0.15436  -0.0106   1.0000   1.0000   1.0000 101.0000
   4.500  -0.0873   0.28590   0.15150  -0.0097   1.0000   1.0000   1.0000 101.0000
   5.000  -0.0898   0.28240   0.14864  -0.0088   1.0000   1.0000   1.0000 101.0000
   5.500  -0.0925   0.27879   0.14579  -0.0079   1.0000   1.0000   1.0000 101.0000
   6.000  -0.0952   0.27509   0.14296  -0.0070   1.0000   1.0000   1.0000 101.0000
   6.500  -0.0981   0.27129   0.14011  -0.0061   1.0000   1.0000   1.0000 101.0000
   7.000  -0.1010   0.26741   0.13729  -0.0052   1.0000   1.0000   1.0000 101.0000
   7.500  -0.1041   0.26345   0.13449  -0.0043   1.0000   1.0000   1.0000 101.0000
   8.000  -0.1072   0.25943   0.13170  -0.0033   1.0000   1.0000   1.0000 101.0000
   8.500  -0.1103   0.25537   0.12893  -0.0024   1.0000   1.0000   1.0000 101.0000
   9.000  -0.1134   0.25128   0.12618  -0.0015   1.0000   1.0000   1.0000 101.0000
   9.500  -0.1165   0.24718   0.12346  -0.0006   1.0000   1.0000   1.0000 101.0000
  10.000  -0.1195   0.24311   0.12078   0.0003   1.0000   1.0000   1.0000 101.0000
  10.500  -0.1220   0.23915   0.11820   0.0011   1.0000   1.0000   1.0000 101.0000
  11.000  -0.1235   0.23535   0.11577   0.0016   1.0000   1.0000   1.0000 101.0000
  11.500  -0.1238   0.23178   0.11358   0.0019   1.0000   1.0000   1.0000 101.0000
  12.000  -0.1224   0.22852   0.11169   0.0019   1.0000   1.0000   1.0000 101.0000
  12.500  -0.1191   0.22560   0.11017   0.0015   1.0000   1.0000   1.0000 101.0000
  13.000  -0.1136   0.22308   0.10906   0.0007   1.0000   1.0000   1.0000 101.0000
  13.500  -0.1059   0.22099   0.10846  -0.0005   1.0000   1.0000   1.0000 101.0000
  14.000  -0.0959   0.21935   0.10840  -0.0021   1.0000   1.0000   1.0000 101.0000
  14.500  -0.0836   0.21817   0.10890  -0.0042   1.0000   1.0000   1.0000 101.0000
  15.000  -0.0692   0.21744   0.10998  -0.0066   1.0000   1.0000   1.0000 101.0000
