  
       XFOIL         Version 6.99
  
 Calculated polar for: 003253                                          
  
 1 1 Reynolds number fixed          Mach number fixed         
  
 xtrf =   1.000 (top)        1.000 (bottom)  
 Mach =   0.100     Re =     0.001 e 6     Ncrit =   9.000  9.000
  
   alpha    CL        CD       CDp       CM     Top_Xtr  Bot_Xtr  Top_Itr  Bot_Itr
  ------ -------- --------- --------- -------- -------- -------- -------- --------
   2.000  -0.0770   0.28899   0.14753  -0.0143   1.0000   1.0000   1.0000 101.0000
   2.500  -0.0778   0.28600   0.14471  -0.0134   1.0000   1.0000   1.0000 101.0000
   3.000  -0.0788   0.28295   0.14191  -0.0124   1.0000   1.0000   1.0000 101.0000
   3.500  -0.0799   0.27982   0.13914  -0.0115   1.0000   1.0000   1.0000 101.0000
   4.000  -0.0811   0.27663   0.13640  -0.0105   1.0000   1.0000   1.0000 101.0000
   4.500  -0.0824   0.27337   0.13368  -0.0096   1.0000   1.0000   1.0000 101.0000
   5.000  -0.0839   0.27004   0.13099  -0.0086   1.0000   1.0000   1.0000 101.0000
   5.500  -0.0854   0.26663   0.12833  -0.0076   1.0000   1.0000   1.0000 101.0000
   6.000  -0.0871   0.26315   0.12569  -0.0066   1.0000   1.0000   1.0000 101.0000
   6.500  -0.0889   0.25958   0.12307  -0.0056   1.0000   1.0000   1.0000 101.0000
   7.000  -0.0908   0.25593   0.12049  -0.0046   1.0000   1.0000   1.0000 101.0000
   7.500  -0.0928   0.25221   0.11793  -0.0035   1.0000   1.0000   1.0000 101.0000
   8.000  -0.0948   0.24842   0.11537  -0.0025   1.0000   1.0000   1.0000 101.0000
   8.500  -0.0969   0.24460   0.11289  -0.0015   1.0000   1.0000   1.0000 101.0000
   9.000  -0.0990   0.24075   0.11044  -0.0005   1.0000   1.0000   1.0000 101.0000
   9.500  -0.1012   0.23689   0.10804   0.0005   1.0000   1.0000   1.0000 101.0000
  10.000  -0.1033   0.23306   0.10569   0.0015   1.0000   1.0000   1.0000 101.0000
  10.500  -0.1051   0.22929   0.10342   0.0024   1.0000   1.0000   1.0000 101.0000
  11.000  -0.1063   0.22565   0.10129   0.0032   1.0000   1.0000   1.0000 101.0000
  11.500  -0.1066   0.22217   0.09934   0.0037   1.0000   1.0000   1.0000 101.0000
  12.000  -0.1058   0.21892   0.09764   0.0041   1.0000   1.0000   1.0000 101.0000
  12.500  -0.1034   0.21595   0.09626   0.0041   1.0000   1.0000   1.0000 101.0000
  13.000  -0.0994   0.21329   0.09524   0.0037   1.0000   1.0000   1.0000 101.0000
  13.500  -0.0935   0.21098   0.09464   0.0030   1.0000   1.0000   1.0000 101.0000
  14.000  -0.0856   0.20904   0.09447   0.0019   1.0000   1.0000   1.0000 101.0000
  14.500  -0.0758   0.20749   0.09486   0.0004   1.0000   1.0000   1.0000 101.0000
  15.000  -0.0640   0.20636   0.09578  -0.0015   1.0000   1.0000   1.0000 101.0000
