  
       XFOIL         Version 6.99
  
 Calculated polar for: 003265                                          
  
 1 1 Reynolds number fixed          Mach number fixed         
  
 xtrf =   1.000 (top)        1.000 (bottom)  
 Mach =   0.100     Re =     0.001 e 6     Ncrit =   9.000  9.000
  
   alpha    CL        CD       CDp       CM     Top_Xtr  Bot_Xtr  Top_Itr  Bot_Itr
  ------ -------- --------- --------- -------- -------- -------- -------- --------
   2.000   0.0802   0.16673   0.03471  -0.0317   1.0000   1.0000   1.0000 101.0000
   2.500   0.1092   0.16706   0.03498  -0.0315   1.0000   1.0000   1.0000 101.0000
   3.000   0.1382   0.16767   0.03560  -0.0313   1.0000   1.0000   1.0000 101.0000
   3.500   0.1671   0.16850   0.03654  -0.0313   1.0000   1.0000   1.0000 101.0000
   4.000   0.1959   0.16957   0.03757  -0.0313   1.0000   1.0000   1.0000 101.0000
   4.500   0.2245   0.17092   0.03916  -0.0313   1.0000   1.0000   1.0000 101.0000
   5.000   0.2528   0.17250   0.04110  -0.0315   1.0000   1.0000   1.0000 101.0000
   5.500   0.2807   0.17428   0.04338  -0.0318   1.0000   1.0000   1.0000 101.0000
   6.000   0.3081   0.17627   0.04601  -0.0321   1.0000   1.0000   1.0000 101.0000
   6.500   0.3349   0.17846   0.04898  -0.0326   1.0000   1.0000   1.0000 101.0000
   7.000   0.3612   0.18084   0.05229  -0.0333   1.0000   1.0000   1.0000 101.0000
   7.500   0.3868   0.18342   0.05594  -0.0340   1.0000   1.0000   1.0000 101.0000
   8.000   0.4120   0.18618   0.05990  -0.0349   1.0000   1.0000   1.0000 101.0000
   8.500   0.4365   0.18913   0.06420  -0.0360   1.0000   1.0000   1.0000 101.0000
   9.000   0.4606   0.19226   0.06885  -0.0372   1.0000   1.0000   1.0000 101.0000
   9.500   0.4841   0.19556   0.07387  -0.0386   1.0000   1.0000   1.0000 101.0000
  10.000   0.5071   0.19904   0.07925  -0.0401   1.0000   1.0000   1.0000 101.0000
  10.500   0.5296   0.20268   0.08502  -0.0418   1.0000   1.0000   1.0000 101.0000
  11.000   0.5517   0.20647   0.09118  -0.0437   1.0000   1.0000   1.0000 101.0000
  12.000   0.5945   0.21450   0.10490  -0.0479   1.0000   1.0000   1.0000 101.0000
  12.500   0.6153   0.21871   0.11218  -0.0502   1.0000   1.0000   1.0000 101.0000
  13.000   0.6358   0.22305   0.11984  -0.0528   1.0000   1.0000   1.0000 101.0000
  13.500   0.6559   0.22751   0.12790  -0.0555   1.0000   1.0000   1.0000 101.0000
  14.000   0.6758   0.23208   0.13636  -0.0583   1.0000   1.0000   1.0000 101.0000
  14.500   0.6953   0.23676   0.14522  -0.0613   1.0000   1.0000   1.0000 101.0000
  15.000   0.7147   0.24154   0.15450  -0.0644   1.0000   1.0000   1.0000 101.0000
