  
       XFOIL         Version 6.99
  
 Calculated polar for: 003220                                          
  
 1 1 Reynolds number fixed          Mach number fixed         
  
 xtrf =   1.000 (top)        1.000 (bottom)  
 Mach =   0.100     Re =     0.001 e 6     Ncrit =   9.000  9.000
  
   alpha    CL        CD       CDp       CM     Top_Xtr  Bot_Xtr  Top_Itr  Bot_Itr
  ------ -------- --------- --------- -------- -------- -------- -------- --------
   2.000  -0.1088   0.29064   0.15290  -0.0149   1.0000   1.0000   1.0000 101.0000
   2.500  -0.1110   0.28707   0.14970  -0.0141   1.0000   1.0000   1.0000 101.0000
   3.000  -0.1132   0.28341   0.14651  -0.0132   1.0000   1.0000   1.0000 101.0000
   3.500  -0.1156   0.27966   0.14333  -0.0124   1.0000   1.0000   1.0000 101.0000
   4.000  -0.1180   0.27581   0.14017  -0.0115   1.0000   1.0000   1.0000 101.0000
   4.500  -0.1205   0.27185   0.13698  -0.0106   1.0000   1.0000   1.0000 101.0000
   5.000  -0.1231   0.26782   0.13385  -0.0097   1.0000   1.0000   1.0000 101.0000
   5.500  -0.1258   0.26371   0.13075  -0.0087   1.0000   1.0000   1.0000 101.0000
   6.000  -0.1285   0.25953   0.12766  -0.0078   1.0000   1.0000   1.0000 101.0000
   6.500  -0.1312   0.25530   0.12460  -0.0068   1.0000   1.0000   1.0000 101.0000
   7.000  -0.1340   0.25104   0.12157  -0.0058   1.0000   1.0000   1.0000 101.0000
   7.500  -0.1366   0.24676   0.11857  -0.0049   1.0000   1.0000   1.0000 101.0000
   8.000  -0.1393   0.24249   0.11560  -0.0039   1.0000   1.0000   1.0000 101.0000
   8.500  -0.1417   0.23827   0.11268  -0.0029   1.0000   1.0000   1.0000 101.0000
   9.000  -0.1437   0.23415   0.10987  -0.0021   1.0000   1.0000   1.0000 101.0000
   9.500  -0.1447   0.23021   0.10721  -0.0014   1.0000   1.0000   1.0000 101.0000
  10.000  -0.1445   0.22651   0.10479  -0.0009   1.0000   1.0000   1.0000 101.0000
  10.500  -0.1426   0.22311   0.10265  -0.0008   1.0000   1.0000   1.0000 101.0000
  11.000  -0.1389   0.22004   0.10081  -0.0009   1.0000   1.0000   1.0000 101.0000
  11.500  -0.1331   0.21737   0.09944  -0.0015   1.0000   1.0000   1.0000 101.0000
  12.000  -0.1251   0.21510   0.09854  -0.0024   1.0000   1.0000   1.0000 101.0000
  12.500  -0.1150   0.21326   0.09813  -0.0037   1.0000   1.0000   1.0000 101.0000
  13.000  -0.1027   0.21185   0.09825  -0.0053   1.0000   1.0000   1.0000 101.0000
  13.500  -0.0885   0.21086   0.09889  -0.0073   1.0000   1.0000   1.0000 101.0000
  14.000  -0.0724   0.21028   0.10007  -0.0095   1.0000   1.0000   1.0000 101.0000
  14.500  -0.0546   0.21010   0.10178  -0.0121   1.0000   1.0000   1.0000 101.0000
  15.000  -0.0354   0.21029   0.10400  -0.0148   1.0000   1.0000   1.0000 101.0000
