  
       XFOIL         Version 6.99
  
 Calculated polar for: 003239                                          
  
 1 1 Reynolds number fixed          Mach number fixed         
  
 xtrf =   1.000 (top)        1.000 (bottom)  
 Mach =   0.100     Re =     0.001 e 6     Ncrit =   9.000  9.000
  
   alpha    CL        CD       CDp       CM     Top_Xtr  Bot_Xtr  Top_Itr  Bot_Itr
  ------ -------- --------- --------- -------- -------- -------- -------- --------
   2.000  -0.0903   0.29092   0.15146  -0.0146   1.0000   1.0000   1.0000 101.0000
   2.500  -0.0915   0.28772   0.14847  -0.0137   1.0000   1.0000   1.0000 101.0000
   3.000  -0.0928   0.28444   0.14546  -0.0128   1.0000   1.0000   1.0000 101.0000
   3.500  -0.0942   0.28110   0.14252  -0.0120   1.0000   1.0000   1.0000 101.0000
   4.000  -0.0957   0.27768   0.13959  -0.0111   1.0000   1.0000   1.0000 101.0000
   4.500  -0.0973   0.27418   0.13668  -0.0101   1.0000   1.0000   1.0000 101.0000
   5.000  -0.0989   0.27060   0.13380  -0.0092   1.0000   1.0000   1.0000 101.0000
   5.500  -0.1007   0.26693   0.13093  -0.0082   1.0000   1.0000   1.0000 101.0000
   6.000  -0.1026   0.26318   0.12810  -0.0073   1.0000   1.0000   1.0000 101.0000
   6.500  -0.1045   0.25935   0.12529  -0.0063   1.0000   1.0000   1.0000 101.0000
   7.000  -0.1065   0.25545   0.12251  -0.0053   1.0000   1.0000   1.0000 101.0000
   7.500  -0.1086   0.25149   0.11975  -0.0044   1.0000   1.0000   1.0000 101.0000
   8.000  -0.1108   0.24749   0.11703  -0.0034   1.0000   1.0000   1.0000 101.0000
   8.500  -0.1129   0.24347   0.11435  -0.0024   1.0000   1.0000   1.0000 101.0000
   9.000  -0.1150   0.23944   0.11170  -0.0014   1.0000   1.0000   1.0000 101.0000
   9.500  -0.1171   0.23541   0.10905  -0.0004   1.0000   1.0000   1.0000 101.0000
  10.000  -0.1189   0.23146   0.10652   0.0005   1.0000   1.0000   1.0000 101.0000
  10.500  -0.1201   0.22763   0.10412   0.0013   1.0000   1.0000   1.0000 101.0000
  11.000  -0.1205   0.22397   0.10191   0.0019   1.0000   1.0000   1.0000 101.0000
  11.500  -0.1196   0.22055   0.09994   0.0022   1.0000   1.0000   1.0000 101.0000
  12.000  -0.1172   0.21741   0.09828   0.0023   1.0000   1.0000   1.0000 101.0000
  12.500  -0.1131   0.21460   0.09699   0.0020   1.0000   1.0000   1.0000 101.0000
  13.000  -0.1071   0.21215   0.09613   0.0013   1.0000   1.0000   1.0000 101.0000
  13.500  -0.0990   0.21008   0.09574   0.0003   1.0000   1.0000   1.0000 101.0000
  14.000  -0.0889   0.20843   0.09586  -0.0012   1.0000   1.0000   1.0000 101.0000
  14.500  -0.0767   0.20718   0.09648  -0.0030   1.0000   1.0000   1.0000 101.0000
  15.000  -0.0626   0.20636   0.09771  -0.0052   1.0000   1.0000   1.0000 101.0000
