  
       XFOIL         Version 6.99
  
 Calculated polar for: 003298                                          
  
 1 1 Reynolds number fixed          Mach number fixed         
  
 xtrf =   1.000 (top)        1.000 (bottom)  
 Mach =   0.100     Re =     0.001 e 6     Ncrit =   9.000  9.000
  
   alpha    CL        CD       CDp       CM     Top_Xtr  Bot_Xtr  Top_Itr  Bot_Itr
  ------ -------- --------- --------- -------- -------- -------- -------- --------
   2.000   0.0236   0.18561   0.03336  -0.0289   1.0000   1.0000   1.0000 101.0000
   2.500   0.0520   0.18607   0.03284  -0.0279   1.0000   1.0000   1.0000 101.0000
   3.000   0.0802   0.18674   0.03270  -0.0269   1.0000   1.0000   1.0000 101.0000
   3.500   0.1081   0.18760   0.03289  -0.0259   1.0000   1.0000   1.0000 101.0000
   4.000   0.1354   0.18865   0.03341  -0.0249   1.0000   1.0000   1.0000 101.0000
   4.500   0.1622   0.18988   0.03425  -0.0239   1.0000   1.0000   1.0000 101.0000
   5.000   0.1882   0.19128   0.03538  -0.0229   1.0000   1.0000   1.0000 101.0000
   5.500   0.2133   0.19285   0.03681  -0.0220   1.0000   1.0000   1.0000 101.0000
   6.000   0.2376   0.19459   0.03849  -0.0212   1.0000   1.0000   1.0000 101.0000
   6.500   0.2609   0.19647   0.04002  -0.0204   1.0000   1.0000   1.0000 101.0000
   7.000   0.2834   0.19852   0.04223  -0.0196   1.0000   1.0000   1.0000 101.0000
   7.500   0.3048   0.20073   0.04474  -0.0189   1.0000   1.0000   1.0000 101.0000
   8.000   0.3251   0.20308   0.04753  -0.0183   1.0000   1.0000   1.0000 101.0000
   8.500   0.3442   0.20557   0.05059  -0.0178   1.0000   1.0000   1.0000 101.0000
   9.000   0.3622   0.20820   0.05391  -0.0174   1.0000   1.0000   1.0000 101.0000
   9.500   0.3791   0.21095   0.05747  -0.0172   1.0000   1.0000   1.0000 101.0000
  10.000   0.3949   0.21381   0.06116  -0.0171   1.0000   1.0000   1.0000 101.0000
  10.500   0.4098   0.21679   0.06513  -0.0171   1.0000   1.0000   1.0000 101.0000
  11.000   0.4237   0.21991   0.06934  -0.0172   1.0000   1.0000   1.0000 101.0000
  11.500   0.4368   0.22316   0.07378  -0.0175   1.0000   1.0000   1.0000 101.0000
  12.000   0.4490   0.22649   0.07846  -0.0179   1.0000   1.0000   1.0000 101.0000
  12.500   0.4606   0.22990   0.08336  -0.0185   1.0000   1.0000   1.0000 101.0000
  13.000   0.4715   0.23339   0.08848  -0.0192   1.0000   1.0000   1.0000 101.0000
  13.500   0.4818   0.23693   0.09382  -0.0200   1.0000   1.0000   1.0000 101.0000
  14.000   0.4916   0.24052   0.09964  -0.0210   1.0000   1.0000   1.0000 101.0000
  14.500   0.5010   0.24414   0.10536  -0.0221   1.0000   1.0000   1.0000 101.0000
  15.000   0.5100   0.24782   0.11126  -0.0233   1.0000   1.0000   1.0000 101.0000
