  
       XFOIL         Version 6.99
  
 Calculated polar for: 003333                                          
  
 1 1 Reynolds number fixed          Mach number fixed         
  
 xtrf =   1.000 (top)        1.000 (bottom)  
 Mach =   0.100     Re =     0.001 e 6     Ncrit =   9.000  9.000
  
   alpha    CL        CD       CDp       CM     Top_Xtr  Bot_Xtr  Top_Itr  Bot_Itr
  ------ -------- --------- --------- -------- -------- -------- -------- --------
   2.000  -0.1105   0.19004   0.03732  -0.0256   1.0000   1.0000   1.0000 101.0000
   2.500  -0.0857   0.18954   0.03588  -0.0248   1.0000   1.0000   1.0000 101.0000
   3.000  -0.0600   0.18925   0.03473  -0.0240   1.0000   1.0000   1.0000 101.0000
   3.500  -0.0336   0.18919   0.03386  -0.0233   1.0000   1.0000   1.0000 101.0000
   4.000  -0.0066   0.18932   0.03323  -0.0227   1.0000   1.0000   1.0000 101.0000
   4.500   0.0209   0.18966   0.03289  -0.0220   1.0000   1.0000   1.0000 101.0000
   5.000   0.0485   0.19019   0.03283  -0.0214   1.0000   1.0000   1.0000 101.0000
   5.500   0.0763   0.19091   0.03305  -0.0208   1.0000   1.0000   1.0000 101.0000
   6.000   0.1039   0.19180   0.03356  -0.0202   1.0000   1.0000   1.0000 101.0000
   6.500   0.1314   0.19287   0.03435  -0.0197   1.0000   1.0000   1.0000 101.0000
   7.000   0.1585   0.19412   0.03544  -0.0192   1.0000   1.0000   1.0000 101.0000
   7.500   0.1851   0.19553   0.03694  -0.0188   1.0000   1.0000   1.0000 101.0000
   8.000   0.2111   0.19710   0.03856  -0.0184   1.0000   1.0000   1.0000 101.0000
   8.500   0.2364   0.19884   0.04046  -0.0181   1.0000   1.0000   1.0000 101.0000
   9.000   0.2610   0.20073   0.04264  -0.0178   1.0000   1.0000   1.0000 101.0000
   9.500   0.2848   0.20278   0.04513  -0.0176   1.0000   1.0000   1.0000 101.0000
  10.000   0.3076   0.20505   0.04794  -0.0175   1.0000   1.0000   1.0000 101.0000
  10.500   0.3294   0.20748   0.05130  -0.0175   1.0000   1.0000   1.0000 101.0000
  11.000   0.3501   0.21003   0.05473  -0.0176   1.0000   1.0000   1.0000 101.0000
  11.500   0.3696   0.21273   0.05845  -0.0179   1.0000   1.0000   1.0000 101.0000
  12.000   0.3879   0.21557   0.06248  -0.0182   1.0000   1.0000   1.0000 101.0000
  12.500   0.4050   0.21855   0.06683  -0.0187   1.0000   1.0000   1.0000 101.0000
  13.000   0.4209   0.22166   0.07149  -0.0193   1.0000   1.0000   1.0000 101.0000
  13.500   0.4356   0.22489   0.07647  -0.0200   1.0000   1.0000   1.0000 101.0000
  14.000   0.4492   0.22826   0.08201  -0.0209   1.0000   1.0000   1.0000 101.0000
  14.500   0.4616   0.23170   0.08766  -0.0220   1.0000   1.0000   1.0000 101.0000
  15.000   0.4729   0.23522   0.09355  -0.0232   1.0000   1.0000   1.0000 101.0000
