  
       XFOIL         Version 6.99
  
 Calculated polar for: 003336                                          
  
 1 1 Reynolds number fixed          Mach number fixed         
  
 xtrf =   1.000 (top)        1.000 (bottom)  
 Mach =   0.100     Re =     0.001 e 6     Ncrit =   9.000  9.000
  
   alpha    CL        CD       CDp       CM     Top_Xtr  Bot_Xtr  Top_Itr  Bot_Itr
  ------ -------- --------- --------- -------- -------- -------- -------- --------
   2.000  -0.0452   0.17523   0.03397  -0.0133   1.0000   1.0000   1.0000 101.0000
   2.500  -0.0192   0.17502   0.03334  -0.0118   1.0000   1.0000   1.0000 101.0000
   3.000   0.0075   0.17498   0.03295  -0.0105   1.0000   1.0000   1.0000 101.0000
   3.500   0.0347   0.17512   0.03288  -0.0092   1.0000   1.0000   1.0000 101.0000
   4.000   0.0622   0.17543   0.03310  -0.0080   1.0000   1.0000   1.0000 101.0000
   4.500   0.0899   0.17592   0.03363  -0.0069   1.0000   1.0000   1.0000 101.0000
   5.000   0.1176   0.17659   0.03446  -0.0059   1.0000   1.0000   1.0000 101.0000
   5.500   0.1453   0.17743   0.03561  -0.0050   1.0000   1.0000   1.0000 101.0000
   6.000   0.1729   0.17846   0.03720  -0.0042   1.0000   1.0000   1.0000 101.0000
   6.500   0.2000   0.17966   0.03897  -0.0035   1.0000   1.0000   1.0000 101.0000
   7.000   0.2268   0.18104   0.04105  -0.0029   1.0000   1.0000   1.0000 101.0000
   7.500   0.2531   0.18261   0.04347  -0.0024   1.0000   1.0000   1.0000 101.0000
   8.000   0.2788   0.18437   0.04623  -0.0021   1.0000   1.0000   1.0000 101.0000
   8.500   0.3037   0.18632   0.04936  -0.0019   1.0000   1.0000   1.0000 101.0000
   9.000   0.3279   0.18846   0.05287  -0.0018   1.0000   1.0000   1.0000 101.0000
   9.500   0.3512   0.19084   0.05702  -0.0018   1.0000   1.0000   1.0000 101.0000
  10.000   0.3734   0.19340   0.06130  -0.0021   1.0000   1.0000   1.0000 101.0000
  10.500   0.3946   0.19615   0.06595  -0.0026   1.0000   1.0000   1.0000 101.0000
  11.000   0.4147   0.19909   0.07098  -0.0032   1.0000   1.0000   1.0000 101.0000
  11.500   0.4338   0.20220   0.07640  -0.0040   1.0000   1.0000   1.0000 101.0000
  12.000   0.4519   0.20549   0.08221  -0.0050   1.0000   1.0000   1.0000 101.0000
  12.500   0.4690   0.20894   0.08843  -0.0062   1.0000   1.0000   1.0000 101.0000
  13.000   0.4851   0.21255   0.09504  -0.0077   1.0000   1.0000   1.0000 101.0000
  13.500   0.5005   0.21631   0.10233  -0.0092   1.0000   1.0000   1.0000 101.0000
  14.000   0.5152   0.22015   0.10973  -0.0111   1.0000   1.0000   1.0000 101.0000
  14.500   0.5293   0.22410   0.11749  -0.0131   1.0000   1.0000   1.0000 101.0000
  15.000   0.5430   0.22813   0.12559  -0.0153   1.0000   1.0000   1.0000 101.0000
