  
       XFOIL         Version 6.99
  
 Calculated polar for: 003302                                          
  
 1 1 Reynolds number fixed          Mach number fixed         
  
 xtrf =   1.000 (top)        1.000 (bottom)  
 Mach =   0.100     Re =     0.001 e 6     Ncrit =   9.000  9.000
  
   alpha    CL        CD       CDp       CM     Top_Xtr  Bot_Xtr  Top_Itr  Bot_Itr
  ------ -------- --------- --------- -------- -------- -------- -------- --------
   2.000   0.0578   0.17783   0.03708  -0.0275   1.0000   1.0000   1.0000 101.0000
   2.500   0.0901   0.17829   0.03662  -0.0258   1.0000   1.0000   1.0000 101.0000
   3.000   0.1219   0.17891   0.03649  -0.0241   1.0000   1.0000   1.0000 101.0000
   3.500   0.1534   0.17968   0.03657  -0.0224   1.0000   1.0000   1.0000 101.0000
   4.000   0.1843   0.18061   0.03711  -0.0207   1.0000   1.0000   1.0000 101.0000
   4.500   0.2146   0.18169   0.03798  -0.0190   1.0000   1.0000   1.0000 101.0000
   5.000   0.2442   0.18291   0.03918  -0.0173   1.0000   1.0000   1.0000 101.0000
   5.500   0.2730   0.18429   0.04070  -0.0156   1.0000   1.0000   1.0000 101.0000
   6.000   0.3009   0.18582   0.04255  -0.0139   1.0000   1.0000   1.0000 101.0000
   6.500   0.3281   0.18750   0.04471  -0.0124   1.0000   1.0000   1.0000 101.0000
   7.000   0.3542   0.18933   0.04720  -0.0109   1.0000   1.0000   1.0000 101.0000
   7.500   0.3794   0.19132   0.04986  -0.0094   1.0000   1.0000   1.0000 101.0000
   8.000   0.4037   0.19346   0.05298  -0.0081   1.0000   1.0000   1.0000 101.0000
   8.500   0.4269   0.19575   0.05644  -0.0069   1.0000   1.0000   1.0000 101.0000
   9.000   0.4490   0.19821   0.06025  -0.0058   1.0000   1.0000   1.0000 101.0000
   9.500   0.4700   0.20081   0.06440  -0.0048   1.0000   1.0000   1.0000 101.0000
  10.000   0.4899   0.20357   0.06891  -0.0039   1.0000   1.0000   1.0000 101.0000
  10.500   0.5087   0.20649   0.07376  -0.0033   1.0000   1.0000   1.0000 101.0000
  11.000   0.5263   0.20954   0.07896  -0.0027   1.0000   1.0000   1.0000 101.0000
  11.500   0.5429   0.21273   0.08451  -0.0024   1.0000   1.0000   1.0000 101.0000
  12.000   0.5584   0.21606   0.09046  -0.0022   1.0000   1.0000   1.0000 101.0000
  12.500   0.5729   0.21949   0.09666  -0.0022   1.0000   1.0000   1.0000 101.0000
  13.000   0.5866   0.22304   0.10319  -0.0024   1.0000   1.0000   1.0000 101.0000
  13.500   0.5995   0.22669   0.11004  -0.0028   1.0000   1.0000   1.0000 101.0000
  14.000   0.6118   0.23041   0.11722  -0.0034   1.0000   1.0000   1.0000 101.0000
  14.500   0.6235   0.23420   0.12471  -0.0041   1.0000   1.0000   1.0000 101.0000
  15.000   0.6348   0.23806   0.13252  -0.0050   1.0000   1.0000   1.0000 101.0000
