  
       XFOIL         Version 6.99
  
 Calculated polar for: 003309                                          
  
 1 1 Reynolds number fixed          Mach number fixed         
  
 xtrf =   1.000 (top)        1.000 (bottom)  
 Mach =   0.100     Re =     0.001 e 6     Ncrit =   9.000  9.000
  
   alpha    CL        CD       CDp       CM     Top_Xtr  Bot_Xtr  Top_Itr  Bot_Itr
  ------ -------- --------- --------- -------- -------- -------- -------- --------
   2.000  -0.1263   0.18884   0.04828  -0.0297   1.0000   1.0000   1.0000 101.0000
   2.500  -0.0994   0.18846   0.04682  -0.0288   1.0000   1.0000   1.0000 101.0000
   3.000  -0.0715   0.18827   0.04568  -0.0279   1.0000   1.0000   1.0000 101.0000
   3.500  -0.0429   0.18828   0.04485  -0.0271   1.0000   1.0000   1.0000 101.0000
   4.000  -0.0138   0.18848   0.04433  -0.0263   1.0000   1.0000   1.0000 101.0000
   4.500   0.0158   0.18884   0.04404  -0.0255   1.0000   1.0000   1.0000 101.0000
   5.000   0.0457   0.18938   0.04408  -0.0248   1.0000   1.0000   1.0000 101.0000
   5.500   0.0758   0.19008   0.04442  -0.0241   1.0000   1.0000   1.0000 101.0000
   6.000   0.1060   0.19094   0.04505  -0.0234   1.0000   1.0000   1.0000 101.0000
   6.500   0.1362   0.19196   0.04599  -0.0228   1.0000   1.0000   1.0000 101.0000
   7.000   0.1662   0.19313   0.04723  -0.0222   1.0000   1.0000   1.0000 101.0000
   7.500   0.1960   0.19445   0.04891  -0.0217   1.0000   1.0000   1.0000 101.0000
   8.000   0.2255   0.19592   0.05073  -0.0212   1.0000   1.0000   1.0000 101.0000
   8.500   0.2546   0.19753   0.05284  -0.0208   1.0000   1.0000   1.0000 101.0000
   9.000   0.2834   0.19928   0.05524  -0.0205   1.0000   1.0000   1.0000 101.0000
   9.500   0.3116   0.20118   0.05797  -0.0202   1.0000   1.0000   1.0000 101.0000
  10.000   0.3393   0.20322   0.06102  -0.0199   1.0000   1.0000   1.0000 101.0000
  10.500   0.3664   0.20539   0.06441  -0.0197   1.0000   1.0000   1.0000 101.0000
  11.000   0.3927   0.20771   0.06840  -0.0196   1.0000   1.0000   1.0000 101.0000
  11.500   0.4182   0.21016   0.07247  -0.0197   1.0000   1.0000   1.0000 101.0000
  12.000   0.4429   0.21275   0.07690  -0.0198   1.0000   1.0000   1.0000 101.0000
  12.500   0.4668   0.21547   0.08168  -0.0200   1.0000   1.0000   1.0000 101.0000
  13.000   0.4898   0.21832   0.08685  -0.0203   1.0000   1.0000   1.0000 101.0000
  13.500   0.5119   0.22131   0.09242  -0.0208   1.0000   1.0000   1.0000 101.0000
  14.000   0.5332   0.22448   0.09864  -0.0213   1.0000   1.0000   1.0000 101.0000
  14.500   0.5533   0.22775   0.10509  -0.0220   1.0000   1.0000   1.0000 101.0000
  15.000   0.5724   0.23114   0.11191  -0.0229   1.0000   1.0000   1.0000 101.0000
