  
       XFOIL         Version 6.99
  
 Calculated polar for: 003350                                          
  
 1 1 Reynolds number fixed          Mach number fixed         
  
 xtrf =   1.000 (top)        1.000 (bottom)  
 Mach =   0.100     Re =     0.001 e 6     Ncrit =   9.000  9.000
  
   alpha    CL        CD       CDp       CM     Top_Xtr  Bot_Xtr  Top_Itr  Bot_Itr
  ------ -------- --------- --------- -------- -------- -------- -------- --------
   2.000   0.0073   0.17070   0.03487  -0.0456   1.0000   1.0000   1.0000 101.0000
   2.500   0.0451   0.17088   0.03352  -0.0454   1.0000   1.0000   1.0000 101.0000
   3.000   0.0829   0.17127   0.03256  -0.0452   1.0000   1.0000   1.0000 101.0000
   3.500   0.1206   0.17185   0.03199  -0.0448   1.0000   1.0000   1.0000 101.0000
   4.000   0.1578   0.17261   0.03181  -0.0442   1.0000   1.0000   1.0000 101.0000
   4.500   0.1946   0.17355   0.03201  -0.0436   1.0000   1.0000   1.0000 101.0000
   5.000   0.2308   0.17465   0.03261  -0.0430   1.0000   1.0000   1.0000 101.0000
   5.500   0.2663   0.17593   0.03359  -0.0422   1.0000   1.0000   1.0000 101.0000
   6.000   0.3011   0.17737   0.03497  -0.0415   1.0000   1.0000   1.0000 101.0000
   6.500   0.3349   0.17897   0.03713  -0.0407   1.0000   1.0000   1.0000 101.0000
   7.000   0.3676   0.18074   0.03929  -0.0399   1.0000   1.0000   1.0000 101.0000
   7.500   0.3994   0.18267   0.04182  -0.0391   1.0000   1.0000   1.0000 101.0000
   8.000   0.4302   0.18477   0.04471  -0.0384   1.0000   1.0000   1.0000 101.0000
   8.500   0.4598   0.18703   0.04799  -0.0377   1.0000   1.0000   1.0000 101.0000
   9.000   0.4882   0.18946   0.05165  -0.0371   1.0000   1.0000   1.0000 101.0000
   9.500   0.5154   0.19208   0.05570  -0.0366   1.0000   1.0000   1.0000 101.0000
  10.000   0.5414   0.19488   0.06015  -0.0362   1.0000   1.0000   1.0000 101.0000
  10.500   0.5660   0.19786   0.06507  -0.0358   1.0000   1.0000   1.0000 101.0000
  11.000   0.5893   0.20100   0.07030  -0.0357   1.0000   1.0000   1.0000 101.0000
  11.500   0.6112   0.20432   0.07593  -0.0356   1.0000   1.0000   1.0000 101.0000
  12.000   0.6318   0.20780   0.08197  -0.0358   1.0000   1.0000   1.0000 101.0000
  12.500   0.6510   0.21144   0.08843  -0.0361   1.0000   1.0000   1.0000 101.0000
  13.000   0.6690   0.21525   0.09532  -0.0365   1.0000   1.0000   1.0000 101.0000
  13.500   0.6856   0.21919   0.10262  -0.0372   1.0000   1.0000   1.0000 101.0000
  14.000   0.7012   0.22327   0.11033  -0.0381   1.0000   1.0000   1.0000 101.0000
  14.500   0.7156   0.22746   0.11846  -0.0391   1.0000   1.0000   1.0000 101.0000
  15.000   0.7293   0.23178   0.12733  -0.0403   1.0000   1.0000   1.0000 101.0000
