  
       XFOIL         Version 6.99
  
 Calculated polar for: 003327                                          
  
 1 1 Reynolds number fixed          Mach number fixed         
  
 xtrf =   1.000 (top)        1.000 (bottom)  
 Mach =   0.100     Re =     0.001 e 6     Ncrit =   9.000  9.000
  
   alpha    CL        CD       CDp       CM     Top_Xtr  Bot_Xtr  Top_Itr  Bot_Itr
  ------ -------- --------- --------- -------- -------- -------- -------- --------
   2.000  -0.0711   0.18008   0.03823  -0.0369   1.0000   1.0000   1.0000 101.0000
   2.500  -0.0383   0.18005   0.03714  -0.0362   1.0000   1.0000   1.0000 101.0000
   3.000  -0.0050   0.18020   0.03642  -0.0356   1.0000   1.0000   1.0000 101.0000
   3.500   0.0285   0.18054   0.03603  -0.0349   1.0000   1.0000   1.0000 101.0000
   4.000   0.0622   0.18105   0.03598  -0.0343   1.0000   1.0000   1.0000 101.0000
   4.500   0.0958   0.18173   0.03622  -0.0336   1.0000   1.0000   1.0000 101.0000
   5.000   0.1294   0.18257   0.03654  -0.0330   1.0000   1.0000   1.0000 101.0000
   5.500   0.1630   0.18357   0.03734  -0.0324   1.0000   1.0000   1.0000 101.0000
   6.000   0.1962   0.18472   0.03845  -0.0317   1.0000   1.0000   1.0000 101.0000
   6.500   0.2292   0.18602   0.03986  -0.0311   1.0000   1.0000   1.0000 101.0000
   7.000   0.2617   0.18748   0.04159  -0.0305   1.0000   1.0000   1.0000 101.0000
   7.500   0.2937   0.18908   0.04364  -0.0300   1.0000   1.0000   1.0000 101.0000
   8.000   0.3251   0.19083   0.04613  -0.0295   1.0000   1.0000   1.0000 101.0000
   8.500   0.3558   0.19273   0.04872  -0.0290   1.0000   1.0000   1.0000 101.0000
   9.000   0.3858   0.19478   0.05164  -0.0286   1.0000   1.0000   1.0000 101.0000
   9.500   0.4152   0.19698   0.05489  -0.0283   1.0000   1.0000   1.0000 101.0000
  10.000   0.4436   0.19933   0.05851  -0.0280   1.0000   1.0000   1.0000 101.0000
  10.500   0.4712   0.20185   0.06253  -0.0278   1.0000   1.0000   1.0000 101.0000
  11.000   0.4978   0.20454   0.06739  -0.0276   1.0000   1.0000   1.0000 101.0000
  11.500   0.5232   0.20739   0.07220  -0.0277   1.0000   1.0000   1.0000 101.0000
  12.000   0.5474   0.21040   0.07738  -0.0279   1.0000   1.0000   1.0000 101.0000
  12.500   0.5706   0.21357   0.08298  -0.0281   1.0000   1.0000   1.0000 101.0000
  13.000   0.5925   0.21689   0.08901  -0.0286   1.0000   1.0000   1.0000 101.0000
  13.500   0.6131   0.22038   0.09551  -0.0292   1.0000   1.0000   1.0000 101.0000
  14.500   0.6507   0.22779   0.11035  -0.0307   1.0000   1.0000   1.0000 101.0000
  15.000   0.6674   0.23167   0.11827  -0.0319   1.0000   1.0000   1.0000 101.0000
