  
       XFOIL         Version 6.99
  
 Calculated polar for: 003368                                          
  
 1 1 Reynolds number fixed          Mach number fixed         
  
 xtrf =   1.000 (top)        1.000 (bottom)  
 Mach =   0.100     Re =     0.001 e 6     Ncrit =   9.000  9.000
  
   alpha    CL        CD       CDp       CM     Top_Xtr  Bot_Xtr  Top_Itr  Bot_Itr
  ------ -------- --------- --------- -------- -------- -------- -------- --------
   2.000  -0.0773   0.17166   0.02853  -0.0227   1.0000   1.0000   1.0000 101.0000
   2.500  -0.0442   0.17146   0.02743  -0.0214   1.0000   1.0000   1.0000 101.0000
   3.000  -0.0105   0.17144   0.02669  -0.0200   1.0000   1.0000   1.0000 101.0000
   3.500   0.0236   0.17159   0.02632  -0.0187   1.0000   1.0000   1.0000 101.0000
   4.000   0.0579   0.17193   0.02632  -0.0174   1.0000   1.0000   1.0000 101.0000
   4.500   0.0923   0.17243   0.02675  -0.0160   1.0000   1.0000   1.0000 101.0000
   5.000   0.1264   0.17308   0.02825  -0.0148   1.0000   1.0000   1.0000 101.0000
   5.500   0.1604   0.17392   0.02933  -0.0136   1.0000   1.0000   1.0000 101.0000
   6.000   0.1942   0.17492   0.03077  -0.0124   1.0000   1.0000   1.0000 101.0000
   6.500   0.2277   0.17611   0.03257  -0.0113   1.0000   1.0000   1.0000 101.0000
   7.000   0.2606   0.17746   0.03476  -0.0102   1.0000   1.0000   1.0000 101.0000
   7.500   0.2930   0.17900   0.03735  -0.0092   1.0000   1.0000   1.0000 101.0000
   8.000   0.3246   0.18073   0.04054  -0.0083   1.0000   1.0000   1.0000 101.0000
   8.500   0.3551   0.18264   0.04395  -0.0075   1.0000   1.0000   1.0000 101.0000
   9.000   0.3845   0.18475   0.04777  -0.0068   1.0000   1.0000   1.0000 101.0000
   9.500   0.4127   0.18706   0.05202  -0.0063   1.0000   1.0000   1.0000 101.0000
  10.000   0.4394   0.18958   0.05673  -0.0059   1.0000   1.0000   1.0000 101.0000
  10.500   0.4647   0.19232   0.06189  -0.0056   1.0000   1.0000   1.0000 101.0000
  11.000   0.4881   0.19527   0.06753  -0.0056   1.0000   1.0000   1.0000 101.0000
  11.500   0.5097   0.19846   0.07365  -0.0058   1.0000   1.0000   1.0000 101.0000
  12.000   0.5294   0.20190   0.08056  -0.0061   1.0000   1.0000   1.0000 101.0000
  12.500   0.5468   0.20552   0.08763  -0.0068   1.0000   1.0000   1.0000 101.0000
  13.000   0.5621   0.20936   0.09510  -0.0078   1.0000   1.0000   1.0000 101.0000
  13.500   0.5755   0.21339   0.10295  -0.0090   1.0000   1.0000   1.0000 101.0000
  14.000   0.5871   0.21757   0.11115  -0.0104   1.0000   1.0000   1.0000 101.0000
  14.500   0.5972   0.22188   0.11968  -0.0121   1.0000   1.0000   1.0000 101.0000
  15.000   0.6064   0.22627   0.12851  -0.0140   1.0000   1.0000   1.0000 101.0000
