  
       XFOIL         Version 6.99
  
 Calculated polar for: 003360                                          
  
 1 1 Reynolds number fixed          Mach number fixed         
  
 xtrf =   1.000 (top)        1.000 (bottom)  
 Mach =   0.100     Re =     0.001 e 6     Ncrit =   9.000  9.000
  
   alpha    CL        CD       CDp       CM     Top_Xtr  Bot_Xtr  Top_Itr  Bot_Itr
  ------ -------- --------- --------- -------- -------- -------- -------- --------
   2.000   0.0012   0.18542   0.04332  -0.0449   1.0000   1.0000   1.0000 101.0000
   2.500   0.0357   0.18580   0.04180  -0.0452   1.0000   1.0000   1.0000 101.0000
   3.000   0.0700   0.18640   0.04069  -0.0452   1.0000   1.0000   1.0000 101.0000
   3.500   0.1039   0.18722   0.03997  -0.0451   1.0000   1.0000   1.0000 101.0000
   4.000   0.1372   0.18823   0.03963  -0.0449   1.0000   1.0000   1.0000 101.0000
   4.500   0.1698   0.18942   0.03964  -0.0445   1.0000   1.0000   1.0000 101.0000
   5.000   0.2016   0.19078   0.04000  -0.0441   1.0000   1.0000   1.0000 101.0000
   5.500   0.2324   0.19230   0.04038  -0.0436   1.0000   1.0000   1.0000 101.0000
   6.000   0.2625   0.19398   0.04136  -0.0430   1.0000   1.0000   1.0000 101.0000
   6.500   0.2914   0.19581   0.04271  -0.0424   1.0000   1.0000   1.0000 101.0000
   7.000   0.3193   0.19782   0.04439  -0.0417   1.0000   1.0000   1.0000 101.0000
   7.500   0.3461   0.20001   0.04640  -0.0411   1.0000   1.0000   1.0000 101.0000
   8.000   0.3716   0.20234   0.04872  -0.0405   1.0000   1.0000   1.0000 101.0000
   8.500   0.3959   0.20481   0.05136  -0.0399   1.0000   1.0000   1.0000 101.0000
   9.000   0.4189   0.20742   0.05429  -0.0394   1.0000   1.0000   1.0000 101.0000
   9.500   0.4405   0.21017   0.05727  -0.0390   1.0000   1.0000   1.0000 101.0000
  10.000   0.4611   0.21306   0.06075  -0.0387   1.0000   1.0000   1.0000 101.0000
  10.500   0.4803   0.21609   0.06454  -0.0384   1.0000   1.0000   1.0000 101.0000
  11.000   0.4982   0.21926   0.06864  -0.0383   1.0000   1.0000   1.0000 101.0000
  11.500   0.5149   0.22255   0.07304  -0.0383   1.0000   1.0000   1.0000 101.0000
  12.000   0.5303   0.22597   0.07775  -0.0384   1.0000   1.0000   1.0000 101.0000
  12.500   0.5444   0.22950   0.08275  -0.0387   1.0000   1.0000   1.0000 101.0000
  13.000   0.5574   0.23315   0.08804  -0.0391   1.0000   1.0000   1.0000 101.0000
  13.500   0.5694   0.23690   0.09361  -0.0397   1.0000   1.0000   1.0000 101.0000
  14.000   0.5803   0.24074   0.09952  -0.0404   1.0000   1.0000   1.0000 101.0000
  14.500   0.5903   0.24465   0.10556  -0.0413   1.0000   1.0000   1.0000 101.0000
  15.000   0.5995   0.24863   0.11184  -0.0424   1.0000   1.0000   1.0000 101.0000
