  
       XFOIL         Version 6.99
  
 Calculated polar for: 003381                                          
  
 1 1 Reynolds number fixed          Mach number fixed         
  
 xtrf =   1.000 (top)        1.000 (bottom)  
 Mach =   0.100     Re =     0.001 e 6     Ncrit =   9.000  9.000
  
   alpha    CL        CD       CDp       CM     Top_Xtr  Bot_Xtr  Top_Itr  Bot_Itr
  ------ -------- --------- --------- -------- -------- -------- -------- --------
   2.000  -0.1025   0.18165   0.02870  -0.0183   1.0000   1.0000   1.0000 101.0000
   2.500  -0.0778   0.18105   0.02728  -0.0170   1.0000   1.0000   1.0000 101.0000
   3.000  -0.0521   0.18067   0.02618  -0.0157   1.0000   1.0000   1.0000 101.0000
   3.500  -0.0256   0.18049   0.02540  -0.0145   1.0000   1.0000   1.0000 101.0000
   4.000   0.0014   0.18052   0.02497  -0.0133   1.0000   1.0000   1.0000 101.0000
   4.500   0.0282   0.18070   0.02624  -0.0123   1.0000   1.0000   1.0000 101.0000
   5.000   0.0556   0.18111   0.02637  -0.0113   1.0000   1.0000   1.0000 101.0000
   5.500   0.0831   0.18172   0.02678  -0.0103   1.0000   1.0000   1.0000 101.0000
   6.000   0.1105   0.18251   0.02748  -0.0093   1.0000   1.0000   1.0000 101.0000
   6.500   0.1377   0.18351   0.02849  -0.0084   1.0000   1.0000   1.0000 101.0000
   7.000   0.1646   0.18469   0.02982  -0.0076   1.0000   1.0000   1.0000 101.0000
   8.000   0.2165   0.18764   0.03363  -0.0061   1.0000   1.0000   1.0000 101.0000
   8.500   0.2412   0.18939   0.03593  -0.0055   1.0000   1.0000   1.0000 101.0000
   9.000   0.2650   0.19135   0.03855  -0.0050   1.0000   1.0000   1.0000 101.0000
   9.500   0.2877   0.19349   0.04152  -0.0046   1.0000   1.0000   1.0000 101.0000
  10.000   0.3093   0.19583   0.04482  -0.0044   1.0000   1.0000   1.0000 101.0000
  10.500   0.3295   0.19842   0.04849  -0.0042   1.0000   1.0000   1.0000 101.0000
  11.000   0.3484   0.20120   0.05250  -0.0043   1.0000   1.0000   1.0000 101.0000
  11.500   0.3657   0.20420   0.05713  -0.0044   1.0000   1.0000   1.0000 101.0000
  12.000   0.3814   0.20733   0.06185  -0.0048   1.0000   1.0000   1.0000 101.0000
  12.500   0.3955   0.21061   0.06687  -0.0054   1.0000   1.0000   1.0000 101.0000
  13.000   0.4082   0.21405   0.07218  -0.0062   1.0000   1.0000   1.0000 101.0000
  13.500   0.4193   0.21763   0.07777  -0.0072   1.0000   1.0000   1.0000 101.0000
  14.000   0.4292   0.22133   0.08364  -0.0085   1.0000   1.0000   1.0000 101.0000
  14.500   0.4380   0.22513   0.08976  -0.0099   1.0000   1.0000   1.0000 101.0000
  15.000   0.4458   0.22902   0.09612  -0.0115   1.0000   1.0000   1.0000 101.0000
