  
       XFOIL         Version 6.99
  
 Calculated polar for: 003405                                          
  
 1 1 Reynolds number fixed          Mach number fixed         
  
 xtrf =   1.000 (top)        1.000 (bottom)  
 Mach =   0.100     Re =     0.001 e 6     Ncrit =   9.000  9.000
  
   alpha    CL        CD       CDp       CM     Top_Xtr  Bot_Xtr  Top_Itr  Bot_Itr
  ------ -------- --------- --------- -------- -------- -------- -------- --------
   2.000  -0.0542   0.16589   0.02349  -0.0175   1.0000   1.0000   1.0000 101.0000
   2.500  -0.0188   0.16577   0.02280  -0.0160   1.0000   1.0000   1.0000 101.0000
   3.000   0.0170   0.16582   0.02249  -0.0146   1.0000   1.0000   1.0000 101.0000
   3.500   0.0530   0.16605   0.02259  -0.0131   1.0000   1.0000   1.0000 101.0000
   4.000   0.0892   0.16646   0.02314  -0.0117   1.0000   1.0000   1.0000 101.0000
   4.500   0.1250   0.16701   0.02489  -0.0103   1.0000   1.0000   1.0000 101.0000
   5.000   0.1607   0.16775   0.02616  -0.0090   1.0000   1.0000   1.0000 101.0000
   5.500   0.1962   0.16867   0.02782  -0.0078   1.0000   1.0000   1.0000 101.0000
   6.000   0.2312   0.16978   0.02988  -0.0066   1.0000   1.0000   1.0000 101.0000
   6.500   0.2657   0.17108   0.03236  -0.0055   1.0000   1.0000   1.0000 101.0000
   7.000   0.2995   0.17257   0.03528  -0.0045   1.0000   1.0000   1.0000 101.0000
   7.500   0.3324   0.17427   0.03884  -0.0035   1.0000   1.0000   1.0000 101.0000
   8.000   0.3638   0.17617   0.04267  -0.0028   1.0000   1.0000   1.0000 101.0000
   8.500   0.3939   0.17829   0.04692  -0.0022   1.0000   1.0000   1.0000 101.0000
   9.000   0.4224   0.18065   0.05163  -0.0018   1.0000   1.0000   1.0000 101.0000
   9.500   0.4490   0.18325   0.05681  -0.0016   1.0000   1.0000   1.0000 101.0000
  10.000   0.4736   0.18610   0.06246  -0.0016   1.0000   1.0000   1.0000 101.0000
  10.500   0.4957   0.18922   0.06857  -0.0018   1.0000   1.0000   1.0000 101.0000
  11.000   0.5153   0.19263   0.07514  -0.0024   1.0000   1.0000   1.0000 101.0000
  11.500   0.5321   0.19631   0.08211  -0.0032   1.0000   1.0000   1.0000 101.0000
  12.000   0.5463   0.20030   0.08982  -0.0042   1.0000   1.0000   1.0000 101.0000
  12.500   0.5578   0.20443   0.09750  -0.0056   1.0000   1.0000   1.0000 101.0000
  13.000   0.5672   0.20873   0.10539  -0.0071   1.0000   1.0000   1.0000 101.0000
  13.500   0.5754   0.21315   0.11351  -0.0089   1.0000   1.0000   1.0000 101.0000
  14.000   0.5830   0.21764   0.12184  -0.0109   1.0000   1.0000   1.0000 101.0000
  14.500   0.5907   0.22215   0.13039  -0.0131   1.0000   1.0000   1.0000 101.0000
  15.000   0.5988   0.22664   0.13916  -0.0154   1.0000   1.0000   1.0000 101.0000
