  
       XFOIL         Version 6.99
  
 Calculated polar for: 003567                                          
  
 1 1 Reynolds number fixed          Mach number fixed         
  
 xtrf =   1.000 (top)        1.000 (bottom)  
 Mach =   0.100     Re =     0.001 e 6     Ncrit =   9.000  9.000
  
   alpha    CL        CD       CDp       CM     Top_Xtr  Bot_Xtr  Top_Itr  Bot_Itr
  ------ -------- --------- --------- -------- -------- -------- -------- --------
   2.000  -0.0496   0.18753   0.04783  -0.0275   1.0000   1.0000   1.0000 101.0000
   2.500  -0.0226   0.18754   0.04685  -0.0265   1.0000   1.0000   1.0000 101.0000
   3.000   0.0049   0.18774   0.04623  -0.0254   1.0000   1.0000   1.0000 101.0000
   3.500   0.0327   0.18814   0.04594  -0.0244   1.0000   1.0000   1.0000 101.0000
   4.000   0.0607   0.18871   0.04599  -0.0234   1.0000   1.0000   1.0000 101.0000
   4.500   0.0887   0.18946   0.04626  -0.0225   1.0000   1.0000   1.0000 101.0000
   5.000   0.1166   0.19038   0.04695  -0.0215   1.0000   1.0000   1.0000 101.0000
   5.500   0.1444   0.19147   0.04798  -0.0206   1.0000   1.0000   1.0000 101.0000
   6.000   0.1718   0.19272   0.04934  -0.0198   1.0000   1.0000   1.0000 101.0000
   6.500   0.1988   0.19413   0.05101  -0.0190   1.0000   1.0000   1.0000 101.0000
   7.000   0.2253   0.19570   0.05300  -0.0183   1.0000   1.0000   1.0000 101.0000
   7.500   0.2513   0.19741   0.05531  -0.0176   1.0000   1.0000   1.0000 101.0000
   8.000   0.2767   0.19927   0.05793  -0.0170   1.0000   1.0000   1.0000 101.0000
   8.500   0.3015   0.20127   0.06080  -0.0165   1.0000   1.0000   1.0000 101.0000
   9.000   0.3256   0.20341   0.06404  -0.0160   1.0000   1.0000   1.0000 101.0000
   9.500   0.3490   0.20569   0.06760  -0.0157   1.0000   1.0000   1.0000 101.0000
  10.000   0.3716   0.20810   0.07149  -0.0154   1.0000   1.0000   1.0000 101.0000
  10.500   0.3935   0.21063   0.07569  -0.0153   1.0000   1.0000   1.0000 101.0000
  11.000   0.4147   0.21329   0.08022  -0.0152   1.0000   1.0000   1.0000 101.0000
  11.500   0.4351   0.21607   0.08508  -0.0153   1.0000   1.0000   1.0000 101.0000
  12.000   0.4548   0.21896   0.09033  -0.0155   1.0000   1.0000   1.0000 101.0000
  12.500   0.4737   0.22196   0.09583  -0.0159   1.0000   1.0000   1.0000 101.0000
  13.000   0.4919   0.22504   0.10164  -0.0163   1.0000   1.0000   1.0000 101.0000
  13.500   0.5095   0.22822   0.10778  -0.0169   1.0000   1.0000   1.0000 101.0000
  14.000   0.5264   0.23149   0.11423  -0.0177   1.0000   1.0000   1.0000 101.0000
  14.500   0.5428   0.23483   0.12101  -0.0185   1.0000   1.0000   1.0000 101.0000
  15.000   0.5587   0.23824   0.12811  -0.0195   1.0000   1.0000   1.0000 101.0000
