  
       XFOIL         Version 6.99
  
 Calculated polar for: 003574                                          
  
 1 1 Reynolds number fixed          Mach number fixed         
  
 xtrf =   1.000 (top)        1.000 (bottom)  
 Mach =   0.100     Re =     0.001 e 6     Ncrit =   9.000  9.000
  
   alpha    CL        CD       CDp       CM     Top_Xtr  Bot_Xtr  Top_Itr  Bot_Itr
  ------ -------- --------- --------- -------- -------- -------- -------- --------
   2.000  -0.0990   0.18974   0.05367  -0.0395   1.0000   1.0000   1.0000 101.0000
   2.500  -0.0699   0.18959   0.05201  -0.0391   1.0000   1.0000   1.0000 101.0000
   3.000  -0.0401   0.18967   0.05094  -0.0388   1.0000   1.0000   1.0000 101.0000
   3.500  -0.0098   0.18994   0.05024  -0.0384   1.0000   1.0000   1.0000 101.0000
   4.000   0.0209   0.19041   0.04990  -0.0381   1.0000   1.0000   1.0000 101.0000
   4.500   0.0519   0.19106   0.04989  -0.0378   1.0000   1.0000   1.0000 101.0000
   5.000   0.0828   0.19188   0.05019  -0.0374   1.0000   1.0000   1.0000 101.0000
   5.500   0.1139   0.19286   0.05069  -0.0371   1.0000   1.0000   1.0000 101.0000
   6.000   0.1447   0.19400   0.05160  -0.0368   1.0000   1.0000   1.0000 101.0000
   6.500   0.1754   0.19530   0.05282  -0.0364   1.0000   1.0000   1.0000 101.0000
   7.000   0.2058   0.19673   0.05435  -0.0361   1.0000   1.0000   1.0000 101.0000
   7.500   0.2358   0.19831   0.05618  -0.0358   1.0000   1.0000   1.0000 101.0000
   8.000   0.2654   0.20002   0.05831  -0.0356   1.0000   1.0000   1.0000 101.0000
   8.500   0.2946   0.20187   0.06074  -0.0354   1.0000   1.0000   1.0000 101.0000
   9.000   0.3231   0.20384   0.06350  -0.0352   1.0000   1.0000   1.0000 101.0000
   9.500   0.3511   0.20594   0.06650  -0.0350   1.0000   1.0000   1.0000 101.0000
  10.000   0.3785   0.20816   0.06979  -0.0349   1.0000   1.0000   1.0000 101.0000
  10.500   0.4053   0.21050   0.07339  -0.0349   1.0000   1.0000   1.0000 101.0000
  11.000   0.4314   0.21296   0.07730  -0.0349   1.0000   1.0000   1.0000 101.0000
  11.500   0.4569   0.21553   0.08152  -0.0350   1.0000   1.0000   1.0000 101.0000
  12.000   0.4816   0.21822   0.08624  -0.0351   1.0000   1.0000   1.0000 101.0000
  12.500   0.5055   0.22103   0.09112  -0.0354   1.0000   1.0000   1.0000 101.0000
  13.000   0.5286   0.22397   0.09631  -0.0358   1.0000   1.0000   1.0000 101.0000
  13.500   0.5510   0.22703   0.10183  -0.0362   1.0000   1.0000   1.0000 101.0000
  14.000   0.5727   0.23018   0.10769  -0.0368   1.0000   1.0000   1.0000 101.0000
  14.500   0.5936   0.23344   0.11391  -0.0375   1.0000   1.0000   1.0000 101.0000
  15.000   0.6137   0.23680   0.12050  -0.0382   1.0000   1.0000   1.0000 101.0000
