  
       XFOIL         Version 6.99
  
 Calculated polar for: 003580                                          
  
 1 1 Reynolds number fixed          Mach number fixed         
  
 xtrf =   1.000 (top)        1.000 (bottom)  
 Mach =   0.100     Re =     0.001 e 6     Ncrit =   9.000  9.000
  
   alpha    CL        CD       CDp       CM     Top_Xtr  Bot_Xtr  Top_Itr  Bot_Itr
  ------ -------- --------- --------- -------- -------- -------- -------- --------
   2.000  -0.0942   0.19657   0.04799  -0.0384   1.0000   1.0000   1.0000 101.0000
   2.500  -0.0675   0.19645   0.04645  -0.0381   1.0000   1.0000   1.0000 101.0000
   3.000  -0.0402   0.19655   0.04521  -0.0378   1.0000   1.0000   1.0000 101.0000
   3.500  -0.0123   0.19685   0.04407  -0.0374   1.0000   1.0000   1.0000 101.0000
   4.000   0.0157   0.19735   0.04350  -0.0369   1.0000   1.0000   1.0000 101.0000
   4.500   0.0436   0.19803   0.04324  -0.0365   1.0000   1.0000   1.0000 101.0000
   5.000   0.0714   0.19888   0.04328  -0.0360   1.0000   1.0000   1.0000 101.0000
   5.500   0.0989   0.19989   0.04360  -0.0355   1.0000   1.0000   1.0000 101.0000
   6.000   0.1260   0.20105   0.04400  -0.0350   1.0000   1.0000   1.0000 101.0000
   6.500   0.1529   0.20234   0.04481  -0.0344   1.0000   1.0000   1.0000 101.0000
   7.000   0.1792   0.20377   0.04590  -0.0339   1.0000   1.0000   1.0000 101.0000
   7.500   0.2050   0.20533   0.04724  -0.0334   1.0000   1.0000   1.0000 101.0000
   8.000   0.2301   0.20700   0.04884  -0.0329   1.0000   1.0000   1.0000 101.0000
   8.500   0.2546   0.20879   0.05068  -0.0325   1.0000   1.0000   1.0000 101.0000
   9.000   0.2784   0.21070   0.05277  -0.0321   1.0000   1.0000   1.0000 101.0000
   9.500   0.3015   0.21275   0.05510  -0.0317   1.0000   1.0000   1.0000 101.0000
  10.000   0.3239   0.21493   0.05763  -0.0314   1.0000   1.0000   1.0000 101.0000
  10.500   0.3455   0.21722   0.06041  -0.0312   1.0000   1.0000   1.0000 101.0000
  11.000   0.3664   0.21961   0.06343  -0.0310   1.0000   1.0000   1.0000 101.0000
  11.500   0.3864   0.22209   0.06669  -0.0309   1.0000   1.0000   1.0000 101.0000
  12.000   0.4056   0.22468   0.07020  -0.0308   1.0000   1.0000   1.0000 101.0000
  12.500   0.4240   0.22736   0.07396  -0.0309   1.0000   1.0000   1.0000 101.0000
  13.000   0.4416   0.23013   0.07797  -0.0310   1.0000   1.0000   1.0000 101.0000
  13.500   0.4583   0.23297   0.08238  -0.0313   1.0000   1.0000   1.0000 101.0000
  14.000   0.4741   0.23590   0.08687  -0.0317   1.0000   1.0000   1.0000 101.0000
  14.500   0.4891   0.23890   0.09160  -0.0322   1.0000   1.0000   1.0000 101.0000
  15.000   0.5034   0.24200   0.09659  -0.0327   1.0000   1.0000   1.0000 101.0000
