  
       XFOIL         Version 6.99
  
 Calculated polar for: 003594                                          
  
 1 1 Reynolds number fixed          Mach number fixed         
  
 xtrf =   1.000 (top)        1.000 (bottom)  
 Mach =   0.100     Re =     0.001 e 6     Ncrit =   9.000  9.000
  
   alpha    CL        CD       CDp       CM     Top_Xtr  Bot_Xtr  Top_Itr  Bot_Itr
  ------ -------- --------- --------- -------- -------- -------- -------- --------
   2.000  -0.0908   0.19413   0.04010  -0.0261   1.0000   1.0000   1.0000 101.0000
   2.500  -0.0675   0.19383   0.03875  -0.0249   1.0000   1.0000   1.0000 101.0000
   3.000  -0.0436   0.19373   0.03768  -0.0237   1.0000   1.0000   1.0000 101.0000
   3.500  -0.0193   0.19383   0.03690  -0.0225   1.0000   1.0000   1.0000 101.0000
   4.000   0.0054   0.19411   0.03636  -0.0214   1.0000   1.0000   1.0000 101.0000
   4.500   0.0301   0.19457   0.03610  -0.0202   1.0000   1.0000   1.0000 101.0000
   5.000   0.0549   0.19519   0.03611  -0.0191   1.0000   1.0000   1.0000 101.0000
   5.500   0.0796   0.19598   0.03639  -0.0181   1.0000   1.0000   1.0000 101.0000
   6.000   0.1041   0.19693   0.03693  -0.0170   1.0000   1.0000   1.0000 101.0000
   6.500   0.1282   0.19803   0.03773  -0.0160   1.0000   1.0000   1.0000 101.0000
   7.000   0.1519   0.19928   0.03879  -0.0151   1.0000   1.0000   1.0000 101.0000
   7.500   0.1752   0.20067   0.04012  -0.0142   1.0000   1.0000   1.0000 101.0000
   8.000   0.1978   0.20220   0.04175  -0.0134   1.0000   1.0000   1.0000 101.0000
   8.500   0.2199   0.20386   0.04359  -0.0127   1.0000   1.0000   1.0000 101.0000
   9.000   0.2412   0.20565   0.04567  -0.0120   1.0000   1.0000   1.0000 101.0000
   9.500   0.2618   0.20756   0.04801  -0.0114   1.0000   1.0000   1.0000 101.0000
  10.000   0.2817   0.20960   0.05060  -0.0109   1.0000   1.0000   1.0000 101.0000
  10.500   0.3007   0.21176   0.05345  -0.0105   1.0000   1.0000   1.0000 101.0000
  11.000   0.3189   0.21402   0.05656  -0.0103   1.0000   1.0000   1.0000 101.0000
  11.500   0.3363   0.21640   0.05994  -0.0101   1.0000   1.0000   1.0000 101.0000
  12.500   0.3684   0.22153   0.06752  -0.0102   1.0000   1.0000   1.0000 101.0000
  13.000   0.3833   0.22427   0.07165  -0.0104   1.0000   1.0000   1.0000 101.0000
  13.500   0.3973   0.22711   0.07604  -0.0107   1.0000   1.0000   1.0000 101.0000
  14.000   0.4105   0.23004   0.08067  -0.0112   1.0000   1.0000   1.0000 101.0000
  14.500   0.4229   0.23302   0.08556  -0.0119   1.0000   1.0000   1.0000 101.0000
  15.000   0.4347   0.23608   0.09071  -0.0126   1.0000   1.0000   1.0000 101.0000
