  
       XFOIL         Version 6.99
  
 Calculated polar for: 003540                                          
  
 1 1 Reynolds number fixed          Mach number fixed         
  
 xtrf =   1.000 (top)        1.000 (bottom)  
 Mach =   0.100     Re =     0.001 e 6     Ncrit =   9.000  9.000
  
   alpha    CL        CD       CDp       CM     Top_Xtr  Bot_Xtr  Top_Itr  Bot_Itr
  ------ -------- --------- --------- -------- -------- -------- -------- --------
   2.000  -0.0934   0.19385   0.03941  -0.0250   1.0000   1.0000   1.0000 101.0000
   2.500  -0.0703   0.19351   0.03805  -0.0237   1.0000   1.0000   1.0000 101.0000
   3.000  -0.0466   0.19337   0.03698  -0.0225   1.0000   1.0000   1.0000 101.0000
   3.500  -0.0223   0.19343   0.03617  -0.0213   1.0000   1.0000   1.0000 101.0000
   4.000   0.0023   0.19367   0.03562  -0.0201   1.0000   1.0000   1.0000 101.0000
   4.500   0.0270   0.19408   0.03535  -0.0189   1.0000   1.0000   1.0000 101.0000
   5.000   0.0518   0.19467   0.03533  -0.0178   1.0000   1.0000   1.0000 101.0000
   5.500   0.0765   0.19542   0.03559  -0.0167   1.0000   1.0000   1.0000 101.0000
   6.000   0.1010   0.19634   0.03611  -0.0156   1.0000   1.0000   1.0000 101.0000
   6.500   0.1251   0.19741   0.03689  -0.0146   1.0000   1.0000   1.0000 101.0000
   7.000   0.1489   0.19862   0.03794  -0.0137   1.0000   1.0000   1.0000 101.0000
   7.500   0.1722   0.19999   0.03925  -0.0128   1.0000   1.0000   1.0000 101.0000
   8.000   0.1950   0.20149   0.04089  -0.0119   1.0000   1.0000   1.0000 101.0000
   8.500   0.2170   0.20313   0.04271  -0.0112   1.0000   1.0000   1.0000 101.0000
   9.000   0.2384   0.20491   0.04479  -0.0105   1.0000   1.0000   1.0000 101.0000
   9.500   0.2591   0.20681   0.04713  -0.0099   1.0000   1.0000   1.0000 101.0000
  10.000   0.2789   0.20884   0.04973  -0.0094   1.0000   1.0000   1.0000 101.0000
  10.500   0.2980   0.21099   0.05259  -0.0090   1.0000   1.0000   1.0000 101.0000
  11.000   0.3161   0.21326   0.05572  -0.0088   1.0000   1.0000   1.0000 101.0000
  11.500   0.3334   0.21564   0.05919  -0.0086   1.0000   1.0000   1.0000 101.0000
  12.000   0.3498   0.21812   0.06283  -0.0086   1.0000   1.0000   1.0000 101.0000
  12.500   0.3653   0.22076   0.06674  -0.0087   1.0000   1.0000   1.0000 101.0000
  13.000   0.3800   0.22352   0.07090  -0.0089   1.0000   1.0000   1.0000 101.0000
  13.500   0.3938   0.22637   0.07533  -0.0093   1.0000   1.0000   1.0000 101.0000
  14.000   0.4069   0.22931   0.08001  -0.0098   1.0000   1.0000   1.0000 101.0000
  14.500   0.4190   0.23232   0.08495  -0.0105   1.0000   1.0000   1.0000 101.0000
  15.000   0.4305   0.23539   0.09015  -0.0113   1.0000   1.0000   1.0000 101.0000
