  
       XFOIL         Version 6.99
  
 Calculated polar for: 003504                                          
  
 1 1 Reynolds number fixed          Mach number fixed         
  
 xtrf =   1.000 (top)        1.000 (bottom)  
 Mach =   0.100     Re =     0.001 e 6     Ncrit =   9.000  9.000
  
   alpha    CL        CD       CDp       CM     Top_Xtr  Bot_Xtr  Top_Itr  Bot_Itr
  ------ -------- --------- --------- -------- -------- -------- -------- --------
   2.000   0.1471   0.16616   0.03248  -0.0408   1.0000   1.0000   1.0000 101.0000
   2.500   0.1814   0.16679   0.03281  -0.0404   1.0000   1.0000   1.0000 101.0000
   3.000   0.2150   0.16767   0.03352  -0.0401   1.0000   1.0000   1.0000 101.0000
   3.500   0.2480   0.16878   0.03432  -0.0397   1.0000   1.0000   1.0000 101.0000
   4.000   0.2804   0.17012   0.03572  -0.0393   1.0000   1.0000   1.0000 101.0000
   4.500   0.3121   0.17169   0.03751  -0.0389   1.0000   1.0000   1.0000 101.0000
   5.000   0.3429   0.17347   0.03968  -0.0386   1.0000   1.0000   1.0000 101.0000
   5.500   0.3728   0.17548   0.04221  -0.0383   1.0000   1.0000   1.0000 101.0000
   6.000   0.4017   0.17769   0.04511  -0.0381   1.0000   1.0000   1.0000 101.0000
   6.500   0.4296   0.18010   0.04836  -0.0379   1.0000   1.0000   1.0000 101.0000
   7.000   0.4564   0.18269   0.05197  -0.0379   1.0000   1.0000   1.0000 101.0000
   7.500   0.4822   0.18547   0.05585  -0.0379   1.0000   1.0000   1.0000 101.0000
   8.000   0.5069   0.18844   0.06010  -0.0381   1.0000   1.0000   1.0000 101.0000
   8.500   0.5307   0.19160   0.06471  -0.0384   1.0000   1.0000   1.0000 101.0000
   9.000   0.5535   0.19494   0.06969  -0.0388   1.0000   1.0000   1.0000 101.0000
   9.500   0.5754   0.19845   0.07503  -0.0394   1.0000   1.0000   1.0000 101.0000
  10.000   0.5964   0.20213   0.08075  -0.0402   1.0000   1.0000   1.0000 101.0000
  10.500   0.6166   0.20597   0.08685  -0.0411   1.0000   1.0000   1.0000 101.0000
  11.000   0.6361   0.20996   0.09333  -0.0423   1.0000   1.0000   1.0000 101.0000
  11.500   0.6549   0.21410   0.10047  -0.0435   1.0000   1.0000   1.0000 101.0000
  12.000   0.6730   0.21835   0.10769  -0.0450   1.0000   1.0000   1.0000 101.0000
  12.500   0.6905   0.22272   0.11526  -0.0466   1.0000   1.0000   1.0000 101.0000
  13.000   0.7076   0.22721   0.12320  -0.0485   1.0000   1.0000   1.0000 101.0000
  13.500   0.7243   0.23179   0.13150  -0.0504   1.0000   1.0000   1.0000 101.0000
  14.000   0.7406   0.23645   0.14018  -0.0526   1.0000   1.0000   1.0000 101.0000
  14.500   0.7566   0.24120   0.14924  -0.0548   1.0000   1.0000   1.0000 101.0000
  15.000   0.7724   0.24601   0.15867  -0.0573   1.0000   1.0000   1.0000 101.0000
