  
       XFOIL         Version 6.99
  
 Calculated polar for: 003562                                          
  
 1 1 Reynolds number fixed          Mach number fixed         
  
 xtrf =   1.000 (top)        1.000 (bottom)  
 Mach =   0.100     Re =     0.001 e 6     Ncrit =   9.000  9.000
  
   alpha    CL        CD       CDp       CM     Top_Xtr  Bot_Xtr  Top_Itr  Bot_Itr
  ------ -------- --------- --------- -------- -------- -------- -------- --------
   2.000  -0.0496   0.19891   0.05162  -0.0327   1.0000   1.0000   1.0000 101.0000
   2.500  -0.0253   0.19916   0.05059  -0.0324   1.0000   1.0000   1.0000 101.0000
   3.000  -0.0005   0.19962   0.04970  -0.0320   1.0000   1.0000   1.0000 101.0000
   3.500   0.0246   0.20030   0.04933  -0.0316   1.0000   1.0000   1.0000 101.0000
   4.000   0.0497   0.20118   0.04929  -0.0311   1.0000   1.0000   1.0000 101.0000
   4.500   0.0747   0.20224   0.04958  -0.0307   1.0000   1.0000   1.0000 101.0000
   5.000   0.0994   0.20347   0.05016  -0.0303   1.0000   1.0000   1.0000 101.0000
   5.500   0.1238   0.20485   0.05104  -0.0299   1.0000   1.0000   1.0000 101.0000
   6.000   0.1477   0.20639   0.05218  -0.0295   1.0000   1.0000   1.0000 101.0000
   6.500   0.1712   0.20806   0.05358  -0.0291   1.0000   1.0000   1.0000 101.0000
   7.000   0.1942   0.20986   0.05502  -0.0287   1.0000   1.0000   1.0000 101.0000
   7.500   0.2167   0.21179   0.05694  -0.0284   1.0000   1.0000   1.0000 101.0000
   8.000   0.2385   0.21383   0.05911  -0.0281   1.0000   1.0000   1.0000 101.0000
   8.500   0.2596   0.21598   0.06152  -0.0279   1.0000   1.0000   1.0000 101.0000
   9.000   0.2800   0.21823   0.06418  -0.0277   1.0000   1.0000   1.0000 101.0000
   9.500   0.2998   0.22058   0.06706  -0.0276   1.0000   1.0000   1.0000 101.0000
  10.000   0.3189   0.22302   0.07016  -0.0275   1.0000   1.0000   1.0000 101.0000
  10.500   0.3374   0.22554   0.07335  -0.0275   1.0000   1.0000   1.0000 101.0000
  11.000   0.3552   0.22815   0.07686  -0.0276   1.0000   1.0000   1.0000 101.0000
  11.500   0.3724   0.23084   0.08059  -0.0278   1.0000   1.0000   1.0000 101.0000
  12.000   0.3890   0.23366   0.08453  -0.0281   1.0000   1.0000   1.0000 101.0000
  12.500   0.4050   0.23656   0.08870  -0.0284   1.0000   1.0000   1.0000 101.0000
  13.000   0.4204   0.23952   0.09309  -0.0288   1.0000   1.0000   1.0000 101.0000
  13.500   0.4353   0.24257   0.09769  -0.0294   1.0000   1.0000   1.0000 101.0000
  14.000   0.4496   0.24570   0.10251  -0.0300   1.0000   1.0000   1.0000 101.0000
  14.500   0.4633   0.24891   0.10758  -0.0307   1.0000   1.0000   1.0000 101.0000
  15.000   0.4766   0.25219   0.11277  -0.0315   1.0000   1.0000   1.0000 101.0000
