  
       XFOIL         Version 6.99
  
 Calculated polar for: 003597                                          
  
 1 1 Reynolds number fixed          Mach number fixed         
  
 xtrf =   1.000 (top)        1.000 (bottom)  
 Mach =   0.100     Re =     0.001 e 6     Ncrit =   9.000  9.000
  
   alpha    CL        CD       CDp       CM     Top_Xtr  Bot_Xtr  Top_Itr  Bot_Itr
  ------ -------- --------- --------- -------- -------- -------- -------- --------
   2.000  -0.0679   0.19824   0.04858  -0.0343   1.0000   1.0000   1.0000 101.0000
   2.500  -0.0424   0.19830   0.04731  -0.0338   1.0000   1.0000   1.0000 101.0000
   3.000  -0.0165   0.19858   0.04635  -0.0332   1.0000   1.0000   1.0000 101.0000
   3.500   0.0098   0.19904   0.04545  -0.0326   1.0000   1.0000   1.0000 101.0000
   4.000   0.0361   0.19970   0.04514  -0.0319   1.0000   1.0000   1.0000 101.0000
   4.500   0.0623   0.20053   0.04514  -0.0313   1.0000   1.0000   1.0000 101.0000
   5.000   0.0882   0.20152   0.04545  -0.0306   1.0000   1.0000   1.0000 101.0000
   5.500   0.1138   0.20267   0.04604  -0.0300   1.0000   1.0000   1.0000 101.0000
   6.000   0.1389   0.20396   0.04691  -0.0293   1.0000   1.0000   1.0000 101.0000
   6.500   0.1635   0.20539   0.04803  -0.0287   1.0000   1.0000   1.0000 101.0000
   7.000   0.1877   0.20694   0.04913  -0.0281   1.0000   1.0000   1.0000 101.0000
   7.500   0.2113   0.20861   0.05074  -0.0275   1.0000   1.0000   1.0000 101.0000
   8.000   0.2343   0.21041   0.05261  -0.0270   1.0000   1.0000   1.0000 101.0000
   8.500   0.2566   0.21231   0.05473  -0.0265   1.0000   1.0000   1.0000 101.0000
   9.000   0.2782   0.21432   0.05710  -0.0261   1.0000   1.0000   1.0000 101.0000
   9.500   0.2991   0.21644   0.05971  -0.0258   1.0000   1.0000   1.0000 101.0000
  10.000   0.3192   0.21864   0.06254  -0.0255   1.0000   1.0000   1.0000 101.0000
  10.500   0.3385   0.22094   0.06549  -0.0253   1.0000   1.0000   1.0000 101.0000
  11.000   0.3572   0.22338   0.06873  -0.0252   1.0000   1.0000   1.0000 101.0000
  11.500   0.3752   0.22594   0.07222  -0.0251   1.0000   1.0000   1.0000 101.0000
  12.000   0.3925   0.22859   0.07593  -0.0252   1.0000   1.0000   1.0000 101.0000
  12.500   0.4090   0.23131   0.07987  -0.0254   1.0000   1.0000   1.0000 101.0000
  13.000   0.4247   0.23410   0.08404  -0.0256   1.0000   1.0000   1.0000 101.0000
  13.500   0.4398   0.23696   0.08845  -0.0260   1.0000   1.0000   1.0000 101.0000
  14.000   0.4543   0.23990   0.09310  -0.0264   1.0000   1.0000   1.0000 101.0000
  14.500   0.4680   0.24292   0.09808  -0.0270   1.0000   1.0000   1.0000 101.0000
  15.000   0.4811   0.24603   0.10315  -0.0277   1.0000   1.0000   1.0000 101.0000
