  
       XFOIL         Version 6.99
  
 Calculated polar for: 003585                                          
  
 1 1 Reynolds number fixed          Mach number fixed         
  
 xtrf =   1.000 (top)        1.000 (bottom)  
 Mach =   0.100     Re =     0.001 e 6     Ncrit =   9.000  9.000
  
   alpha    CL        CD       CDp       CM     Top_Xtr  Bot_Xtr  Top_Itr  Bot_Itr
  ------ -------- --------- --------- -------- -------- -------- -------- --------
   2.000  -0.0537   0.19491   0.04193  -0.0274   1.0000   1.0000   1.0000 101.0000
   2.500  -0.0306   0.19501   0.04103  -0.0263   1.0000   1.0000   1.0000 101.0000
   3.000  -0.0071   0.19530   0.04043  -0.0251   1.0000   1.0000   1.0000 101.0000
   3.500   0.0165   0.19578   0.04010  -0.0240   1.0000   1.0000   1.0000 101.0000
   4.000   0.0402   0.19644   0.04004  -0.0229   1.0000   1.0000   1.0000 101.0000
   4.500   0.0638   0.19726   0.04024  -0.0218   1.0000   1.0000   1.0000 101.0000
   5.000   0.0874   0.19823   0.04058  -0.0208   1.0000   1.0000   1.0000 101.0000
   5.500   0.1106   0.19936   0.04127  -0.0198   1.0000   1.0000   1.0000 101.0000
   6.000   0.1335   0.20063   0.04220  -0.0188   1.0000   1.0000   1.0000 101.0000
   6.500   0.1560   0.20204   0.04339  -0.0179   1.0000   1.0000   1.0000 101.0000
   7.000   0.1780   0.20359   0.04481  -0.0170   1.0000   1.0000   1.0000 101.0000
   7.500   0.1994   0.20526   0.04647  -0.0162   1.0000   1.0000   1.0000 101.0000
   8.000   0.2203   0.20705   0.04836  -0.0155   1.0000   1.0000   1.0000 101.0000
   8.500   0.2407   0.20896   0.05049  -0.0149   1.0000   1.0000   1.0000 101.0000
   9.000   0.2603   0.21099   0.05285  -0.0143   1.0000   1.0000   1.0000 101.0000
   9.500   0.2794   0.21311   0.05541  -0.0138   1.0000   1.0000   1.0000 101.0000
  10.000   0.2978   0.21534   0.05820  -0.0134   1.0000   1.0000   1.0000 101.0000
  10.500   0.3155   0.21767   0.06122  -0.0132   1.0000   1.0000   1.0000 101.0000
  11.000   0.3326   0.22009   0.06446  -0.0130   1.0000   1.0000   1.0000 101.0000
  11.500   0.3491   0.22260   0.06793  -0.0129   1.0000   1.0000   1.0000 101.0000
  12.000   0.3648   0.22520   0.07162  -0.0129   1.0000   1.0000   1.0000 101.0000
  12.500   0.3800   0.22788   0.07565  -0.0130   1.0000   1.0000   1.0000 101.0000
  13.000   0.3944   0.23065   0.07979  -0.0133   1.0000   1.0000   1.0000 101.0000
  13.500   0.4083   0.23355   0.08415  -0.0137   1.0000   1.0000   1.0000 101.0000
  14.000   0.4216   0.23651   0.08872  -0.0142   1.0000   1.0000   1.0000 101.0000
  14.500   0.4344   0.23955   0.09353  -0.0148   1.0000   1.0000   1.0000 101.0000
  15.000   0.4467   0.24267   0.09857  -0.0156   1.0000   1.0000   1.0000 101.0000
