  
       XFOIL         Version 6.99
  
 Calculated polar for: 003599                                          
  
 1 1 Reynolds number fixed          Mach number fixed         
  
 xtrf =   1.000 (top)        1.000 (bottom)  
 Mach =   0.100     Re =     0.001 e 6     Ncrit =   9.000  9.000
  
   alpha    CL        CD       CDp       CM     Top_Xtr  Bot_Xtr  Top_Itr  Bot_Itr
  ------ -------- --------- --------- -------- -------- -------- -------- --------
   2.000  -0.0740   0.18884   0.05742  -0.0479   1.0000   1.0000   1.0000 101.0000
   2.500  -0.0427   0.18890   0.05602  -0.0481   1.0000   1.0000   1.0000 101.0000
   3.000  -0.0108   0.18916   0.05477  -0.0482   1.0000   1.0000   1.0000 101.0000
   3.500   0.0216   0.18964   0.05411  -0.0483   1.0000   1.0000   1.0000 101.0000
   4.000   0.0541   0.19031   0.05387  -0.0483   1.0000   1.0000   1.0000 101.0000
   4.500   0.0867   0.19116   0.05399  -0.0483   1.0000   1.0000   1.0000 101.0000
   5.000   0.1191   0.19218   0.05445  -0.0483   1.0000   1.0000   1.0000 101.0000
   5.500   0.1513   0.19336   0.05524  -0.0482   1.0000   1.0000   1.0000 101.0000
   6.000   0.1832   0.19469   0.05615  -0.0482   1.0000   1.0000   1.0000 101.0000
   6.500   0.2149   0.19617   0.05754  -0.0481   1.0000   1.0000   1.0000 101.0000
   7.000   0.2462   0.19779   0.05925  -0.0480   1.0000   1.0000   1.0000 101.0000
   7.500   0.2770   0.19953   0.06127  -0.0479   1.0000   1.0000   1.0000 101.0000
   8.000   0.3073   0.20142   0.06360  -0.0478   1.0000   1.0000   1.0000 101.0000
   8.500   0.3371   0.20348   0.06622  -0.0477   1.0000   1.0000   1.0000 101.0000
   9.000   0.3663   0.20566   0.06913  -0.0477   1.0000   1.0000   1.0000 101.0000
   9.500   0.3949   0.20795   0.07232  -0.0477   1.0000   1.0000   1.0000 101.0000
  10.000   0.4229   0.21036   0.07579  -0.0478   1.0000   1.0000   1.0000 101.0000
  10.500   0.4503   0.21288   0.07955  -0.0479   1.0000   1.0000   1.0000 101.0000
  11.000   0.4770   0.21551   0.08361  -0.0480   1.0000   1.0000   1.0000 101.0000
  11.500   0.5031   0.21825   0.08799  -0.0483   1.0000   1.0000   1.0000 101.0000
  12.000   0.5285   0.22109   0.09267  -0.0486   1.0000   1.0000   1.0000 101.0000
  12.500   0.5532   0.22404   0.09768  -0.0489   1.0000   1.0000   1.0000 101.0000
  13.000   0.5772   0.22710   0.10318  -0.0494   1.0000   1.0000   1.0000 101.0000
  13.500   0.6004   0.23026   0.10882  -0.0499   1.0000   1.0000   1.0000 101.0000
  14.000   0.6229   0.23351   0.11478  -0.0506   1.0000   1.0000   1.0000 101.0000
  14.500   0.6446   0.23686   0.12107  -0.0514   1.0000   1.0000   1.0000 101.0000
  15.000   0.6657   0.24032   0.12772  -0.0523   1.0000   1.0000   1.0000 101.0000
