  
       XFOIL         Version 6.99
  
 Calculated polar for: 003576                                          
  
 1 1 Reynolds number fixed          Mach number fixed         
  
 xtrf =   1.000 (top)        1.000 (bottom)  
 Mach =   0.100     Re =     0.001 e 6     Ncrit =   9.000  9.000
  
   alpha    CL        CD       CDp       CM     Top_Xtr  Bot_Xtr  Top_Itr  Bot_Itr
  ------ -------- --------- --------- -------- -------- -------- -------- --------
   2.000  -0.0826   0.19468   0.05893  -0.0372   1.0000   1.0000   1.0000 101.0000
   2.500  -0.0558   0.19473   0.05777  -0.0365   1.0000   1.0000   1.0000 101.0000
   3.000  -0.0281   0.19497   0.05676  -0.0357   1.0000   1.0000   1.0000 101.0000
   3.500  -0.0002   0.19540   0.05629  -0.0349   1.0000   1.0000   1.0000 101.0000
   4.000   0.0279   0.19599   0.05616  -0.0341   1.0000   1.0000   1.0000 101.0000
   4.500   0.0561   0.19675   0.05635  -0.0333   1.0000   1.0000   1.0000 101.0000
   5.000   0.0844   0.19767   0.05684  -0.0326   1.0000   1.0000   1.0000 101.0000
   5.500   0.1125   0.19873   0.05761  -0.0318   1.0000   1.0000   1.0000 101.0000
   6.000   0.1405   0.19992   0.05854  -0.0311   1.0000   1.0000   1.0000 101.0000
   6.500   0.1683   0.20125   0.05988  -0.0304   1.0000   1.0000   1.0000 101.0000
   7.000   0.1959   0.20271   0.06150  -0.0298   1.0000   1.0000   1.0000 101.0000
   7.500   0.2231   0.20430   0.06340  -0.0291   1.0000   1.0000   1.0000 101.0000
   8.000   0.2499   0.20600   0.06558  -0.0285   1.0000   1.0000   1.0000 101.0000
   8.500   0.2763   0.20782   0.06803  -0.0280   1.0000   1.0000   1.0000 101.0000
   9.000   0.3023   0.20975   0.07076  -0.0275   1.0000   1.0000   1.0000 101.0000
   9.500   0.3278   0.21179   0.07373  -0.0271   1.0000   1.0000   1.0000 101.0000
  10.000   0.3528   0.21393   0.07697  -0.0267   1.0000   1.0000   1.0000 101.0000
  10.500   0.3773   0.21617   0.08049  -0.0264   1.0000   1.0000   1.0000 101.0000
  11.000   0.4013   0.21852   0.08428  -0.0262   1.0000   1.0000   1.0000 101.0000
  11.500   0.4248   0.22096   0.08834  -0.0260   1.0000   1.0000   1.0000 101.0000
  12.000   0.4477   0.22349   0.09269  -0.0259   1.0000   1.0000   1.0000 101.0000
  12.500   0.4701   0.22612   0.09733  -0.0260   1.0000   1.0000   1.0000 101.0000
  13.000   0.4919   0.22884   0.10236  -0.0261   1.0000   1.0000   1.0000 101.0000
  13.500   0.5131   0.23164   0.10756  -0.0263   1.0000   1.0000   1.0000 101.0000
  14.000   0.5337   0.23453   0.11304  -0.0266   1.0000   1.0000   1.0000 101.0000
  14.500   0.5538   0.23749   0.11882  -0.0270   1.0000   1.0000   1.0000 101.0000
  15.000   0.5733   0.24054   0.12490  -0.0275   1.0000   1.0000   1.0000 101.0000
