  
       XFOIL         Version 6.99
  
 Calculated polar for: 003523                                          
  
 1 1 Reynolds number fixed          Mach number fixed         
  
 xtrf =   1.000 (top)        1.000 (bottom)  
 Mach =   0.100     Re =     0.001 e 6     Ncrit =   9.000  9.000
  
   alpha    CL        CD       CDp       CM     Top_Xtr  Bot_Xtr  Top_Itr  Bot_Itr
  ------ -------- --------- --------- -------- -------- -------- -------- --------
   2.000  -0.0755   0.19146   0.05771  -0.0364   1.0000   1.0000   1.0000 101.0000
   2.500  -0.0478   0.19139   0.05635  -0.0362   1.0000   1.0000   1.0000 101.0000
   3.000  -0.0191   0.19153   0.05521  -0.0360   1.0000   1.0000   1.0000 101.0000
   3.500   0.0101   0.19190   0.05465  -0.0357   1.0000   1.0000   1.0000 101.0000
   4.000   0.0396   0.19246   0.05448  -0.0355   1.0000   1.0000   1.0000 101.0000
   4.500   0.0693   0.19322   0.05468  -0.0353   1.0000   1.0000   1.0000 101.0000
   5.000   0.0991   0.19417   0.05523  -0.0351   1.0000   1.0000   1.0000 101.0000
   5.500   0.1287   0.19528   0.05613  -0.0349   1.0000   1.0000   1.0000 101.0000
   6.000   0.1582   0.19657   0.05737  -0.0347   1.0000   1.0000   1.0000 101.0000
   6.500   0.1875   0.19800   0.05873  -0.0346   1.0000   1.0000   1.0000 101.0000
   7.000   0.2164   0.19959   0.06062  -0.0345   1.0000   1.0000   1.0000 101.0000
   7.500   0.2449   0.20133   0.06285  -0.0344   1.0000   1.0000   1.0000 101.0000
   8.000   0.2729   0.20321   0.06541  -0.0343   1.0000   1.0000   1.0000 101.0000
   8.500   0.3003   0.20523   0.06829  -0.0343   1.0000   1.0000   1.0000 101.0000
   9.000   0.3272   0.20738   0.07149  -0.0344   1.0000   1.0000   1.0000 101.0000
   9.500   0.3534   0.20965   0.07499  -0.0345   1.0000   1.0000   1.0000 101.0000
  10.000   0.3791   0.21204   0.07870  -0.0346   1.0000   1.0000   1.0000 101.0000
  10.500   0.4041   0.21455   0.08279  -0.0349   1.0000   1.0000   1.0000 101.0000
  11.000   0.4284   0.21720   0.08721  -0.0352   1.0000   1.0000   1.0000 101.0000
  11.500   0.4521   0.21999   0.09195  -0.0356   1.0000   1.0000   1.0000 101.0000
  12.000   0.4751   0.22288   0.09701  -0.0361   1.0000   1.0000   1.0000 101.0000
  12.500   0.4974   0.22587   0.10240  -0.0367   1.0000   1.0000   1.0000 101.0000
  13.000   0.5190   0.22895   0.10810  -0.0374   1.0000   1.0000   1.0000 101.0000
  13.500   0.5399   0.23213   0.11421  -0.0382   1.0000   1.0000   1.0000 101.0000
  14.000   0.5602   0.23539   0.12054  -0.0391   1.0000   1.0000   1.0000 101.0000
  14.500   0.5798   0.23873   0.12719  -0.0401   1.0000   1.0000   1.0000 101.0000
  15.000   0.5988   0.24215   0.13416  -0.0412   1.0000   1.0000   1.0000 101.0000
