  
       XFOIL         Version 6.99
  
 Calculated polar for: 003520                                          
  
 1 1 Reynolds number fixed          Mach number fixed         
  
 xtrf =   1.000 (top)        1.000 (bottom)  
 Mach =   0.100     Re =     0.001 e 6     Ncrit =   9.000  9.000
  
   alpha    CL        CD       CDp       CM     Top_Xtr  Bot_Xtr  Top_Itr  Bot_Itr
  ------ -------- --------- --------- -------- -------- -------- -------- --------
   2.000  -0.0829   0.18681   0.04775  -0.0325   1.0000   1.0000   1.0000 101.0000
   2.500  -0.0556   0.18666   0.04651  -0.0316   1.0000   1.0000   1.0000 101.0000
   3.000  -0.0277   0.18670   0.04561  -0.0307   1.0000   1.0000   1.0000 101.0000
   3.500   0.0007   0.18694   0.04504  -0.0299   1.0000   1.0000   1.0000 101.0000
   4.000   0.0295   0.18735   0.04477  -0.0291   1.0000   1.0000   1.0000 101.0000
   4.500   0.0585   0.18793   0.04476  -0.0283   1.0000   1.0000   1.0000 101.0000
   5.000   0.0875   0.18868   0.04510  -0.0275   1.0000   1.0000   1.0000 101.0000
   5.500   0.1166   0.18960   0.04575  -0.0268   1.0000   1.0000   1.0000 101.0000
   6.000   0.1455   0.19067   0.04671  -0.0261   1.0000   1.0000   1.0000 101.0000
   6.500   0.1743   0.19190   0.04797  -0.0254   1.0000   1.0000   1.0000 101.0000
   7.000   0.2027   0.19328   0.04953  -0.0248   1.0000   1.0000   1.0000 101.0000
   7.500   0.2308   0.19480   0.05140  -0.0242   1.0000   1.0000   1.0000 101.0000
   8.000   0.2585   0.19647   0.05365  -0.0237   1.0000   1.0000   1.0000 101.0000
   8.500   0.2857   0.19828   0.05611  -0.0233   1.0000   1.0000   1.0000 101.0000
   9.000   0.3123   0.20022   0.05888  -0.0229   1.0000   1.0000   1.0000 101.0000
   9.500   0.3385   0.20231   0.06196  -0.0226   1.0000   1.0000   1.0000 101.0000
  10.000   0.3640   0.20452   0.06535  -0.0224   1.0000   1.0000   1.0000 101.0000
  10.500   0.3888   0.20687   0.06906  -0.0222   1.0000   1.0000   1.0000 101.0000
  11.000   0.4130   0.20934   0.07310  -0.0222   1.0000   1.0000   1.0000 101.0000
  11.500   0.4365   0.21195   0.07759  -0.0222   1.0000   1.0000   1.0000 101.0000
  12.000   0.4591   0.21467   0.08229  -0.0224   1.0000   1.0000   1.0000 101.0000
  12.500   0.4811   0.21755   0.08731  -0.0226   1.0000   1.0000   1.0000 101.0000
  13.000   0.5024   0.22055   0.09267  -0.0230   1.0000   1.0000   1.0000 101.0000
  13.500   0.5229   0.22367   0.09838  -0.0236   1.0000   1.0000   1.0000 101.0000
  14.000   0.5426   0.22690   0.10445  -0.0242   1.0000   1.0000   1.0000 101.0000
  14.500   0.5616   0.23023   0.11089  -0.0250   1.0000   1.0000   1.0000 101.0000
  15.000   0.5799   0.23366   0.11770  -0.0259   1.0000   1.0000   1.0000 101.0000
