  
       XFOIL         Version 6.99
  
 Calculated polar for: 003558                                          
  
 1 1 Reynolds number fixed          Mach number fixed         
  
 xtrf =   1.000 (top)        1.000 (bottom)  
 Mach =   0.100     Re =     0.001 e 6     Ncrit =   9.000  9.000
  
   alpha    CL        CD       CDp       CM     Top_Xtr  Bot_Xtr  Top_Itr  Bot_Itr
  ------ -------- --------- --------- -------- -------- -------- -------- --------
   2.000  -0.0742   0.18726   0.04614  -0.0303   1.0000   1.0000   1.0000 101.0000
   2.500  -0.0472   0.18718   0.04508  -0.0292   1.0000   1.0000   1.0000 101.0000
   3.000  -0.0197   0.18728   0.04435  -0.0281   1.0000   1.0000   1.0000 101.0000
   3.500   0.0083   0.18757   0.04394  -0.0271   1.0000   1.0000   1.0000 101.0000
   4.000   0.0364   0.18802   0.04383  -0.0261   1.0000   1.0000   1.0000 101.0000
   4.500   0.0647   0.18865   0.04392  -0.0251   1.0000   1.0000   1.0000 101.0000
   5.000   0.0931   0.18943   0.04438  -0.0242   1.0000   1.0000   1.0000 101.0000
   5.500   0.1213   0.19037   0.04513  -0.0233   1.0000   1.0000   1.0000 101.0000
   6.000   0.1495   0.19147   0.04618  -0.0225   1.0000   1.0000   1.0000 101.0000
   6.500   0.1774   0.19271   0.04753  -0.0216   1.0000   1.0000   1.0000 101.0000
   7.000   0.2049   0.19410   0.04917  -0.0209   1.0000   1.0000   1.0000 101.0000
   7.500   0.2321   0.19563   0.05110  -0.0202   1.0000   1.0000   1.0000 101.0000
   8.000   0.2589   0.19730   0.05339  -0.0195   1.0000   1.0000   1.0000 101.0000
   8.500   0.2851   0.19911   0.05590  -0.0190   1.0000   1.0000   1.0000 101.0000
   9.000   0.3108   0.20105   0.05868  -0.0185   1.0000   1.0000   1.0000 101.0000
   9.500   0.3359   0.20312   0.06176  -0.0180   1.0000   1.0000   1.0000 101.0000
  10.000   0.3605   0.20533   0.06515  -0.0177   1.0000   1.0000   1.0000 101.0000
  10.500   0.3844   0.20766   0.06884  -0.0174   1.0000   1.0000   1.0000 101.0000
  11.000   0.4076   0.21011   0.07286  -0.0173   1.0000   1.0000   1.0000 101.0000
  11.500   0.4301   0.21269   0.07737  -0.0172   1.0000   1.0000   1.0000 101.0000
  12.000   0.4519   0.21538   0.08203  -0.0173   1.0000   1.0000   1.0000 101.0000
  12.500   0.4729   0.21818   0.08700  -0.0175   1.0000   1.0000   1.0000 101.0000
  13.000   0.4932   0.22109   0.09229  -0.0178   1.0000   1.0000   1.0000 101.0000
  13.500   0.5129   0.22411   0.09792  -0.0182   1.0000   1.0000   1.0000 101.0000
  14.000   0.5318   0.22724   0.10389  -0.0187   1.0000   1.0000   1.0000 101.0000
  14.500   0.5500   0.23046   0.11022  -0.0194   1.0000   1.0000   1.0000 101.0000
  15.000   0.5676   0.23377   0.11691  -0.0202   1.0000   1.0000   1.0000 101.0000
