  
       XFOIL         Version 6.99
  
 Calculated polar for: 003514                                          
  
 1 1 Reynolds number fixed          Mach number fixed         
  
 xtrf =   1.000 (top)        1.000 (bottom)  
 Mach =   0.100     Re =     0.001 e 6     Ncrit =   9.000  9.000
  
   alpha    CL        CD       CDp       CM     Top_Xtr  Bot_Xtr  Top_Itr  Bot_Itr
  ------ -------- --------- --------- -------- -------- -------- -------- --------
   2.000  -0.0889   0.19375   0.05645  -0.0332   1.0000   1.0000   1.0000 101.0000
   2.500  -0.0634   0.19366   0.05508  -0.0322   1.0000   1.0000   1.0000 101.0000
   3.000  -0.0373   0.19377   0.05419  -0.0312   1.0000   1.0000   1.0000 101.0000
   3.500  -0.0109   0.19407   0.05363  -0.0302   1.0000   1.0000   1.0000 101.0000
   4.000   0.0159   0.19454   0.05339  -0.0292   1.0000   1.0000   1.0000 101.0000
   4.500   0.0428   0.19517   0.05345  -0.0282   1.0000   1.0000   1.0000 101.0000
   5.000   0.0698   0.19596   0.05373  -0.0273   1.0000   1.0000   1.0000 101.0000
   5.500   0.0967   0.19690   0.05437  -0.0264   1.0000   1.0000   1.0000 101.0000
   6.000   0.1236   0.19798   0.05530  -0.0255   1.0000   1.0000   1.0000 101.0000
   6.500   0.1503   0.19921   0.05653  -0.0247   1.0000   1.0000   1.0000 101.0000
   7.000   0.1768   0.20056   0.05803  -0.0239   1.0000   1.0000   1.0000 101.0000
   7.500   0.2030   0.20205   0.05982  -0.0232   1.0000   1.0000   1.0000 101.0000
   8.000   0.2288   0.20366   0.06189  -0.0225   1.0000   1.0000   1.0000 101.0000
   8.500   0.2543   0.20539   0.06424  -0.0218   1.0000   1.0000   1.0000 101.0000
   9.000   0.2793   0.20724   0.06687  -0.0213   1.0000   1.0000   1.0000 101.0000
   9.500   0.3039   0.20921   0.06976  -0.0208   1.0000   1.0000   1.0000 101.0000
  10.000   0.3280   0.21128   0.07293  -0.0203   1.0000   1.0000   1.0000 101.0000
  10.500   0.3517   0.21347   0.07638  -0.0200   1.0000   1.0000   1.0000 101.0000
  11.000   0.3748   0.21575   0.08011  -0.0197   1.0000   1.0000   1.0000 101.0000
  11.500   0.3974   0.21814   0.08413  -0.0195   1.0000   1.0000   1.0000 101.0000
  12.000   0.4195   0.22063   0.08843  -0.0194   1.0000   1.0000   1.0000 101.0000
  12.500   0.4410   0.22321   0.09309  -0.0194   1.0000   1.0000   1.0000 101.0000
  13.000   0.4619   0.22588   0.09796  -0.0196   1.0000   1.0000   1.0000 101.0000
  13.500   0.4823   0.22864   0.10312  -0.0198   1.0000   1.0000   1.0000 101.0000
  14.000   0.5022   0.23148   0.10857  -0.0201   1.0000   1.0000   1.0000 101.0000
  14.500   0.5215   0.23441   0.11432  -0.0205   1.0000   1.0000   1.0000 101.0000
  15.000   0.5402   0.23742   0.12038  -0.0211   1.0000   1.0000   1.0000 101.0000
