  
       XFOIL         Version 6.99
  
 Calculated polar for: 003583                                          
  
 1 1 Reynolds number fixed          Mach number fixed         
  
 xtrf =   1.000 (top)        1.000 (bottom)  
 Mach =   0.100     Re =     0.001 e 6     Ncrit =   9.000  9.000
  
   alpha    CL        CD       CDp       CM     Top_Xtr  Bot_Xtr  Top_Itr  Bot_Itr
  ------ -------- --------- --------- -------- -------- -------- -------- --------
   2.000  -0.0430   0.18742   0.05168  -0.0367   1.0000   1.0000   1.0000 101.0000
   2.500  -0.0149   0.18756   0.05068  -0.0361   1.0000   1.0000   1.0000 101.0000
   3.000   0.0136   0.18791   0.05005  -0.0355   1.0000   1.0000   1.0000 101.0000
   3.500   0.0424   0.18845   0.04976  -0.0349   1.0000   1.0000   1.0000 101.0000
   4.000   0.0713   0.18917   0.04982  -0.0343   1.0000   1.0000   1.0000 101.0000
   4.500   0.1002   0.19007   0.05013  -0.0337   1.0000   1.0000   1.0000 101.0000
   5.000   0.1289   0.19114   0.05082  -0.0331   1.0000   1.0000   1.0000 101.0000
   5.500   0.1575   0.19236   0.05184  -0.0325   1.0000   1.0000   1.0000 101.0000
   6.000   0.1857   0.19375   0.05318  -0.0319   1.0000   1.0000   1.0000 101.0000
   6.500   0.2135   0.19528   0.05483  -0.0314   1.0000   1.0000   1.0000 101.0000
   7.000   0.2409   0.19695   0.05679  -0.0309   1.0000   1.0000   1.0000 101.0000
   7.500   0.2677   0.19876   0.05905  -0.0304   1.0000   1.0000   1.0000 101.0000
   8.000   0.2941   0.20071   0.06161  -0.0299   1.0000   1.0000   1.0000 101.0000
   8.500   0.3198   0.20278   0.06447  -0.0296   1.0000   1.0000   1.0000 101.0000
   9.000   0.3450   0.20498   0.06761  -0.0292   1.0000   1.0000   1.0000 101.0000
   9.500   0.3696   0.20730   0.07106  -0.0290   1.0000   1.0000   1.0000 101.0000
  10.000   0.3936   0.20973   0.07480  -0.0288   1.0000   1.0000   1.0000 101.0000
  10.500   0.4170   0.21228   0.07884  -0.0287   1.0000   1.0000   1.0000 101.0000
  11.000   0.4397   0.21494   0.08318  -0.0287   1.0000   1.0000   1.0000 101.0000
  11.500   0.4618   0.21769   0.08782  -0.0288   1.0000   1.0000   1.0000 101.0000
  12.000   0.4833   0.22055   0.09277  -0.0289   1.0000   1.0000   1.0000 101.0000
  12.500   0.5042   0.22350   0.09807  -0.0292   1.0000   1.0000   1.0000 101.0000
  13.000   0.5244   0.22654   0.10360  -0.0296   1.0000   1.0000   1.0000 101.0000
  13.500   0.5441   0.22967   0.10944  -0.0301   1.0000   1.0000   1.0000 101.0000
  14.000   0.5632   0.23288   0.11558  -0.0307   1.0000   1.0000   1.0000 101.0000
  14.500   0.5818   0.23616   0.12204  -0.0314   1.0000   1.0000   1.0000 101.0000
  15.000   0.5998   0.23952   0.12881  -0.0323   1.0000   1.0000   1.0000 101.0000
