  
       XFOIL         Version 6.99
  
 Calculated polar for: 003500                                          
  
 1 1 Reynolds number fixed          Mach number fixed         
  
 xtrf =   1.000 (top)        1.000 (bottom)  
 Mach =   0.100     Re =     0.001 e 6     Ncrit =   9.000  9.000
  
   alpha    CL        CD       CDp       CM     Top_Xtr  Bot_Xtr  Top_Itr  Bot_Itr
  ------ -------- --------- --------- -------- -------- -------- -------- --------
   2.000   0.0196   0.18580   0.03789  -0.0361   1.0000   1.0000   1.0000 101.0000
   2.500   0.0481   0.18633   0.03689  -0.0355   1.0000   1.0000   1.0000 101.0000
   3.000   0.0764   0.18707   0.03668  -0.0349   1.0000   1.0000   1.0000 101.0000
   3.500   0.1046   0.18802   0.03680  -0.0343   1.0000   1.0000   1.0000 101.0000
   4.000   0.1324   0.18916   0.03726  -0.0337   1.0000   1.0000   1.0000 101.0000
   4.500   0.1598   0.19047   0.03802  -0.0332   1.0000   1.0000   1.0000 101.0000
   5.000   0.1867   0.19197   0.03908  -0.0326   1.0000   1.0000   1.0000 101.0000
   5.500   0.2129   0.19363   0.04042  -0.0321   1.0000   1.0000   1.0000 101.0000
   6.000   0.2384   0.19545   0.04203  -0.0316   1.0000   1.0000   1.0000 101.0000
   6.500   0.2634   0.19743   0.04350  -0.0312   1.0000   1.0000   1.0000 101.0000
   7.000   0.2877   0.19962   0.04563  -0.0308   1.0000   1.0000   1.0000 101.0000
   7.500   0.3111   0.20196   0.04805  -0.0305   1.0000   1.0000   1.0000 101.0000
   8.000   0.3338   0.20445   0.05076  -0.0302   1.0000   1.0000   1.0000 101.0000
   8.500   0.3555   0.20709   0.05374  -0.0301   1.0000   1.0000   1.0000 101.0000
   9.000   0.3762   0.20986   0.05698  -0.0300   1.0000   1.0000   1.0000 101.0000
   9.500   0.3961   0.21277   0.06042  -0.0301   1.0000   1.0000   1.0000 101.0000
  10.000   0.4150   0.21581   0.06410  -0.0302   1.0000   1.0000   1.0000 101.0000
  10.500   0.4331   0.21898   0.06804  -0.0305   1.0000   1.0000   1.0000 101.0000
  11.000   0.4503   0.22227   0.07222  -0.0309   1.0000   1.0000   1.0000 101.0000
  11.500   0.4666   0.22569   0.07667  -0.0314   1.0000   1.0000   1.0000 101.0000
  12.000   0.4821   0.22922   0.08139  -0.0320   1.0000   1.0000   1.0000 101.0000
  12.500   0.4967   0.23286   0.08637  -0.0328   1.0000   1.0000   1.0000 101.0000
  13.000   0.5106   0.23661   0.09162  -0.0336   1.0000   1.0000   1.0000 101.0000
  13.500   0.5237   0.24044   0.09741  -0.0346   1.0000   1.0000   1.0000 101.0000
  14.000   0.5361   0.24436   0.10314  -0.0358   1.0000   1.0000   1.0000 101.0000
  14.500   0.5479   0.24838   0.10910  -0.0371   1.0000   1.0000   1.0000 101.0000
  15.000   0.5592   0.25250   0.11530  -0.0385   1.0000   1.0000   1.0000 101.0000
