  
       XFOIL         Version 6.99
  
 Calculated polar for: 003571                                          
  
 1 1 Reynolds number fixed          Mach number fixed         
  
 xtrf =   1.000 (top)        1.000 (bottom)  
 Mach =   0.100     Re =     0.001 e 6     Ncrit =   9.000  9.000
  
   alpha    CL        CD       CDp       CM     Top_Xtr  Bot_Xtr  Top_Itr  Bot_Itr
  ------ -------- --------- --------- -------- -------- -------- -------- --------
   2.000  -0.0628   0.19705   0.04101  -0.0238   1.0000   1.0000   1.0000 101.0000
   2.500  -0.0408   0.19709   0.04018  -0.0223   1.0000   1.0000   1.0000 101.0000
   3.000  -0.0184   0.19730   0.03962  -0.0208   1.0000   1.0000   1.0000 101.0000
   3.500   0.0043   0.19768   0.03931  -0.0194   1.0000   1.0000   1.0000 101.0000
   4.000   0.0270   0.19822   0.03926  -0.0180   1.0000   1.0000   1.0000 101.0000
   4.500   0.0496   0.19891   0.03944  -0.0167   1.0000   1.0000   1.0000 101.0000
   5.000   0.0722   0.19975   0.03971  -0.0154   1.0000   1.0000   1.0000 101.0000
   5.500   0.0947   0.20074   0.04032  -0.0142   1.0000   1.0000   1.0000 101.0000
   6.000   0.1168   0.20186   0.04117  -0.0130   1.0000   1.0000   1.0000 101.0000
   6.500   0.1387   0.20311   0.04225  -0.0118   1.0000   1.0000   1.0000 101.0000
   7.000   0.1601   0.20448   0.04355  -0.0108   1.0000   1.0000   1.0000 101.0000
   7.500   0.1812   0.20598   0.04508  -0.0098   1.0000   1.0000   1.0000 101.0000
   8.000   0.2017   0.20760   0.04682  -0.0089   1.0000   1.0000   1.0000 101.0000
   8.500   0.2217   0.20932   0.04879  -0.0081   1.0000   1.0000   1.0000 101.0000
   9.000   0.2411   0.21116   0.05100  -0.0073   1.0000   1.0000   1.0000 101.0000
   9.500   0.2599   0.21310   0.05338  -0.0067   1.0000   1.0000   1.0000 101.0000
  10.000   0.2781   0.21515   0.05597  -0.0062   1.0000   1.0000   1.0000 101.0000
  10.500   0.2957   0.21729   0.05879  -0.0057   1.0000   1.0000   1.0000 101.0000
  11.000   0.3127   0.21952   0.06182  -0.0054   1.0000   1.0000   1.0000 101.0000
  11.500   0.3291   0.22185   0.06508  -0.0052   1.0000   1.0000   1.0000 101.0000
  12.000   0.3448   0.22426   0.06858  -0.0051   1.0000   1.0000   1.0000 101.0000
  12.500   0.3598   0.22676   0.07246  -0.0051   1.0000   1.0000   1.0000 101.0000
  13.000   0.3741   0.22934   0.07640  -0.0052   1.0000   1.0000   1.0000 101.0000
  13.500   0.3878   0.23197   0.08054  -0.0055   1.0000   1.0000   1.0000 101.0000
  14.000   0.4010   0.23468   0.08490  -0.0059   1.0000   1.0000   1.0000 101.0000
  14.500   0.4136   0.23749   0.08951  -0.0064   1.0000   1.0000   1.0000 101.0000
  15.000   0.4256   0.24045   0.09436  -0.0070   1.0000   1.0000   1.0000 101.0000
