  
       XFOIL         Version 6.99
  
 Calculated polar for: 003586                                          
  
 1 1 Reynolds number fixed          Mach number fixed         
  
 xtrf =   1.000 (top)        1.000 (bottom)  
 Mach =   0.100     Re =     0.001 e 6     Ncrit =   9.000  9.000
  
   alpha    CL        CD       CDp       CM     Top_Xtr  Bot_Xtr  Top_Itr  Bot_Itr
  ------ -------- --------- --------- -------- -------- -------- -------- --------
   2.000  -0.0692   0.19684   0.06302  -0.0377   1.0000   1.0000   1.0000 101.0000
   2.500  -0.0418   0.19700   0.06194  -0.0371   1.0000   1.0000   1.0000 101.0000
   3.000  -0.0140   0.19737   0.06124  -0.0366   1.0000   1.0000   1.0000 101.0000
   3.500   0.0141   0.19792   0.06088  -0.0360   1.0000   1.0000   1.0000 101.0000
   4.000   0.0427   0.19863   0.06062  -0.0355   1.0000   1.0000   1.0000 101.0000
   4.500   0.0713   0.19952   0.06098  -0.0349   1.0000   1.0000   1.0000 101.0000
   5.000   0.0997   0.20057   0.06169  -0.0344   1.0000   1.0000   1.0000 101.0000
   5.500   0.1280   0.20176   0.06273  -0.0338   1.0000   1.0000   1.0000 101.0000
   6.000   0.1561   0.20310   0.06408  -0.0333   1.0000   1.0000   1.0000 101.0000
   6.500   0.1838   0.20458   0.06573  -0.0328   1.0000   1.0000   1.0000 101.0000
   7.000   0.2112   0.20618   0.06766  -0.0324   1.0000   1.0000   1.0000 101.0000
   7.500   0.2383   0.20789   0.06960  -0.0319   1.0000   1.0000   1.0000 101.0000
   8.000   0.2650   0.20973   0.07209  -0.0315   1.0000   1.0000   1.0000 101.0000
   8.500   0.2912   0.21169   0.07488  -0.0312   1.0000   1.0000   1.0000 101.0000
   9.000   0.3170   0.21375   0.07795  -0.0309   1.0000   1.0000   1.0000 101.0000
   9.500   0.3422   0.21591   0.08131  -0.0307   1.0000   1.0000   1.0000 101.0000
  10.000   0.3668   0.21817   0.08493  -0.0305   1.0000   1.0000   1.0000 101.0000
  10.500   0.3910   0.22053   0.08883  -0.0304   1.0000   1.0000   1.0000 101.0000
  11.000   0.4145   0.22298   0.09285  -0.0304   1.0000   1.0000   1.0000 101.0000
  11.500   0.4376   0.22552   0.09724  -0.0304   1.0000   1.0000   1.0000 101.0000
  12.000   0.4602   0.22815   0.10191  -0.0306   1.0000   1.0000   1.0000 101.0000
  12.500   0.4822   0.23086   0.10686  -0.0308   1.0000   1.0000   1.0000 101.0000
  13.000   0.5036   0.23365   0.11208  -0.0311   1.0000   1.0000   1.0000 101.0000
  13.500   0.5245   0.23652   0.11760  -0.0315   1.0000   1.0000   1.0000 101.0000
  14.000   0.5448   0.23947   0.12340  -0.0319   1.0000   1.0000   1.0000 101.0000
  14.500   0.5646   0.24248   0.12961  -0.0325   1.0000   1.0000   1.0000 101.0000
  15.000   0.5837   0.24556   0.13596  -0.0332   1.0000   1.0000   1.0000 101.0000
