  
       XFOIL         Version 6.99
  
 Calculated polar for: 003559                                          
  
 1 1 Reynolds number fixed          Mach number fixed         
  
 xtrf =   1.000 (top)        1.000 (bottom)  
 Mach =   0.100     Re =     0.001 e 6     Ncrit =   9.000  9.000
  
   alpha    CL        CD       CDp       CM     Top_Xtr  Bot_Xtr  Top_Itr  Bot_Itr
  ------ -------- --------- --------- -------- -------- -------- -------- --------
   2.000  -0.0387   0.19288   0.04840  -0.0332   1.0000   1.0000   1.0000 101.0000
   2.500  -0.0149   0.19307   0.04742  -0.0331   1.0000   1.0000   1.0000 101.0000
   3.000   0.0097   0.19348   0.04659  -0.0331   1.0000   1.0000   1.0000 101.0000
   3.500   0.0344   0.19413   0.04631  -0.0330   1.0000   1.0000   1.0000 101.0000
   4.000   0.0593   0.19500   0.04636  -0.0329   1.0000   1.0000   1.0000 101.0000
   4.500   0.0842   0.19607   0.04673  -0.0328   1.0000   1.0000   1.0000 101.0000
   5.000   0.1088   0.19734   0.04741  -0.0328   1.0000   1.0000   1.0000 101.0000
   5.500   0.1332   0.19878   0.04839  -0.0328   1.0000   1.0000   1.0000 101.0000
   6.000   0.1571   0.20040   0.04966  -0.0328   1.0000   1.0000   1.0000 101.0000
   6.500   0.1807   0.20217   0.05099  -0.0328   1.0000   1.0000   1.0000 101.0000
   7.000   0.2039   0.20413   0.05281  -0.0329   1.0000   1.0000   1.0000 101.0000
   7.500   0.2265   0.20627   0.05493  -0.0330   1.0000   1.0000   1.0000 101.0000
   8.000   0.2485   0.20855   0.05731  -0.0332   1.0000   1.0000   1.0000 101.0000
   8.500   0.2700   0.21096   0.05996  -0.0334   1.0000   1.0000   1.0000 101.0000
   9.000   0.2907   0.21350   0.06286  -0.0337   1.0000   1.0000   1.0000 101.0000
   9.500   0.3109   0.21614   0.06600  -0.0341   1.0000   1.0000   1.0000 101.0000
  10.000   0.3304   0.21889   0.06938  -0.0346   1.0000   1.0000   1.0000 101.0000
  10.500   0.3494   0.22175   0.07288  -0.0352   1.0000   1.0000   1.0000 101.0000
  11.000   0.3677   0.22471   0.07672  -0.0358   1.0000   1.0000   1.0000 101.0000
  11.500   0.3855   0.22776   0.08079  -0.0365   1.0000   1.0000   1.0000 101.0000
  12.000   0.4026   0.23091   0.08509  -0.0373   1.0000   1.0000   1.0000 101.0000
  12.500   0.4192   0.23414   0.08962  -0.0382   1.0000   1.0000   1.0000 101.0000
  13.000   0.4352   0.23744   0.09439  -0.0392   1.0000   1.0000   1.0000 101.0000
  13.500   0.4508   0.24083   0.09938  -0.0403   1.0000   1.0000   1.0000 101.0000
  14.000   0.4658   0.24431   0.10469  -0.0414   1.0000   1.0000   1.0000 101.0000
  14.500   0.4804   0.24788   0.11012  -0.0427   1.0000   1.0000   1.0000 101.0000
  15.000   0.4945   0.25155   0.11575  -0.0441   1.0000   1.0000   1.0000 101.0000
