  
       XFOIL         Version 6.99
  
 Calculated polar for: 003568                                          
  
 1 1 Reynolds number fixed          Mach number fixed         
  
 xtrf =   1.000 (top)        1.000 (bottom)  
 Mach =   0.100     Re =     0.001 e 6     Ncrit =   9.000  9.000
  
   alpha    CL        CD       CDp       CM     Top_Xtr  Bot_Xtr  Top_Itr  Bot_Itr
  ------ -------- --------- --------- -------- -------- -------- -------- --------
   2.000  -0.0913   0.19412   0.05831  -0.0373   1.0000   1.0000   1.0000 101.0000
   2.500  -0.0646   0.19409   0.05703  -0.0366   1.0000   1.0000   1.0000 101.0000
   3.000  -0.0371   0.19424   0.05590  -0.0358   1.0000   1.0000   1.0000 101.0000
   3.500  -0.0092   0.19459   0.05532  -0.0351   1.0000   1.0000   1.0000 101.0000
   4.000   0.0190   0.19511   0.05507  -0.0343   1.0000   1.0000   1.0000 101.0000
   4.500   0.0473   0.19580   0.05515  -0.0336   1.0000   1.0000   1.0000 101.0000
   5.000   0.0756   0.19665   0.05554  -0.0329   1.0000   1.0000   1.0000 101.0000
   5.500   0.1038   0.19764   0.05622  -0.0322   1.0000   1.0000   1.0000 101.0000
   6.000   0.1320   0.19878   0.05706  -0.0315   1.0000   1.0000   1.0000 101.0000
   6.500   0.1599   0.20006   0.05831  -0.0308   1.0000   1.0000   1.0000 101.0000
   7.000   0.1876   0.20146   0.05984  -0.0302   1.0000   1.0000   1.0000 101.0000
   7.500   0.2150   0.20300   0.06166  -0.0296   1.0000   1.0000   1.0000 101.0000
   8.000   0.2420   0.20466   0.06377  -0.0290   1.0000   1.0000   1.0000 101.0000
   8.500   0.2686   0.20643   0.06614  -0.0285   1.0000   1.0000   1.0000 101.0000
   9.000   0.2948   0.20832   0.06879  -0.0281   1.0000   1.0000   1.0000 101.0000
   9.500   0.3205   0.21032   0.07171  -0.0277   1.0000   1.0000   1.0000 101.0000
  10.000   0.3457   0.21242   0.07488  -0.0273   1.0000   1.0000   1.0000 101.0000
  10.500   0.3704   0.21463   0.07834  -0.0271   1.0000   1.0000   1.0000 101.0000
  11.000   0.3946   0.21695   0.08207  -0.0269   1.0000   1.0000   1.0000 101.0000
  11.500   0.4182   0.21936   0.08608  -0.0267   1.0000   1.0000   1.0000 101.0000
  12.000   0.4413   0.22186   0.09038  -0.0267   1.0000   1.0000   1.0000 101.0000
  12.500   0.4638   0.22446   0.09496  -0.0267   1.0000   1.0000   1.0000 101.0000
  13.000   0.4858   0.22716   0.09994  -0.0269   1.0000   1.0000   1.0000 101.0000
  13.500   0.5071   0.22994   0.10510  -0.0271   1.0000   1.0000   1.0000 101.0000
  14.000   0.5278   0.23280   0.11054  -0.0275   1.0000   1.0000   1.0000 101.0000
  14.500   0.5480   0.23574   0.11628  -0.0279   1.0000   1.0000   1.0000 101.0000
  15.000   0.5676   0.23877   0.12232  -0.0284   1.0000   1.0000   1.0000 101.0000
