  
       XFOIL         Version 6.99
  
 Calculated polar for: 003589                                          
  
 1 1 Reynolds number fixed          Mach number fixed         
  
 xtrf =   1.000 (top)        1.000 (bottom)  
 Mach =   0.100     Re =     0.001 e 6     Ncrit =   9.000  9.000
  
   alpha    CL        CD       CDp       CM     Top_Xtr  Bot_Xtr  Top_Itr  Bot_Itr
  ------ -------- --------- --------- -------- -------- -------- -------- --------
   2.000  -0.0995   0.19724   0.05110  -0.0385   1.0000   1.0000   1.0000 101.0000
   2.500  -0.0742   0.19705   0.04960  -0.0385   1.0000   1.0000   1.0000 101.0000
   3.000  -0.0481   0.19712   0.04843  -0.0386   1.0000   1.0000   1.0000 101.0000
   3.500  -0.0214   0.19739   0.04734  -0.0385   1.0000   1.0000   1.0000 101.0000
   4.000   0.0058   0.19789   0.04682  -0.0385   1.0000   1.0000   1.0000 101.0000
   4.500   0.0330   0.19858   0.04663  -0.0384   1.0000   1.0000   1.0000 101.0000
   5.000   0.0603   0.19946   0.04675  -0.0384   1.0000   1.0000   1.0000 101.0000
   5.500   0.0874   0.20051   0.04717  -0.0383   1.0000   1.0000   1.0000 101.0000
   6.000   0.1143   0.20173   0.04786  -0.0382   1.0000   1.0000   1.0000 101.0000
   6.500   0.1409   0.20309   0.04862  -0.0381   1.0000   1.0000   1.0000 101.0000
   7.000   0.1671   0.20460   0.04982  -0.0380   1.0000   1.0000   1.0000 101.0000
   7.500   0.1930   0.20630   0.05129  -0.0380   1.0000   1.0000   1.0000 101.0000
   8.000   0.2183   0.20815   0.05302  -0.0379   1.0000   1.0000   1.0000 101.0000
   8.500   0.2431   0.21012   0.05501  -0.0379   1.0000   1.0000   1.0000 101.0000
   9.000   0.2673   0.21221   0.05724  -0.0379   1.0000   1.0000   1.0000 101.0000
   9.500   0.2908   0.21440   0.05971  -0.0380   1.0000   1.0000   1.0000 101.0000
  10.000   0.3137   0.21671   0.06240  -0.0381   1.0000   1.0000   1.0000 101.0000
  10.500   0.3359   0.21912   0.06532  -0.0383   1.0000   1.0000   1.0000 101.0000
  11.000   0.3574   0.22163   0.06847  -0.0385   1.0000   1.0000   1.0000 101.0000
  11.500   0.3782   0.22424   0.07186  -0.0388   1.0000   1.0000   1.0000 101.0000
  12.000   0.3983   0.22696   0.07548  -0.0392   1.0000   1.0000   1.0000 101.0000
  12.500   0.4177   0.22977   0.07935  -0.0396   1.0000   1.0000   1.0000 101.0000
  13.000   0.4363   0.23267   0.08346  -0.0401   1.0000   1.0000   1.0000 101.0000
  13.500   0.4542   0.23566   0.08798  -0.0407   1.0000   1.0000   1.0000 101.0000
  14.000   0.4712   0.23872   0.09257  -0.0414   1.0000   1.0000   1.0000 101.0000
  14.500   0.4877   0.24189   0.09740  -0.0422   1.0000   1.0000   1.0000 101.0000
  15.000   0.5034   0.24516   0.10247  -0.0431   1.0000   1.0000   1.0000 101.0000
