  
       XFOIL         Version 6.99
  
 Calculated polar for: 003525                                          
  
 1 1 Reynolds number fixed          Mach number fixed         
  
 xtrf =   1.000 (top)        1.000 (bottom)  
 Mach =   0.100     Re =     0.001 e 6     Ncrit =   9.000  9.000
  
   alpha    CL        CD       CDp       CM     Top_Xtr  Bot_Xtr  Top_Itr  Bot_Itr
  ------ -------- --------- --------- -------- -------- -------- -------- --------
   2.000  -0.0818   0.18870   0.04089  -0.0305   1.0000   1.0000   1.0000 101.0000
   2.500  -0.0578   0.18839   0.03951  -0.0300   1.0000   1.0000   1.0000 101.0000
   3.000  -0.0329   0.18830   0.03844  -0.0295   1.0000   1.0000   1.0000 101.0000
   3.500  -0.0072   0.18844   0.03768  -0.0291   1.0000   1.0000   1.0000 101.0000
   4.000   0.0188   0.18879   0.03719  -0.0287   1.0000   1.0000   1.0000 101.0000
   4.500   0.0452   0.18935   0.03700  -0.0283   1.0000   1.0000   1.0000 101.0000
   5.000   0.0717   0.19010   0.03711  -0.0280   1.0000   1.0000   1.0000 101.0000
   5.500   0.0982   0.19105   0.03752  -0.0276   1.0000   1.0000   1.0000 101.0000
   6.000   0.1245   0.19219   0.03822  -0.0273   1.0000   1.0000   1.0000 101.0000
   6.500   0.1506   0.19350   0.03921  -0.0271   1.0000   1.0000   1.0000 101.0000
   7.000   0.1762   0.19499   0.04049  -0.0269   1.0000   1.0000   1.0000 101.0000
   7.500   0.2015   0.19671   0.04207  -0.0267   1.0000   1.0000   1.0000 101.0000
   8.000   0.2261   0.19860   0.04401  -0.0266   1.0000   1.0000   1.0000 101.0000
   8.500   0.2502   0.20064   0.04616  -0.0266   1.0000   1.0000   1.0000 101.0000
   9.000   0.2735   0.20283   0.04859  -0.0266   1.0000   1.0000   1.0000 101.0000
   9.500   0.2961   0.20518   0.05130  -0.0268   1.0000   1.0000   1.0000 101.0000
  10.000   0.3179   0.20767   0.05430  -0.0270   1.0000   1.0000   1.0000 101.0000
  10.500   0.3389   0.21030   0.05758  -0.0273   1.0000   1.0000   1.0000 101.0000
  11.000   0.3591   0.21308   0.06115  -0.0277   1.0000   1.0000   1.0000 101.0000
  11.500   0.3783   0.21598   0.06509  -0.0282   1.0000   1.0000   1.0000 101.0000
  12.000   0.3966   0.21901   0.06923  -0.0289   1.0000   1.0000   1.0000 101.0000
  12.500   0.4141   0.22217   0.07364  -0.0296   1.0000   1.0000   1.0000 101.0000
  13.000   0.4307   0.22545   0.07834  -0.0305   1.0000   1.0000   1.0000 101.0000
  13.500   0.4465   0.22884   0.08332  -0.0316   1.0000   1.0000   1.0000 101.0000
  14.000   0.4614   0.23235   0.08858  -0.0327   1.0000   1.0000   1.0000 101.0000
  14.500   0.4756   0.23596   0.09412  -0.0340   1.0000   1.0000   1.0000 101.0000
  15.000   0.4890   0.23967   0.09996  -0.0354   1.0000   1.0000   1.0000 101.0000
