  
       XFOIL         Version 6.99
  
 Calculated polar for: 003519                                          
  
 1 1 Reynolds number fixed          Mach number fixed         
  
 xtrf =   1.000 (top)        1.000 (bottom)  
 Mach =   0.100     Re =     0.001 e 6     Ncrit =   9.000  9.000
  
   alpha    CL        CD       CDp       CM     Top_Xtr  Bot_Xtr  Top_Itr  Bot_Itr
  ------ -------- --------- --------- -------- -------- -------- -------- --------
   2.000  -0.1019   0.19792   0.06676  -0.0375   1.0000   1.0000   1.0000 101.0000
   2.500  -0.0755   0.19779   0.06521  -0.0372   1.0000   1.0000   1.0000 101.0000
   3.000  -0.0483   0.19790   0.06406  -0.0370   1.0000   1.0000   1.0000 101.0000
   3.500  -0.0204   0.19820   0.06313  -0.0367   1.0000   1.0000   1.0000 101.0000
   4.000   0.0080   0.19871   0.06274  -0.0364   1.0000   1.0000   1.0000 101.0000
   4.500   0.0366   0.19942   0.06273  -0.0361   1.0000   1.0000   1.0000 101.0000
   5.000   0.0654   0.20029   0.06308  -0.0358   1.0000   1.0000   1.0000 101.0000
   5.500   0.0941   0.20134   0.06377  -0.0355   1.0000   1.0000   1.0000 101.0000
   6.000   0.1227   0.20254   0.06479  -0.0353   1.0000   1.0000   1.0000 101.0000
   6.500   0.1512   0.20388   0.06611  -0.0350   1.0000   1.0000   1.0000 101.0000
   7.000   0.1795   0.20536   0.06759  -0.0348   1.0000   1.0000   1.0000 101.0000
   7.500   0.2074   0.20698   0.06955  -0.0345   1.0000   1.0000   1.0000 101.0000
   8.000   0.2349   0.20873   0.07182  -0.0343   1.0000   1.0000   1.0000 101.0000
   8.500   0.2620   0.21060   0.07439  -0.0341   1.0000   1.0000   1.0000 101.0000
   9.000   0.2886   0.21258   0.07726  -0.0340   1.0000   1.0000   1.0000 101.0000
   9.500   0.3147   0.21467   0.08041  -0.0339   1.0000   1.0000   1.0000 101.0000
  10.000   0.3403   0.21687   0.08385  -0.0339   1.0000   1.0000   1.0000 101.0000
  10.500   0.3653   0.21917   0.08745  -0.0339   1.0000   1.0000   1.0000 101.0000
  11.000   0.3899   0.22157   0.09144  -0.0340   1.0000   1.0000   1.0000 101.0000
  11.500   0.4139   0.22406   0.09572  -0.0342   1.0000   1.0000   1.0000 101.0000
  12.000   0.4373   0.22664   0.10028  -0.0344   1.0000   1.0000   1.0000 101.0000
  12.500   0.4601   0.22931   0.10514  -0.0347   1.0000   1.0000   1.0000 101.0000
  13.000   0.4823   0.23206   0.11028  -0.0351   1.0000   1.0000   1.0000 101.0000
  13.500   0.5040   0.23489   0.11572  -0.0355   1.0000   1.0000   1.0000 101.0000
  14.000   0.5251   0.23780   0.12148  -0.0361   1.0000   1.0000   1.0000 101.0000
  14.500   0.5455   0.24078   0.12748  -0.0367   1.0000   1.0000   1.0000 101.0000
  15.000   0.5655   0.24383   0.13376  -0.0375   1.0000   1.0000   1.0000 101.0000
