  
       XFOIL         Version 6.99
  
 Calculated polar for: 003584                                          
  
 1 1 Reynolds number fixed          Mach number fixed         
  
 xtrf =   1.000 (top)        1.000 (bottom)  
 Mach =   0.100     Re =     0.001 e 6     Ncrit =   9.000  9.000
  
   alpha    CL        CD       CDp       CM     Top_Xtr  Bot_Xtr  Top_Itr  Bot_Itr
  ------ -------- --------- --------- -------- -------- -------- -------- --------
   2.000  -0.0777   0.19980   0.05204  -0.0313   1.0000   1.0000   1.0000 101.0000
   2.500  -0.0549   0.19977   0.05082  -0.0310   1.0000   1.0000   1.0000 101.0000
   3.000  -0.0314   0.19997   0.04990  -0.0306   1.0000   1.0000   1.0000 101.0000
   3.500  -0.0072   0.20037   0.04914  -0.0302   1.0000   1.0000   1.0000 101.0000
   4.000   0.0171   0.20099   0.04889  -0.0298   1.0000   1.0000   1.0000 101.0000
   4.500   0.0416   0.20179   0.04895  -0.0294   1.0000   1.0000   1.0000 101.0000
   5.000   0.0661   0.20277   0.04930  -0.0291   1.0000   1.0000   1.0000 101.0000
   5.500   0.0905   0.20392   0.04995  -0.0288   1.0000   1.0000   1.0000 101.0000
   6.000   0.1146   0.20523   0.05086  -0.0285   1.0000   1.0000   1.0000 101.0000
   6.500   0.1384   0.20669   0.05204  -0.0282   1.0000   1.0000   1.0000 101.0000
   7.000   0.1620   0.20828   0.05329  -0.0280   1.0000   1.0000   1.0000 101.0000
   7.500   0.1851   0.21001   0.05499  -0.0278   1.0000   1.0000   1.0000 101.0000
   8.000   0.2076   0.21187   0.05695  -0.0277   1.0000   1.0000   1.0000 101.0000
   8.500   0.2297   0.21385   0.05917  -0.0276   1.0000   1.0000   1.0000 101.0000
   9.000   0.2512   0.21595   0.06163  -0.0276   1.0000   1.0000   1.0000 101.0000
   9.500   0.2721   0.21822   0.06434  -0.0276   1.0000   1.0000   1.0000 101.0000
  10.000   0.2925   0.22061   0.06728  -0.0277   1.0000   1.0000   1.0000 101.0000
  10.500   0.3122   0.22309   0.07035  -0.0279   1.0000   1.0000   1.0000 101.0000
  11.000   0.3314   0.22567   0.07372  -0.0282   1.0000   1.0000   1.0000 101.0000
  11.500   0.3499   0.22834   0.07733  -0.0285   1.0000   1.0000   1.0000 101.0000
  12.000   0.3678   0.23109   0.08117  -0.0290   1.0000   1.0000   1.0000 101.0000
  12.500   0.3850   0.23392   0.08523  -0.0295   1.0000   1.0000   1.0000 101.0000
  13.000   0.4017   0.23683   0.08953  -0.0301   1.0000   1.0000   1.0000 101.0000
  13.500   0.4178   0.23984   0.09406  -0.0308   1.0000   1.0000   1.0000 101.0000
  14.000   0.4334   0.24294   0.09890  -0.0316   1.0000   1.0000   1.0000 101.0000
  14.500   0.4483   0.24612   0.10386  -0.0325   1.0000   1.0000   1.0000 101.0000
  15.000   0.4627   0.24941   0.10904  -0.0335   1.0000   1.0000   1.0000 101.0000
