  
       XFOIL         Version 6.99
  
 Calculated polar for: 003565                                          
  
 1 1 Reynolds number fixed          Mach number fixed         
  
 xtrf =   1.000 (top)        1.000 (bottom)  
 Mach =   0.100     Re =     0.001 e 6     Ncrit =   9.000  9.000
  
   alpha    CL        CD       CDp       CM     Top_Xtr  Bot_Xtr  Top_Itr  Bot_Itr
  ------ -------- --------- --------- -------- -------- -------- -------- --------
   2.000  -0.0438   0.19260   0.05709  -0.0340   1.0000   1.0000   1.0000 101.0000
   2.500  -0.0173   0.19281   0.05622  -0.0332   1.0000   1.0000   1.0000 101.0000
   3.000   0.0099   0.19321   0.05551  -0.0325   1.0000   1.0000   1.0000 101.0000
   3.500   0.0372   0.19381   0.05537  -0.0318   1.0000   1.0000   1.0000 101.0000
   4.000   0.0647   0.19458   0.05558  -0.0311   1.0000   1.0000   1.0000 101.0000
   4.500   0.0921   0.19553   0.05614  -0.0304   1.0000   1.0000   1.0000 101.0000
   5.000   0.1194   0.19664   0.05703  -0.0297   1.0000   1.0000   1.0000 101.0000
   5.500   0.1464   0.19790   0.05823  -0.0291   1.0000   1.0000   1.0000 101.0000
   6.000   0.1732   0.19931   0.05974  -0.0285   1.0000   1.0000   1.0000 101.0000
   6.500   0.1997   0.20085   0.06133  -0.0279   1.0000   1.0000   1.0000 101.0000
   7.000   0.2258   0.20254   0.06344  -0.0273   1.0000   1.0000   1.0000 101.0000
   7.500   0.2515   0.20435   0.06585  -0.0269   1.0000   1.0000   1.0000 101.0000
   8.000   0.2767   0.20629   0.06857  -0.0264   1.0000   1.0000   1.0000 101.0000
   8.500   0.3014   0.20835   0.07157  -0.0261   1.0000   1.0000   1.0000 101.0000
   9.000   0.3256   0.21053   0.07487  -0.0258   1.0000   1.0000   1.0000 101.0000
   9.500   0.3492   0.21281   0.07844  -0.0255   1.0000   1.0000   1.0000 101.0000
  10.000   0.3723   0.21520   0.08219  -0.0254   1.0000   1.0000   1.0000 101.0000
  10.500   0.3949   0.21769   0.08629  -0.0254   1.0000   1.0000   1.0000 101.0000
  11.000   0.4169   0.22028   0.09068  -0.0254   1.0000   1.0000   1.0000 101.0000
  11.500   0.4384   0.22296   0.09536  -0.0255   1.0000   1.0000   1.0000 101.0000
  12.000   0.4594   0.22572   0.10033  -0.0257   1.0000   1.0000   1.0000 101.0000
  12.500   0.4798   0.22857   0.10558  -0.0260   1.0000   1.0000   1.0000 101.0000
  13.000   0.4997   0.23150   0.11112  -0.0264   1.0000   1.0000   1.0000 101.0000
  13.500   0.5191   0.23451   0.11695  -0.0270   1.0000   1.0000   1.0000 101.0000
  14.500   0.5563   0.24072   0.12952  -0.0283   1.0000   1.0000   1.0000 101.0000
  15.000   0.5742   0.24392   0.13618  -0.0292   1.0000   1.0000   1.0000 101.0000
