  
       XFOIL         Version 6.99
  
 Calculated polar for: 003541                                          
  
 1 1 Reynolds number fixed          Mach number fixed         
  
 xtrf =   1.000 (top)        1.000 (bottom)  
 Mach =   0.100     Re =     0.001 e 6     Ncrit =   9.000  9.000
  
   alpha    CL        CD       CDp       CM     Top_Xtr  Bot_Xtr  Top_Itr  Bot_Itr
  ------ -------- --------- --------- -------- -------- -------- -------- --------
   2.000  -0.0929   0.19401   0.04128  -0.0256   1.0000   1.0000   1.0000 101.0000
   2.500  -0.0706   0.19364   0.03990  -0.0245   1.0000   1.0000   1.0000 101.0000
   3.000  -0.0475   0.19348   0.03882  -0.0235   1.0000   1.0000   1.0000 101.0000
   3.500  -0.0238   0.19353   0.03801  -0.0226   1.0000   1.0000   1.0000 101.0000
   4.000   0.0003   0.19378   0.03747  -0.0216   1.0000   1.0000   1.0000 101.0000
   4.500   0.0246   0.19422   0.03720  -0.0207   1.0000   1.0000   1.0000 101.0000
   5.000   0.0491   0.19484   0.03721  -0.0198   1.0000   1.0000   1.0000 101.0000
   5.500   0.0735   0.19564   0.03750  -0.0190   1.0000   1.0000   1.0000 101.0000
   6.000   0.0977   0.19660   0.03806  -0.0182   1.0000   1.0000   1.0000 101.0000
   6.500   0.1217   0.19773   0.03889  -0.0174   1.0000   1.0000   1.0000 101.0000
   7.000   0.1452   0.19901   0.03999  -0.0167   1.0000   1.0000   1.0000 101.0000
   7.500   0.1684   0.20045   0.04136  -0.0161   1.0000   1.0000   1.0000 101.0000
   8.000   0.1909   0.20203   0.04307  -0.0155   1.0000   1.0000   1.0000 101.0000
   8.500   0.2129   0.20375   0.04496  -0.0150   1.0000   1.0000   1.0000 101.0000
   9.000   0.2342   0.20560   0.04711  -0.0146   1.0000   1.0000   1.0000 101.0000
   9.500   0.2548   0.20758   0.04951  -0.0142   1.0000   1.0000   1.0000 101.0000
  10.000   0.2746   0.20969   0.05218  -0.0140   1.0000   1.0000   1.0000 101.0000
  10.500   0.2937   0.21192   0.05510  -0.0138   1.0000   1.0000   1.0000 101.0000
  11.000   0.3119   0.21426   0.05829  -0.0137   1.0000   1.0000   1.0000 101.0000
  11.500   0.3294   0.21676   0.06182  -0.0138   1.0000   1.0000   1.0000 101.0000
  12.000   0.3461   0.21938   0.06553  -0.0140   1.0000   1.0000   1.0000 101.0000
  12.500   0.3620   0.22211   0.06948  -0.0143   1.0000   1.0000   1.0000 101.0000
  13.000   0.3771   0.22493   0.07368  -0.0147   1.0000   1.0000   1.0000 101.0000
  13.500   0.3915   0.22784   0.07814  -0.0152   1.0000   1.0000   1.0000 101.0000
  14.000   0.4051   0.23083   0.08285  -0.0159   1.0000   1.0000   1.0000 101.0000
  14.500   0.4180   0.23388   0.08780  -0.0167   1.0000   1.0000   1.0000 101.0000
  15.000   0.4303   0.23700   0.09302  -0.0176   1.0000   1.0000   1.0000 101.0000
