  
       XFOIL         Version 6.99
  
 Calculated polar for: 003598                                          
  
 1 1 Reynolds number fixed          Mach number fixed         
  
 xtrf =   1.000 (top)        1.000 (bottom)  
 Mach =   0.100     Re =     0.001 e 6     Ncrit =   9.000  9.000
  
   alpha    CL        CD       CDp       CM     Top_Xtr  Bot_Xtr  Top_Itr  Bot_Itr
  ------ -------- --------- --------- -------- -------- -------- -------- --------
   2.000  -0.0536   0.19805   0.06322  -0.0339   1.0000   1.0000   1.0000 101.0000
   2.500  -0.0272   0.19835   0.06244  -0.0331   1.0000   1.0000   1.0000 101.0000
   3.000  -0.0004   0.19882   0.06181  -0.0323   1.0000   1.0000   1.0000 101.0000
   3.500   0.0268   0.19948   0.06172  -0.0314   1.0000   1.0000   1.0000 101.0000
   4.000   0.0542   0.20031   0.06198  -0.0306   1.0000   1.0000   1.0000 101.0000
   4.500   0.0815   0.20130   0.06257  -0.0299   1.0000   1.0000   1.0000 101.0000
   5.000   0.1088   0.20244   0.06348  -0.0291   1.0000   1.0000   1.0000 101.0000
   5.500   0.1359   0.20372   0.06470  -0.0284   1.0000   1.0000   1.0000 101.0000
   6.000   0.1628   0.20514   0.06621  -0.0277   1.0000   1.0000   1.0000 101.0000
   6.500   0.1895   0.20668   0.06780  -0.0270   1.0000   1.0000   1.0000 101.0000
   7.000   0.2159   0.20835   0.06986  -0.0264   1.0000   1.0000   1.0000 101.0000
   7.500   0.2419   0.21014   0.07222  -0.0258   1.0000   1.0000   1.0000 101.0000
   8.000   0.2675   0.21205   0.07487  -0.0253   1.0000   1.0000   1.0000 101.0000
   8.500   0.2926   0.21406   0.07780  -0.0248   1.0000   1.0000   1.0000 101.0000
   9.000   0.3173   0.21619   0.08100  -0.0244   1.0000   1.0000   1.0000 101.0000
   9.500   0.3415   0.21841   0.08446  -0.0240   1.0000   1.0000   1.0000 101.0000
  10.000   0.3652   0.22073   0.08810  -0.0237   1.0000   1.0000   1.0000 101.0000
  10.500   0.3884   0.22315   0.09206  -0.0235   1.0000   1.0000   1.0000 101.0000
  11.000   0.4111   0.22565   0.09631  -0.0234   1.0000   1.0000   1.0000 101.0000
  11.500   0.4334   0.22825   0.10083  -0.0234   1.0000   1.0000   1.0000 101.0000
  12.000   0.4551   0.23093   0.10563  -0.0234   1.0000   1.0000   1.0000 101.0000
  12.500   0.4762   0.23370   0.11070  -0.0235   1.0000   1.0000   1.0000 101.0000
  13.000   0.4969   0.23654   0.11606  -0.0238   1.0000   1.0000   1.0000 101.0000
  13.500   0.5170   0.23946   0.12170  -0.0241   1.0000   1.0000   1.0000 101.0000
  14.000   0.5366   0.24245   0.12769  -0.0245   1.0000   1.0000   1.0000 101.0000
  14.500   0.5556   0.24552   0.13387  -0.0251   1.0000   1.0000   1.0000 101.0000
  15.000   0.5742   0.24864   0.14033  -0.0257   1.0000   1.0000   1.0000 101.0000
