  
       XFOIL         Version 6.99
  
 Calculated polar for: 003677                                          
  
 1 1 Reynolds number fixed          Mach number fixed         
  
 xtrf =   1.000 (top)        1.000 (bottom)  
 Mach =   0.100     Re =     0.001 e 6     Ncrit =   9.000  9.000
  
   alpha    CL        CD       CDp       CM     Top_Xtr  Bot_Xtr  Top_Itr  Bot_Itr
  ------ -------- --------- --------- -------- -------- -------- -------- --------
   2.000  -0.0835   0.20158   0.04983  -0.0294   1.0000   1.0000   1.0000 101.0000
   2.500  -0.0609   0.20159   0.04868  -0.0284   1.0000   1.0000   1.0000 101.0000
   3.000  -0.0376   0.20181   0.04784  -0.0274   1.0000   1.0000   1.0000 101.0000
   3.500  -0.0140   0.20221   0.04729  -0.0265   1.0000   1.0000   1.0000 101.0000
   4.000   0.0098   0.20279   0.04701  -0.0255   1.0000   1.0000   1.0000 101.0000
   4.500   0.0337   0.20354   0.04700  -0.0246   1.0000   1.0000   1.0000 101.0000
   5.000   0.0576   0.20443   0.04716  -0.0236   1.0000   1.0000   1.0000 101.0000
   5.500   0.0814   0.20548   0.04764  -0.0227   1.0000   1.0000   1.0000 101.0000
   6.000   0.1050   0.20666   0.04837  -0.0219   1.0000   1.0000   1.0000 101.0000
   6.500   0.1283   0.20798   0.04933  -0.0210   1.0000   1.0000   1.0000 101.0000
   7.000   0.1512   0.20942   0.05054  -0.0202   1.0000   1.0000   1.0000 101.0000
   7.500   0.1737   0.21098   0.05198  -0.0195   1.0000   1.0000   1.0000 101.0000
   8.000   0.1958   0.21265   0.05365  -0.0188   1.0000   1.0000   1.0000 101.0000
   8.500   0.2173   0.21443   0.05554  -0.0181   1.0000   1.0000   1.0000 101.0000
   9.000   0.2384   0.21632   0.05767  -0.0175   1.0000   1.0000   1.0000 101.0000
   9.500   0.2588   0.21831   0.06000  -0.0170   1.0000   1.0000   1.0000 101.0000
  10.000   0.2787   0.22039   0.06255  -0.0165   1.0000   1.0000   1.0000 101.0000
  10.500   0.2979   0.22256   0.06532  -0.0162   1.0000   1.0000   1.0000 101.0000
  11.000   0.3166   0.22482   0.06831  -0.0159   1.0000   1.0000   1.0000 101.0000
  11.500   0.3345   0.22717   0.07153  -0.0157   1.0000   1.0000   1.0000 101.0000
  12.000   0.3519   0.22961   0.07496  -0.0155   1.0000   1.0000   1.0000 101.0000
  12.500   0.3686   0.23212   0.07867  -0.0155   1.0000   1.0000   1.0000 101.0000
  13.000   0.3846   0.23469   0.08253  -0.0156   1.0000   1.0000   1.0000 101.0000
  13.500   0.4000   0.23734   0.08661  -0.0158   1.0000   1.0000   1.0000 101.0000
  14.000   0.4148   0.24007   0.09092  -0.0160   1.0000   1.0000   1.0000 101.0000
  14.500   0.4289   0.24289   0.09546  -0.0164   1.0000   1.0000   1.0000 101.0000
  15.000   0.4426   0.24582   0.10023  -0.0169   1.0000   1.0000   1.0000 101.0000
