  
       XFOIL         Version 6.99
  
 Calculated polar for: 003679                                          
  
 1 1 Reynolds number fixed          Mach number fixed         
  
 xtrf =   1.000 (top)        1.000 (bottom)  
 Mach =   0.100     Re =     0.001 e 6     Ncrit =   9.000  9.000
  
   alpha    CL        CD       CDp       CM     Top_Xtr  Bot_Xtr  Top_Itr  Bot_Itr
  ------ -------- --------- --------- -------- -------- -------- -------- --------
   2.000  -0.0588   0.19322   0.05099  -0.0214   1.0000   1.0000   1.0000 101.0000
   2.500  -0.0351   0.19328   0.05027  -0.0198   1.0000   1.0000   1.0000 101.0000
   3.000  -0.0109   0.19350   0.04984  -0.0182   1.0000   1.0000   1.0000 101.0000
   3.500   0.0136   0.19389   0.04967  -0.0166   1.0000   1.0000   1.0000 101.0000
   4.000   0.0385   0.19444   0.04979  -0.0151   1.0000   1.0000   1.0000 101.0000
   4.500   0.0634   0.19514   0.05019  -0.0136   1.0000   1.0000   1.0000 101.0000
   5.000   0.0885   0.19599   0.05087  -0.0122   1.0000   1.0000   1.0000 101.0000
   5.500   0.1135   0.19699   0.05183  -0.0109   1.0000   1.0000   1.0000 101.0000
   6.000   0.1384   0.19813   0.05307  -0.0096   1.0000   1.0000   1.0000 101.0000
   6.500   0.1631   0.19941   0.05458  -0.0084   1.0000   1.0000   1.0000 101.0000
   7.000   0.1876   0.20084   0.05637  -0.0072   1.0000   1.0000   1.0000 101.0000
   7.500   0.2117   0.20240   0.05849  -0.0062   1.0000   1.0000   1.0000 101.0000
   8.000   0.2356   0.20409   0.06084  -0.0052   1.0000   1.0000   1.0000 101.0000
   8.500   0.2590   0.20591   0.06347  -0.0043   1.0000   1.0000   1.0000 101.0000
   9.000   0.2819   0.20785   0.06638  -0.0035   1.0000   1.0000   1.0000 101.0000
   9.500   0.3044   0.20993   0.06958  -0.0028   1.0000   1.0000   1.0000 101.0000
  10.000   0.3264   0.21212   0.07307  -0.0022   1.0000   1.0000   1.0000 101.0000
  10.500   0.3478   0.21444   0.07687  -0.0017   1.0000   1.0000   1.0000 101.0000
  11.000   0.3687   0.21688   0.08105  -0.0013   1.0000   1.0000   1.0000 101.0000
  11.500   0.3890   0.21942   0.08545  -0.0010   1.0000   1.0000   1.0000 101.0000
  12.000   0.4087   0.22208   0.09015  -0.0009   1.0000   1.0000   1.0000 101.0000
  12.500   0.4278   0.22484   0.09516  -0.0009   1.0000   1.0000   1.0000 101.0000
  13.000   0.4463   0.22770   0.10048  -0.0010   1.0000   1.0000   1.0000 101.0000
  13.500   0.4642   0.23065   0.10613  -0.0012   1.0000   1.0000   1.0000 101.0000
  14.000   0.4816   0.23370   0.11211  -0.0016   1.0000   1.0000   1.0000 101.0000
  14.500   0.4984   0.23684   0.11842  -0.0021   1.0000   1.0000   1.0000 101.0000
  15.000   0.5147   0.24007   0.12524  -0.0027   1.0000   1.0000   1.0000 101.0000
