  
       XFOIL         Version 6.99
  
 Calculated polar for: 003666                                          
  
 1 1 Reynolds number fixed          Mach number fixed         
  
 xtrf =   1.000 (top)        1.000 (bottom)  
 Mach =   0.100     Re =     0.001 e 6     Ncrit =   9.000  9.000
  
   alpha    CL        CD       CDp       CM     Top_Xtr  Bot_Xtr  Top_Itr  Bot_Itr
  ------ -------- --------- --------- -------- -------- -------- -------- --------
   2.000  -0.0944   0.20012   0.04690  -0.0268   1.0000   1.0000   1.0000 101.0000
   2.500  -0.0722   0.19997   0.04567  -0.0257   1.0000   1.0000   1.0000 101.0000
   3.000  -0.0493   0.20003   0.04472  -0.0246   1.0000   1.0000   1.0000 101.0000
   3.500  -0.0258   0.20027   0.04406  -0.0236   1.0000   1.0000   1.0000 101.0000
   4.000  -0.0020   0.20069   0.04364  -0.0225   1.0000   1.0000   1.0000 101.0000
   4.500   0.0220   0.20129   0.04348  -0.0215   1.0000   1.0000   1.0000 101.0000
   5.000   0.0461   0.20205   0.04358  -0.0205   1.0000   1.0000   1.0000 101.0000
   5.500   0.0702   0.20296   0.04394  -0.0196   1.0000   1.0000   1.0000 101.0000
   6.000   0.0942   0.20402   0.04455  -0.0187   1.0000   1.0000   1.0000 101.0000
   6.500   0.1179   0.20523   0.04540  -0.0178   1.0000   1.0000   1.0000 101.0000
   7.000   0.1414   0.20657   0.04651  -0.0170   1.0000   1.0000   1.0000 101.0000
   7.500   0.1644   0.20804   0.04786  -0.0162   1.0000   1.0000   1.0000 101.0000
   8.000   0.1870   0.20965   0.04951  -0.0155   1.0000   1.0000   1.0000 101.0000
   8.500   0.2090   0.21137   0.05134  -0.0148   1.0000   1.0000   1.0000 101.0000
   9.000   0.2306   0.21320   0.05340  -0.0142   1.0000   1.0000   1.0000 101.0000
   9.500   0.2515   0.21515   0.05570  -0.0137   1.0000   1.0000   1.0000 101.0000
  10.000   0.2718   0.21721   0.05823  -0.0132   1.0000   1.0000   1.0000 101.0000
  10.500   0.2914   0.21938   0.06099  -0.0129   1.0000   1.0000   1.0000 101.0000
  11.000   0.3103   0.22164   0.06400  -0.0126   1.0000   1.0000   1.0000 101.0000
  11.500   0.3286   0.22401   0.06725  -0.0124   1.0000   1.0000   1.0000 101.0000
  12.500   0.3628   0.22902   0.07453  -0.0124   1.0000   1.0000   1.0000 101.0000
  13.000   0.3788   0.23166   0.07848  -0.0125   1.0000   1.0000   1.0000 101.0000
  13.500   0.3940   0.23437   0.08267  -0.0127   1.0000   1.0000   1.0000 101.0000
  14.000   0.4086   0.23716   0.08711  -0.0131   1.0000   1.0000   1.0000 101.0000
  14.500   0.4224   0.24004   0.09181  -0.0135   1.0000   1.0000   1.0000 101.0000
  15.000   0.4356   0.24306   0.09678  -0.0141   1.0000   1.0000   1.0000 101.0000
