  
       XFOIL         Version 6.99
  
 Calculated polar for: 003638                                          
  
 1 1 Reynolds number fixed          Mach number fixed         
  
 xtrf =   1.000 (top)        1.000 (bottom)  
 Mach =   0.100     Re =     0.001 e 6     Ncrit =   9.000  9.000
  
   alpha    CL        CD       CDp       CM     Top_Xtr  Bot_Xtr  Top_Itr  Bot_Itr
  ------ -------- --------- --------- -------- -------- -------- -------- --------
   2.000  -0.0641   0.19677   0.04045  -0.0231   1.0000   1.0000   1.0000 101.0000
   2.500  -0.0421   0.19678   0.03961  -0.0216   1.0000   1.0000   1.0000 101.0000
   3.000  -0.0198   0.19697   0.03904  -0.0201   1.0000   1.0000   1.0000 101.0000
   3.500   0.0028   0.19733   0.03873  -0.0186   1.0000   1.0000   1.0000 101.0000
   4.000   0.0254   0.19784   0.03866  -0.0172   1.0000   1.0000   1.0000 101.0000
   4.500   0.0481   0.19852   0.03882  -0.0159   1.0000   1.0000   1.0000 101.0000
   5.000   0.0707   0.19933   0.03908  -0.0146   1.0000   1.0000   1.0000 101.0000
   5.500   0.0931   0.20029   0.03969  -0.0133   1.0000   1.0000   1.0000 101.0000
   6.000   0.1153   0.20139   0.04052  -0.0121   1.0000   1.0000   1.0000 101.0000
   6.500   0.1372   0.20263   0.04159  -0.0110   1.0000   1.0000   1.0000 101.0000
   7.000   0.1587   0.20399   0.04288  -0.0099   1.0000   1.0000   1.0000 101.0000
   7.500   0.1797   0.20547   0.04439  -0.0089   1.0000   1.0000   1.0000 101.0000
   8.000   0.2002   0.20708   0.04613  -0.0080   1.0000   1.0000   1.0000 101.0000
   8.500   0.2202   0.20880   0.04814  -0.0071   1.0000   1.0000   1.0000 101.0000
   9.000   0.2396   0.21063   0.05030  -0.0064   1.0000   1.0000   1.0000 101.0000
   9.500   0.2585   0.21256   0.05267  -0.0058   1.0000   1.0000   1.0000 101.0000
  10.000   0.2767   0.21460   0.05527  -0.0052   1.0000   1.0000   1.0000 101.0000
  10.500   0.2943   0.21674   0.05808  -0.0048   1.0000   1.0000   1.0000 101.0000
  11.000   0.3112   0.21898   0.06113  -0.0044   1.0000   1.0000   1.0000 101.0000
  11.500   0.3275   0.22131   0.06440  -0.0042   1.0000   1.0000   1.0000 101.0000
  12.000   0.3431   0.22373   0.06791  -0.0041   1.0000   1.0000   1.0000 101.0000
  12.500   0.3581   0.22624   0.07181  -0.0041   1.0000   1.0000   1.0000 101.0000
  13.000   0.3723   0.22882   0.07576  -0.0043   1.0000   1.0000   1.0000 101.0000
  13.500   0.3859   0.23147   0.07991  -0.0046   1.0000   1.0000   1.0000 101.0000
  14.000   0.3989   0.23418   0.08430  -0.0050   1.0000   1.0000   1.0000 101.0000
  14.500   0.4114   0.23700   0.08893  -0.0055   1.0000   1.0000   1.0000 101.0000
  15.000   0.4233   0.23996   0.09382  -0.0062   1.0000   1.0000   1.0000 101.0000
