  
       XFOIL         Version 6.99
  
 Calculated polar for: 003610                                          
  
 1 1 Reynolds number fixed          Mach number fixed         
  
 xtrf =   1.000 (top)        1.000 (bottom)  
 Mach =   0.100     Re =     0.001 e 6     Ncrit =   9.000  9.000
  
   alpha    CL        CD       CDp       CM     Top_Xtr  Bot_Xtr  Top_Itr  Bot_Itr
  ------ -------- --------- --------- -------- -------- -------- -------- --------
   2.000  -0.0703   0.19732   0.04413  -0.0262   1.0000   1.0000   1.0000 101.0000
   2.500  -0.0483   0.19730   0.04309  -0.0250   1.0000   1.0000   1.0000 101.0000
   3.000  -0.0259   0.19747   0.04234  -0.0238   1.0000   1.0000   1.0000 101.0000
   3.500  -0.0031   0.19782   0.04186  -0.0226   1.0000   1.0000   1.0000 101.0000
   4.000   0.0199   0.19836   0.04165  -0.0215   1.0000   1.0000   1.0000 101.0000
   4.500   0.0429   0.19905   0.04162  -0.0204   1.0000   1.0000   1.0000 101.0000
   5.000   0.0658   0.19991   0.04190  -0.0193   1.0000   1.0000   1.0000 101.0000
   5.500   0.0886   0.20091   0.04244  -0.0182   1.0000   1.0000   1.0000 101.0000
   6.000   0.1112   0.20207   0.04322  -0.0172   1.0000   1.0000   1.0000 101.0000
   6.500   0.1334   0.20336   0.04425  -0.0163   1.0000   1.0000   1.0000 101.0000
   7.000   0.1552   0.20478   0.04551  -0.0154   1.0000   1.0000   1.0000 101.0000
   7.500   0.1766   0.20633   0.04702  -0.0146   1.0000   1.0000   1.0000 101.0000
   8.000   0.1975   0.20800   0.04876  -0.0138   1.0000   1.0000   1.0000 101.0000
   8.500   0.2178   0.20979   0.05075  -0.0131   1.0000   1.0000   1.0000 101.0000
   9.000   0.2376   0.21169   0.05295  -0.0125   1.0000   1.0000   1.0000 101.0000
   9.500   0.2568   0.21370   0.05537  -0.0120   1.0000   1.0000   1.0000 101.0000
  10.000   0.2753   0.21580   0.05801  -0.0115   1.0000   1.0000   1.0000 101.0000
  10.500   0.2933   0.21801   0.06089  -0.0112   1.0000   1.0000   1.0000 101.0000
  11.000   0.3106   0.22030   0.06398  -0.0110   1.0000   1.0000   1.0000 101.0000
  11.500   0.3273   0.22269   0.06731  -0.0108   1.0000   1.0000   1.0000 101.0000
  12.000   0.3433   0.22516   0.07086  -0.0108   1.0000   1.0000   1.0000 101.0000
  12.500   0.3587   0.22772   0.07471  -0.0109   1.0000   1.0000   1.0000 101.0000
  13.000   0.3735   0.23034   0.07869  -0.0111   1.0000   1.0000   1.0000 101.0000
  13.500   0.3876   0.23303   0.08289  -0.0114   1.0000   1.0000   1.0000 101.0000
  14.000   0.4013   0.23586   0.08733  -0.0118   1.0000   1.0000   1.0000 101.0000
  14.500   0.4144   0.23878   0.09200  -0.0124   1.0000   1.0000   1.0000 101.0000
  15.000   0.4270   0.24178   0.09690  -0.0131   1.0000   1.0000   1.0000 101.0000
