  
       XFOIL         Version 6.99
  
 Calculated polar for: 003660                                          
  
 1 1 Reynolds number fixed          Mach number fixed         
  
 xtrf =   1.000 (top)        1.000 (bottom)  
 Mach =   0.100     Re =     0.001 e 6     Ncrit =   9.000  9.000
  
   alpha    CL        CD       CDp       CM     Top_Xtr  Bot_Xtr  Top_Itr  Bot_Itr
  ------ -------- --------- --------- -------- -------- -------- -------- --------
   2.000  -0.0792   0.19892   0.04427  -0.0269   1.0000   1.0000   1.0000 101.0000
   2.500  -0.0560   0.19892   0.04327  -0.0257   1.0000   1.0000   1.0000 101.0000
   3.000  -0.0323   0.19911   0.04255  -0.0246   1.0000   1.0000   1.0000 101.0000
   3.500  -0.0082   0.19948   0.04211  -0.0235   1.0000   1.0000   1.0000 101.0000
   4.000   0.0161   0.20002   0.04194  -0.0224   1.0000   1.0000   1.0000 101.0000
   4.500   0.0404   0.20072   0.04201  -0.0213   1.0000   1.0000   1.0000 101.0000
   5.000   0.0648   0.20158   0.04222  -0.0203   1.0000   1.0000   1.0000 101.0000
   5.500   0.0891   0.20258   0.04276  -0.0193   1.0000   1.0000   1.0000 101.0000
   6.000   0.1131   0.20373   0.04354  -0.0183   1.0000   1.0000   1.0000 101.0000
   6.500   0.1369   0.20501   0.04457  -0.0174   1.0000   1.0000   1.0000 101.0000
   7.000   0.1602   0.20643   0.04583  -0.0166   1.0000   1.0000   1.0000 101.0000
   7.500   0.1832   0.20797   0.04733  -0.0158   1.0000   1.0000   1.0000 101.0000
   8.000   0.2056   0.20963   0.04905  -0.0150   1.0000   1.0000   1.0000 101.0000
   8.500   0.2275   0.21141   0.05105  -0.0143   1.0000   1.0000   1.0000 101.0000
   9.000   0.2488   0.21330   0.05321  -0.0137   1.0000   1.0000   1.0000 101.0000
   9.500   0.2695   0.21530   0.05560  -0.0132   1.0000   1.0000   1.0000 101.0000
  10.000   0.2895   0.21741   0.05821  -0.0128   1.0000   1.0000   1.0000 101.0000
  10.500   0.3089   0.21962   0.06105  -0.0124   1.0000   1.0000   1.0000 101.0000
  11.000   0.3275   0.22193   0.06413  -0.0121   1.0000   1.0000   1.0000 101.0000
  11.500   0.3455   0.22435   0.06745  -0.0119   1.0000   1.0000   1.0000 101.0000
  12.000   0.3627   0.22686   0.07117  -0.0118   1.0000   1.0000   1.0000 101.0000
  12.500   0.3790   0.22946   0.07498  -0.0119   1.0000   1.0000   1.0000 101.0000
  13.000   0.3946   0.23214   0.07900  -0.0120   1.0000   1.0000   1.0000 101.0000
  13.500   0.4095   0.23489   0.08325  -0.0123   1.0000   1.0000   1.0000 101.0000
  14.000   0.4237   0.23773   0.08775  -0.0127   1.0000   1.0000   1.0000 101.0000
  14.500   0.4371   0.24066   0.09251  -0.0132   1.0000   1.0000   1.0000 101.0000
  15.000   0.4500   0.24376   0.09754  -0.0138   1.0000   1.0000   1.0000 101.0000
