  
       XFOIL         Version 6.99
  
 Calculated polar for: 003604                                          
  
 1 1 Reynolds number fixed          Mach number fixed         
  
 xtrf =   1.000 (top)        1.000 (bottom)  
 Mach =   0.100     Re =     0.001 e 6     Ncrit =   9.000  9.000
  
   alpha    CL        CD       CDp       CM     Top_Xtr  Bot_Xtr  Top_Itr  Bot_Itr
  ------ -------- --------- --------- -------- -------- -------- -------- --------
   2.000  -0.1135   0.19862   0.04788  -0.0336   1.0000   1.0000   1.0000 101.0000
   2.500  -0.0894   0.19831   0.04635  -0.0331   1.0000   1.0000   1.0000 101.0000
   3.000  -0.0644   0.19821   0.04490  -0.0325   1.0000   1.0000   1.0000 101.0000
   3.500  -0.0388   0.19832   0.04398  -0.0319   1.0000   1.0000   1.0000 101.0000
   4.000  -0.0128   0.19864   0.04338  -0.0314   1.0000   1.0000   1.0000 101.0000
   4.500   0.0133   0.19914   0.04308  -0.0308   1.0000   1.0000   1.0000 101.0000
   5.000   0.0396   0.19981   0.04305  -0.0303   1.0000   1.0000   1.0000 101.0000
   5.500   0.0657   0.20065   0.04330  -0.0298   1.0000   1.0000   1.0000 101.0000
   6.000   0.0917   0.20164   0.04365  -0.0292   1.0000   1.0000   1.0000 101.0000
   6.500   0.1175   0.20278   0.04439  -0.0287   1.0000   1.0000   1.0000 101.0000
   7.000   0.1430   0.20405   0.04538  -0.0282   1.0000   1.0000   1.0000 101.0000
   7.500   0.1681   0.20546   0.04663  -0.0278   1.0000   1.0000   1.0000 101.0000
   8.000   0.1927   0.20699   0.04812  -0.0274   1.0000   1.0000   1.0000 101.0000
   8.500   0.2167   0.20865   0.04986  -0.0270   1.0000   1.0000   1.0000 101.0000
   9.000   0.2402   0.21042   0.05183  -0.0266   1.0000   1.0000   1.0000 101.0000
   9.500   0.2630   0.21230   0.05407  -0.0263   1.0000   1.0000   1.0000 101.0000
  10.000   0.2852   0.21430   0.05650  -0.0261   1.0000   1.0000   1.0000 101.0000
  10.500   0.3068   0.21647   0.05916  -0.0260   1.0000   1.0000   1.0000 101.0000
  11.000   0.3277   0.21874   0.06207  -0.0259   1.0000   1.0000   1.0000 101.0000
  11.500   0.3478   0.22111   0.06522  -0.0259   1.0000   1.0000   1.0000 101.0000
  12.000   0.3672   0.22358   0.06861  -0.0259   1.0000   1.0000   1.0000 101.0000
  12.500   0.3858   0.22614   0.07225  -0.0261   1.0000   1.0000   1.0000 101.0000
  13.000   0.4036   0.22880   0.07629  -0.0263   1.0000   1.0000   1.0000 101.0000
  13.500   0.4206   0.23152   0.08041  -0.0267   1.0000   1.0000   1.0000 101.0000
  14.000   0.4368   0.23433   0.08476  -0.0271   1.0000   1.0000   1.0000 101.0000
  14.500   0.4522   0.23722   0.08937  -0.0277   1.0000   1.0000   1.0000 101.0000
  15.000   0.4670   0.24021   0.09423  -0.0283   1.0000   1.0000   1.0000 101.0000
