  
       XFOIL         Version 6.99
  
 Calculated polar for: 003602                                          
  
 1 1 Reynolds number fixed          Mach number fixed         
  
 xtrf =   1.000 (top)        1.000 (bottom)  
 Mach =   0.100     Re =     0.001 e 6     Ncrit =   9.000  9.000
  
   alpha    CL        CD       CDp       CM     Top_Xtr  Bot_Xtr  Top_Itr  Bot_Itr
  ------ -------- --------- --------- -------- -------- -------- -------- --------
   2.000  -0.0591   0.19300   0.04287  -0.0305   1.0000   1.0000   1.0000 101.0000
   2.500  -0.0350   0.19304   0.04178  -0.0296   1.0000   1.0000   1.0000 101.0000
   3.000  -0.0106   0.19328   0.04098  -0.0287   1.0000   1.0000   1.0000 101.0000
   3.500   0.0142   0.19371   0.04048  -0.0278   1.0000   1.0000   1.0000 101.0000
   4.000   0.0391   0.19433   0.04026  -0.0270   1.0000   1.0000   1.0000 101.0000
   4.500   0.0640   0.19512   0.04024  -0.0261   1.0000   1.0000   1.0000 101.0000
   5.000   0.0888   0.19608   0.04055  -0.0252   1.0000   1.0000   1.0000 101.0000
   5.500   0.1134   0.19721   0.04113  -0.0244   1.0000   1.0000   1.0000 101.0000
   6.000   0.1376   0.19848   0.04197  -0.0237   1.0000   1.0000   1.0000 101.0000
   6.500   0.1615   0.19990   0.04307  -0.0229   1.0000   1.0000   1.0000 101.0000
   7.000   0.1848   0.20147   0.04443  -0.0222   1.0000   1.0000   1.0000 101.0000
   7.500   0.2077   0.20317   0.04604  -0.0216   1.0000   1.0000   1.0000 101.0000
   8.000   0.2300   0.20501   0.04790  -0.0210   1.0000   1.0000   1.0000 101.0000
   8.500   0.2517   0.20697   0.05002  -0.0205   1.0000   1.0000   1.0000 101.0000
   9.000   0.2727   0.20906   0.05236  -0.0201   1.0000   1.0000   1.0000 101.0000
   9.500   0.2931   0.21127   0.05496  -0.0197   1.0000   1.0000   1.0000 101.0000
  10.000   0.3128   0.21360   0.05780  -0.0195   1.0000   1.0000   1.0000 101.0000
  10.500   0.3318   0.21610   0.06089  -0.0193   1.0000   1.0000   1.0000 101.0000
  11.000   0.3502   0.21872   0.06423  -0.0193   1.0000   1.0000   1.0000 101.0000
  11.500   0.3678   0.22143   0.06782  -0.0193   1.0000   1.0000   1.0000 101.0000
  12.000   0.3846   0.22424   0.07165  -0.0195   1.0000   1.0000   1.0000 101.0000
  12.500   0.4008   0.22715   0.07580  -0.0198   1.0000   1.0000   1.0000 101.0000
  13.000   0.4162   0.23016   0.08010  -0.0202   1.0000   1.0000   1.0000 101.0000
  13.500   0.4309   0.23324   0.08464  -0.0207   1.0000   1.0000   1.0000 101.0000
  14.000   0.4450   0.23641   0.08942  -0.0214   1.0000   1.0000   1.0000 101.0000
  14.500   0.4584   0.23966   0.09445  -0.0221   1.0000   1.0000   1.0000 101.0000
  15.000   0.4713   0.24299   0.09974  -0.0230   1.0000   1.0000   1.0000 101.0000
