  
       XFOIL         Version 6.99
  
 Calculated polar for: 003670                                          
  
 1 1 Reynolds number fixed          Mach number fixed         
  
 xtrf =   1.000 (top)        1.000 (bottom)  
 Mach =   0.100     Re =     0.001 e 6     Ncrit =   9.000  9.000
  
   alpha    CL        CD       CDp       CM     Top_Xtr  Bot_Xtr  Top_Itr  Bot_Itr
  ------ -------- --------- --------- -------- -------- -------- -------- --------
   2.000  -0.0682   0.19603   0.03898  -0.0209   1.0000   1.0000   1.0000 101.0000
   2.500  -0.0465   0.19596   0.03813  -0.0193   1.0000   1.0000   1.0000 101.0000
   3.000  -0.0244   0.19607   0.03753  -0.0178   1.0000   1.0000   1.0000 101.0000
   3.500  -0.0020   0.19635   0.03718  -0.0162   1.0000   1.0000   1.0000 101.0000
   4.000   0.0206   0.19680   0.03706  -0.0148   1.0000   1.0000   1.0000 101.0000
   4.500   0.0432   0.19739   0.03707  -0.0134   1.0000   1.0000   1.0000 101.0000
   5.000   0.0658   0.19814   0.03740  -0.0120   1.0000   1.0000   1.0000 101.0000
   5.500   0.0882   0.19904   0.03796  -0.0107   1.0000   1.0000   1.0000 101.0000
   6.000   0.1105   0.20008   0.03875  -0.0095   1.0000   1.0000   1.0000 101.0000
   6.500   0.1324   0.20126   0.03977  -0.0083   1.0000   1.0000   1.0000 101.0000
   7.000   0.1539   0.20257   0.04103  -0.0072   1.0000   1.0000   1.0000 101.0000
   7.500   0.1750   0.20401   0.04251  -0.0061   1.0000   1.0000   1.0000 101.0000
   8.000   0.1956   0.20558   0.04429  -0.0052   1.0000   1.0000   1.0000 101.0000
   8.500   0.2157   0.20727   0.04621  -0.0043   1.0000   1.0000   1.0000 101.0000
   9.000   0.2351   0.20907   0.04835  -0.0036   1.0000   1.0000   1.0000 101.0000
   9.500   0.2540   0.21100   0.05072  -0.0029   1.0000   1.0000   1.0000 101.0000
  10.000   0.2722   0.21303   0.05331  -0.0024   1.0000   1.0000   1.0000 101.0000
  10.500   0.2897   0.21517   0.05614  -0.0019   1.0000   1.0000   1.0000 101.0000
  11.000   0.3065   0.21741   0.05921  -0.0016   1.0000   1.0000   1.0000 101.0000
  11.500   0.3226   0.21975   0.06253  -0.0014   1.0000   1.0000   1.0000 101.0000
  12.000   0.3380   0.22219   0.06624  -0.0013   1.0000   1.0000   1.0000 101.0000
  12.500   0.3526   0.22471   0.07001  -0.0013   1.0000   1.0000   1.0000 101.0000
  13.000   0.3666   0.22732   0.07401  -0.0015   1.0000   1.0000   1.0000 101.0000
  13.500   0.3798   0.23001   0.07824  -0.0018   1.0000   1.0000   1.0000 101.0000
  14.000   0.3924   0.23276   0.08271  -0.0023   1.0000   1.0000   1.0000 101.0000
  14.500   0.4044   0.23559   0.08742  -0.0029   1.0000   1.0000   1.0000 101.0000
  15.000   0.4158   0.23857   0.09240  -0.0036   1.0000   1.0000   1.0000 101.0000
