  
       XFOIL         Version 6.99
  
 Calculated polar for: 003634                                          
  
 1 1 Reynolds number fixed          Mach number fixed         
  
 xtrf =   1.000 (top)        1.000 (bottom)  
 Mach =   0.100     Re =     0.001 e 6     Ncrit =   9.000  9.000
  
   alpha    CL        CD       CDp       CM     Top_Xtr  Bot_Xtr  Top_Itr  Bot_Itr
  ------ -------- --------- --------- -------- -------- -------- -------- --------
   2.000  -0.0585   0.20039   0.04691  -0.0288   1.0000   1.0000   1.0000 101.0000
   2.500  -0.0353   0.20062   0.04588  -0.0276   1.0000   1.0000   1.0000 101.0000
   3.000  -0.0116   0.20103   0.04534  -0.0264   1.0000   1.0000   1.0000 101.0000
   3.500   0.0122   0.20161   0.04510  -0.0253   1.0000   1.0000   1.0000 101.0000
   4.000   0.0360   0.20235   0.04512  -0.0241   1.0000   1.0000   1.0000 101.0000
   4.500   0.0597   0.20324   0.04539  -0.0230   1.0000   1.0000   1.0000 101.0000
   5.000   0.0833   0.20428   0.04591  -0.0219   1.0000   1.0000   1.0000 101.0000
   5.500   0.1066   0.20544   0.04649  -0.0208   1.0000   1.0000   1.0000 101.0000
   6.000   0.1297   0.20673   0.04742  -0.0198   1.0000   1.0000   1.0000 101.0000
   6.500   0.1524   0.20815   0.04859  -0.0188   1.0000   1.0000   1.0000 101.0000
   7.000   0.1748   0.20967   0.04998  -0.0179   1.0000   1.0000   1.0000 101.0000
   7.500   0.1966   0.21131   0.05159  -0.0170   1.0000   1.0000   1.0000 101.0000
   8.000   0.2180   0.21306   0.05342  -0.0161   1.0000   1.0000   1.0000 101.0000
   8.500   0.2388   0.21491   0.05546  -0.0154   1.0000   1.0000   1.0000 101.0000
   9.000   0.2591   0.21685   0.05771  -0.0147   1.0000   1.0000   1.0000 101.0000
   9.500   0.2788   0.21890   0.06016  -0.0141   1.0000   1.0000   1.0000 101.0000
  10.000   0.2979   0.22103   0.06279  -0.0135   1.0000   1.0000   1.0000 101.0000
  10.500   0.3164   0.22325   0.06563  -0.0131   1.0000   1.0000   1.0000 101.0000
  11.000   0.3343   0.22555   0.06868  -0.0127   1.0000   1.0000   1.0000 101.0000
  11.500   0.3516   0.22794   0.07194  -0.0125   1.0000   1.0000   1.0000 101.0000
  12.000   0.3682   0.23042   0.07542  -0.0123   1.0000   1.0000   1.0000 101.0000
  12.500   0.3842   0.23297   0.07912  -0.0122   1.0000   1.0000   1.0000 101.0000
  13.000   0.3996   0.23558   0.08319  -0.0122   1.0000   1.0000   1.0000 101.0000
  13.500   0.4143   0.23826   0.08731  -0.0124   1.0000   1.0000   1.0000 101.0000
  14.000   0.4284   0.24102   0.09164  -0.0127   1.0000   1.0000   1.0000 101.0000
  14.500   0.4419   0.24387   0.09619  -0.0130   1.0000   1.0000   1.0000 101.0000
  15.000   0.4549   0.24681   0.10097  -0.0135   1.0000   1.0000   1.0000 101.0000
