  
       XFOIL         Version 6.99
  
 Calculated polar for: 003627                                          
  
 1 1 Reynolds number fixed          Mach number fixed         
  
 xtrf =   1.000 (top)        1.000 (bottom)  
 Mach =   0.100     Re =     0.001 e 6     Ncrit =   9.000  9.000
  
   alpha    CL        CD       CDp       CM     Top_Xtr  Bot_Xtr  Top_Itr  Bot_Itr
  ------ -------- --------- --------- -------- -------- -------- -------- --------
   2.000  -0.0688   0.19851   0.04766  -0.0322   1.0000   1.0000   1.0000 101.0000
   2.500  -0.0440   0.19863   0.04651  -0.0313   1.0000   1.0000   1.0000 101.0000
   3.000  -0.0187   0.19894   0.04566  -0.0304   1.0000   1.0000   1.0000 101.0000
   3.500   0.0067   0.19944   0.04511  -0.0295   1.0000   1.0000   1.0000 101.0000
   4.000   0.0323   0.20012   0.04484  -0.0286   1.0000   1.0000   1.0000 101.0000
   4.500   0.0578   0.20096   0.04484  -0.0276   1.0000   1.0000   1.0000 101.0000
   5.000   0.0832   0.20195   0.04503  -0.0267   1.0000   1.0000   1.0000 101.0000
   5.500   0.1083   0.20310   0.04554  -0.0258   1.0000   1.0000   1.0000 101.0000
   6.000   0.1331   0.20438   0.04631  -0.0249   1.0000   1.0000   1.0000 101.0000
   6.500   0.1574   0.20579   0.04733  -0.0240   1.0000   1.0000   1.0000 101.0000
   7.000   0.1813   0.20733   0.04860  -0.0232   1.0000   1.0000   1.0000 101.0000
   7.500   0.2046   0.20899   0.05010  -0.0223   1.0000   1.0000   1.0000 101.0000
   8.000   0.2274   0.21076   0.05184  -0.0216   1.0000   1.0000   1.0000 101.0000
   8.500   0.2495   0.21265   0.05382  -0.0208   1.0000   1.0000   1.0000 101.0000
   9.000   0.2710   0.21464   0.05602  -0.0202   1.0000   1.0000   1.0000 101.0000
   9.500   0.2918   0.21673   0.05845  -0.0196   1.0000   1.0000   1.0000 101.0000
  10.000   0.3120   0.21893   0.06111  -0.0190   1.0000   1.0000   1.0000 101.0000
  10.500   0.3314   0.22122   0.06400  -0.0186   1.0000   1.0000   1.0000 101.0000
  11.000   0.3501   0.22360   0.06712  -0.0182   1.0000   1.0000   1.0000 101.0000
  11.500   0.3680   0.22608   0.07047  -0.0179   1.0000   1.0000   1.0000 101.0000
  12.000   0.3852   0.22865   0.07406  -0.0178   1.0000   1.0000   1.0000 101.0000
  12.500   0.4016   0.23130   0.07793  -0.0177   1.0000   1.0000   1.0000 101.0000
  13.000   0.4173   0.23402   0.08197  -0.0177   1.0000   1.0000   1.0000 101.0000
  13.500   0.4322   0.23682   0.08622  -0.0178   1.0000   1.0000   1.0000 101.0000
  14.000   0.4465   0.23969   0.09072  -0.0181   1.0000   1.0000   1.0000 101.0000
  14.500   0.4601   0.24266   0.09546  -0.0185   1.0000   1.0000   1.0000 101.0000
  15.000   0.4730   0.24579   0.10045  -0.0189   1.0000   1.0000   1.0000 101.0000
