  
       XFOIL         Version 6.99
  
 Calculated polar for: 003639                                          
  
 1 1 Reynolds number fixed          Mach number fixed         
  
 xtrf =   1.000 (top)        1.000 (bottom)  
 Mach =   0.100     Re =     0.001 e 6     Ncrit =   9.000  9.000
  
   alpha    CL        CD       CDp       CM     Top_Xtr  Bot_Xtr  Top_Itr  Bot_Itr
  ------ -------- --------- --------- -------- -------- -------- -------- --------
   2.000  -0.0320   0.19519   0.03976  -0.0232   1.0000   1.0000   1.0000 101.0000
   2.500  -0.0095   0.19548   0.03923  -0.0217   1.0000   1.0000   1.0000 101.0000
   3.000   0.0133   0.19594   0.03896  -0.0202   1.0000   1.0000   1.0000 101.0000
   3.500   0.0360   0.19657   0.03895  -0.0188   1.0000   1.0000   1.0000 101.0000
   4.000   0.0587   0.19735   0.03917  -0.0173   1.0000   1.0000   1.0000 101.0000
   4.500   0.0813   0.19829   0.03962  -0.0160   1.0000   1.0000   1.0000 101.0000
   5.000   0.1037   0.19937   0.04017  -0.0147   1.0000   1.0000   1.0000 101.0000
   5.500   0.1258   0.20059   0.04106  -0.0134   1.0000   1.0000   1.0000 101.0000
   6.000   0.1475   0.20195   0.04219  -0.0122   1.0000   1.0000   1.0000 101.0000
   6.500   0.1687   0.20343   0.04355  -0.0110   1.0000   1.0000   1.0000 101.0000
   7.000   0.1895   0.20504   0.04512  -0.0099   1.0000   1.0000   1.0000 101.0000
   7.500   0.2098   0.20678   0.04692  -0.0089   1.0000   1.0000   1.0000 101.0000
   8.000   0.2295   0.20862   0.04893  -0.0080   1.0000   1.0000   1.0000 101.0000
   8.500   0.2486   0.21058   0.05120  -0.0072   1.0000   1.0000   1.0000 101.0000
   9.000   0.2671   0.21265   0.05362  -0.0064   1.0000   1.0000   1.0000 101.0000
   9.500   0.2849   0.21482   0.05625  -0.0058   1.0000   1.0000   1.0000 101.0000
  10.000   0.3022   0.21709   0.05910  -0.0053   1.0000   1.0000   1.0000 101.0000
  10.500   0.3188   0.21945   0.06216  -0.0049   1.0000   1.0000   1.0000 101.0000
  11.000   0.3348   0.22191   0.06544  -0.0045   1.0000   1.0000   1.0000 101.0000
  11.500   0.3502   0.22445   0.06895  -0.0044   1.0000   1.0000   1.0000 101.0000
  12.000   0.3649   0.22708   0.07269  -0.0043   1.0000   1.0000   1.0000 101.0000
  12.500   0.3789   0.22978   0.07679  -0.0043   1.0000   1.0000   1.0000 101.0000
  13.000   0.3923   0.23256   0.08093  -0.0045   1.0000   1.0000   1.0000 101.0000
  13.500   0.4052   0.23539   0.08528  -0.0048   1.0000   1.0000   1.0000 101.0000
  14.000   0.4174   0.23829   0.08985  -0.0052   1.0000   1.0000   1.0000 101.0000
  14.500   0.4292   0.24126   0.09465  -0.0058   1.0000   1.0000   1.0000 101.0000
  15.000   0.4405   0.24431   0.09969  -0.0065   1.0000   1.0000   1.0000 101.0000
